{"LogSource":"Microsoft-Windows-Sysmon/Operational","EventId":22,"TimeCreated":"2024-10-10T23:54:42.3090694-07:00","RecordId":172472,"MachineName":"Win10","EventData":{"RuleName":"-","UtcTime":"2024-10-11 06:54:39.689","ProcessGuid":"{53968da7-cbaf-6708-3403-00000000fb00}","ProcessId":"2924","QueryName":"detectportal.firefox.com","QueryStatus":"0","QueryResults":"type:  5 detectportal.prod.mozaws.net;type:  5 prod.detectportal.prod.cloudops.mozgcp.net;2600:1901:0:38d7::;::ffff:34.107.221.82;","Image":"C:\\Program Files\\Mozilla Firefox\\firefox.exe","User":"WIN10\\richard"}}
{"LogSource":"Microsoft-Windows-Sysmon/Operational","EventId":22,"TimeCreated":"2024-10-10T23:54:42.3107556-07:00","RecordId":172473,"MachineName":"Win10","EventData":{"RuleName":"-","UtcTime":"2024-10-11 06:54:39.689","ProcessGuid":"{53968da7-cbaf-6708-3403-00000000fb00}","ProcessId":"2924","QueryName":"detectportal.firefox.com","QueryStatus":"0","QueryResults":"type:  5 detectportal.prod.mozaws.net;type:  5 prod.detectportal.prod.cloudops.mozgcp.net;2600:1901:0:38d7::;::ffff:34.107.221.82;","Image":"C:\\Program Files\\Mozilla Firefox\\firefox.exe","User":"WIN10\\richard"}}
{"LogSource":"Microsoft-Windows-Sysmon/Operational","EventId":22,"TimeCreated":"2024-10-10T23:54:42.3123348-07:00","RecordId":172474,"MachineName":"Win10","EventData":{"RuleName":"-","UtcTime":"2024-10-11 06:54:39.689","ProcessGuid":"{53968da7-cbaf-6708-3403-00000000fb00}","ProcessId":"2924","QueryName":"prod.detectportal.prod.cloudops.mozgcp.net","QueryStatus":"0","QueryResults":"34.107.221.82;","Image":"C:\\Program Files\\Mozilla Firefox\\firefox.exe","User":"WIN10\\richard"}}
{"LogSource":"Microsoft-Windows-Sysmon/Operational","EventId":22,"TimeCreated":"2024-10-10T23:54:42.3137423-07:00","RecordId":172475,"MachineName":"Win10","EventData":{"RuleName":"-","UtcTime":"2024-10-11 06:54:39.689","ProcessGuid":"{53968da7-cbaf-6708-3403-00000000fb00}","ProcessId":"2924","QueryName":"prod.detectportal.prod.cloudops.mozgcp.net","QueryStatus":"0","QueryResults":"2600:1901:0:38d7::;","Image":"C:\\Program Files\\Mozilla Firefox\\firefox.exe","User":"WIN10\\richard"}}
{"LogSource":"Microsoft-Windows-Sysmon/Operational","EventId":22,"TimeCreated":"2024-10-10T23:54:42.3151487-07:00","RecordId":172476,"MachineName":"Win10","EventData":{"RuleName":"-","UtcTime":"2024-10-11 06:54:39.690","ProcessGuid":"{53968da7-cbaf-6708-3403-00000000fb00}","ProcessId":"2924","QueryName":"prod.detectportal.prod.cloudops.mozgcp.net","QueryStatus":"0","QueryResults":"2600:1901:0:38d7::;","Image":"C:\\Program Files\\Mozilla Firefox\\firefox.exe","User":"WIN10\\richard"}}
{"LogSource":"Microsoft-Windows-Sysmon/Operational","EventId":1,"TimeCreated":"2024-10-10T23:54:49.8120413-07:00","RecordId":172477,"MachineName":"Win10","EventData":{"RuleName":"-","UtcTime":"2024-10-11 06:54:49.809","ProcessGuid":"{53968da7-cbb9-6708-3e03-00000000fb00}","ProcessId":"364","Image":"C:\\Program Files\\Mozilla Firefox\\firefox.exe","FileVersion":"131.0.2","Description":"Firefox","Product":"Firefox","Company":"Mozilla Corporation","OriginalFileName":"firefox.exe","CommandLine":"\"C:\\Program Files\\Mozilla Firefox\\firefox.exe\" https://www.wikipedia.org ","CurrentDirectory":"C:\\Windows\\system32\\","User":"WIN10\\richard","LogonGuid":"{53968da7-b202-6708-7195-020000000000}","LogonId":"0x29571","TerminalSessionId":"1","IntegrityLevel":"High","Hashes":"MD5=571814A7939D001662BBA7760BD0B187,SHA256=9725AFC685C8EE135701E140A83B94FE7D958360A1F546215F7EAFDFF5E53A83,IMPHASH=BB4CE52E8306F88C0B1DA570553704E4","ParentProcessGuid":"{53968da7-be30-6708-5201-00000000fb00}","ParentProcessId":"6876","ParentImage":"C:\\Windows\\System32\\WindowsPowerShell\\v1.0\\powershell_ise.exe","ParentCommandLine":"\"C:\\Windows\\system32\\WindowsPowerShell\\v1.0\\PowerShell_ISE.exe\" ","ParentUser":"WIN10\\richard"}}
{"LogSource":"Microsoft-Windows-Sysmon/Operational","EventId":1,"TimeCreated":"2024-10-10T23:54:49.8427170-07:00","RecordId":172478,"MachineName":"Win10","EventData":{"RuleName":"-","UtcTime":"2024-10-11 06:54:49.840","ProcessGuid":"{53968da7-cbb9-6708-3f03-00000000fb00}","ProcessId":"6664","Image":"C:\\Program Files\\Mozilla Firefox\\firefox.exe","FileVersion":"131.0.2","Description":"Firefox","Product":"Firefox","Company":"Mozilla Corporation","OriginalFileName":"firefox.exe","CommandLine":"\"C:\\Program Files\\Mozilla Firefox\\firefox.exe\" https://www.wikipedia.org --attempting-deelevation","CurrentDirectory":"C:\\Windows\\system32\\","User":"WIN10\\richard","LogonGuid":"{53968da7-b202-6708-c295-020000000000}","LogonId":"0x295c2","TerminalSessionId":"1","IntegrityLevel":"Medium","Hashes":"MD5=571814A7939D001662BBA7760BD0B187,SHA256=9725AFC685C8EE135701E140A83B94FE7D958360A1F546215F7EAFDFF5E53A83,IMPHASH=BB4CE52E8306F88C0B1DA570553704E4","ParentProcessGuid":"{53968da7-b203-6708-4f00-00000000fb00}","ParentProcessId":"4396","ParentImage":"C:\\Windows\\explorer.exe","ParentCommandLine":"C:\\Windows\\Explorer.EXE","ParentUser":"WIN10\\richard"}}
{"LogSource":"Microsoft-Windows-Sysmon/Operational","EventId":1,"TimeCreated":"2024-10-10T23:54:49.8529855-07:00","RecordId":172479,"MachineName":"Win10","EventData":{"RuleName":"-","UtcTime":"2024-10-11 06:54:49.850","ProcessGuid":"{53968da7-cbb9-6708-4003-00000000fb00}","ProcessId":"6320","Image":"C:\\Program Files\\Mozilla Firefox\\firefox.exe","FileVersion":"131.0.2","Description":"Firefox","Product":"Firefox","Company":"Mozilla Corporation","OriginalFileName":"firefox.exe","CommandLine":"\"C:\\Program Files\\Mozilla Firefox\\firefox.exe\" https://www.wikipedia.org","CurrentDirectory":"C:\\Windows\\system32\\","User":"WIN10\\richard","LogonGuid":"{53968da7-b202-6708-c295-020000000000}","LogonId":"0x295c2","TerminalSessionId":"1","IntegrityLevel":"Medium","Hashes":"MD5=571814A7939D001662BBA7760BD0B187,SHA256=9725AFC685C8EE135701E140A83B94FE7D958360A1F546215F7EAFDFF5E53A83,IMPHASH=BB4CE52E8306F88C0B1DA570553704E4","ParentProcessGuid":"{53968da7-cbb9-6708-3f03-00000000fb00}","ParentProcessId":"6664","ParentImage":"C:\\Program Files\\Mozilla Firefox\\firefox.exe","ParentCommandLine":"\"C:\\Program Files\\Mozilla Firefox\\firefox.exe\" https://www.wikipedia.org --attempting-deelevation","ParentUser":"WIN10\\richard"}}
{"LogSource":"Microsoft-Windows-Sysmon/Operational","EventId":1,"TimeCreated":"2024-10-10T23:54:50.0801362-07:00","RecordId":172480,"MachineName":"Win10","EventData":{"RuleName":"-","UtcTime":"2024-10-11 06:54:50.077","ProcessGuid":"{53968da7-cbba-6708-4103-00000000fb00}","ProcessId":"2612","Image":"C:\\Program Files\\Mozilla Firefox\\firefox.exe","FileVersion":"131.0.2","Description":"Firefox","Product":"Firefox","Company":"Mozilla Corporation","OriginalFileName":"firefox.exe","CommandLine":"\"C:\\Program Files\\Mozilla Firefox\\firefox.exe\" -contentproc --channel=1920 -parentBuildID 20241008210941 -prefsHandle 1848 -prefMapHandle 1816 -prefsLen 30861 -prefMapSize 263055 -appDir \"C:\\Program Files\\Mozilla Firefox\\browser\" - {e1a210cb-6704-40fa-ad5d-94d3be452610} 6320 \"\\\\.\\pipe\\gecko-crash-server-pipe.6320\" 1 gpu","CurrentDirectory":"C:\\Windows\\system32\\","User":"WIN10\\richard","LogonGuid":"{53968da7-b202-6708-c295-020000000000}","LogonId":"0x295c2","TerminalSessionId":"1","IntegrityLevel":"Low","Hashes":"MD5=571814A7939D001662BBA7760BD0B187,SHA256=9725AFC685C8EE135701E140A83B94FE7D958360A1F546215F7EAFDFF5E53A83,IMPHASH=BB4CE52E8306F88C0B1DA570553704E4","ParentProcessGuid":"{53968da7-cbb9-6708-4003-00000000fb00}","ParentProcessId":"6320","ParentImage":"C:\\Program Files\\Mozilla Firefox\\firefox.exe","ParentCommandLine":"\"C:\\Program Files\\Mozilla Firefox\\firefox.exe\" https://www.wikipedia.org","ParentUser":"WIN10\\richard"}}
{"LogSource":"Microsoft-Windows-Sysmon/Operational","EventId":1,"TimeCreated":"2024-10-10T23:54:50.1650167-07:00","RecordId":172481,"MachineName":"Win10","EventData":{"RuleName":"-","UtcTime":"2024-10-11 06:54:50.162","ProcessGuid":"{53968da7-cbba-6708-4203-00000000fb00}","ProcessId":"7268","Image":"C:\\Program Files\\Mozilla Firefox\\firefox.exe","FileVersion":"131.0.2","Description":"Firefox","Product":"Firefox","Company":"Mozilla Corporation","OriginalFileName":"firefox.exe","CommandLine":"\"C:\\Program Files\\Mozilla Firefox\\firefox.exe\" -contentproc --channel=2232 -parentBuildID 20241008210941 -prefsHandle 2372 -prefMapHandle 2368 -prefsLen 30897 -prefMapSize 263055 -win32kLockedDown -appDir \"C:\\Program Files\\Mozilla Firefox\\browser\" - {11b03d07-6754-4afb-aa6f-b0fd030f081d} 6320 \"\\\\.\\pipe\\gecko-crash-server-pipe.6320\" 2 socket","CurrentDirectory":"C:\\Windows\\system32\\","User":"WIN10\\richard","LogonGuid":"{53968da7-b202-6708-c295-020000000000}","LogonId":"0x295c2","TerminalSessionId":"1","IntegrityLevel":"Low","Hashes":"MD5=571814A7939D001662BBA7760BD0B187,SHA256=9725AFC685C8EE135701E140A83B94FE7D958360A1F546215F7EAFDFF5E53A83,IMPHASH=BB4CE52E8306F88C0B1DA570553704E4","ParentProcessGuid":"{53968da7-cbb9-6708-4003-00000000fb00}","ParentProcessId":"6320","ParentImage":"C:\\Program Files\\Mozilla Firefox\\firefox.exe","ParentCommandLine":"\"C:\\Program Files\\Mozilla Firefox\\firefox.exe\" https://www.wikipedia.org","ParentUser":"WIN10\\richard"}}
{"LogSource":"Microsoft-Windows-Sysmon/Operational","EventId":1,"TimeCreated":"2024-10-10T23:54:50.4618708-07:00","RecordId":172482,"MachineName":"Win10","EventData":{"RuleName":"-","UtcTime":"2024-10-11 06:54:50.459","ProcessGuid":"{53968da7-cbba-6708-4303-00000000fb00}","ProcessId":"6968","Image":"C:\\Program Files\\Mozilla Firefox\\firefox.exe","FileVersion":"131.0.2","Description":"Firefox","Product":"Firefox","Company":"Mozilla Corporation","OriginalFileName":"firefox.exe","CommandLine":"\"C:\\Program Files\\Mozilla Firefox\\firefox.exe\" -contentproc --channel=3292 -isForBrowser -prefsHandle 3284 -prefMapHandle 3200 -prefsLen 27591 -prefMapSize 263055 -jsInitHandle 1444 -jsInitLen 234840 -parentBuildID 20241008210941 -win32kLockedDown -appDir \"C:\\Program Files\\Mozilla Firefox\\browser\" - {a0e6c068-8842-4bf0-b7b3-f236b5429a44} 6320 \"\\\\.\\pipe\\gecko-crash-server-pipe.6320\" 3 tab","CurrentDirectory":"C:\\Windows\\system32\\","User":"WIN10\\richard","LogonGuid":"{53968da7-b202-6708-c295-020000000000}","LogonId":"0x295c2","TerminalSessionId":"1","IntegrityLevel":"Low","Hashes":"MD5=571814A7939D001662BBA7760BD0B187,SHA256=9725AFC685C8EE135701E140A83B94FE7D958360A1F546215F7EAFDFF5E53A83,IMPHASH=BB4CE52E8306F88C0B1DA570553704E4","ParentProcessGuid":"{53968da7-cbb9-6708-4003-00000000fb00}","ParentProcessId":"6320","ParentImage":"C:\\Program Files\\Mozilla Firefox\\firefox.exe","ParentCommandLine":"\"C:\\Program Files\\Mozilla Firefox\\firefox.exe\" https://www.wikipedia.org","ParentUser":"WIN10\\richard"}}
{"LogSource":"Microsoft-Windows-Sysmon/Operational","EventId":1,"TimeCreated":"2024-10-10T23:54:50.8626305-07:00","RecordId":172483,"MachineName":"Win10","EventData":{"RuleName":"-","UtcTime":"2024-10-11 06:54:50.860","ProcessGuid":"{53968da7-cbba-6708-4403-00000000fb00}","ProcessId":"8352","Image":"C:\\Program Files\\Mozilla Firefox\\firefox.exe","FileVersion":"131.0.2","Description":"Firefox","Product":"Firefox","Company":"Mozilla Corporation","OriginalFileName":"firefox.exe","CommandLine":"\"C:\\Program Files\\Mozilla Firefox\\firefox.exe\" -contentproc --channel=3096 -isForBrowser -prefsHandle 4248 -prefMapHandle 2856 -prefsLen 37035 -prefMapSize 263055 -jsInitHandle 1444 -jsInitLen 234840 -parentBuildID 20241008210941 -win32kLockedDown -appDir \"C:\\Program Files\\Mozilla Firefox\\browser\" - {4a9ae2c6-5654-419a-970c-fcd92516280c} 6320 \"\\\\.\\pipe\\gecko-crash-server-pipe.6320\" 4 tab","CurrentDirectory":"C:\\Windows\\system32\\","User":"WIN10\\richard","LogonGuid":"{53968da7-b202-6708-c295-020000000000}","LogonId":"0x295c2","TerminalSessionId":"1","IntegrityLevel":"Low","Hashes":"MD5=571814A7939D001662BBA7760BD0B187,SHA256=9725AFC685C8EE135701E140A83B94FE7D958360A1F546215F7EAFDFF5E53A83,IMPHASH=BB4CE52E8306F88C0B1DA570553704E4","ParentProcessGuid":"{53968da7-cbb9-6708-4003-00000000fb00}","ParentProcessId":"6320","ParentImage":"C:\\Program Files\\Mozilla Firefox\\firefox.exe","ParentCommandLine":"\"C:\\Program Files\\Mozilla Firefox\\firefox.exe\" https://www.wikipedia.org","ParentUser":"WIN10\\richard"}}
{"LogSource":"Microsoft-Windows-Sysmon/Operational","EventId":1,"TimeCreated":"2024-10-10T23:54:51.3245529-07:00","RecordId":172484,"MachineName":"Win10","EventData":{"RuleName":"-","UtcTime":"2024-10-11 06:54:51.319","ProcessGuid":"{53968da7-cbbb-6708-4503-00000000fb00}","ProcessId":"8636","Image":"C:\\Program Files\\Mozilla Firefox\\firefox.exe","FileVersion":"131.0.2","Description":"Firefox","Product":"Firefox","Company":"Mozilla Corporation","OriginalFileName":"firefox.exe","CommandLine":"\"C:\\Program Files\\Mozilla Firefox\\firefox.exe\" -contentproc --channel=5228 -parentBuildID 20241008210941 -sandboxingKind 0 -prefsHandle 5212 -prefMapHandle 5140 -prefsLen 37084 -prefMapSize 263055 -win32kLockedDown -appDir \"C:\\Program Files\\Mozilla Firefox\\browser\" - {9849f538-eb4b-4eda-9370-f9adb28390e4} 6320 \"\\\\.\\pipe\\gecko-crash-server-pipe.6320\" 5 utility","CurrentDirectory":"C:\\Windows\\system32\\","User":"WIN10\\richard","LogonGuid":"{53968da7-b202-6708-c295-020000000000}","LogonId":"0x295c2","TerminalSessionId":"1","IntegrityLevel":"Low","Hashes":"MD5=571814A7939D001662BBA7760BD0B187,SHA256=9725AFC685C8EE135701E140A83B94FE7D958360A1F546215F7EAFDFF5E53A83,IMPHASH=BB4CE52E8306F88C0B1DA570553704E4","ParentProcessGuid":"{53968da7-cbb9-6708-4003-00000000fb00}","ParentProcessId":"6320","ParentImage":"C:\\Program Files\\Mozilla Firefox\\firefox.exe","ParentCommandLine":"\"C:\\Program Files\\Mozilla Firefox\\firefox.exe\" https://www.wikipedia.org","ParentUser":"WIN10\\richard"}}
{"LogSource":"Microsoft-Windows-Sysmon/Operational","EventId":1,"TimeCreated":"2024-10-10T23:54:51.3819477-07:00","RecordId":172485,"MachineName":"Win10","EventData":{"RuleName":"-","UtcTime":"2024-10-11 06:54:51.379","ProcessGuid":"{53968da7-cbbb-6708-4603-00000000fb00}","ProcessId":"1216","Image":"C:\\Program Files\\Mozilla Firefox\\firefox.exe","FileVersion":"131.0.2","Description":"Firefox","Product":"Firefox","Company":"Mozilla Corporation","OriginalFileName":"firefox.exe","CommandLine":"\"C:\\Program Files\\Mozilla Firefox\\firefox.exe\" -contentproc --channel=5484 -isForBrowser -prefsHandle 5424 -prefMapHandle 5212 -prefsLen 37084 -prefMapSize 263055 -jsInitHandle 1444 -jsInitLen 234840 -parentBuildID 20241008210941 -win32kLockedDown -appDir \"C:\\Program Files\\Mozilla Firefox\\browser\" - {e93065c7-c2ac-4333-a934-51e5a1b88812} 6320 \"\\\\.\\pipe\\gecko-crash-server-pipe.6320\" 6 tab","CurrentDirectory":"C:\\Windows\\system32\\","User":"WIN10\\richard","LogonGuid":"{53968da7-b202-6708-c295-020000000000}","LogonId":"0x295c2","TerminalSessionId":"1","IntegrityLevel":"Low","Hashes":"MD5=571814A7939D001662BBA7760BD0B187,SHA256=9725AFC685C8EE135701E140A83B94FE7D958360A1F546215F7EAFDFF5E53A83,IMPHASH=BB4CE52E8306F88C0B1DA570553704E4","ParentProcessGuid":"{53968da7-cbb9-6708-4003-00000000fb00}","ParentProcessId":"6320","ParentImage":"C:\\Program Files\\Mozilla Firefox\\firefox.exe","ParentCommandLine":"\"C:\\Program Files\\Mozilla Firefox\\firefox.exe\" https://www.wikipedia.org","ParentUser":"WIN10\\richard"}}
{"LogSource":"Microsoft-Windows-Sysmon/Operational","EventId":1,"TimeCreated":"2024-10-10T23:54:51.4754828-07:00","RecordId":172486,"MachineName":"Win10","EventData":{"RuleName":"-","UtcTime":"2024-10-11 06:54:51.473","ProcessGuid":"{53968da7-cbbb-6708-4703-00000000fb00}","ProcessId":"2396","Image":"C:\\Program Files\\Mozilla Firefox\\firefox.exe","FileVersion":"131.0.2","Description":"Firefox","Product":"Firefox","Company":"Mozilla Corporation","OriginalFileName":"firefox.exe","CommandLine":"\"C:\\Program Files\\Mozilla Firefox\\firefox.exe\" -contentproc --channel=5892 -isForBrowser -prefsHandle 5872 -prefMapHandle 5880 -prefsLen 33637 -prefMapSize 263055 -jsInitHandle 1444 -jsInitLen 234840 -parentBuildID 20241008210941 -win32kLockedDown -appDir \"C:\\Program Files\\Mozilla Firefox\\browser\" - {35e4ad0b-21c1-44a2-8e92-ad923455d1d6} 6320 \"\\\\.\\pipe\\gecko-crash-server-pipe.6320\" 7 tab","CurrentDirectory":"C:\\Windows\\system32\\","User":"WIN10\\richard","LogonGuid":"{53968da7-b202-6708-c295-020000000000}","LogonId":"0x295c2","TerminalSessionId":"1","IntegrityLevel":"Low","Hashes":"MD5=571814A7939D001662BBA7760BD0B187,SHA256=9725AFC685C8EE135701E140A83B94FE7D958360A1F546215F7EAFDFF5E53A83,IMPHASH=BB4CE52E8306F88C0B1DA570553704E4","ParentProcessGuid":"{53968da7-cbb9-6708-4003-00000000fb00}","ParentProcessId":"6320","ParentImage":"C:\\Program Files\\Mozilla Firefox\\firefox.exe","ParentCommandLine":"\"C:\\Program Files\\Mozilla Firefox\\firefox.exe\" https://www.wikipedia.org","ParentUser":"WIN10\\richard"}}
{"LogSource":"Microsoft-Windows-Sysmon/Operational","EventId":1,"TimeCreated":"2024-10-10T23:54:51.4852707-07:00","RecordId":172487,"MachineName":"Win10","EventData":{"RuleName":"-","UtcTime":"2024-10-11 06:54:51.483","ProcessGuid":"{53968da7-cbbb-6708-4803-00000000fb00}","ProcessId":"7524","Image":"C:\\Program Files\\Mozilla Firefox\\firefox.exe","FileVersion":"131.0.2","Description":"Firefox","Product":"Firefox","Company":"Mozilla Corporation","OriginalFileName":"firefox.exe","CommandLine":"\"C:\\Program Files\\Mozilla Firefox\\firefox.exe\" -contentproc --channel=6028 -isForBrowser -prefsHandle 5704 -prefMapHandle 5940 -prefsLen 33637 -prefMapSize 263055 -jsInitHandle 1444 -jsInitLen 234840 -parentBuildID 20241008210941 -win32kLockedDown -appDir \"C:\\Program Files\\Mozilla Firefox\\browser\" - {9fa00705-058c-41b4-8c68-50f09166dd47} 6320 \"\\\\.\\pipe\\gecko-crash-server-pipe.6320\" 8 tab","CurrentDirectory":"C:\\Windows\\system32\\","User":"WIN10\\richard","LogonGuid":"{53968da7-b202-6708-c295-020000000000}","LogonId":"0x295c2","TerminalSessionId":"1","IntegrityLevel":"Low","Hashes":"MD5=571814A7939D001662BBA7760BD0B187,SHA256=9725AFC685C8EE135701E140A83B94FE7D958360A1F546215F7EAFDFF5E53A83,IMPHASH=BB4CE52E8306F88C0B1DA570553704E4","ParentProcessGuid":"{53968da7-cbb9-6708-4003-00000000fb00}","ParentProcessId":"6320","ParentImage":"C:\\Program Files\\Mozilla Firefox\\firefox.exe","ParentCommandLine":"\"C:\\Program Files\\Mozilla Firefox\\firefox.exe\" https://www.wikipedia.org","ParentUser":"WIN10\\richard"}}
{"LogSource":"Microsoft-Windows-Sysmon/Operational","EventId":1,"TimeCreated":"2024-10-10T23:54:51.4926847-07:00","RecordId":172488,"MachineName":"Win10","EventData":{"RuleName":"-","UtcTime":"2024-10-11 06:54:51.490","ProcessGuid":"{53968da7-cbbb-6708-4903-00000000fb00}","ProcessId":"7088","Image":"C:\\Program Files\\Mozilla Firefox\\firefox.exe","FileVersion":"131.0.2","Description":"Firefox","Product":"Firefox","Company":"Mozilla Corporation","OriginalFileName":"firefox.exe","CommandLine":"\"C:\\Program Files\\Mozilla Firefox\\firefox.exe\" -contentproc --channel=5828 -isForBrowser -prefsHandle 5856 -prefMapHandle 5732 -prefsLen 33637 -prefMapSize 263055 -jsInitHandle 1444 -jsInitLen 234840 -parentBuildID 20241008210941 -win32kLockedDown -appDir \"C:\\Program Files\\Mozilla Firefox\\browser\" - {0caa720d-c000-4c38-8cc9-9499c4f8b8a2} 6320 \"\\\\.\\pipe\\gecko-crash-server-pipe.6320\" 9 tab","CurrentDirectory":"C:\\Windows\\system32\\","User":"WIN10\\richard","LogonGuid":"{53968da7-b202-6708-c295-020000000000}","LogonId":"0x295c2","TerminalSessionId":"1","IntegrityLevel":"Low","Hashes":"MD5=571814A7939D001662BBA7760BD0B187,SHA256=9725AFC685C8EE135701E140A83B94FE7D958360A1F546215F7EAFDFF5E53A83,IMPHASH=BB4CE52E8306F88C0B1DA570553704E4","ParentProcessGuid":"{53968da7-cbb9-6708-4003-00000000fb00}","ParentProcessId":"6320","ParentImage":"C:\\Program Files\\Mozilla Firefox\\firefox.exe","ParentCommandLine":"\"C:\\Program Files\\Mozilla Firefox\\firefox.exe\" https://www.wikipedia.org","ParentUser":"WIN10\\richard"}}
{"LogSource":"Microsoft-Windows-Sysmon/Operational","EventId":22,"TimeCreated":"2024-10-10T23:54:51.7193722-07:00","RecordId":172489,"MachineName":"Win10","EventData":{"RuleName":"-","UtcTime":"2024-10-11 06:54:49.473","ProcessGuid":"{53968da7-cbb9-6708-4003-00000000fb00}","ProcessId":"6320","QueryName":"detectportal.firefox.com","QueryStatus":"0","QueryResults":"type:  5 detectportal.prod.mozaws.net;type:  5 prod.detectportal.prod.cloudops.mozgcp.net;2600:1901:0:38d7::;::ffff:34.107.221.82;","Image":"C:\\Program Files\\Mozilla Firefox\\firefox.exe","User":"WIN10\\richard"}}
{"LogSource":"Microsoft-Windows-Sysmon/Operational","EventId":22,"TimeCreated":"2024-10-10T23:54:51.7224012-07:00","RecordId":172491,"MachineName":"Win10","EventData":{"RuleName":"-","UtcTime":"2024-10-11 06:54:49.475","ProcessGuid":"{53968da7-cbb9-6708-4003-00000000fb00}","ProcessId":"6320","QueryName":"prod.detectportal.prod.cloudops.mozgcp.net","QueryStatus":"0","QueryResults":"34.107.221.82;","Image":"C:\\Program Files\\Mozilla Firefox\\firefox.exe","User":"WIN10\\richard"}}
{"LogSource":"Microsoft-Windows-Sysmon/Operational","EventId":22,"TimeCreated":"2024-10-10T23:54:51.7210828-07:00","RecordId":172490,"MachineName":"Win10","EventData":{"RuleName":"-","UtcTime":"2024-10-11 06:54:49.475","ProcessGuid":"{53968da7-cbb9-6708-4003-00000000fb00}","ProcessId":"6320","QueryName":"detectportal.firefox.com","QueryStatus":"0","QueryResults":"type:  5 detectportal.prod.mozaws.net;type:  5 prod.detectportal.prod.cloudops.mozgcp.net;2600:1901:0:38d7::;::ffff:34.107.221.82;","Image":"C:\\Program Files\\Mozilla Firefox\\firefox.exe","User":"WIN10\\richard"}}
{"LogSource":"Microsoft-Windows-Sysmon/Operational","EventId":22,"TimeCreated":"2024-10-10T23:54:51.7235399-07:00","RecordId":172492,"MachineName":"Win10","EventData":{"RuleName":"-","UtcTime":"2024-10-11 06:54:49.475","ProcessGuid":"{53968da7-cbb9-6708-4003-00000000fb00}","ProcessId":"6320","QueryName":"prod.detectportal.prod.cloudops.mozgcp.net","QueryStatus":"0","QueryResults":"2600:1901:0:38d7::;","Image":"C:\\Program Files\\Mozilla Firefox\\firefox.exe","User":"WIN10\\richard"}}
{"LogSource":"Microsoft-Windows-Sysmon/Operational","EventId":22,"TimeCreated":"2024-10-10T23:54:51.7258975-07:00","RecordId":172494,"MachineName":"Win10","EventData":{"RuleName":"-","UtcTime":"2024-10-11 06:54:49.517","ProcessGuid":"{53968da7-cbb9-6708-4003-00000000fb00}","ProcessId":"6320","QueryName":"private.canadianshield.cira.ca","QueryStatus":"0","QueryResults":"2620:10a:80bb::10;2620:10a:80bc::10;::ffff:149.112.122.10;::ffff:149.112.121.10;","Image":"C:\\Program Files\\Mozilla Firefox\\firefox.exe","User":"WIN10\\richard"}}
{"LogSource":"Microsoft-Windows-Sysmon/Operational","EventId":22,"TimeCreated":"2024-10-10T23:54:51.7271204-07:00","RecordId":172495,"MachineName":"Win10","EventData":{"RuleName":"-","UtcTime":"2024-10-11 06:54:49.517","ProcessGuid":"{53968da7-cbb9-6708-4003-00000000fb00}","ProcessId":"6320","QueryName":"private.canadianshield.cira.ca","QueryStatus":"0","QueryResults":"149.112.121.10;149.112.122.10;","Image":"C:\\Program Files\\Mozilla Firefox\\firefox.exe","User":"WIN10\\richard"}}
{"LogSource":"Microsoft-Windows-Sysmon/Operational","EventId":22,"TimeCreated":"2024-10-10T23:54:51.7283193-07:00","RecordId":172496,"MachineName":"Win10","EventData":{"RuleName":"-","UtcTime":"2024-10-11 06:54:49.517","ProcessGuid":"{53968da7-cbb9-6708-4003-00000000fb00}","ProcessId":"6320","QueryName":"private.canadianshield.cira.ca","QueryStatus":"0","QueryResults":"2620:10a:80bc::10;2620:10a:80bb::10;","Image":"C:\\Program Files\\Mozilla Firefox\\firefox.exe","User":"WIN10\\richard"}}
{"LogSource":"Microsoft-Windows-Sysmon/Operational","EventId":22,"TimeCreated":"2024-10-10T23:54:51.7295176-07:00","RecordId":172497,"MachineName":"Win10","EventData":{"RuleName":"-","UtcTime":"2024-10-11 06:54:49.525","ProcessGuid":"{53968da7-cbb9-6708-4003-00000000fb00}","ProcessId":"6320","QueryName":"example.org","QueryStatus":"0","QueryResults":"93.184.215.14;","Image":"C:\\Program Files\\Mozilla Firefox\\firefox.exe","User":"WIN10\\richard"}}
{"LogSource":"Microsoft-Windows-Sysmon/Operational","EventId":22,"TimeCreated":"2024-10-10T23:54:51.7306698-07:00","RecordId":172498,"MachineName":"Win10","EventData":{"RuleName":"-","UtcTime":"2024-10-11 06:54:49.525","ProcessGuid":"{53968da7-cbb9-6708-4003-00000000fb00}","ProcessId":"6320","QueryName":"example.org","QueryStatus":"0","QueryResults":"2606:2800:21f:cb07:6820:80da:af6b:8b2c;::ffff:93.184.215.14;","Image":"C:\\Program Files\\Mozilla Firefox\\firefox.exe","User":"WIN10\\richard"}}
{"LogSource":"Microsoft-Windows-Sysmon/Operational","EventId":22,"TimeCreated":"2024-10-10T23:54:51.7247102-07:00","RecordId":172493,"MachineName":"Win10","EventData":{"RuleName":"-","UtcTime":"2024-10-11 06:54:49.516","ProcessGuid":"{53968da7-cbb9-6708-4003-00000000fb00}","ProcessId":"6320","QueryName":"private.canadianshield.cira.ca","QueryStatus":"0","QueryResults":"2620:10a:80bb::10;2620:10a:80bc::10;::ffff:149.112.122.10;::ffff:149.112.121.10;","Image":"C:\\Program Files\\Mozilla Firefox\\firefox.exe","User":"WIN10\\richard"}}
{"LogSource":"Microsoft-Windows-Sysmon/Operational","EventId":22,"TimeCreated":"2024-10-10T23:54:51.7330057-07:00","RecordId":172500,"MachineName":"Win10","EventData":{"RuleName":"-","UtcTime":"2024-10-11 06:54:49.525","ProcessGuid":"{53968da7-cbb9-6708-4003-00000000fb00}","ProcessId":"6320","QueryName":"example.org","QueryStatus":"0","QueryResults":"93.184.215.14;","Image":"C:\\Program Files\\Mozilla Firefox\\firefox.exe","User":"WIN10\\richard"}}
{"LogSource":"Microsoft-Windows-Sysmon/Operational","EventId":22,"TimeCreated":"2024-10-10T23:54:51.7354786-07:00","RecordId":172502,"MachineName":"Win10","EventData":{"RuleName":"-","UtcTime":"2024-10-11 06:54:49.526","ProcessGuid":"{53968da7-cbb9-6708-4003-00000000fb00}","ProcessId":"6320","QueryName":"example.org","QueryStatus":"0","QueryResults":"2606:2800:21f:cb07:6820:80da:af6b:8b2c;","Image":"C:\\Program Files\\Mozilla Firefox\\firefox.exe","User":"WIN10\\richard"}}
{"LogSource":"Microsoft-Windows-Sysmon/Operational","EventId":22,"TimeCreated":"2024-10-10T23:54:51.7343031-07:00","RecordId":172501,"MachineName":"Win10","EventData":{"RuleName":"-","UtcTime":"2024-10-11 06:54:49.525","ProcessGuid":"{53968da7-cbb9-6708-4003-00000000fb00}","ProcessId":"6320","QueryName":"example.org","QueryStatus":"0","QueryResults":"2606:2800:21f:cb07:6820:80da:af6b:8b2c;::ffff:93.184.215.14;","Image":"C:\\Program Files\\Mozilla Firefox\\firefox.exe","User":"WIN10\\richard"}}
{"LogSource":"Microsoft-Windows-Sysmon/Operational","EventId":22,"TimeCreated":"2024-10-10T23:54:51.7378596-07:00","RecordId":172504,"MachineName":"Win10","EventData":{"RuleName":"-","UtcTime":"2024-10-11 06:54:49.662","ProcessGuid":"{53968da7-cbb9-6708-4003-00000000fb00}","ProcessId":"6320","QueryName":"forcesafesearch.google.com.","QueryStatus":"0","QueryResults":"216.239.38.120;","Image":"C:\\Program Files\\Mozilla Firefox\\firefox.exe","User":"WIN10\\richard"}}
{"LogSource":"Microsoft-Windows-Sysmon/Operational","EventId":22,"TimeCreated":"2024-10-10T23:54:51.7390400-07:00","RecordId":172505,"MachineName":"Win10","EventData":{"RuleName":"-","UtcTime":"2024-10-11 06:54:49.663","ProcessGuid":"{53968da7-cbb9-6708-4003-00000000fb00}","ProcessId":"6320","QueryName":"m.youtube.com.","QueryStatus":"0","QueryResults":"142.250.217.78;","Image":"C:\\Program Files\\Mozilla Firefox\\firefox.exe","User":"WIN10\\richard"}}
{"LogSource":"Microsoft-Windows-Sysmon/Operational","EventId":22,"TimeCreated":"2024-10-10T23:54:51.7401933-07:00","RecordId":172506,"MachineName":"Win10","EventData":{"RuleName":"-","UtcTime":"2024-10-11 06:54:49.663","ProcessGuid":"{53968da7-cbb9-6708-4003-00000000fb00}","ProcessId":"6320","QueryName":"youtube.googleapis.com.","QueryStatus":"0","QueryResults":"142.251.215.234;172.217.14.202;172.217.14.234;142.250.69.202;142.251.33.106;142.251.211.234;142.251.33.74;142.250.217.74;142.250.217.106;","Image":"C:\\Program Files\\Mozilla Firefox\\firefox.exe","User":"WIN10\\richard"}}
{"LogSource":"Microsoft-Windows-Sysmon/Operational","EventId":22,"TimeCreated":"2024-10-10T23:54:51.7413212-07:00","RecordId":172507,"MachineName":"Win10","EventData":{"RuleName":"-","UtcTime":"2024-10-11 06:54:49.663","ProcessGuid":"{53968da7-cbb9-6708-4003-00000000fb00}","ProcessId":"6320","QueryName":"www.youtube-nocookie.com.","QueryStatus":"0","QueryResults":"type:  5 youtube-ui.l.google.com;142.251.215.238;172.217.14.238;142.250.69.206;142.251.33.110;142.251.211.238;142.251.33.78;142.250.217.78;142.250.217.110;","Image":"C:\\Program Files\\Mozilla Firefox\\firefox.exe","User":"WIN10\\richard"}}
{"LogSource":"Microsoft-Windows-Sysmon/Operational","EventId":22,"TimeCreated":"2024-10-10T23:54:51.7424633-07:00","RecordId":172508,"MachineName":"Win10","EventData":{"RuleName":"-","UtcTime":"2024-10-11 06:54:49.663","ProcessGuid":"{53968da7-cbb9-6708-4003-00000000fb00}","ProcessId":"6320","QueryName":"restrict.youtube.com.","QueryStatus":"0","QueryResults":"216.239.38.120;","Image":"C:\\Program Files\\Mozilla Firefox\\firefox.exe","User":"WIN10\\richard"}}
{"LogSource":"Microsoft-Windows-Sysmon/Operational","EventId":22,"TimeCreated":"2024-10-10T23:54:51.7436104-07:00","RecordId":172509,"MachineName":"Win10","EventData":{"RuleName":"-","UtcTime":"2024-10-11 06:54:49.664","ProcessGuid":"{53968da7-cbb9-6708-4003-00000000fb00}","ProcessId":"6320","QueryName":"restrictmoderate.youtube.com.","QueryStatus":"0","QueryResults":"216.239.38.119;","Image":"C:\\Program Files\\Mozilla Firefox\\firefox.exe","User":"WIN10\\richard"}}
{"LogSource":"Microsoft-Windows-Sysmon/Operational","EventId":22,"TimeCreated":"2024-10-10T23:54:51.7447631-07:00","RecordId":172510,"MachineName":"Win10","EventData":{"RuleName":"-","UtcTime":"2024-10-11 06:54:49.664","ProcessGuid":"{53968da7-cbb9-6708-4003-00000000fb00}","ProcessId":"6320","QueryName":"sitereview.zscaler.com.","QueryStatus":"0","QueryResults":"104.129.193.93;","Image":"C:\\Program Files\\Mozilla Firefox\\firefox.exe","User":"WIN10\\richard"}}
{"LogSource":"Microsoft-Windows-Sysmon/Operational","EventId":22,"TimeCreated":"2024-10-10T23:54:51.7459283-07:00","RecordId":172511,"MachineName":"Win10","EventData":{"RuleName":"-","UtcTime":"2024-10-11 06:54:49.664","ProcessGuid":"{53968da7-cbb9-6708-4003-00000000fb00}","ProcessId":"6320","QueryName":"www.google.com.","QueryStatus":"0","QueryResults":"142.251.215.228;","Image":"C:\\Program Files\\Mozilla Firefox\\firefox.exe","User":"WIN10\\richard"}}
{"LogSource":"Microsoft-Windows-Sysmon/Operational","EventId":22,"TimeCreated":"2024-10-10T23:54:51.7491143-07:00","RecordId":172512,"MachineName":"Win10","EventData":{"RuleName":"-","UtcTime":"2024-10-11 06:54:49.664","ProcessGuid":"{53968da7-cbb9-6708-4003-00000000fb00}","ProcessId":"6320","QueryName":"forcesafesearch.google.com.","QueryStatus":"0","QueryResults":"216.239.38.120;","Image":"C:\\Program Files\\Mozilla Firefox\\firefox.exe","User":"WIN10\\richard"}}
{"LogSource":"Microsoft-Windows-Sysmon/Operational","EventId":22,"TimeCreated":"2024-10-10T23:54:51.7366625-07:00","RecordId":172503,"MachineName":"Win10","EventData":{"RuleName":"-","UtcTime":"2024-10-11 06:54:49.662","ProcessGuid":"{53968da7-cbb9-6708-4003-00000000fb00}","ProcessId":"6320","QueryName":"www.google.com.","QueryStatus":"0","QueryResults":"142.251.215.228;","Image":"C:\\Program Files\\Mozilla Firefox\\firefox.exe","User":"WIN10\\richard"}}
{"LogSource":"Microsoft-Windows-Sysmon/Operational","EventId":22,"TimeCreated":"2024-10-10T23:54:51.7317924-07:00","RecordId":172499,"MachineName":"Win10","EventData":{"RuleName":"-","UtcTime":"2024-10-11 06:54:49.525","ProcessGuid":"{53968da7-cbb9-6708-4003-00000000fb00}","ProcessId":"6320","QueryName":"example.org","QueryStatus":"0","QueryResults":"93.184.215.14;","Image":"C:\\Program Files\\Mozilla Firefox\\firefox.exe","User":"WIN10\\richard"}}
{"LogSource":"Microsoft-Windows-Sysmon/Operational","EventId":22,"TimeCreated":"2024-10-10T23:54:51.7514253-07:00","RecordId":172513,"MachineName":"Win10","EventData":{"RuleName":"-","UtcTime":"2024-10-11 06:54:49.664","ProcessGuid":"{53968da7-cbb9-6708-4003-00000000fb00}","ProcessId":"6320","QueryName":"m.youtube.com.","QueryStatus":"0","QueryResults":"142.250.217.78;","Image":"C:\\Program Files\\Mozilla Firefox\\firefox.exe","User":"WIN10\\richard"}}
{"LogSource":"Microsoft-Windows-Sysmon/Operational","EventId":22,"TimeCreated":"2024-10-10T23:54:51.7525750-07:00","RecordId":172514,"MachineName":"Win10","EventData":{"RuleName":"-","UtcTime":"2024-10-11 06:54:49.664","ProcessGuid":"{53968da7-cbb9-6708-4003-00000000fb00}","ProcessId":"6320","QueryName":"www.google.com","QueryStatus":"0","QueryResults":"142.251.215.228;","Image":"C:\\Program Files\\Mozilla Firefox\\firefox.exe","User":"WIN10\\richard"}}
{"LogSource":"Microsoft-Windows-Sysmon/Operational","EventId":22,"TimeCreated":"2024-10-10T23:54:51.7537091-07:00","RecordId":172515,"MachineName":"Win10","EventData":{"RuleName":"-","UtcTime":"2024-10-11 06:54:49.664","ProcessGuid":"{53968da7-cbb9-6708-4003-00000000fb00}","ProcessId":"6320","QueryName":"forcesafesearch.google.com","QueryStatus":"0","QueryResults":"216.239.38.120;","Image":"C:\\Program Files\\Mozilla Firefox\\firefox.exe","User":"WIN10\\richard"}}
{"LogSource":"Microsoft-Windows-Sysmon/Operational","EventId":22,"TimeCreated":"2024-10-10T23:54:51.7548662-07:00","RecordId":172516,"MachineName":"Win10","EventData":{"RuleName":"-","UtcTime":"2024-10-11 06:54:49.664","ProcessGuid":"{53968da7-cbb9-6708-4003-00000000fb00}","ProcessId":"6320","QueryName":"youtube.googleapis.com.","QueryStatus":"0","QueryResults":"142.251.215.234;172.217.14.202;172.217.14.234;142.250.69.202;142.251.33.106;142.251.211.234;142.251.33.74;142.250.217.74;142.250.217.106;","Image":"C:\\Program Files\\Mozilla Firefox\\firefox.exe","User":"WIN10\\richard"}}
{"LogSource":"Microsoft-Windows-Sysmon/Operational","EventId":22,"TimeCreated":"2024-10-10T23:54:51.7559760-07:00","RecordId":172517,"MachineName":"Win10","EventData":{"RuleName":"-","UtcTime":"2024-10-11 06:54:49.664","ProcessGuid":"{53968da7-cbb9-6708-4003-00000000fb00}","ProcessId":"6320","QueryName":"m.youtube.com","QueryStatus":"0","QueryResults":"142.250.217.78;","Image":"C:\\Program Files\\Mozilla Firefox\\firefox.exe","User":"WIN10\\richard"}}
{"LogSource":"Microsoft-Windows-Sysmon/Operational","EventId":22,"TimeCreated":"2024-10-10T23:54:51.7571353-07:00","RecordId":172518,"MachineName":"Win10","EventData":{"RuleName":"-","UtcTime":"2024-10-11 06:54:49.664","ProcessGuid":"{53968da7-cbb9-6708-4003-00000000fb00}","ProcessId":"6320","QueryName":"restrict.youtube.com.","QueryStatus":"0","QueryResults":"216.239.38.120;","Image":"C:\\Program Files\\Mozilla Firefox\\firefox.exe","User":"WIN10\\richard"}}
{"LogSource":"Microsoft-Windows-Sysmon/Operational","EventId":22,"TimeCreated":"2024-10-10T23:54:51.7582889-07:00","RecordId":172519,"MachineName":"Win10","EventData":{"RuleName":"-","UtcTime":"2024-10-11 06:54:49.665","ProcessGuid":"{53968da7-cbb9-6708-4003-00000000fb00}","ProcessId":"6320","QueryName":"www.youtube-nocookie.com.","QueryStatus":"0","QueryResults":"type:  5 youtube-ui.l.google.com;142.251.215.238;172.217.14.238;142.250.69.206;142.251.33.110;142.251.211.238;142.251.33.78;142.250.217.78;142.250.217.110;","Image":"C:\\Program Files\\Mozilla Firefox\\firefox.exe","User":"WIN10\\richard"}}
{"LogSource":"Microsoft-Windows-Sysmon/Operational","EventId":22,"TimeCreated":"2024-10-10T23:54:51.7594173-07:00","RecordId":172520,"MachineName":"Win10","EventData":{"RuleName":"-","UtcTime":"2024-10-11 06:54:49.665","ProcessGuid":"{53968da7-cbb9-6708-4003-00000000fb00}","ProcessId":"6320","QueryName":"sitereview.zscaler.com.","QueryStatus":"0","QueryResults":"104.129.193.93;","Image":"C:\\Program Files\\Mozilla Firefox\\firefox.exe","User":"WIN10\\richard"}}
{"LogSource":"Microsoft-Windows-Sysmon/Operational","EventId":22,"TimeCreated":"2024-10-10T23:54:51.7606220-07:00","RecordId":172521,"MachineName":"Win10","EventData":{"RuleName":"-","UtcTime":"2024-10-11 06:54:49.665","ProcessGuid":"{53968da7-cbb9-6708-4003-00000000fb00}","ProcessId":"6320","QueryName":"restrictmoderate.youtube.com.","QueryStatus":"0","QueryResults":"216.239.38.119;","Image":"C:\\Program Files\\Mozilla Firefox\\firefox.exe","User":"WIN10\\richard"}}
{"LogSource":"Microsoft-Windows-Sysmon/Operational","EventId":22,"TimeCreated":"2024-10-10T23:54:51.7617842-07:00","RecordId":172522,"MachineName":"Win10","EventData":{"RuleName":"-","UtcTime":"2024-10-11 06:54:49.665","ProcessGuid":"{53968da7-cbb9-6708-4003-00000000fb00}","ProcessId":"6320","QueryName":"youtube.googleapis.com","QueryStatus":"0","QueryResults":"142.251.215.234;172.217.14.202;172.217.14.234;142.250.69.202;142.251.33.106;142.251.211.234;142.251.33.74;142.250.217.74;142.250.217.106;","Image":"C:\\Program Files\\Mozilla Firefox\\firefox.exe","User":"WIN10\\richard"}}
{"LogSource":"Microsoft-Windows-Sysmon/Operational","EventId":22,"TimeCreated":"2024-10-10T23:54:51.7633568-07:00","RecordId":172523,"MachineName":"Win10","EventData":{"RuleName":"-","UtcTime":"2024-10-11 06:54:49.665","ProcessGuid":"{53968da7-cbb9-6708-4003-00000000fb00}","ProcessId":"6320","QueryName":"restrict.youtube.com","QueryStatus":"0","QueryResults":"216.239.38.120;","Image":"C:\\Program Files\\Mozilla Firefox\\firefox.exe","User":"WIN10\\richard"}}
{"LogSource":"Microsoft-Windows-Sysmon/Operational","EventId":22,"TimeCreated":"2024-10-10T23:54:51.7660212-07:00","RecordId":172524,"MachineName":"Win10","EventData":{"RuleName":"-","UtcTime":"2024-10-11 06:54:49.665","ProcessGuid":"{53968da7-cbb9-6708-4003-00000000fb00}","ProcessId":"6320","QueryName":"youtube-ui.l.google.com","QueryStatus":"0","QueryResults":"142.250.217.110;142.251.215.238;172.217.14.238;142.250.69.206;142.251.33.110;142.251.211.238;142.251.33.78;142.250.217.78;","Image":"C:\\Program Files\\Mozilla Firefox\\firefox.exe","User":"WIN10\\richard"}}
{"LogSource":"Microsoft-Windows-Sysmon/Operational","EventId":22,"TimeCreated":"2024-10-10T23:54:51.7673333-07:00","RecordId":172525,"MachineName":"Win10","EventData":{"RuleName":"-","UtcTime":"2024-10-11 06:54:49.665","ProcessGuid":"{53968da7-cbb9-6708-4003-00000000fb00}","ProcessId":"6320","QueryName":"sitereview.zscaler.com","QueryStatus":"0","QueryResults":"104.129.193.93;","Image":"C:\\Program Files\\Mozilla Firefox\\firefox.exe","User":"WIN10\\richard"}}
{"LogSource":"Microsoft-Windows-Sysmon/Operational","EventId":22,"TimeCreated":"2024-10-10T23:54:51.7685446-07:00","RecordId":172526,"MachineName":"Win10","EventData":{"RuleName":"-","UtcTime":"2024-10-11 06:54:49.665","ProcessGuid":"{53968da7-cbb9-6708-4003-00000000fb00}","ProcessId":"6320","QueryName":"restrictmoderate.youtube.com","QueryStatus":"0","QueryResults":"216.239.38.119;","Image":"C:\\Program Files\\Mozilla Firefox\\firefox.exe","User":"WIN10\\richard"}}
{"LogSource":"Microsoft-Windows-Sysmon/Operational","EventId":22,"TimeCreated":"2024-10-10T23:54:51.7697292-07:00","RecordId":172527,"MachineName":"Win10","EventData":{"RuleName":"-","UtcTime":"2024-10-11 06:54:49.673","ProcessGuid":"{53968da7-cbb9-6708-4003-00000000fb00}","ProcessId":"6320","QueryName":"www.youtube.com.","QueryStatus":"0","QueryResults":"type:  5 youtube-ui.l.google.com;142.250.217.78;142.250.217.110;142.251.215.238;142.250.69.206;142.251.33.110;142.251.211.238;142.251.33.78;","Image":"C:\\Program Files\\Mozilla Firefox\\firefox.exe","User":"WIN10\\richard"}}
{"LogSource":"Microsoft-Windows-Sysmon/Operational","EventId":22,"TimeCreated":"2024-10-10T23:54:51.7709173-07:00","RecordId":172528,"MachineName":"Win10","EventData":{"RuleName":"-","UtcTime":"2024-10-11 06:54:49.673","ProcessGuid":"{53968da7-cbb9-6708-4003-00000000fb00}","ProcessId":"6320","QueryName":"www.youtube.com.","QueryStatus":"0","QueryResults":"type:  5 youtube-ui.l.google.com;142.250.217.78;142.250.217.110;142.251.215.238;142.250.69.206;142.251.33.110;142.251.211.238;142.251.33.78;","Image":"C:\\Program Files\\Mozilla Firefox\\firefox.exe","User":"WIN10\\richard"}}
{"LogSource":"Microsoft-Windows-Sysmon/Operational","EventId":22,"TimeCreated":"2024-10-10T23:54:51.7720889-07:00","RecordId":172529,"MachineName":"Win10","EventData":{"RuleName":"-","UtcTime":"2024-10-11 06:54:49.674","ProcessGuid":"{53968da7-cbb9-6708-4003-00000000fb00}","ProcessId":"6320","QueryName":"youtube-ui.l.google.com","QueryStatus":"0","QueryResults":"142.250.217.110;142.251.215.238;172.217.14.238;142.250.69.206;142.251.33.110;142.251.211.238;142.251.33.78;142.250.217.78;","Image":"C:\\Program Files\\Mozilla Firefox\\firefox.exe","User":"WIN10\\richard"}}
{"LogSource":"Microsoft-Windows-Sysmon/Operational","EventId":22,"TimeCreated":"2024-10-10T23:54:51.7732608-07:00","RecordId":172530,"MachineName":"Win10","EventData":{"RuleName":"-","UtcTime":"2024-10-11 06:54:49.674","ProcessGuid":"{53968da7-cbb9-6708-4003-00000000fb00}","ProcessId":"6320","QueryName":"google.com.","QueryStatus":"0","QueryResults":"142.251.33.110;","Image":"C:\\Program Files\\Mozilla Firefox\\firefox.exe","User":"WIN10\\richard"}}
{"LogSource":"Microsoft-Windows-Sysmon/Operational","EventId":22,"TimeCreated":"2024-10-10T23:54:51.7755820-07:00","RecordId":172532,"MachineName":"Win10","EventData":{"RuleName":"-","UtcTime":"2024-10-11 06:54:49.674","ProcessGuid":"{53968da7-cbb9-6708-4003-00000000fb00}","ProcessId":"6320","QueryName":"google.com.","QueryStatus":"0","QueryResults":"142.251.33.110;","Image":"C:\\Program Files\\Mozilla Firefox\\firefox.exe","User":"WIN10\\richard"}}
{"LogSource":"Microsoft-Windows-Sysmon/Operational","EventId":22,"TimeCreated":"2024-10-10T23:54:51.7744628-07:00","RecordId":172531,"MachineName":"Win10","EventData":{"RuleName":"-","UtcTime":"2024-10-11 06:54:49.674","ProcessGuid":"{53968da7-cbb9-6708-4003-00000000fb00}","ProcessId":"6320","QueryName":"youtubei.googleapis.com.","QueryStatus":"0","QueryResults":"142.250.217.74;142.250.217.106;142.251.215.234;172.217.14.202;172.217.14.234;142.250.69.202;142.251.33.106;142.251.211.234;142.251.33.74;","Image":"C:\\Program Files\\Mozilla Firefox\\firefox.exe","User":"WIN10\\richard"}}
{"LogSource":"Microsoft-Windows-Sysmon/Operational","EventId":22,"TimeCreated":"2024-10-10T23:54:51.7767531-07:00","RecordId":172533,"MachineName":"Win10","EventData":{"RuleName":"-","UtcTime":"2024-10-11 06:54:49.674","ProcessGuid":"{53968da7-cbb9-6708-4003-00000000fb00}","ProcessId":"6320","QueryName":"google.com","QueryStatus":"0","QueryResults":"142.251.33.110;","Image":"C:\\Program Files\\Mozilla Firefox\\firefox.exe","User":"WIN10\\richard"}}
{"LogSource":"Microsoft-Windows-Sysmon/Operational","EventId":22,"TimeCreated":"2024-10-10T23:54:51.7793374-07:00","RecordId":172535,"MachineName":"Win10","EventData":{"RuleName":"-","UtcTime":"2024-10-11 06:54:49.675","ProcessGuid":"{53968da7-cbb9-6708-4003-00000000fb00}","ProcessId":"6320","QueryName":"youtubei.googleapis.com","QueryStatus":"0","QueryResults":"142.250.217.74;142.250.217.106;142.251.215.234;172.217.14.202;172.217.14.234;142.250.69.202;142.251.33.106;142.251.211.234;142.251.33.74;","Image":"C:\\Program Files\\Mozilla Firefox\\firefox.exe","User":"WIN10\\richard"}}
{"LogSource":"Microsoft-Windows-Sysmon/Operational","EventId":22,"TimeCreated":"2024-10-10T23:54:51.7805343-07:00","RecordId":172536,"MachineName":"Win10","EventData":{"RuleName":"-","UtcTime":"2024-10-11 06:54:49.675","ProcessGuid":"{53968da7-cbb9-6708-4003-00000000fb00}","ProcessId":"6320","QueryName":"use-application-dns.net.","QueryStatus":"0","QueryResults":"35.190.14.201;","Image":"C:\\Program Files\\Mozilla Firefox\\firefox.exe","User":"WIN10\\richard"}}
{"LogSource":"Microsoft-Windows-Sysmon/Operational","EventId":22,"TimeCreated":"2024-10-10T23:54:51.7816364-07:00","RecordId":172537,"MachineName":"Win10","EventData":{"RuleName":"-","UtcTime":"2024-10-11 06:54:49.675","ProcessGuid":"{53968da7-cbb9-6708-4003-00000000fb00}","ProcessId":"6320","QueryName":"use-application-dns.net.","QueryStatus":"0","QueryResults":"35.190.14.201;","Image":"C:\\Program Files\\Mozilla Firefox\\firefox.exe","User":"WIN10\\richard"}}
{"LogSource":"Microsoft-Windows-Sysmon/Operational","EventId":22,"TimeCreated":"2024-10-10T23:54:51.7827355-07:00","RecordId":172538,"MachineName":"Win10","EventData":{"RuleName":"-","UtcTime":"2024-10-11 06:54:49.675","ProcessGuid":"{53968da7-cbb9-6708-4003-00000000fb00}","ProcessId":"6320","QueryName":"use-application-dns.net","QueryStatus":"0","QueryResults":"35.190.14.201;","Image":"C:\\Program Files\\Mozilla Firefox\\firefox.exe","User":"WIN10\\richard"}}
{"LogSource":"Microsoft-Windows-Sysmon/Operational","EventId":22,"TimeCreated":"2024-10-10T23:54:51.7839423-07:00","RecordId":172539,"MachineName":"Win10","EventData":{"RuleName":"-","UtcTime":"2024-10-11 06:54:49.681","ProcessGuid":"{53968da7-cbb9-6708-4003-00000000fb00}","ProcessId":"6320","QueryName":"private.canadianshield.cira.ca","QueryStatus":"0","QueryResults":"2620:10a:80bb::10;2620:10a:80bc::10;::ffff:149.112.122.10;::ffff:149.112.121.10;","Image":"C:\\Program Files\\Mozilla Firefox\\firefox.exe","User":"WIN10\\richard"}}
{"LogSource":"Microsoft-Windows-Sysmon/Operational","EventId":22,"TimeCreated":"2024-10-10T23:54:51.7852445-07:00","RecordId":172540,"MachineName":"Win10","EventData":{"RuleName":"-","UtcTime":"2024-10-11 06:54:49.681","ProcessGuid":"{53968da7-cbb9-6708-4003-00000000fb00}","ProcessId":"6320","QueryName":"private.canadianshield.cira.ca","QueryStatus":"0","QueryResults":"2620:10a:80bb::10;2620:10a:80bc::10;::ffff:149.112.122.10;::ffff:149.112.121.10;","Image":"C:\\Program Files\\Mozilla Firefox\\firefox.exe","User":"WIN10\\richard"}}
{"LogSource":"Microsoft-Windows-Sysmon/Operational","EventId":22,"TimeCreated":"2024-10-10T23:54:51.7865973-07:00","RecordId":172541,"MachineName":"Win10","EventData":{"RuleName":"-","UtcTime":"2024-10-11 06:54:49.681","ProcessGuid":"{53968da7-cbb9-6708-4003-00000000fb00}","ProcessId":"6320","QueryName":"private.canadianshield.cira.ca","QueryStatus":"0","QueryResults":"149.112.121.10;149.112.122.10;","Image":"C:\\Program Files\\Mozilla Firefox\\firefox.exe","User":"WIN10\\richard"}}
{"LogSource":"Microsoft-Windows-Sysmon/Operational","EventId":22,"TimeCreated":"2024-10-10T23:54:51.7781214-07:00","RecordId":172534,"MachineName":"Win10","EventData":{"RuleName":"-","UtcTime":"2024-10-11 06:54:49.674","ProcessGuid":"{53968da7-cbb9-6708-4003-00000000fb00}","ProcessId":"6320","QueryName":"youtubei.googleapis.com.","QueryStatus":"0","QueryResults":"142.250.217.74;142.250.217.106;142.251.215.234;172.217.14.202;172.217.14.234;142.250.69.202;142.251.33.106;142.251.211.234;142.251.33.74;","Image":"C:\\Program Files\\Mozilla Firefox\\firefox.exe","User":"WIN10\\richard"}}
{"LogSource":"Microsoft-Windows-Sysmon/Operational","EventId":22,"TimeCreated":"2024-10-10T23:54:51.7879488-07:00","RecordId":172542,"MachineName":"Win10","EventData":{"RuleName":"-","UtcTime":"2024-10-11 06:54:49.682","ProcessGuid":"{53968da7-cbb9-6708-4003-00000000fb00}","ProcessId":"6320","QueryName":"private.canadianshield.cira.ca","QueryStatus":"0","QueryResults":"2620:10a:80bc::10;2620:10a:80bb::10;","Image":"C:\\Program Files\\Mozilla Firefox\\firefox.exe","User":"WIN10\\richard"}}
{"LogSource":"Microsoft-Windows-Sysmon/Operational","EventId":22,"TimeCreated":"2024-10-10T23:54:51.7915315-07:00","RecordId":172545,"MachineName":"Win10","EventData":{"RuleName":"-","UtcTime":"2024-10-11 06:54:49.692","ProcessGuid":"{53968da7-cbb9-6708-4003-00000000fb00}","ProcessId":"6320","QueryName":"mozilla.cloudflare-dns.com","QueryStatus":"0","QueryResults":"162.159.61.4;172.64.41.4;","Image":"C:\\Program Files\\Mozilla Firefox\\firefox.exe","User":"WIN10\\richard"}}
{"LogSource":"Microsoft-Windows-Sysmon/Operational","EventId":22,"TimeCreated":"2024-10-10T23:54:51.7892096-07:00","RecordId":172543,"MachineName":"Win10","EventData":{"RuleName":"-","UtcTime":"2024-10-11 06:54:49.691","ProcessGuid":"{53968da7-cbb9-6708-4003-00000000fb00}","ProcessId":"6320","QueryName":"mozilla.cloudflare-dns.com","QueryStatus":"0","QueryResults":"2a06:98c1:52::4;2803:f800:53::4;::ffff:172.64.41.4;::ffff:162.159.61.4;","Image":"C:\\Program Files\\Mozilla Firefox\\firefox.exe","User":"WIN10\\richard"}}
{"LogSource":"Microsoft-Windows-Sysmon/Operational","EventId":22,"TimeCreated":"2024-10-10T23:54:51.7903673-07:00","RecordId":172544,"MachineName":"Win10","EventData":{"RuleName":"-","UtcTime":"2024-10-11 06:54:49.692","ProcessGuid":"{53968da7-cbb9-6708-4003-00000000fb00}","ProcessId":"6320","QueryName":"mozilla.cloudflare-dns.com","QueryStatus":"0","QueryResults":"2a06:98c1:52::4;2803:f800:53::4;::ffff:172.64.41.4;::ffff:162.159.61.4;","Image":"C:\\Program Files\\Mozilla Firefox\\firefox.exe","User":"WIN10\\richard"}}
{"LogSource":"Microsoft-Windows-Sysmon/Operational","EventId":22,"TimeCreated":"2024-10-10T23:54:51.7940358-07:00","RecordId":172548,"MachineName":"Win10","EventData":{"RuleName":"-","UtcTime":"2024-10-11 06:54:50.127","ProcessGuid":"{53968da7-cbb9-6708-4003-00000000fb00}","ProcessId":"6320","QueryName":"example.org","QueryStatus":"0","QueryResults":"93.184.215.14;","Image":"C:\\Program Files\\Mozilla Firefox\\firefox.exe","User":"WIN10\\richard"}}
{"LogSource":"Microsoft-Windows-Sysmon/Operational","EventId":22,"TimeCreated":"2024-10-10T23:54:51.7939947-07:00","RecordId":172547,"MachineName":"Win10","EventData":{"RuleName":"-","UtcTime":"2024-10-11 06:54:49.733","ProcessGuid":"{53968da7-cbb9-6708-4003-00000000fb00}","ProcessId":"6320","QueryName":"doh.test.","QueryStatus":"9003","QueryResults":"-","Image":"C:\\Program Files\\Mozilla Firefox\\firefox.exe","User":"WIN10\\richard"}}
