{"LogSource":"Microsoft-Windows-Sysmon/Operational","EventId":1,"TimeCreated":"2024-10-10T23:54:39.7124667-07:00","RecordId":172394,"MachineName":"Win10","EventData":{"RuleName":"-","UtcTime":"2024-10-11 06:54:39.710","ProcessGuid":"{53968da7-cbaf-6708-3303-00000000fb00}","ProcessId":"7328","Image":"C:\\Program Files\\Mozilla Firefox\\firefox.exe","FileVersion":"131.0.2","Description":"Firefox","Product":"Firefox","Company":"Mozilla Corporation","OriginalFileName":"firefox.exe","CommandLine":"\"C:\\Program Files\\Mozilla Firefox\\firefox.exe\" https://www.apple.com --attempting-deelevation","CurrentDirectory":"C:\\Windows\\system32\\","User":"WIN10\\richard","LogonGuid":"{53968da7-b202-6708-c295-020000000000}","LogonId":"0x295c2","TerminalSessionId":"1","IntegrityLevel":"Medium","Hashes":"MD5=571814A7939D001662BBA7760BD0B187,SHA256=9725AFC685C8EE135701E140A83B94FE7D958360A1F546215F7EAFDFF5E53A83,IMPHASH=BB4CE52E8306F88C0B1DA570553704E4","ParentProcessGuid":"{53968da7-b203-6708-4f00-00000000fb00}","ParentProcessId":"4396","ParentImage":"C:\\Windows\\explorer.exe","ParentCommandLine":"C:\\Windows\\Explorer.EXE","ParentUser":"WIN10\\richard"}}
{"LogSource":"Microsoft-Windows-Sysmon/Operational","EventId":1,"TimeCreated":"2024-10-10T23:54:39.7218796-07:00","RecordId":172395,"MachineName":"Win10","EventData":{"RuleName":"-","UtcTime":"2024-10-11 06:54:39.719","ProcessGuid":"{53968da7-cbaf-6708-3403-00000000fb00}","ProcessId":"2924","Image":"C:\\Program Files\\Mozilla Firefox\\firefox.exe","FileVersion":"131.0.2","Description":"Firefox","Product":"Firefox","Company":"Mozilla Corporation","OriginalFileName":"firefox.exe","CommandLine":"\"C:\\Program Files\\Mozilla Firefox\\firefox.exe\" https://www.apple.com","CurrentDirectory":"C:\\Windows\\system32\\","User":"WIN10\\richard","LogonGuid":"{53968da7-b202-6708-c295-020000000000}","LogonId":"0x295c2","TerminalSessionId":"1","IntegrityLevel":"Medium","Hashes":"MD5=571814A7939D001662BBA7760BD0B187,SHA256=9725AFC685C8EE135701E140A83B94FE7D958360A1F546215F7EAFDFF5E53A83,IMPHASH=BB4CE52E8306F88C0B1DA570553704E4","ParentProcessGuid":"{53968da7-cbaf-6708-3303-00000000fb00}","ParentProcessId":"7328","ParentImage":"C:\\Program Files\\Mozilla Firefox\\firefox.exe","ParentCommandLine":"\"C:\\Program Files\\Mozilla Firefox\\firefox.exe\" https://www.apple.com --attempting-deelevation","ParentUser":"WIN10\\richard"}}
{"LogSource":"Microsoft-Windows-Sysmon/Operational","EventId":1,"TimeCreated":"2024-10-10T23:54:39.8764426-07:00","RecordId":172396,"MachineName":"Win10","EventData":{"RuleName":"-","UtcTime":"2024-10-11 06:54:39.874","ProcessGuid":"{53968da7-cbaf-6708-3503-00000000fb00}","ProcessId":"6640","Image":"C:\\Program Files\\Mozilla Firefox\\firefox.exe","FileVersion":"131.0.2","Description":"Firefox","Product":"Firefox","Company":"Mozilla Corporation","OriginalFileName":"firefox.exe","CommandLine":"\"C:\\Program Files\\Mozilla Firefox\\firefox.exe\" -contentproc --channel=1968 -parentBuildID 20241008210941 -prefsHandle 1896 -prefMapHandle 1864 -prefsLen 30861 -prefMapSize 263003 -appDir \"C:\\Program Files\\Mozilla Firefox\\browser\" - {2d049673-1dbc-4e90-bde4-f293af66ff12} 2924 \"\\\\.\\pipe\\gecko-crash-server-pipe.2924\" 1 gpu","CurrentDirectory":"C:\\Windows\\system32\\","User":"WIN10\\richard","LogonGuid":"{53968da7-b202-6708-c295-020000000000}","LogonId":"0x295c2","TerminalSessionId":"1","IntegrityLevel":"Low","Hashes":"MD5=571814A7939D001662BBA7760BD0B187,SHA256=9725AFC685C8EE135701E140A83B94FE7D958360A1F546215F7EAFDFF5E53A83,IMPHASH=BB4CE52E8306F88C0B1DA570553704E4","ParentProcessGuid":"{53968da7-cbaf-6708-3403-00000000fb00}","ParentProcessId":"2924","ParentImage":"C:\\Program Files\\Mozilla Firefox\\firefox.exe","ParentCommandLine":"\"C:\\Program Files\\Mozilla Firefox\\firefox.exe\" https://www.apple.com","ParentUser":"WIN10\\richard"}}
{"LogSource":"Microsoft-Windows-Sysmon/Operational","EventId":1,"TimeCreated":"2024-10-10T23:54:39.9328032-07:00","RecordId":172397,"MachineName":"Win10","EventData":{"RuleName":"-","UtcTime":"2024-10-11 06:54:39.930","ProcessGuid":"{53968da7-cbaf-6708-3603-00000000fb00}","ProcessId":"8336","Image":"C:\\Program Files\\Mozilla Firefox\\firefox.exe","FileVersion":"131.0.2","Description":"Firefox","Product":"Firefox","Company":"Mozilla Corporation","OriginalFileName":"firefox.exe","CommandLine":"\"C:\\Program Files\\Mozilla Firefox\\firefox.exe\" -contentproc --channel=2412 -parentBuildID 20241008210941 -prefsHandle 2404 -prefMapHandle 2400 -prefsLen 30897 -prefMapSize 263003 -win32kLockedDown -appDir \"C:\\Program Files\\Mozilla Firefox\\browser\" - {362a11c6-d9b6-40b9-ba41-5b556abdc930} 2924 \"\\\\.\\pipe\\gecko-crash-server-pipe.2924\" 2 socket","CurrentDirectory":"C:\\Windows\\system32\\","User":"WIN10\\richard","LogonGuid":"{53968da7-b202-6708-c295-020000000000}","LogonId":"0x295c2","TerminalSessionId":"1","IntegrityLevel":"Low","Hashes":"MD5=571814A7939D001662BBA7760BD0B187,SHA256=9725AFC685C8EE135701E140A83B94FE7D958360A1F546215F7EAFDFF5E53A83,IMPHASH=BB4CE52E8306F88C0B1DA570553704E4","ParentProcessGuid":"{53968da7-cbaf-6708-3403-00000000fb00}","ParentProcessId":"2924","ParentImage":"C:\\Program Files\\Mozilla Firefox\\firefox.exe","ParentCommandLine":"\"C:\\Program Files\\Mozilla Firefox\\firefox.exe\" https://www.apple.com","ParentUser":"WIN10\\richard"}}
{"LogSource":"Microsoft-Windows-Sysmon/Operational","EventId":1,"TimeCreated":"2024-10-10T23:54:40.4210304-07:00","RecordId":172399,"MachineName":"Win10","EventData":{"RuleName":"-","UtcTime":"2024-10-11 06:54:40.418","ProcessGuid":"{53968da7-cbb0-6708-3803-00000000fb00}","ProcessId":"7076","Image":"C:\\Program Files\\Mozilla Firefox\\firefox.exe","FileVersion":"131.0.2","Description":"Firefox","Product":"Firefox","Company":"Mozilla Corporation","OriginalFileName":"firefox.exe","CommandLine":"\"C:\\Program Files\\Mozilla Firefox\\firefox.exe\" -contentproc --channel=4192 -isForBrowser -prefsHandle 2952 -prefMapHandle 4152 -prefsLen 37035 -prefMapSize 263003 -jsInitHandle 1332 -jsInitLen 234840 -parentBuildID 20241008210941 -win32kLockedDown -appDir \"C:\\Program Files\\Mozilla Firefox\\browser\" - {1ef697b6-346c-4201-ac80-efa895ceced7} 2924 \"\\\\.\\pipe\\gecko-crash-server-pipe.2924\" 4 tab","CurrentDirectory":"C:\\Windows\\system32\\","User":"WIN10\\richard","LogonGuid":"{53968da7-b202-6708-c295-020000000000}","LogonId":"0x295c2","TerminalSessionId":"1","IntegrityLevel":"Low","Hashes":"MD5=571814A7939D001662BBA7760BD0B187,SHA256=9725AFC685C8EE135701E140A83B94FE7D958360A1F546215F7EAFDFF5E53A83,IMPHASH=BB4CE52E8306F88C0B1DA570553704E4","ParentProcessGuid":"{53968da7-cbaf-6708-3403-00000000fb00}","ParentProcessId":"2924","ParentImage":"C:\\Program Files\\Mozilla Firefox\\firefox.exe","ParentCommandLine":"\"C:\\Program Files\\Mozilla Firefox\\firefox.exe\" https://www.apple.com","ParentUser":"WIN10\\richard"}}
{"LogSource":"Microsoft-Windows-Sysmon/Operational","EventId":1,"TimeCreated":"2024-10-10T23:54:40.1101168-07:00","RecordId":172398,"MachineName":"Win10","EventData":{"RuleName":"-","UtcTime":"2024-10-11 06:54:40.107","ProcessGuid":"{53968da7-cbb0-6708-3703-00000000fb00}","ProcessId":"2824","Image":"C:\\Program Files\\Mozilla Firefox\\firefox.exe","FileVersion":"131.0.2","Description":"Firefox","Product":"Firefox","Company":"Mozilla Corporation","OriginalFileName":"firefox.exe","CommandLine":"\"C:\\Program Files\\Mozilla Firefox\\firefox.exe\" -contentproc --channel=3116 -isForBrowser -prefsHandle 3108 -prefMapHandle 3104 -prefsLen 27591 -prefMapSize 263003 -jsInitHandle 1332 -jsInitLen 234840 -parentBuildID 20241008210941 -win32kLockedDown -appDir \"C:\\Program Files\\Mozilla Firefox\\browser\" - {c814b182-94c8-4c80-9de9-19aad7da1b0f} 2924 \"\\\\.\\pipe\\gecko-crash-server-pipe.2924\" 3 tab","CurrentDirectory":"C:\\Windows\\system32\\","User":"WIN10\\richard","LogonGuid":"{53968da7-b202-6708-c295-020000000000}","LogonId":"0x295c2","TerminalSessionId":"1","IntegrityLevel":"Low","Hashes":"MD5=571814A7939D001662BBA7760BD0B187,SHA256=9725AFC685C8EE135701E140A83B94FE7D958360A1F546215F7EAFDFF5E53A83,IMPHASH=BB4CE52E8306F88C0B1DA570553704E4","ParentProcessGuid":"{53968da7-cbaf-6708-3403-00000000fb00}","ParentProcessId":"2924","ParentImage":"C:\\Program Files\\Mozilla Firefox\\firefox.exe","ParentCommandLine":"\"C:\\Program Files\\Mozilla Firefox\\firefox.exe\" https://www.apple.com","ParentUser":"WIN10\\richard"}}
{"LogSource":"Microsoft-Windows-Sysmon/Operational","EventId":1,"TimeCreated":"2024-10-10T23:54:40.8866533-07:00","RecordId":172400,"MachineName":"Win10","EventData":{"RuleName":"-","UtcTime":"2024-10-11 06:54:40.883","ProcessGuid":"{53968da7-cbb0-6708-3903-00000000fb00}","ProcessId":"3780","Image":"C:\\Program Files\\Mozilla Firefox\\firefox.exe","FileVersion":"131.0.2","Description":"Firefox","Product":"Firefox","Company":"Mozilla Corporation","OriginalFileName":"firefox.exe","CommandLine":"\"C:\\Program Files\\Mozilla Firefox\\firefox.exe\" -contentproc --channel=5316 -parentBuildID 20241008210941 -sandboxingKind 0 -prefsHandle 5300 -prefMapHandle 5296 -prefsLen 37084 -prefMapSize 263003 -win32kLockedDown -appDir \"C:\\Program Files\\Mozilla Firefox\\browser\" - {b7002073-bd7d-49fd-9b56-51e2b61ffdb7} 2924 \"\\\\.\\pipe\\gecko-crash-server-pipe.2924\" 5 utility","CurrentDirectory":"C:\\Windows\\system32\\","User":"WIN10\\richard","LogonGuid":"{53968da7-b202-6708-c295-020000000000}","LogonId":"0x295c2","TerminalSessionId":"1","IntegrityLevel":"Low","Hashes":"MD5=571814A7939D001662BBA7760BD0B187,SHA256=9725AFC685C8EE135701E140A83B94FE7D958360A1F546215F7EAFDFF5E53A83,IMPHASH=BB4CE52E8306F88C0B1DA570553704E4","ParentProcessGuid":"{53968da7-cbaf-6708-3403-00000000fb00}","ParentProcessId":"2924","ParentImage":"C:\\Program Files\\Mozilla Firefox\\firefox.exe","ParentCommandLine":"\"C:\\Program Files\\Mozilla Firefox\\firefox.exe\" https://www.apple.com","ParentUser":"WIN10\\richard"}}
{"LogSource":"Microsoft-Windows-Sysmon/Operational","EventId":1,"TimeCreated":"2024-10-10T23:54:40.9324780-07:00","RecordId":172401,"MachineName":"Win10","EventData":{"RuleName":"-","UtcTime":"2024-10-11 06:54:40.930","ProcessGuid":"{53968da7-cbb0-6708-3a03-00000000fb00}","ProcessId":"6488","Image":"C:\\Program Files\\Mozilla Firefox\\firefox.exe","FileVersion":"131.0.2","Description":"Firefox","Product":"Firefox","Company":"Mozilla Corporation","OriginalFileName":"firefox.exe","CommandLine":"\"C:\\Program Files\\Mozilla Firefox\\firefox.exe\" -contentproc --channel=5532 -isForBrowser -prefsHandle 5524 -prefMapHandle 5516 -prefsLen 37084 -prefMapSize 263003 -jsInitHandle 1332 -jsInitLen 234840 -parentBuildID 20241008210941 -win32kLockedDown -appDir \"C:\\Program Files\\Mozilla Firefox\\browser\" - {f7386517-ccbe-433e-aaec-ade02ccf3e7c} 2924 \"\\\\.\\pipe\\gecko-crash-server-pipe.2924\" 6 tab","CurrentDirectory":"C:\\Windows\\system32\\","User":"WIN10\\richard","LogonGuid":"{53968da7-b202-6708-c295-020000000000}","LogonId":"0x295c2","TerminalSessionId":"1","IntegrityLevel":"Low","Hashes":"MD5=571814A7939D001662BBA7760BD0B187,SHA256=9725AFC685C8EE135701E140A83B94FE7D958360A1F546215F7EAFDFF5E53A83,IMPHASH=BB4CE52E8306F88C0B1DA570553704E4","ParentProcessGuid":"{53968da7-cbaf-6708-3403-00000000fb00}","ParentProcessId":"2924","ParentImage":"C:\\Program Files\\Mozilla Firefox\\firefox.exe","ParentCommandLine":"\"C:\\Program Files\\Mozilla Firefox\\firefox.exe\" https://www.apple.com","ParentUser":"WIN10\\richard"}}
{"LogSource":"Microsoft-Windows-Sysmon/Operational","EventId":1,"TimeCreated":"2024-10-10T23:54:41.1286263-07:00","RecordId":172403,"MachineName":"Win10","EventData":{"RuleName":"-","UtcTime":"2024-10-11 06:54:41.126","ProcessGuid":"{53968da7-cbb1-6708-3c03-00000000fb00}","ProcessId":"6308","Image":"C:\\Program Files\\Mozilla Firefox\\firefox.exe","FileVersion":"131.0.2","Description":"Firefox","Product":"Firefox","Company":"Mozilla Corporation","OriginalFileName":"firefox.exe","CommandLine":"\"C:\\Program Files\\Mozilla Firefox\\firefox.exe\" -contentproc --channel=6072 -isForBrowser -prefsHandle 6080 -prefMapHandle 6084 -prefsLen 33637 -prefMapSize 263003 -jsInitHandle 1332 -jsInitLen 234840 -parentBuildID 20241008210941 -win32kLockedDown -appDir \"C:\\Program Files\\Mozilla Firefox\\browser\" - {26a12bae-b69d-4bca-a640-2c88c66b61ba} 2924 \"\\\\.\\pipe\\gecko-crash-server-pipe.2924\" 8 tab","CurrentDirectory":"C:\\Windows\\system32\\","User":"WIN10\\richard","LogonGuid":"{53968da7-b202-6708-c295-020000000000}","LogonId":"0x295c2","TerminalSessionId":"1","IntegrityLevel":"Low","Hashes":"MD5=571814A7939D001662BBA7760BD0B187,SHA256=9725AFC685C8EE135701E140A83B94FE7D958360A1F546215F7EAFDFF5E53A83,IMPHASH=BB4CE52E8306F88C0B1DA570553704E4","ParentProcessGuid":"{53968da7-cbaf-6708-3403-00000000fb00}","ParentProcessId":"2924","ParentImage":"C:\\Program Files\\Mozilla Firefox\\firefox.exe","ParentCommandLine":"\"C:\\Program Files\\Mozilla Firefox\\firefox.exe\" https://www.apple.com","ParentUser":"WIN10\\richard"}}
{"LogSource":"Microsoft-Windows-Sysmon/Operational","EventId":1,"TimeCreated":"2024-10-10T23:54:41.1385329-07:00","RecordId":172404,"MachineName":"Win10","EventData":{"RuleName":"-","UtcTime":"2024-10-11 06:54:41.135","ProcessGuid":"{53968da7-cbb1-6708-3d03-00000000fb00}","ProcessId":"936","Image":"C:\\Program Files\\Mozilla Firefox\\firefox.exe","FileVersion":"131.0.2","Description":"Firefox","Product":"Firefox","Company":"Mozilla Corporation","OriginalFileName":"firefox.exe","CommandLine":"\"C:\\Program Files\\Mozilla Firefox\\firefox.exe\" -contentproc --channel=6264 -isForBrowser -prefsHandle 6344 -prefMapHandle 6340 -prefsLen 33637 -prefMapSize 263003 -jsInitHandle 1332 -jsInitLen 234840 -parentBuildID 20241008210941 -win32kLockedDown -appDir \"C:\\Program Files\\Mozilla Firefox\\browser\" - {4283b056-f67f-47bf-bd50-f6f63b68fd83} 2924 \"\\\\.\\pipe\\gecko-crash-server-pipe.2924\" 9 tab","CurrentDirectory":"C:\\Windows\\system32\\","User":"WIN10\\richard","LogonGuid":"{53968da7-b202-6708-c295-020000000000}","LogonId":"0x295c2","TerminalSessionId":"1","IntegrityLevel":"Low","Hashes":"MD5=571814A7939D001662BBA7760BD0B187,SHA256=9725AFC685C8EE135701E140A83B94FE7D958360A1F546215F7EAFDFF5E53A83,IMPHASH=BB4CE52E8306F88C0B1DA570553704E4","ParentProcessGuid":"{53968da7-cbaf-6708-3403-00000000fb00}","ParentProcessId":"2924","ParentImage":"C:\\Program Files\\Mozilla Firefox\\firefox.exe","ParentCommandLine":"\"C:\\Program Files\\Mozilla Firefox\\firefox.exe\" https://www.apple.com","ParentUser":"WIN10\\richard"}}
{"LogSource":"Microsoft-Windows-Sysmon/Operational","EventId":1,"TimeCreated":"2024-10-10T23:54:41.1214088-07:00","RecordId":172402,"MachineName":"Win10","EventData":{"RuleName":"-","UtcTime":"2024-10-11 06:54:41.118","ProcessGuid":"{53968da7-cbb1-6708-3b03-00000000fb00}","ProcessId":"4712","Image":"C:\\Program Files\\Mozilla Firefox\\firefox.exe","FileVersion":"131.0.2","Description":"Firefox","Product":"Firefox","Company":"Mozilla Corporation","OriginalFileName":"firefox.exe","CommandLine":"\"C:\\Program Files\\Mozilla Firefox\\firefox.exe\" -contentproc --channel=5880 -isForBrowser -prefsHandle 5992 -prefMapHandle 5988 -prefsLen 33637 -prefMapSize 263003 -jsInitHandle 1332 -jsInitLen 234840 -parentBuildID 20241008210941 -win32kLockedDown -appDir \"C:\\Program Files\\Mozilla Firefox\\browser\" - {448c8cc0-1ac3-41b5-aaa0-8e919cf304bd} 2924 \"\\\\.\\pipe\\gecko-crash-server-pipe.2924\" 7 tab","CurrentDirectory":"C:\\Windows\\system32\\","User":"WIN10\\richard","LogonGuid":"{53968da7-b202-6708-c295-020000000000}","LogonId":"0x295c2","TerminalSessionId":"1","IntegrityLevel":"Low","Hashes":"MD5=571814A7939D001662BBA7760BD0B187,SHA256=9725AFC685C8EE135701E140A83B94FE7D958360A1F546215F7EAFDFF5E53A83,IMPHASH=BB4CE52E8306F88C0B1DA570553704E4","ParentProcessGuid":"{53968da7-cbaf-6708-3403-00000000fb00}","ParentProcessId":"2924","ParentImage":"C:\\Program Files\\Mozilla Firefox\\firefox.exe","ParentCommandLine":"\"C:\\Program Files\\Mozilla Firefox\\firefox.exe\" https://www.apple.com","ParentUser":"WIN10\\richard"}}
{"LogSource":"Microsoft-Windows-Sysmon/Operational","EventId":22,"TimeCreated":"2024-10-10T23:54:41.2955337-07:00","RecordId":172405,"MachineName":"Win10","EventData":{"RuleName":"-","UtcTime":"2024-10-11 06:54:39.043","ProcessGuid":"{53968da7-cbaf-6708-3403-00000000fb00}","ProcessId":"2924","QueryName":"detectportal.firefox.com","QueryStatus":"0","QueryResults":"type:  5 detectportal.prod.mozaws.net;type:  5 prod.detectportal.prod.cloudops.mozgcp.net;2600:1901:0:38d7::;::ffff:34.107.221.82;","Image":"C:\\Program Files\\Mozilla Firefox\\firefox.exe","User":"WIN10\\richard"}}
{"LogSource":"Microsoft-Windows-Sysmon/Operational","EventId":22,"TimeCreated":"2024-10-10T23:54:41.2967744-07:00","RecordId":172406,"MachineName":"Win10","EventData":{"RuleName":"-","UtcTime":"2024-10-11 06:54:39.044","ProcessGuid":"{53968da7-cbaf-6708-3403-00000000fb00}","ProcessId":"2924","QueryName":"detectportal.firefox.com","QueryStatus":"0","QueryResults":"type:  5 detectportal.prod.mozaws.net;type:  5 prod.detectportal.prod.cloudops.mozgcp.net;2600:1901:0:38d7::;::ffff:34.107.221.82;","Image":"C:\\Program Files\\Mozilla Firefox\\firefox.exe","User":"WIN10\\richard"}}
{"LogSource":"Microsoft-Windows-Sysmon/Operational","EventId":22,"TimeCreated":"2024-10-10T23:54:41.2991425-07:00","RecordId":172408,"MachineName":"Win10","EventData":{"RuleName":"-","UtcTime":"2024-10-11 06:54:39.045","ProcessGuid":"{53968da7-cbaf-6708-3403-00000000fb00}","ProcessId":"2924","QueryName":"prod.detectportal.prod.cloudops.mozgcp.net","QueryStatus":"0","QueryResults":"2600:1901:0:38d7::;","Image":"C:\\Program Files\\Mozilla Firefox\\firefox.exe","User":"WIN10\\richard"}}
{"LogSource":"Microsoft-Windows-Sysmon/Operational","EventId":22,"TimeCreated":"2024-10-10T23:54:41.2979397-07:00","RecordId":172407,"MachineName":"Win10","EventData":{"RuleName":"-","UtcTime":"2024-10-11 06:54:39.044","ProcessGuid":"{53968da7-cbaf-6708-3403-00000000fb00}","ProcessId":"2924","QueryName":"prod.detectportal.prod.cloudops.mozgcp.net","QueryStatus":"0","QueryResults":"34.107.221.82;","Image":"C:\\Program Files\\Mozilla Firefox\\firefox.exe","User":"WIN10\\richard"}}
{"LogSource":"Microsoft-Windows-Sysmon/Operational","EventId":22,"TimeCreated":"2024-10-10T23:54:41.3003958-07:00","RecordId":172409,"MachineName":"Win10","EventData":{"RuleName":"-","UtcTime":"2024-10-11 06:54:39.082","ProcessGuid":"{53968da7-cbaf-6708-3403-00000000fb00}","ProcessId":"2924","QueryName":"private.canadianshield.cira.ca","QueryStatus":"0","QueryResults":"2620:10a:80bb::10;2620:10a:80bc::10;::ffff:149.112.122.10;::ffff:149.112.121.10;","Image":"C:\\Program Files\\Mozilla Firefox\\firefox.exe","User":"WIN10\\richard"}}
{"LogSource":"Microsoft-Windows-Sysmon/Operational","EventId":22,"TimeCreated":"2024-10-10T23:54:41.3015647-07:00","RecordId":172410,"MachineName":"Win10","EventData":{"RuleName":"-","UtcTime":"2024-10-11 06:54:39.082","ProcessGuid":"{53968da7-cbaf-6708-3403-00000000fb00}","ProcessId":"2924","QueryName":"private.canadianshield.cira.ca","QueryStatus":"0","QueryResults":"2620:10a:80bb::10;2620:10a:80bc::10;::ffff:149.112.122.10;::ffff:149.112.121.10;","Image":"C:\\Program Files\\Mozilla Firefox\\firefox.exe","User":"WIN10\\richard"}}
{"LogSource":"Microsoft-Windows-Sysmon/Operational","EventId":22,"TimeCreated":"2024-10-10T23:54:41.3028104-07:00","RecordId":172411,"MachineName":"Win10","EventData":{"RuleName":"-","UtcTime":"2024-10-11 06:54:39.082","ProcessGuid":"{53968da7-cbaf-6708-3403-00000000fb00}","ProcessId":"2924","QueryName":"private.canadianshield.cira.ca","QueryStatus":"0","QueryResults":"149.112.121.10;149.112.122.10;","Image":"C:\\Program Files\\Mozilla Firefox\\firefox.exe","User":"WIN10\\richard"}}
{"LogSource":"Microsoft-Windows-Sysmon/Operational","EventId":22,"TimeCreated":"2024-10-10T23:54:41.3040592-07:00","RecordId":172412,"MachineName":"Win10","EventData":{"RuleName":"-","UtcTime":"2024-10-11 06:54:39.082","ProcessGuid":"{53968da7-cbaf-6708-3403-00000000fb00}","ProcessId":"2924","QueryName":"private.canadianshield.cira.ca","QueryStatus":"0","QueryResults":"2620:10a:80bc::10;2620:10a:80bb::10;","Image":"C:\\Program Files\\Mozilla Firefox\\firefox.exe","User":"WIN10\\richard"}}
{"LogSource":"Microsoft-Windows-Sysmon/Operational","EventId":22,"TimeCreated":"2024-10-10T23:54:41.3052737-07:00","RecordId":172413,"MachineName":"Win10","EventData":{"RuleName":"-","UtcTime":"2024-10-11 06:54:39.141","ProcessGuid":"{53968da7-cbaf-6708-3403-00000000fb00}","ProcessId":"2924","QueryName":"example.org","QueryStatus":"0","QueryResults":"93.184.215.14;","Image":"C:\\Program Files\\Mozilla Firefox\\firefox.exe","User":"WIN10\\richard"}}
{"LogSource":"Microsoft-Windows-Sysmon/Operational","EventId":22,"TimeCreated":"2024-10-10T23:54:41.3065133-07:00","RecordId":172414,"MachineName":"Win10","EventData":{"RuleName":"-","UtcTime":"2024-10-11 06:54:39.141","ProcessGuid":"{53968da7-cbaf-6708-3403-00000000fb00}","ProcessId":"2924","QueryName":"example.org","QueryStatus":"0","QueryResults":"93.184.215.14;","Image":"C:\\Program Files\\Mozilla Firefox\\firefox.exe","User":"WIN10\\richard"}}
{"LogSource":"Microsoft-Windows-Sysmon/Operational","EventId":22,"TimeCreated":"2024-10-10T23:54:41.3076497-07:00","RecordId":172415,"MachineName":"Win10","EventData":{"RuleName":"-","UtcTime":"2024-10-11 06:54:39.142","ProcessGuid":"{53968da7-cbaf-6708-3403-00000000fb00}","ProcessId":"2924","QueryName":"example.org","QueryStatus":"0","QueryResults":"93.184.215.14;","Image":"C:\\Program Files\\Mozilla Firefox\\firefox.exe","User":"WIN10\\richard"}}
{"LogSource":"Microsoft-Windows-Sysmon/Operational","EventId":22,"TimeCreated":"2024-10-10T23:54:41.3100619-07:00","RecordId":172417,"MachineName":"Win10","EventData":{"RuleName":"-","UtcTime":"2024-10-11 06:54:39.152","ProcessGuid":"{53968da7-cbaf-6708-3403-00000000fb00}","ProcessId":"2924","QueryName":"example.org","QueryStatus":"0","QueryResults":"2606:2800:21f:cb07:6820:80da:af6b:8b2c;::ffff:93.184.215.14;","Image":"C:\\Program Files\\Mozilla Firefox\\firefox.exe","User":"WIN10\\richard"}}
{"LogSource":"Microsoft-Windows-Sysmon/Operational","EventId":22,"TimeCreated":"2024-10-10T23:54:41.3089004-07:00","RecordId":172416,"MachineName":"Win10","EventData":{"RuleName":"-","UtcTime":"2024-10-11 06:54:39.152","ProcessGuid":"{53968da7-cbaf-6708-3403-00000000fb00}","ProcessId":"2924","QueryName":"example.org","QueryStatus":"0","QueryResults":"2606:2800:21f:cb07:6820:80da:af6b:8b2c;::ffff:93.184.215.14;","Image":"C:\\Program Files\\Mozilla Firefox\\firefox.exe","User":"WIN10\\richard"}}
{"LogSource":"Microsoft-Windows-Sysmon/Operational","EventId":22,"TimeCreated":"2024-10-10T23:54:41.3113424-07:00","RecordId":172418,"MachineName":"Win10","EventData":{"RuleName":"-","UtcTime":"2024-10-11 06:54:39.157","ProcessGuid":"{53968da7-cbaf-6708-3403-00000000fb00}","ProcessId":"2924","QueryName":"example.org","QueryStatus":"0","QueryResults":"2606:2800:21f:cb07:6820:80da:af6b:8b2c;","Image":"C:\\Program Files\\Mozilla Firefox\\firefox.exe","User":"WIN10\\richard"}}
{"LogSource":"Microsoft-Windows-Sysmon/Operational","EventId":22,"TimeCreated":"2024-10-10T23:54:41.3138622-07:00","RecordId":172420,"MachineName":"Win10","EventData":{"RuleName":"-","UtcTime":"2024-10-11 06:54:39.219","ProcessGuid":"{53968da7-cbaf-6708-3403-00000000fb00}","ProcessId":"2924","QueryName":"www.youtube.com.","QueryStatus":"0","QueryResults":"type:  5 youtube-ui.l.google.com;142.251.211.238;142.251.33.78;142.250.217.78;142.250.217.110;142.251.215.238;172.217.14.238;142.250.69.206;142.251.33.110;","Image":"C:\\Program Files\\Mozilla Firefox\\firefox.exe","User":"WIN10\\richard"}}
{"LogSource":"Microsoft-Windows-Sysmon/Operational","EventId":22,"TimeCreated":"2024-10-10T23:54:41.3125564-07:00","RecordId":172419,"MachineName":"Win10","EventData":{"RuleName":"-","UtcTime":"2024-10-11 06:54:39.218","ProcessGuid":"{53968da7-cbaf-6708-3403-00000000fb00}","ProcessId":"2924","QueryName":"forcesafesearch.google.com.","QueryStatus":"0","QueryResults":"216.239.38.120;","Image":"C:\\Program Files\\Mozilla Firefox\\firefox.exe","User":"WIN10\\richard"}}
{"LogSource":"Microsoft-Windows-Sysmon/Operational","EventId":22,"TimeCreated":"2024-10-10T23:54:41.3150127-07:00","RecordId":172421,"MachineName":"Win10","EventData":{"RuleName":"-","UtcTime":"2024-10-11 06:54:39.219","ProcessGuid":"{53968da7-cbaf-6708-3403-00000000fb00}","ProcessId":"2924","QueryName":"m.youtube.com.","QueryStatus":"0","QueryResults":"142.250.217.78;","Image":"C:\\Program Files\\Mozilla Firefox\\firefox.exe","User":"WIN10\\richard"}}
{"LogSource":"Microsoft-Windows-Sysmon/Operational","EventId":22,"TimeCreated":"2024-10-10T23:54:41.3162241-07:00","RecordId":172422,"MachineName":"Win10","EventData":{"RuleName":"-","UtcTime":"2024-10-11 06:54:39.219","ProcessGuid":"{53968da7-cbaf-6708-3403-00000000fb00}","ProcessId":"2924","QueryName":"youtube.googleapis.com.","QueryStatus":"0","QueryResults":"142.251.215.234;172.217.14.202;172.217.14.234;142.250.69.202;142.251.33.106;142.251.211.234;142.251.33.74;142.250.217.74;142.250.217.106;","Image":"C:\\Program Files\\Mozilla Firefox\\firefox.exe","User":"WIN10\\richard"}}
{"LogSource":"Microsoft-Windows-Sysmon/Operational","EventId":22,"TimeCreated":"2024-10-10T23:54:41.3174006-07:00","RecordId":172423,"MachineName":"Win10","EventData":{"RuleName":"-","UtcTime":"2024-10-11 06:54:39.219","ProcessGuid":"{53968da7-cbaf-6708-3403-00000000fb00}","ProcessId":"2924","QueryName":"restrictmoderate.youtube.com.","QueryStatus":"0","QueryResults":"216.239.38.119;","Image":"C:\\Program Files\\Mozilla Firefox\\firefox.exe","User":"WIN10\\richard"}}
{"LogSource":"Microsoft-Windows-Sysmon/Operational","EventId":22,"TimeCreated":"2024-10-10T23:54:41.3186339-07:00","RecordId":172424,"MachineName":"Win10","EventData":{"RuleName":"-","UtcTime":"2024-10-11 06:54:39.220","ProcessGuid":"{53968da7-cbaf-6708-3403-00000000fb00}","ProcessId":"2924","QueryName":"forcesafesearch.google.com.","QueryStatus":"0","QueryResults":"216.239.38.120;","Image":"C:\\Program Files\\Mozilla Firefox\\firefox.exe","User":"WIN10\\richard"}}
{"LogSource":"Microsoft-Windows-Sysmon/Operational","EventId":22,"TimeCreated":"2024-10-10T23:54:41.3197826-07:00","RecordId":172425,"MachineName":"Win10","EventData":{"RuleName":"-","UtcTime":"2024-10-11 06:54:39.220","ProcessGuid":"{53968da7-cbaf-6708-3403-00000000fb00}","ProcessId":"2924","QueryName":"forcesafesearch.google.com","QueryStatus":"0","QueryResults":"216.239.38.120;","Image":"C:\\Program Files\\Mozilla Firefox\\firefox.exe","User":"WIN10\\richard"}}
{"LogSource":"Microsoft-Windows-Sysmon/Operational","EventId":22,"TimeCreated":"2024-10-10T23:54:41.3209612-07:00","RecordId":172426,"MachineName":"Win10","EventData":{"RuleName":"-","UtcTime":"2024-10-11 06:54:39.220","ProcessGuid":"{53968da7-cbaf-6708-3403-00000000fb00}","ProcessId":"2924","QueryName":"www.youtube.com.","QueryStatus":"0","QueryResults":"type:  5 youtube-ui.l.google.com;142.251.211.238;142.251.33.78;142.250.217.78;142.250.217.110;142.251.215.238;172.217.14.238;142.250.69.206;142.251.33.110;","Image":"C:\\Program Files\\Mozilla Firefox\\firefox.exe","User":"WIN10\\richard"}}
{"LogSource":"Microsoft-Windows-Sysmon/Operational","EventId":22,"TimeCreated":"2024-10-10T23:54:41.3221291-07:00","RecordId":172427,"MachineName":"Win10","EventData":{"RuleName":"-","UtcTime":"2024-10-11 06:54:39.220","ProcessGuid":"{53968da7-cbaf-6708-3403-00000000fb00}","ProcessId":"2924","QueryName":"m.youtube.com.","QueryStatus":"0","QueryResults":"142.250.217.78;","Image":"C:\\Program Files\\Mozilla Firefox\\firefox.exe","User":"WIN10\\richard"}}
{"LogSource":"Microsoft-Windows-Sysmon/Operational","EventId":22,"TimeCreated":"2024-10-10T23:54:41.3232539-07:00","RecordId":172428,"MachineName":"Win10","EventData":{"RuleName":"-","UtcTime":"2024-10-11 06:54:39.220","ProcessGuid":"{53968da7-cbaf-6708-3403-00000000fb00}","ProcessId":"2924","QueryName":"m.youtube.com","QueryStatus":"0","QueryResults":"142.250.217.78;","Image":"C:\\Program Files\\Mozilla Firefox\\firefox.exe","User":"WIN10\\richard"}}
{"LogSource":"Microsoft-Windows-Sysmon/Operational","EventId":22,"TimeCreated":"2024-10-10T23:54:41.3244524-07:00","RecordId":172429,"MachineName":"Win10","EventData":{"RuleName":"-","UtcTime":"2024-10-11 06:54:39.220","ProcessGuid":"{53968da7-cbaf-6708-3403-00000000fb00}","ProcessId":"2924","QueryName":"restrictmoderate.youtube.com.","QueryStatus":"0","QueryResults":"216.239.38.119;","Image":"C:\\Program Files\\Mozilla Firefox\\firefox.exe","User":"WIN10\\richard"}}
{"LogSource":"Microsoft-Windows-Sysmon/Operational","EventId":22,"TimeCreated":"2024-10-10T23:54:41.3255949-07:00","RecordId":172430,"MachineName":"Win10","EventData":{"RuleName":"-","UtcTime":"2024-10-11 06:54:39.220","ProcessGuid":"{53968da7-cbaf-6708-3403-00000000fb00}","ProcessId":"2924","QueryName":"youtube.googleapis.com.","QueryStatus":"0","QueryResults":"142.251.215.234;172.217.14.202;172.217.14.234;142.250.69.202;142.251.33.106;142.251.211.234;142.251.33.74;142.250.217.74;142.250.217.106;","Image":"C:\\Program Files\\Mozilla Firefox\\firefox.exe","User":"WIN10\\richard"}}
{"LogSource":"Microsoft-Windows-Sysmon/Operational","EventId":22,"TimeCreated":"2024-10-10T23:54:41.3268671-07:00","RecordId":172431,"MachineName":"Win10","EventData":{"RuleName":"-","UtcTime":"2024-10-11 06:54:39.220","ProcessGuid":"{53968da7-cbaf-6708-3403-00000000fb00}","ProcessId":"2924","QueryName":"restrictmoderate.youtube.com","QueryStatus":"0","QueryResults":"216.239.38.119;","Image":"C:\\Program Files\\Mozilla Firefox\\firefox.exe","User":"WIN10\\richard"}}
{"LogSource":"Microsoft-Windows-Sysmon/Operational","EventId":22,"TimeCreated":"2024-10-10T23:54:41.3281804-07:00","RecordId":172432,"MachineName":"Win10","EventData":{"RuleName":"-","UtcTime":"2024-10-11 06:54:39.221","ProcessGuid":"{53968da7-cbaf-6708-3403-00000000fb00}","ProcessId":"2924","QueryName":"youtube.googleapis.com","QueryStatus":"0","QueryResults":"142.251.215.234;172.217.14.202;172.217.14.234;142.250.69.202;142.251.33.106;142.251.211.234;142.251.33.74;142.250.217.74;142.250.217.106;","Image":"C:\\Program Files\\Mozilla Firefox\\firefox.exe","User":"WIN10\\richard"}}
{"LogSource":"Microsoft-Windows-Sysmon/Operational","EventId":22,"TimeCreated":"2024-10-10T23:54:41.3295215-07:00","RecordId":172433,"MachineName":"Win10","EventData":{"RuleName":"-","UtcTime":"2024-10-11 06:54:39.229","ProcessGuid":"{53968da7-cbaf-6708-3403-00000000fb00}","ProcessId":"2924","QueryName":"www.google.com.","QueryStatus":"0","QueryResults":"142.251.215.228;","Image":"C:\\Program Files\\Mozilla Firefox\\firefox.exe","User":"WIN10\\richard"}}
{"LogSource":"Microsoft-Windows-Sysmon/Operational","EventId":22,"TimeCreated":"2024-10-10T23:54:41.3309315-07:00","RecordId":172434,"MachineName":"Win10","EventData":{"RuleName":"-","UtcTime":"2024-10-11 06:54:39.229","ProcessGuid":"{53968da7-cbaf-6708-3403-00000000fb00}","ProcessId":"2924","QueryName":"www.google.com.","QueryStatus":"0","QueryResults":"142.251.215.228;","Image":"C:\\Program Files\\Mozilla Firefox\\firefox.exe","User":"WIN10\\richard"}}
{"LogSource":"Microsoft-Windows-Sysmon/Operational","EventId":22,"TimeCreated":"2024-10-10T23:54:41.3320567-07:00","RecordId":172435,"MachineName":"Win10","EventData":{"RuleName":"-","UtcTime":"2024-10-11 06:54:39.229","ProcessGuid":"{53968da7-cbaf-6708-3403-00000000fb00}","ProcessId":"2924","QueryName":"www.google.com","QueryStatus":"0","QueryResults":"142.251.215.228;","Image":"C:\\Program Files\\Mozilla Firefox\\firefox.exe","User":"WIN10\\richard"}}
{"LogSource":"Microsoft-Windows-Sysmon/Operational","EventId":22,"TimeCreated":"2024-10-10T23:54:41.3332371-07:00","RecordId":172436,"MachineName":"Win10","EventData":{"RuleName":"-","UtcTime":"2024-10-11 06:54:39.230","ProcessGuid":"{53968da7-cbaf-6708-3403-00000000fb00}","ProcessId":"2924","QueryName":"use-application-dns.net.","QueryStatus":"0","QueryResults":"35.190.14.201;","Image":"C:\\Program Files\\Mozilla Firefox\\firefox.exe","User":"WIN10\\richard"}}
{"LogSource":"Microsoft-Windows-Sysmon/Operational","EventId":22,"TimeCreated":"2024-10-10T23:54:41.3344267-07:00","RecordId":172437,"MachineName":"Win10","EventData":{"RuleName":"-","UtcTime":"2024-10-11 06:54:39.230","ProcessGuid":"{53968da7-cbaf-6708-3403-00000000fb00}","ProcessId":"2924","QueryName":"youtubei.googleapis.com.","QueryStatus":"0","QueryResults":"142.250.217.74;142.250.217.106;142.251.215.234;172.217.14.202;172.217.14.234;142.250.69.202;142.251.33.106;142.251.211.234;142.251.33.74;","Image":"C:\\Program Files\\Mozilla Firefox\\firefox.exe","User":"WIN10\\richard"}}
{"LogSource":"Microsoft-Windows-Sysmon/Operational","EventId":22,"TimeCreated":"2024-10-10T23:54:41.3355492-07:00","RecordId":172438,"MachineName":"Win10","EventData":{"RuleName":"-","UtcTime":"2024-10-11 06:54:39.230","ProcessGuid":"{53968da7-cbaf-6708-3403-00000000fb00}","ProcessId":"2924","QueryName":"restrict.youtube.com.","QueryStatus":"0","QueryResults":"216.239.38.120;","Image":"C:\\Program Files\\Mozilla Firefox\\firefox.exe","User":"WIN10\\richard"}}
{"LogSource":"Microsoft-Windows-Sysmon/Operational","EventId":22,"TimeCreated":"2024-10-10T23:54:41.3367553-07:00","RecordId":172439,"MachineName":"Win10","EventData":{"RuleName":"-","UtcTime":"2024-10-11 06:54:39.230","ProcessGuid":"{53968da7-cbaf-6708-3403-00000000fb00}","ProcessId":"2924","QueryName":"use-application-dns.net.","QueryStatus":"0","QueryResults":"35.190.14.201;","Image":"C:\\Program Files\\Mozilla Firefox\\firefox.exe","User":"WIN10\\richard"}}
{"LogSource":"Microsoft-Windows-Sysmon/Operational","EventId":22,"TimeCreated":"2024-10-10T23:54:41.3379377-07:00","RecordId":172440,"MachineName":"Win10","EventData":{"RuleName":"-","UtcTime":"2024-10-11 06:54:39.230","ProcessGuid":"{53968da7-cbaf-6708-3403-00000000fb00}","ProcessId":"2924","QueryName":"restrict.youtube.com.","QueryStatus":"0","QueryResults":"216.239.38.120;","Image":"C:\\Program Files\\Mozilla Firefox\\firefox.exe","User":"WIN10\\richard"}}
{"LogSource":"Microsoft-Windows-Sysmon/Operational","EventId":22,"TimeCreated":"2024-10-10T23:54:41.3391956-07:00","RecordId":172441,"MachineName":"Win10","EventData":{"RuleName":"-","UtcTime":"2024-10-11 06:54:39.230","ProcessGuid":"{53968da7-cbaf-6708-3403-00000000fb00}","ProcessId":"2924","QueryName":"youtubei.googleapis.com.","QueryStatus":"0","QueryResults":"142.250.217.74;142.250.217.106;142.251.215.234;172.217.14.202;172.217.14.234;142.250.69.202;142.251.33.106;142.251.211.234;142.251.33.74;","Image":"C:\\Program Files\\Mozilla Firefox\\firefox.exe","User":"WIN10\\richard"}}
{"LogSource":"Microsoft-Windows-Sysmon/Operational","EventId":22,"TimeCreated":"2024-10-10T23:54:41.3403942-07:00","RecordId":172442,"MachineName":"Win10","EventData":{"RuleName":"-","UtcTime":"2024-10-11 06:54:39.230","ProcessGuid":"{53968da7-cbaf-6708-3403-00000000fb00}","ProcessId":"2924","QueryName":"use-application-dns.net","QueryStatus":"0","QueryResults":"35.190.14.201;","Image":"C:\\Program Files\\Mozilla Firefox\\firefox.exe","User":"WIN10\\richard"}}
{"LogSource":"Microsoft-Windows-Sysmon/Operational","EventId":22,"TimeCreated":"2024-10-10T23:54:41.3416891-07:00","RecordId":172443,"MachineName":"Win10","EventData":{"RuleName":"-","UtcTime":"2024-10-11 06:54:39.230","ProcessGuid":"{53968da7-cbaf-6708-3403-00000000fb00}","ProcessId":"2924","QueryName":"google.com.","QueryStatus":"0","QueryResults":"142.251.33.110;","Image":"C:\\Program Files\\Mozilla Firefox\\firefox.exe","User":"WIN10\\richard"}}
{"LogSource":"Microsoft-Windows-Sysmon/Operational","EventId":22,"TimeCreated":"2024-10-10T23:54:41.3429180-07:00","RecordId":172444,"MachineName":"Win10","EventData":{"RuleName":"-","UtcTime":"2024-10-11 06:54:39.230","ProcessGuid":"{53968da7-cbaf-6708-3403-00000000fb00}","ProcessId":"2924","QueryName":"restrict.youtube.com","QueryStatus":"0","QueryResults":"216.239.38.120;","Image":"C:\\Program Files\\Mozilla Firefox\\firefox.exe","User":"WIN10\\richard"}}
{"LogSource":"Microsoft-Windows-Sysmon/Operational","EventId":22,"TimeCreated":"2024-10-10T23:54:41.3440971-07:00","RecordId":172445,"MachineName":"Win10","EventData":{"RuleName":"-","UtcTime":"2024-10-11 06:54:39.230","ProcessGuid":"{53968da7-cbaf-6708-3403-00000000fb00}","ProcessId":"2924","QueryName":"youtubei.googleapis.com","QueryStatus":"0","QueryResults":"142.250.217.74;142.250.217.106;142.251.215.234;172.217.14.202;172.217.14.234;142.250.69.202;142.251.33.106;142.251.211.234;142.251.33.74;","Image":"C:\\Program Files\\Mozilla Firefox\\firefox.exe","User":"WIN10\\richard"}}
{"LogSource":"Microsoft-Windows-Sysmon/Operational","EventId":22,"TimeCreated":"2024-10-10T23:54:41.3453073-07:00","RecordId":172446,"MachineName":"Win10","EventData":{"RuleName":"-","UtcTime":"2024-10-11 06:54:39.230","ProcessGuid":"{53968da7-cbaf-6708-3403-00000000fb00}","ProcessId":"2924","QueryName":"google.com.","QueryStatus":"0","QueryResults":"142.251.33.110;","Image":"C:\\Program Files\\Mozilla Firefox\\firefox.exe","User":"WIN10\\richard"}}
{"LogSource":"Microsoft-Windows-Sysmon/Operational","EventId":22,"TimeCreated":"2024-10-10T23:54:41.3465736-07:00","RecordId":172447,"MachineName":"Win10","EventData":{"RuleName":"-","UtcTime":"2024-10-11 06:54:39.231","ProcessGuid":"{53968da7-cbaf-6708-3403-00000000fb00}","ProcessId":"2924","QueryName":"google.com","QueryStatus":"0","QueryResults":"142.251.33.110;","Image":"C:\\Program Files\\Mozilla Firefox\\firefox.exe","User":"WIN10\\richard"}}
{"LogSource":"Microsoft-Windows-Sysmon/Operational","EventId":22,"TimeCreated":"2024-10-10T23:54:41.3478975-07:00","RecordId":172448,"MachineName":"Win10","EventData":{"RuleName":"-","UtcTime":"2024-10-11 06:54:39.231","ProcessGuid":"{53968da7-cbaf-6708-3403-00000000fb00}","ProcessId":"2924","QueryName":"youtube-ui.l.google.com","QueryStatus":"0","QueryResults":"142.250.217.110;142.251.215.238;172.217.14.238;142.250.69.206;142.251.33.110;142.251.211.238;142.251.33.78;142.250.217.78;","Image":"C:\\Program Files\\Mozilla Firefox\\firefox.exe","User":"WIN10\\richard"}}
{"LogSource":"Microsoft-Windows-Sysmon/Operational","EventId":22,"TimeCreated":"2024-10-10T23:54:41.3503248-07:00","RecordId":172450,"MachineName":"Win10","EventData":{"RuleName":"-","UtcTime":"2024-10-11 06:54:39.231","ProcessGuid":"{53968da7-cbaf-6708-3403-00000000fb00}","ProcessId":"2924","QueryName":"www.youtube-nocookie.com.","QueryStatus":"0","QueryResults":"type:  5 youtube-ui.l.google.com;142.251.215.238;172.217.14.238;142.250.69.206;142.251.33.110;142.251.211.238;142.251.33.78;142.250.217.78;142.250.217.110;","Image":"C:\\Program Files\\Mozilla Firefox\\firefox.exe","User":"WIN10\\richard"}}
{"LogSource":"Microsoft-Windows-Sysmon/Operational","EventId":22,"TimeCreated":"2024-10-10T23:54:41.3514971-07:00","RecordId":172451,"MachineName":"Win10","EventData":{"RuleName":"-","UtcTime":"2024-10-11 06:54:39.231","ProcessGuid":"{53968da7-cbaf-6708-3403-00000000fb00}","ProcessId":"2924","QueryName":"sitereview.zscaler.com.","QueryStatus":"0","QueryResults":"104.129.193.93;","Image":"C:\\Program Files\\Mozilla Firefox\\firefox.exe","User":"WIN10\\richard"}}
{"LogSource":"Microsoft-Windows-Sysmon/Operational","EventId":22,"TimeCreated":"2024-10-10T23:54:41.3491223-07:00","RecordId":172449,"MachineName":"Win10","EventData":{"RuleName":"-","UtcTime":"2024-10-11 06:54:39.231","ProcessGuid":"{53968da7-cbaf-6708-3403-00000000fb00}","ProcessId":"2924","QueryName":"sitereview.zscaler.com.","QueryStatus":"0","QueryResults":"104.129.193.93;","Image":"C:\\Program Files\\Mozilla Firefox\\firefox.exe","User":"WIN10\\richard"}}
{"LogSource":"Microsoft-Windows-Sysmon/Operational","EventId":22,"TimeCreated":"2024-10-10T23:54:41.3539692-07:00","RecordId":172453,"MachineName":"Win10","EventData":{"RuleName":"-","UtcTime":"2024-10-11 06:54:39.231","ProcessGuid":"{53968da7-cbaf-6708-3403-00000000fb00}","ProcessId":"2924","QueryName":"sitereview.zscaler.com","QueryStatus":"0","QueryResults":"104.129.193.93;","Image":"C:\\Program Files\\Mozilla Firefox\\firefox.exe","User":"WIN10\\richard"}}
{"LogSource":"Microsoft-Windows-Sysmon/Operational","EventId":22,"TimeCreated":"2024-10-10T23:54:41.3553495-07:00","RecordId":172454,"MachineName":"Win10","EventData":{"RuleName":"-","UtcTime":"2024-10-11 06:54:39.231","ProcessGuid":"{53968da7-cbaf-6708-3403-00000000fb00}","ProcessId":"2924","QueryName":"youtube-ui.l.google.com","QueryStatus":"0","QueryResults":"142.250.217.110;142.251.215.238;172.217.14.238;142.250.69.206;142.251.33.110;142.251.211.238;142.251.33.78;142.250.217.78;","Image":"C:\\Program Files\\Mozilla Firefox\\firefox.exe","User":"WIN10\\richard"}}
{"LogSource":"Microsoft-Windows-Sysmon/Operational","EventId":22,"TimeCreated":"2024-10-10T23:54:41.3569172-07:00","RecordId":172455,"MachineName":"Win10","EventData":{"RuleName":"-","UtcTime":"2024-10-11 06:54:39.238","ProcessGuid":"{53968da7-cbaf-6708-3403-00000000fb00}","ProcessId":"2924","QueryName":"private.canadianshield.cira.ca","QueryStatus":"0","QueryResults":"2620:10a:80bb::10;2620:10a:80bc::10;::ffff:149.112.122.10;::ffff:149.112.121.10;","Image":"C:\\Program Files\\Mozilla Firefox\\firefox.exe","User":"WIN10\\richard"}}
{"LogSource":"Microsoft-Windows-Sysmon/Operational","EventId":22,"TimeCreated":"2024-10-10T23:54:41.3618515-07:00","RecordId":172456,"MachineName":"Win10","EventData":{"RuleName":"-","UtcTime":"2024-10-11 06:54:39.239","ProcessGuid":"{53968da7-cbaf-6708-3403-00000000fb00}","ProcessId":"2924","QueryName":"private.canadianshield.cira.ca","QueryStatus":"0","QueryResults":"2620:10a:80bb::10;2620:10a:80bc::10;::ffff:149.112.122.10;::ffff:149.112.121.10;","Image":"C:\\Program Files\\Mozilla Firefox\\firefox.exe","User":"WIN10\\richard"}}
{"LogSource":"Microsoft-Windows-Sysmon/Operational","EventId":22,"TimeCreated":"2024-10-10T23:54:41.3630386-07:00","RecordId":172457,"MachineName":"Win10","EventData":{"RuleName":"-","UtcTime":"2024-10-11 06:54:39.239","ProcessGuid":"{53968da7-cbaf-6708-3403-00000000fb00}","ProcessId":"2924","QueryName":"private.canadianshield.cira.ca","QueryStatus":"0","QueryResults":"149.112.121.10;149.112.122.10;","Image":"C:\\Program Files\\Mozilla Firefox\\firefox.exe","User":"WIN10\\richard"}}
{"LogSource":"Microsoft-Windows-Sysmon/Operational","EventId":22,"TimeCreated":"2024-10-10T23:54:41.3642478-07:00","RecordId":172458,"MachineName":"Win10","EventData":{"RuleName":"-","UtcTime":"2024-10-11 06:54:39.239","ProcessGuid":"{53968da7-cbaf-6708-3403-00000000fb00}","ProcessId":"2924","QueryName":"private.canadianshield.cira.ca","QueryStatus":"0","QueryResults":"2620:10a:80bc::10;2620:10a:80bb::10;","Image":"C:\\Program Files\\Mozilla Firefox\\firefox.exe","User":"WIN10\\richard"}}
{"LogSource":"Microsoft-Windows-Sysmon/Operational","EventId":22,"TimeCreated":"2024-10-10T23:54:41.3654205-07:00","RecordId":172459,"MachineName":"Win10","EventData":{"RuleName":"-","UtcTime":"2024-10-11 06:54:39.248","ProcessGuid":"{53968da7-cbaf-6708-3403-00000000fb00}","ProcessId":"2924","QueryName":"mozilla.cloudflare-dns.com","QueryStatus":"0","QueryResults":"2a06:98c1:52::4;2803:f800:53::4;::ffff:172.64.41.4;::ffff:162.159.61.4;","Image":"C:\\Program Files\\Mozilla Firefox\\firefox.exe","User":"WIN10\\richard"}}
{"LogSource":"Microsoft-Windows-Sysmon/Operational","EventId":22,"TimeCreated":"2024-10-10T23:54:41.3678456-07:00","RecordId":172461,"MachineName":"Win10","EventData":{"RuleName":"-","UtcTime":"2024-10-11 06:54:39.253","ProcessGuid":"{53968da7-cbaf-6708-3403-00000000fb00}","ProcessId":"2924","QueryName":"mozilla.cloudflare-dns.com","QueryStatus":"0","QueryResults":"162.159.61.4;172.64.41.4;","Image":"C:\\Program Files\\Mozilla Firefox\\firefox.exe","User":"WIN10\\richard"}}
{"LogSource":"Microsoft-Windows-Sysmon/Operational","EventId":22,"TimeCreated":"2024-10-10T23:54:41.3666288-07:00","RecordId":172460,"MachineName":"Win10","EventData":{"RuleName":"-","UtcTime":"2024-10-11 06:54:39.248","ProcessGuid":"{53968da7-cbaf-6708-3403-00000000fb00}","ProcessId":"2924","QueryName":"mozilla.cloudflare-dns.com","QueryStatus":"0","QueryResults":"2a06:98c1:52::4;2803:f800:53::4;::ffff:172.64.41.4;::ffff:162.159.61.4;","Image":"C:\\Program Files\\Mozilla Firefox\\firefox.exe","User":"WIN10\\richard"}}
{"LogSource":"Microsoft-Windows-Sysmon/Operational","EventId":22,"TimeCreated":"2024-10-10T23:54:41.3690738-07:00","RecordId":172462,"MachineName":"Win10","EventData":{"RuleName":"-","UtcTime":"2024-10-11 06:54:39.253","ProcessGuid":"{53968da7-cbaf-6708-3403-00000000fb00}","ProcessId":"2924","QueryName":"mozilla.cloudflare-dns.com","QueryStatus":"0","QueryResults":"2803:f800:53::4;2a06:98c1:52::4;","Image":"C:\\Program Files\\Mozilla Firefox\\firefox.exe","User":"WIN10\\richard"}}
{"LogSource":"Microsoft-Windows-Sysmon/Operational","EventId":22,"TimeCreated":"2024-10-10T23:54:41.3702904-07:00","RecordId":172463,"MachineName":"Win10","EventData":{"RuleName":"-","UtcTime":"2024-10-11 06:54:39.293","ProcessGuid":"{53968da7-cbaf-6708-3403-00000000fb00}","ProcessId":"2924","QueryName":"doh.test.","QueryStatus":"9003","QueryResults":"-","Image":"C:\\Program Files\\Mozilla Firefox\\firefox.exe","User":"WIN10\\richard"}}
{"LogSource":"Microsoft-Windows-Sysmon/Operational","EventId":22,"TimeCreated":"2024-10-10T23:54:41.3726513-07:00","RecordId":172465,"MachineName":"Win10","EventData":{"RuleName":"-","UtcTime":"2024-10-11 06:54:39.677","ProcessGuid":"{53968da7-cbaf-6708-3403-00000000fb00}","ProcessId":"2924","QueryName":"example.org","QueryStatus":"0","QueryResults":"2606:2800:21f:cb07:6820:80da:af6b:8b2c;::ffff:93.184.215.14;","Image":"C:\\Program Files\\Mozilla Firefox\\firefox.exe","User":"WIN10\\richard"}}
{"LogSource":"Microsoft-Windows-Sysmon/Operational","EventId":22,"TimeCreated":"2024-10-10T23:54:41.3739042-07:00","RecordId":172466,"MachineName":"Win10","EventData":{"RuleName":"-","UtcTime":"2024-10-11 06:54:39.678","ProcessGuid":"{53968da7-cbaf-6708-3403-00000000fb00}","ProcessId":"2924","QueryName":"example.org","QueryStatus":"0","QueryResults":"2606:2800:21f:cb07:6820:80da:af6b:8b2c;::ffff:93.184.215.14;","Image":"C:\\Program Files\\Mozilla Firefox\\firefox.exe","User":"WIN10\\richard"}}
{"LogSource":"Microsoft-Windows-Sysmon/Operational","EventId":22,"TimeCreated":"2024-10-10T23:54:41.3751536-07:00","RecordId":172467,"MachineName":"Win10","EventData":{"RuleName":"-","UtcTime":"2024-10-11 06:54:39.678","ProcessGuid":"{53968da7-cbaf-6708-3403-00000000fb00}","ProcessId":"2924","QueryName":"example.org","QueryStatus":"0","QueryResults":"93.184.215.14;","Image":"C:\\Program Files\\Mozilla Firefox\\firefox.exe","User":"WIN10\\richard"}}
{"LogSource":"Microsoft-Windows-Sysmon/Operational","EventId":22,"TimeCreated":"2024-10-10T23:54:41.3764751-07:00","RecordId":172468,"MachineName":"Win10","EventData":{"RuleName":"-","UtcTime":"2024-10-11 06:54:39.689","ProcessGuid":"{53968da7-cbaf-6708-3403-00000000fb00}","ProcessId":"2924","QueryName":"example.org","QueryStatus":"0","QueryResults":"93.184.215.14;","Image":"C:\\Program Files\\Mozilla Firefox\\firefox.exe","User":"WIN10\\richard"}}
{"LogSource":"Microsoft-Windows-Sysmon/Operational","EventId":22,"TimeCreated":"2024-10-10T23:54:41.3778725-07:00","RecordId":172469,"MachineName":"Win10","EventData":{"RuleName":"-","UtcTime":"2024-10-11 06:54:39.689","ProcessGuid":"{53968da7-cbaf-6708-3403-00000000fb00}","ProcessId":"2924","QueryName":"example.org","QueryStatus":"0","QueryResults":"2606:2800:21f:cb07:6820:80da:af6b:8b2c;","Image":"C:\\Program Files\\Mozilla Firefox\\firefox.exe","User":"WIN10\\richard"}}
{"LogSource":"Microsoft-Windows-Sysmon/Operational","EventId":22,"TimeCreated":"2024-10-10T23:54:41.3792119-07:00","RecordId":172470,"MachineName":"Win10","EventData":{"RuleName":"-","UtcTime":"2024-10-11 06:54:39.689","ProcessGuid":"{53968da7-cbaf-6708-3403-00000000fb00}","ProcessId":"2924","QueryName":"detectportal.firefox.com","QueryStatus":"0","QueryResults":"type:  5 detectportal.prod.mozaws.net;type:  5 prod.detectportal.prod.cloudops.mozgcp.net;2600:1901:0:38d7::;::ffff:34.107.221.82;","Image":"C:\\Program Files\\Mozilla Firefox\\firefox.exe","User":"WIN10\\richard"}}
{"LogSource":"Microsoft-Windows-Sysmon/Operational","EventId":22,"TimeCreated":"2024-10-10T23:54:41.3714824-07:00","RecordId":172464,"MachineName":"Win10","EventData":{"RuleName":"-","UtcTime":"2024-10-11 06:54:39.677","ProcessGuid":"{53968da7-cbaf-6708-3403-00000000fb00}","ProcessId":"2924","QueryName":"example.org","QueryStatus":"0","QueryResults":"93.184.215.14;","Image":"C:\\Program Files\\Mozilla Firefox\\firefox.exe","User":"WIN10\\richard"}}
{"LogSource":"Microsoft-Windows-Sysmon/Operational","EventId":22,"TimeCreated":"2024-10-10T23:54:41.3805382-07:00","RecordId":172471,"MachineName":"Win10","EventData":{"RuleName":"-","UtcTime":"2024-10-11 06:54:39.689","ProcessGuid":"{53968da7-cbaf-6708-3403-00000000fb00}","ProcessId":"2924","QueryName":"detectportal.firefox.com","QueryStatus":"0","QueryResults":"type:  5 detectportal.prod.mozaws.net;type:  5 prod.detectportal.prod.cloudops.mozgcp.net;2600:1901:0:38d7::;::ffff:34.107.221.82;","Image":"C:\\Program Files\\Mozilla Firefox\\firefox.exe","User":"WIN10\\richard"}}
{"LogSource":"Microsoft-Windows-Sysmon/Operational","EventId":22,"TimeCreated":"2024-10-10T23:54:41.3526758-07:00","RecordId":172452,"MachineName":"Win10","EventData":{"RuleName":"-","UtcTime":"2024-10-11 06:54:39.231","ProcessGuid":"{53968da7-cbaf-6708-3403-00000000fb00}","ProcessId":"2924","QueryName":"www.youtube-nocookie.com.","QueryStatus":"0","QueryResults":"type:  5 youtube-ui.l.google.com;142.251.215.238;172.217.14.238;142.250.69.206;142.251.33.110;142.251.211.238;142.251.33.78;142.250.217.78;142.250.217.110;","Image":"C:\\Program Files\\Mozilla Firefox\\firefox.exe","User":"WIN10\\richard"}}
