{"LogSource":"Microsoft-Windows-Sysmon/Operational","EventId":1,"TimeCreated":"2024-10-10T23:10:15.1902734-07:00","RecordId":171630,"MachineName":"Win10","EventData":{"RuleName":"-","UtcTime":"2024-10-11 06:10:15.184","ProcessGuid":"{53968da7-c147-6708-e101-00000000fb00}","ProcessId":"116","Image":"C:\\Program Files (x86)\\Windows Media Player\\wmplayer.exe","FileVersion":"12.0.19041.3636 (WinBuild.160101.0800)","Description":"Windows Media Player","Product":"Microsoft® Windows® Operating System","Company":"Microsoft Corporation","OriginalFileName":"wmplayer.exe","CommandLine":"\"C:\\Program Files (x86)\\Windows Media Player\\wmplayer.exe\" ","CurrentDirectory":"C:\\Windows\\system32\\","User":"WIN10\\richard","LogonGuid":"{53968da7-b202-6708-7195-020000000000}","LogonId":"0x29571","TerminalSessionId":"1","IntegrityLevel":"High","Hashes":"MD5=AB48E42633B738E114DB94CD99E919B7,SHA256=407E3AAE5E533719998055A1A949AB2EC6224EA42918A000596225E30C8D2BF8,IMPHASH=4C7D471D886B447BB6DF2D2962D0414C","ParentProcessGuid":"{53968da7-be30-6708-5201-00000000fb00}","ParentProcessId":"6876","ParentImage":"C:\\Windows\\System32\\WindowsPowerShell\\v1.0\\powershell_ise.exe","ParentCommandLine":"\"C:\\Windows\\system32\\WindowsPowerShell\\v1.0\\PowerShell_ISE.exe\" ","ParentUser":"WIN10\\richard"}}
{"LogSource":"Microsoft-Windows-Sysmon/Operational","EventId":11,"TimeCreated":"2024-10-10T23:10:15.8255508-07:00","RecordId":171631,"MachineName":"Win10","EventData":{"RuleName":"DLL","UtcTime":"2024-10-11 06:10:15.821","ProcessGuid":"{53968da7-be78-6708-7301-00000000fb00}","ProcessId":"8092","Image":"C:\\Windows\\system32\\svchost.exe","TargetFilename":"C:\\Windows\\ServiceProfiles\\LocalService\\AppData\\Roaming\\Microsoft\\UPnP Device Host\\upnphost\\udhisapi.dll","CreationUtcTime":"2024-04-25 07:38:02.666","User":"NT AUTHORITY\\LOCAL SERVICE"}}
{"LogSource":"Microsoft-Windows-Sysmon/Operational","EventId":1,"TimeCreated":"2024-10-10T23:12:29.4745988-07:00","RecordId":171632,"MachineName":"Win10","EventData":{"RuleName":"-","UtcTime":"2024-10-11 06:12:29.471","ProcessGuid":"{53968da7-c1cd-6708-e301-00000000fb00}","ProcessId":"6448","Image":"C:\\Program Files\\Google\\Chrome\\Application\\chrome.exe","FileVersion":"129.0.6668.100","Description":"Google Chrome","Product":"Google Chrome","Company":"Google LLC","OriginalFileName":"chrome.exe","CommandLine":"\"C:\\Program Files\\Google\\Chrome\\Application\\chrome.exe\" https://www.cnn.com ","CurrentDirectory":"C:\\Windows\\system32\\","User":"WIN10\\richard","LogonGuid":"{53968da7-b202-6708-7195-020000000000}","LogonId":"0x29571","TerminalSessionId":"1","IntegrityLevel":"High","Hashes":"MD5=47679449E8A738D8B1849668622E7C9E,SHA256=2D2A32CBCCED69610445D92965CA710EF2DA89C3788EBB98FF8612EBFFAC917B,IMPHASH=8AA69BFB46216FA413519FB53924B2F9","ParentProcessGuid":"{53968da7-be30-6708-5201-00000000fb00}","ParentProcessId":"6876","ParentImage":"C:\\Windows\\System32\\WindowsPowerShell\\v1.0\\powershell_ise.exe","ParentCommandLine":"\"C:\\Windows\\system32\\WindowsPowerShell\\v1.0\\PowerShell_ISE.exe\" ","ParentUser":"WIN10\\richard"}}
{"LogSource":"Microsoft-Windows-Sysmon/Operational","EventId":1,"TimeCreated":"2024-10-10T23:12:29.6162201-07:00","RecordId":171633,"MachineName":"Win10","EventData":{"RuleName":"-","UtcTime":"2024-10-11 06:12:29.614","ProcessGuid":"{53968da7-c1cd-6708-e701-00000000fb00}","ProcessId":"1960","Image":"C:\\Program Files\\Google\\Chrome\\Application\\129.0.6668.100\\elevation_service.exe","FileVersion":"129.0.6668.100","Description":"Google Chrome","Product":"Google Chrome","Company":"Google LLC","OriginalFileName":"elevation_service.exe","CommandLine":"\"C:\\Program Files\\Google\\Chrome\\Application\\129.0.6668.100\\elevation_service.exe\"","CurrentDirectory":"C:\\Windows\\system32\\","User":"NT AUTHORITY\\SYSTEM","LogonGuid":"{53968da7-b200-6708-e703-000000000000}","LogonId":"0x3e7","TerminalSessionId":"0","IntegrityLevel":"System","Hashes":"MD5=472B2328D62FEC7E774166FD75C18FF6,SHA256=56291421DA56A296F3F0AEF18CA0FB3C0925779EEE7B4734A07A24E59348D9CE,IMPHASH=E2CE387C73E135211A0D2FF087A2F9F3","ParentProcessGuid":"{53968da7-b1ff-6708-0b00-00000000fb00}","ParentProcessId":"740","ParentImage":"C:\\Windows\\System32\\services.exe","ParentCommandLine":"C:\\Windows\\system32\\services.exe","ParentUser":"NT AUTHORITY\\SYSTEM"}}
{"LogSource":"Microsoft-Windows-Sysmon/Operational","EventId":22,"TimeCreated":"2024-10-10T23:12:30.7963452-07:00","RecordId":171634,"MachineName":"Win10","EventData":{"RuleName":"-","UtcTime":"2024-10-11 06:12:28.561","ProcessGuid":"{53968da7-c1cd-6708-e601-00000000fb00}","ProcessId":"4852","QueryName":"wpad","QueryStatus":"9003","QueryResults":"-","Image":"C:\\Program Files\\Google\\Chrome\\Application\\chrome.exe","User":"WIN10\\richard"}}
{"LogSource":"Microsoft-Windows-Sysmon/Operational","EventId":22,"TimeCreated":"2024-10-10T23:12:31.8262502-07:00","RecordId":171635,"MachineName":"Win10","EventData":{"RuleName":"-","UtcTime":"2024-10-11 06:12:28.616","ProcessGuid":"{53968da7-c1cd-6708-e601-00000000fb00}","ProcessId":"4852","QueryName":"wpad","QueryStatus":"1223","QueryResults":"-","Image":"C:\\Program Files\\Google\\Chrome\\Application\\chrome.exe","User":"WIN10\\richard"}}
{"LogSource":"Microsoft-Windows-Sysmon/Operational","EventId":22,"TimeCreated":"2024-10-10T23:12:31.8269674-07:00","RecordId":171636,"MachineName":"Win10","EventData":{"RuleName":"-","UtcTime":"2024-10-11 06:12:28.616","ProcessGuid":"{53968da7-c1cd-6708-e601-00000000fb00}","ProcessId":"4852","QueryName":"wpad","QueryStatus":"1223","QueryResults":"-","Image":"C:\\Program Files\\Google\\Chrome\\Application\\chrome.exe","User":"WIN10\\richard"}}
{"LogSource":"Microsoft-Windows-Sysmon/Operational","EventId":22,"TimeCreated":"2024-10-10T23:12:32.8056052-07:00","RecordId":171637,"MachineName":"Win10","EventData":{"RuleName":"-","UtcTime":"2024-10-11 06:12:29.708","ProcessGuid":"{53968da7-c1cd-6708-e601-00000000fb00}","ProcessId":"4852","QueryName":"u.cdnwidget.com","QueryStatus":"9003","QueryResults":"-","Image":"C:\\Program Files\\Google\\Chrome\\Application\\chrome.exe","User":"WIN10\\richard"}}
{"LogSource":"Microsoft-Windows-Sysmon/Operational","EventId":22,"TimeCreated":"2024-10-10T23:12:33.8133233-07:00","RecordId":171638,"MachineName":"Win10","EventData":{"RuleName":"-","UtcTime":"2024-10-11 06:12:30.730","ProcessGuid":"{53968da7-c1cd-6708-e601-00000000fb00}","ProcessId":"4852","QueryName":"id.geistm.com","QueryStatus":"9003","QueryResults":"-","Image":"C:\\Program Files\\Google\\Chrome\\Application\\chrome.exe","User":"WIN10\\richard"}}
{"LogSource":"Microsoft-Windows-Sysmon/Operational","EventId":22,"TimeCreated":"2024-10-10T23:12:38.8612934-07:00","RecordId":171639,"MachineName":"Win10","EventData":{"RuleName":"-","UtcTime":"2024-10-11 06:12:36.579","ProcessGuid":"{53968da7-c1cd-6708-e601-00000000fb00}","ProcessId":"4852","QueryName":"wpad","QueryStatus":"9003","QueryResults":"-","Image":"C:\\Program Files\\Google\\Chrome\\Application\\chrome.exe","User":"WIN10\\richard"}}
{"LogSource":"Microsoft-Windows-Sysmon/Operational","EventId":1,"TimeCreated":"2024-10-10T23:12:53.6171219-07:00","RecordId":171640,"MachineName":"Win10","EventData":{"RuleName":"-","UtcTime":"2024-10-11 06:12:53.615","ProcessGuid":"{53968da7-c1e5-6708-0402-00000000fb00}","ProcessId":"7060","Image":"C:\\Program Files\\Windows NT\\Accessories\\wordpad.exe","FileVersion":"10.0.19041.5007 (WinBuild.160101.0800)","Description":"Windows Wordpad Application","Product":"Microsoft® Windows® Operating System","Company":"Microsoft Corporation","OriginalFileName":"WORDPAD.EXE","CommandLine":"\"C:\\Program Files\\Windows NT\\Accessories\\wordpad.exe\" ","CurrentDirectory":"C:\\Windows\\system32\\","User":"WIN10\\richard","LogonGuid":"{53968da7-b202-6708-7195-020000000000}","LogonId":"0x29571","TerminalSessionId":"1","IntegrityLevel":"High","Hashes":"MD5=09B94F3F82679DAD1EB15827655D4754,SHA256=C91594A4539B971A59EC301154114F21D0FC86ECA43AE064FD4DA56D4856C009,IMPHASH=9315BEF4B5484B572936D208E8B654A0","ParentProcessGuid":"{53968da7-be30-6708-5201-00000000fb00}","ParentProcessId":"6876","ParentImage":"C:\\Windows\\System32\\WindowsPowerShell\\v1.0\\powershell_ise.exe","ParentCommandLine":"\"C:\\Windows\\system32\\WindowsPowerShell\\v1.0\\PowerShell_ISE.exe\" ","ParentUser":"WIN10\\richard"}}
{"LogSource":"Microsoft-Windows-Sysmon/Operational","EventId":1,"TimeCreated":"2024-10-10T23:14:07.7999307-07:00","RecordId":171641,"MachineName":"Win10","EventData":{"RuleName":"-","UtcTime":"2024-10-11 06:14:07.797","ProcessGuid":"{53968da7-c22f-6708-0502-00000000fb00}","ProcessId":"6292","Image":"C:\\Program Files\\Google\\Chrome\\Application\\chrome.exe","FileVersion":"129.0.6668.100","Description":"Google Chrome","Product":"Google Chrome","Company":"Google LLC","OriginalFileName":"chrome.exe","CommandLine":"\"C:\\Program Files\\Google\\Chrome\\Application\\chrome.exe\" https://www.apple.com ","CurrentDirectory":"C:\\Windows\\system32\\","User":"WIN10\\richard","LogonGuid":"{53968da7-b202-6708-7195-020000000000}","LogonId":"0x29571","TerminalSessionId":"1","IntegrityLevel":"High","Hashes":"MD5=47679449E8A738D8B1849668622E7C9E,SHA256=2D2A32CBCCED69610445D92965CA710EF2DA89C3788EBB98FF8612EBFFAC917B,IMPHASH=8AA69BFB46216FA413519FB53924B2F9","ParentProcessGuid":"{53968da7-be30-6708-5201-00000000fb00}","ParentProcessId":"6876","ParentImage":"C:\\Windows\\System32\\WindowsPowerShell\\v1.0\\powershell_ise.exe","ParentCommandLine":"\"C:\\Windows\\system32\\WindowsPowerShell\\v1.0\\PowerShell_ISE.exe\" ","ParentUser":"WIN10\\richard"}}
{"LogSource":"Microsoft-Windows-Sysmon/Operational","EventId":1,"TimeCreated":"2024-10-10T23:14:07.9312542-07:00","RecordId":171642,"MachineName":"Win10","EventData":{"RuleName":"-","UtcTime":"2024-10-11 06:14:07.929","ProcessGuid":"{53968da7-c22f-6708-0902-00000000fb00}","ProcessId":"4144","Image":"C:\\Program Files\\Google\\Chrome\\Application\\129.0.6668.100\\elevation_service.exe","FileVersion":"129.0.6668.100","Description":"Google Chrome","Product":"Google Chrome","Company":"Google LLC","OriginalFileName":"elevation_service.exe","CommandLine":"\"C:\\Program Files\\Google\\Chrome\\Application\\129.0.6668.100\\elevation_service.exe\"","CurrentDirectory":"C:\\Windows\\system32\\","User":"NT AUTHORITY\\SYSTEM","LogonGuid":"{53968da7-b200-6708-e703-000000000000}","LogonId":"0x3e7","TerminalSessionId":"0","IntegrityLevel":"System","Hashes":"MD5=472B2328D62FEC7E774166FD75C18FF6,SHA256=56291421DA56A296F3F0AEF18CA0FB3C0925779EEE7B4734A07A24E59348D9CE,IMPHASH=E2CE387C73E135211A0D2FF087A2F9F3","ParentProcessGuid":"{53968da7-b1ff-6708-0b00-00000000fb00}","ParentProcessId":"740","ParentImage":"C:\\Windows\\System32\\services.exe","ParentCommandLine":"C:\\Windows\\system32\\services.exe","ParentUser":"NT AUTHORITY\\SYSTEM"}}
{"LogSource":"Microsoft-Windows-Sysmon/Operational","EventId":22,"TimeCreated":"2024-10-10T23:14:10.1845848-07:00","RecordId":171643,"MachineName":"Win10","EventData":{"RuleName":"-","UtcTime":"2024-10-11 06:14:06.963","ProcessGuid":"{53968da7-c22f-6708-0802-00000000fb00}","ProcessId":"8416","QueryName":"wpad","QueryStatus":"9003","QueryResults":"-","Image":"C:\\Program Files\\Google\\Chrome\\Application\\chrome.exe","User":"WIN10\\richard"}}
{"LogSource":"Microsoft-Windows-Sysmon/Operational","EventId":22,"TimeCreated":"2024-10-10T23:14:10.1851806-07:00","RecordId":171644,"MachineName":"Win10","EventData":{"RuleName":"-","UtcTime":"2024-10-11 06:14:06.963","ProcessGuid":"{53968da7-c22f-6708-0802-00000000fb00}","ProcessId":"8416","QueryName":"wpad","QueryStatus":"9003","QueryResults":"-","Image":"C:\\Program Files\\Google\\Chrome\\Application\\chrome.exe","User":"WIN10\\richard"}}
{"LogSource":"Microsoft-Windows-Sysmon/Operational","EventId":22,"TimeCreated":"2024-10-10T23:14:10.1858270-07:00","RecordId":171645,"MachineName":"Win10","EventData":{"RuleName":"-","UtcTime":"2024-10-11 06:14:06.963","ProcessGuid":"{53968da7-c22f-6708-0802-00000000fb00}","ProcessId":"8416","QueryName":"wpad","QueryStatus":"9003","QueryResults":"-","Image":"C:\\Program Files\\Google\\Chrome\\Application\\chrome.exe","User":"WIN10\\richard"}}
{"LogSource":"Microsoft-Windows-Sysmon/Operational","EventId":22,"TimeCreated":"2024-10-10T23:14:18.2827506-07:00","RecordId":171646,"MachineName":"Win10","EventData":{"RuleName":"-","UtcTime":"2024-10-11 06:14:14.981","ProcessGuid":"{53968da7-c22f-6708-0802-00000000fb00}","ProcessId":"8416","QueryName":"wpad","QueryStatus":"9003","QueryResults":"-","Image":"C:\\Program Files\\Google\\Chrome\\Application\\chrome.exe","User":"WIN10\\richard"}}
{"LogSource":"Microsoft-Windows-Sysmon/Operational","EventId":1,"TimeCreated":"2024-10-10T23:14:26.9027168-07:00","RecordId":171647,"MachineName":"Win10","EventData":{"RuleName":"-","UtcTime":"2024-10-11 06:14:26.900","ProcessGuid":"{53968da7-c242-6708-1302-00000000fb00}","ProcessId":"7564","Image":"C:\\Program Files (x86)\\Google\\GoogleUpdater\\130.0.6679.0\\updater.exe","FileVersion":"130.0.6679.0","Description":"Google Updater","Product":"Google Updater","Company":"Google LLC","OriginalFileName":"updater.exe","CommandLine":"\"C:\\Program Files (x86)\\Google\\GoogleUpdater\\130.0.6679.0\\updater.exe\" --system --windows-service --service=update","CurrentDirectory":"C:\\Windows\\system32\\","User":"NT AUTHORITY\\SYSTEM","LogonGuid":"{53968da7-b200-6708-e703-000000000000}","LogonId":"0x3e7","TerminalSessionId":"0","IntegrityLevel":"System","Hashes":"MD5=C583E91DDEE7C0E8AC2A3D3AACAD2F4C,SHA256=7F67129760223E5DDF31219F0B2E247555FBAC85F4B6F933212AC091A21DEBF9,IMPHASH=20AB254B36A04EA3556F60145D061FED","ParentProcessGuid":"{53968da7-b1ff-6708-0b00-00000000fb00}","ParentProcessId":"740","ParentImage":"C:\\Windows\\System32\\services.exe","ParentCommandLine":"C:\\Windows\\system32\\services.exe","ParentUser":"NT AUTHORITY\\SYSTEM"}}
{"LogSource":"Microsoft-Windows-Sysmon/Operational","EventId":1,"TimeCreated":"2024-10-10T23:14:26.9238005-07:00","RecordId":171648,"MachineName":"Win10","EventData":{"RuleName":"-","UtcTime":"2024-10-11 06:14:26.921","ProcessGuid":"{53968da7-c242-6708-1402-00000000fb00}","ProcessId":"8152","Image":"C:\\Program Files (x86)\\Google\\GoogleUpdater\\130.0.6679.0\\updater.exe","FileVersion":"130.0.6679.0","Description":"Google Updater","Product":"Google Updater","Company":"Google LLC","OriginalFileName":"updater.exe","CommandLine":"\"C:\\Program Files (x86)\\Google\\GoogleUpdater\\130.0.6679.0\\updater.exe\" --crash-handler --system \"--database=C:\\Program Files (x86)\\Google\\GoogleUpdater\\130.0.6679.0\\Crashpad\" --url=https://clients2.google.com/cr/report --annotation=prod=Update4 --annotation=ver=130.0.6679.0 \"--attachment=C:\\Program Files (x86)\\Google\\GoogleUpdater\\updater.log\" --initial-client-data=0x2ac,0x2b0,0x2b4,0x288,0x2b8,0xdaa6cc,0xdaa6d8,0xdaa6e4","CurrentDirectory":"C:\\Windows\\system32\\","User":"NT AUTHORITY\\SYSTEM","LogonGuid":"{53968da7-b200-6708-e703-000000000000}","LogonId":"0x3e7","TerminalSessionId":"0","IntegrityLevel":"System","Hashes":"MD5=C583E91DDEE7C0E8AC2A3D3AACAD2F4C,SHA256=7F67129760223E5DDF31219F0B2E247555FBAC85F4B6F933212AC091A21DEBF9,IMPHASH=20AB254B36A04EA3556F60145D061FED","ParentProcessGuid":"{53968da7-c242-6708-1302-00000000fb00}","ParentProcessId":"7564","ParentImage":"C:\\Program Files (x86)\\Google\\GoogleUpdater\\130.0.6679.0\\updater.exe","ParentCommandLine":"\"C:\\Program Files (x86)\\Google\\GoogleUpdater\\130.0.6679.0\\updater.exe\" --system --windows-service --service=update","ParentUser":"NT AUTHORITY\\SYSTEM"}}
{"LogSource":"Microsoft-Windows-Sysmon/Operational","EventId":1,"TimeCreated":"2024-10-10T23:15:25.9206997-07:00","RecordId":171649,"MachineName":"Win10","EventData":{"RuleName":"-","UtcTime":"2024-10-11 06:15:25.918","ProcessGuid":"{53968da7-c27d-6708-1502-00000000fb00}","ProcessId":"3984","Image":"C:\\Program Files\\Mozilla Firefox\\firefox.exe","FileVersion":"131.0.2","Description":"Firefox","Product":"Firefox","Company":"Mozilla Corporation","OriginalFileName":"firefox.exe","CommandLine":"\"C:\\Program Files\\Mozilla Firefox\\firefox.exe\" https://www.vice.com ","CurrentDirectory":"C:\\Windows\\system32\\","User":"WIN10\\richard","LogonGuid":"{53968da7-b202-6708-7195-020000000000}","LogonId":"0x29571","TerminalSessionId":"1","IntegrityLevel":"High","Hashes":"MD5=571814A7939D001662BBA7760BD0B187,SHA256=9725AFC685C8EE135701E140A83B94FE7D958360A1F546215F7EAFDFF5E53A83,IMPHASH=BB4CE52E8306F88C0B1DA570553704E4","ParentProcessGuid":"{53968da7-be30-6708-5201-00000000fb00}","ParentProcessId":"6876","ParentImage":"C:\\Windows\\System32\\WindowsPowerShell\\v1.0\\powershell_ise.exe","ParentCommandLine":"\"C:\\Windows\\system32\\WindowsPowerShell\\v1.0\\PowerShell_ISE.exe\" ","ParentUser":"WIN10\\richard"}}
{"LogSource":"Microsoft-Windows-Sysmon/Operational","EventId":1,"TimeCreated":"2024-10-10T23:15:25.9518177-07:00","RecordId":171650,"MachineName":"Win10","EventData":{"RuleName":"-","UtcTime":"2024-10-11 06:15:25.950","ProcessGuid":"{53968da7-c27d-6708-1602-00000000fb00}","ProcessId":"896","Image":"C:\\Windows\\System32\\smartscreen.exe","FileVersion":"10.0.19041.5007 (WinBuild.160101.0800)","Description":"Windows Defender SmartScreen","Product":"Microsoft® Windows® Operating System","Company":"Microsoft Corporation","OriginalFileName":"smartscreen.exe","CommandLine":"C:\\Windows\\System32\\smartscreen.exe -Embedding","CurrentDirectory":"C:\\Windows\\system32\\","User":"WIN10\\richard","LogonGuid":"{53968da7-b202-6708-c295-020000000000}","LogonId":"0x295c2","TerminalSessionId":"1","IntegrityLevel":"Medium","Hashes":"MD5=C0F62FB7AD4A9C049D5AC3B737E1252D,SHA256=F4EAFC737F93186D563B198ED737C9C2F17A4B9A58D976D78D1C2E13C1EDA104,IMPHASH=9ECF7E989FB6561A51A731BC7991D274","ParentProcessGuid":"{53968da7-b200-6708-0d00-00000000fb00}","ParentProcessId":"884","ParentImage":"C:\\Windows\\System32\\svchost.exe","ParentCommandLine":"C:\\Windows\\system32\\svchost.exe -k DcomLaunch -p","ParentUser":"NT AUTHORITY\\SYSTEM"}}
{"LogSource":"Microsoft-Windows-Sysmon/Operational","EventId":1,"TimeCreated":"2024-10-10T23:15:25.9904188-07:00","RecordId":171651,"MachineName":"Win10","EventData":{"RuleName":"-","UtcTime":"2024-10-11 06:15:25.987","ProcessGuid":"{53968da7-c27d-6708-1702-00000000fb00}","ProcessId":"460","Image":"C:\\Program Files\\Mozilla Firefox\\firefox.exe","FileVersion":"131.0.2","Description":"Firefox","Product":"Firefox","Company":"Mozilla Corporation","OriginalFileName":"firefox.exe","CommandLine":"\"C:\\Program Files\\Mozilla Firefox\\firefox.exe\" https://www.vice.com --attempting-deelevation","CurrentDirectory":"C:\\Windows\\system32\\","User":"WIN10\\richard","LogonGuid":"{53968da7-b202-6708-c295-020000000000}","LogonId":"0x295c2","TerminalSessionId":"1","IntegrityLevel":"Medium","Hashes":"MD5=571814A7939D001662BBA7760BD0B187,SHA256=9725AFC685C8EE135701E140A83B94FE7D958360A1F546215F7EAFDFF5E53A83,IMPHASH=BB4CE52E8306F88C0B1DA570553704E4","ParentProcessGuid":"{53968da7-b203-6708-4f00-00000000fb00}","ParentProcessId":"4396","ParentImage":"C:\\Windows\\explorer.exe","ParentCommandLine":"C:\\Windows\\Explorer.EXE","ParentUser":"WIN10\\richard"}}
{"LogSource":"Microsoft-Windows-Sysmon/Operational","EventId":1,"TimeCreated":"2024-10-10T23:15:26.0011745-07:00","RecordId":171652,"MachineName":"Win10","EventData":{"RuleName":"-","UtcTime":"2024-10-11 06:15:25.999","ProcessGuid":"{53968da7-c27d-6708-1802-00000000fb00}","ProcessId":"1452","Image":"C:\\Program Files\\Mozilla Firefox\\firefox.exe","FileVersion":"131.0.2","Description":"Firefox","Product":"Firefox","Company":"Mozilla Corporation","OriginalFileName":"firefox.exe","CommandLine":"\"C:\\Program Files\\Mozilla Firefox\\firefox.exe\" https://www.vice.com","CurrentDirectory":"C:\\Windows\\system32\\","User":"WIN10\\richard","LogonGuid":"{53968da7-b202-6708-c295-020000000000}","LogonId":"0x295c2","TerminalSessionId":"1","IntegrityLevel":"Medium","Hashes":"MD5=571814A7939D001662BBA7760BD0B187,SHA256=9725AFC685C8EE135701E140A83B94FE7D958360A1F546215F7EAFDFF5E53A83,IMPHASH=BB4CE52E8306F88C0B1DA570553704E4","ParentProcessGuid":"{53968da7-c27d-6708-1702-00000000fb00}","ParentProcessId":"460","ParentImage":"C:\\Program Files\\Mozilla Firefox\\firefox.exe","ParentCommandLine":"\"C:\\Program Files\\Mozilla Firefox\\firefox.exe\" https://www.vice.com --attempting-deelevation","ParentUser":"WIN10\\richard"}}
{"LogSource":"Microsoft-Windows-Sysmon/Operational","EventId":1,"TimeCreated":"2024-10-10T23:15:26.2567336-07:00","RecordId":171653,"MachineName":"Win10","EventData":{"RuleName":"-","UtcTime":"2024-10-11 06:15:26.254","ProcessGuid":"{53968da7-c27e-6708-1902-00000000fb00}","ProcessId":"1596","Image":"C:\\Program Files\\Mozilla Firefox\\firefox.exe","FileVersion":"131.0.2","Description":"Firefox","Product":"Firefox","Company":"Mozilla Corporation","OriginalFileName":"firefox.exe","CommandLine":"\"C:\\Program Files\\Mozilla Firefox\\firefox.exe\" -contentproc --channel=1928 -parentBuildID 20241008210941 -prefsHandle 1868 -prefMapHandle 1836 -prefsLen 30861 -prefMapSize 263055 -appDir \"C:\\Program Files\\Mozilla Firefox\\browser\" - {ae5daea4-0823-4db4-b08c-f1a3012ee0ac} 1452 \"\\\\.\\pipe\\gecko-crash-server-pipe.1452\" 1 gpu","CurrentDirectory":"C:\\Windows\\system32\\","User":"WIN10\\richard","LogonGuid":"{53968da7-b202-6708-c295-020000000000}","LogonId":"0x295c2","TerminalSessionId":"1","IntegrityLevel":"Low","Hashes":"MD5=571814A7939D001662BBA7760BD0B187,SHA256=9725AFC685C8EE135701E140A83B94FE7D958360A1F546215F7EAFDFF5E53A83,IMPHASH=BB4CE52E8306F88C0B1DA570553704E4","ParentProcessGuid":"{53968da7-c27d-6708-1802-00000000fb00}","ParentProcessId":"1452","ParentImage":"C:\\Program Files\\Mozilla Firefox\\firefox.exe","ParentCommandLine":"\"C:\\Program Files\\Mozilla Firefox\\firefox.exe\" https://www.vice.com","ParentUser":"WIN10\\richard"}}
{"LogSource":"Microsoft-Windows-Sysmon/Operational","EventId":1,"TimeCreated":"2024-10-10T23:15:26.3636147-07:00","RecordId":171654,"MachineName":"Win10","EventData":{"RuleName":"-","UtcTime":"2024-10-11 06:15:26.361","ProcessGuid":"{53968da7-c27e-6708-1a02-00000000fb00}","ProcessId":"8684","Image":"C:\\Program Files\\Mozilla Firefox\\firefox.exe","FileVersion":"131.0.2","Description":"Firefox","Product":"Firefox","Company":"Mozilla Corporation","OriginalFileName":"firefox.exe","CommandLine":"\"C:\\Program Files\\Mozilla Firefox\\firefox.exe\" -contentproc --channel=2376 -parentBuildID 20241008210941 -prefsHandle 2368 -prefMapHandle 2364 -prefsLen 30897 -prefMapSize 263055 -win32kLockedDown -appDir \"C:\\Program Files\\Mozilla Firefox\\browser\" - {265e4c61-bd86-46d8-b01d-10e00db44cf9} 1452 \"\\\\.\\pipe\\gecko-crash-server-pipe.1452\" 2 socket","CurrentDirectory":"C:\\Windows\\system32\\","User":"WIN10\\richard","LogonGuid":"{53968da7-b202-6708-c295-020000000000}","LogonId":"0x295c2","TerminalSessionId":"1","IntegrityLevel":"Low","Hashes":"MD5=571814A7939D001662BBA7760BD0B187,SHA256=9725AFC685C8EE135701E140A83B94FE7D958360A1F546215F7EAFDFF5E53A83,IMPHASH=BB4CE52E8306F88C0B1DA570553704E4","ParentProcessGuid":"{53968da7-c27d-6708-1802-00000000fb00}","ParentProcessId":"1452","ParentImage":"C:\\Program Files\\Mozilla Firefox\\firefox.exe","ParentCommandLine":"\"C:\\Program Files\\Mozilla Firefox\\firefox.exe\" https://www.vice.com","ParentUser":"WIN10\\richard"}}
{"LogSource":"Microsoft-Windows-Sysmon/Operational","EventId":1,"TimeCreated":"2024-10-10T23:15:26.7032473-07:00","RecordId":171655,"MachineName":"Win10","EventData":{"RuleName":"-","UtcTime":"2024-10-11 06:15:26.700","ProcessGuid":"{53968da7-c27e-6708-1b02-00000000fb00}","ProcessId":"8900","Image":"C:\\Program Files\\Mozilla Firefox\\firefox.exe","FileVersion":"131.0.2","Description":"Firefox","Product":"Firefox","Company":"Mozilla Corporation","OriginalFileName":"firefox.exe","CommandLine":"\"C:\\Program Files\\Mozilla Firefox\\firefox.exe\" -contentproc --channel=3356 -isForBrowser -prefsHandle 3348 -prefMapHandle 3344 -prefsLen 27591 -prefMapSize 263055 -jsInitHandle 1444 -jsInitLen 234840 -parentBuildID 20241008210941 -win32kLockedDown -appDir \"C:\\Program Files\\Mozilla Firefox\\browser\" - {05d030ad-57c1-4122-90a7-2c657cccc80d} 1452 \"\\\\.\\pipe\\gecko-crash-server-pipe.1452\" 3 tab","CurrentDirectory":"C:\\Windows\\system32\\","User":"WIN10\\richard","LogonGuid":"{53968da7-b202-6708-c295-020000000000}","LogonId":"0x295c2","TerminalSessionId":"1","IntegrityLevel":"Low","Hashes":"MD5=571814A7939D001662BBA7760BD0B187,SHA256=9725AFC685C8EE135701E140A83B94FE7D958360A1F546215F7EAFDFF5E53A83,IMPHASH=BB4CE52E8306F88C0B1DA570553704E4","ParentProcessGuid":"{53968da7-c27d-6708-1802-00000000fb00}","ParentProcessId":"1452","ParentImage":"C:\\Program Files\\Mozilla Firefox\\firefox.exe","ParentCommandLine":"\"C:\\Program Files\\Mozilla Firefox\\firefox.exe\" https://www.vice.com","ParentUser":"WIN10\\richard"}}
{"LogSource":"Microsoft-Windows-Sysmon/Operational","EventId":1,"TimeCreated":"2024-10-10T23:15:27.1533669-07:00","RecordId":171656,"MachineName":"Win10","EventData":{"RuleName":"-","UtcTime":"2024-10-11 06:15:27.151","ProcessGuid":"{53968da7-c27f-6708-1c02-00000000fb00}","ProcessId":"1104","Image":"C:\\Program Files\\Mozilla Firefox\\firefox.exe","FileVersion":"131.0.2","Description":"Firefox","Product":"Firefox","Company":"Mozilla Corporation","OriginalFileName":"firefox.exe","CommandLine":"\"C:\\Program Files\\Mozilla Firefox\\firefox.exe\" -contentproc --channel=2888 -isForBrowser -prefsHandle 1588 -prefMapHandle 2916 -prefsLen 37035 -prefMapSize 263055 -jsInitHandle 1444 -jsInitLen 234840 -parentBuildID 20241008210941 -win32kLockedDown -appDir \"C:\\Program Files\\Mozilla Firefox\\browser\" - {15ad96f5-1327-4935-ae55-5401bcd0d00b} 1452 \"\\\\.\\pipe\\gecko-crash-server-pipe.1452\" 4 tab","CurrentDirectory":"C:\\Windows\\system32\\","User":"WIN10\\richard","LogonGuid":"{53968da7-b202-6708-c295-020000000000}","LogonId":"0x295c2","TerminalSessionId":"1","IntegrityLevel":"Low","Hashes":"MD5=571814A7939D001662BBA7760BD0B187,SHA256=9725AFC685C8EE135701E140A83B94FE7D958360A1F546215F7EAFDFF5E53A83,IMPHASH=BB4CE52E8306F88C0B1DA570553704E4","ParentProcessGuid":"{53968da7-c27d-6708-1802-00000000fb00}","ParentProcessId":"1452","ParentImage":"C:\\Program Files\\Mozilla Firefox\\firefox.exe","ParentCommandLine":"\"C:\\Program Files\\Mozilla Firefox\\firefox.exe\" https://www.vice.com","ParentUser":"WIN10\\richard"}}
{"LogSource":"Microsoft-Windows-Sysmon/Operational","EventId":1,"TimeCreated":"2024-10-10T23:15:27.6267783-07:00","RecordId":171657,"MachineName":"Win10","EventData":{"RuleName":"-","UtcTime":"2024-10-11 06:15:27.622","ProcessGuid":"{53968da7-c27f-6708-1d02-00000000fb00}","ProcessId":"3200","Image":"C:\\Program Files\\Mozilla Firefox\\firefox.exe","FileVersion":"131.0.2","Description":"Firefox","Product":"Firefox","Company":"Mozilla Corporation","OriginalFileName":"firefox.exe","CommandLine":"\"C:\\Program Files\\Mozilla Firefox\\firefox.exe\" -contentproc --channel=5152 -parentBuildID 20241008210941 -sandboxingKind 0 -prefsHandle 5176 -prefMapHandle 5172 -prefsLen 37084 -prefMapSize 263055 -win32kLockedDown -appDir \"C:\\Program Files\\Mozilla Firefox\\browser\" - {40ed10ce-afba-4ccf-8608-7d46653ab5e9} 1452 \"\\\\.\\pipe\\gecko-crash-server-pipe.1452\" 5 utility","CurrentDirectory":"C:\\Windows\\system32\\","User":"WIN10\\richard","LogonGuid":"{53968da7-b202-6708-c295-020000000000}","LogonId":"0x295c2","TerminalSessionId":"1","IntegrityLevel":"Low","Hashes":"MD5=571814A7939D001662BBA7760BD0B187,SHA256=9725AFC685C8EE135701E140A83B94FE7D958360A1F546215F7EAFDFF5E53A83,IMPHASH=BB4CE52E8306F88C0B1DA570553704E4","ParentProcessGuid":"{53968da7-c27d-6708-1802-00000000fb00}","ParentProcessId":"1452","ParentImage":"C:\\Program Files\\Mozilla Firefox\\firefox.exe","ParentCommandLine":"\"C:\\Program Files\\Mozilla Firefox\\firefox.exe\" https://www.vice.com","ParentUser":"WIN10\\richard"}}
{"LogSource":"Microsoft-Windows-Sysmon/Operational","EventId":1,"TimeCreated":"2024-10-10T23:15:27.6843657-07:00","RecordId":171658,"MachineName":"Win10","EventData":{"RuleName":"-","UtcTime":"2024-10-11 06:15:27.682","ProcessGuid":"{53968da7-c27f-6708-1e02-00000000fb00}","ProcessId":"2008","Image":"C:\\Program Files\\Mozilla Firefox\\firefox.exe","FileVersion":"131.0.2","Description":"Firefox","Product":"Firefox","Company":"Mozilla Corporation","OriginalFileName":"firefox.exe","CommandLine":"\"C:\\Program Files\\Mozilla Firefox\\firefox.exe\" -contentproc --channel=5460 -isForBrowser -prefsHandle 5456 -prefMapHandle 5452 -prefsLen 37084 -prefMapSize 263055 -jsInitHandle 1444 -jsInitLen 234840 -parentBuildID 20241008210941 -win32kLockedDown -appDir \"C:\\Program Files\\Mozilla Firefox\\browser\" - {8e4bf9bf-d5b4-40fe-ac41-1111b99305d9} 1452 \"\\\\.\\pipe\\gecko-crash-server-pipe.1452\" 6 tab","CurrentDirectory":"C:\\Windows\\system32\\","User":"WIN10\\richard","LogonGuid":"{53968da7-b202-6708-c295-020000000000}","LogonId":"0x295c2","TerminalSessionId":"1","IntegrityLevel":"Low","Hashes":"MD5=571814A7939D001662BBA7760BD0B187,SHA256=9725AFC685C8EE135701E140A83B94FE7D958360A1F546215F7EAFDFF5E53A83,IMPHASH=BB4CE52E8306F88C0B1DA570553704E4","ParentProcessGuid":"{53968da7-c27d-6708-1802-00000000fb00}","ParentProcessId":"1452","ParentImage":"C:\\Program Files\\Mozilla Firefox\\firefox.exe","ParentCommandLine":"\"C:\\Program Files\\Mozilla Firefox\\firefox.exe\" https://www.vice.com","ParentUser":"WIN10\\richard"}}
{"LogSource":"Microsoft-Windows-Sysmon/Operational","EventId":1,"TimeCreated":"2024-10-10T23:15:27.8215214-07:00","RecordId":171659,"MachineName":"Win10","EventData":{"RuleName":"-","UtcTime":"2024-10-11 06:15:27.819","ProcessGuid":"{53968da7-c27f-6708-1f02-00000000fb00}","ProcessId":"3564","Image":"C:\\Program Files\\Mozilla Firefox\\firefox.exe","FileVersion":"131.0.2","Description":"Firefox","Product":"Firefox","Company":"Mozilla Corporation","OriginalFileName":"firefox.exe","CommandLine":"\"C:\\Program Files\\Mozilla Firefox\\firefox.exe\" -contentproc --channel=5848 -isForBrowser -prefsHandle 5748 -prefMapHandle 5836 -prefsLen 33637 -prefMapSize 263055 -jsInitHandle 1444 -jsInitLen 234840 -parentBuildID 20241008210941 -win32kLockedDown -appDir \"C:\\Program Files\\Mozilla Firefox\\browser\" - {c618a32f-66ab-49ce-a7ff-55c5803b5526} 1452 \"\\\\.\\pipe\\gecko-crash-server-pipe.1452\" 7 tab","CurrentDirectory":"C:\\Windows\\system32\\","User":"WIN10\\richard","LogonGuid":"{53968da7-b202-6708-c295-020000000000}","LogonId":"0x295c2","TerminalSessionId":"1","IntegrityLevel":"Low","Hashes":"MD5=571814A7939D001662BBA7760BD0B187,SHA256=9725AFC685C8EE135701E140A83B94FE7D958360A1F546215F7EAFDFF5E53A83,IMPHASH=BB4CE52E8306F88C0B1DA570553704E4","ParentProcessGuid":"{53968da7-c27d-6708-1802-00000000fb00}","ParentProcessId":"1452","ParentImage":"C:\\Program Files\\Mozilla Firefox\\firefox.exe","ParentCommandLine":"\"C:\\Program Files\\Mozilla Firefox\\firefox.exe\" https://www.vice.com","ParentUser":"WIN10\\richard"}}
{"LogSource":"Microsoft-Windows-Sysmon/Operational","EventId":1,"TimeCreated":"2024-10-10T23:15:27.8299409-07:00","RecordId":171660,"MachineName":"Win10","EventData":{"RuleName":"-","UtcTime":"2024-10-11 06:15:27.826","ProcessGuid":"{53968da7-c27f-6708-2002-00000000fb00}","ProcessId":"1832","Image":"C:\\Program Files\\Mozilla Firefox\\firefox.exe","FileVersion":"131.0.2","Description":"Firefox","Product":"Firefox","Company":"Mozilla Corporation","OriginalFileName":"firefox.exe","CommandLine":"\"C:\\Program Files\\Mozilla Firefox\\firefox.exe\" -contentproc --channel=5964 -isForBrowser -prefsHandle 5880 -prefMapHandle 5884 -prefsLen 33637 -prefMapSize 263055 -jsInitHandle 1444 -jsInitLen 234840 -parentBuildID 20241008210941 -win32kLockedDown -appDir \"C:\\Program Files\\Mozilla Firefox\\browser\" - {06c66659-0a10-444e-97ec-b26287120656} 1452 \"\\\\.\\pipe\\gecko-crash-server-pipe.1452\" 8 tab","CurrentDirectory":"C:\\Windows\\system32\\","User":"WIN10\\richard","LogonGuid":"{53968da7-b202-6708-c295-020000000000}","LogonId":"0x295c2","TerminalSessionId":"1","IntegrityLevel":"Low","Hashes":"MD5=571814A7939D001662BBA7760BD0B187,SHA256=9725AFC685C8EE135701E140A83B94FE7D958360A1F546215F7EAFDFF5E53A83,IMPHASH=BB4CE52E8306F88C0B1DA570553704E4","ParentProcessGuid":"{53968da7-c27d-6708-1802-00000000fb00}","ParentProcessId":"1452","ParentImage":"C:\\Program Files\\Mozilla Firefox\\firefox.exe","ParentCommandLine":"\"C:\\Program Files\\Mozilla Firefox\\firefox.exe\" https://www.vice.com","ParentUser":"WIN10\\richard"}}
{"LogSource":"Microsoft-Windows-Sysmon/Operational","EventId":1,"TimeCreated":"2024-10-10T23:15:27.8407924-07:00","RecordId":171661,"MachineName":"Win10","EventData":{"RuleName":"-","UtcTime":"2024-10-11 06:15:27.834","ProcessGuid":"{53968da7-c27f-6708-2102-00000000fb00}","ProcessId":"7368","Image":"C:\\Program Files\\Mozilla Firefox\\firefox.exe","FileVersion":"131.0.2","Description":"Firefox","Product":"Firefox","Company":"Mozilla Corporation","OriginalFileName":"firefox.exe","CommandLine":"\"C:\\Program Files\\Mozilla Firefox\\firefox.exe\" -contentproc --channel=6064 -isForBrowser -prefsHandle 6072 -prefMapHandle 6088 -prefsLen 33637 -prefMapSize 263055 -jsInitHandle 1444 -jsInitLen 234840 -parentBuildID 20241008210941 -win32kLockedDown -appDir \"C:\\Program Files\\Mozilla Firefox\\browser\" - {7f044548-4c12-4efa-a4d7-355ff13dfc6c} 1452 \"\\\\.\\pipe\\gecko-crash-server-pipe.1452\" 9 tab","CurrentDirectory":"C:\\Windows\\system32\\","User":"WIN10\\richard","LogonGuid":"{53968da7-b202-6708-c295-020000000000}","LogonId":"0x295c2","TerminalSessionId":"1","IntegrityLevel":"Low","Hashes":"MD5=571814A7939D001662BBA7760BD0B187,SHA256=9725AFC685C8EE135701E140A83B94FE7D958360A1F546215F7EAFDFF5E53A83,IMPHASH=BB4CE52E8306F88C0B1DA570553704E4","ParentProcessGuid":"{53968da7-c27d-6708-1802-00000000fb00}","ParentProcessId":"1452","ParentImage":"C:\\Program Files\\Mozilla Firefox\\firefox.exe","ParentCommandLine":"\"C:\\Program Files\\Mozilla Firefox\\firefox.exe\" https://www.vice.com","ParentUser":"WIN10\\richard"}}
{"LogSource":"Microsoft-Windows-Sysmon/Operational","EventId":22,"TimeCreated":"2024-10-10T23:15:28.0241162-07:00","RecordId":171662,"MachineName":"Win10","EventData":{"RuleName":"-","UtcTime":"2024-10-11 06:15:25.775","ProcessGuid":"{53968da7-c27d-6708-1802-00000000fb00}","ProcessId":"1452","QueryName":"detectportal.firefox.com","QueryStatus":"0","QueryResults":"type:  5 detectportal.prod.mozaws.net;type:  5 prod.detectportal.prod.cloudops.mozgcp.net;2600:1901:0:38d7::;::ffff:34.107.221.82;","Image":"C:\\Program Files\\Mozilla Firefox\\firefox.exe","User":"WIN10\\richard"}}
{"LogSource":"Microsoft-Windows-Sysmon/Operational","EventId":22,"TimeCreated":"2024-10-10T23:15:28.0252718-07:00","RecordId":171663,"MachineName":"Win10","EventData":{"RuleName":"-","UtcTime":"2024-10-11 06:15:25.777","ProcessGuid":"{53968da7-c27d-6708-1802-00000000fb00}","ProcessId":"1452","QueryName":"detectportal.firefox.com","QueryStatus":"0","QueryResults":"type:  5 detectportal.prod.mozaws.net;type:  5 prod.detectportal.prod.cloudops.mozgcp.net;2600:1901:0:38d7::;::ffff:34.107.221.82;","Image":"C:\\Program Files\\Mozilla Firefox\\firefox.exe","User":"WIN10\\richard"}}
{"LogSource":"Microsoft-Windows-Sysmon/Operational","EventId":22,"TimeCreated":"2024-10-10T23:15:28.0263859-07:00","RecordId":171664,"MachineName":"Win10","EventData":{"RuleName":"-","UtcTime":"2024-10-11 06:15:25.777","ProcessGuid":"{53968da7-c27d-6708-1802-00000000fb00}","ProcessId":"1452","QueryName":"prod.detectportal.prod.cloudops.mozgcp.net","QueryStatus":"0","QueryResults":"34.107.221.82;","Image":"C:\\Program Files\\Mozilla Firefox\\firefox.exe","User":"WIN10\\richard"}}
{"LogSource":"Microsoft-Windows-Sysmon/Operational","EventId":22,"TimeCreated":"2024-10-10T23:15:28.0274981-07:00","RecordId":171665,"MachineName":"Win10","EventData":{"RuleName":"-","UtcTime":"2024-10-11 06:15:25.782","ProcessGuid":"{53968da7-c27d-6708-1802-00000000fb00}","ProcessId":"1452","QueryName":"prod.detectportal.prod.cloudops.mozgcp.net","QueryStatus":"0","QueryResults":"2600:1901:0:38d7::;","Image":"C:\\Program Files\\Mozilla Firefox\\firefox.exe","User":"WIN10\\richard"}}
{"LogSource":"Microsoft-Windows-Sysmon/Operational","EventId":22,"TimeCreated":"2024-10-10T23:15:28.0286618-07:00","RecordId":171666,"MachineName":"Win10","EventData":{"RuleName":"-","UtcTime":"2024-10-11 06:15:25.790","ProcessGuid":"{53968da7-c27d-6708-1802-00000000fb00}","ProcessId":"1452","QueryName":"private.canadianshield.cira.ca","QueryStatus":"0","QueryResults":"2620:10a:80bb::10;2620:10a:80bc::10;::ffff:149.112.122.10;::ffff:149.112.121.10;","Image":"C:\\Program Files\\Mozilla Firefox\\firefox.exe","User":"WIN10\\richard"}}
{"LogSource":"Microsoft-Windows-Sysmon/Operational","EventId":22,"TimeCreated":"2024-10-10T23:15:28.0297766-07:00","RecordId":171667,"MachineName":"Win10","EventData":{"RuleName":"-","UtcTime":"2024-10-11 06:15:25.791","ProcessGuid":"{53968da7-c27d-6708-1802-00000000fb00}","ProcessId":"1452","QueryName":"private.canadianshield.cira.ca","QueryStatus":"0","QueryResults":"2620:10a:80bb::10;2620:10a:80bc::10;::ffff:149.112.122.10;::ffff:149.112.121.10;","Image":"C:\\Program Files\\Mozilla Firefox\\firefox.exe","User":"WIN10\\richard"}}
{"LogSource":"Microsoft-Windows-Sysmon/Operational","EventId":22,"TimeCreated":"2024-10-10T23:15:28.0309053-07:00","RecordId":171668,"MachineName":"Win10","EventData":{"RuleName":"-","UtcTime":"2024-10-11 06:15:25.791","ProcessGuid":"{53968da7-c27d-6708-1802-00000000fb00}","ProcessId":"1452","QueryName":"private.canadianshield.cira.ca","QueryStatus":"0","QueryResults":"149.112.121.10;149.112.122.10;","Image":"C:\\Program Files\\Mozilla Firefox\\firefox.exe","User":"WIN10\\richard"}}
{"LogSource":"Microsoft-Windows-Sysmon/Operational","EventId":22,"TimeCreated":"2024-10-10T23:15:28.0320227-07:00","RecordId":171669,"MachineName":"Win10","EventData":{"RuleName":"-","UtcTime":"2024-10-11 06:15:25.791","ProcessGuid":"{53968da7-c27d-6708-1802-00000000fb00}","ProcessId":"1452","QueryName":"private.canadianshield.cira.ca","QueryStatus":"0","QueryResults":"2620:10a:80bc::10;2620:10a:80bb::10;","Image":"C:\\Program Files\\Mozilla Firefox\\firefox.exe","User":"WIN10\\richard"}}
{"LogSource":"Microsoft-Windows-Sysmon/Operational","EventId":22,"TimeCreated":"2024-10-10T23:15:28.0331873-07:00","RecordId":171670,"MachineName":"Win10","EventData":{"RuleName":"-","UtcTime":"2024-10-11 06:15:25.847","ProcessGuid":"{53968da7-c27d-6708-1802-00000000fb00}","ProcessId":"1452","QueryName":"example.org","QueryStatus":"0","QueryResults":"93.184.215.14;","Image":"C:\\Program Files\\Mozilla Firefox\\firefox.exe","User":"WIN10\\richard"}}
{"LogSource":"Microsoft-Windows-Sysmon/Operational","EventId":22,"TimeCreated":"2024-10-10T23:15:28.0344369-07:00","RecordId":171671,"MachineName":"Win10","EventData":{"RuleName":"-","UtcTime":"2024-10-11 06:15:25.847","ProcessGuid":"{53968da7-c27d-6708-1802-00000000fb00}","ProcessId":"1452","QueryName":"example.org","QueryStatus":"0","QueryResults":"2606:2800:21f:cb07:6820:80da:af6b:8b2c;::ffff:93.184.215.14;","Image":"C:\\Program Files\\Mozilla Firefox\\firefox.exe","User":"WIN10\\richard"}}
{"LogSource":"Microsoft-Windows-Sysmon/Operational","EventId":22,"TimeCreated":"2024-10-10T23:15:28.0370317-07:00","RecordId":171673,"MachineName":"Win10","EventData":{"RuleName":"-","UtcTime":"2024-10-11 06:15:25.848","ProcessGuid":"{53968da7-c27d-6708-1802-00000000fb00}","ProcessId":"1452","QueryName":"example.org","QueryStatus":"0","QueryResults":"93.184.215.14;","Image":"C:\\Program Files\\Mozilla Firefox\\firefox.exe","User":"WIN10\\richard"}}
{"LogSource":"Microsoft-Windows-Sysmon/Operational","EventId":22,"TimeCreated":"2024-10-10T23:15:28.0382758-07:00","RecordId":171674,"MachineName":"Win10","EventData":{"RuleName":"-","UtcTime":"2024-10-11 06:15:25.848","ProcessGuid":"{53968da7-c27d-6708-1802-00000000fb00}","ProcessId":"1452","QueryName":"example.org","QueryStatus":"0","QueryResults":"2606:2800:21f:cb07:6820:80da:af6b:8b2c;::ffff:93.184.215.14;","Image":"C:\\Program Files\\Mozilla Firefox\\firefox.exe","User":"WIN10\\richard"}}
{"LogSource":"Microsoft-Windows-Sysmon/Operational","EventId":22,"TimeCreated":"2024-10-10T23:15:28.0408374-07:00","RecordId":171676,"MachineName":"Win10","EventData":{"RuleName":"-","UtcTime":"2024-10-11 06:15:25.967","ProcessGuid":"{53968da7-c27d-6708-1802-00000000fb00}","ProcessId":"1452","QueryName":"forcesafesearch.google.com.","QueryStatus":"0","QueryResults":"216.239.38.120;","Image":"C:\\Program Files\\Mozilla Firefox\\firefox.exe","User":"WIN10\\richard"}}
{"LogSource":"Microsoft-Windows-Sysmon/Operational","EventId":22,"TimeCreated":"2024-10-10T23:15:28.0419838-07:00","RecordId":171677,"MachineName":"Win10","EventData":{"RuleName":"-","UtcTime":"2024-10-11 06:15:25.971","ProcessGuid":"{53968da7-c27d-6708-1802-00000000fb00}","ProcessId":"1452","QueryName":"www.google.com.","QueryStatus":"0","QueryResults":"142.251.211.228;","Image":"C:\\Program Files\\Mozilla Firefox\\firefox.exe","User":"WIN10\\richard"}}
{"LogSource":"Microsoft-Windows-Sysmon/Operational","EventId":22,"TimeCreated":"2024-10-10T23:15:28.0430840-07:00","RecordId":171678,"MachineName":"Win10","EventData":{"RuleName":"-","UtcTime":"2024-10-11 06:15:25.971","ProcessGuid":"{53968da7-c27d-6708-1802-00000000fb00}","ProcessId":"1452","QueryName":"restrict.youtube.com.","QueryStatus":"0","QueryResults":"216.239.38.120;","Image":"C:\\Program Files\\Mozilla Firefox\\firefox.exe","User":"WIN10\\richard"}}
{"LogSource":"Microsoft-Windows-Sysmon/Operational","EventId":22,"TimeCreated":"2024-10-10T23:15:28.0441815-07:00","RecordId":171679,"MachineName":"Win10","EventData":{"RuleName":"-","UtcTime":"2024-10-11 06:15:25.971","ProcessGuid":"{53968da7-c27d-6708-1802-00000000fb00}","ProcessId":"1452","QueryName":"restrictmoderate.youtube.com.","QueryStatus":"0","QueryResults":"216.239.38.119;","Image":"C:\\Program Files\\Mozilla Firefox\\firefox.exe","User":"WIN10\\richard"}}
{"LogSource":"Microsoft-Windows-Sysmon/Operational","EventId":22,"TimeCreated":"2024-10-10T23:15:28.0453259-07:00","RecordId":171680,"MachineName":"Win10","EventData":{"RuleName":"-","UtcTime":"2024-10-11 06:15:25.972","ProcessGuid":"{53968da7-c27d-6708-1802-00000000fb00}","ProcessId":"1452","QueryName":"forcesafesearch.google.com.","QueryStatus":"0","QueryResults":"216.239.38.120;","Image":"C:\\Program Files\\Mozilla Firefox\\firefox.exe","User":"WIN10\\richard"}}
{"LogSource":"Microsoft-Windows-Sysmon/Operational","EventId":22,"TimeCreated":"2024-10-10T23:15:28.0464563-07:00","RecordId":171681,"MachineName":"Win10","EventData":{"RuleName":"-","UtcTime":"2024-10-11 06:15:25.972","ProcessGuid":"{53968da7-c27d-6708-1802-00000000fb00}","ProcessId":"1452","QueryName":"forcesafesearch.google.com","QueryStatus":"0","QueryResults":"216.239.38.120;","Image":"C:\\Program Files\\Mozilla Firefox\\firefox.exe","User":"WIN10\\richard"}}
{"LogSource":"Microsoft-Windows-Sysmon/Operational","EventId":22,"TimeCreated":"2024-10-10T23:15:28.0475582-07:00","RecordId":171682,"MachineName":"Win10","EventData":{"RuleName":"-","UtcTime":"2024-10-11 06:15:25.972","ProcessGuid":"{53968da7-c27d-6708-1802-00000000fb00}","ProcessId":"1452","QueryName":"www.google.com.","QueryStatus":"0","QueryResults":"142.251.211.228;","Image":"C:\\Program Files\\Mozilla Firefox\\firefox.exe","User":"WIN10\\richard"}}
{"LogSource":"Microsoft-Windows-Sysmon/Operational","EventId":22,"TimeCreated":"2024-10-10T23:15:28.0486821-07:00","RecordId":171683,"MachineName":"Win10","EventData":{"RuleName":"-","UtcTime":"2024-10-11 06:15:25.972","ProcessGuid":"{53968da7-c27d-6708-1802-00000000fb00}","ProcessId":"1452","QueryName":"restrict.youtube.com.","QueryStatus":"0","QueryResults":"216.239.38.120;","Image":"C:\\Program Files\\Mozilla Firefox\\firefox.exe","User":"WIN10\\richard"}}
{"LogSource":"Microsoft-Windows-Sysmon/Operational","EventId":22,"TimeCreated":"2024-10-10T23:15:28.0497879-07:00","RecordId":171684,"MachineName":"Win10","EventData":{"RuleName":"-","UtcTime":"2024-10-11 06:15:25.972","ProcessGuid":"{53968da7-c27d-6708-1802-00000000fb00}","ProcessId":"1452","QueryName":"restrict.youtube.com","QueryStatus":"0","QueryResults":"216.239.38.120;","Image":"C:\\Program Files\\Mozilla Firefox\\firefox.exe","User":"WIN10\\richard"}}
{"LogSource":"Microsoft-Windows-Sysmon/Operational","EventId":22,"TimeCreated":"2024-10-10T23:15:28.0509267-07:00","RecordId":171685,"MachineName":"Win10","EventData":{"RuleName":"-","UtcTime":"2024-10-11 06:15:25.972","ProcessGuid":"{53968da7-c27d-6708-1802-00000000fb00}","ProcessId":"1452","QueryName":"www.google.com","QueryStatus":"0","QueryResults":"142.251.211.228;","Image":"C:\\Program Files\\Mozilla Firefox\\firefox.exe","User":"WIN10\\richard"}}
{"LogSource":"Microsoft-Windows-Sysmon/Operational","EventId":22,"TimeCreated":"2024-10-10T23:15:28.0520594-07:00","RecordId":171686,"MachineName":"Win10","EventData":{"RuleName":"-","UtcTime":"2024-10-11 06:15:25.972","ProcessGuid":"{53968da7-c27d-6708-1802-00000000fb00}","ProcessId":"1452","QueryName":"restrictmoderate.youtube.com.","QueryStatus":"0","QueryResults":"216.239.38.119;","Image":"C:\\Program Files\\Mozilla Firefox\\firefox.exe","User":"WIN10\\richard"}}
{"LogSource":"Microsoft-Windows-Sysmon/Operational","EventId":22,"TimeCreated":"2024-10-10T23:15:28.0531842-07:00","RecordId":171687,"MachineName":"Win10","EventData":{"RuleName":"-","UtcTime":"2024-10-11 06:15:25.972","ProcessGuid":"{53968da7-c27d-6708-1802-00000000fb00}","ProcessId":"1452","QueryName":"restrictmoderate.youtube.com","QueryStatus":"0","QueryResults":"216.239.38.119;","Image":"C:\\Program Files\\Mozilla Firefox\\firefox.exe","User":"WIN10\\richard"}}
{"LogSource":"Microsoft-Windows-Sysmon/Operational","EventId":22,"TimeCreated":"2024-10-10T23:15:28.0543639-07:00","RecordId":171688,"MachineName":"Win10","EventData":{"RuleName":"-","UtcTime":"2024-10-11 06:15:25.976","ProcessGuid":"{53968da7-c27d-6708-1802-00000000fb00}","ProcessId":"1452","QueryName":"google.com.","QueryStatus":"0","QueryResults":"142.251.33.110;","Image":"C:\\Program Files\\Mozilla Firefox\\firefox.exe","User":"WIN10\\richard"}}
{"LogSource":"Microsoft-Windows-Sysmon/Operational","EventId":22,"TimeCreated":"2024-10-10T23:15:28.0554837-07:00","RecordId":171689,"MachineName":"Win10","EventData":{"RuleName":"-","UtcTime":"2024-10-11 06:15:25.976","ProcessGuid":"{53968da7-c27d-6708-1802-00000000fb00}","ProcessId":"1452","QueryName":"google.com.","QueryStatus":"0","QueryResults":"142.251.33.110;","Image":"C:\\Program Files\\Mozilla Firefox\\firefox.exe","User":"WIN10\\richard"}}
{"LogSource":"Microsoft-Windows-Sysmon/Operational","EventId":22,"TimeCreated":"2024-10-10T23:15:28.0565890-07:00","RecordId":171690,"MachineName":"Win10","EventData":{"RuleName":"-","UtcTime":"2024-10-11 06:15:25.977","ProcessGuid":"{53968da7-c27d-6708-1802-00000000fb00}","ProcessId":"1452","QueryName":"google.com","QueryStatus":"0","QueryResults":"142.251.33.110;","Image":"C:\\Program Files\\Mozilla Firefox\\firefox.exe","User":"WIN10\\richard"}}
{"LogSource":"Microsoft-Windows-Sysmon/Operational","EventId":22,"TimeCreated":"2024-10-10T23:15:28.0577198-07:00","RecordId":171691,"MachineName":"Win10","EventData":{"RuleName":"-","UtcTime":"2024-10-11 06:15:25.981","ProcessGuid":"{53968da7-c27d-6708-1802-00000000fb00}","ProcessId":"1452","QueryName":"youtubei.googleapis.com.","QueryStatus":"0","QueryResults":"142.250.217.106;142.251.215.234;142.250.69.202;142.251.33.106;142.251.211.234;142.251.33.74;142.250.217.74;","Image":"C:\\Program Files\\Mozilla Firefox\\firefox.exe","User":"WIN10\\richard"}}
{"LogSource":"Microsoft-Windows-Sysmon/Operational","EventId":22,"TimeCreated":"2024-10-10T23:15:28.0588361-07:00","RecordId":171692,"MachineName":"Win10","EventData":{"RuleName":"-","UtcTime":"2024-10-11 06:15:25.981","ProcessGuid":"{53968da7-c27d-6708-1802-00000000fb00}","ProcessId":"1452","QueryName":"youtube.googleapis.com.","QueryStatus":"0","QueryResults":"142.251.215.234;172.217.14.202;142.250.69.202;142.251.33.106;142.251.211.234;142.251.33.74;142.250.217.74;142.250.217.106;","Image":"C:\\Program Files\\Mozilla Firefox\\firefox.exe","User":"WIN10\\richard"}}
{"LogSource":"Microsoft-Windows-Sysmon/Operational","EventId":22,"TimeCreated":"2024-10-10T23:15:28.0599524-07:00","RecordId":171693,"MachineName":"Win10","EventData":{"RuleName":"-","UtcTime":"2024-10-11 06:15:25.981","ProcessGuid":"{53968da7-c27d-6708-1802-00000000fb00}","ProcessId":"1452","QueryName":"m.youtube.com.","QueryStatus":"0","QueryResults":"142.251.33.78;","Image":"C:\\Program Files\\Mozilla Firefox\\firefox.exe","User":"WIN10\\richard"}}
{"LogSource":"Microsoft-Windows-Sysmon/Operational","EventId":22,"TimeCreated":"2024-10-10T23:15:28.0396405-07:00","RecordId":171675,"MachineName":"Win10","EventData":{"RuleName":"-","UtcTime":"2024-10-11 06:15:25.848","ProcessGuid":"{53968da7-c27d-6708-1802-00000000fb00}","ProcessId":"1452","QueryName":"example.org","QueryStatus":"0","QueryResults":"2606:2800:21f:cb07:6820:80da:af6b:8b2c;","Image":"C:\\Program Files\\Mozilla Firefox\\firefox.exe","User":"WIN10\\richard"}}
{"LogSource":"Microsoft-Windows-Sysmon/Operational","EventId":22,"TimeCreated":"2024-10-10T23:15:28.0621605-07:00","RecordId":171695,"MachineName":"Win10","EventData":{"RuleName":"-","UtcTime":"2024-10-11 06:15:25.981","ProcessGuid":"{53968da7-c27d-6708-1802-00000000fb00}","ProcessId":"1452","QueryName":"youtubei.googleapis.com.","QueryStatus":"0","QueryResults":"142.250.217.106;142.251.215.234;142.250.69.202;142.251.33.106;142.251.211.234;142.251.33.74;142.250.217.74;","Image":"C:\\Program Files\\Mozilla Firefox\\firefox.exe","User":"WIN10\\richard"}}
