{"LogSource":"Microsoft-Windows-Sysmon/Operational","EventId":22,"TimeCreated":"2024-10-10T23:57:51.7257967-07:00","RecordId":172696,"MachineName":"Win10","EventData":{"RuleName":"-","UtcTime":"2024-10-11 06:57:49.608","ProcessGuid":"{53968da7-cc6e-6708-5903-00000000fb00}","ProcessId":"7592","QueryName":"mozilla.cloudflare-dns.com","QueryStatus":"0","QueryResults":"2a06:98c1:52::4;2803:f800:53::4;::ffff:172.64.41.4;::ffff:162.159.61.4;","Image":"C:\\Program Files\\Mozilla Firefox\\firefox.exe","User":"WIN10\\richard"}}
{"LogSource":"Microsoft-Windows-Sysmon/Operational","EventId":22,"TimeCreated":"2024-10-10T23:57:51.7269737-07:00","RecordId":172697,"MachineName":"Win10","EventData":{"RuleName":"-","UtcTime":"2024-10-11 06:57:49.609","ProcessGuid":"{53968da7-cc6e-6708-5903-00000000fb00}","ProcessId":"7592","QueryName":"private.canadianshield.cira.ca","QueryStatus":"0","QueryResults":"2620:10a:80bb::10;2620:10a:80bc::10;::ffff:149.112.122.10;::ffff:149.112.121.10;","Image":"C:\\Program Files\\Mozilla Firefox\\firefox.exe","User":"WIN10\\richard"}}
{"LogSource":"Microsoft-Windows-Sysmon/Operational","EventId":22,"TimeCreated":"2024-10-10T23:57:51.7293111-07:00","RecordId":172699,"MachineName":"Win10","EventData":{"RuleName":"-","UtcTime":"2024-10-11 06:57:49.609","ProcessGuid":"{53968da7-cc6e-6708-5903-00000000fb00}","ProcessId":"7592","QueryName":"private.canadianshield.cira.ca","QueryStatus":"0","QueryResults":"2620:10a:80bb::10;2620:10a:80bc::10;::ffff:149.112.122.10;::ffff:149.112.121.10;","Image":"C:\\Program Files\\Mozilla Firefox\\firefox.exe","User":"WIN10\\richard"}}
{"LogSource":"Microsoft-Windows-Sysmon/Operational","EventId":22,"TimeCreated":"2024-10-10T23:57:51.7304680-07:00","RecordId":172700,"MachineName":"Win10","EventData":{"RuleName":"-","UtcTime":"2024-10-11 06:57:49.609","ProcessGuid":"{53968da7-cc6e-6708-5903-00000000fb00}","ProcessId":"7592","QueryName":"mozilla.cloudflare-dns.com","QueryStatus":"0","QueryResults":"162.159.61.4;172.64.41.4;","Image":"C:\\Program Files\\Mozilla Firefox\\firefox.exe","User":"WIN10\\richard"}}
{"LogSource":"Microsoft-Windows-Sysmon/Operational","EventId":22,"TimeCreated":"2024-10-10T23:57:51.7316492-07:00","RecordId":172701,"MachineName":"Win10","EventData":{"RuleName":"-","UtcTime":"2024-10-11 06:57:49.609","ProcessGuid":"{53968da7-cc6e-6708-5903-00000000fb00}","ProcessId":"7592","QueryName":"private.canadianshield.cira.ca","QueryStatus":"0","QueryResults":"149.112.121.10;149.112.122.10;","Image":"C:\\Program Files\\Mozilla Firefox\\firefox.exe","User":"WIN10\\richard"}}
{"LogSource":"Microsoft-Windows-Sysmon/Operational","EventId":22,"TimeCreated":"2024-10-10T23:57:51.7328299-07:00","RecordId":172702,"MachineName":"Win10","EventData":{"RuleName":"-","UtcTime":"2024-10-11 06:57:49.609","ProcessGuid":"{53968da7-cc6e-6708-5903-00000000fb00}","ProcessId":"7592","QueryName":"mozilla.cloudflare-dns.com","QueryStatus":"0","QueryResults":"2803:f800:53::4;2a06:98c1:52::4;","Image":"C:\\Program Files\\Mozilla Firefox\\firefox.exe","User":"WIN10\\richard"}}
{"LogSource":"Microsoft-Windows-Sysmon/Operational","EventId":22,"TimeCreated":"2024-10-10T23:57:51.7339840-07:00","RecordId":172703,"MachineName":"Win10","EventData":{"RuleName":"-","UtcTime":"2024-10-11 06:57:49.611","ProcessGuid":"{53968da7-cc6e-6708-5903-00000000fb00}","ProcessId":"7592","QueryName":"private.canadianshield.cira.ca","QueryStatus":"0","QueryResults":"2620:10a:80bc::10;2620:10a:80bb::10;","Image":"C:\\Program Files\\Mozilla Firefox\\firefox.exe","User":"WIN10\\richard"}}
{"LogSource":"Microsoft-Windows-Sysmon/Operational","EventId":22,"TimeCreated":"2024-10-10T23:57:51.7363677-07:00","RecordId":172705,"MachineName":"Win10","EventData":{"RuleName":"-","UtcTime":"2024-10-11 06:57:49.613","ProcessGuid":"{53968da7-cc6e-6708-5903-00000000fb00}","ProcessId":"7592","QueryName":"youtube.googleapis.com.","QueryStatus":"0","QueryResults":"172.217.14.202;142.250.69.202;142.251.33.106;142.251.211.234;142.251.33.74;142.250.217.74;142.250.217.106;142.251.215.234;","Image":"C:\\Program Files\\Mozilla Firefox\\firefox.exe","User":"WIN10\\richard"}}
{"LogSource":"Microsoft-Windows-Sysmon/Operational","EventId":22,"TimeCreated":"2024-10-10T23:57:51.7351316-07:00","RecordId":172704,"MachineName":"Win10","EventData":{"RuleName":"-","UtcTime":"2024-10-11 06:57:49.613","ProcessGuid":"{53968da7-cc6e-6708-5903-00000000fb00}","ProcessId":"7592","QueryName":"youtube.googleapis.com.","QueryStatus":"0","QueryResults":"172.217.14.202;142.250.69.202;142.251.33.106;142.251.211.234;142.251.33.74;142.250.217.74;142.250.217.106;142.251.215.234;","Image":"C:\\Program Files\\Mozilla Firefox\\firefox.exe","User":"WIN10\\richard"}}
{"LogSource":"Microsoft-Windows-Sysmon/Operational","EventId":22,"TimeCreated":"2024-10-10T23:57:51.7374931-07:00","RecordId":172706,"MachineName":"Win10","EventData":{"RuleName":"-","UtcTime":"2024-10-11 06:57:49.613","ProcessGuid":"{53968da7-cc6e-6708-5903-00000000fb00}","ProcessId":"7592","QueryName":"youtube.googleapis.com","QueryStatus":"0","QueryResults":"172.217.14.202;142.250.69.202;142.251.33.106;142.251.211.234;142.251.33.74;142.250.217.74;142.250.217.106;142.251.215.234;","Image":"C:\\Program Files\\Mozilla Firefox\\firefox.exe","User":"WIN10\\richard"}}
{"LogSource":"Microsoft-Windows-Sysmon/Operational","EventId":22,"TimeCreated":"2024-10-10T23:57:51.7281553-07:00","RecordId":172698,"MachineName":"Win10","EventData":{"RuleName":"-","UtcTime":"2024-10-11 06:57:49.609","ProcessGuid":"{53968da7-cc6e-6708-5903-00000000fb00}","ProcessId":"7592","QueryName":"mozilla.cloudflare-dns.com","QueryStatus":"0","QueryResults":"2a06:98c1:52::4;2803:f800:53::4;::ffff:172.64.41.4;::ffff:162.159.61.4;","Image":"C:\\Program Files\\Mozilla Firefox\\firefox.exe","User":"WIN10\\richard"}}
{"LogSource":"Microsoft-Windows-Sysmon/Operational","EventId":22,"TimeCreated":"2024-10-10T23:57:51.7398546-07:00","RecordId":172708,"MachineName":"Win10","EventData":{"RuleName":"-","UtcTime":"2024-10-11 06:57:49.614","ProcessGuid":"{53968da7-cc6e-6708-5903-00000000fb00}","ProcessId":"7592","QueryName":"use-application-dns.net.","QueryStatus":"0","QueryResults":"35.190.14.201;","Image":"C:\\Program Files\\Mozilla Firefox\\firefox.exe","User":"WIN10\\richard"}}
{"LogSource":"Microsoft-Windows-Sysmon/Operational","EventId":22,"TimeCreated":"2024-10-10T23:57:51.7410082-07:00","RecordId":172709,"MachineName":"Win10","EventData":{"RuleName":"-","UtcTime":"2024-10-11 06:57:49.614","ProcessGuid":"{53968da7-cc6e-6708-5903-00000000fb00}","ProcessId":"7592","QueryName":"use-application-dns.net","QueryStatus":"0","QueryResults":"35.190.14.201;","Image":"C:\\Program Files\\Mozilla Firefox\\firefox.exe","User":"WIN10\\richard"}}
{"LogSource":"Microsoft-Windows-Sysmon/Operational","EventId":22,"TimeCreated":"2024-10-10T23:57:51.7421529-07:00","RecordId":172710,"MachineName":"Win10","EventData":{"RuleName":"-","UtcTime":"2024-10-11 06:57:49.684","ProcessGuid":"{53968da7-cc6e-6708-5903-00000000fb00}","ProcessId":"7592","QueryName":"doh.test.","QueryStatus":"9003","QueryResults":"-","Image":"C:\\Program Files\\Mozilla Firefox\\firefox.exe","User":"WIN10\\richard"}}
{"LogSource":"Microsoft-Windows-Sysmon/Operational","EventId":22,"TimeCreated":"2024-10-10T23:57:51.7433305-07:00","RecordId":172711,"MachineName":"Win10","EventData":{"RuleName":"-","UtcTime":"2024-10-11 06:57:50.065","ProcessGuid":"{53968da7-cc6e-6708-5903-00000000fb00}","ProcessId":"7592","QueryName":"example.org","QueryStatus":"0","QueryResults":"93.184.215.14;","Image":"C:\\Program Files\\Mozilla Firefox\\firefox.exe","User":"WIN10\\richard"}}
{"LogSource":"Microsoft-Windows-Sysmon/Operational","EventId":22,"TimeCreated":"2024-10-10T23:57:51.7445080-07:00","RecordId":172712,"MachineName":"Win10","EventData":{"RuleName":"-","UtcTime":"2024-10-11 06:57:50.066","ProcessGuid":"{53968da7-cc6e-6708-5903-00000000fb00}","ProcessId":"7592","QueryName":"example.org","QueryStatus":"0","QueryResults":"2606:2800:21f:cb07:6820:80da:af6b:8b2c;::ffff:93.184.215.14;","Image":"C:\\Program Files\\Mozilla Firefox\\firefox.exe","User":"WIN10\\richard"}}
{"LogSource":"Microsoft-Windows-Sysmon/Operational","EventId":22,"TimeCreated":"2024-10-10T23:57:51.7456891-07:00","RecordId":172713,"MachineName":"Win10","EventData":{"RuleName":"-","UtcTime":"2024-10-11 06:57:50.066","ProcessGuid":"{53968da7-cc6e-6708-5903-00000000fb00}","ProcessId":"7592","QueryName":"example.org","QueryStatus":"0","QueryResults":"93.184.215.14;","Image":"C:\\Program Files\\Mozilla Firefox\\firefox.exe","User":"WIN10\\richard"}}
{"LogSource":"Microsoft-Windows-Sysmon/Operational","EventId":22,"TimeCreated":"2024-10-10T23:57:51.7469392-07:00","RecordId":172714,"MachineName":"Win10","EventData":{"RuleName":"-","UtcTime":"2024-10-11 06:57:50.066","ProcessGuid":"{53968da7-cc6e-6708-5903-00000000fb00}","ProcessId":"7592","QueryName":"example.org","QueryStatus":"0","QueryResults":"2606:2800:21f:cb07:6820:80da:af6b:8b2c;::ffff:93.184.215.14;","Image":"C:\\Program Files\\Mozilla Firefox\\firefox.exe","User":"WIN10\\richard"}}
{"LogSource":"Microsoft-Windows-Sysmon/Operational","EventId":22,"TimeCreated":"2024-10-10T23:57:51.7480898-07:00","RecordId":172715,"MachineName":"Win10","EventData":{"RuleName":"-","UtcTime":"2024-10-11 06:57:50.069","ProcessGuid":"{53968da7-cc6e-6708-5903-00000000fb00}","ProcessId":"7592","QueryName":"example.org","QueryStatus":"0","QueryResults":"93.184.215.14;","Image":"C:\\Program Files\\Mozilla Firefox\\firefox.exe","User":"WIN10\\richard"}}
{"LogSource":"Microsoft-Windows-Sysmon/Operational","EventId":22,"TimeCreated":"2024-10-10T23:57:51.7492319-07:00","RecordId":172716,"MachineName":"Win10","EventData":{"RuleName":"-","UtcTime":"2024-10-11 06:57:50.069","ProcessGuid":"{53968da7-cc6e-6708-5903-00000000fb00}","ProcessId":"7592","QueryName":"example.org","QueryStatus":"0","QueryResults":"2606:2800:21f:cb07:6820:80da:af6b:8b2c;","Image":"C:\\Program Files\\Mozilla Firefox\\firefox.exe","User":"WIN10\\richard"}}
{"LogSource":"Microsoft-Windows-Sysmon/Operational","EventId":22,"TimeCreated":"2024-10-10T23:57:51.7503934-07:00","RecordId":172717,"MachineName":"Win10","EventData":{"RuleName":"-","UtcTime":"2024-10-11 06:57:50.069","ProcessGuid":"{53968da7-cc6e-6708-5903-00000000fb00}","ProcessId":"7592","QueryName":"detectportal.firefox.com","QueryStatus":"0","QueryResults":"type:  5 detectportal.prod.mozaws.net;type:  5 prod.detectportal.prod.cloudops.mozgcp.net;2600:1901:0:38d7::;::ffff:34.107.221.82;","Image":"C:\\Program Files\\Mozilla Firefox\\firefox.exe","User":"WIN10\\richard"}}
{"LogSource":"Microsoft-Windows-Sysmon/Operational","EventId":22,"TimeCreated":"2024-10-10T23:57:51.7517280-07:00","RecordId":172718,"MachineName":"Win10","EventData":{"RuleName":"-","UtcTime":"2024-10-11 06:57:50.069","ProcessGuid":"{53968da7-cc6e-6708-5903-00000000fb00}","ProcessId":"7592","QueryName":"detectportal.firefox.com","QueryStatus":"0","QueryResults":"type:  5 detectportal.prod.mozaws.net;type:  5 prod.detectportal.prod.cloudops.mozgcp.net;2600:1901:0:38d7::;::ffff:34.107.221.82;","Image":"C:\\Program Files\\Mozilla Firefox\\firefox.exe","User":"WIN10\\richard"}}
{"LogSource":"Microsoft-Windows-Sysmon/Operational","EventId":22,"TimeCreated":"2024-10-10T23:57:51.7528629-07:00","RecordId":172719,"MachineName":"Win10","EventData":{"RuleName":"-","UtcTime":"2024-10-11 06:57:50.070","ProcessGuid":"{53968da7-cc6e-6708-5903-00000000fb00}","ProcessId":"7592","QueryName":"detectportal.firefox.com","QueryStatus":"0","QueryResults":"type:  5 detectportal.prod.mozaws.net;type:  5 prod.detectportal.prod.cloudops.mozgcp.net;2600:1901:0:38d7::;::ffff:34.107.221.82;","Image":"C:\\Program Files\\Mozilla Firefox\\firefox.exe","User":"WIN10\\richard"}}
{"LogSource":"Microsoft-Windows-Sysmon/Operational","EventId":22,"TimeCreated":"2024-10-10T23:57:51.7540068-07:00","RecordId":172720,"MachineName":"Win10","EventData":{"RuleName":"-","UtcTime":"2024-10-11 06:57:50.070","ProcessGuid":"{53968da7-cc6e-6708-5903-00000000fb00}","ProcessId":"7592","QueryName":"detectportal.firefox.com","QueryStatus":"0","QueryResults":"type:  5 detectportal.prod.mozaws.net;type:  5 prod.detectportal.prod.cloudops.mozgcp.net;2600:1901:0:38d7::;::ffff:34.107.221.82;","Image":"C:\\Program Files\\Mozilla Firefox\\firefox.exe","User":"WIN10\\richard"}}
{"LogSource":"Microsoft-Windows-Sysmon/Operational","EventId":22,"TimeCreated":"2024-10-10T23:57:51.7551220-07:00","RecordId":172721,"MachineName":"Win10","EventData":{"RuleName":"-","UtcTime":"2024-10-11 06:57:50.070","ProcessGuid":"{53968da7-cc6e-6708-5903-00000000fb00}","ProcessId":"7592","QueryName":"prod.detectportal.prod.cloudops.mozgcp.net","QueryStatus":"0","QueryResults":"34.107.221.82;","Image":"C:\\Program Files\\Mozilla Firefox\\firefox.exe","User":"WIN10\\richard"}}
{"LogSource":"Microsoft-Windows-Sysmon/Operational","EventId":22,"TimeCreated":"2024-10-10T23:57:51.7386736-07:00","RecordId":172707,"MachineName":"Win10","EventData":{"RuleName":"-","UtcTime":"2024-10-11 06:57:49.613","ProcessGuid":"{53968da7-cc6e-6708-5903-00000000fb00}","ProcessId":"7592","QueryName":"use-application-dns.net.","QueryStatus":"0","QueryResults":"35.190.14.201;","Image":"C:\\Program Files\\Mozilla Firefox\\firefox.exe","User":"WIN10\\richard"}}
{"LogSource":"Microsoft-Windows-Sysmon/Operational","EventId":22,"TimeCreated":"2024-10-10T23:57:52.6845871-07:00","RecordId":172722,"MachineName":"Win10","EventData":{"RuleName":"-","UtcTime":"2024-10-11 06:57:50.070","ProcessGuid":"{53968da7-cc6e-6708-5903-00000000fb00}","ProcessId":"7592","QueryName":"prod.detectportal.prod.cloudops.mozgcp.net","QueryStatus":"0","QueryResults":"2600:1901:0:38d7::;","Image":"C:\\Program Files\\Mozilla Firefox\\firefox.exe","User":"WIN10\\richard"}}
{"LogSource":"Microsoft-Windows-Sysmon/Operational","EventId":22,"TimeCreated":"2024-10-10T23:57:52.6860797-07:00","RecordId":172723,"MachineName":"Win10","EventData":{"RuleName":"-","UtcTime":"2024-10-11 06:57:50.071","ProcessGuid":"{53968da7-cc6e-6708-5903-00000000fb00}","ProcessId":"7592","QueryName":"prod.detectportal.prod.cloudops.mozgcp.net","QueryStatus":"0","QueryResults":"2600:1901:0:38d7::;","Image":"C:\\Program Files\\Mozilla Firefox\\firefox.exe","User":"WIN10\\richard"}}
{"LogSource":"Microsoft-Windows-Sysmon/Operational","EventId":1,"TimeCreated":"2024-10-10T23:57:54.3610358-07:00","RecordId":172724,"MachineName":"Win10","EventData":{"RuleName":"-","UtcTime":"2024-10-11 06:57:54.357","ProcessGuid":"{53968da7-cc72-6708-6403-00000000fb00}","ProcessId":"2856","Image":"C:\\Program Files\\Mozilla Firefox\\firefox.exe","FileVersion":"131.0.2","Description":"Firefox","Product":"Firefox","Company":"Mozilla Corporation","OriginalFileName":"firefox.exe","CommandLine":"\"C:\\Program Files\\Mozilla Firefox\\firefox.exe\" -contentproc --channel=3988 -isForBrowser -prefsHandle 5048 -prefMapHandle 2812 -prefsLen 33727 -prefMapSize 263003 -jsInitHandle 1416 -jsInitLen 234840 -parentBuildID 20241008210941 -win32kLockedDown -appDir \"C:\\Program Files\\Mozilla Firefox\\browser\" - {ca9ea3a3-3054-4870-89f9-364ddacc7b18} 7592 \"\\\\.\\pipe\\gecko-crash-server-pipe.7592\" 11 tab","CurrentDirectory":"C:\\Windows\\system32\\","User":"WIN10\\richard","LogonGuid":"{53968da7-b202-6708-c295-020000000000}","LogonId":"0x295c2","TerminalSessionId":"1","IntegrityLevel":"Low","Hashes":"MD5=571814A7939D001662BBA7760BD0B187,SHA256=9725AFC685C8EE135701E140A83B94FE7D958360A1F546215F7EAFDFF5E53A83,IMPHASH=BB4CE52E8306F88C0B1DA570553704E4","ParentProcessGuid":"{53968da7-cc6e-6708-5903-00000000fb00}","ParentProcessId":"7592","ParentImage":"C:\\Program Files\\Mozilla Firefox\\firefox.exe","ParentCommandLine":"\"C:\\Program Files\\Mozilla Firefox\\firefox.exe\" https://www.khanacademy.org","ParentUser":"WIN10\\richard"}}
{"LogSource":"Microsoft-Windows-Sysmon/Operational","EventId":1,"TimeCreated":"2024-10-10T23:57:54.3708050-07:00","RecordId":172725,"MachineName":"Win10","EventData":{"RuleName":"-","UtcTime":"2024-10-11 06:57:54.368","ProcessGuid":"{53968da7-cc72-6708-6503-00000000fb00}","ProcessId":"2656","Image":"C:\\Program Files\\Mozilla Firefox\\firefox.exe","FileVersion":"131.0.2","Description":"Firefox","Product":"Firefox","Company":"Mozilla Corporation","OriginalFileName":"firefox.exe","CommandLine":"\"C:\\Program Files\\Mozilla Firefox\\firefox.exe\" -contentproc --channel=6952 -isForBrowser -prefsHandle 1020 -prefMapHandle 5124 -prefsLen 33727 -prefMapSize 263003 -jsInitHandle 1416 -jsInitLen 234840 -parentBuildID 20241008210941 -win32kLockedDown -appDir \"C:\\Program Files\\Mozilla Firefox\\browser\" - {1857eea7-b532-476a-b0cd-af9f509a016d} 7592 \"\\\\.\\pipe\\gecko-crash-server-pipe.7592\" 12 tab","CurrentDirectory":"C:\\Windows\\system32\\","User":"WIN10\\richard","LogonGuid":"{53968da7-b202-6708-c295-020000000000}","LogonId":"0x295c2","TerminalSessionId":"1","IntegrityLevel":"Low","Hashes":"MD5=571814A7939D001662BBA7760BD0B187,SHA256=9725AFC685C8EE135701E140A83B94FE7D958360A1F546215F7EAFDFF5E53A83,IMPHASH=BB4CE52E8306F88C0B1DA570553704E4","ParentProcessGuid":"{53968da7-cc6e-6708-5903-00000000fb00}","ParentProcessId":"7592","ParentImage":"C:\\Program Files\\Mozilla Firefox\\firefox.exe","ParentCommandLine":"\"C:\\Program Files\\Mozilla Firefox\\firefox.exe\" https://www.khanacademy.org","ParentUser":"WIN10\\richard"}}
{"LogSource":"Microsoft-Windows-Sysmon/Operational","EventId":1,"TimeCreated":"2024-10-10T23:57:57.2557210-07:00","RecordId":172726,"MachineName":"Win10","EventData":{"RuleName":"-","UtcTime":"2024-10-11 06:57:57.245","ProcessGuid":"{53968da7-cc75-6708-6603-00000000fb00}","ProcessId":"7060","Image":"C:\\Program Files\\Mozilla Firefox\\firefox.exe","FileVersion":"131.0.2","Description":"Firefox","Product":"Firefox","Company":"Mozilla Corporation","OriginalFileName":"firefox.exe","CommandLine":"\"C:\\Program Files\\Mozilla Firefox\\firefox.exe\" -contentproc --channel=6432 -isForBrowser -prefsHandle 4424 -prefMapHandle 6592 -prefsLen 33727 -prefMapSize 263003 -jsInitHandle 1416 -jsInitLen 234840 -parentBuildID 20241008210941 -win32kLockedDown -appDir \"C:\\Program Files\\Mozilla Firefox\\browser\" - {67411c85-6c46-4ef2-bfaf-9487bf502a16} 7592 \"\\\\.\\pipe\\gecko-crash-server-pipe.7592\" 13 tab","CurrentDirectory":"C:\\Windows\\system32\\","User":"WIN10\\richard","LogonGuid":"{53968da7-b202-6708-c295-020000000000}","LogonId":"0x295c2","TerminalSessionId":"1","IntegrityLevel":"Low","Hashes":"MD5=571814A7939D001662BBA7760BD0B187,SHA256=9725AFC685C8EE135701E140A83B94FE7D958360A1F546215F7EAFDFF5E53A83,IMPHASH=BB4CE52E8306F88C0B1DA570553704E4","ParentProcessGuid":"{53968da7-cc6e-6708-5903-00000000fb00}","ParentProcessId":"7592","ParentImage":"C:\\Program Files\\Mozilla Firefox\\firefox.exe","ParentCommandLine":"\"C:\\Program Files\\Mozilla Firefox\\firefox.exe\" https://www.khanacademy.org","ParentUser":"WIN10\\richard"}}
{"LogSource":"Microsoft-Windows-Sysmon/Operational","EventId":1,"TimeCreated":"2024-10-10T23:58:10.1477714-07:00","RecordId":172727,"MachineName":"Win10","EventData":{"RuleName":"-","UtcTime":"2024-10-11 06:58:10.140","ProcessGuid":"{53968da7-cc82-6708-6703-00000000fb00}","ProcessId":"8064","Image":"C:\\Windows\\System32\\notepad.exe","FileVersion":"10.0.19041.4355 (WinBuild.160101.0800)","Description":"Notepad","Product":"Microsoft® Windows® Operating System","Company":"Microsoft Corporation","OriginalFileName":"NOTEPAD.EXE","CommandLine":"\"C:\\Windows\\system32\\notepad.exe\" ","CurrentDirectory":"C:\\Windows\\system32\\","User":"WIN10\\richard","LogonGuid":"{53968da7-b202-6708-7195-020000000000}","LogonId":"0x29571","TerminalSessionId":"1","IntegrityLevel":"High","Hashes":"MD5=BD33AA772F4751C5A79F94636088774E,SHA256=C286747D319818C1205FD487040840353C5F4542FAFFDABAE9131481BDFEB92A,IMPHASH=09ED737A03DB7295BF734A9953F6EB5E","ParentProcessGuid":"{53968da7-be30-6708-5201-00000000fb00}","ParentProcessId":"6876","ParentImage":"C:\\Windows\\System32\\WindowsPowerShell\\v1.0\\powershell_ise.exe","ParentCommandLine":"\"C:\\Windows\\system32\\WindowsPowerShell\\v1.0\\PowerShell_ISE.exe\" ","ParentUser":"WIN10\\richard"}}
{"LogSource":"Microsoft-Windows-Sysmon/Operational","EventId":1,"TimeCreated":"2024-10-10T23:59:08.2786425-07:00","RecordId":172728,"MachineName":"Win10","EventData":{"RuleName":"-","UtcTime":"2024-10-11 06:59:08.276","ProcessGuid":"{53968da7-ccbc-6708-6803-00000000fb00}","ProcessId":"244","Image":"C:\\Program Files\\Google\\Chrome\\Application\\chrome.exe","FileVersion":"129.0.6668.100","Description":"Google Chrome","Product":"Google Chrome","Company":"Google LLC","OriginalFileName":"chrome.exe","CommandLine":"\"C:\\Program Files\\Google\\Chrome\\Application\\chrome.exe\" https://www.apple.com ","CurrentDirectory":"C:\\Windows\\system32\\","User":"WIN10\\richard","LogonGuid":"{53968da7-b202-6708-7195-020000000000}","LogonId":"0x29571","TerminalSessionId":"1","IntegrityLevel":"High","Hashes":"MD5=47679449E8A738D8B1849668622E7C9E,SHA256=2D2A32CBCCED69610445D92965CA710EF2DA89C3788EBB98FF8612EBFFAC917B,IMPHASH=8AA69BFB46216FA413519FB53924B2F9","ParentProcessGuid":"{53968da7-be30-6708-5201-00000000fb00}","ParentProcessId":"6876","ParentImage":"C:\\Windows\\System32\\WindowsPowerShell\\v1.0\\powershell_ise.exe","ParentCommandLine":"\"C:\\Windows\\system32\\WindowsPowerShell\\v1.0\\PowerShell_ISE.exe\" ","ParentUser":"WIN10\\richard"}}
{"LogSource":"Microsoft-Windows-Sysmon/Operational","EventId":1,"TimeCreated":"2024-10-10T23:59:08.4220768-07:00","RecordId":172729,"MachineName":"Win10","EventData":{"RuleName":"-","UtcTime":"2024-10-11 06:59:08.420","ProcessGuid":"{53968da7-ccbc-6708-6c03-00000000fb00}","ProcessId":"8956","Image":"C:\\Program Files\\Google\\Chrome\\Application\\129.0.6668.100\\elevation_service.exe","FileVersion":"129.0.6668.100","Description":"Google Chrome","Product":"Google Chrome","Company":"Google LLC","OriginalFileName":"elevation_service.exe","CommandLine":"\"C:\\Program Files\\Google\\Chrome\\Application\\129.0.6668.100\\elevation_service.exe\"","CurrentDirectory":"C:\\Windows\\system32\\","User":"NT AUTHORITY\\SYSTEM","LogonGuid":"{53968da7-b200-6708-e703-000000000000}","LogonId":"0x3e7","TerminalSessionId":"0","IntegrityLevel":"System","Hashes":"MD5=472B2328D62FEC7E774166FD75C18FF6,SHA256=56291421DA56A296F3F0AEF18CA0FB3C0925779EEE7B4734A07A24E59348D9CE,IMPHASH=E2CE387C73E135211A0D2FF087A2F9F3","ParentProcessGuid":"{53968da7-b1ff-6708-0b00-00000000fb00}","ParentProcessId":"740","ParentImage":"C:\\Windows\\System32\\services.exe","ParentCommandLine":"C:\\Windows\\system32\\services.exe","ParentUser":"NT AUTHORITY\\SYSTEM"}}
{"LogSource":"Microsoft-Windows-Sysmon/Operational","EventId":22,"TimeCreated":"2024-10-10T23:59:10.6451411-07:00","RecordId":172730,"MachineName":"Win10","EventData":{"RuleName":"-","UtcTime":"2024-10-11 06:59:07.422","ProcessGuid":"{53968da7-ccbc-6708-6b03-00000000fb00}","ProcessId":"7928","QueryName":"wpad","QueryStatus":"9003","QueryResults":"-","Image":"C:\\Program Files\\Google\\Chrome\\Application\\chrome.exe","User":"WIN10\\richard"}}
{"LogSource":"Microsoft-Windows-Sysmon/Operational","EventId":22,"TimeCreated":"2024-10-10T23:59:10.6475834-07:00","RecordId":172731,"MachineName":"Win10","EventData":{"RuleName":"-","UtcTime":"2024-10-11 06:59:07.424","ProcessGuid":"{53968da7-ccbc-6708-6b03-00000000fb00}","ProcessId":"7928","QueryName":"wpad","QueryStatus":"9003","QueryResults":"-","Image":"C:\\Program Files\\Google\\Chrome\\Application\\chrome.exe","User":"WIN10\\richard"}}
{"LogSource":"Microsoft-Windows-Sysmon/Operational","EventId":22,"TimeCreated":"2024-10-10T23:59:10.6500427-07:00","RecordId":172732,"MachineName":"Win10","EventData":{"RuleName":"-","UtcTime":"2024-10-11 06:59:07.501","ProcessGuid":"{53968da7-ccbc-6708-6b03-00000000fb00}","ProcessId":"7928","QueryName":"wpad","QueryStatus":"9003","QueryResults":"-","Image":"C:\\Program Files\\Google\\Chrome\\Application\\chrome.exe","User":"WIN10\\richard"}}
{"LogSource":"Microsoft-Windows-Sysmon/Operational","EventId":22,"TimeCreated":"2024-10-10T23:59:17.9995456-07:00","RecordId":172733,"MachineName":"Win10","EventData":{"RuleName":"-","UtcTime":"2024-10-11 06:59:15.440","ProcessGuid":"{53968da7-ccbc-6708-6b03-00000000fb00}","ProcessId":"7928","QueryName":"wpad","QueryStatus":"9003","QueryResults":"-","Image":"C:\\Program Files\\Google\\Chrome\\Application\\chrome.exe","User":"WIN10\\richard"}}
{"LogSource":"Microsoft-Windows-Sysmon/Operational","EventId":1,"TimeCreated":"2024-10-10T23:59:30.3941736-07:00","RecordId":172734,"MachineName":"Win10","EventData":{"RuleName":"-","UtcTime":"2024-10-11 06:59:30.392","ProcessGuid":"{53968da7-ccd2-6708-7803-00000000fb00}","ProcessId":"8796","Image":"C:\\Program Files\\Google\\Chrome\\Application\\chrome.exe","FileVersion":"129.0.6668.100","Description":"Google Chrome","Product":"Google Chrome","Company":"Google LLC","OriginalFileName":"chrome.exe","CommandLine":"\"C:\\Program Files\\Google\\Chrome\\Application\\chrome.exe\" https://www.apple.com ","CurrentDirectory":"C:\\Windows\\system32\\","User":"WIN10\\richard","LogonGuid":"{53968da7-b202-6708-7195-020000000000}","LogonId":"0x29571","TerminalSessionId":"1","IntegrityLevel":"High","Hashes":"MD5=47679449E8A738D8B1849668622E7C9E,SHA256=2D2A32CBCCED69610445D92965CA710EF2DA89C3788EBB98FF8612EBFFAC917B,IMPHASH=8AA69BFB46216FA413519FB53924B2F9","ParentProcessGuid":"{53968da7-be30-6708-5201-00000000fb00}","ParentProcessId":"6876","ParentImage":"C:\\Windows\\System32\\WindowsPowerShell\\v1.0\\powershell_ise.exe","ParentCommandLine":"\"C:\\Windows\\system32\\WindowsPowerShell\\v1.0\\PowerShell_ISE.exe\" ","ParentUser":"WIN10\\richard"}}
{"LogSource":"Microsoft-Windows-Sysmon/Operational","EventId":1,"TimeCreated":"2024-10-10T23:59:30.5266169-07:00","RecordId":172735,"MachineName":"Win10","EventData":{"RuleName":"-","UtcTime":"2024-10-11 06:59:30.519","ProcessGuid":"{53968da7-ccd2-6708-7c03-00000000fb00}","ProcessId":"5928","Image":"C:\\Program Files\\Google\\Chrome\\Application\\129.0.6668.100\\elevation_service.exe","FileVersion":"129.0.6668.100","Description":"Google Chrome","Product":"Google Chrome","Company":"Google LLC","OriginalFileName":"elevation_service.exe","CommandLine":"\"C:\\Program Files\\Google\\Chrome\\Application\\129.0.6668.100\\elevation_service.exe\"","CurrentDirectory":"C:\\Windows\\system32\\","User":"NT AUTHORITY\\SYSTEM","LogonGuid":"{53968da7-b200-6708-e703-000000000000}","LogonId":"0x3e7","TerminalSessionId":"0","IntegrityLevel":"System","Hashes":"MD5=472B2328D62FEC7E774166FD75C18FF6,SHA256=56291421DA56A296F3F0AEF18CA0FB3C0925779EEE7B4734A07A24E59348D9CE,IMPHASH=E2CE387C73E135211A0D2FF087A2F9F3","ParentProcessGuid":"{53968da7-b1ff-6708-0b00-00000000fb00}","ParentProcessId":"740","ParentImage":"C:\\Windows\\System32\\services.exe","ParentCommandLine":"C:\\Windows\\system32\\services.exe","ParentUser":"NT AUTHORITY\\SYSTEM"}}
{"LogSource":"Microsoft-Windows-Sysmon/Operational","EventId":22,"TimeCreated":"2024-10-10T23:59:32.7425581-07:00","RecordId":172736,"MachineName":"Win10","EventData":{"RuleName":"-","UtcTime":"2024-10-11 06:59:29.489","ProcessGuid":"{53968da7-ccd2-6708-7b03-00000000fb00}","ProcessId":"7856","QueryName":"wpad","QueryStatus":"9003","QueryResults":"-","Image":"C:\\Program Files\\Google\\Chrome\\Application\\chrome.exe","User":"WIN10\\richard"}}
{"LogSource":"Microsoft-Windows-Sysmon/Operational","EventId":22,"TimeCreated":"2024-10-10T23:59:32.7432224-07:00","RecordId":172737,"MachineName":"Win10","EventData":{"RuleName":"-","UtcTime":"2024-10-11 06:59:29.568","ProcessGuid":"{53968da7-ccd2-6708-7b03-00000000fb00}","ProcessId":"7856","QueryName":"wpad","QueryStatus":"9003","QueryResults":"-","Image":"C:\\Program Files\\Google\\Chrome\\Application\\chrome.exe","User":"WIN10\\richard"}}
{"LogSource":"Microsoft-Windows-Sysmon/Operational","EventId":22,"TimeCreated":"2024-10-10T23:59:32.7438740-07:00","RecordId":172738,"MachineName":"Win10","EventData":{"RuleName":"-","UtcTime":"2024-10-11 06:59:29.631","ProcessGuid":"{53968da7-ccd2-6708-7b03-00000000fb00}","ProcessId":"7856","QueryName":"wpad","QueryStatus":"9003","QueryResults":"-","Image":"C:\\Program Files\\Google\\Chrome\\Application\\chrome.exe","User":"WIN10\\richard"}}
{"LogSource":"Microsoft-Windows-Sysmon/Operational","EventId":22,"TimeCreated":"2024-10-10T23:59:39.9882232-07:00","RecordId":172739,"MachineName":"Win10","EventData":{"RuleName":"-","UtcTime":"2024-10-11 06:59:37.512","ProcessGuid":"{53968da7-ccd2-6708-7b03-00000000fb00}","ProcessId":"7856","QueryName":"wpad","QueryStatus":"9003","QueryResults":"-","Image":"C:\\Program Files\\Google\\Chrome\\Application\\chrome.exe","User":"WIN10\\richard"}}
{"LogSource":"Microsoft-Windows-Sysmon/Operational","EventId":1,"TimeCreated":"2024-10-10T23:59:49.5070762-07:00","RecordId":172740,"MachineName":"Win10","EventData":{"RuleName":"-","UtcTime":"2024-10-11 06:59:49.500","ProcessGuid":"{53968da7-cce5-6708-8503-00000000fb00}","ProcessId":"5524","Image":"C:\\Program Files (x86)\\Google\\GoogleUpdater\\130.0.6679.0\\updater.exe","FileVersion":"130.0.6679.0","Description":"Google Updater","Product":"Google Updater","Company":"Google LLC","OriginalFileName":"updater.exe","CommandLine":"\"C:\\Program Files (x86)\\Google\\GoogleUpdater\\130.0.6679.0\\updater.exe\" --system --windows-service --service=update","CurrentDirectory":"C:\\Windows\\system32\\","User":"NT AUTHORITY\\SYSTEM","LogonGuid":"{53968da7-b200-6708-e703-000000000000}","LogonId":"0x3e7","TerminalSessionId":"0","IntegrityLevel":"System","Hashes":"MD5=C583E91DDEE7C0E8AC2A3D3AACAD2F4C,SHA256=7F67129760223E5DDF31219F0B2E247555FBAC85F4B6F933212AC091A21DEBF9,IMPHASH=20AB254B36A04EA3556F60145D061FED","ParentProcessGuid":"{53968da7-b1ff-6708-0b00-00000000fb00}","ParentProcessId":"740","ParentImage":"C:\\Windows\\System32\\services.exe","ParentCommandLine":"C:\\Windows\\system32\\services.exe","ParentUser":"NT AUTHORITY\\SYSTEM"}}
{"LogSource":"Microsoft-Windows-Sysmon/Operational","EventId":1,"TimeCreated":"2024-10-10T23:59:49.5275862-07:00","RecordId":172741,"MachineName":"Win10","EventData":{"RuleName":"-","UtcTime":"2024-10-11 06:59:49.525","ProcessGuid":"{53968da7-cce5-6708-8603-00000000fb00}","ProcessId":"7360","Image":"C:\\Program Files (x86)\\Google\\GoogleUpdater\\130.0.6679.0\\updater.exe","FileVersion":"130.0.6679.0","Description":"Google Updater","Product":"Google Updater","Company":"Google LLC","OriginalFileName":"updater.exe","CommandLine":"\"C:\\Program Files (x86)\\Google\\GoogleUpdater\\130.0.6679.0\\updater.exe\" --crash-handler --system \"--database=C:\\Program Files (x86)\\Google\\GoogleUpdater\\130.0.6679.0\\Crashpad\" --url=https://clients2.google.com/cr/report --annotation=prod=Update4 --annotation=ver=130.0.6679.0 \"--attachment=C:\\Program Files (x86)\\Google\\GoogleUpdater\\updater.log\" --initial-client-data=0x29c,0x2a0,0x2a4,0x278,0x2a8,0xdaa6cc,0xdaa6d8,0xdaa6e4","CurrentDirectory":"C:\\Windows\\system32\\","User":"NT AUTHORITY\\SYSTEM","LogonGuid":"{53968da7-b200-6708-e703-000000000000}","LogonId":"0x3e7","TerminalSessionId":"0","IntegrityLevel":"System","Hashes":"MD5=C583E91DDEE7C0E8AC2A3D3AACAD2F4C,SHA256=7F67129760223E5DDF31219F0B2E247555FBAC85F4B6F933212AC091A21DEBF9,IMPHASH=20AB254B36A04EA3556F60145D061FED","ParentProcessGuid":"{53968da7-cce5-6708-8503-00000000fb00}","ParentProcessId":"5524","ParentImage":"C:\\Program Files (x86)\\Google\\GoogleUpdater\\130.0.6679.0\\updater.exe","ParentCommandLine":"\"C:\\Program Files (x86)\\Google\\GoogleUpdater\\130.0.6679.0\\updater.exe\" --system --windows-service --service=update","ParentUser":"NT AUTHORITY\\SYSTEM"}}
{"LogSource":"Microsoft-Windows-Sysmon/Operational","EventId":1,"TimeCreated":"2024-10-11T00:00:44.0434412-07:00","RecordId":172742,"MachineName":"Win10","EventData":{"RuleName":"-","UtcTime":"2024-10-11 07:00:44.036","ProcessGuid":"{53968da7-cd1c-6708-8a03-00000000fb00}","ProcessId":"7468","Image":"C:\\Windows\\System32\\taskhostw.exe","FileVersion":"10.0.19041.4474 (WinBuild.160101.0800)","Description":"Host Process for Windows Tasks","Product":"Microsoft® Windows® Operating System","Company":"Microsoft Corporation","OriginalFileName":"taskhostw.exe","CommandLine":"taskhostw.exe","CurrentDirectory":"C:\\Windows\\system32\\","User":"NT AUTHORITY\\SYSTEM","LogonGuid":"{53968da7-b200-6708-e703-000000000000}","LogonId":"0x3e7","TerminalSessionId":"0","IntegrityLevel":"System","Hashes":"MD5=933581DCB7B289D61B63F08544540BA5,SHA256=1C7B7E7026EF8307BF33AFDADF1D49E7C1EE4C829260B4F6988185D22D7BCC3A,IMPHASH=3A0C6863CDE566AF997DB2DEFFF9D924","ParentProcessGuid":"{53968da7-b200-6708-1100-00000000fb00}","ParentProcessId":"492","ParentImage":"C:\\Windows\\System32\\svchost.exe","ParentCommandLine":"C:\\Windows\\system32\\svchost.exe -k netsvcs -p","ParentUser":"NT AUTHORITY\\SYSTEM"}}
{"LogSource":"Microsoft-Windows-Sysmon/Operational","EventId":1,"TimeCreated":"2024-10-11T00:00:55.9872674-07:00","RecordId":172743,"MachineName":"Win10","EventData":{"RuleName":"-","UtcTime":"2024-10-11 07:00:55.985","ProcessGuid":"{53968da7-cd27-6708-8b03-00000000fb00}","ProcessId":"4952","Image":"C:\\Windows\\System32\\svchost.exe","FileVersion":"10.0.19041.4355 (WinBuild.160101.0800)","Description":"Host Process for Windows Services","Product":"Microsoft® Windows® Operating System","Company":"Microsoft Corporation","OriginalFileName":"svchost.exe","CommandLine":"C:\\Windows\\system32\\svchost.exe -k wsappx -p","CurrentDirectory":"C:\\Windows\\system32\\","User":"NT AUTHORITY\\SYSTEM","LogonGuid":"{53968da7-b200-6708-e703-000000000000}","LogonId":"0x3e7","TerminalSessionId":"0","IntegrityLevel":"System","Hashes":"MD5=7469CC568AD6821FD9D925542730A7D8,SHA256=6FC3BF1FDFD76860BE782554F8D25BD32F108DB934D70F4253F1E5F23522E503,IMPHASH=F9BBD96FAE53B7A31264A703CAFA0666","ParentProcessGuid":"{53968da7-b1ff-6708-0b00-00000000fb00}","ParentProcessId":"740","ParentImage":"C:\\Windows\\System32\\services.exe","ParentCommandLine":"C:\\Windows\\system32\\services.exe","ParentUser":"NT AUTHORITY\\SYSTEM"}}
{"LogSource":"Microsoft-Windows-Sysmon/Operational","EventId":1,"TimeCreated":"2024-10-11T00:01:30.5186474-07:00","RecordId":172744,"MachineName":"Win10","EventData":{"RuleName":"-","UtcTime":"2024-10-11 07:01:30.516","ProcessGuid":"{53968da7-cd4a-6708-8f03-00000000fb00}","ProcessId":"1164","Image":"C:\\Program Files\\Mozilla Firefox\\firefox.exe","FileVersion":"131.0.2","Description":"Firefox","Product":"Firefox","Company":"Mozilla Corporation","OriginalFileName":"firefox.exe","CommandLine":"\"C:\\Program Files\\Mozilla Firefox\\firefox.exe\" https://www.linkedin.com ","CurrentDirectory":"C:\\Windows\\system32\\","User":"WIN10\\richard","LogonGuid":"{53968da7-b202-6708-7195-020000000000}","LogonId":"0x29571","TerminalSessionId":"1","IntegrityLevel":"High","Hashes":"MD5=571814A7939D001662BBA7760BD0B187,SHA256=9725AFC685C8EE135701E140A83B94FE7D958360A1F546215F7EAFDFF5E53A83,IMPHASH=BB4CE52E8306F88C0B1DA570553704E4","ParentProcessGuid":"{53968da7-be30-6708-5201-00000000fb00}","ParentProcessId":"6876","ParentImage":"C:\\Windows\\System32\\WindowsPowerShell\\v1.0\\powershell_ise.exe","ParentCommandLine":"\"C:\\Windows\\system32\\WindowsPowerShell\\v1.0\\PowerShell_ISE.exe\" ","ParentUser":"WIN10\\richard"}}
{"LogSource":"Microsoft-Windows-Sysmon/Operational","EventId":1,"TimeCreated":"2024-10-11T00:01:30.5537857-07:00","RecordId":172745,"MachineName":"Win10","EventData":{"RuleName":"-","UtcTime":"2024-10-11 07:01:30.551","ProcessGuid":"{53968da7-cd4a-6708-9003-00000000fb00}","ProcessId":"368","Image":"C:\\Program Files\\Mozilla Firefox\\firefox.exe","FileVersion":"131.0.2","Description":"Firefox","Product":"Firefox","Company":"Mozilla Corporation","OriginalFileName":"firefox.exe","CommandLine":"\"C:\\Program Files\\Mozilla Firefox\\firefox.exe\" https://www.linkedin.com --attempting-deelevation","CurrentDirectory":"C:\\Windows\\system32\\","User":"WIN10\\richard","LogonGuid":"{53968da7-b202-6708-c295-020000000000}","LogonId":"0x295c2","TerminalSessionId":"1","IntegrityLevel":"Medium","Hashes":"MD5=571814A7939D001662BBA7760BD0B187,SHA256=9725AFC685C8EE135701E140A83B94FE7D958360A1F546215F7EAFDFF5E53A83,IMPHASH=BB4CE52E8306F88C0B1DA570553704E4","ParentProcessGuid":"{53968da7-b203-6708-4f00-00000000fb00}","ParentProcessId":"4396","ParentImage":"C:\\Windows\\explorer.exe","ParentCommandLine":"C:\\Windows\\Explorer.EXE","ParentUser":"WIN10\\richard"}}
{"LogSource":"Microsoft-Windows-Sysmon/Operational","EventId":1,"TimeCreated":"2024-10-11T00:01:30.5637192-07:00","RecordId":172746,"MachineName":"Win10","EventData":{"RuleName":"-","UtcTime":"2024-10-11 07:01:30.561","ProcessGuid":"{53968da7-cd4a-6708-9103-00000000fb00}","ProcessId":"612","Image":"C:\\Program Files\\Mozilla Firefox\\firefox.exe","FileVersion":"131.0.2","Description":"Firefox","Product":"Firefox","Company":"Mozilla Corporation","OriginalFileName":"firefox.exe","CommandLine":"\"C:\\Program Files\\Mozilla Firefox\\firefox.exe\" https://www.linkedin.com","CurrentDirectory":"C:\\Windows\\system32\\","User":"WIN10\\richard","LogonGuid":"{53968da7-b202-6708-c295-020000000000}","LogonId":"0x295c2","TerminalSessionId":"1","IntegrityLevel":"Medium","Hashes":"MD5=571814A7939D001662BBA7760BD0B187,SHA256=9725AFC685C8EE135701E140A83B94FE7D958360A1F546215F7EAFDFF5E53A83,IMPHASH=BB4CE52E8306F88C0B1DA570553704E4","ParentProcessGuid":"{53968da7-cd4a-6708-9003-00000000fb00}","ParentProcessId":"368","ParentImage":"C:\\Program Files\\Mozilla Firefox\\firefox.exe","ParentCommandLine":"\"C:\\Program Files\\Mozilla Firefox\\firefox.exe\" https://www.linkedin.com --attempting-deelevation","ParentUser":"WIN10\\richard"}}
{"LogSource":"Microsoft-Windows-Sysmon/Operational","EventId":1,"TimeCreated":"2024-10-11T00:01:30.7880378-07:00","RecordId":172747,"MachineName":"Win10","EventData":{"RuleName":"-","UtcTime":"2024-10-11 07:01:30.785","ProcessGuid":"{53968da7-cd4a-6708-9203-00000000fb00}","ProcessId":"9132","Image":"C:\\Program Files\\Mozilla Firefox\\firefox.exe","FileVersion":"131.0.2","Description":"Firefox","Product":"Firefox","Company":"Mozilla Corporation","OriginalFileName":"firefox.exe","CommandLine":"\"C:\\Program Files\\Mozilla Firefox\\firefox.exe\" -contentproc --channel=1912 -parentBuildID 20241008210941 -prefsHandle 1848 -prefMapHandle 1840 -prefsLen 30861 -prefMapSize 263055 -appDir \"C:\\Program Files\\Mozilla Firefox\\browser\" - {ec5ab1f2-647d-4070-9eda-72845921ce7e} 612 \"\\\\.\\pipe\\gecko-crash-server-pipe.612\" 1 gpu","CurrentDirectory":"C:\\Windows\\system32\\","User":"WIN10\\richard","LogonGuid":"{53968da7-b202-6708-c295-020000000000}","LogonId":"0x295c2","TerminalSessionId":"1","IntegrityLevel":"Low","Hashes":"MD5=571814A7939D001662BBA7760BD0B187,SHA256=9725AFC685C8EE135701E140A83B94FE7D958360A1F546215F7EAFDFF5E53A83,IMPHASH=BB4CE52E8306F88C0B1DA570553704E4","ParentProcessGuid":"{53968da7-cd4a-6708-9103-00000000fb00}","ParentProcessId":"612","ParentImage":"C:\\Program Files\\Mozilla Firefox\\firefox.exe","ParentCommandLine":"\"C:\\Program Files\\Mozilla Firefox\\firefox.exe\" https://www.linkedin.com","ParentUser":"WIN10\\richard"}}
{"LogSource":"Microsoft-Windows-Sysmon/Operational","EventId":1,"TimeCreated":"2024-10-11T00:01:30.8662101-07:00","RecordId":172748,"MachineName":"Win10","EventData":{"RuleName":"-","UtcTime":"2024-10-11 07:01:30.863","ProcessGuid":"{53968da7-cd4a-6708-9303-00000000fb00}","ProcessId":"4532","Image":"C:\\Program Files\\Mozilla Firefox\\firefox.exe","FileVersion":"131.0.2","Description":"Firefox","Product":"Firefox","Company":"Mozilla Corporation","OriginalFileName":"firefox.exe","CommandLine":"\"C:\\Program Files\\Mozilla Firefox\\firefox.exe\" -contentproc --channel=2360 -parentBuildID 20241008210941 -prefsHandle 2356 -prefMapHandle 2352 -prefsLen 30897 -prefMapSize 263055 -win32kLockedDown -appDir \"C:\\Program Files\\Mozilla Firefox\\browser\" - {62c609c9-98c8-491e-acf6-74d724b94b39} 612 \"\\\\.\\pipe\\gecko-crash-server-pipe.612\" 2 socket","CurrentDirectory":"C:\\Windows\\system32\\","User":"WIN10\\richard","LogonGuid":"{53968da7-b202-6708-c295-020000000000}","LogonId":"0x295c2","TerminalSessionId":"1","IntegrityLevel":"Low","Hashes":"MD5=571814A7939D001662BBA7760BD0B187,SHA256=9725AFC685C8EE135701E140A83B94FE7D958360A1F546215F7EAFDFF5E53A83,IMPHASH=BB4CE52E8306F88C0B1DA570553704E4","ParentProcessGuid":"{53968da7-cd4a-6708-9103-00000000fb00}","ParentProcessId":"612","ParentImage":"C:\\Program Files\\Mozilla Firefox\\firefox.exe","ParentCommandLine":"\"C:\\Program Files\\Mozilla Firefox\\firefox.exe\" https://www.linkedin.com","ParentUser":"WIN10\\richard"}}
{"LogSource":"Microsoft-Windows-Sysmon/Operational","EventId":1,"TimeCreated":"2024-10-11T00:01:31.1556336-07:00","RecordId":172749,"MachineName":"Win10","EventData":{"RuleName":"-","UtcTime":"2024-10-11 07:01:31.153","ProcessGuid":"{53968da7-cd4b-6708-9403-00000000fb00}","ProcessId":"2460","Image":"C:\\Program Files\\Mozilla Firefox\\firefox.exe","FileVersion":"131.0.2","Description":"Firefox","Product":"Firefox","Company":"Mozilla Corporation","OriginalFileName":"firefox.exe","CommandLine":"\"C:\\Program Files\\Mozilla Firefox\\firefox.exe\" -contentproc --channel=3224 -isForBrowser -prefsHandle 3216 -prefMapHandle 3212 -prefsLen 27591 -prefMapSize 263055 -jsInitHandle 1432 -jsInitLen 234840 -parentBuildID 20241008210941 -win32kLockedDown -appDir \"C:\\Program Files\\Mozilla Firefox\\browser\" - {76046e08-861a-4155-80ee-e320e3347a81} 612 \"\\\\.\\pipe\\gecko-crash-server-pipe.612\" 3 tab","CurrentDirectory":"C:\\Windows\\system32\\","User":"WIN10\\richard","LogonGuid":"{53968da7-b202-6708-c295-020000000000}","LogonId":"0x295c2","TerminalSessionId":"1","IntegrityLevel":"Low","Hashes":"MD5=571814A7939D001662BBA7760BD0B187,SHA256=9725AFC685C8EE135701E140A83B94FE7D958360A1F546215F7EAFDFF5E53A83,IMPHASH=BB4CE52E8306F88C0B1DA570553704E4","ParentProcessGuid":"{53968da7-cd4a-6708-9103-00000000fb00}","ParentProcessId":"612","ParentImage":"C:\\Program Files\\Mozilla Firefox\\firefox.exe","ParentCommandLine":"\"C:\\Program Files\\Mozilla Firefox\\firefox.exe\" https://www.linkedin.com","ParentUser":"WIN10\\richard"}}
{"LogSource":"Microsoft-Windows-Sysmon/Operational","EventId":1,"TimeCreated":"2024-10-11T00:01:31.5441110-07:00","RecordId":172750,"MachineName":"Win10","EventData":{"RuleName":"-","UtcTime":"2024-10-11 07:01:31.541","ProcessGuid":"{53968da7-cd4b-6708-9503-00000000fb00}","ProcessId":"6304","Image":"C:\\Program Files\\Mozilla Firefox\\firefox.exe","FileVersion":"131.0.2","Description":"Firefox","Product":"Firefox","Company":"Mozilla Corporation","OriginalFileName":"firefox.exe","CommandLine":"\"C:\\Program Files\\Mozilla Firefox\\firefox.exe\" -contentproc --channel=4296 -isForBrowser -prefsHandle 4284 -prefMapHandle 4280 -prefsLen 37035 -prefMapSize 263055 -jsInitHandle 1432 -jsInitLen 234840 -parentBuildID 20241008210941 -win32kLockedDown -appDir \"C:\\Program Files\\Mozilla Firefox\\browser\" - {4bd9c23f-000e-46ea-9ec9-f1d010818c4f} 612 \"\\\\.\\pipe\\gecko-crash-server-pipe.612\" 4 tab","CurrentDirectory":"C:\\Windows\\system32\\","User":"WIN10\\richard","LogonGuid":"{53968da7-b202-6708-c295-020000000000}","LogonId":"0x295c2","TerminalSessionId":"1","IntegrityLevel":"Low","Hashes":"MD5=571814A7939D001662BBA7760BD0B187,SHA256=9725AFC685C8EE135701E140A83B94FE7D958360A1F546215F7EAFDFF5E53A83,IMPHASH=BB4CE52E8306F88C0B1DA570553704E4","ParentProcessGuid":"{53968da7-cd4a-6708-9103-00000000fb00}","ParentProcessId":"612","ParentImage":"C:\\Program Files\\Mozilla Firefox\\firefox.exe","ParentCommandLine":"\"C:\\Program Files\\Mozilla Firefox\\firefox.exe\" https://www.linkedin.com","ParentUser":"WIN10\\richard"}}
{"LogSource":"Microsoft-Windows-Sysmon/Operational","EventId":1,"TimeCreated":"2024-10-11T00:01:31.9907203-07:00","RecordId":172751,"MachineName":"Win10","EventData":{"RuleName":"-","UtcTime":"2024-10-11 07:01:31.987","ProcessGuid":"{53968da7-cd4b-6708-9603-00000000fb00}","ProcessId":"9152","Image":"C:\\Program Files\\Mozilla Firefox\\firefox.exe","FileVersion":"131.0.2","Description":"Firefox","Product":"Firefox","Company":"Mozilla Corporation","OriginalFileName":"firefox.exe","CommandLine":"\"C:\\Program Files\\Mozilla Firefox\\firefox.exe\" -contentproc --channel=5060 -parentBuildID 20241008210941 -sandboxingKind 0 -prefsHandle 5136 -prefMapHandle 5132 -prefsLen 37084 -prefMapSize 263055 -win32kLockedDown -appDir \"C:\\Program Files\\Mozilla Firefox\\browser\" - {b423ca3e-537d-455e-9f47-ab3e8a8f0fa0} 612 \"\\\\.\\pipe\\gecko-crash-server-pipe.612\" 5 utility","CurrentDirectory":"C:\\Windows\\system32\\","User":"WIN10\\richard","LogonGuid":"{53968da7-b202-6708-c295-020000000000}","LogonId":"0x295c2","TerminalSessionId":"1","IntegrityLevel":"Low","Hashes":"MD5=571814A7939D001662BBA7760BD0B187,SHA256=9725AFC685C8EE135701E140A83B94FE7D958360A1F546215F7EAFDFF5E53A83,IMPHASH=BB4CE52E8306F88C0B1DA570553704E4","ParentProcessGuid":"{53968da7-cd4a-6708-9103-00000000fb00}","ParentProcessId":"612","ParentImage":"C:\\Program Files\\Mozilla Firefox\\firefox.exe","ParentCommandLine":"\"C:\\Program Files\\Mozilla Firefox\\firefox.exe\" https://www.linkedin.com","ParentUser":"WIN10\\richard"}}
{"LogSource":"Microsoft-Windows-Sysmon/Operational","EventId":1,"TimeCreated":"2024-10-11T00:01:32.0580384-07:00","RecordId":172752,"MachineName":"Win10","EventData":{"RuleName":"-","UtcTime":"2024-10-11 07:01:32.055","ProcessGuid":"{53968da7-cd4c-6708-9703-00000000fb00}","ProcessId":"8532","Image":"C:\\Program Files\\Mozilla Firefox\\firefox.exe","FileVersion":"131.0.2","Description":"Firefox","Product":"Firefox","Company":"Mozilla Corporation","OriginalFileName":"firefox.exe","CommandLine":"\"C:\\Program Files\\Mozilla Firefox\\firefox.exe\" -contentproc --channel=5408 -isForBrowser -prefsHandle 5296 -prefMapHandle 5156 -prefsLen 37084 -prefMapSize 263055 -jsInitHandle 1432 -jsInitLen 234840 -parentBuildID 20241008210941 -win32kLockedDown -appDir \"C:\\Program Files\\Mozilla Firefox\\browser\" - {2a7e95a9-e18f-411a-8ad4-080bd55d11ba} 612 \"\\\\.\\pipe\\gecko-crash-server-pipe.612\" 6 tab","CurrentDirectory":"C:\\Windows\\system32\\","User":"WIN10\\richard","LogonGuid":"{53968da7-b202-6708-c295-020000000000}","LogonId":"0x295c2","TerminalSessionId":"1","IntegrityLevel":"Low","Hashes":"MD5=571814A7939D001662BBA7760BD0B187,SHA256=9725AFC685C8EE135701E140A83B94FE7D958360A1F546215F7EAFDFF5E53A83,IMPHASH=BB4CE52E8306F88C0B1DA570553704E4","ParentProcessGuid":"{53968da7-cd4a-6708-9103-00000000fb00}","ParentProcessId":"612","ParentImage":"C:\\Program Files\\Mozilla Firefox\\firefox.exe","ParentCommandLine":"\"C:\\Program Files\\Mozilla Firefox\\firefox.exe\" https://www.linkedin.com","ParentUser":"WIN10\\richard"}}
{"LogSource":"Microsoft-Windows-Sysmon/Operational","EventId":1,"TimeCreated":"2024-10-11T00:01:32.1580228-07:00","RecordId":172753,"MachineName":"Win10","EventData":{"RuleName":"-","UtcTime":"2024-10-11 07:01:32.153","ProcessGuid":"{53968da7-cd4c-6708-9803-00000000fb00}","ProcessId":"8884","Image":"C:\\Program Files\\Mozilla Firefox\\firefox.exe","FileVersion":"131.0.2","Description":"Firefox","Product":"Firefox","Company":"Mozilla Corporation","OriginalFileName":"firefox.exe","CommandLine":"\"C:\\Program Files\\Mozilla Firefox\\firefox.exe\" -contentproc --channel=5608 -isForBrowser -prefsHandle 5620 -prefMapHandle 5408 -prefsLen 33637 -prefMapSize 263055 -jsInitHandle 1432 -jsInitLen 234840 -parentBuildID 20241008210941 -win32kLockedDown -appDir \"C:\\Program Files\\Mozilla Firefox\\browser\" - {1fa80cd0-7530-489f-b77f-d02b3199f63b} 612 \"\\\\.\\pipe\\gecko-crash-server-pipe.612\" 7 tab","CurrentDirectory":"C:\\Windows\\system32\\","User":"WIN10\\richard","LogonGuid":"{53968da7-b202-6708-c295-020000000000}","LogonId":"0x295c2","TerminalSessionId":"1","IntegrityLevel":"Low","Hashes":"MD5=571814A7939D001662BBA7760BD0B187,SHA256=9725AFC685C8EE135701E140A83B94FE7D958360A1F546215F7EAFDFF5E53A83,IMPHASH=BB4CE52E8306F88C0B1DA570553704E4","ParentProcessGuid":"{53968da7-cd4a-6708-9103-00000000fb00}","ParentProcessId":"612","ParentImage":"C:\\Program Files\\Mozilla Firefox\\firefox.exe","ParentCommandLine":"\"C:\\Program Files\\Mozilla Firefox\\firefox.exe\" https://www.linkedin.com","ParentUser":"WIN10\\richard"}}
{"LogSource":"Microsoft-Windows-Sysmon/Operational","EventId":1,"TimeCreated":"2024-10-11T00:01:32.1635875-07:00","RecordId":172754,"MachineName":"Win10","EventData":{"RuleName":"-","UtcTime":"2024-10-11 07:01:32.161","ProcessGuid":"{53968da7-cd4c-6708-9903-00000000fb00}","ProcessId":"8672","Image":"C:\\Program Files\\Mozilla Firefox\\firefox.exe","FileVersion":"131.0.2","Description":"Firefox","Product":"Firefox","Company":"Mozilla Corporation","OriginalFileName":"firefox.exe","CommandLine":"\"C:\\Program Files\\Mozilla Firefox\\firefox.exe\" -contentproc --channel=5924 -isForBrowser -prefsHandle 5836 -prefMapHandle 5840 -prefsLen 33637 -prefMapSize 263055 -jsInitHandle 1432 -jsInitLen 234840 -parentBuildID 20241008210941 -win32kLockedDown -appDir \"C:\\Program Files\\Mozilla Firefox\\browser\" - {629702f8-346d-48ec-84b5-d98e10710733} 612 \"\\\\.\\pipe\\gecko-crash-server-pipe.612\" 8 tab","CurrentDirectory":"C:\\Windows\\system32\\","User":"WIN10\\richard","LogonGuid":"{53968da7-b202-6708-c295-020000000000}","LogonId":"0x295c2","TerminalSessionId":"1","IntegrityLevel":"Low","Hashes":"MD5=571814A7939D001662BBA7760BD0B187,SHA256=9725AFC685C8EE135701E140A83B94FE7D958360A1F546215F7EAFDFF5E53A83,IMPHASH=BB4CE52E8306F88C0B1DA570553704E4","ParentProcessGuid":"{53968da7-cd4a-6708-9103-00000000fb00}","ParentProcessId":"612","ParentImage":"C:\\Program Files\\Mozilla Firefox\\firefox.exe","ParentCommandLine":"\"C:\\Program Files\\Mozilla Firefox\\firefox.exe\" https://www.linkedin.com","ParentUser":"WIN10\\richard"}}
