{"LogSource":"Microsoft-Windows-Sysmon/Operational","EventId":22,"TimeCreated":"2024-10-10T23:28:16.9116182-07:00","RecordId":171968,"MachineName":"Win10","EventData":{"RuleName":"-","UtcTime":"2024-10-11 06:28:14.807","ProcessGuid":"{53968da7-c57f-6708-aa02-00000000fb00}","ProcessId":"4012","QueryName":"www.youtube.com.","QueryStatus":"0","QueryResults":"type:  5 youtube-ui.l.google.com;142.251.33.110;142.251.211.238;142.251.33.78;142.250.217.78;142.250.217.110;142.251.215.238;142.250.69.206;","Image":"C:\\Program Files\\Mozilla Firefox\\firefox.exe","User":"WIN10\\richard"}}
{"LogSource":"Microsoft-Windows-Sysmon/Operational","EventId":22,"TimeCreated":"2024-10-10T23:28:16.9128593-07:00","RecordId":171969,"MachineName":"Win10","EventData":{"RuleName":"-","UtcTime":"2024-10-11 06:28:14.807","ProcessGuid":"{53968da7-c57f-6708-aa02-00000000fb00}","ProcessId":"4012","QueryName":"google.com.","QueryStatus":"0","QueryResults":"142.251.33.110;","Image":"C:\\Program Files\\Mozilla Firefox\\firefox.exe","User":"WIN10\\richard"}}
{"LogSource":"Microsoft-Windows-Sysmon/Operational","EventId":22,"TimeCreated":"2024-10-10T23:28:16.9140189-07:00","RecordId":171970,"MachineName":"Win10","EventData":{"RuleName":"-","UtcTime":"2024-10-11 06:28:14.807","ProcessGuid":"{53968da7-c57f-6708-aa02-00000000fb00}","ProcessId":"4012","QueryName":"www.google.com.","QueryStatus":"0","QueryResults":"142.250.69.196;","Image":"C:\\Program Files\\Mozilla Firefox\\firefox.exe","User":"WIN10\\richard"}}
{"LogSource":"Microsoft-Windows-Sysmon/Operational","EventId":22,"TimeCreated":"2024-10-10T23:28:16.9151494-07:00","RecordId":171971,"MachineName":"Win10","EventData":{"RuleName":"-","UtcTime":"2024-10-11 06:28:14.807","ProcessGuid":"{53968da7-c57f-6708-aa02-00000000fb00}","ProcessId":"4012","QueryName":"forcesafesearch.google.com","QueryStatus":"0","QueryResults":"216.239.38.120;","Image":"C:\\Program Files\\Mozilla Firefox\\firefox.exe","User":"WIN10\\richard"}}
{"LogSource":"Microsoft-Windows-Sysmon/Operational","EventId":22,"TimeCreated":"2024-10-10T23:28:16.9163239-07:00","RecordId":171972,"MachineName":"Win10","EventData":{"RuleName":"-","UtcTime":"2024-10-11 06:28:14.807","ProcessGuid":"{53968da7-c57f-6708-aa02-00000000fb00}","ProcessId":"4012","QueryName":"m.youtube.com.","QueryStatus":"0","QueryResults":"142.250.217.78;","Image":"C:\\Program Files\\Mozilla Firefox\\firefox.exe","User":"WIN10\\richard"}}
{"LogSource":"Microsoft-Windows-Sysmon/Operational","EventId":22,"TimeCreated":"2024-10-10T23:28:16.9187150-07:00","RecordId":171974,"MachineName":"Win10","EventData":{"RuleName":"-","UtcTime":"2024-10-11 06:28:14.807","ProcessGuid":"{53968da7-c57f-6708-aa02-00000000fb00}","ProcessId":"4012","QueryName":"youtube-ui.l.google.com","QueryStatus":"0","QueryResults":"142.250.69.206;142.251.215.238;142.250.217.110;142.250.217.78;142.251.33.78;142.251.211.238;142.251.33.110;","Image":"C:\\Program Files\\Mozilla Firefox\\firefox.exe","User":"WIN10\\richard"}}
{"LogSource":"Microsoft-Windows-Sysmon/Operational","EventId":22,"TimeCreated":"2024-10-10T23:28:16.9174816-07:00","RecordId":171973,"MachineName":"Win10","EventData":{"RuleName":"-","UtcTime":"2024-10-11 06:28:14.807","ProcessGuid":"{53968da7-c57f-6708-aa02-00000000fb00}","ProcessId":"4012","QueryName":"google.com","QueryStatus":"0","QueryResults":"142.251.33.110;","Image":"C:\\Program Files\\Mozilla Firefox\\firefox.exe","User":"WIN10\\richard"}}
{"LogSource":"Microsoft-Windows-Sysmon/Operational","EventId":22,"TimeCreated":"2024-10-10T23:28:16.9198872-07:00","RecordId":171975,"MachineName":"Win10","EventData":{"RuleName":"-","UtcTime":"2024-10-11 06:28:14.807","ProcessGuid":"{53968da7-c57f-6708-aa02-00000000fb00}","ProcessId":"4012","QueryName":"www.google.com","QueryStatus":"0","QueryResults":"142.250.69.196;","Image":"C:\\Program Files\\Mozilla Firefox\\firefox.exe","User":"WIN10\\richard"}}
{"LogSource":"Microsoft-Windows-Sysmon/Operational","EventId":22,"TimeCreated":"2024-10-10T23:28:16.9210643-07:00","RecordId":171976,"MachineName":"Win10","EventData":{"RuleName":"-","UtcTime":"2024-10-11 06:28:14.807","ProcessGuid":"{53968da7-c57f-6708-aa02-00000000fb00}","ProcessId":"4012","QueryName":"youtubei.googleapis.com.","QueryStatus":"0","QueryResults":"142.250.217.74;142.250.217.106;142.251.215.234;172.217.14.234;142.250.69.202;142.251.33.106;142.251.211.234;142.251.33.74;","Image":"C:\\Program Files\\Mozilla Firefox\\firefox.exe","User":"WIN10\\richard"}}
{"LogSource":"Microsoft-Windows-Sysmon/Operational","EventId":22,"TimeCreated":"2024-10-10T23:28:16.9234350-07:00","RecordId":171978,"MachineName":"Win10","EventData":{"RuleName":"-","UtcTime":"2024-10-11 06:28:14.807","ProcessGuid":"{53968da7-c57f-6708-aa02-00000000fb00}","ProcessId":"4012","QueryName":"www.youtube-nocookie.com.","QueryStatus":"0","QueryResults":"type:  5 youtube-ui.l.google.com;142.250.217.78;142.250.217.110;142.251.215.238;172.217.14.238;142.250.69.206;142.251.33.110;142.251.211.238;142.251.33.78;","Image":"C:\\Program Files\\Mozilla Firefox\\firefox.exe","User":"WIN10\\richard"}}
{"LogSource":"Microsoft-Windows-Sysmon/Operational","EventId":22,"TimeCreated":"2024-10-10T23:28:16.9245691-07:00","RecordId":171979,"MachineName":"Win10","EventData":{"RuleName":"-","UtcTime":"2024-10-11 06:28:14.807","ProcessGuid":"{53968da7-c57f-6708-aa02-00000000fb00}","ProcessId":"4012","QueryName":"restrictmoderate.youtube.com.","QueryStatus":"0","QueryResults":"216.239.38.119;","Image":"C:\\Program Files\\Mozilla Firefox\\firefox.exe","User":"WIN10\\richard"}}
{"LogSource":"Microsoft-Windows-Sysmon/Operational","EventId":22,"TimeCreated":"2024-10-10T23:28:16.9256953-07:00","RecordId":171980,"MachineName":"Win10","EventData":{"RuleName":"-","UtcTime":"2024-10-11 06:28:14.807","ProcessGuid":"{53968da7-c57f-6708-aa02-00000000fb00}","ProcessId":"4012","QueryName":"restrict.youtube.com.","QueryStatus":"0","QueryResults":"216.239.38.120;","Image":"C:\\Program Files\\Mozilla Firefox\\firefox.exe","User":"WIN10\\richard"}}
{"LogSource":"Microsoft-Windows-Sysmon/Operational","EventId":22,"TimeCreated":"2024-10-10T23:28:16.9268051-07:00","RecordId":171981,"MachineName":"Win10","EventData":{"RuleName":"-","UtcTime":"2024-10-11 06:28:14.807","ProcessGuid":"{53968da7-c57f-6708-aa02-00000000fb00}","ProcessId":"4012","QueryName":"youtubei.googleapis.com","QueryStatus":"0","QueryResults":"142.250.217.74;142.250.217.106;142.251.215.234;172.217.14.234;142.250.69.202;142.251.33.106;142.251.211.234;142.251.33.74;","Image":"C:\\Program Files\\Mozilla Firefox\\firefox.exe","User":"WIN10\\richard"}}
{"LogSource":"Microsoft-Windows-Sysmon/Operational","EventId":22,"TimeCreated":"2024-10-10T23:28:16.9222479-07:00","RecordId":171977,"MachineName":"Win10","EventData":{"RuleName":"-","UtcTime":"2024-10-11 06:28:14.807","ProcessGuid":"{53968da7-c57f-6708-aa02-00000000fb00}","ProcessId":"4012","QueryName":"m.youtube.com","QueryStatus":"0","QueryResults":"142.250.217.78;","Image":"C:\\Program Files\\Mozilla Firefox\\firefox.exe","User":"WIN10\\richard"}}
{"LogSource":"Microsoft-Windows-Sysmon/Operational","EventId":22,"TimeCreated":"2024-10-10T23:28:16.9279874-07:00","RecordId":171982,"MachineName":"Win10","EventData":{"RuleName":"-","UtcTime":"2024-10-11 06:28:14.807","ProcessGuid":"{53968da7-c57f-6708-aa02-00000000fb00}","ProcessId":"4012","QueryName":"restrictmoderate.youtube.com","QueryStatus":"0","QueryResults":"216.239.38.119;","Image":"C:\\Program Files\\Mozilla Firefox\\firefox.exe","User":"WIN10\\richard"}}
{"LogSource":"Microsoft-Windows-Sysmon/Operational","EventId":22,"TimeCreated":"2024-10-10T23:28:16.9303260-07:00","RecordId":171984,"MachineName":"Win10","EventData":{"RuleName":"-","UtcTime":"2024-10-11 06:28:14.807","ProcessGuid":"{53968da7-c57f-6708-aa02-00000000fb00}","ProcessId":"4012","QueryName":"youtube-ui.l.google.com","QueryStatus":"0","QueryResults":"142.250.69.206;142.251.215.238;142.250.217.110;142.250.217.78;142.251.33.78;142.251.211.238;142.251.33.110;","Image":"C:\\Program Files\\Mozilla Firefox\\firefox.exe","User":"WIN10\\richard"}}
{"LogSource":"Microsoft-Windows-Sysmon/Operational","EventId":22,"TimeCreated":"2024-10-10T23:28:16.9327154-07:00","RecordId":171986,"MachineName":"Win10","EventData":{"RuleName":"-","UtcTime":"2024-10-11 06:28:14.817","ProcessGuid":"{53968da7-c57f-6708-aa02-00000000fb00}","ProcessId":"4012","QueryName":"sitereview.zscaler.com.","QueryStatus":"0","QueryResults":"104.129.193.93;","Image":"C:\\Program Files\\Mozilla Firefox\\firefox.exe","User":"WIN10\\richard"}}
{"LogSource":"Microsoft-Windows-Sysmon/Operational","EventId":22,"TimeCreated":"2024-10-10T23:28:16.9291432-07:00","RecordId":171983,"MachineName":"Win10","EventData":{"RuleName":"-","UtcTime":"2024-10-11 06:28:14.807","ProcessGuid":"{53968da7-c57f-6708-aa02-00000000fb00}","ProcessId":"4012","QueryName":"restrict.youtube.com","QueryStatus":"0","QueryResults":"216.239.38.120;","Image":"C:\\Program Files\\Mozilla Firefox\\firefox.exe","User":"WIN10\\richard"}}
{"LogSource":"Microsoft-Windows-Sysmon/Operational","EventId":22,"TimeCreated":"2024-10-10T23:28:16.9338681-07:00","RecordId":171987,"MachineName":"Win10","EventData":{"RuleName":"-","UtcTime":"2024-10-11 06:28:14.817","ProcessGuid":"{53968da7-c57f-6708-aa02-00000000fb00}","ProcessId":"4012","QueryName":"sitereview.zscaler.com.","QueryStatus":"0","QueryResults":"104.129.193.93;","Image":"C:\\Program Files\\Mozilla Firefox\\firefox.exe","User":"WIN10\\richard"}}
{"LogSource":"Microsoft-Windows-Sysmon/Operational","EventId":22,"TimeCreated":"2024-10-10T23:28:16.9350180-07:00","RecordId":171988,"MachineName":"Win10","EventData":{"RuleName":"-","UtcTime":"2024-10-11 06:28:14.817","ProcessGuid":"{53968da7-c57f-6708-aa02-00000000fb00}","ProcessId":"4012","QueryName":"youtube.googleapis.com.","QueryStatus":"0","QueryResults":"142.250.69.202;142.251.33.106;142.251.211.234;142.251.33.74;142.250.217.74;142.250.217.106;142.251.215.234;","Image":"C:\\Program Files\\Mozilla Firefox\\firefox.exe","User":"WIN10\\richard"}}
{"LogSource":"Microsoft-Windows-Sysmon/Operational","EventId":22,"TimeCreated":"2024-10-10T23:28:16.9361753-07:00","RecordId":171989,"MachineName":"Win10","EventData":{"RuleName":"-","UtcTime":"2024-10-11 06:28:14.817","ProcessGuid":"{53968da7-c57f-6708-aa02-00000000fb00}","ProcessId":"4012","QueryName":"sitereview.zscaler.com","QueryStatus":"0","QueryResults":"104.129.193.93;","Image":"C:\\Program Files\\Mozilla Firefox\\firefox.exe","User":"WIN10\\richard"}}
{"LogSource":"Microsoft-Windows-Sysmon/Operational","EventId":22,"TimeCreated":"2024-10-10T23:28:16.9373074-07:00","RecordId":171990,"MachineName":"Win10","EventData":{"RuleName":"-","UtcTime":"2024-10-11 06:28:14.817","ProcessGuid":"{53968da7-c57f-6708-aa02-00000000fb00}","ProcessId":"4012","QueryName":"youtube.googleapis.com","QueryStatus":"0","QueryResults":"142.250.69.202;142.251.33.106;142.251.211.234;142.251.33.74;142.250.217.74;142.250.217.106;142.251.215.234;","Image":"C:\\Program Files\\Mozilla Firefox\\firefox.exe","User":"WIN10\\richard"}}
{"LogSource":"Microsoft-Windows-Sysmon/Operational","EventId":22,"TimeCreated":"2024-10-10T23:28:16.9384662-07:00","RecordId":171991,"MachineName":"Win10","EventData":{"RuleName":"-","UtcTime":"2024-10-11 06:28:14.818","ProcessGuid":"{53968da7-c57f-6708-aa02-00000000fb00}","ProcessId":"4012","QueryName":"use-application-dns.net.","QueryStatus":"0","QueryResults":"35.190.14.201;","Image":"C:\\Program Files\\Mozilla Firefox\\firefox.exe","User":"WIN10\\richard"}}
{"LogSource":"Microsoft-Windows-Sysmon/Operational","EventId":22,"TimeCreated":"2024-10-10T23:28:16.9408543-07:00","RecordId":171993,"MachineName":"Win10","EventData":{"RuleName":"-","UtcTime":"2024-10-11 06:28:14.819","ProcessGuid":"{53968da7-c57f-6708-aa02-00000000fb00}","ProcessId":"4012","QueryName":"use-application-dns.net","QueryStatus":"0","QueryResults":"35.190.14.201;","Image":"C:\\Program Files\\Mozilla Firefox\\firefox.exe","User":"WIN10\\richard"}}
{"LogSource":"Microsoft-Windows-Sysmon/Operational","EventId":22,"TimeCreated":"2024-10-10T23:28:16.9420932-07:00","RecordId":171994,"MachineName":"Win10","EventData":{"RuleName":"-","UtcTime":"2024-10-11 06:28:14.827","ProcessGuid":"{53968da7-c57f-6708-aa02-00000000fb00}","ProcessId":"4012","QueryName":"mozilla.cloudflare-dns.com","QueryStatus":"0","QueryResults":"2803:f800:53::4;2a06:98c1:52::4;::ffff:172.64.41.4;::ffff:162.159.61.4;","Image":"C:\\Program Files\\Mozilla Firefox\\firefox.exe","User":"WIN10\\richard"}}
{"LogSource":"Microsoft-Windows-Sysmon/Operational","EventId":22,"TimeCreated":"2024-10-10T23:28:16.9396836-07:00","RecordId":171992,"MachineName":"Win10","EventData":{"RuleName":"-","UtcTime":"2024-10-11 06:28:14.818","ProcessGuid":"{53968da7-c57f-6708-aa02-00000000fb00}","ProcessId":"4012","QueryName":"use-application-dns.net.","QueryStatus":"0","QueryResults":"35.190.14.201;","Image":"C:\\Program Files\\Mozilla Firefox\\firefox.exe","User":"WIN10\\richard"}}
{"LogSource":"Microsoft-Windows-Sysmon/Operational","EventId":22,"TimeCreated":"2024-10-10T23:28:16.9433676-07:00","RecordId":171995,"MachineName":"Win10","EventData":{"RuleName":"-","UtcTime":"2024-10-11 06:28:14.828","ProcessGuid":"{53968da7-c57f-6708-aa02-00000000fb00}","ProcessId":"4012","QueryName":"private.canadianshield.cira.ca","QueryStatus":"0","QueryResults":"2620:10a:80bb::10;2620:10a:80bc::10;::ffff:149.112.122.10;::ffff:149.112.121.10;","Image":"C:\\Program Files\\Mozilla Firefox\\firefox.exe","User":"WIN10\\richard"}}
{"LogSource":"Microsoft-Windows-Sysmon/Operational","EventId":22,"TimeCreated":"2024-10-10T23:28:16.9445315-07:00","RecordId":171996,"MachineName":"Win10","EventData":{"RuleName":"-","UtcTime":"2024-10-11 06:28:14.828","ProcessGuid":"{53968da7-c57f-6708-aa02-00000000fb00}","ProcessId":"4012","QueryName":"mozilla.cloudflare-dns.com","QueryStatus":"0","QueryResults":"2803:f800:53::4;2a06:98c1:52::4;::ffff:172.64.41.4;::ffff:162.159.61.4;","Image":"C:\\Program Files\\Mozilla Firefox\\firefox.exe","User":"WIN10\\richard"}}
{"LogSource":"Microsoft-Windows-Sysmon/Operational","EventId":22,"TimeCreated":"2024-10-10T23:28:16.9456969-07:00","RecordId":171997,"MachineName":"Win10","EventData":{"RuleName":"-","UtcTime":"2024-10-11 06:28:14.828","ProcessGuid":"{53968da7-c57f-6708-aa02-00000000fb00}","ProcessId":"4012","QueryName":"private.canadianshield.cira.ca","QueryStatus":"0","QueryResults":"2620:10a:80bb::10;2620:10a:80bc::10;::ffff:149.112.122.10;::ffff:149.112.121.10;","Image":"C:\\Program Files\\Mozilla Firefox\\firefox.exe","User":"WIN10\\richard"}}
{"LogSource":"Microsoft-Windows-Sysmon/Operational","EventId":22,"TimeCreated":"2024-10-10T23:28:16.9468108-07:00","RecordId":171998,"MachineName":"Win10","EventData":{"RuleName":"-","UtcTime":"2024-10-11 06:28:14.828","ProcessGuid":"{53968da7-c57f-6708-aa02-00000000fb00}","ProcessId":"4012","QueryName":"mozilla.cloudflare-dns.com","QueryStatus":"0","QueryResults":"162.159.61.4;172.64.41.4;","Image":"C:\\Program Files\\Mozilla Firefox\\firefox.exe","User":"WIN10\\richard"}}
{"LogSource":"Microsoft-Windows-Sysmon/Operational","EventId":22,"TimeCreated":"2024-10-10T23:28:16.9479258-07:00","RecordId":171999,"MachineName":"Win10","EventData":{"RuleName":"-","UtcTime":"2024-10-11 06:28:14.828","ProcessGuid":"{53968da7-c57f-6708-aa02-00000000fb00}","ProcessId":"4012","QueryName":"private.canadianshield.cira.ca","QueryStatus":"0","QueryResults":"149.112.121.10;149.112.122.10;","Image":"C:\\Program Files\\Mozilla Firefox\\firefox.exe","User":"WIN10\\richard"}}
{"LogSource":"Microsoft-Windows-Sysmon/Operational","EventId":22,"TimeCreated":"2024-10-10T23:28:16.9490881-07:00","RecordId":172000,"MachineName":"Win10","EventData":{"RuleName":"-","UtcTime":"2024-10-11 06:28:14.828","ProcessGuid":"{53968da7-c57f-6708-aa02-00000000fb00}","ProcessId":"4012","QueryName":"mozilla.cloudflare-dns.com","QueryStatus":"0","QueryResults":"2a06:98c1:52::4;2803:f800:53::4;","Image":"C:\\Program Files\\Mozilla Firefox\\firefox.exe","User":"WIN10\\richard"}}
{"LogSource":"Microsoft-Windows-Sysmon/Operational","EventId":22,"TimeCreated":"2024-10-10T23:28:16.9502487-07:00","RecordId":172001,"MachineName":"Win10","EventData":{"RuleName":"-","UtcTime":"2024-10-11 06:28:14.828","ProcessGuid":"{53968da7-c57f-6708-aa02-00000000fb00}","ProcessId":"4012","QueryName":"private.canadianshield.cira.ca","QueryStatus":"0","QueryResults":"2620:10a:80bc::10;2620:10a:80bb::10;","Image":"C:\\Program Files\\Mozilla Firefox\\firefox.exe","User":"WIN10\\richard"}}
{"LogSource":"Microsoft-Windows-Sysmon/Operational","EventId":22,"TimeCreated":"2024-10-10T23:28:16.9514482-07:00","RecordId":172002,"MachineName":"Win10","EventData":{"RuleName":"-","UtcTime":"2024-10-11 06:28:14.886","ProcessGuid":"{53968da7-c57f-6708-aa02-00000000fb00}","ProcessId":"4012","QueryName":"doh.test.","QueryStatus":"9003","QueryResults":"-","Image":"C:\\Program Files\\Mozilla Firefox\\firefox.exe","User":"WIN10\\richard"}}
{"LogSource":"Microsoft-Windows-Sysmon/Operational","EventId":22,"TimeCreated":"2024-10-10T23:28:16.9526374-07:00","RecordId":172003,"MachineName":"Win10","EventData":{"RuleName":"-","UtcTime":"2024-10-11 06:28:15.299","ProcessGuid":"{53968da7-c57f-6708-aa02-00000000fb00}","ProcessId":"4012","QueryName":"example.org","QueryStatus":"0","QueryResults":"93.184.215.14;","Image":"C:\\Program Files\\Mozilla Firefox\\firefox.exe","User":"WIN10\\richard"}}
{"LogSource":"Microsoft-Windows-Sysmon/Operational","EventId":22,"TimeCreated":"2024-10-10T23:28:16.9538161-07:00","RecordId":172004,"MachineName":"Win10","EventData":{"RuleName":"-","UtcTime":"2024-10-11 06:28:15.299","ProcessGuid":"{53968da7-c57f-6708-aa02-00000000fb00}","ProcessId":"4012","QueryName":"example.org","QueryStatus":"0","QueryResults":"2606:2800:21f:cb07:6820:80da:af6b:8b2c;::ffff:93.184.215.14;","Image":"C:\\Program Files\\Mozilla Firefox\\firefox.exe","User":"WIN10\\richard"}}
{"LogSource":"Microsoft-Windows-Sysmon/Operational","EventId":22,"TimeCreated":"2024-10-10T23:28:16.9562136-07:00","RecordId":172006,"MachineName":"Win10","EventData":{"RuleName":"-","UtcTime":"2024-10-11 06:28:15.300","ProcessGuid":"{53968da7-c57f-6708-aa02-00000000fb00}","ProcessId":"4012","QueryName":"example.org","QueryStatus":"0","QueryResults":"2606:2800:21f:cb07:6820:80da:af6b:8b2c;::ffff:93.184.215.14;","Image":"C:\\Program Files\\Mozilla Firefox\\firefox.exe","User":"WIN10\\richard"}}
{"LogSource":"Microsoft-Windows-Sysmon/Operational","EventId":22,"TimeCreated":"2024-10-10T23:28:16.9550846-07:00","RecordId":172005,"MachineName":"Win10","EventData":{"RuleName":"-","UtcTime":"2024-10-11 06:28:15.299","ProcessGuid":"{53968da7-c57f-6708-aa02-00000000fb00}","ProcessId":"4012","QueryName":"example.org","QueryStatus":"0","QueryResults":"93.184.215.14;","Image":"C:\\Program Files\\Mozilla Firefox\\firefox.exe","User":"WIN10\\richard"}}
{"LogSource":"Microsoft-Windows-Sysmon/Operational","EventId":22,"TimeCreated":"2024-10-10T23:28:16.9573878-07:00","RecordId":172007,"MachineName":"Win10","EventData":{"RuleName":"-","UtcTime":"2024-10-11 06:28:15.304","ProcessGuid":"{53968da7-c57f-6708-aa02-00000000fb00}","ProcessId":"4012","QueryName":"example.org","QueryStatus":"0","QueryResults":"93.184.215.14;","Image":"C:\\Program Files\\Mozilla Firefox\\firefox.exe","User":"WIN10\\richard"}}
{"LogSource":"Microsoft-Windows-Sysmon/Operational","EventId":22,"TimeCreated":"2024-10-10T23:28:16.9586207-07:00","RecordId":172008,"MachineName":"Win10","EventData":{"RuleName":"-","UtcTime":"2024-10-11 06:28:15.304","ProcessGuid":"{53968da7-c57f-6708-aa02-00000000fb00}","ProcessId":"4012","QueryName":"example.org","QueryStatus":"0","QueryResults":"2606:2800:21f:cb07:6820:80da:af6b:8b2c;","Image":"C:\\Program Files\\Mozilla Firefox\\firefox.exe","User":"WIN10\\richard"}}
{"LogSource":"Microsoft-Windows-Sysmon/Operational","EventId":22,"TimeCreated":"2024-10-10T23:28:16.9315446-07:00","RecordId":171985,"MachineName":"Win10","EventData":{"RuleName":"-","UtcTime":"2024-10-11 06:28:14.817","ProcessGuid":"{53968da7-c57f-6708-aa02-00000000fb00}","ProcessId":"4012","QueryName":"youtube.googleapis.com.","QueryStatus":"0","QueryResults":"142.250.69.202;142.251.33.106;142.251.211.234;142.251.33.74;142.250.217.74;142.250.217.106;142.251.215.234;","Image":"C:\\Program Files\\Mozilla Firefox\\firefox.exe","User":"WIN10\\richard"}}
{"LogSource":"Microsoft-Windows-Sysmon/Operational","EventId":22,"TimeCreated":"2024-10-10T23:28:16.9598631-07:00","RecordId":172009,"MachineName":"Win10","EventData":{"RuleName":"-","UtcTime":"2024-10-11 06:28:15.304","ProcessGuid":"{53968da7-c57f-6708-aa02-00000000fb00}","ProcessId":"4012","QueryName":"detectportal.firefox.com","QueryStatus":"0","QueryResults":"type:  5 detectportal.prod.mozaws.net;type:  5 prod.detectportal.prod.cloudops.mozgcp.net;2600:1901:0:38d7::;::ffff:34.107.221.82;","Image":"C:\\Program Files\\Mozilla Firefox\\firefox.exe","User":"WIN10\\richard"}}
{"LogSource":"Microsoft-Windows-Sysmon/Operational","EventId":22,"TimeCreated":"2024-10-10T23:28:17.8937097-07:00","RecordId":172010,"MachineName":"Win10","EventData":{"RuleName":"-","UtcTime":"2024-10-11 06:28:15.304","ProcessGuid":"{53968da7-c57f-6708-aa02-00000000fb00}","ProcessId":"4012","QueryName":"detectportal.firefox.com","QueryStatus":"0","QueryResults":"type:  5 detectportal.prod.mozaws.net;type:  5 prod.detectportal.prod.cloudops.mozgcp.net;2600:1901:0:38d7::;::ffff:34.107.221.82;","Image":"C:\\Program Files\\Mozilla Firefox\\firefox.exe","User":"WIN10\\richard"}}
{"LogSource":"Microsoft-Windows-Sysmon/Operational","EventId":22,"TimeCreated":"2024-10-10T23:28:17.8950318-07:00","RecordId":172011,"MachineName":"Win10","EventData":{"RuleName":"-","UtcTime":"2024-10-11 06:28:15.305","ProcessGuid":"{53968da7-c57f-6708-aa02-00000000fb00}","ProcessId":"4012","QueryName":"detectportal.firefox.com","QueryStatus":"0","QueryResults":"type:  5 detectportal.prod.mozaws.net;type:  5 prod.detectportal.prod.cloudops.mozgcp.net;2600:1901:0:38d7::;::ffff:34.107.221.82;","Image":"C:\\Program Files\\Mozilla Firefox\\firefox.exe","User":"WIN10\\richard"}}
{"LogSource":"Microsoft-Windows-Sysmon/Operational","EventId":22,"TimeCreated":"2024-10-10T23:28:17.8961360-07:00","RecordId":172012,"MachineName":"Win10","EventData":{"RuleName":"-","UtcTime":"2024-10-11 06:28:15.305","ProcessGuid":"{53968da7-c57f-6708-aa02-00000000fb00}","ProcessId":"4012","QueryName":"detectportal.firefox.com","QueryStatus":"0","QueryResults":"type:  5 detectportal.prod.mozaws.net;type:  5 prod.detectportal.prod.cloudops.mozgcp.net;2600:1901:0:38d7::;::ffff:34.107.221.82;","Image":"C:\\Program Files\\Mozilla Firefox\\firefox.exe","User":"WIN10\\richard"}}
{"LogSource":"Microsoft-Windows-Sysmon/Operational","EventId":22,"TimeCreated":"2024-10-10T23:28:17.8974007-07:00","RecordId":172013,"MachineName":"Win10","EventData":{"RuleName":"-","UtcTime":"2024-10-11 06:28:15.305","ProcessGuid":"{53968da7-c57f-6708-aa02-00000000fb00}","ProcessId":"4012","QueryName":"prod.detectportal.prod.cloudops.mozgcp.net","QueryStatus":"0","QueryResults":"34.107.221.82;","Image":"C:\\Program Files\\Mozilla Firefox\\firefox.exe","User":"WIN10\\richard"}}
{"LogSource":"Microsoft-Windows-Sysmon/Operational","EventId":22,"TimeCreated":"2024-10-10T23:28:17.8985379-07:00","RecordId":172014,"MachineName":"Win10","EventData":{"RuleName":"-","UtcTime":"2024-10-11 06:28:15.305","ProcessGuid":"{53968da7-c57f-6708-aa02-00000000fb00}","ProcessId":"4012","QueryName":"prod.detectportal.prod.cloudops.mozgcp.net","QueryStatus":"0","QueryResults":"2600:1901:0:38d7::;","Image":"C:\\Program Files\\Mozilla Firefox\\firefox.exe","User":"WIN10\\richard"}}
{"LogSource":"Microsoft-Windows-Sysmon/Operational","EventId":22,"TimeCreated":"2024-10-10T23:28:17.8996561-07:00","RecordId":172015,"MachineName":"Win10","EventData":{"RuleName":"-","UtcTime":"2024-10-11 06:28:15.305","ProcessGuid":"{53968da7-c57f-6708-aa02-00000000fb00}","ProcessId":"4012","QueryName":"prod.detectportal.prod.cloudops.mozgcp.net","QueryStatus":"0","QueryResults":"2600:1901:0:38d7::;","Image":"C:\\Program Files\\Mozilla Firefox\\firefox.exe","User":"WIN10\\richard"}}
{"LogSource":"Microsoft-Windows-Sysmon/Operational","EventId":1,"TimeCreated":"2024-10-10T23:28:18.9511002-07:00","RecordId":172016,"MachineName":"Win10","EventData":{"RuleName":"-","UtcTime":"2024-10-11 06:28:18.927","ProcessGuid":"{53968da7-c582-6708-b402-00000000fb00}","ProcessId":"3360","Image":"C:\\Program Files\\Mozilla Firefox\\firefox.exe","FileVersion":"131.0.2","Description":"Firefox","Product":"Firefox","Company":"Mozilla Corporation","OriginalFileName":"firefox.exe","CommandLine":"\"C:\\Program Files\\Mozilla Firefox\\firefox.exe\" -contentproc --channel=6844 -parentBuildID 20241008210941 -prefsHandle 2968 -prefMapHandle 3896 -prefsLen 37121 -prefMapSize 263003 -appDir \"C:\\Program Files\\Mozilla Firefox\\browser\" - {583b17ad-ffd0-4e3e-909d-6f7625e5aaa3} 4012 \"\\\\.\\pipe\\gecko-crash-server-pipe.4012\" 10 rdd","CurrentDirectory":"C:\\Windows\\system32\\","User":"WIN10\\richard","LogonGuid":"{53968da7-b202-6708-c295-020000000000}","LogonId":"0x295c2","TerminalSessionId":"1","IntegrityLevel":"Low","Hashes":"MD5=571814A7939D001662BBA7760BD0B187,SHA256=9725AFC685C8EE135701E140A83B94FE7D958360A1F546215F7EAFDFF5E53A83,IMPHASH=BB4CE52E8306F88C0B1DA570553704E4","ParentProcessGuid":"{53968da7-c57f-6708-aa02-00000000fb00}","ParentProcessId":"4012","ParentImage":"C:\\Program Files\\Mozilla Firefox\\firefox.exe","ParentCommandLine":"\"C:\\Program Files\\Mozilla Firefox\\firefox.exe\" https://www.nytimes.com","ParentUser":"WIN10\\richard"}}
{"LogSource":"Microsoft-Windows-Sysmon/Operational","EventId":1,"TimeCreated":"2024-10-10T23:28:18.9564098-07:00","RecordId":172017,"MachineName":"Win10","EventData":{"RuleName":"-","UtcTime":"2024-10-11 06:28:18.934","ProcessGuid":"{53968da7-c582-6708-b502-00000000fb00}","ProcessId":"7440","Image":"C:\\Program Files\\Mozilla Firefox\\firefox.exe","FileVersion":"131.0.2","Description":"Firefox","Product":"Firefox","Company":"Mozilla Corporation","OriginalFileName":"firefox.exe","CommandLine":"\"C:\\Program Files\\Mozilla Firefox\\firefox.exe\" -contentproc --channel=6748 -parentBuildID 20241008210941 -sandboxingKind 1 -prefsHandle 3156 -prefMapHandle 3152 -prefsLen 37121 -prefMapSize 263003 -win32kLockedDown -appDir \"C:\\Program Files\\Mozilla Firefox\\browser\" - {8e259e43-6a38-4891-b433-9edfddeb11a3} 4012 \"\\\\.\\pipe\\gecko-crash-server-pipe.4012\" 11 utility","CurrentDirectory":"C:\\Windows\\system32\\","User":"WIN10\\richard","LogonGuid":"{53968da7-b202-6708-c295-020000000000}","LogonId":"0x295c2","TerminalSessionId":"1","IntegrityLevel":"Low","Hashes":"MD5=571814A7939D001662BBA7760BD0B187,SHA256=9725AFC685C8EE135701E140A83B94FE7D958360A1F546215F7EAFDFF5E53A83,IMPHASH=BB4CE52E8306F88C0B1DA570553704E4","ParentProcessGuid":"{53968da7-c57f-6708-aa02-00000000fb00}","ParentProcessId":"4012","ParentImage":"C:\\Program Files\\Mozilla Firefox\\firefox.exe","ParentCommandLine":"\"C:\\Program Files\\Mozilla Firefox\\firefox.exe\" https://www.nytimes.com","ParentUser":"WIN10\\richard"}}
{"LogSource":"Microsoft-Windows-Sysmon/Operational","EventId":1,"TimeCreated":"2024-10-10T23:28:19.9228878-07:00","RecordId":172018,"MachineName":"Win10","EventData":{"RuleName":"-","UtcTime":"2024-10-11 06:28:19.920","ProcessGuid":"{53968da7-c583-6708-b602-00000000fb00}","ProcessId":"8084","Image":"C:\\Program Files\\Mozilla Firefox\\firefox.exe","FileVersion":"131.0.2","Description":"Firefox","Product":"Firefox","Company":"Mozilla Corporation","OriginalFileName":"firefox.exe","CommandLine":"\"C:\\Program Files\\Mozilla Firefox\\firefox.exe\" -contentproc --channel=6920 -isForBrowser -prefsHandle 6772 -prefMapHandle 4640 -prefsLen 33674 -prefMapSize 263003 -jsInitHandle 1332 -jsInitLen 234840 -parentBuildID 20241008210941 -win32kLockedDown -appDir \"C:\\Program Files\\Mozilla Firefox\\browser\" - {038afbca-87bd-4a20-861d-1cc9ce945a8d} 4012 \"\\\\.\\pipe\\gecko-crash-server-pipe.4012\" 12 tab","CurrentDirectory":"C:\\Windows\\system32\\","User":"WIN10\\richard","LogonGuid":"{53968da7-b202-6708-c295-020000000000}","LogonId":"0x295c2","TerminalSessionId":"1","IntegrityLevel":"Low","Hashes":"MD5=571814A7939D001662BBA7760BD0B187,SHA256=9725AFC685C8EE135701E140A83B94FE7D958360A1F546215F7EAFDFF5E53A83,IMPHASH=BB4CE52E8306F88C0B1DA570553704E4","ParentProcessGuid":"{53968da7-c57f-6708-aa02-00000000fb00}","ParentProcessId":"4012","ParentImage":"C:\\Program Files\\Mozilla Firefox\\firefox.exe","ParentCommandLine":"\"C:\\Program Files\\Mozilla Firefox\\firefox.exe\" https://www.nytimes.com","ParentUser":"WIN10\\richard"}}
{"LogSource":"Microsoft-Windows-Sysmon/Operational","EventId":1,"TimeCreated":"2024-10-10T23:28:21.6007509-07:00","RecordId":172019,"MachineName":"Win10","EventData":{"RuleName":"-","UtcTime":"2024-10-11 06:28:21.598","ProcessGuid":"{53968da7-c585-6708-b702-00000000fb00}","ProcessId":"1088","Image":"C:\\Program Files\\Mozilla Firefox\\firefox.exe","FileVersion":"131.0.2","Description":"Firefox","Product":"Firefox","Company":"Mozilla Corporation","OriginalFileName":"firefox.exe","CommandLine":"\"C:\\Program Files\\Mozilla Firefox\\firefox.exe\" -contentproc --channel=7208 -isForBrowser -prefsHandle 7224 -prefMapHandle 7216 -prefsLen 33674 -prefMapSize 263003 -jsInitHandle 1332 -jsInitLen 234840 -parentBuildID 20241008210941 -win32kLockedDown -appDir \"C:\\Program Files\\Mozilla Firefox\\browser\" - {2dd9805c-ea18-417d-96d3-449265dbb13d} 4012 \"\\\\.\\pipe\\gecko-crash-server-pipe.4012\" 13 tab","CurrentDirectory":"C:\\Windows\\system32\\","User":"WIN10\\richard","LogonGuid":"{53968da7-b202-6708-c295-020000000000}","LogonId":"0x295c2","TerminalSessionId":"1","IntegrityLevel":"Low","Hashes":"MD5=571814A7939D001662BBA7760BD0B187,SHA256=9725AFC685C8EE135701E140A83B94FE7D958360A1F546215F7EAFDFF5E53A83,IMPHASH=BB4CE52E8306F88C0B1DA570553704E4","ParentProcessGuid":"{53968da7-c57f-6708-aa02-00000000fb00}","ParentProcessId":"4012","ParentImage":"C:\\Program Files\\Mozilla Firefox\\firefox.exe","ParentCommandLine":"\"C:\\Program Files\\Mozilla Firefox\\firefox.exe\" https://www.nytimes.com","ParentUser":"WIN10\\richard"}}
{"LogSource":"Microsoft-Windows-Sysmon/Operational","EventId":1,"TimeCreated":"2024-10-10T23:28:21.6090835-07:00","RecordId":172020,"MachineName":"Win10","EventData":{"RuleName":"-","UtcTime":"2024-10-11 06:28:21.607","ProcessGuid":"{53968da7-c585-6708-b802-00000000fb00}","ProcessId":"8984","Image":"C:\\Program Files\\Mozilla Firefox\\firefox.exe","FileVersion":"131.0.2","Description":"Firefox","Product":"Firefox","Company":"Mozilla Corporation","OriginalFileName":"firefox.exe","CommandLine":"\"C:\\Program Files\\Mozilla Firefox\\firefox.exe\" -contentproc --channel=7432 -isForBrowser -prefsHandle 7436 -prefMapHandle 7440 -prefsLen 33674 -prefMapSize 263003 -jsInitHandle 1332 -jsInitLen 234840 -parentBuildID 20241008210941 -win32kLockedDown -appDir \"C:\\Program Files\\Mozilla Firefox\\browser\" - {f3287820-afba-4328-a51a-af436c027f58} 4012 \"\\\\.\\pipe\\gecko-crash-server-pipe.4012\" 14 tab","CurrentDirectory":"C:\\Windows\\system32\\","User":"WIN10\\richard","LogonGuid":"{53968da7-b202-6708-c295-020000000000}","LogonId":"0x295c2","TerminalSessionId":"1","IntegrityLevel":"Low","Hashes":"MD5=571814A7939D001662BBA7760BD0B187,SHA256=9725AFC685C8EE135701E140A83B94FE7D958360A1F546215F7EAFDFF5E53A83,IMPHASH=BB4CE52E8306F88C0B1DA570553704E4","ParentProcessGuid":"{53968da7-c57f-6708-aa02-00000000fb00}","ParentProcessId":"4012","ParentImage":"C:\\Program Files\\Mozilla Firefox\\firefox.exe","ParentCommandLine":"\"C:\\Program Files\\Mozilla Firefox\\firefox.exe\" https://www.nytimes.com","ParentUser":"WIN10\\richard"}}
{"LogSource":"Microsoft-Windows-Sysmon/Operational","EventId":1,"TimeCreated":"2024-10-10T23:28:22.5489960-07:00","RecordId":172021,"MachineName":"Win10","EventData":{"RuleName":"-","UtcTime":"2024-10-11 06:28:22.544","ProcessGuid":"{53968da7-c586-6708-b902-00000000fb00}","ProcessId":"7660","Image":"C:\\Program Files\\Mozilla Firefox\\firefox.exe","FileVersion":"131.0.2","Description":"Firefox","Product":"Firefox","Company":"Mozilla Corporation","OriginalFileName":"firefox.exe","CommandLine":"\"C:\\Program Files\\Mozilla Firefox\\firefox.exe\" -contentproc --channel=7604 -isForBrowser -prefsHandle 7612 -prefMapHandle 7616 -prefsLen 33674 -prefMapSize 263003 -jsInitHandle 1332 -jsInitLen 234840 -parentBuildID 20241008210941 -win32kLockedDown -appDir \"C:\\Program Files\\Mozilla Firefox\\browser\" - {32c82a26-76f2-42de-94fa-d380ea06bd2b} 4012 \"\\\\.\\pipe\\gecko-crash-server-pipe.4012\" 15 tab","CurrentDirectory":"C:\\Windows\\system32\\","User":"WIN10\\richard","LogonGuid":"{53968da7-b202-6708-c295-020000000000}","LogonId":"0x295c2","TerminalSessionId":"1","IntegrityLevel":"Low","Hashes":"MD5=571814A7939D001662BBA7760BD0B187,SHA256=9725AFC685C8EE135701E140A83B94FE7D958360A1F546215F7EAFDFF5E53A83,IMPHASH=BB4CE52E8306F88C0B1DA570553704E4","ParentProcessGuid":"{53968da7-c57f-6708-aa02-00000000fb00}","ParentProcessId":"4012","ParentImage":"C:\\Program Files\\Mozilla Firefox\\firefox.exe","ParentCommandLine":"\"C:\\Program Files\\Mozilla Firefox\\firefox.exe\" https://www.nytimes.com","ParentUser":"WIN10\\richard"}}
{"LogSource":"Microsoft-Windows-Sysmon/Operational","EventId":1,"TimeCreated":"2024-10-10T23:28:23.0970137-07:00","RecordId":172022,"MachineName":"Win10","EventData":{"RuleName":"-","UtcTime":"2024-10-11 06:28:23.094","ProcessGuid":"{53968da7-c587-6708-ba02-00000000fb00}","ProcessId":"4056","Image":"C:\\Program Files\\Mozilla Firefox\\firefox.exe","FileVersion":"131.0.2","Description":"Firefox","Product":"Firefox","Company":"Mozilla Corporation","OriginalFileName":"firefox.exe","CommandLine":"\"C:\\Program Files\\Mozilla Firefox\\firefox.exe\" -contentproc --channel=6180 -isForBrowser -prefsHandle 7828 -prefMapHandle 7820 -prefsLen 33674 -prefMapSize 263003 -jsInitHandle 1332 -jsInitLen 234840 -parentBuildID 20241008210941 -win32kLockedDown -appDir \"C:\\Program Files\\Mozilla Firefox\\browser\" - {31181cfd-df4c-492a-aac5-0d13de003b6a} 4012 \"\\\\.\\pipe\\gecko-crash-server-pipe.4012\" 16 tab","CurrentDirectory":"C:\\Windows\\system32\\","User":"WIN10\\richard","LogonGuid":"{53968da7-b202-6708-c295-020000000000}","LogonId":"0x295c2","TerminalSessionId":"1","IntegrityLevel":"Low","Hashes":"MD5=571814A7939D001662BBA7760BD0B187,SHA256=9725AFC685C8EE135701E140A83B94FE7D958360A1F546215F7EAFDFF5E53A83,IMPHASH=BB4CE52E8306F88C0B1DA570553704E4","ParentProcessGuid":"{53968da7-c57f-6708-aa02-00000000fb00}","ParentProcessId":"4012","ParentImage":"C:\\Program Files\\Mozilla Firefox\\firefox.exe","ParentCommandLine":"\"C:\\Program Files\\Mozilla Firefox\\firefox.exe\" https://www.nytimes.com","ParentUser":"WIN10\\richard"}}
{"LogSource":"Microsoft-Windows-Sysmon/Operational","EventId":1,"TimeCreated":"2024-10-10T23:28:23.1059013-07:00","RecordId":172023,"MachineName":"Win10","EventData":{"RuleName":"-","UtcTime":"2024-10-11 06:28:23.102","ProcessGuid":"{53968da7-c587-6708-bb02-00000000fb00}","ProcessId":"8956","Image":"C:\\Program Files\\Mozilla Firefox\\firefox.exe","FileVersion":"131.0.2","Description":"Firefox","Product":"Firefox","Company":"Mozilla Corporation","OriginalFileName":"firefox.exe","CommandLine":"\"C:\\Program Files\\Mozilla Firefox\\firefox.exe\" -contentproc --channel=7972 -isForBrowser -prefsHandle 7836 -prefMapHandle 7816 -prefsLen 33674 -prefMapSize 263003 -jsInitHandle 1332 -jsInitLen 234840 -parentBuildID 20241008210941 -win32kLockedDown -appDir \"C:\\Program Files\\Mozilla Firefox\\browser\" - {019fddaa-131e-46ae-ad0f-fd158914b7b4} 4012 \"\\\\.\\pipe\\gecko-crash-server-pipe.4012\" 17 tab","CurrentDirectory":"C:\\Windows\\system32\\","User":"WIN10\\richard","LogonGuid":"{53968da7-b202-6708-c295-020000000000}","LogonId":"0x295c2","TerminalSessionId":"1","IntegrityLevel":"Low","Hashes":"MD5=571814A7939D001662BBA7760BD0B187,SHA256=9725AFC685C8EE135701E140A83B94FE7D958360A1F546215F7EAFDFF5E53A83,IMPHASH=BB4CE52E8306F88C0B1DA570553704E4","ParentProcessGuid":"{53968da7-c57f-6708-aa02-00000000fb00}","ParentProcessId":"4012","ParentImage":"C:\\Program Files\\Mozilla Firefox\\firefox.exe","ParentCommandLine":"\"C:\\Program Files\\Mozilla Firefox\\firefox.exe\" https://www.nytimes.com","ParentUser":"WIN10\\richard"}}
{"LogSource":"Microsoft-Windows-Sysmon/Operational","EventId":1,"TimeCreated":"2024-10-10T23:28:23.1152428-07:00","RecordId":172024,"MachineName":"Win10","EventData":{"RuleName":"-","UtcTime":"2024-10-11 06:28:23.112","ProcessGuid":"{53968da7-c587-6708-bc02-00000000fb00}","ProcessId":"4532","Image":"C:\\Program Files\\Mozilla Firefox\\firefox.exe","FileVersion":"131.0.2","Description":"Firefox","Product":"Firefox","Company":"Mozilla Corporation","OriginalFileName":"firefox.exe","CommandLine":"\"C:\\Program Files\\Mozilla Firefox\\firefox.exe\" -contentproc --channel=8252 -isForBrowser -prefsHandle 8248 -prefMapHandle 8244 -prefsLen 33674 -prefMapSize 263003 -jsInitHandle 1332 -jsInitLen 234840 -parentBuildID 20241008210941 -win32kLockedDown -appDir \"C:\\Program Files\\Mozilla Firefox\\browser\" - {4efc1c72-4093-4f16-90d3-fbee914d1d5e} 4012 \"\\\\.\\pipe\\gecko-crash-server-pipe.4012\" 18 tab","CurrentDirectory":"C:\\Windows\\system32\\","User":"WIN10\\richard","LogonGuid":"{53968da7-b202-6708-c295-020000000000}","LogonId":"0x295c2","TerminalSessionId":"1","IntegrityLevel":"Low","Hashes":"MD5=571814A7939D001662BBA7760BD0B187,SHA256=9725AFC685C8EE135701E140A83B94FE7D958360A1F546215F7EAFDFF5E53A83,IMPHASH=BB4CE52E8306F88C0B1DA570553704E4","ParentProcessGuid":"{53968da7-c57f-6708-aa02-00000000fb00}","ParentProcessId":"4012","ParentImage":"C:\\Program Files\\Mozilla Firefox\\firefox.exe","ParentCommandLine":"\"C:\\Program Files\\Mozilla Firefox\\firefox.exe\" https://www.nytimes.com","ParentUser":"WIN10\\richard"}}
{"LogSource":"Microsoft-Windows-Sysmon/Operational","EventId":1,"TimeCreated":"2024-10-10T23:28:29.5801566-07:00","RecordId":172025,"MachineName":"Win10","EventData":{"RuleName":"-","UtcTime":"2024-10-11 06:28:29.567","ProcessGuid":"{53968da7-c58d-6708-bd02-00000000fb00}","ProcessId":"8236","Image":"C:\\Program Files\\Mozilla Firefox\\firefox.exe","FileVersion":"131.0.2","Description":"Firefox","Product":"Firefox","Company":"Mozilla Corporation","OriginalFileName":"firefox.exe","CommandLine":"\"C:\\Program Files\\Mozilla Firefox\\firefox.exe\" -contentproc --channel=9484 -isForBrowser -prefsHandle 10144 -prefMapHandle 9408 -prefsLen 33674 -prefMapSize 263003 -jsInitHandle 1332 -jsInitLen 234840 -parentBuildID 20241008210941 -win32kLockedDown -appDir \"C:\\Program Files\\Mozilla Firefox\\browser\" - {064b122d-3be3-4f1d-bd99-a2b5bfa5470d} 4012 \"\\\\.\\pipe\\gecko-crash-server-pipe.4012\" 19 tab","CurrentDirectory":"C:\\Windows\\system32\\","User":"WIN10\\richard","LogonGuid":"{53968da7-b202-6708-c295-020000000000}","LogonId":"0x295c2","TerminalSessionId":"1","IntegrityLevel":"Low","Hashes":"MD5=571814A7939D001662BBA7760BD0B187,SHA256=9725AFC685C8EE135701E140A83B94FE7D958360A1F546215F7EAFDFF5E53A83,IMPHASH=BB4CE52E8306F88C0B1DA570553704E4","ParentProcessGuid":"{53968da7-c57f-6708-aa02-00000000fb00}","ParentProcessId":"4012","ParentImage":"C:\\Program Files\\Mozilla Firefox\\firefox.exe","ParentCommandLine":"\"C:\\Program Files\\Mozilla Firefox\\firefox.exe\" https://www.nytimes.com","ParentUser":"WIN10\\richard"}}
{"LogSource":"Microsoft-Windows-Sysmon/Operational","EventId":1,"TimeCreated":"2024-10-10T23:29:45.4431422-07:00","RecordId":172026,"MachineName":"Win10","EventData":{"RuleName":"-","UtcTime":"2024-10-11 06:29:45.412","ProcessGuid":"{53968da7-c5d9-6708-be02-00000000fb00}","ProcessId":"3232","Image":"C:\\Windows\\System32\\cmd.exe","FileVersion":"10.0.19041.4355 (WinBuild.160101.0800)","Description":"Windows Command Processor","Product":"Microsoft® Windows® Operating System","Company":"Microsoft Corporation","OriginalFileName":"Cmd.Exe","CommandLine":"\"C:\\Windows\\system32\\cmd.exe\" ","CurrentDirectory":"C:\\Windows\\system32\\","User":"WIN10\\richard","LogonGuid":"{53968da7-b202-6708-7195-020000000000}","LogonId":"0x29571","TerminalSessionId":"1","IntegrityLevel":"High","Hashes":"MD5=2B40C98ED0F7A1D3B091A3E8353132DC,SHA256=BADF4752413CB0CBDC03FB95820CA167F0CDC63B597CCDB5EF43111180E088B0,IMPHASH=272245E2988E1E430500B852C4FB5E18","ParentProcessGuid":"{53968da7-be30-6708-5201-00000000fb00}","ParentProcessId":"6876","ParentImage":"C:\\Windows\\System32\\WindowsPowerShell\\v1.0\\powershell_ise.exe","ParentCommandLine":"\"C:\\Windows\\system32\\WindowsPowerShell\\v1.0\\PowerShell_ISE.exe\" ","ParentUser":"WIN10\\richard"}}
{"LogSource":"Microsoft-Windows-Sysmon/Operational","EventId":1,"TimeCreated":"2024-10-10T23:29:49.5286576-07:00","RecordId":172027,"MachineName":"Win10","EventData":{"RuleName":"-","UtcTime":"2024-10-11 06:29:49.521","ProcessGuid":"{53968da7-c5dd-6708-c002-00000000fb00}","ProcessId":"4296","Image":"C:\\Windows\\System32\\mspaint.exe","FileVersion":"10.0.19041.4717 (WinBuild.160101.0800)","Description":"Paint","Product":"Microsoft® Windows® Operating System","Company":"Microsoft Corporation","OriginalFileName":"MSPAINT.EXE","CommandLine":"\"C:\\Windows\\system32\\mspaint.exe\" ","CurrentDirectory":"C:\\Windows\\system32\\","User":"WIN10\\richard","LogonGuid":"{53968da7-b202-6708-7195-020000000000}","LogonId":"0x29571","TerminalSessionId":"1","IntegrityLevel":"High","Hashes":"MD5=B77BBEF18AB33C9BF411C461463B1DA8,SHA256=CAD40CFBB57D831206F1F49AD5258EE815052F4694F801D5985B1D86B3AE24ED,IMPHASH=AD9649A74DB256ECAB874BD416C46A98","ParentProcessGuid":"{53968da7-be30-6708-5201-00000000fb00}","ParentProcessId":"6876","ParentImage":"C:\\Windows\\System32\\WindowsPowerShell\\v1.0\\powershell_ise.exe","ParentCommandLine":"\"C:\\Windows\\system32\\WindowsPowerShell\\v1.0\\PowerShell_ISE.exe\" ","ParentUser":"WIN10\\richard"}}
{"LogSource":"Microsoft-Windows-Sysmon/Operational","EventId":1,"TimeCreated":"2024-10-10T23:32:05.6518481-07:00","RecordId":172028,"MachineName":"Win10","EventData":{"RuleName":"-","UtcTime":"2024-10-11 06:32:05.649","ProcessGuid":"{53968da7-c665-6708-c202-00000000fb00}","ProcessId":"7276","Image":"C:\\Program Files\\Mozilla Firefox\\firefox.exe","FileVersion":"131.0.2","Description":"Firefox","Product":"Firefox","Company":"Mozilla Corporation","OriginalFileName":"firefox.exe","CommandLine":"\"C:\\Program Files\\Mozilla Firefox\\firefox.exe\" https://www.amazon.com ","CurrentDirectory":"C:\\Windows\\system32\\","User":"WIN10\\richard","LogonGuid":"{53968da7-b202-6708-7195-020000000000}","LogonId":"0x29571","TerminalSessionId":"1","IntegrityLevel":"High","Hashes":"MD5=571814A7939D001662BBA7760BD0B187,SHA256=9725AFC685C8EE135701E140A83B94FE7D958360A1F546215F7EAFDFF5E53A83,IMPHASH=BB4CE52E8306F88C0B1DA570553704E4","ParentProcessGuid":"{53968da7-be30-6708-5201-00000000fb00}","ParentProcessId":"6876","ParentImage":"C:\\Windows\\System32\\WindowsPowerShell\\v1.0\\powershell_ise.exe","ParentCommandLine":"\"C:\\Windows\\system32\\WindowsPowerShell\\v1.0\\PowerShell_ISE.exe\" ","ParentUser":"WIN10\\richard"}}
{"LogSource":"Microsoft-Windows-Sysmon/Operational","EventId":1,"TimeCreated":"2024-10-10T23:32:05.6844384-07:00","RecordId":172029,"MachineName":"Win10","EventData":{"RuleName":"-","UtcTime":"2024-10-11 06:32:05.682","ProcessGuid":"{53968da7-c665-6708-c302-00000000fb00}","ProcessId":"1596","Image":"C:\\Program Files\\Mozilla Firefox\\firefox.exe","FileVersion":"131.0.2","Description":"Firefox","Product":"Firefox","Company":"Mozilla Corporation","OriginalFileName":"firefox.exe","CommandLine":"\"C:\\Program Files\\Mozilla Firefox\\firefox.exe\" https://www.amazon.com --attempting-deelevation","CurrentDirectory":"C:\\Windows\\system32\\","User":"WIN10\\richard","LogonGuid":"{53968da7-b202-6708-c295-020000000000}","LogonId":"0x295c2","TerminalSessionId":"1","IntegrityLevel":"Medium","Hashes":"MD5=571814A7939D001662BBA7760BD0B187,SHA256=9725AFC685C8EE135701E140A83B94FE7D958360A1F546215F7EAFDFF5E53A83,IMPHASH=BB4CE52E8306F88C0B1DA570553704E4","ParentProcessGuid":"{53968da7-b203-6708-4f00-00000000fb00}","ParentProcessId":"4396","ParentImage":"C:\\Windows\\explorer.exe","ParentCommandLine":"C:\\Windows\\Explorer.EXE","ParentUser":"WIN10\\richard"}}
{"LogSource":"Microsoft-Windows-Sysmon/Operational","EventId":1,"TimeCreated":"2024-10-10T23:32:05.6939386-07:00","RecordId":172030,"MachineName":"Win10","EventData":{"RuleName":"-","UtcTime":"2024-10-11 06:32:05.692","ProcessGuid":"{53968da7-c665-6708-c402-00000000fb00}","ProcessId":"7196","Image":"C:\\Program Files\\Mozilla Firefox\\firefox.exe","FileVersion":"131.0.2","Description":"Firefox","Product":"Firefox","Company":"Mozilla Corporation","OriginalFileName":"firefox.exe","CommandLine":"\"C:\\Program Files\\Mozilla Firefox\\firefox.exe\" https://www.amazon.com","CurrentDirectory":"C:\\Windows\\system32\\","User":"WIN10\\richard","LogonGuid":"{53968da7-b202-6708-c295-020000000000}","LogonId":"0x295c2","TerminalSessionId":"1","IntegrityLevel":"Medium","Hashes":"MD5=571814A7939D001662BBA7760BD0B187,SHA256=9725AFC685C8EE135701E140A83B94FE7D958360A1F546215F7EAFDFF5E53A83,IMPHASH=BB4CE52E8306F88C0B1DA570553704E4","ParentProcessGuid":"{53968da7-c665-6708-c302-00000000fb00}","ParentProcessId":"1596","ParentImage":"C:\\Program Files\\Mozilla Firefox\\firefox.exe","ParentCommandLine":"\"C:\\Program Files\\Mozilla Firefox\\firefox.exe\" https://www.amazon.com --attempting-deelevation","ParentUser":"WIN10\\richard"}}
{"LogSource":"Microsoft-Windows-Sysmon/Operational","EventId":1,"TimeCreated":"2024-10-10T23:32:05.8437205-07:00","RecordId":172031,"MachineName":"Win10","EventData":{"RuleName":"-","UtcTime":"2024-10-11 06:32:05.841","ProcessGuid":"{53968da7-c665-6708-c502-00000000fb00}","ProcessId":"3460","Image":"C:\\Program Files\\Mozilla Firefox\\firefox.exe","FileVersion":"131.0.2","Description":"Firefox","Product":"Firefox","Company":"Mozilla Corporation","OriginalFileName":"firefox.exe","CommandLine":"\"C:\\Program Files\\Mozilla Firefox\\firefox.exe\" -contentproc --channel=1952 -parentBuildID 20241008210941 -prefsHandle 1880 -prefMapHandle 1872 -prefsLen 30861 -prefMapSize 263003 -appDir \"C:\\Program Files\\Mozilla Firefox\\browser\" - {0b5587cb-4420-4b6c-a414-4686ceed2786} 7196 \"\\\\.\\pipe\\gecko-crash-server-pipe.7196\" 1 gpu","CurrentDirectory":"C:\\Windows\\system32\\","User":"WIN10\\richard","LogonGuid":"{53968da7-b202-6708-c295-020000000000}","LogonId":"0x295c2","TerminalSessionId":"1","IntegrityLevel":"Low","Hashes":"MD5=571814A7939D001662BBA7760BD0B187,SHA256=9725AFC685C8EE135701E140A83B94FE7D958360A1F546215F7EAFDFF5E53A83,IMPHASH=BB4CE52E8306F88C0B1DA570553704E4","ParentProcessGuid":"{53968da7-c665-6708-c402-00000000fb00}","ParentProcessId":"7196","ParentImage":"C:\\Program Files\\Mozilla Firefox\\firefox.exe","ParentCommandLine":"\"C:\\Program Files\\Mozilla Firefox\\firefox.exe\" https://www.amazon.com","ParentUser":"WIN10\\richard"}}
{"LogSource":"Microsoft-Windows-Sysmon/Operational","EventId":1,"TimeCreated":"2024-10-10T23:32:06.0630080-07:00","RecordId":172033,"MachineName":"Win10","EventData":{"RuleName":"-","UtcTime":"2024-10-11 06:32:06.060","ProcessGuid":"{53968da7-c666-6708-c702-00000000fb00}","ProcessId":"7248","Image":"C:\\Program Files\\Mozilla Firefox\\firefox.exe","FileVersion":"131.0.2","Description":"Firefox","Product":"Firefox","Company":"Mozilla Corporation","OriginalFileName":"firefox.exe","CommandLine":"\"C:\\Program Files\\Mozilla Firefox\\firefox.exe\" -contentproc --channel=3096 -isForBrowser -prefsHandle 3088 -prefMapHandle 3084 -prefsLen 27591 -prefMapSize 263003 -jsInitHandle 1448 -jsInitLen 234840 -parentBuildID 20241008210941 -win32kLockedDown -appDir \"C:\\Program Files\\Mozilla Firefox\\browser\" - {b64ed728-e127-491e-afb6-58f5988ab865} 7196 \"\\\\.\\pipe\\gecko-crash-server-pipe.7196\" 3 tab","CurrentDirectory":"C:\\Windows\\system32\\","User":"WIN10\\richard","LogonGuid":"{53968da7-b202-6708-c295-020000000000}","LogonId":"0x295c2","TerminalSessionId":"1","IntegrityLevel":"Low","Hashes":"MD5=571814A7939D001662BBA7760BD0B187,SHA256=9725AFC685C8EE135701E140A83B94FE7D958360A1F546215F7EAFDFF5E53A83,IMPHASH=BB4CE52E8306F88C0B1DA570553704E4","ParentProcessGuid":"{53968da7-c665-6708-c402-00000000fb00}","ParentProcessId":"7196","ParentImage":"C:\\Program Files\\Mozilla Firefox\\firefox.exe","ParentCommandLine":"\"C:\\Program Files\\Mozilla Firefox\\firefox.exe\" https://www.amazon.com","ParentUser":"WIN10\\richard"}}
