{"LogSource":"Microsoft-Windows-Sysmon/Operational","EventId":22,"TimeCreated":"2024-10-11T00:06:43.2707162-07:00","RecordId":172879,"MachineName":"Win10","EventData":{"RuleName":"-","UtcTime":"2024-10-11 07:06:41.078","ProcessGuid":"{53968da7-ce81-6708-d703-00000000fb00}","ProcessId":"2704","QueryName":"forcesafesearch.google.com","QueryStatus":"0","QueryResults":"216.239.38.120;","Image":"C:\\Program Files\\Mozilla Firefox\\firefox.exe","User":"WIN10\\richard"}}
{"LogSource":"Microsoft-Windows-Sysmon/Operational","EventId":22,"TimeCreated":"2024-10-11T00:06:43.2881801-07:00","RecordId":172894,"MachineName":"Win10","EventData":{"RuleName":"-","UtcTime":"2024-10-11 07:06:41.089","ProcessGuid":"{53968da7-ce81-6708-d703-00000000fb00}","ProcessId":"2704","QueryName":"google.com.","QueryStatus":"0","QueryResults":"142.251.211.238;","Image":"C:\\Program Files\\Mozilla Firefox\\firefox.exe","User":"WIN10\\richard"}}
{"LogSource":"Microsoft-Windows-Sysmon/Operational","EventId":22,"TimeCreated":"2024-10-11T00:06:43.2892908-07:00","RecordId":172895,"MachineName":"Win10","EventData":{"RuleName":"-","UtcTime":"2024-10-11 07:06:41.090","ProcessGuid":"{53968da7-ce81-6708-d703-00000000fb00}","ProcessId":"2704","QueryName":"www.youtube.com.","QueryStatus":"0","QueryResults":"type:  5 youtube-ui.l.google.com;142.251.33.110;142.251.211.238;142.251.33.78;142.250.217.78;142.250.217.110;142.251.215.238;142.250.69.206;","Image":"C:\\Program Files\\Mozilla Firefox\\firefox.exe","User":"WIN10\\richard"}}
{"LogSource":"Microsoft-Windows-Sysmon/Operational","EventId":22,"TimeCreated":"2024-10-11T00:06:43.2904299-07:00","RecordId":172896,"MachineName":"Win10","EventData":{"RuleName":"-","UtcTime":"2024-10-11 07:06:41.090","ProcessGuid":"{53968da7-ce81-6708-d703-00000000fb00}","ProcessId":"2704","QueryName":"google.com","QueryStatus":"0","QueryResults":"142.251.211.238;","Image":"C:\\Program Files\\Mozilla Firefox\\firefox.exe","User":"WIN10\\richard"}}
{"LogSource":"Microsoft-Windows-Sysmon/Operational","EventId":22,"TimeCreated":"2024-10-11T00:06:43.2915821-07:00","RecordId":172897,"MachineName":"Win10","EventData":{"RuleName":"-","UtcTime":"2024-10-11 07:06:41.090","ProcessGuid":"{53968da7-ce81-6708-d703-00000000fb00}","ProcessId":"2704","QueryName":"www.youtube-nocookie.com.","QueryStatus":"0","QueryResults":"type:  5 youtube-ui.l.google.com;142.251.211.238;142.251.33.78;142.250.217.78;142.250.217.110;142.251.215.238;142.250.69.206;142.251.33.110;","Image":"C:\\Program Files\\Mozilla Firefox\\firefox.exe","User":"WIN10\\richard"}}
{"LogSource":"Microsoft-Windows-Sysmon/Operational","EventId":22,"TimeCreated":"2024-10-11T00:06:43.2928671-07:00","RecordId":172898,"MachineName":"Win10","EventData":{"RuleName":"-","UtcTime":"2024-10-11 07:06:41.090","ProcessGuid":"{53968da7-ce81-6708-d703-00000000fb00}","ProcessId":"2704","QueryName":"www.youtube-nocookie.com.","QueryStatus":"0","QueryResults":"type:  5 youtube-ui.l.google.com;142.251.211.238;142.251.33.78;142.250.217.78;142.250.217.110;142.251.215.238;142.250.69.206;142.251.33.110;","Image":"C:\\Program Files\\Mozilla Firefox\\firefox.exe","User":"WIN10\\richard"}}
{"LogSource":"Microsoft-Windows-Sysmon/Operational","EventId":22,"TimeCreated":"2024-10-11T00:06:43.2939922-07:00","RecordId":172899,"MachineName":"Win10","EventData":{"RuleName":"-","UtcTime":"2024-10-11 07:06:41.090","ProcessGuid":"{53968da7-ce81-6708-d703-00000000fb00}","ProcessId":"2704","QueryName":"youtube.googleapis.com.","QueryStatus":"0","QueryResults":"142.250.217.74;142.250.217.106;142.251.215.234;172.217.14.234;142.250.69.202;142.251.33.106;142.251.211.234;142.251.33.74;","Image":"C:\\Program Files\\Mozilla Firefox\\firefox.exe","User":"WIN10\\richard"}}
{"LogSource":"Microsoft-Windows-Sysmon/Operational","EventId":22,"TimeCreated":"2024-10-11T00:06:43.2952060-07:00","RecordId":172900,"MachineName":"Win10","EventData":{"RuleName":"-","UtcTime":"2024-10-11 07:06:41.090","ProcessGuid":"{53968da7-ce81-6708-d703-00000000fb00}","ProcessId":"2704","QueryName":"sitereview.zscaler.com.","QueryStatus":"0","QueryResults":"104.129.193.93;","Image":"C:\\Program Files\\Mozilla Firefox\\firefox.exe","User":"WIN10\\richard"}}
{"LogSource":"Microsoft-Windows-Sysmon/Operational","EventId":22,"TimeCreated":"2024-10-11T00:06:43.2869888-07:00","RecordId":172893,"MachineName":"Win10","EventData":{"RuleName":"-","UtcTime":"2024-10-11 07:06:41.089","ProcessGuid":"{53968da7-ce81-6708-d703-00000000fb00}","ProcessId":"2704","QueryName":"google.com.","QueryStatus":"0","QueryResults":"142.251.211.238;","Image":"C:\\Program Files\\Mozilla Firefox\\firefox.exe","User":"WIN10\\richard"}}
{"LogSource":"Microsoft-Windows-Sysmon/Operational","EventId":22,"TimeCreated":"2024-10-11T00:06:43.2963410-07:00","RecordId":172901,"MachineName":"Win10","EventData":{"RuleName":"-","UtcTime":"2024-10-11 07:06:41.090","ProcessGuid":"{53968da7-ce81-6708-d703-00000000fb00}","ProcessId":"2704","QueryName":"sitereview.zscaler.com.","QueryStatus":"0","QueryResults":"104.129.193.93;","Image":"C:\\Program Files\\Mozilla Firefox\\firefox.exe","User":"WIN10\\richard"}}
{"LogSource":"Microsoft-Windows-Sysmon/Operational","EventId":22,"TimeCreated":"2024-10-11T00:06:43.2975103-07:00","RecordId":172902,"MachineName":"Win10","EventData":{"RuleName":"-","UtcTime":"2024-10-11 07:06:41.090","ProcessGuid":"{53968da7-ce81-6708-d703-00000000fb00}","ProcessId":"2704","QueryName":"youtube.googleapis.com.","QueryStatus":"0","QueryResults":"142.250.217.74;142.250.217.106;142.251.215.234;172.217.14.234;142.250.69.202;142.251.33.106;142.251.211.234;142.251.33.74;","Image":"C:\\Program Files\\Mozilla Firefox\\firefox.exe","User":"WIN10\\richard"}}
{"LogSource":"Microsoft-Windows-Sysmon/Operational","EventId":22,"TimeCreated":"2024-10-11T00:06:43.2987397-07:00","RecordId":172903,"MachineName":"Win10","EventData":{"RuleName":"-","UtcTime":"2024-10-11 07:06:41.091","ProcessGuid":"{53968da7-ce81-6708-d703-00000000fb00}","ProcessId":"2704","QueryName":"sitereview.zscaler.com","QueryStatus":"0","QueryResults":"104.129.193.93;","Image":"C:\\Program Files\\Mozilla Firefox\\firefox.exe","User":"WIN10\\richard"}}
{"LogSource":"Microsoft-Windows-Sysmon/Operational","EventId":22,"TimeCreated":"2024-10-11T00:06:43.2999744-07:00","RecordId":172904,"MachineName":"Win10","EventData":{"RuleName":"-","UtcTime":"2024-10-11 07:06:41.091","ProcessGuid":"{53968da7-ce81-6708-d703-00000000fb00}","ProcessId":"2704","QueryName":"youtube.googleapis.com","QueryStatus":"0","QueryResults":"142.250.217.74;142.250.217.106;142.251.215.234;172.217.14.234;142.250.69.202;142.251.33.106;142.251.211.234;142.251.33.74;","Image":"C:\\Program Files\\Mozilla Firefox\\firefox.exe","User":"WIN10\\richard"}}
{"LogSource":"Microsoft-Windows-Sysmon/Operational","EventId":22,"TimeCreated":"2024-10-11T00:06:43.3011656-07:00","RecordId":172905,"MachineName":"Win10","EventData":{"RuleName":"-","UtcTime":"2024-10-11 07:06:41.091","ProcessGuid":"{53968da7-ce81-6708-d703-00000000fb00}","ProcessId":"2704","QueryName":"use-application-dns.net.","QueryStatus":"0","QueryResults":"35.190.14.201;","Image":"C:\\Program Files\\Mozilla Firefox\\firefox.exe","User":"WIN10\\richard"}}
{"LogSource":"Microsoft-Windows-Sysmon/Operational","EventId":22,"TimeCreated":"2024-10-11T00:06:43.3023521-07:00","RecordId":172906,"MachineName":"Win10","EventData":{"RuleName":"-","UtcTime":"2024-10-11 07:06:41.091","ProcessGuid":"{53968da7-ce81-6708-d703-00000000fb00}","ProcessId":"2704","QueryName":"youtubei.googleapis.com.","QueryStatus":"0","QueryResults":"142.250.217.74;142.250.217.106;142.251.215.234;172.217.14.202;142.250.69.202;142.251.33.106;142.251.211.234;142.251.33.74;","Image":"C:\\Program Files\\Mozilla Firefox\\firefox.exe","User":"WIN10\\richard"}}
{"LogSource":"Microsoft-Windows-Sysmon/Operational","EventId":22,"TimeCreated":"2024-10-11T00:06:43.3035180-07:00","RecordId":172907,"MachineName":"Win10","EventData":{"RuleName":"-","UtcTime":"2024-10-11 07:06:41.091","ProcessGuid":"{53968da7-ce81-6708-d703-00000000fb00}","ProcessId":"2704","QueryName":"use-application-dns.net.","QueryStatus":"0","QueryResults":"35.190.14.201;","Image":"C:\\Program Files\\Mozilla Firefox\\firefox.exe","User":"WIN10\\richard"}}
{"LogSource":"Microsoft-Windows-Sysmon/Operational","EventId":22,"TimeCreated":"2024-10-11T00:06:43.3046982-07:00","RecordId":172908,"MachineName":"Win10","EventData":{"RuleName":"-","UtcTime":"2024-10-11 07:06:41.092","ProcessGuid":"{53968da7-ce81-6708-d703-00000000fb00}","ProcessId":"2704","QueryName":"youtubei.googleapis.com.","QueryStatus":"0","QueryResults":"142.250.217.74;142.250.217.106;142.251.215.234;172.217.14.202;142.250.69.202;142.251.33.106;142.251.211.234;142.251.33.74;","Image":"C:\\Program Files\\Mozilla Firefox\\firefox.exe","User":"WIN10\\richard"}}
{"LogSource":"Microsoft-Windows-Sysmon/Operational","EventId":22,"TimeCreated":"2024-10-11T00:06:43.3058484-07:00","RecordId":172909,"MachineName":"Win10","EventData":{"RuleName":"-","UtcTime":"2024-10-11 07:06:41.092","ProcessGuid":"{53968da7-ce81-6708-d703-00000000fb00}","ProcessId":"2704","QueryName":"use-application-dns.net","QueryStatus":"0","QueryResults":"35.190.14.201;","Image":"C:\\Program Files\\Mozilla Firefox\\firefox.exe","User":"WIN10\\richard"}}
{"LogSource":"Microsoft-Windows-Sysmon/Operational","EventId":22,"TimeCreated":"2024-10-11T00:06:43.3070481-07:00","RecordId":172910,"MachineName":"Win10","EventData":{"RuleName":"-","UtcTime":"2024-10-11 07:06:41.092","ProcessGuid":"{53968da7-ce81-6708-d703-00000000fb00}","ProcessId":"2704","QueryName":"youtubei.googleapis.com","QueryStatus":"0","QueryResults":"142.250.217.74;142.250.217.106;142.251.215.234;172.217.14.202;142.250.69.202;142.251.33.106;142.251.211.234;142.251.33.74;","Image":"C:\\Program Files\\Mozilla Firefox\\firefox.exe","User":"WIN10\\richard"}}
{"LogSource":"Microsoft-Windows-Sysmon/Operational","EventId":22,"TimeCreated":"2024-10-11T00:06:43.3082511-07:00","RecordId":172911,"MachineName":"Win10","EventData":{"RuleName":"-","UtcTime":"2024-10-11 07:06:41.094","ProcessGuid":"{53968da7-ce81-6708-d703-00000000fb00}","ProcessId":"2704","QueryName":"youtube-ui.l.google.com","QueryStatus":"0","QueryResults":"142.251.33.110;142.250.69.206;142.251.215.238;142.250.217.110;142.250.217.78;142.251.33.78;142.251.211.238;","Image":"C:\\Program Files\\Mozilla Firefox\\firefox.exe","User":"WIN10\\richard"}}
{"LogSource":"Microsoft-Windows-Sysmon/Operational","EventId":22,"TimeCreated":"2024-10-11T00:06:43.3093968-07:00","RecordId":172912,"MachineName":"Win10","EventData":{"RuleName":"-","UtcTime":"2024-10-11 07:06:41.094","ProcessGuid":"{53968da7-ce81-6708-d703-00000000fb00}","ProcessId":"2704","QueryName":"youtube-ui.l.google.com","QueryStatus":"0","QueryResults":"142.251.33.110;142.250.69.206;142.251.215.238;142.250.217.110;142.250.217.78;142.251.33.78;142.251.211.238;","Image":"C:\\Program Files\\Mozilla Firefox\\firefox.exe","User":"WIN10\\richard"}}
{"LogSource":"Microsoft-Windows-Sysmon/Operational","EventId":22,"TimeCreated":"2024-10-11T00:06:43.3105978-07:00","RecordId":172913,"MachineName":"Win10","EventData":{"RuleName":"-","UtcTime":"2024-10-11 07:06:41.099","ProcessGuid":"{53968da7-ce81-6708-d703-00000000fb00}","ProcessId":"2704","QueryName":"private.canadianshield.cira.ca","QueryStatus":"0","QueryResults":"2620:10a:80bb::10;2620:10a:80bc::10;::ffff:149.112.122.10;::ffff:149.112.121.10;","Image":"C:\\Program Files\\Mozilla Firefox\\firefox.exe","User":"WIN10\\richard"}}
{"LogSource":"Microsoft-Windows-Sysmon/Operational","EventId":22,"TimeCreated":"2024-10-11T00:06:43.3118211-07:00","RecordId":172914,"MachineName":"Win10","EventData":{"RuleName":"-","UtcTime":"2024-10-11 07:06:41.099","ProcessGuid":"{53968da7-ce81-6708-d703-00000000fb00}","ProcessId":"2704","QueryName":"private.canadianshield.cira.ca","QueryStatus":"0","QueryResults":"2620:10a:80bb::10;2620:10a:80bc::10;::ffff:149.112.122.10;::ffff:149.112.121.10;","Image":"C:\\Program Files\\Mozilla Firefox\\firefox.exe","User":"WIN10\\richard"}}
{"LogSource":"Microsoft-Windows-Sysmon/Operational","EventId":22,"TimeCreated":"2024-10-11T00:06:43.3129965-07:00","RecordId":172915,"MachineName":"Win10","EventData":{"RuleName":"-","UtcTime":"2024-10-11 07:06:41.099","ProcessGuid":"{53968da7-ce81-6708-d703-00000000fb00}","ProcessId":"2704","QueryName":"private.canadianshield.cira.ca","QueryStatus":"0","QueryResults":"149.112.121.10;149.112.122.10;","Image":"C:\\Program Files\\Mozilla Firefox\\firefox.exe","User":"WIN10\\richard"}}
{"LogSource":"Microsoft-Windows-Sysmon/Operational","EventId":22,"TimeCreated":"2024-10-11T00:06:43.3141907-07:00","RecordId":172916,"MachineName":"Win10","EventData":{"RuleName":"-","UtcTime":"2024-10-11 07:06:41.099","ProcessGuid":"{53968da7-ce81-6708-d703-00000000fb00}","ProcessId":"2704","QueryName":"private.canadianshield.cira.ca","QueryStatus":"0","QueryResults":"2620:10a:80bc::10;2620:10a:80bb::10;","Image":"C:\\Program Files\\Mozilla Firefox\\firefox.exe","User":"WIN10\\richard"}}
{"LogSource":"Microsoft-Windows-Sysmon/Operational","EventId":22,"TimeCreated":"2024-10-11T00:06:43.3153878-07:00","RecordId":172917,"MachineName":"Win10","EventData":{"RuleName":"-","UtcTime":"2024-10-11 07:06:41.109","ProcessGuid":"{53968da7-ce81-6708-d703-00000000fb00}","ProcessId":"2704","QueryName":"mozilla.cloudflare-dns.com","QueryStatus":"0","QueryResults":"2a06:98c1:52::4;2803:f800:53::4;::ffff:172.64.41.4;::ffff:162.159.61.4;","Image":"C:\\Program Files\\Mozilla Firefox\\firefox.exe","User":"WIN10\\richard"}}
{"LogSource":"Microsoft-Windows-Sysmon/Operational","EventId":22,"TimeCreated":"2024-10-11T00:06:43.3165846-07:00","RecordId":172918,"MachineName":"Win10","EventData":{"RuleName":"-","UtcTime":"2024-10-11 07:06:41.110","ProcessGuid":"{53968da7-ce81-6708-d703-00000000fb00}","ProcessId":"2704","QueryName":"mozilla.cloudflare-dns.com","QueryStatus":"0","QueryResults":"2a06:98c1:52::4;2803:f800:53::4;::ffff:172.64.41.4;::ffff:162.159.61.4;","Image":"C:\\Program Files\\Mozilla Firefox\\firefox.exe","User":"WIN10\\richard"}}
{"LogSource":"Microsoft-Windows-Sysmon/Operational","EventId":22,"TimeCreated":"2024-10-11T00:06:43.3177924-07:00","RecordId":172919,"MachineName":"Win10","EventData":{"RuleName":"-","UtcTime":"2024-10-11 07:06:41.115","ProcessGuid":"{53968da7-ce81-6708-d703-00000000fb00}","ProcessId":"2704","QueryName":"mozilla.cloudflare-dns.com","QueryStatus":"0","QueryResults":"162.159.61.4;172.64.41.4;","Image":"C:\\Program Files\\Mozilla Firefox\\firefox.exe","User":"WIN10\\richard"}}
{"LogSource":"Microsoft-Windows-Sysmon/Operational","EventId":22,"TimeCreated":"2024-10-11T00:06:43.3189712-07:00","RecordId":172920,"MachineName":"Win10","EventData":{"RuleName":"-","UtcTime":"2024-10-11 07:06:41.120","ProcessGuid":"{53968da7-ce81-6708-d703-00000000fb00}","ProcessId":"2704","QueryName":"mozilla.cloudflare-dns.com","QueryStatus":"0","QueryResults":"2803:f800:53::4;2a06:98c1:52::4;","Image":"C:\\Program Files\\Mozilla Firefox\\firefox.exe","User":"WIN10\\richard"}}
{"LogSource":"Microsoft-Windows-Sysmon/Operational","EventId":22,"TimeCreated":"2024-10-11T00:06:43.3201494-07:00","RecordId":172921,"MachineName":"Win10","EventData":{"RuleName":"-","UtcTime":"2024-10-11 07:06:41.160","ProcessGuid":"{53968da7-ce81-6708-d703-00000000fb00}","ProcessId":"2704","QueryName":"doh.test.","QueryStatus":"9003","QueryResults":"-","Image":"C:\\Program Files\\Mozilla Firefox\\firefox.exe","User":"WIN10\\richard"}}
{"LogSource":"Microsoft-Windows-Sysmon/Operational","EventId":22,"TimeCreated":"2024-10-11T00:06:43.3201864-07:00","RecordId":172922,"MachineName":"Win10","EventData":{"RuleName":"-","UtcTime":"2024-10-11 07:06:41.542","ProcessGuid":"{53968da7-ce81-6708-d703-00000000fb00}","ProcessId":"2704","QueryName":"example.org","QueryStatus":"0","QueryResults":"2606:2800:21f:cb07:6820:80da:af6b:8b2c;::ffff:93.184.215.14;","Image":"C:\\Program Files\\Mozilla Firefox\\firefox.exe","User":"WIN10\\richard"}}
{"LogSource":"Microsoft-Windows-Sysmon/Operational","EventId":22,"TimeCreated":"2024-10-11T00:06:43.3202183-07:00","RecordId":172923,"MachineName":"Win10","EventData":{"RuleName":"-","UtcTime":"2024-10-11 07:06:41.543","ProcessGuid":"{53968da7-ce81-6708-d703-00000000fb00}","ProcessId":"2704","QueryName":"example.org","QueryStatus":"0","QueryResults":"93.184.215.14;","Image":"C:\\Program Files\\Mozilla Firefox\\firefox.exe","User":"WIN10\\richard"}}
{"LogSource":"Microsoft-Windows-Sysmon/Operational","EventId":22,"TimeCreated":"2024-10-11T00:06:43.3202487-07:00","RecordId":172924,"MachineName":"Win10","EventData":{"RuleName":"-","UtcTime":"2024-10-11 07:06:41.543","ProcessGuid":"{53968da7-ce81-6708-d703-00000000fb00}","ProcessId":"2704","QueryName":"example.org","QueryStatus":"0","QueryResults":"2606:2800:21f:cb07:6820:80da:af6b:8b2c;","Image":"C:\\Program Files\\Mozilla Firefox\\firefox.exe","User":"WIN10\\richard"}}
{"LogSource":"Microsoft-Windows-Sysmon/Operational","EventId":22,"TimeCreated":"2024-10-11T00:06:44.2709584-07:00","RecordId":172925,"MachineName":"Win10","EventData":{"RuleName":"-","UtcTime":"2024-10-11 07:06:41.549","ProcessGuid":"{53968da7-ce81-6708-d703-00000000fb00}","ProcessId":"2704","QueryName":"detectportal.firefox.com","QueryStatus":"0","QueryResults":"type:  5 detectportal.prod.mozaws.net;type:  5 prod.detectportal.prod.cloudops.mozgcp.net;2600:1901:0:38d7::;::ffff:34.107.221.82;","Image":"C:\\Program Files\\Mozilla Firefox\\firefox.exe","User":"WIN10\\richard"}}
{"LogSource":"Microsoft-Windows-Sysmon/Operational","EventId":22,"TimeCreated":"2024-10-11T00:06:44.2712606-07:00","RecordId":172926,"MachineName":"Win10","EventData":{"RuleName":"-","UtcTime":"2024-10-11 07:06:41.549","ProcessGuid":"{53968da7-ce81-6708-d703-00000000fb00}","ProcessId":"2704","QueryName":"prod.detectportal.prod.cloudops.mozgcp.net","QueryStatus":"0","QueryResults":"34.107.221.82;","Image":"C:\\Program Files\\Mozilla Firefox\\firefox.exe","User":"WIN10\\richard"}}
{"LogSource":"Microsoft-Windows-Sysmon/Operational","EventId":22,"TimeCreated":"2024-10-11T00:06:44.2713242-07:00","RecordId":172927,"MachineName":"Win10","EventData":{"RuleName":"-","UtcTime":"2024-10-11 07:06:41.552","ProcessGuid":"{53968da7-ce81-6708-d703-00000000fb00}","ProcessId":"2704","QueryName":"prod.detectportal.prod.cloudops.mozgcp.net","QueryStatus":"0","QueryResults":"2600:1901:0:38d7::;","Image":"C:\\Program Files\\Mozilla Firefox\\firefox.exe","User":"WIN10\\richard"}}
{"LogSource":"Microsoft-Windows-Sysmon/Operational","EventId":1,"TimeCreated":"2024-10-11T00:07:29.3008235-07:00","RecordId":172928,"MachineName":"Win10","EventData":{"RuleName":"-","UtcTime":"2024-10-11 07:07:29.298","ProcessGuid":"{53968da7-ceb1-6708-e103-00000000fb00}","ProcessId":"8524","Image":"C:\\Program Files\\Windows NT\\Accessories\\wordpad.exe","FileVersion":"10.0.19041.5007 (WinBuild.160101.0800)","Description":"Windows Wordpad Application","Product":"Microsoft® Windows® Operating System","Company":"Microsoft Corporation","OriginalFileName":"WORDPAD.EXE","CommandLine":"\"C:\\Program Files\\Windows NT\\Accessories\\wordpad.exe\" ","CurrentDirectory":"C:\\Windows\\system32\\","User":"WIN10\\richard","LogonGuid":"{53968da7-b202-6708-7195-020000000000}","LogonId":"0x29571","TerminalSessionId":"1","IntegrityLevel":"High","Hashes":"MD5=09B94F3F82679DAD1EB15827655D4754,SHA256=C91594A4539B971A59EC301154114F21D0FC86ECA43AE064FD4DA56D4856C009,IMPHASH=9315BEF4B5484B572936D208E8B654A0","ParentProcessGuid":"{53968da7-be30-6708-5201-00000000fb00}","ParentProcessId":"6876","ParentImage":"C:\\Windows\\System32\\WindowsPowerShell\\v1.0\\powershell_ise.exe","ParentCommandLine":"\"C:\\Windows\\system32\\WindowsPowerShell\\v1.0\\PowerShell_ISE.exe\" ","ParentUser":"WIN10\\richard"}}
{"LogSource":"Microsoft-Windows-Sysmon/Operational","EventId":1,"TimeCreated":"2024-10-11T00:08:09.3945272-07:00","RecordId":172929,"MachineName":"Win10","EventData":{"RuleName":"-","UtcTime":"2024-10-11 07:08:09.388","ProcessGuid":"{53968da7-ced9-6708-e203-00000000fb00}","ProcessId":"7924","Image":"C:\\Windows\\System32\\write.exe","FileVersion":"10.0.19041.1 (WinBuild.160101.0800)","Description":"Windows Write","Product":"Microsoft® Windows® Operating System","Company":"Microsoft Corporation","OriginalFileName":"write","CommandLine":"\"C:\\Windows\\system32\\write.exe\" ","CurrentDirectory":"C:\\Windows\\system32\\","User":"WIN10\\richard","LogonGuid":"{53968da7-b202-6708-7195-020000000000}","LogonId":"0x29571","TerminalSessionId":"1","IntegrityLevel":"High","Hashes":"MD5=B947CCA7F485F6C1156F4D02E8C9874F,SHA256=A70D52EDA892EDC073932B462CC367CDBFBACE3F4196857D8D4FA869A13DE792,IMPHASH=90A23F469BA0443719430CBA4569B220","ParentProcessGuid":"{53968da7-be30-6708-5201-00000000fb00}","ParentProcessId":"6876","ParentImage":"C:\\Windows\\System32\\WindowsPowerShell\\v1.0\\powershell_ise.exe","ParentCommandLine":"\"C:\\Windows\\system32\\WindowsPowerShell\\v1.0\\PowerShell_ISE.exe\" ","ParentUser":"WIN10\\richard"}}
{"LogSource":"Microsoft-Windows-Sysmon/Operational","EventId":1,"TimeCreated":"2024-10-11T00:08:09.4406660-07:00","RecordId":172930,"MachineName":"Win10","EventData":{"RuleName":"-","UtcTime":"2024-10-11 07:08:09.438","ProcessGuid":"{53968da7-ced9-6708-e303-00000000fb00}","ProcessId":"6912","Image":"C:\\Program Files\\Windows NT\\Accessories\\wordpad.exe","FileVersion":"10.0.19041.5007 (WinBuild.160101.0800)","Description":"Windows Wordpad Application","Product":"Microsoft® Windows® Operating System","Company":"Microsoft Corporation","OriginalFileName":"WORDPAD.EXE","CommandLine":"\"C:\\Program Files\\Windows NT\\Accessories\\wordpad.exe\" ","CurrentDirectory":"C:\\Windows\\system32\\","User":"WIN10\\richard","LogonGuid":"{53968da7-b202-6708-7195-020000000000}","LogonId":"0x29571","TerminalSessionId":"1","IntegrityLevel":"High","Hashes":"MD5=09B94F3F82679DAD1EB15827655D4754,SHA256=C91594A4539B971A59EC301154114F21D0FC86ECA43AE064FD4DA56D4856C009,IMPHASH=9315BEF4B5484B572936D208E8B654A0","ParentProcessGuid":"{53968da7-ced9-6708-e203-00000000fb00}","ParentProcessId":"7924","ParentImage":"C:\\Windows\\System32\\write.exe","ParentCommandLine":"\"C:\\Windows\\system32\\write.exe\" ","ParentUser":"WIN10\\richard"}}
{"LogSource":"Microsoft-Windows-Sysmon/Operational","EventId":1,"TimeCreated":"2024-10-11T00:10:05.5333494-07:00","RecordId":172931,"MachineName":"Win10","EventData":{"RuleName":"-","UtcTime":"2024-10-11 07:10:05.515","ProcessGuid":"{53968da7-cf4d-6708-e503-00000000fb00}","ProcessId":"1768","Image":"C:\\Windows\\System32\\UsoClient.exe","FileVersion":"10.0.19041.4355 (WinBuild.160101.0800)","Description":"UsoClient","Product":"Microsoft® Windows® Operating System","Company":"Microsoft Corporation","OriginalFileName":"UsoClient","CommandLine":"\"C:\\Windows\\system32\\usoclient.exe\" StartScan","CurrentDirectory":"C:\\Windows\\system32\\","User":"NT AUTHORITY\\SYSTEM","LogonGuid":"{53968da7-b200-6708-e703-000000000000}","LogonId":"0x3e7","TerminalSessionId":"0","IntegrityLevel":"System","Hashes":"MD5=13E72FCE6EF1CF3F4508CF50FDB30ED8,SHA256=31319D4828921F1AD81EA9B730C981F7EB13B2C79C0CFB363D7F51A13E9A87DA,IMPHASH=6E7DA394C3973D54667DAA437FA88BE5","ParentProcessGuid":"{53968da7-b200-6708-1100-00000000fb00}","ParentProcessId":"492","ParentImage":"C:\\Windows\\System32\\svchost.exe","ParentCommandLine":"C:\\Windows\\system32\\svchost.exe -k netsvcs -p","ParentUser":"NT AUTHORITY\\SYSTEM"}}
{"LogSource":"Microsoft-Windows-Sysmon/Operational","EventId":1,"TimeCreated":"2024-10-11T00:10:05.5613392-07:00","RecordId":172932,"MachineName":"Win10","EventData":{"RuleName":"-","UtcTime":"2024-10-11 07:10:05.559","ProcessGuid":"{53968da7-cf4d-6708-e603-00000000fb00}","ProcessId":"7420","Image":"C:\\Windows\\System32\\MoUsoCoreWorker.exe","FileVersion":"10.0.19041.4957 (WinBuild.160101.0800)","Description":"MoUSO Core Worker Process","Product":"Microsoft® Windows® Operating System","Company":"Microsoft Corporation","OriginalFileName":"MoUSOCoreWorker.exe","CommandLine":"C:\\Windows\\System32\\mousocoreworker.exe -Embedding","CurrentDirectory":"C:\\Windows\\system32\\","User":"NT AUTHORITY\\SYSTEM","LogonGuid":"{53968da7-b200-6708-e703-000000000000}","LogonId":"0x3e7","TerminalSessionId":"0","IntegrityLevel":"System","Hashes":"MD5=F26685B9958880A9F738D9549803E53A,SHA256=9972C3232AA8BD10CB24B9C64085140C2A7AC94927785E293AE09A26FFF92F93,IMPHASH=517D061733F6C6DD355EF860B4AF63BE","ParentProcessGuid":"{53968da7-b200-6708-0d00-00000000fb00}","ParentProcessId":"884","ParentImage":"C:\\Windows\\System32\\svchost.exe","ParentCommandLine":"C:\\Windows\\system32\\svchost.exe -k DcomLaunch -p","ParentUser":"NT AUTHORITY\\SYSTEM"}}
{"LogSource":"Microsoft-Windows-Sysmon/Operational","EventId":1,"TimeCreated":"2024-10-11T00:10:07.3275267-07:00","RecordId":172933,"MachineName":"Win10","EventData":{"RuleName":"-","UtcTime":"2024-10-11 07:10:07.323","ProcessGuid":"{53968da7-cf4f-6708-e803-00000000fb00}","ProcessId":"9016","Image":"C:\\Windows\\System32\\svchost.exe","FileVersion":"10.0.19041.4355 (WinBuild.160101.0800)","Description":"Host Process for Windows Services","Product":"Microsoft® Windows® Operating System","Company":"Microsoft Corporation","OriginalFileName":"svchost.exe","CommandLine":"C:\\Windows\\system32\\svchost.exe -k wusvcs -p","CurrentDirectory":"C:\\Windows\\system32\\","User":"NT AUTHORITY\\SYSTEM","LogonGuid":"{53968da7-b200-6708-e703-000000000000}","LogonId":"0x3e7","TerminalSessionId":"0","IntegrityLevel":"System","Hashes":"MD5=7469CC568AD6821FD9D925542730A7D8,SHA256=6FC3BF1FDFD76860BE782554F8D25BD32F108DB934D70F4253F1E5F23522E503,IMPHASH=F9BBD96FAE53B7A31264A703CAFA0666","ParentProcessGuid":"{53968da7-b1ff-6708-0b00-00000000fb00}","ParentProcessId":"740","ParentImage":"C:\\Windows\\System32\\services.exe","ParentCommandLine":"C:\\Windows\\system32\\services.exe","ParentUser":"NT AUTHORITY\\SYSTEM"}}
{"LogSource":"Microsoft-Windows-Sysmon/Operational","EventId":1,"TimeCreated":"2024-10-11T00:10:08.2297790-07:00","RecordId":172934,"MachineName":"Win10","EventData":{"RuleName":"-","UtcTime":"2024-10-11 07:10:08.228","ProcessGuid":"{53968da7-cf50-6708-ea03-00000000fb00}","ProcessId":"6184","Image":"C:\\Windows\\System32\\svchost.exe","FileVersion":"10.0.19041.4355 (WinBuild.160101.0800)","Description":"Host Process for Windows Services","Product":"Microsoft® Windows® Operating System","Company":"Microsoft Corporation","OriginalFileName":"svchost.exe","CommandLine":"C:\\Windows\\system32\\svchost.exe -k wsappx -p","CurrentDirectory":"C:\\Windows\\system32\\","User":"NT AUTHORITY\\SYSTEM","LogonGuid":"{53968da7-b200-6708-e703-000000000000}","LogonId":"0x3e7","TerminalSessionId":"0","IntegrityLevel":"System","Hashes":"MD5=7469CC568AD6821FD9D925542730A7D8,SHA256=6FC3BF1FDFD76860BE782554F8D25BD32F108DB934D70F4253F1E5F23522E503,IMPHASH=F9BBD96FAE53B7A31264A703CAFA0666","ParentProcessGuid":"{53968da7-b1ff-6708-0b00-00000000fb00}","ParentProcessId":"740","ParentImage":"C:\\Windows\\System32\\services.exe","ParentCommandLine":"C:\\Windows\\system32\\services.exe","ParentUser":"NT AUTHORITY\\SYSTEM"}}
{"LogSource":"Microsoft-Windows-Sysmon/Operational","EventId":1,"TimeCreated":"2024-10-11T00:10:09.6937658-07:00","RecordId":172935,"MachineName":"Win10","EventData":{"RuleName":"-","UtcTime":"2024-10-11 07:10:09.692","ProcessGuid":"{53968da7-cf51-6708-ed03-00000000fb00}","ProcessId":"760","Image":"C:\\Windows\\System32\\taskhostw.exe","FileVersion":"10.0.19041.4474 (WinBuild.160101.0800)","Description":"Host Process for Windows Tasks","Product":"Microsoft® Windows® Operating System","Company":"Microsoft Corporation","OriginalFileName":"taskhostw.exe","CommandLine":"taskhostw.exe","CurrentDirectory":"C:\\Windows\\system32\\","User":"NT AUTHORITY\\SYSTEM","LogonGuid":"{53968da7-b200-6708-e703-000000000000}","LogonId":"0x3e7","TerminalSessionId":"0","IntegrityLevel":"System","Hashes":"MD5=933581DCB7B289D61B63F08544540BA5,SHA256=1C7B7E7026EF8307BF33AFDADF1D49E7C1EE4C829260B4F6988185D22D7BCC3A,IMPHASH=3A0C6863CDE566AF997DB2DEFFF9D924","ParentProcessGuid":"{53968da7-b200-6708-1100-00000000fb00}","ParentProcessId":"492","ParentImage":"C:\\Windows\\System32\\svchost.exe","ParentCommandLine":"C:\\Windows\\system32\\svchost.exe -k netsvcs -p","ParentUser":"NT AUTHORITY\\SYSTEM"}}
{"LogSource":"Microsoft-Windows-Sysmon/Operational","EventId":1,"TimeCreated":"2024-10-11T00:10:10.8693489-07:00","RecordId":172936,"MachineName":"Win10","EventData":{"RuleName":"-","UtcTime":"2024-10-11 07:10:10.863","ProcessGuid":"{53968da7-cf52-6708-ee03-00000000fb00}","ProcessId":"1052","Image":"C:\\Windows\\servicing\\TrustedInstaller.exe","FileVersion":"10.0.19041.4355 (WinBuild.160101.0800)","Description":"Windows Modules Installer","Product":"Microsoft® Windows® Operating System","Company":"Microsoft Corporation","OriginalFileName":"TrustedInstaller.exe","CommandLine":"C:\\Windows\\servicing\\TrustedInstaller.exe","CurrentDirectory":"C:\\Windows\\system32\\","User":"NT AUTHORITY\\SYSTEM","LogonGuid":"{53968da7-b200-6708-e703-000000000000}","LogonId":"0x3e7","TerminalSessionId":"0","IntegrityLevel":"System","Hashes":"MD5=8BFD0993E6AF9B71F6EC20967E7F4E66,SHA256=93995D019FAB5633DE86938FA84AC43A38951EE5DB9577B1651857E3880437EB,IMPHASH=B898664253FDA776233DB48555E7463B","ParentProcessGuid":"{53968da7-b1ff-6708-0b00-00000000fb00}","ParentProcessId":"740","ParentImage":"C:\\Windows\\System32\\services.exe","ParentCommandLine":"C:\\Windows\\system32\\services.exe","ParentUser":"NT AUTHORITY\\SYSTEM"}}
{"LogSource":"Microsoft-Windows-Sysmon/Operational","EventId":1,"TimeCreated":"2024-10-11T00:10:10.8911197-07:00","RecordId":172937,"MachineName":"Win10","EventData":{"RuleName":"-","UtcTime":"2024-10-11 07:10:10.885","ProcessGuid":"{53968da7-cf52-6708-ef03-00000000fb00}","ProcessId":"4164","Image":"C:\\Windows\\WinSxS\\amd64_microsoft-windows-servicingstack_31bf3856ad364e35_10.0.19041.4950_none_7dd913727cb4d87c\\TiWorker.exe","FileVersion":"10.0.19041.4950 (WinBuild.160101.0800)","Description":"Windows Modules Installer Worker","Product":"Microsoft® Windows® Operating System","Company":"Microsoft Corporation","OriginalFileName":"TiWorker.exe","CommandLine":"C:\\Windows\\winsxs\\amd64_microsoft-windows-servicingstack_31bf3856ad364e35_10.0.19041.4950_none_7dd913727cb4d87c\\TiWorker.exe -Embedding","CurrentDirectory":"C:\\Windows\\system32\\","User":"NT AUTHORITY\\SYSTEM","LogonGuid":"{53968da7-b200-6708-e703-000000000000}","LogonId":"0x3e7","TerminalSessionId":"0","IntegrityLevel":"System","Hashes":"MD5=8BB8E0213FE25734849C99B14BF2D9FB,SHA256=4C73E3B1A99F00E9D24ABD2476B5F36AB0A4C6C46BC768CF38409BBEB08AA3BA,IMPHASH=C139ED9A7073C8648B89D9641D69031A","ParentProcessGuid":"{53968da7-b200-6708-0d00-00000000fb00}","ParentProcessId":"884","ParentImage":"C:\\Windows\\System32\\svchost.exe","ParentCommandLine":"C:\\Windows\\system32\\svchost.exe -k DcomLaunch -p","ParentUser":"NT AUTHORITY\\SYSTEM"}}
{"LogSource":"Microsoft-Windows-Sysmon/Operational","EventId":1,"TimeCreated":"2024-10-11T00:11:01.5547864-07:00","RecordId":172938,"MachineName":"Win10","EventData":{"RuleName":"-","UtcTime":"2024-10-11 07:11:01.553","ProcessGuid":"{53968da7-cf85-6708-f303-00000000fb00}","ProcessId":"2004","Image":"C:\\Windows\\System32\\notepad.exe","FileVersion":"10.0.19041.4355 (WinBuild.160101.0800)","Description":"Notepad","Product":"Microsoft® Windows® Operating System","Company":"Microsoft Corporation","OriginalFileName":"NOTEPAD.EXE","CommandLine":"\"C:\\Windows\\system32\\notepad.exe\" ","CurrentDirectory":"C:\\Windows\\system32\\","User":"WIN10\\richard","LogonGuid":"{53968da7-b202-6708-7195-020000000000}","LogonId":"0x29571","TerminalSessionId":"1","IntegrityLevel":"High","Hashes":"MD5=BD33AA772F4751C5A79F94636088774E,SHA256=C286747D319818C1205FD487040840353C5F4542FAFFDABAE9131481BDFEB92A,IMPHASH=09ED737A03DB7295BF734A9953F6EB5E","ParentProcessGuid":"{53968da7-be30-6708-5201-00000000fb00}","ParentProcessId":"6876","ParentImage":"C:\\Windows\\System32\\WindowsPowerShell\\v1.0\\powershell_ise.exe","ParentCommandLine":"\"C:\\Windows\\system32\\WindowsPowerShell\\v1.0\\PowerShell_ISE.exe\" ","ParentUser":"WIN10\\richard"}}
{"LogSource":"Microsoft-Windows-Sysmon/Operational","EventId":1,"TimeCreated":"2024-10-11T00:11:39.6761650-07:00","RecordId":172939,"MachineName":"Win10","EventData":{"RuleName":"-","UtcTime":"2024-10-11 07:11:39.674","ProcessGuid":"{53968da7-cfab-6708-f403-00000000fb00}","ProcessId":"7360","Image":"C:\\Program Files\\Google\\Chrome\\Application\\chrome.exe","FileVersion":"129.0.6668.100","Description":"Google Chrome","Product":"Google Chrome","Company":"Google LLC","OriginalFileName":"chrome.exe","CommandLine":"\"C:\\Program Files\\Google\\Chrome\\Application\\chrome.exe\" https://www.wikipedia.org ","CurrentDirectory":"C:\\Windows\\system32\\","User":"WIN10\\richard","LogonGuid":"{53968da7-b202-6708-7195-020000000000}","LogonId":"0x29571","TerminalSessionId":"1","IntegrityLevel":"High","Hashes":"MD5=47679449E8A738D8B1849668622E7C9E,SHA256=2D2A32CBCCED69610445D92965CA710EF2DA89C3788EBB98FF8612EBFFAC917B,IMPHASH=8AA69BFB46216FA413519FB53924B2F9","ParentProcessGuid":"{53968da7-be30-6708-5201-00000000fb00}","ParentProcessId":"6876","ParentImage":"C:\\Windows\\System32\\WindowsPowerShell\\v1.0\\powershell_ise.exe","ParentCommandLine":"\"C:\\Windows\\system32\\WindowsPowerShell\\v1.0\\PowerShell_ISE.exe\" ","ParentUser":"WIN10\\richard"}}
{"LogSource":"Microsoft-Windows-Sysmon/Operational","EventId":1,"TimeCreated":"2024-10-11T00:11:39.8455141-07:00","RecordId":172940,"MachineName":"Win10","EventData":{"RuleName":"-","UtcTime":"2024-10-11 07:11:39.825","ProcessGuid":"{53968da7-cfab-6708-f803-00000000fb00}","ProcessId":"5240","Image":"C:\\Program Files\\Google\\Chrome\\Application\\129.0.6668.100\\elevation_service.exe","FileVersion":"129.0.6668.100","Description":"Google Chrome","Product":"Google Chrome","Company":"Google LLC","OriginalFileName":"elevation_service.exe","CommandLine":"\"C:\\Program Files\\Google\\Chrome\\Application\\129.0.6668.100\\elevation_service.exe\"","CurrentDirectory":"C:\\Windows\\system32\\","User":"NT AUTHORITY\\SYSTEM","LogonGuid":"{53968da7-b200-6708-e703-000000000000}","LogonId":"0x3e7","TerminalSessionId":"0","IntegrityLevel":"System","Hashes":"MD5=472B2328D62FEC7E774166FD75C18FF6,SHA256=56291421DA56A296F3F0AEF18CA0FB3C0925779EEE7B4734A07A24E59348D9CE,IMPHASH=E2CE387C73E135211A0D2FF087A2F9F3","ParentProcessGuid":"{53968da7-b1ff-6708-0b00-00000000fb00}","ParentProcessId":"740","ParentImage":"C:\\Windows\\System32\\services.exe","ParentCommandLine":"C:\\Windows\\system32\\services.exe","ParentUser":"NT AUTHORITY\\SYSTEM"}}
{"LogSource":"Microsoft-Windows-Sysmon/Operational","EventId":22,"TimeCreated":"2024-10-11T00:11:42.1194300-07:00","RecordId":172941,"MachineName":"Win10","EventData":{"RuleName":"-","UtcTime":"2024-10-11 07:11:38.847","ProcessGuid":"{53968da7-cfab-6708-f703-00000000fb00}","ProcessId":"5372","QueryName":"wpad","QueryStatus":"9003","QueryResults":"-","Image":"C:\\Program Files\\Google\\Chrome\\Application\\chrome.exe","User":"WIN10\\richard"}}
{"LogSource":"Microsoft-Windows-Sysmon/Operational","EventId":22,"TimeCreated":"2024-10-11T00:11:42.1201637-07:00","RecordId":172942,"MachineName":"Win10","EventData":{"RuleName":"-","UtcTime":"2024-10-11 07:11:38.881","ProcessGuid":"{53968da7-cfab-6708-f703-00000000fb00}","ProcessId":"5372","QueryName":"wpad","QueryStatus":"9003","QueryResults":"-","Image":"C:\\Program Files\\Google\\Chrome\\Application\\chrome.exe","User":"WIN10\\richard"}}
{"LogSource":"Microsoft-Windows-Sysmon/Operational","EventId":22,"TimeCreated":"2024-10-11T00:11:42.1209963-07:00","RecordId":172943,"MachineName":"Win10","EventData":{"RuleName":"-","UtcTime":"2024-10-11 07:11:38.888","ProcessGuid":"{53968da7-cfab-6708-f703-00000000fb00}","ProcessId":"5372","QueryName":"wpad","QueryStatus":"9003","QueryResults":"-","Image":"C:\\Program Files\\Google\\Chrome\\Application\\chrome.exe","User":"WIN10\\richard"}}
{"LogSource":"Microsoft-Windows-Sysmon/Operational","EventId":22,"TimeCreated":"2024-10-11T00:11:50.1218568-07:00","RecordId":172944,"MachineName":"Win10","EventData":{"RuleName":"-","UtcTime":"2024-10-11 07:11:46.871","ProcessGuid":"{53968da7-cfab-6708-f703-00000000fb00}","ProcessId":"5372","QueryName":"wpad","QueryStatus":"9003","QueryResults":"-","Image":"C:\\Program Files\\Google\\Chrome\\Application\\chrome.exe","User":"WIN10\\richard"}}
{"LogSource":"Microsoft-Windows-Sysmon/Operational","EventId":1,"TimeCreated":"2024-10-11T00:11:58.7702332-07:00","RecordId":172945,"MachineName":"Win10","EventData":{"RuleName":"-","UtcTime":"2024-10-11 07:11:58.768","ProcessGuid":"{53968da7-cfbe-6708-0404-00000000fb00}","ProcessId":"1404","Image":"C:\\Program Files (x86)\\Google\\GoogleUpdater\\130.0.6679.0\\updater.exe","FileVersion":"130.0.6679.0","Description":"Google Updater","Product":"Google Updater","Company":"Google LLC","OriginalFileName":"updater.exe","CommandLine":"\"C:\\Program Files (x86)\\Google\\GoogleUpdater\\130.0.6679.0\\updater.exe\" --system --windows-service --service=update","CurrentDirectory":"C:\\Windows\\system32\\","User":"NT AUTHORITY\\SYSTEM","LogonGuid":"{53968da7-b200-6708-e703-000000000000}","LogonId":"0x3e7","TerminalSessionId":"0","IntegrityLevel":"System","Hashes":"MD5=C583E91DDEE7C0E8AC2A3D3AACAD2F4C,SHA256=7F67129760223E5DDF31219F0B2E247555FBAC85F4B6F933212AC091A21DEBF9,IMPHASH=20AB254B36A04EA3556F60145D061FED","ParentProcessGuid":"{53968da7-b1ff-6708-0b00-00000000fb00}","ParentProcessId":"740","ParentImage":"C:\\Windows\\System32\\services.exe","ParentCommandLine":"C:\\Windows\\system32\\services.exe","ParentUser":"NT AUTHORITY\\SYSTEM"}}
{"LogSource":"Microsoft-Windows-Sysmon/Operational","EventId":1,"TimeCreated":"2024-10-11T00:11:58.7891015-07:00","RecordId":172946,"MachineName":"Win10","EventData":{"RuleName":"-","UtcTime":"2024-10-11 07:11:58.786","ProcessGuid":"{53968da7-cfbe-6708-0504-00000000fb00}","ProcessId":"6900","Image":"C:\\Program Files (x86)\\Google\\GoogleUpdater\\130.0.6679.0\\updater.exe","FileVersion":"130.0.6679.0","Description":"Google Updater","Product":"Google Updater","Company":"Google LLC","OriginalFileName":"updater.exe","CommandLine":"\"C:\\Program Files (x86)\\Google\\GoogleUpdater\\130.0.6679.0\\updater.exe\" --crash-handler --system \"--database=C:\\Program Files (x86)\\Google\\GoogleUpdater\\130.0.6679.0\\Crashpad\" --url=https://clients2.google.com/cr/report --annotation=prod=Update4 --annotation=ver=130.0.6679.0 \"--attachment=C:\\Program Files (x86)\\Google\\GoogleUpdater\\updater.log\" --initial-client-data=0x29c,0x2a0,0x2a4,0x278,0x2a8,0xdaa6cc,0xdaa6d8,0xdaa6e4","CurrentDirectory":"C:\\Windows\\system32\\","User":"NT AUTHORITY\\SYSTEM","LogonGuid":"{53968da7-b200-6708-e703-000000000000}","LogonId":"0x3e7","TerminalSessionId":"0","IntegrityLevel":"System","Hashes":"MD5=C583E91DDEE7C0E8AC2A3D3AACAD2F4C,SHA256=7F67129760223E5DDF31219F0B2E247555FBAC85F4B6F933212AC091A21DEBF9,IMPHASH=20AB254B36A04EA3556F60145D061FED","ParentProcessGuid":"{53968da7-cfbe-6708-0404-00000000fb00}","ParentProcessId":"1404","ParentImage":"C:\\Program Files (x86)\\Google\\GoogleUpdater\\130.0.6679.0\\updater.exe","ParentCommandLine":"\"C:\\Program Files (x86)\\Google\\GoogleUpdater\\130.0.6679.0\\updater.exe\" --system --windows-service --service=update","ParentUser":"NT AUTHORITY\\SYSTEM"}}
{"LogSource":"Microsoft-Windows-Sysmon/Operational","EventId":1,"TimeCreated":"2024-10-11T00:12:45.8092649-07:00","RecordId":172947,"MachineName":"Win10","EventData":{"RuleName":"-","UtcTime":"2024-10-11 07:12:45.807","ProcessGuid":"{53968da7-cfed-6708-0604-00000000fb00}","ProcessId":"4472","Image":"C:\\Program Files\\Google\\Chrome\\Application\\chrome.exe","FileVersion":"129.0.6668.100","Description":"Google Chrome","Product":"Google Chrome","Company":"Google LLC","OriginalFileName":"chrome.exe","CommandLine":"\"C:\\Program Files\\Google\\Chrome\\Application\\chrome.exe\" https://www.forbes.com ","CurrentDirectory":"C:\\Windows\\system32\\","User":"WIN10\\richard","LogonGuid":"{53968da7-b202-6708-7195-020000000000}","LogonId":"0x29571","TerminalSessionId":"1","IntegrityLevel":"High","Hashes":"MD5=47679449E8A738D8B1849668622E7C9E,SHA256=2D2A32CBCCED69610445D92965CA710EF2DA89C3788EBB98FF8612EBFFAC917B,IMPHASH=8AA69BFB46216FA413519FB53924B2F9","ParentProcessGuid":"{53968da7-be30-6708-5201-00000000fb00}","ParentProcessId":"6876","ParentImage":"C:\\Windows\\System32\\WindowsPowerShell\\v1.0\\powershell_ise.exe","ParentCommandLine":"\"C:\\Windows\\system32\\WindowsPowerShell\\v1.0\\PowerShell_ISE.exe\" ","ParentUser":"WIN10\\richard"}}
{"LogSource":"Microsoft-Windows-Sysmon/Operational","EventId":1,"TimeCreated":"2024-10-11T00:12:45.9407456-07:00","RecordId":172948,"MachineName":"Win10","EventData":{"RuleName":"-","UtcTime":"2024-10-11 07:12:45.934","ProcessGuid":"{53968da7-cfed-6708-0a04-00000000fb00}","ProcessId":"4592","Image":"C:\\Program Files\\Google\\Chrome\\Application\\129.0.6668.100\\elevation_service.exe","FileVersion":"129.0.6668.100","Description":"Google Chrome","Product":"Google Chrome","Company":"Google LLC","OriginalFileName":"elevation_service.exe","CommandLine":"\"C:\\Program Files\\Google\\Chrome\\Application\\129.0.6668.100\\elevation_service.exe\"","CurrentDirectory":"C:\\Windows\\system32\\","User":"NT AUTHORITY\\SYSTEM","LogonGuid":"{53968da7-b200-6708-e703-000000000000}","LogonId":"0x3e7","TerminalSessionId":"0","IntegrityLevel":"System","Hashes":"MD5=472B2328D62FEC7E774166FD75C18FF6,SHA256=56291421DA56A296F3F0AEF18CA0FB3C0925779EEE7B4734A07A24E59348D9CE,IMPHASH=E2CE387C73E135211A0D2FF087A2F9F3","ParentProcessGuid":"{53968da7-b1ff-6708-0b00-00000000fb00}","ParentProcessId":"740","ParentImage":"C:\\Windows\\System32\\services.exe","ParentCommandLine":"C:\\Windows\\system32\\services.exe","ParentUser":"NT AUTHORITY\\SYSTEM"}}
{"LogSource":"Microsoft-Windows-Sysmon/Operational","EventId":22,"TimeCreated":"2024-10-11T00:12:48.1681191-07:00","RecordId":172949,"MachineName":"Win10","EventData":{"RuleName":"-","UtcTime":"2024-10-11 07:12:44.907","ProcessGuid":"{53968da7-cfed-6708-0904-00000000fb00}","ProcessId":"4972","QueryName":"wpad","QueryStatus":"9003","QueryResults":"-","Image":"C:\\Program Files\\Google\\Chrome\\Application\\chrome.exe","User":"WIN10\\richard"}}
{"LogSource":"Microsoft-Windows-Sysmon/Operational","EventId":22,"TimeCreated":"2024-10-11T00:12:48.1690864-07:00","RecordId":172950,"MachineName":"Win10","EventData":{"RuleName":"-","UtcTime":"2024-10-11 07:12:44.971","ProcessGuid":"{53968da7-cfed-6708-0904-00000000fb00}","ProcessId":"4972","QueryName":"wpad","QueryStatus":"9003","QueryResults":"-","Image":"C:\\Program Files\\Google\\Chrome\\Application\\chrome.exe","User":"WIN10\\richard"}}
{"LogSource":"Microsoft-Windows-Sysmon/Operational","EventId":22,"TimeCreated":"2024-10-11T00:12:48.1715601-07:00","RecordId":172951,"MachineName":"Win10","EventData":{"RuleName":"-","UtcTime":"2024-10-11 07:12:45.001","ProcessGuid":"{53968da7-cfed-6708-0904-00000000fb00}","ProcessId":"4972","QueryName":"wpad","QueryStatus":"9003","QueryResults":"-","Image":"C:\\Program Files\\Google\\Chrome\\Application\\chrome.exe","User":"WIN10\\richard"}}
{"LogSource":"Microsoft-Windows-Sysmon/Operational","EventId":22,"TimeCreated":"2024-10-11T00:12:55.2472720-07:00","RecordId":172952,"MachineName":"Win10","EventData":{"RuleName":"-","UtcTime":"2024-10-11 07:12:52.930","ProcessGuid":"{53968da7-cfed-6708-0904-00000000fb00}","ProcessId":"4972","QueryName":"wpad","QueryStatus":"9003","QueryResults":"-","Image":"C:\\Program Files\\Google\\Chrome\\Application\\chrome.exe","User":"WIN10\\richard"}}
{"LogSource":"Microsoft-Windows-Sysmon/Operational","EventId":1,"TimeCreated":"2024-10-11T00:13:04.9194763-07:00","RecordId":172953,"MachineName":"Win10","EventData":{"RuleName":"-","UtcTime":"2024-10-11 07:13:04.912","ProcessGuid":"{53968da7-d000-6708-2104-00000000fb00}","ProcessId":"9144","Image":"C:\\Program Files (x86)\\Google\\GoogleUpdater\\130.0.6679.0\\updater.exe","FileVersion":"130.0.6679.0","Description":"Google Updater","Product":"Google Updater","Company":"Google LLC","OriginalFileName":"updater.exe","CommandLine":"\"C:\\Program Files (x86)\\Google\\GoogleUpdater\\130.0.6679.0\\updater.exe\" --system --windows-service --service=update","CurrentDirectory":"C:\\Windows\\system32\\","User":"NT AUTHORITY\\SYSTEM","LogonGuid":"{53968da7-b200-6708-e703-000000000000}","LogonId":"0x3e7","TerminalSessionId":"0","IntegrityLevel":"System","Hashes":"MD5=C583E91DDEE7C0E8AC2A3D3AACAD2F4C,SHA256=7F67129760223E5DDF31219F0B2E247555FBAC85F4B6F933212AC091A21DEBF9,IMPHASH=20AB254B36A04EA3556F60145D061FED","ParentProcessGuid":"{53968da7-b1ff-6708-0b00-00000000fb00}","ParentProcessId":"740","ParentImage":"C:\\Windows\\System32\\services.exe","ParentCommandLine":"C:\\Windows\\system32\\services.exe","ParentUser":"NT AUTHORITY\\SYSTEM"}}
{"LogSource":"Microsoft-Windows-Sysmon/Operational","EventId":1,"TimeCreated":"2024-10-11T00:13:04.9408276-07:00","RecordId":172954,"MachineName":"Win10","EventData":{"RuleName":"-","UtcTime":"2024-10-11 07:13:04.938","ProcessGuid":"{53968da7-d000-6708-2204-00000000fb00}","ProcessId":"8440","Image":"C:\\Program Files (x86)\\Google\\GoogleUpdater\\130.0.6679.0\\updater.exe","FileVersion":"130.0.6679.0","Description":"Google Updater","Product":"Google Updater","Company":"Google LLC","OriginalFileName":"updater.exe","CommandLine":"\"C:\\Program Files (x86)\\Google\\GoogleUpdater\\130.0.6679.0\\updater.exe\" --crash-handler --system \"--database=C:\\Program Files (x86)\\Google\\GoogleUpdater\\130.0.6679.0\\Crashpad\" --url=https://clients2.google.com/cr/report --annotation=prod=Update4 --annotation=ver=130.0.6679.0 \"--attachment=C:\\Program Files (x86)\\Google\\GoogleUpdater\\updater.log\" --initial-client-data=0x29c,0x2a0,0x2a4,0x280,0x2a8,0xdaa6cc,0xdaa6d8,0xdaa6e4","CurrentDirectory":"C:\\Windows\\system32\\","User":"NT AUTHORITY\\SYSTEM","LogonGuid":"{53968da7-b200-6708-e703-000000000000}","LogonId":"0x3e7","TerminalSessionId":"0","IntegrityLevel":"System","Hashes":"MD5=C583E91DDEE7C0E8AC2A3D3AACAD2F4C,SHA256=7F67129760223E5DDF31219F0B2E247555FBAC85F4B6F933212AC091A21DEBF9,IMPHASH=20AB254B36A04EA3556F60145D061FED","ParentProcessGuid":"{53968da7-d000-6708-2104-00000000fb00}","ParentProcessId":"9144","ParentImage":"C:\\Program Files (x86)\\Google\\GoogleUpdater\\130.0.6679.0\\updater.exe","ParentCommandLine":"\"C:\\Program Files (x86)\\Google\\GoogleUpdater\\130.0.6679.0\\updater.exe\" --system --windows-service --service=update","ParentUser":"NT AUTHORITY\\SYSTEM"}}
{"LogSource":"Microsoft-Windows-Sysmon/Operational","EventId":1,"TimeCreated":"2024-10-11T00:14:49.9257261-07:00","RecordId":172955,"MachineName":"Win10","EventData":{"RuleName":"-","UtcTime":"2024-10-11 07:14:49.918","ProcessGuid":"{53968da7-d069-6708-2304-00000000fb00}","ProcessId":"1680","Image":"C:\\Windows\\System32\\control.exe","FileVersion":"10.0.19041.4355 (WinBuild.160101.0800)","Description":"Windows Control Panel","Product":"Microsoft® Windows® Operating System","Company":"Microsoft Corporation","OriginalFileName":"CONTROL.EXE","CommandLine":"\"C:\\Windows\\system32\\control.exe\" ","CurrentDirectory":"C:\\Windows\\system32\\","User":"WIN10\\richard","LogonGuid":"{53968da7-b202-6708-7195-020000000000}","LogonId":"0x29571","TerminalSessionId":"1","IntegrityLevel":"High","Hashes":"MD5=8132AE658079C0CACCF3D25ECFFA4ADC,SHA256=23DC40444364DE9E911579A301CF91BE3174045234713601F8E85A983AFC1107,IMPHASH=ED7ECF5DCE55D515F7FE036FCAEBFF1A","ParentProcessGuid":"{53968da7-be30-6708-5201-00000000fb00}","ParentProcessId":"6876","ParentImage":"C:\\Windows\\System32\\WindowsPowerShell\\v1.0\\powershell_ise.exe","ParentCommandLine":"\"C:\\Windows\\system32\\WindowsPowerShell\\v1.0\\PowerShell_ISE.exe\" ","ParentUser":"WIN10\\richard"}}
{"LogSource":"Microsoft-Windows-Sysmon/Operational","EventId":1,"TimeCreated":"2024-10-11T00:16:20.0349422-07:00","RecordId":172956,"MachineName":"Win10","EventData":{"RuleName":"-","UtcTime":"2024-10-11 07:16:20.033","ProcessGuid":"{53968da7-d0c4-6708-2404-00000000fb00}","ProcessId":"8656","Image":"C:\\Program Files\\Mozilla Firefox\\firefox.exe","FileVersion":"131.0.2","Description":"Firefox","Product":"Firefox","Company":"Mozilla Corporation","OriginalFileName":"firefox.exe","CommandLine":"\"C:\\Program Files\\Mozilla Firefox\\firefox.exe\" https://www.khanacademy.org ","CurrentDirectory":"C:\\Windows\\system32\\","User":"WIN10\\richard","LogonGuid":"{53968da7-b202-6708-7195-020000000000}","LogonId":"0x29571","TerminalSessionId":"1","IntegrityLevel":"High","Hashes":"MD5=571814A7939D001662BBA7760BD0B187,SHA256=9725AFC685C8EE135701E140A83B94FE7D958360A1F546215F7EAFDFF5E53A83,IMPHASH=BB4CE52E8306F88C0B1DA570553704E4","ParentProcessGuid":"{53968da7-be30-6708-5201-00000000fb00}","ParentProcessId":"6876","ParentImage":"C:\\Windows\\System32\\WindowsPowerShell\\v1.0\\powershell_ise.exe","ParentCommandLine":"\"C:\\Windows\\system32\\WindowsPowerShell\\v1.0\\PowerShell_ISE.exe\" ","ParentUser":"WIN10\\richard"}}
