{"LogSource":"Microsoft-Windows-Sysmon/Operational","EventId":1,"TimeCreated":"2024-10-10T22:05:28.7673567-07:00","RecordId":171202,"MachineName":"Win10","EventData":{"RuleName":"-","UtcTime":"2024-10-11 05:05:28.754","ProcessGuid":"{53968da7-b218-6708-9500-00000000fb00}","ProcessId":"6932","Image":"C:\\Program Files\\Opera\\opera.exe","FileVersion":"113.0.5230.142","Description":"Opera Internet Browser","Product":"Opera Internet Browser","Company":"Opera Software","OriginalFileName":"-","CommandLine":"\"C:\\Program Files\\Opera\\opera.exe\" --type=renderer --with-feature:address-bar-dropdown-autocompleted-domains=off --with-feature:address-bar-dropdown-cities=on --with-feature:address-bar-keywords-monetization=on --with-feature:amazon-new-ids=on --with-feature:amp-requests-stats=on --with-feature:aria-command-line-in-extension=on --with-feature:aria-command-line-react=on --with-feature:capital-one-cashback-protection=on --with-feature:cashback-assistant=off --with-feature:continue-on-booking=on --with-feature:continue-on-shopping-via-amp=off --with-feature:continue-shopping=on --with-feature:continue-shopping-2=on --with-feature:continue-shopping-5=on --with-feature:continue-shopping-structured-partners=on --with-feature:feature-remote-disable-updates-testing-flag=off --with-feature:feature-remote-updates-testing-flag=on --with-feature:lucid-mode-hide-text=on --with-feature:native-crypto-wallet=on --with-feature:opera-startpage-special=on --with-feature:password-generator=off --with-feature:sd-suggestions-external=on --with-feature:session-restore-attribution=on --with-feature:sitecheck-age=on --with-feature:specific-keywords=on --with-feature:startpage-content-phase-1=off --with-feature:startpage-opening-animation=off --with-feature:startpage-sync-banner-ref=on --with-feature:installer-experiment-test=off --with-feature:installer-bypass-launcher=on --video-capture-use-gpu-memory-buffer --lang=en-US --device-scale-factor=1 --num-raster-threads=2 --enable-main-frame-before-activation --renderer-client-id=9 --time-ticks-at-unix-epoch=-1728623104277356 --launch-time-ticks=24243538 --field-trial-handle=4116,i,336352263411213086,7753158056796434756,262144 --disable-features=CertificateTransparencyAskBeforeEnabling --variations-seed-version --mojo-platform-channel-handle=4128 /prefetch:1","CurrentDirectory":"C:\\Program Files\\Opera\\113.0.5230.142\\","User":"WIN10\\richard","LogonGuid":"{53968da7-b202-6708-c295-020000000000}","LogonId":"0x295c2","TerminalSessionId":"1","IntegrityLevel":"Low","Hashes":"MD5=00886BEAC3A9EF1E6E0A4416B5D36364,SHA256=D821A30BA3F5444832E88FEBC920CFD4409C513920DD0072258E2AFEF426DBBB,IMPHASH=8D46F7C0404DD8927121BE5BD79354F5","ParentProcessGuid":"{53968da7-b217-6708-8e00-00000000fb00}","ParentProcessId":"5292","ParentImage":"C:\\Program Files\\Opera\\opera.exe","ParentCommandLine":"\"C:\\Program Files\\Opera\\opera.exe\" ","ParentUser":"WIN10\\richard"}}
{"LogSource":"Microsoft-Windows-Sysmon/Operational","EventId":1,"TimeCreated":"2024-10-10T22:05:28.9434563-07:00","RecordId":171203,"MachineName":"Win10","EventData":{"RuleName":"-","UtcTime":"2024-10-11 05:05:28.928","ProcessGuid":"{53968da7-b218-6708-9600-00000000fb00}","ProcessId":"7096","Image":"C:\\Program Files\\Opera\\opera.exe","FileVersion":"113.0.5230.142","Description":"Opera Internet Browser","Product":"Opera Internet Browser","Company":"Opera Software","OriginalFileName":"-","CommandLine":"\"C:\\Program Files\\Opera\\opera.exe\" --type=renderer --with-feature:address-bar-dropdown-autocompleted-domains=off --with-feature:address-bar-dropdown-cities=on --with-feature:address-bar-keywords-monetization=on --with-feature:amazon-new-ids=on --with-feature:amp-requests-stats=on --with-feature:aria-command-line-in-extension=on --with-feature:aria-command-line-react=on --with-feature:capital-one-cashback-protection=on --with-feature:cashback-assistant=off --with-feature:continue-on-booking=on --with-feature:continue-on-shopping-via-amp=off --with-feature:continue-shopping=on --with-feature:continue-shopping-2=on --with-feature:continue-shopping-5=on --with-feature:continue-shopping-structured-partners=on --with-feature:feature-remote-disable-updates-testing-flag=off --with-feature:feature-remote-updates-testing-flag=on --with-feature:lucid-mode-hide-text=on --with-feature:native-crypto-wallet=on --with-feature:opera-startpage-special=on --with-feature:password-generator=off --with-feature:sd-suggestions-external=on --with-feature:session-restore-attribution=on --with-feature:sitecheck-age=on --with-feature:specific-keywords=on --with-feature:startpage-content-phase-1=off --with-feature:startpage-opening-animation=off --with-feature:startpage-sync-banner-ref=on --with-feature:installer-experiment-test=off --with-feature:installer-bypass-launcher=on --video-capture-use-gpu-memory-buffer --lang=en-US --device-scale-factor=1 --num-raster-threads=2 --enable-main-frame-before-activation --renderer-client-id=11 --time-ticks-at-unix-epoch=-1728623104277356 --launch-time-ticks=24402757 --field-trial-handle=4680,i,336352263411213086,7753158056796434756,262144 --disable-features=CertificateTransparencyAskBeforeEnabling --variations-seed-version --mojo-platform-channel-handle=4692 /prefetch:1","CurrentDirectory":"C:\\Program Files\\Opera\\113.0.5230.142\\","User":"WIN10\\richard","LogonGuid":"{53968da7-b202-6708-c295-020000000000}","LogonId":"0x295c2","TerminalSessionId":"1","IntegrityLevel":"Low","Hashes":"MD5=00886BEAC3A9EF1E6E0A4416B5D36364,SHA256=D821A30BA3F5444832E88FEBC920CFD4409C513920DD0072258E2AFEF426DBBB,IMPHASH=8D46F7C0404DD8927121BE5BD79354F5","ParentProcessGuid":"{53968da7-b217-6708-8e00-00000000fb00}","ParentProcessId":"5292","ParentImage":"C:\\Program Files\\Opera\\opera.exe","ParentCommandLine":"\"C:\\Program Files\\Opera\\opera.exe\" ","ParentUser":"WIN10\\richard"}}
{"LogSource":"Microsoft-Windows-Sysmon/Operational","EventId":1,"TimeCreated":"2024-10-10T22:05:28.9618164-07:00","RecordId":171204,"MachineName":"Win10","EventData":{"RuleName":"-","UtcTime":"2024-10-11 05:05:28.936","ProcessGuid":"{53968da7-b218-6708-9700-00000000fb00}","ProcessId":"7092","Image":"C:\\Program Files\\Opera\\opera.exe","FileVersion":"113.0.5230.142","Description":"Opera Internet Browser","Product":"Opera Internet Browser","Company":"Opera Software","OriginalFileName":"-","CommandLine":"\"C:\\Program Files\\Opera\\opera.exe\" --type=renderer --start-stack-profiler --with-feature:address-bar-dropdown-autocompleted-domains=off --with-feature:address-bar-dropdown-cities=on --with-feature:address-bar-keywords-monetization=on --with-feature:amazon-new-ids=on --with-feature:amp-requests-stats=on --with-feature:aria-command-line-in-extension=on --with-feature:aria-command-line-react=on --with-feature:capital-one-cashback-protection=on --with-feature:cashback-assistant=off --with-feature:continue-on-booking=on --with-feature:continue-on-shopping-via-amp=off --with-feature:continue-shopping=on --with-feature:continue-shopping-2=on --with-feature:continue-shopping-5=on --with-feature:continue-shopping-structured-partners=on --with-feature:feature-remote-disable-updates-testing-flag=off --with-feature:feature-remote-updates-testing-flag=on --with-feature:lucid-mode-hide-text=on --with-feature:native-crypto-wallet=on --with-feature:opera-startpage-special=on --with-feature:password-generator=off --with-feature:sd-suggestions-external=on --with-feature:session-restore-attribution=on --with-feature:sitecheck-age=on --with-feature:specific-keywords=on --with-feature:startpage-content-phase-1=off --with-feature:startpage-opening-animation=off --with-feature:startpage-sync-banner-ref=on --with-feature:installer-experiment-test=off --with-feature:installer-bypass-launcher=on --video-capture-use-gpu-memory-buffer --lang=en-US --device-scale-factor=1 --num-raster-threads=2 --enable-main-frame-before-activation --renderer-client-id=10 --time-ticks-at-unix-epoch=-1728623104277356 --launch-time-ticks=24410569 --field-trial-handle=4716,i,336352263411213086,7753158056796434756,262144 --disable-features=CertificateTransparencyAskBeforeEnabling --variations-seed-version --mojo-platform-channel-handle=4752 /prefetch:1","CurrentDirectory":"C:\\Program Files\\Opera\\113.0.5230.142\\","User":"WIN10\\richard","LogonGuid":"{53968da7-b202-6708-c295-020000000000}","LogonId":"0x295c2","TerminalSessionId":"1","IntegrityLevel":"Low","Hashes":"MD5=00886BEAC3A9EF1E6E0A4416B5D36364,SHA256=D821A30BA3F5444832E88FEBC920CFD4409C513920DD0072258E2AFEF426DBBB,IMPHASH=8D46F7C0404DD8927121BE5BD79354F5","ParentProcessGuid":"{53968da7-b217-6708-8e00-00000000fb00}","ParentProcessId":"5292","ParentImage":"C:\\Program Files\\Opera\\opera.exe","ParentCommandLine":"\"C:\\Program Files\\Opera\\opera.exe\" ","ParentUser":"WIN10\\richard"}}
{"LogSource":"Microsoft-Windows-Sysmon/Operational","EventId":1,"TimeCreated":"2024-10-10T22:05:29.0974381-07:00","RecordId":171205,"MachineName":"Win10","EventData":{"RuleName":"-","UtcTime":"2024-10-11 05:05:29.091","ProcessGuid":"{53968da7-b219-6708-9800-00000000fb00}","ProcessId":"6716","Image":"C:\\Program Files\\Opera\\opera.exe","FileVersion":"113.0.5230.142","Description":"Opera Internet Browser","Product":"Opera Internet Browser","Company":"Opera Software","OriginalFileName":"-","CommandLine":"\"C:\\Program Files\\Opera\\opera.exe\" --type=renderer --with-feature:address-bar-dropdown-autocompleted-domains=off --with-feature:address-bar-dropdown-cities=on --with-feature:address-bar-keywords-monetization=on --with-feature:amazon-new-ids=on --with-feature:amp-requests-stats=on --with-feature:aria-command-line-in-extension=on --with-feature:aria-command-line-react=on --with-feature:capital-one-cashback-protection=on --with-feature:cashback-assistant=off --with-feature:continue-on-booking=on --with-feature:continue-on-shopping-via-amp=off --with-feature:continue-shopping=on --with-feature:continue-shopping-2=on --with-feature:continue-shopping-5=on --with-feature:continue-shopping-structured-partners=on --with-feature:feature-remote-disable-updates-testing-flag=off --with-feature:feature-remote-updates-testing-flag=on --with-feature:lucid-mode-hide-text=on --with-feature:native-crypto-wallet=on --with-feature:opera-startpage-special=on --with-feature:password-generator=off --with-feature:sd-suggestions-external=on --with-feature:session-restore-attribution=on --with-feature:sitecheck-age=on --with-feature:specific-keywords=on --with-feature:startpage-content-phase-1=off --with-feature:startpage-opening-animation=off --with-feature:startpage-sync-banner-ref=on --with-feature:installer-experiment-test=off --with-feature:installer-bypass-launcher=on --video-capture-use-gpu-memory-buffer --lang=en-US --device-scale-factor=1 --num-raster-threads=2 --enable-main-frame-before-activation --renderer-client-id=18 --time-ticks-at-unix-epoch=-1728623104277356 --launch-time-ticks=24552991 --field-trial-handle=5096,i,336352263411213086,7753158056796434756,262144 --disable-features=CertificateTransparencyAskBeforeEnabling --variations-seed-version --mojo-platform-channel-handle=5156 /prefetch:1","CurrentDirectory":"C:\\Program Files\\Opera\\113.0.5230.142\\","User":"WIN10\\richard","LogonGuid":"{53968da7-b202-6708-c295-020000000000}","LogonId":"0x295c2","TerminalSessionId":"1","IntegrityLevel":"Low","Hashes":"MD5=00886BEAC3A9EF1E6E0A4416B5D36364,SHA256=D821A30BA3F5444832E88FEBC920CFD4409C513920DD0072258E2AFEF426DBBB,IMPHASH=8D46F7C0404DD8927121BE5BD79354F5","ParentProcessGuid":"{53968da7-b217-6708-8e00-00000000fb00}","ParentProcessId":"5292","ParentImage":"C:\\Program Files\\Opera\\opera.exe","ParentCommandLine":"\"C:\\Program Files\\Opera\\opera.exe\" ","ParentUser":"WIN10\\richard"}}
{"LogSource":"Microsoft-Windows-Sysmon/Operational","EventId":1,"TimeCreated":"2024-10-10T22:05:29.1105956-07:00","RecordId":171206,"MachineName":"Win10","EventData":{"RuleName":"-","UtcTime":"2024-10-11 05:05:29.106","ProcessGuid":"{53968da7-b219-6708-9900-00000000fb00}","ProcessId":"6984","Image":"C:\\Program Files\\Opera\\opera.exe","FileVersion":"113.0.5230.142","Description":"Opera Internet Browser","Product":"Opera Internet Browser","Company":"Opera Software","OriginalFileName":"-","CommandLine":"\"C:\\Program Files\\Opera\\opera.exe\" --type=renderer --with-feature:address-bar-dropdown-autocompleted-domains=off --with-feature:address-bar-dropdown-cities=on --with-feature:address-bar-keywords-monetization=on --with-feature:amazon-new-ids=on --with-feature:amp-requests-stats=on --with-feature:aria-command-line-in-extension=on --with-feature:aria-command-line-react=on --with-feature:capital-one-cashback-protection=on --with-feature:cashback-assistant=off --with-feature:continue-on-booking=on --with-feature:continue-on-shopping-via-amp=off --with-feature:continue-shopping=on --with-feature:continue-shopping-2=on --with-feature:continue-shopping-5=on --with-feature:continue-shopping-structured-partners=on --with-feature:feature-remote-disable-updates-testing-flag=off --with-feature:feature-remote-updates-testing-flag=on --with-feature:lucid-mode-hide-text=on --with-feature:native-crypto-wallet=on --with-feature:opera-startpage-special=on --with-feature:password-generator=off --with-feature:sd-suggestions-external=on --with-feature:session-restore-attribution=on --with-feature:sitecheck-age=on --with-feature:specific-keywords=on --with-feature:startpage-content-phase-1=off --with-feature:startpage-opening-animation=off --with-feature:startpage-sync-banner-ref=on --with-feature:installer-experiment-test=off --with-feature:installer-bypass-launcher=on --video-capture-use-gpu-memory-buffer --lang=en-US --device-scale-factor=1 --num-raster-threads=2 --enable-main-frame-before-activation --renderer-client-id=19 --time-ticks-at-unix-epoch=-1728623104277356 --launch-time-ticks=24566831 --field-trial-handle=5312,i,336352263411213086,7753158056796434756,262144 --disable-features=CertificateTransparencyAskBeforeEnabling --variations-seed-version --mojo-platform-channel-handle=5324 /prefetch:1","CurrentDirectory":"C:\\Program Files\\Opera\\113.0.5230.142\\","User":"WIN10\\richard","LogonGuid":"{53968da7-b202-6708-c295-020000000000}","LogonId":"0x295c2","TerminalSessionId":"1","IntegrityLevel":"Low","Hashes":"MD5=00886BEAC3A9EF1E6E0A4416B5D36364,SHA256=D821A30BA3F5444832E88FEBC920CFD4409C513920DD0072258E2AFEF426DBBB,IMPHASH=8D46F7C0404DD8927121BE5BD79354F5","ParentProcessGuid":"{53968da7-b217-6708-8e00-00000000fb00}","ParentProcessId":"5292","ParentImage":"C:\\Program Files\\Opera\\opera.exe","ParentCommandLine":"\"C:\\Program Files\\Opera\\opera.exe\" ","ParentUser":"WIN10\\richard"}}
{"LogSource":"Microsoft-Windows-Sysmon/Operational","EventId":1,"TimeCreated":"2024-10-10T22:05:29.2857852-07:00","RecordId":171207,"MachineName":"Win10","EventData":{"RuleName":"-","UtcTime":"2024-10-11 05:05:29.191","ProcessGuid":"{53968da7-b219-6708-9a00-00000000fb00}","ProcessId":"7208","Image":"C:\\Program Files\\Opera\\opera.exe","FileVersion":"113.0.5230.142","Description":"Opera Internet Browser","Product":"Opera Internet Browser","Company":"Opera Software","OriginalFileName":"-","CommandLine":"\"C:\\Program Files\\Opera\\opera.exe\" --type=renderer --extension-process --with-feature:address-bar-dropdown-autocompleted-domains=off --with-feature:address-bar-dropdown-cities=on --with-feature:address-bar-keywords-monetization=on --with-feature:amazon-new-ids=on --with-feature:amp-requests-stats=on --with-feature:aria-command-line-in-extension=on --with-feature:aria-command-line-react=on --with-feature:capital-one-cashback-protection=on --with-feature:cashback-assistant=off --with-feature:continue-on-booking=on --with-feature:continue-on-shopping-via-amp=off --with-feature:continue-shopping=on --with-feature:continue-shopping-2=on --with-feature:continue-shopping-5=on --with-feature:continue-shopping-structured-partners=on --with-feature:feature-remote-disable-updates-testing-flag=off --with-feature:feature-remote-updates-testing-flag=on --with-feature:lucid-mode-hide-text=on --with-feature:native-crypto-wallet=on --with-feature:opera-startpage-special=on --with-feature:password-generator=off --with-feature:sd-suggestions-external=on --with-feature:session-restore-attribution=on --with-feature:sitecheck-age=on --with-feature:specific-keywords=on --with-feature:startpage-content-phase-1=off --with-feature:startpage-opening-animation=off --with-feature:startpage-sync-banner-ref=on --with-feature:installer-experiment-test=off --with-feature:installer-bypass-launcher=on --video-capture-use-gpu-memory-buffer --lang=en-US --device-scale-factor=1 --num-raster-threads=2 --enable-main-frame-before-activation --renderer-client-id=7 --time-ticks-at-unix-epoch=-1728623104277356 --launch-time-ticks=24644500 --field-trial-handle=5576,i,336352263411213086,7753158056796434756,262144 --disable-features=CertificateTransparencyAskBeforeEnabling --variations-seed-version --mojo-platform-channel-handle=5596 /prefetch:2","CurrentDirectory":"C:\\Program Files\\Opera\\113.0.5230.142\\","User":"WIN10\\richard","LogonGuid":"{53968da7-b202-6708-c295-020000000000}","LogonId":"0x295c2","TerminalSessionId":"1","IntegrityLevel":"Low","Hashes":"MD5=00886BEAC3A9EF1E6E0A4416B5D36364,SHA256=D821A30BA3F5444832E88FEBC920CFD4409C513920DD0072258E2AFEF426DBBB,IMPHASH=8D46F7C0404DD8927121BE5BD79354F5","ParentProcessGuid":"{53968da7-b217-6708-8e00-00000000fb00}","ParentProcessId":"5292","ParentImage":"C:\\Program Files\\Opera\\opera.exe","ParentCommandLine":"\"C:\\Program Files\\Opera\\opera.exe\" ","ParentUser":"WIN10\\richard"}}
{"LogSource":"Microsoft-Windows-Sysmon/Operational","EventId":1,"TimeCreated":"2024-10-10T22:05:29.3337949-07:00","RecordId":171208,"MachineName":"Win10","EventData":{"RuleName":"-","UtcTime":"2024-10-11 05:05:29.216","ProcessGuid":"{53968da7-b219-6708-9b00-00000000fb00}","ProcessId":"7256","Image":"C:\\Program Files\\Opera\\opera.exe","FileVersion":"113.0.5230.142","Description":"Opera Internet Browser","Product":"Opera Internet Browser","Company":"Opera Software","OriginalFileName":"-","CommandLine":"\"C:\\Program Files\\Opera\\opera.exe\" --type=utility --utility-sub-type=audio.mojom.AudioService --lang=en-US --service-sandbox-type=audio --enable-quic --with-feature:address-bar-dropdown-autocompleted-domains=off --with-feature:address-bar-dropdown-cities=on --with-feature:address-bar-keywords-monetization=on --with-feature:amazon-new-ids=on --with-feature:amp-requests-stats=on --with-feature:aria-command-line-in-extension=on --with-feature:aria-command-line-react=on --with-feature:capital-one-cashback-protection=on --with-feature:cashback-assistant=off --with-feature:continue-on-booking=on --with-feature:continue-on-shopping-via-amp=off --with-feature:continue-shopping=on --with-feature:continue-shopping-2=on --with-feature:continue-shopping-5=on --with-feature:continue-shopping-structured-partners=on --with-feature:feature-remote-disable-updates-testing-flag=off --with-feature:feature-remote-updates-testing-flag=on --with-feature:lucid-mode-hide-text=on --with-feature:native-crypto-wallet=on --with-feature:opera-startpage-special=on --with-feature:password-generator=off --with-feature:sd-suggestions-external=on --with-feature:session-restore-attribution=on --with-feature:sitecheck-age=on --with-feature:specific-keywords=on --with-feature:startpage-content-phase-1=off --with-feature:startpage-opening-animation=off --with-feature:startpage-sync-banner-ref=on --with-feature:installer-experiment-test=off --with-feature:installer-bypass-launcher=on --field-trial-handle=5480,i,336352263411213086,7753158056796434756,262144 --disable-features=CertificateTransparencyAskBeforeEnabling --variations-seed-version --mojo-platform-channel-handle=5564 /prefetch:8","CurrentDirectory":"C:\\Program Files\\Opera\\113.0.5230.142\\","User":"WIN10\\richard","LogonGuid":"{53968da7-b202-6708-c295-020000000000}","LogonId":"0x295c2","TerminalSessionId":"1","IntegrityLevel":"Low","Hashes":"MD5=00886BEAC3A9EF1E6E0A4416B5D36364,SHA256=D821A30BA3F5444832E88FEBC920CFD4409C513920DD0072258E2AFEF426DBBB,IMPHASH=8D46F7C0404DD8927121BE5BD79354F5","ParentProcessGuid":"{53968da7-b217-6708-8e00-00000000fb00}","ParentProcessId":"5292","ParentImage":"C:\\Program Files\\Opera\\opera.exe","ParentCommandLine":"\"C:\\Program Files\\Opera\\opera.exe\" ","ParentUser":"WIN10\\richard"}}
{"LogSource":"Microsoft-Windows-Sysmon/Operational","EventId":1,"TimeCreated":"2024-10-10T22:05:29.3939494-07:00","RecordId":171209,"MachineName":"Win10","EventData":{"RuleName":"-","UtcTime":"2024-10-11 05:05:29.334","ProcessGuid":"{53968da7-b219-6708-9c00-00000000fb00}","ProcessId":"7264","Image":"C:\\Program Files\\Opera\\opera.exe","FileVersion":"113.0.5230.142","Description":"Opera Internet Browser","Product":"Opera Internet Browser","Company":"Opera Software","OriginalFileName":"-","CommandLine":"\"C:\\Program Files\\Opera\\opera.exe\" --type=renderer --extension-process --with-feature:address-bar-dropdown-autocompleted-domains=off --with-feature:address-bar-dropdown-cities=on --with-feature:address-bar-keywords-monetization=on --with-feature:amazon-new-ids=on --with-feature:amp-requests-stats=on --with-feature:aria-command-line-in-extension=on --with-feature:aria-command-line-react=on --with-feature:capital-one-cashback-protection=on --with-feature:cashback-assistant=off --with-feature:continue-on-booking=on --with-feature:continue-on-shopping-via-amp=off --with-feature:continue-shopping=on --with-feature:continue-shopping-2=on --with-feature:continue-shopping-5=on --with-feature:continue-shopping-structured-partners=on --with-feature:feature-remote-disable-updates-testing-flag=off --with-feature:feature-remote-updates-testing-flag=on --with-feature:lucid-mode-hide-text=on --with-feature:native-crypto-wallet=on --with-feature:opera-startpage-special=on --with-feature:password-generator=off --with-feature:sd-suggestions-external=on --with-feature:session-restore-attribution=on --with-feature:sitecheck-age=on --with-feature:specific-keywords=on --with-feature:startpage-content-phase-1=off --with-feature:startpage-opening-animation=off --with-feature:startpage-sync-banner-ref=on --with-feature:installer-experiment-test=off --with-feature:installer-bypass-launcher=on --disable-gpu-compositing --video-capture-use-gpu-memory-buffer --lang=en-US --device-scale-factor=1 --num-raster-threads=2 --enable-main-frame-before-activation --renderer-client-id=8 --time-ticks-at-unix-epoch=-1728623104277356 --launch-time-ticks=24776266 --field-trial-handle=5344,i,336352263411213086,7753158056796434756,262144 --disable-features=CertificateTransparencyAskBeforeEnabling --variations-seed-version --mojo-platform-channel-handle=5852 /prefetch:2","CurrentDirectory":"C:\\Program Files\\Opera\\113.0.5230.142\\","User":"WIN10\\richard","LogonGuid":"{53968da7-b202-6708-c295-020000000000}","LogonId":"0x295c2","TerminalSessionId":"1","IntegrityLevel":"Low","Hashes":"MD5=00886BEAC3A9EF1E6E0A4416B5D36364,SHA256=D821A30BA3F5444832E88FEBC920CFD4409C513920DD0072258E2AFEF426DBBB,IMPHASH=8D46F7C0404DD8927121BE5BD79354F5","ParentProcessGuid":"{53968da7-b217-6708-8e00-00000000fb00}","ParentProcessId":"5292","ParentImage":"C:\\Program Files\\Opera\\opera.exe","ParentCommandLine":"\"C:\\Program Files\\Opera\\opera.exe\" ","ParentUser":"WIN10\\richard"}}
{"LogSource":"Microsoft-Windows-Sysmon/Operational","EventId":1,"TimeCreated":"2024-10-10T22:05:29.4017851-07:00","RecordId":171210,"MachineName":"Win10","EventData":{"RuleName":"-","UtcTime":"2024-10-11 05:05:29.338","ProcessGuid":"{53968da7-b219-6708-9d00-00000000fb00}","ProcessId":"7272","Image":"C:\\Program Files\\Opera\\opera.exe","FileVersion":"113.0.5230.142","Description":"Opera Internet Browser","Product":"Opera Internet Browser","Company":"Opera Software","OriginalFileName":"-","CommandLine":"\"C:\\Program Files\\Opera\\opera.exe\" --type=utility --utility-sub-type=video_capture.mojom.VideoCaptureService --lang=en-US --service-sandbox-type=none --enable-quic --with-feature:address-bar-dropdown-autocompleted-domains=off --with-feature:address-bar-dropdown-cities=on --with-feature:address-bar-keywords-monetization=on --with-feature:amazon-new-ids=on --with-feature:amp-requests-stats=on --with-feature:aria-command-line-in-extension=on --with-feature:aria-command-line-react=on --with-feature:capital-one-cashback-protection=on --with-feature:cashback-assistant=off --with-feature:continue-on-booking=on --with-feature:continue-on-shopping-via-amp=off --with-feature:continue-shopping=on --with-feature:continue-shopping-2=on --with-feature:continue-shopping-5=on --with-feature:continue-shopping-structured-partners=on --with-feature:feature-remote-disable-updates-testing-flag=off --with-feature:feature-remote-updates-testing-flag=on --with-feature:lucid-mode-hide-text=on --with-feature:native-crypto-wallet=on --with-feature:opera-startpage-special=on --with-feature:password-generator=off --with-feature:sd-suggestions-external=on --with-feature:session-restore-attribution=on --with-feature:sitecheck-age=on --with-feature:specific-keywords=on --with-feature:startpage-content-phase-1=off --with-feature:startpage-opening-animation=off --with-feature:startpage-sync-banner-ref=on --with-feature:installer-experiment-test=off --with-feature:installer-bypass-launcher=on --field-trial-handle=5856,i,336352263411213086,7753158056796434756,262144 --disable-features=CertificateTransparencyAskBeforeEnabling --variations-seed-version --mojo-platform-channel-handle=6000 /prefetch:8","CurrentDirectory":"C:\\Program Files\\Opera\\113.0.5230.142\\","User":"WIN10\\richard","LogonGuid":"{53968da7-b202-6708-c295-020000000000}","LogonId":"0x295c2","TerminalSessionId":"1","IntegrityLevel":"Medium","Hashes":"MD5=00886BEAC3A9EF1E6E0A4416B5D36364,SHA256=D821A30BA3F5444832E88FEBC920CFD4409C513920DD0072258E2AFEF426DBBB,IMPHASH=8D46F7C0404DD8927121BE5BD79354F5","ParentProcessGuid":"{53968da7-b217-6708-8e00-00000000fb00}","ParentProcessId":"5292","ParentImage":"C:\\Program Files\\Opera\\opera.exe","ParentCommandLine":"\"C:\\Program Files\\Opera\\opera.exe\" ","ParentUser":"WIN10\\richard"}}
{"LogSource":"Microsoft-Windows-Sysmon/Operational","EventId":1,"TimeCreated":"2024-10-10T22:05:29.8474856-07:00","RecordId":171211,"MachineName":"Win10","EventData":{"RuleName":"-","UtcTime":"2024-10-11 05:05:29.714","ProcessGuid":"{53968da7-b219-6708-9e00-00000000fb00}","ProcessId":"7340","Image":"C:\\Windows\\SystemApps\\MicrosoftWindows.Client.CBS_cw5n1h2txyewy\\TextInputHost.exe","FileVersion":"124.19305.0.0","Description":"-","Product":"Microsoft® Windows® Operating System","Company":"Microsoft Corporation","OriginalFileName":"TextInputHost.exe","CommandLine":"\"C:\\Windows\\SystemApps\\MicrosoftWindows.Client.CBS_cw5n1h2txyewy\\TextInputHost.exe\" -ServerName:InputApp.AppXk0k6mrh4r2q0ct33a9wgbez0x7v9cz5y.mca","CurrentDirectory":"C:\\Windows\\SystemApps\\MicrosoftWindows.Client.CBS_cw5n1h2txyewy\\","User":"WIN10\\richard","LogonGuid":"{53968da7-b202-6708-c295-020000000000}","LogonId":"0x295c2","TerminalSessionId":"1","IntegrityLevel":"Medium","Hashes":"MD5=5AA74F80A68A38716F39F4A5F1024C23,SHA256=284006AEFEB3BA0434F86B3F37B6E5085B656367A5B24B3AB491E91703754EAD,IMPHASH=8ACCE29A751A218EBBCA39B834A66F0B","ParentProcessGuid":"{53968da7-b200-6708-0d00-00000000fb00}","ParentProcessId":"884","ParentImage":"C:\\Windows\\System32\\svchost.exe","ParentCommandLine":"C:\\Windows\\system32\\svchost.exe -k DcomLaunch -p","ParentUser":"NT AUTHORITY\\SYSTEM"}}
{"LogSource":"Microsoft-Windows-Sysmon/Operational","EventId":1,"TimeCreated":"2024-10-10T22:05:29.8479808-07:00","RecordId":171212,"MachineName":"Win10","EventData":{"RuleName":"-","UtcTime":"2024-10-11 05:05:29.722","ProcessGuid":"{53968da7-b219-6708-9f00-00000000fb00}","ProcessId":"7352","Image":"C:\\Program Files\\Opera\\opera.exe","FileVersion":"113.0.5230.142","Description":"Opera Internet Browser","Product":"Opera Internet Browser","Company":"Opera Software","OriginalFileName":"-","CommandLine":"\"C:\\Program Files\\Opera\\opera.exe\" --type=renderer --with-feature:address-bar-dropdown-autocompleted-domains=off --with-feature:address-bar-dropdown-cities=on --with-feature:address-bar-keywords-monetization=on --with-feature:amazon-new-ids=on --with-feature:amp-requests-stats=on --with-feature:aria-command-line-in-extension=on --with-feature:aria-command-line-react=on --with-feature:capital-one-cashback-protection=on --with-feature:cashback-assistant=off --with-feature:continue-on-booking=on --with-feature:continue-on-shopping-via-amp=off --with-feature:continue-shopping=on --with-feature:continue-shopping-2=on --with-feature:continue-shopping-5=on --with-feature:continue-shopping-structured-partners=on --with-feature:feature-remote-disable-updates-testing-flag=off --with-feature:feature-remote-updates-testing-flag=on --with-feature:lucid-mode-hide-text=on --with-feature:native-crypto-wallet=on --with-feature:opera-startpage-special=on --with-feature:password-generator=off --with-feature:sd-suggestions-external=on --with-feature:session-restore-attribution=on --with-feature:sitecheck-age=on --with-feature:specific-keywords=on --with-feature:startpage-content-phase-1=off --with-feature:startpage-opening-animation=off --with-feature:startpage-sync-banner-ref=on --with-feature:installer-experiment-test=off --with-feature:installer-bypass-launcher=on --disable-gpu-compositing --video-capture-use-gpu-memory-buffer --lang=en-US --device-scale-factor=1 --num-raster-threads=2 --enable-main-frame-before-activation --renderer-client-id=22 --time-ticks-at-unix-epoch=-1728623104277356 --launch-time-ticks=25131909 --field-trial-handle=6232,i,336352263411213086,7753158056796434756,262144 --disable-features=CertificateTransparencyAskBeforeEnabling --variations-seed-version --mojo-platform-channel-handle=5180 /prefetch:1","CurrentDirectory":"C:\\Program Files\\Opera\\113.0.5230.142\\","User":"WIN10\\richard","LogonGuid":"{53968da7-b202-6708-c295-020000000000}","LogonId":"0x295c2","TerminalSessionId":"1","IntegrityLevel":"Low","Hashes":"MD5=00886BEAC3A9EF1E6E0A4416B5D36364,SHA256=D821A30BA3F5444832E88FEBC920CFD4409C513920DD0072258E2AFEF426DBBB,IMPHASH=8D46F7C0404DD8927121BE5BD79354F5","ParentProcessGuid":"{53968da7-b217-6708-8e00-00000000fb00}","ParentProcessId":"5292","ParentImage":"C:\\Program Files\\Opera\\opera.exe","ParentCommandLine":"\"C:\\Program Files\\Opera\\opera.exe\" ","ParentUser":"WIN10\\richard"}}
{"LogSource":"Microsoft-Windows-Sysmon/Operational","EventId":22,"TimeCreated":"2024-10-10T22:05:30.0711669-07:00","RecordId":171213,"MachineName":"Win10","EventData":{"RuleName":"-","UtcTime":"2024-10-11 05:05:24.321","ProcessGuid":"{00000000-0000-0000-0000-000000000000}","ProcessId":"6612","QueryName":"desktop-assistant-sub.osp.opera.software","QueryStatus":"0","QueryResults":"type:  5 submit-target.osp.opera.software;type:  5 submit.geo.opera.com;type:  5 submit-trn.osp.opera.software;2620:117:c004:392:107:167:125:189;::ffff:107.167.125.189;","Image":"\u003cunknown process\u003e","User":"WIN10\\richard"}}
{"LogSource":"Microsoft-Windows-Sysmon/Operational","EventId":22,"TimeCreated":"2024-10-10T22:05:30.0742009-07:00","RecordId":171214,"MachineName":"Win10","EventData":{"RuleName":"-","UtcTime":"2024-10-11 05:05:25.626","ProcessGuid":"{53968da7-b217-6708-9100-00000000fb00}","ProcessId":"3764","QueryName":"wpad","QueryStatus":"9003","QueryResults":"-","Image":"C:\\Program Files\\Opera\\opera.exe","User":"WIN10\\richard"}}
{"LogSource":"Microsoft-Windows-Sysmon/Operational","EventId":22,"TimeCreated":"2024-10-10T22:05:30.0749463-07:00","RecordId":171215,"MachineName":"Win10","EventData":{"RuleName":"-","UtcTime":"2024-10-11 05:05:25.661","ProcessGuid":"{53968da7-b217-6708-9100-00000000fb00}","ProcessId":"3764","QueryName":"wpad","QueryStatus":"9003","QueryResults":"-","Image":"C:\\Program Files\\Opera\\opera.exe","User":"WIN10\\richard"}}
{"LogSource":"Microsoft-Windows-Sysmon/Operational","EventId":22,"TimeCreated":"2024-10-10T22:05:30.1537052-07:00","RecordId":171216,"MachineName":"Win10","EventData":{"RuleName":"-","UtcTime":"2024-10-11 05:05:25.662","ProcessGuid":"{53968da7-b217-6708-9100-00000000fb00}","ProcessId":"3764","QueryName":"wpad","QueryStatus":"9003","QueryResults":"-","Image":"C:\\Program Files\\Opera\\opera.exe","User":"WIN10\\richard"}}
{"LogSource":"Microsoft-Windows-Sysmon/Operational","EventId":1,"TimeCreated":"2024-10-10T22:05:30.3745662-07:00","RecordId":171217,"MachineName":"Win10","EventData":{"RuleName":"-","UtcTime":"2024-10-11 05:05:30.338","ProcessGuid":"{53968da7-b21a-6708-a100-00000000fb00}","ProcessId":"7648","Image":"C:\\Program Files\\Opera\\opera.exe","FileVersion":"113.0.5230.142","Description":"Opera Internet Browser","Product":"Opera Internet Browser","Company":"Opera Software","OriginalFileName":"-","CommandLine":"\"C:\\Program Files\\Opera\\opera.exe\" --type=utility --utility-sub-type=data_decoder.mojom.DataDecoderService --lang=en-US --service-sandbox-type=service --enable-quic --with-feature:address-bar-dropdown-autocompleted-domains=off --with-feature:address-bar-dropdown-cities=on --with-feature:address-bar-keywords-monetization=on --with-feature:amazon-new-ids=on --with-feature:amp-requests-stats=on --with-feature:aria-command-line-in-extension=on --with-feature:aria-command-line-react=on --with-feature:capital-one-cashback-protection=on --with-feature:cashback-assistant=off --with-feature:continue-on-booking=on --with-feature:continue-on-shopping-via-amp=off --with-feature:continue-shopping=on --with-feature:continue-shopping-2=on --with-feature:continue-shopping-5=on --with-feature:continue-shopping-structured-partners=on --with-feature:feature-remote-disable-updates-testing-flag=off --with-feature:feature-remote-updates-testing-flag=on --with-feature:lucid-mode-hide-text=on --with-feature:native-crypto-wallet=on --with-feature:opera-startpage-special=on --with-feature:password-generator=off --with-feature:sd-suggestions-external=on --with-feature:session-restore-attribution=on --with-feature:sitecheck-age=on --with-feature:specific-keywords=on --with-feature:startpage-content-phase-1=off --with-feature:startpage-opening-animation=off --with-feature:startpage-sync-banner-ref=on --with-feature:installer-experiment-test=off --with-feature:installer-bypass-launcher=on --field-trial-handle=6428,i,336352263411213086,7753158056796434756,262144 --disable-features=CertificateTransparencyAskBeforeEnabling --variations-seed-version --mojo-platform-channel-handle=6228 /prefetch:8","CurrentDirectory":"C:\\Program Files\\Opera\\113.0.5230.142\\","User":"WIN10\\richard","LogonGuid":"{53968da7-b202-6708-c295-020000000000}","LogonId":"0x295c2","TerminalSessionId":"1","IntegrityLevel":"Low","Hashes":"MD5=00886BEAC3A9EF1E6E0A4416B5D36364,SHA256=D821A30BA3F5444832E88FEBC920CFD4409C513920DD0072258E2AFEF426DBBB,IMPHASH=8D46F7C0404DD8927121BE5BD79354F5","ParentProcessGuid":"{53968da7-b217-6708-8e00-00000000fb00}","ParentProcessId":"5292","ParentImage":"C:\\Program Files\\Opera\\opera.exe","ParentCommandLine":"\"C:\\Program Files\\Opera\\opera.exe\" ","ParentUser":"WIN10\\richard"}}
{"LogSource":"Microsoft-Windows-Sysmon/Operational","EventId":1,"TimeCreated":"2024-10-10T22:05:31.5158997-07:00","RecordId":171218,"MachineName":"Win10","EventData":{"RuleName":"-","UtcTime":"2024-10-11 05:05:31.511","ProcessGuid":"{53968da7-b21b-6708-a200-00000000fb00}","ProcessId":"7932","Image":"C:\\Program Files\\Opera\\opera.exe","FileVersion":"113.0.5230.142","Description":"Opera Internet Browser","Product":"Opera Internet Browser","Company":"Opera Software","OriginalFileName":"-","CommandLine":"\"C:\\Program Files\\Opera\\opera.exe\" --type=utility --utility-sub-type=data_decoder.mojom.DataDecoderService --lang=en-US --service-sandbox-type=service --enable-quic --with-feature:address-bar-dropdown-autocompleted-domains=off --with-feature:address-bar-dropdown-cities=on --with-feature:address-bar-keywords-monetization=on --with-feature:amazon-new-ids=on --with-feature:amp-requests-stats=on --with-feature:aria-command-line-in-extension=on --with-feature:aria-command-line-react=on --with-feature:capital-one-cashback-protection=on --with-feature:cashback-assistant=off --with-feature:continue-on-booking=on --with-feature:continue-on-shopping-via-amp=off --with-feature:continue-shopping=on --with-feature:continue-shopping-2=on --with-feature:continue-shopping-5=on --with-feature:continue-shopping-structured-partners=on --with-feature:feature-remote-disable-updates-testing-flag=off --with-feature:feature-remote-updates-testing-flag=on --with-feature:lucid-mode-hide-text=on --with-feature:native-crypto-wallet=on --with-feature:opera-startpage-special=on --with-feature:password-generator=off --with-feature:sd-suggestions-external=on --with-feature:session-restore-attribution=on --with-feature:sitecheck-age=on --with-feature:specific-keywords=on --with-feature:startpage-content-phase-1=off --with-feature:startpage-opening-animation=off --with-feature:startpage-sync-banner-ref=on --with-feature:installer-experiment-test=off --with-feature:installer-bypass-launcher=on --field-trial-handle=6532,i,336352263411213086,7753158056796434756,262144 --disable-features=CertificateTransparencyAskBeforeEnabling --variations-seed-version --mojo-platform-channel-handle=6124 /prefetch:8","CurrentDirectory":"C:\\Program Files\\Opera\\113.0.5230.142\\","User":"WIN10\\richard","LogonGuid":"{53968da7-b202-6708-c295-020000000000}","LogonId":"0x295c2","TerminalSessionId":"1","IntegrityLevel":"Low","Hashes":"MD5=00886BEAC3A9EF1E6E0A4416B5D36364,SHA256=D821A30BA3F5444832E88FEBC920CFD4409C513920DD0072258E2AFEF426DBBB,IMPHASH=8D46F7C0404DD8927121BE5BD79354F5","ParentProcessGuid":"{53968da7-b217-6708-8e00-00000000fb00}","ParentProcessId":"5292","ParentImage":"C:\\Program Files\\Opera\\opera.exe","ParentCommandLine":"\"C:\\Program Files\\Opera\\opera.exe\" ","ParentUser":"WIN10\\richard"}}
{"LogSource":"Microsoft-Windows-Sysmon/Operational","EventId":1,"TimeCreated":"2024-10-10T22:05:31.6012205-07:00","RecordId":171219,"MachineName":"Win10","EventData":{"RuleName":"-","UtcTime":"2024-10-11 05:05:31.598","ProcessGuid":"{53968da7-b21b-6708-a300-00000000fb00}","ProcessId":"7940","Image":"C:\\Program Files\\Opera\\opera.exe","FileVersion":"113.0.5230.142","Description":"Opera Internet Browser","Product":"Opera Internet Browser","Company":"Opera Software","OriginalFileName":"-","CommandLine":"\"C:\\Program Files\\Opera\\opera.exe\" --type=utility --utility-sub-type=data_decoder.mojom.DataDecoderService --lang=en-US --service-sandbox-type=service --enable-quic --with-feature:address-bar-dropdown-autocompleted-domains=off --with-feature:address-bar-dropdown-cities=on --with-feature:address-bar-keywords-monetization=on --with-feature:amazon-new-ids=on --with-feature:amp-requests-stats=on --with-feature:aria-command-line-in-extension=on --with-feature:aria-command-line-react=on --with-feature:capital-one-cashback-protection=on --with-feature:cashback-assistant=off --with-feature:continue-on-booking=on --with-feature:continue-on-shopping-via-amp=off --with-feature:continue-shopping=on --with-feature:continue-shopping-2=on --with-feature:continue-shopping-5=on --with-feature:continue-shopping-structured-partners=on --with-feature:feature-remote-disable-updates-testing-flag=off --with-feature:feature-remote-updates-testing-flag=on --with-feature:lucid-mode-hide-text=on --with-feature:native-crypto-wallet=on --with-feature:opera-startpage-special=on --with-feature:password-generator=off --with-feature:sd-suggestions-external=on --with-feature:session-restore-attribution=on --with-feature:sitecheck-age=on --with-feature:specific-keywords=on --with-feature:startpage-content-phase-1=off --with-feature:startpage-opening-animation=off --with-feature:startpage-sync-banner-ref=on --with-feature:installer-experiment-test=off --with-feature:installer-bypass-launcher=on --field-trial-handle=6956,i,336352263411213086,7753158056796434756,262144 --disable-features=CertificateTransparencyAskBeforeEnabling --variations-seed-version --mojo-platform-channel-handle=6944 /prefetch:8","CurrentDirectory":"C:\\Program Files\\Opera\\113.0.5230.142\\","User":"WIN10\\richard","LogonGuid":"{53968da7-b202-6708-c295-020000000000}","LogonId":"0x295c2","TerminalSessionId":"1","IntegrityLevel":"Low","Hashes":"MD5=00886BEAC3A9EF1E6E0A4416B5D36364,SHA256=D821A30BA3F5444832E88FEBC920CFD4409C513920DD0072258E2AFEF426DBBB,IMPHASH=8D46F7C0404DD8927121BE5BD79354F5","ParentProcessGuid":"{53968da7-b217-6708-8e00-00000000fb00}","ParentProcessId":"5292","ParentImage":"C:\\Program Files\\Opera\\opera.exe","ParentCommandLine":"\"C:\\Program Files\\Opera\\opera.exe\" ","ParentUser":"WIN10\\richard"}}
{"LogSource":"Microsoft-Windows-Sysmon/Operational","EventId":1,"TimeCreated":"2024-10-10T22:05:31.7944749-07:00","RecordId":171220,"MachineName":"Win10","EventData":{"RuleName":"-","UtcTime":"2024-10-11 05:05:31.791","ProcessGuid":"{53968da7-b21b-6708-a400-00000000fb00}","ProcessId":"8004","Image":"C:\\Program Files\\Opera\\opera.exe","FileVersion":"113.0.5230.142","Description":"Opera Internet Browser","Product":"Opera Internet Browser","Company":"Opera Software","OriginalFileName":"-","CommandLine":"\"C:\\Program Files\\Opera\\opera.exe\" --type=renderer --with-feature:address-bar-dropdown-autocompleted-domains=off --with-feature:address-bar-dropdown-cities=on --with-feature:address-bar-keywords-monetization=on --with-feature:amazon-new-ids=on --with-feature:amp-requests-stats=on --with-feature:aria-command-line-in-extension=on --with-feature:aria-command-line-react=on --with-feature:capital-one-cashback-protection=on --with-feature:cashback-assistant=off --with-feature:continue-on-booking=on --with-feature:continue-on-shopping-via-amp=off --with-feature:continue-shopping=on --with-feature:continue-shopping-2=on --with-feature:continue-shopping-5=on --with-feature:continue-shopping-structured-partners=on --with-feature:feature-remote-disable-updates-testing-flag=off --with-feature:feature-remote-updates-testing-flag=on --with-feature:lucid-mode-hide-text=on --with-feature:native-crypto-wallet=on --with-feature:opera-startpage-special=on --with-feature:password-generator=off --with-feature:sd-suggestions-external=on --with-feature:session-restore-attribution=on --with-feature:sitecheck-age=on --with-feature:specific-keywords=on --with-feature:startpage-content-phase-1=off --with-feature:startpage-opening-animation=off --with-feature:startpage-sync-banner-ref=on --with-feature:installer-experiment-test=off --with-feature:installer-bypass-launcher=on --disable-gpu-compositing --video-capture-use-gpu-memory-buffer --lang=en-US --device-scale-factor=1 --num-raster-threads=2 --enable-main-frame-before-activation --renderer-client-id=17 --time-ticks-at-unix-epoch=-1728623104277356 --launch-time-ticks=27031894 --field-trial-handle=6888,i,336352263411213086,7753158056796434756,262144 --disable-features=CertificateTransparencyAskBeforeEnabling --variations-seed-version --mojo-platform-channel-handle=7100 /prefetch:1","CurrentDirectory":"C:\\Program Files\\Opera\\113.0.5230.142\\","User":"WIN10\\richard","LogonGuid":"{53968da7-b202-6708-c295-020000000000}","LogonId":"0x295c2","TerminalSessionId":"1","IntegrityLevel":"Low","Hashes":"MD5=00886BEAC3A9EF1E6E0A4416B5D36364,SHA256=D821A30BA3F5444832E88FEBC920CFD4409C513920DD0072258E2AFEF426DBBB,IMPHASH=8D46F7C0404DD8927121BE5BD79354F5","ParentProcessGuid":"{53968da7-b217-6708-8e00-00000000fb00}","ParentProcessId":"5292","ParentImage":"C:\\Program Files\\Opera\\opera.exe","ParentCommandLine":"\"C:\\Program Files\\Opera\\opera.exe\" ","ParentUser":"WIN10\\richard"}}
{"LogSource":"Microsoft-Windows-Sysmon/Operational","EventId":1,"TimeCreated":"2024-10-10T22:05:32.5101527-07:00","RecordId":171221,"MachineName":"Win10","EventData":{"RuleName":"-","UtcTime":"2024-10-11 05:05:32.443","ProcessGuid":"{53968da7-b21c-6708-a500-00000000fb00}","ProcessId":"8172","Image":"C:\\Program Files\\Opera\\autoupdate\\opera_autoupdate.exe","FileVersion":"113.0.5230.142","Description":"Opera auto-updater","Product":"Opera auto-updater","Company":"Opera Software","OriginalFileName":"-","CommandLine":"\"C:\\Program Files\\Opera\\autoupdate\\opera_autoupdate.exe\" --scheduledtask --bypasslauncher --requesttype=automatic --scheduledtask --enableipv6 --bypasslauncher --pipeid=oauc_task_pipe6e959c4fc09b82620d84389eff2a227a","CurrentDirectory":"C:\\Windows\\system32\\","User":"NT AUTHORITY\\SYSTEM","LogonGuid":"{53968da7-b200-6708-e703-000000000000}","LogonId":"0x3e7","TerminalSessionId":"0","IntegrityLevel":"System","Hashes":"MD5=47850AB57010626D8693D28B99EF7573,SHA256=706841383A89918A7C4139378E12A7860F8B432B7ED11F46B2A66D435D77BBD2,IMPHASH=CF57677FCFC3AD5912B36DD5820FD035","ParentProcessGuid":"{53968da7-b200-6708-1100-00000000fb00}","ParentProcessId":"492","ParentImage":"C:\\Windows\\System32\\svchost.exe","ParentCommandLine":"C:\\Windows\\system32\\svchost.exe -k netsvcs -p","ParentUser":"NT AUTHORITY\\SYSTEM"}}
{"LogSource":"Microsoft-Windows-Sysmon/Operational","EventId":1,"TimeCreated":"2024-10-10T22:05:32.6476456-07:00","RecordId":171222,"MachineName":"Win10","EventData":{"RuleName":"-","UtcTime":"2024-10-11 05:05:32.643","ProcessGuid":"{53968da7-b21c-6708-a600-00000000fb00}","ProcessId":"5976","Image":"C:\\Program Files\\Opera\\autoupdate\\opera_autoupdate.exe","FileVersion":"113.0.5230.142","Description":"Opera auto-updater","Product":"Opera auto-updater","Company":"Opera Software","OriginalFileName":"-","CommandLine":"\"C:\\Program Files\\Opera\\autoupdate\\opera_autoupdate.exe\" --type=crashpad-handler /prefetch:4 --monitor-self-annotation=ptype=crashpad-handler \"--database=C:\\Windows\\system32\\config\\systemprofile\\AppData\\Roaming\\Opera Software\\Opera Stable\\Crash Reports\" \"--crash-count-file=C:\\Windows\\system32\\config\\systemprofile\\AppData\\Roaming\\Opera Software\\Opera Stable\\crash_count.txt\" --url=https://crashstats-collector-2.opera.com/ --annotation=channel=Stable --annotation=plat=Win64 --annotation=prod=OperaDesktop --annotation=ver=113.0.5230.142 --initial-client-data=0x238,0x23c,0x240,0x214,0x244,0x7ff7e4f6872c,0x7ff7e4f68738,0x7ff7e4f68748","CurrentDirectory":"C:\\Windows\\system32\\","User":"NT AUTHORITY\\SYSTEM","LogonGuid":"{53968da7-b200-6708-e703-000000000000}","LogonId":"0x3e7","TerminalSessionId":"0","IntegrityLevel":"System","Hashes":"MD5=47850AB57010626D8693D28B99EF7573,SHA256=706841383A89918A7C4139378E12A7860F8B432B7ED11F46B2A66D435D77BBD2,IMPHASH=CF57677FCFC3AD5912B36DD5820FD035","ParentProcessGuid":"{53968da7-b21c-6708-a500-00000000fb00}","ParentProcessId":"8172","ParentImage":"C:\\Program Files\\Opera\\autoupdate\\opera_autoupdate.exe","ParentCommandLine":"\"C:\\Program Files\\Opera\\autoupdate\\opera_autoupdate.exe\" --scheduledtask --bypasslauncher --requesttype=automatic --scheduledtask --enableipv6 --bypasslauncher --pipeid=oauc_task_pipe6e959c4fc09b82620d84389eff2a227a","ParentUser":"NT AUTHORITY\\SYSTEM"}}
{"LogSource":"Microsoft-Windows-Sysmon/Operational","EventId":1,"TimeCreated":"2024-10-10T22:05:32.7627715-07:00","RecordId":171223,"MachineName":"Win10","EventData":{"RuleName":"-","UtcTime":"2024-10-11 05:05:32.759","ProcessGuid":"{53968da7-b21c-6708-a700-00000000fb00}","ProcessId":"7764","Image":"C:\\Program Files\\Opera\\autoupdate\\opera_autoupdate.exe","FileVersion":"113.0.5230.142","Description":"Opera auto-updater","Product":"Opera auto-updater","Company":"Opera Software","OriginalFileName":"-","CommandLine":"\"C:\\Program Files\\Opera\\autoupdate\\opera_autoupdate.exe\" --enableipv6 --bypasslauncher --user-data-dir=\"C:\\Users\\richard\\AppData\\Roaming\\Opera Software\\Opera Stable\\Default\" --pipeid=oauc_pipeb683448645361e892536ca31c3e625de","CurrentDirectory":"C:\\Program Files\\Opera\\113.0.5230.142\\","User":"WIN10\\richard","LogonGuid":"{53968da7-b202-6708-c295-020000000000}","LogonId":"0x295c2","TerminalSessionId":"1","IntegrityLevel":"Medium","Hashes":"MD5=47850AB57010626D8693D28B99EF7573,SHA256=706841383A89918A7C4139378E12A7860F8B432B7ED11F46B2A66D435D77BBD2,IMPHASH=CF57677FCFC3AD5912B36DD5820FD035","ParentProcessGuid":"{53968da7-b217-6708-8e00-00000000fb00}","ParentProcessId":"5292","ParentImage":"C:\\Program Files\\Opera\\opera.exe","ParentCommandLine":"\"C:\\Program Files\\Opera\\opera.exe\" ","ParentUser":"WIN10\\richard"}}
