{"LogSource":"Microsoft-Windows-Sysmon/Operational","EventId":22,"TimeCreated":"2024-10-10T23:56:29.6093768-07:00","RecordId":172624,"MachineName":"Win10","EventData":{"RuleName":"-","UtcTime":"2024-10-11 06:56:27.548","ProcessGuid":"{53968da7-cc1b-6708-4c03-00000000fb00}","ProcessId":"1436","QueryName":"doh.test.","QueryStatus":"9003","QueryResults":"-","Image":"C:\\Program Files\\Mozilla Firefox\\firefox.exe","User":"WIN10\\richard"}}
{"LogSource":"Microsoft-Windows-Sysmon/Operational","EventId":22,"TimeCreated":"2024-10-10T23:56:29.6105384-07:00","RecordId":172625,"MachineName":"Win10","EventData":{"RuleName":"-","UtcTime":"2024-10-11 06:56:27.928","ProcessGuid":"{53968da7-cc1b-6708-4c03-00000000fb00}","ProcessId":"1436","QueryName":"example.org","QueryStatus":"0","QueryResults":"93.184.215.14;","Image":"C:\\Program Files\\Mozilla Firefox\\firefox.exe","User":"WIN10\\richard"}}
{"LogSource":"Microsoft-Windows-Sysmon/Operational","EventId":22,"TimeCreated":"2024-10-10T23:56:29.6116935-07:00","RecordId":172626,"MachineName":"Win10","EventData":{"RuleName":"-","UtcTime":"2024-10-11 06:56:27.928","ProcessGuid":"{53968da7-cc1b-6708-4c03-00000000fb00}","ProcessId":"1436","QueryName":"example.org","QueryStatus":"0","QueryResults":"2606:2800:21f:cb07:6820:80da:af6b:8b2c;::ffff:93.184.215.14;","Image":"C:\\Program Files\\Mozilla Firefox\\firefox.exe","User":"WIN10\\richard"}}
{"LogSource":"Microsoft-Windows-Sysmon/Operational","EventId":22,"TimeCreated":"2024-10-10T23:56:29.6128523-07:00","RecordId":172627,"MachineName":"Win10","EventData":{"RuleName":"-","UtcTime":"2024-10-11 06:56:27.928","ProcessGuid":"{53968da7-cc1b-6708-4c03-00000000fb00}","ProcessId":"1436","QueryName":"example.org","QueryStatus":"0","QueryResults":"93.184.215.14;","Image":"C:\\Program Files\\Mozilla Firefox\\firefox.exe","User":"WIN10\\richard"}}
{"LogSource":"Microsoft-Windows-Sysmon/Operational","EventId":22,"TimeCreated":"2024-10-10T23:56:29.6140520-07:00","RecordId":172628,"MachineName":"Win10","EventData":{"RuleName":"-","UtcTime":"2024-10-11 06:56:27.928","ProcessGuid":"{53968da7-cc1b-6708-4c03-00000000fb00}","ProcessId":"1436","QueryName":"example.org","QueryStatus":"0","QueryResults":"93.184.215.14;","Image":"C:\\Program Files\\Mozilla Firefox\\firefox.exe","User":"WIN10\\richard"}}
{"LogSource":"Microsoft-Windows-Sysmon/Operational","EventId":22,"TimeCreated":"2024-10-10T23:56:29.6152786-07:00","RecordId":172629,"MachineName":"Win10","EventData":{"RuleName":"-","UtcTime":"2024-10-11 06:56:27.934","ProcessGuid":"{53968da7-cc1b-6708-4c03-00000000fb00}","ProcessId":"1436","QueryName":"example.org","QueryStatus":"0","QueryResults":"2606:2800:21f:cb07:6820:80da:af6b:8b2c;::ffff:93.184.215.14;","Image":"C:\\Program Files\\Mozilla Firefox\\firefox.exe","User":"WIN10\\richard"}}
{"LogSource":"Microsoft-Windows-Sysmon/Operational","EventId":22,"TimeCreated":"2024-10-10T23:56:29.6164899-07:00","RecordId":172630,"MachineName":"Win10","EventData":{"RuleName":"-","UtcTime":"2024-10-11 06:56:27.934","ProcessGuid":"{53968da7-cc1b-6708-4c03-00000000fb00}","ProcessId":"1436","QueryName":"detectportal.firefox.com","QueryStatus":"0","QueryResults":"type:  5 detectportal.prod.mozaws.net;type:  5 prod.detectportal.prod.cloudops.mozgcp.net;2600:1901:0:38d7::;::ffff:34.107.221.82;","Image":"C:\\Program Files\\Mozilla Firefox\\firefox.exe","User":"WIN10\\richard"}}
{"LogSource":"Microsoft-Windows-Sysmon/Operational","EventId":22,"TimeCreated":"2024-10-10T23:56:29.6176775-07:00","RecordId":172631,"MachineName":"Win10","EventData":{"RuleName":"-","UtcTime":"2024-10-11 06:56:27.934","ProcessGuid":"{53968da7-cc1b-6708-4c03-00000000fb00}","ProcessId":"1436","QueryName":"detectportal.firefox.com","QueryStatus":"0","QueryResults":"type:  5 detectportal.prod.mozaws.net;type:  5 prod.detectportal.prod.cloudops.mozgcp.net;2600:1901:0:38d7::;::ffff:34.107.221.82;","Image":"C:\\Program Files\\Mozilla Firefox\\firefox.exe","User":"WIN10\\richard"}}
{"LogSource":"Microsoft-Windows-Sysmon/Operational","EventId":22,"TimeCreated":"2024-10-10T23:56:29.6190462-07:00","RecordId":172632,"MachineName":"Win10","EventData":{"RuleName":"-","UtcTime":"2024-10-11 06:56:27.934","ProcessGuid":"{53968da7-cc1b-6708-4c03-00000000fb00}","ProcessId":"1436","QueryName":"example.org","QueryStatus":"0","QueryResults":"2606:2800:21f:cb07:6820:80da:af6b:8b2c;","Image":"C:\\Program Files\\Mozilla Firefox\\firefox.exe","User":"WIN10\\richard"}}
{"LogSource":"Microsoft-Windows-Sysmon/Operational","EventId":22,"TimeCreated":"2024-10-10T23:56:29.6202195-07:00","RecordId":172633,"MachineName":"Win10","EventData":{"RuleName":"-","UtcTime":"2024-10-11 06:56:27.934","ProcessGuid":"{53968da7-cc1b-6708-4c03-00000000fb00}","ProcessId":"1436","QueryName":"detectportal.firefox.com","QueryStatus":"0","QueryResults":"type:  5 detectportal.prod.mozaws.net;type:  5 prod.detectportal.prod.cloudops.mozgcp.net;2600:1901:0:38d7::;::ffff:34.107.221.82;","Image":"C:\\Program Files\\Mozilla Firefox\\firefox.exe","User":"WIN10\\richard"}}
{"LogSource":"Microsoft-Windows-Sysmon/Operational","EventId":22,"TimeCreated":"2024-10-10T23:56:29.6225340-07:00","RecordId":172635,"MachineName":"Win10","EventData":{"RuleName":"-","UtcTime":"2024-10-11 06:56:27.935","ProcessGuid":"{53968da7-cc1b-6708-4c03-00000000fb00}","ProcessId":"1436","QueryName":"prod.detectportal.prod.cloudops.mozgcp.net","QueryStatus":"0","QueryResults":"34.107.221.82;","Image":"C:\\Program Files\\Mozilla Firefox\\firefox.exe","User":"WIN10\\richard"}}
{"LogSource":"Microsoft-Windows-Sysmon/Operational","EventId":22,"TimeCreated":"2024-10-10T23:56:29.6213438-07:00","RecordId":172634,"MachineName":"Win10","EventData":{"RuleName":"-","UtcTime":"2024-10-11 06:56:27.934","ProcessGuid":"{53968da7-cc1b-6708-4c03-00000000fb00}","ProcessId":"1436","QueryName":"detectportal.firefox.com","QueryStatus":"0","QueryResults":"type:  5 detectportal.prod.mozaws.net;type:  5 prod.detectportal.prod.cloudops.mozgcp.net;2600:1901:0:38d7::;::ffff:34.107.221.82;","Image":"C:\\Program Files\\Mozilla Firefox\\firefox.exe","User":"WIN10\\richard"}}
{"LogSource":"Microsoft-Windows-Sysmon/Operational","EventId":22,"TimeCreated":"2024-10-10T23:56:30.5605565-07:00","RecordId":172636,"MachineName":"Win10","EventData":{"RuleName":"-","UtcTime":"2024-10-11 06:56:27.935","ProcessGuid":"{53968da7-cc1b-6708-4c03-00000000fb00}","ProcessId":"1436","QueryName":"prod.detectportal.prod.cloudops.mozgcp.net","QueryStatus":"0","QueryResults":"2600:1901:0:38d7::;","Image":"C:\\Program Files\\Mozilla Firefox\\firefox.exe","User":"WIN10\\richard"}}
{"LogSource":"Microsoft-Windows-Sysmon/Operational","EventId":22,"TimeCreated":"2024-10-10T23:56:30.5661296-07:00","RecordId":172637,"MachineName":"Win10","EventData":{"RuleName":"-","UtcTime":"2024-10-11 06:56:27.935","ProcessGuid":"{53968da7-cc1b-6708-4c03-00000000fb00}","ProcessId":"1436","QueryName":"prod.detectportal.prod.cloudops.mozgcp.net","QueryStatus":"0","QueryResults":"2600:1901:0:38d7::;","Image":"C:\\Program Files\\Mozilla Firefox\\firefox.exe","User":"WIN10\\richard"}}
{"LogSource":"Microsoft-Windows-Sysmon/Operational","EventId":1,"TimeCreated":"2024-10-10T23:56:33.7815018-07:00","RecordId":172638,"MachineName":"Win10","EventData":{"RuleName":"-","UtcTime":"2024-10-11 06:56:33.775","ProcessGuid":"{53968da7-cc21-6708-5603-00000000fb00}","ProcessId":"3740","Image":"C:\\Program Files\\Mozilla Firefox\\firefox.exe","FileVersion":"131.0.2","Description":"Firefox","Product":"Firefox","Company":"Mozilla Corporation","OriginalFileName":"firefox.exe","CommandLine":"\"C:\\Program Files\\Mozilla Firefox\\firefox.exe\" -contentproc --channel=7028 -isForBrowser -prefsHandle 6908 -prefMapHandle 6904 -prefsLen 33674 -prefMapSize 263003 -jsInitHandle 1196 -jsInitLen 234840 -parentBuildID 20241008210941 -win32kLockedDown -appDir \"C:\\Program Files\\Mozilla Firefox\\browser\" - {65fe6f28-614d-4ba9-b237-1274191279b4} 1436 \"\\\\.\\pipe\\gecko-crash-server-pipe.1436\" 10 tab","CurrentDirectory":"C:\\Windows\\system32\\","User":"WIN10\\richard","LogonGuid":"{53968da7-b202-6708-c295-020000000000}","LogonId":"0x295c2","TerminalSessionId":"1","IntegrityLevel":"Low","Hashes":"MD5=571814A7939D001662BBA7760BD0B187,SHA256=9725AFC685C8EE135701E140A83B94FE7D958360A1F546215F7EAFDFF5E53A83,IMPHASH=BB4CE52E8306F88C0B1DA570553704E4","ParentProcessGuid":"{53968da7-cc1b-6708-4c03-00000000fb00}","ParentProcessId":"1436","ParentImage":"C:\\Program Files\\Mozilla Firefox\\firefox.exe","ParentCommandLine":"\"C:\\Program Files\\Mozilla Firefox\\firefox.exe\" https://www.netflix.com","ParentUser":"WIN10\\richard"}}
{"LogSource":"Microsoft-Windows-Sysmon/Operational","EventId":1,"TimeCreated":"2024-10-10T23:57:50.0585354-07:00","RecordId":172639,"MachineName":"Win10","EventData":{"RuleName":"-","UtcTime":"2024-10-11 06:57:50.056","ProcessGuid":"{53968da7-cc6e-6708-5703-00000000fb00}","ProcessId":"4032","Image":"C:\\Program Files\\Mozilla Firefox\\firefox.exe","FileVersion":"131.0.2","Description":"Firefox","Product":"Firefox","Company":"Mozilla Corporation","OriginalFileName":"firefox.exe","CommandLine":"\"C:\\Program Files\\Mozilla Firefox\\firefox.exe\" https://www.khanacademy.org ","CurrentDirectory":"C:\\Windows\\system32\\","User":"WIN10\\richard","LogonGuid":"{53968da7-b202-6708-7195-020000000000}","LogonId":"0x29571","TerminalSessionId":"1","IntegrityLevel":"High","Hashes":"MD5=571814A7939D001662BBA7760BD0B187,SHA256=9725AFC685C8EE135701E140A83B94FE7D958360A1F546215F7EAFDFF5E53A83,IMPHASH=BB4CE52E8306F88C0B1DA570553704E4","ParentProcessGuid":"{53968da7-be30-6708-5201-00000000fb00}","ParentProcessId":"6876","ParentImage":"C:\\Windows\\System32\\WindowsPowerShell\\v1.0\\powershell_ise.exe","ParentCommandLine":"\"C:\\Windows\\system32\\WindowsPowerShell\\v1.0\\PowerShell_ISE.exe\" ","ParentUser":"WIN10\\richard"}}
{"LogSource":"Microsoft-Windows-Sysmon/Operational","EventId":1,"TimeCreated":"2024-10-10T23:57:50.0891572-07:00","RecordId":172640,"MachineName":"Win10","EventData":{"RuleName":"-","UtcTime":"2024-10-11 06:57:50.087","ProcessGuid":"{53968da7-cc6e-6708-5803-00000000fb00}","ProcessId":"2896","Image":"C:\\Program Files\\Mozilla Firefox\\firefox.exe","FileVersion":"131.0.2","Description":"Firefox","Product":"Firefox","Company":"Mozilla Corporation","OriginalFileName":"firefox.exe","CommandLine":"\"C:\\Program Files\\Mozilla Firefox\\firefox.exe\" https://www.khanacademy.org --attempting-deelevation","CurrentDirectory":"C:\\Windows\\system32\\","User":"WIN10\\richard","LogonGuid":"{53968da7-b202-6708-c295-020000000000}","LogonId":"0x295c2","TerminalSessionId":"1","IntegrityLevel":"Medium","Hashes":"MD5=571814A7939D001662BBA7760BD0B187,SHA256=9725AFC685C8EE135701E140A83B94FE7D958360A1F546215F7EAFDFF5E53A83,IMPHASH=BB4CE52E8306F88C0B1DA570553704E4","ParentProcessGuid":"{53968da7-b203-6708-4f00-00000000fb00}","ParentProcessId":"4396","ParentImage":"C:\\Windows\\explorer.exe","ParentCommandLine":"C:\\Windows\\Explorer.EXE","ParentUser":"WIN10\\richard"}}
{"LogSource":"Microsoft-Windows-Sysmon/Operational","EventId":1,"TimeCreated":"2024-10-10T23:57:50.0988810-07:00","RecordId":172641,"MachineName":"Win10","EventData":{"RuleName":"-","UtcTime":"2024-10-11 06:57:50.096","ProcessGuid":"{53968da7-cc6e-6708-5903-00000000fb00}","ProcessId":"7592","Image":"C:\\Program Files\\Mozilla Firefox\\firefox.exe","FileVersion":"131.0.2","Description":"Firefox","Product":"Firefox","Company":"Mozilla Corporation","OriginalFileName":"firefox.exe","CommandLine":"\"C:\\Program Files\\Mozilla Firefox\\firefox.exe\" https://www.khanacademy.org","CurrentDirectory":"C:\\Windows\\system32\\","User":"WIN10\\richard","LogonGuid":"{53968da7-b202-6708-c295-020000000000}","LogonId":"0x295c2","TerminalSessionId":"1","IntegrityLevel":"Medium","Hashes":"MD5=571814A7939D001662BBA7760BD0B187,SHA256=9725AFC685C8EE135701E140A83B94FE7D958360A1F546215F7EAFDFF5E53A83,IMPHASH=BB4CE52E8306F88C0B1DA570553704E4","ParentProcessGuid":"{53968da7-cc6e-6708-5803-00000000fb00}","ParentProcessId":"2896","ParentImage":"C:\\Program Files\\Mozilla Firefox\\firefox.exe","ParentCommandLine":"\"C:\\Program Files\\Mozilla Firefox\\firefox.exe\" https://www.khanacademy.org --attempting-deelevation","ParentUser":"WIN10\\richard"}}
{"LogSource":"Microsoft-Windows-Sysmon/Operational","EventId":1,"TimeCreated":"2024-10-10T23:57:50.2594570-07:00","RecordId":172642,"MachineName":"Win10","EventData":{"RuleName":"-","UtcTime":"2024-10-11 06:57:50.257","ProcessGuid":"{53968da7-cc6e-6708-5a03-00000000fb00}","ProcessId":"7208","Image":"C:\\Program Files\\Mozilla Firefox\\firefox.exe","FileVersion":"131.0.2","Description":"Firefox","Product":"Firefox","Company":"Mozilla Corporation","OriginalFileName":"firefox.exe","CommandLine":"\"C:\\Program Files\\Mozilla Firefox\\firefox.exe\" -contentproc --channel=1924 -parentBuildID 20241008210941 -prefsHandle 1864 -prefMapHandle 1832 -prefsLen 30861 -prefMapSize 263003 -appDir \"C:\\Program Files\\Mozilla Firefox\\browser\" - {c0eae8c2-a421-4714-ab22-8c7adf148522} 7592 \"\\\\.\\pipe\\gecko-crash-server-pipe.7592\" 1 gpu","CurrentDirectory":"C:\\Windows\\system32\\","User":"WIN10\\richard","LogonGuid":"{53968da7-b202-6708-c295-020000000000}","LogonId":"0x295c2","TerminalSessionId":"1","IntegrityLevel":"Low","Hashes":"MD5=571814A7939D001662BBA7760BD0B187,SHA256=9725AFC685C8EE135701E140A83B94FE7D958360A1F546215F7EAFDFF5E53A83,IMPHASH=BB4CE52E8306F88C0B1DA570553704E4","ParentProcessGuid":"{53968da7-cc6e-6708-5903-00000000fb00}","ParentProcessId":"7592","ParentImage":"C:\\Program Files\\Mozilla Firefox\\firefox.exe","ParentCommandLine":"\"C:\\Program Files\\Mozilla Firefox\\firefox.exe\" https://www.khanacademy.org","ParentUser":"WIN10\\richard"}}
{"LogSource":"Microsoft-Windows-Sysmon/Operational","EventId":1,"TimeCreated":"2024-10-10T23:57:50.3046957-07:00","RecordId":172643,"MachineName":"Win10","EventData":{"RuleName":"-","UtcTime":"2024-10-11 06:57:50.302","ProcessGuid":"{53968da7-cc6e-6708-5b03-00000000fb00}","ProcessId":"8836","Image":"C:\\Program Files\\Mozilla Firefox\\firefox.exe","FileVersion":"131.0.2","Description":"Firefox","Product":"Firefox","Company":"Mozilla Corporation","OriginalFileName":"firefox.exe","CommandLine":"\"C:\\Program Files\\Mozilla Firefox\\firefox.exe\" -contentproc --channel=2376 -parentBuildID 20241008210941 -prefsHandle 2368 -prefMapHandle 2364 -prefsLen 30897 -prefMapSize 263003 -win32kLockedDown -appDir \"C:\\Program Files\\Mozilla Firefox\\browser\" - {2978b735-ce69-4567-9909-b16694840a46} 7592 \"\\\\.\\pipe\\gecko-crash-server-pipe.7592\" 2 socket","CurrentDirectory":"C:\\Windows\\system32\\","User":"WIN10\\richard","LogonGuid":"{53968da7-b202-6708-c295-020000000000}","LogonId":"0x295c2","TerminalSessionId":"1","IntegrityLevel":"Low","Hashes":"MD5=571814A7939D001662BBA7760BD0B187,SHA256=9725AFC685C8EE135701E140A83B94FE7D958360A1F546215F7EAFDFF5E53A83,IMPHASH=BB4CE52E8306F88C0B1DA570553704E4","ParentProcessGuid":"{53968da7-cc6e-6708-5903-00000000fb00}","ParentProcessId":"7592","ParentImage":"C:\\Program Files\\Mozilla Firefox\\firefox.exe","ParentCommandLine":"\"C:\\Program Files\\Mozilla Firefox\\firefox.exe\" https://www.khanacademy.org","ParentUser":"WIN10\\richard"}}
{"LogSource":"Microsoft-Windows-Sysmon/Operational","EventId":1,"TimeCreated":"2024-10-10T23:57:50.4822959-07:00","RecordId":172644,"MachineName":"Win10","EventData":{"RuleName":"-","UtcTime":"2024-10-11 06:57:50.480","ProcessGuid":"{53968da7-cc6e-6708-5c03-00000000fb00}","ProcessId":"8468","Image":"C:\\Program Files\\Mozilla Firefox\\firefox.exe","FileVersion":"131.0.2","Description":"Firefox","Product":"Firefox","Company":"Mozilla Corporation","OriginalFileName":"firefox.exe","CommandLine":"\"C:\\Program Files\\Mozilla Firefox\\firefox.exe\" -contentproc --channel=3152 -isForBrowser -prefsHandle 3144 -prefMapHandle 3140 -prefsLen 27591 -prefMapSize 263003 -jsInitHandle 1416 -jsInitLen 234840 -parentBuildID 20241008210941 -win32kLockedDown -appDir \"C:\\Program Files\\Mozilla Firefox\\browser\" - {d938eab2-d58e-4c18-82f0-9db15a19aaef} 7592 \"\\\\.\\pipe\\gecko-crash-server-pipe.7592\" 3 tab","CurrentDirectory":"C:\\Windows\\system32\\","User":"WIN10\\richard","LogonGuid":"{53968da7-b202-6708-c295-020000000000}","LogonId":"0x295c2","TerminalSessionId":"1","IntegrityLevel":"Low","Hashes":"MD5=571814A7939D001662BBA7760BD0B187,SHA256=9725AFC685C8EE135701E140A83B94FE7D958360A1F546215F7EAFDFF5E53A83,IMPHASH=BB4CE52E8306F88C0B1DA570553704E4","ParentProcessGuid":"{53968da7-cc6e-6708-5903-00000000fb00}","ParentProcessId":"7592","ParentImage":"C:\\Program Files\\Mozilla Firefox\\firefox.exe","ParentCommandLine":"\"C:\\Program Files\\Mozilla Firefox\\firefox.exe\" https://www.khanacademy.org","ParentUser":"WIN10\\richard"}}
{"LogSource":"Microsoft-Windows-Sysmon/Operational","EventId":1,"TimeCreated":"2024-10-10T23:57:50.7904534-07:00","RecordId":172645,"MachineName":"Win10","EventData":{"RuleName":"-","UtcTime":"2024-10-11 06:57:50.788","ProcessGuid":"{53968da7-cc6e-6708-5d03-00000000fb00}","ProcessId":"2332","Image":"C:\\Program Files\\Mozilla Firefox\\firefox.exe","FileVersion":"131.0.2","Description":"Firefox","Product":"Firefox","Company":"Mozilla Corporation","OriginalFileName":"firefox.exe","CommandLine":"\"C:\\Program Files\\Mozilla Firefox\\firefox.exe\" -contentproc --channel=4216 -isForBrowser -prefsHandle 4208 -prefMapHandle 4204 -prefsLen 36981 -prefMapSize 263003 -jsInitHandle 1416 -jsInitLen 234840 -parentBuildID 20241008210941 -win32kLockedDown -appDir \"C:\\Program Files\\Mozilla Firefox\\browser\" - {e1d6393d-1186-411f-8674-d33b7f3e28a1} 7592 \"\\\\.\\pipe\\gecko-crash-server-pipe.7592\" 4 tab","CurrentDirectory":"C:\\Windows\\system32\\","User":"WIN10\\richard","LogonGuid":"{53968da7-b202-6708-c295-020000000000}","LogonId":"0x295c2","TerminalSessionId":"1","IntegrityLevel":"Low","Hashes":"MD5=571814A7939D001662BBA7760BD0B187,SHA256=9725AFC685C8EE135701E140A83B94FE7D958360A1F546215F7EAFDFF5E53A83,IMPHASH=BB4CE52E8306F88C0B1DA570553704E4","ParentProcessGuid":"{53968da7-cc6e-6708-5903-00000000fb00}","ParentProcessId":"7592","ParentImage":"C:\\Program Files\\Mozilla Firefox\\firefox.exe","ParentCommandLine":"\"C:\\Program Files\\Mozilla Firefox\\firefox.exe\" https://www.khanacademy.org","ParentUser":"WIN10\\richard"}}
{"LogSource":"Microsoft-Windows-Sysmon/Operational","EventId":1,"TimeCreated":"2024-10-10T23:57:51.0312081-07:00","RecordId":172646,"MachineName":"Win10","EventData":{"RuleName":"-","UtcTime":"2024-10-11 06:57:51.028","ProcessGuid":"{53968da7-cc6f-6708-5e03-00000000fb00}","ProcessId":"4844","Image":"C:\\Program Files\\Mozilla Firefox\\firefox.exe","FileVersion":"131.0.2","Description":"Firefox","Product":"Firefox","Company":"Mozilla Corporation","OriginalFileName":"firefox.exe","CommandLine":"\"C:\\Program Files\\Mozilla Firefox\\firefox.exe\" -contentproc --channel=5044 -isForBrowser -prefsHandle 5096 -prefMapHandle 5100 -prefsLen 33534 -prefMapSize 263003 -jsInitHandle 1416 -jsInitLen 234840 -parentBuildID 20241008210941 -win32kLockedDown -appDir \"C:\\Program Files\\Mozilla Firefox\\browser\" - {3dc1ad59-b3b7-4119-8708-88e191b2f2ac} 7592 \"\\\\.\\pipe\\gecko-crash-server-pipe.7592\" 5 tab","CurrentDirectory":"C:\\Windows\\system32\\","User":"WIN10\\richard","LogonGuid":"{53968da7-b202-6708-c295-020000000000}","LogonId":"0x295c2","TerminalSessionId":"1","IntegrityLevel":"Low","Hashes":"MD5=571814A7939D001662BBA7760BD0B187,SHA256=9725AFC685C8EE135701E140A83B94FE7D958360A1F546215F7EAFDFF5E53A83,IMPHASH=BB4CE52E8306F88C0B1DA570553704E4","ParentProcessGuid":"{53968da7-cc6e-6708-5903-00000000fb00}","ParentProcessId":"7592","ParentImage":"C:\\Program Files\\Mozilla Firefox\\firefox.exe","ParentCommandLine":"\"C:\\Program Files\\Mozilla Firefox\\firefox.exe\" https://www.khanacademy.org","ParentUser":"WIN10\\richard"}}
{"LogSource":"Microsoft-Windows-Sysmon/Operational","EventId":1,"TimeCreated":"2024-10-10T23:57:51.2621400-07:00","RecordId":172647,"MachineName":"Win10","EventData":{"RuleName":"-","UtcTime":"2024-10-11 06:57:51.257","ProcessGuid":"{53968da7-cc6f-6708-5f03-00000000fb00}","ProcessId":"6256","Image":"C:\\Program Files\\Mozilla Firefox\\firefox.exe","FileVersion":"131.0.2","Description":"Firefox","Product":"Firefox","Company":"Mozilla Corporation","OriginalFileName":"firefox.exe","CommandLine":"\"C:\\Program Files\\Mozilla Firefox\\firefox.exe\" -contentproc --channel=5568 -parentBuildID 20241008210941 -sandboxingKind 0 -prefsHandle 5556 -prefMapHandle 5552 -prefsLen 37030 -prefMapSize 263003 -win32kLockedDown -appDir \"C:\\Program Files\\Mozilla Firefox\\browser\" - {37528e5c-e306-4bc8-84c2-eef2c96e93e3} 7592 \"\\\\.\\pipe\\gecko-crash-server-pipe.7592\" 6 utility","CurrentDirectory":"C:\\Windows\\system32\\","User":"WIN10\\richard","LogonGuid":"{53968da7-b202-6708-c295-020000000000}","LogonId":"0x295c2","TerminalSessionId":"1","IntegrityLevel":"Low","Hashes":"MD5=571814A7939D001662BBA7760BD0B187,SHA256=9725AFC685C8EE135701E140A83B94FE7D958360A1F546215F7EAFDFF5E53A83,IMPHASH=BB4CE52E8306F88C0B1DA570553704E4","ParentProcessGuid":"{53968da7-cc6e-6708-5903-00000000fb00}","ParentProcessId":"7592","ParentImage":"C:\\Program Files\\Mozilla Firefox\\firefox.exe","ParentCommandLine":"\"C:\\Program Files\\Mozilla Firefox\\firefox.exe\" https://www.khanacademy.org","ParentUser":"WIN10\\richard"}}
{"LogSource":"Microsoft-Windows-Sysmon/Operational","EventId":1,"TimeCreated":"2024-10-10T23:57:51.3203110-07:00","RecordId":172648,"MachineName":"Win10","EventData":{"RuleName":"-","UtcTime":"2024-10-11 06:57:51.318","ProcessGuid":"{53968da7-cc6f-6708-6003-00000000fb00}","ProcessId":"4260","Image":"C:\\Program Files\\Mozilla Firefox\\firefox.exe","FileVersion":"131.0.2","Description":"Firefox","Product":"Firefox","Company":"Mozilla Corporation","OriginalFileName":"firefox.exe","CommandLine":"\"C:\\Program Files\\Mozilla Firefox\\firefox.exe\" -contentproc --channel=5744 -isForBrowser -prefsHandle 5732 -prefMapHandle 5164 -prefsLen 37030 -prefMapSize 263003 -jsInitHandle 1416 -jsInitLen 234840 -parentBuildID 20241008210941 -win32kLockedDown -appDir \"C:\\Program Files\\Mozilla Firefox\\browser\" - {164f16f2-c92e-4eda-86de-6f464d4e870b} 7592 \"\\\\.\\pipe\\gecko-crash-server-pipe.7592\" 7 tab","CurrentDirectory":"C:\\Windows\\system32\\","User":"WIN10\\richard","LogonGuid":"{53968da7-b202-6708-c295-020000000000}","LogonId":"0x295c2","TerminalSessionId":"1","IntegrityLevel":"Low","Hashes":"MD5=571814A7939D001662BBA7760BD0B187,SHA256=9725AFC685C8EE135701E140A83B94FE7D958360A1F546215F7EAFDFF5E53A83,IMPHASH=BB4CE52E8306F88C0B1DA570553704E4","ParentProcessGuid":"{53968da7-cc6e-6708-5903-00000000fb00}","ParentProcessId":"7592","ParentImage":"C:\\Program Files\\Mozilla Firefox\\firefox.exe","ParentCommandLine":"\"C:\\Program Files\\Mozilla Firefox\\firefox.exe\" https://www.khanacademy.org","ParentUser":"WIN10\\richard"}}
{"LogSource":"Microsoft-Windows-Sysmon/Operational","EventId":1,"TimeCreated":"2024-10-10T23:57:51.4932630-07:00","RecordId":172650,"MachineName":"Win10","EventData":{"RuleName":"-","UtcTime":"2024-10-11 06:57:51.491","ProcessGuid":"{53968da7-cc6f-6708-6203-00000000fb00}","ProcessId":"2024","Image":"C:\\Program Files\\Mozilla Firefox\\firefox.exe","FileVersion":"131.0.2","Description":"Firefox","Product":"Firefox","Company":"Mozilla Corporation","OriginalFileName":"firefox.exe","CommandLine":"\"C:\\Program Files\\Mozilla Firefox\\firefox.exe\" -contentproc --channel=6376 -isForBrowser -prefsHandle 6356 -prefMapHandle 6368 -prefsLen 33583 -prefMapSize 263003 -jsInitHandle 1416 -jsInitLen 234840 -parentBuildID 20241008210941 -win32kLockedDown -appDir \"C:\\Program Files\\Mozilla Firefox\\browser\" - {09ac6934-5eda-4fd2-9256-65c3afdd88fa} 7592 \"\\\\.\\pipe\\gecko-crash-server-pipe.7592\" 9 tab","CurrentDirectory":"C:\\Windows\\system32\\","User":"WIN10\\richard","LogonGuid":"{53968da7-b202-6708-c295-020000000000}","LogonId":"0x295c2","TerminalSessionId":"1","IntegrityLevel":"Low","Hashes":"MD5=571814A7939D001662BBA7760BD0B187,SHA256=9725AFC685C8EE135701E140A83B94FE7D958360A1F546215F7EAFDFF5E53A83,IMPHASH=BB4CE52E8306F88C0B1DA570553704E4","ParentProcessGuid":"{53968da7-cc6e-6708-5903-00000000fb00}","ParentProcessId":"7592","ParentImage":"C:\\Program Files\\Mozilla Firefox\\firefox.exe","ParentCommandLine":"\"C:\\Program Files\\Mozilla Firefox\\firefox.exe\" https://www.khanacademy.org","ParentUser":"WIN10\\richard"}}
{"LogSource":"Microsoft-Windows-Sysmon/Operational","EventId":1,"TimeCreated":"2024-10-10T23:57:51.5070205-07:00","RecordId":172651,"MachineName":"Win10","EventData":{"RuleName":"-","UtcTime":"2024-10-11 06:57:51.498","ProcessGuid":"{53968da7-cc6f-6708-6303-00000000fb00}","ProcessId":"1964","Image":"C:\\Program Files\\Mozilla Firefox\\firefox.exe","FileVersion":"131.0.2","Description":"Firefox","Product":"Firefox","Company":"Mozilla Corporation","OriginalFileName":"firefox.exe","CommandLine":"\"C:\\Program Files\\Mozilla Firefox\\firefox.exe\" -contentproc --channel=6596 -isForBrowser -prefsHandle 6588 -prefMapHandle 6600 -prefsLen 33583 -prefMapSize 263003 -jsInitHandle 1416 -jsInitLen 234840 -parentBuildID 20241008210941 -win32kLockedDown -appDir \"C:\\Program Files\\Mozilla Firefox\\browser\" - {df73072a-3cd7-43c7-863b-94371124485c} 7592 \"\\\\.\\pipe\\gecko-crash-server-pipe.7592\" 10 tab","CurrentDirectory":"C:\\Windows\\system32\\","User":"WIN10\\richard","LogonGuid":"{53968da7-b202-6708-c295-020000000000}","LogonId":"0x295c2","TerminalSessionId":"1","IntegrityLevel":"Low","Hashes":"MD5=571814A7939D001662BBA7760BD0B187,SHA256=9725AFC685C8EE135701E140A83B94FE7D958360A1F546215F7EAFDFF5E53A83,IMPHASH=BB4CE52E8306F88C0B1DA570553704E4","ParentProcessGuid":"{53968da7-cc6e-6708-5903-00000000fb00}","ParentProcessId":"7592","ParentImage":"C:\\Program Files\\Mozilla Firefox\\firefox.exe","ParentCommandLine":"\"C:\\Program Files\\Mozilla Firefox\\firefox.exe\" https://www.khanacademy.org","ParentUser":"WIN10\\richard"}}
{"LogSource":"Microsoft-Windows-Sysmon/Operational","EventId":22,"TimeCreated":"2024-10-10T23:57:51.6742782-07:00","RecordId":172652,"MachineName":"Win10","EventData":{"RuleName":"-","UtcTime":"2024-10-11 06:57:49.418","ProcessGuid":"{53968da7-cc6e-6708-5903-00000000fb00}","ProcessId":"7592","QueryName":"detectportal.firefox.com","QueryStatus":"0","QueryResults":"type:  5 detectportal.prod.mozaws.net;type:  5 prod.detectportal.prod.cloudops.mozgcp.net;2600:1901:0:38d7::;::ffff:34.107.221.82;","Image":"C:\\Program Files\\Mozilla Firefox\\firefox.exe","User":"WIN10\\richard"}}
{"LogSource":"Microsoft-Windows-Sysmon/Operational","EventId":1,"TimeCreated":"2024-10-10T23:57:51.4862732-07:00","RecordId":172649,"MachineName":"Win10","EventData":{"RuleName":"-","UtcTime":"2024-10-11 06:57:51.482","ProcessGuid":"{53968da7-cc6f-6708-6103-00000000fb00}","ProcessId":"6228","Image":"C:\\Program Files\\Mozilla Firefox\\firefox.exe","FileVersion":"131.0.2","Description":"Firefox","Product":"Firefox","Company":"Mozilla Corporation","OriginalFileName":"firefox.exe","CommandLine":"\"C:\\Program Files\\Mozilla Firefox\\firefox.exe\" -contentproc --channel=6304 -isForBrowser -prefsHandle 6284 -prefMapHandle 6292 -prefsLen 33583 -prefMapSize 263003 -jsInitHandle 1416 -jsInitLen 234840 -parentBuildID 20241008210941 -win32kLockedDown -appDir \"C:\\Program Files\\Mozilla Firefox\\browser\" - {ac9ea436-b7b7-4161-8684-a7d08c35e6d2} 7592 \"\\\\.\\pipe\\gecko-crash-server-pipe.7592\" 8 tab","CurrentDirectory":"C:\\Windows\\system32\\","User":"WIN10\\richard","LogonGuid":"{53968da7-b202-6708-c295-020000000000}","LogonId":"0x295c2","TerminalSessionId":"1","IntegrityLevel":"Low","Hashes":"MD5=571814A7939D001662BBA7760BD0B187,SHA256=9725AFC685C8EE135701E140A83B94FE7D958360A1F546215F7EAFDFF5E53A83,IMPHASH=BB4CE52E8306F88C0B1DA570553704E4","ParentProcessGuid":"{53968da7-cc6e-6708-5903-00000000fb00}","ParentProcessId":"7592","ParentImage":"C:\\Program Files\\Mozilla Firefox\\firefox.exe","ParentCommandLine":"\"C:\\Program Files\\Mozilla Firefox\\firefox.exe\" https://www.khanacademy.org","ParentUser":"WIN10\\richard"}}
{"LogSource":"Microsoft-Windows-Sysmon/Operational","EventId":22,"TimeCreated":"2024-10-10T23:57:51.6754627-07:00","RecordId":172653,"MachineName":"Win10","EventData":{"RuleName":"-","UtcTime":"2024-10-11 06:57:49.421","ProcessGuid":"{53968da7-cc6e-6708-5903-00000000fb00}","ProcessId":"7592","QueryName":"detectportal.firefox.com","QueryStatus":"0","QueryResults":"type:  5 detectportal.prod.mozaws.net;type:  5 prod.detectportal.prod.cloudops.mozgcp.net;2600:1901:0:38d7::;::ffff:34.107.221.82;","Image":"C:\\Program Files\\Mozilla Firefox\\firefox.exe","User":"WIN10\\richard"}}
{"LogSource":"Microsoft-Windows-Sysmon/Operational","EventId":22,"TimeCreated":"2024-10-10T23:57:51.6778993-07:00","RecordId":172655,"MachineName":"Win10","EventData":{"RuleName":"-","UtcTime":"2024-10-11 06:57:49.421","ProcessGuid":"{53968da7-cc6e-6708-5903-00000000fb00}","ProcessId":"7592","QueryName":"prod.detectportal.prod.cloudops.mozgcp.net","QueryStatus":"0","QueryResults":"2600:1901:0:38d7::;","Image":"C:\\Program Files\\Mozilla Firefox\\firefox.exe","User":"WIN10\\richard"}}
{"LogSource":"Microsoft-Windows-Sysmon/Operational","EventId":22,"TimeCreated":"2024-10-10T23:57:51.6766645-07:00","RecordId":172654,"MachineName":"Win10","EventData":{"RuleName":"-","UtcTime":"2024-10-11 06:57:49.421","ProcessGuid":"{53968da7-cc6e-6708-5903-00000000fb00}","ProcessId":"7592","QueryName":"prod.detectportal.prod.cloudops.mozgcp.net","QueryStatus":"0","QueryResults":"34.107.221.82;","Image":"C:\\Program Files\\Mozilla Firefox\\firefox.exe","User":"WIN10\\richard"}}
{"LogSource":"Microsoft-Windows-Sysmon/Operational","EventId":22,"TimeCreated":"2024-10-10T23:57:51.6790901-07:00","RecordId":172656,"MachineName":"Win10","EventData":{"RuleName":"-","UtcTime":"2024-10-11 06:57:49.454","ProcessGuid":"{53968da7-cc6e-6708-5903-00000000fb00}","ProcessId":"7592","QueryName":"private.canadianshield.cira.ca","QueryStatus":"0","QueryResults":"2620:10a:80bb::10;2620:10a:80bc::10;::ffff:149.112.122.10;::ffff:149.112.121.10;","Image":"C:\\Program Files\\Mozilla Firefox\\firefox.exe","User":"WIN10\\richard"}}
{"LogSource":"Microsoft-Windows-Sysmon/Operational","EventId":22,"TimeCreated":"2024-10-10T23:57:51.6802544-07:00","RecordId":172657,"MachineName":"Win10","EventData":{"RuleName":"-","UtcTime":"2024-10-11 06:57:49.454","ProcessGuid":"{53968da7-cc6e-6708-5903-00000000fb00}","ProcessId":"7592","QueryName":"private.canadianshield.cira.ca","QueryStatus":"0","QueryResults":"2620:10a:80bb::10;2620:10a:80bc::10;::ffff:149.112.122.10;::ffff:149.112.121.10;","Image":"C:\\Program Files\\Mozilla Firefox\\firefox.exe","User":"WIN10\\richard"}}
{"LogSource":"Microsoft-Windows-Sysmon/Operational","EventId":22,"TimeCreated":"2024-10-10T23:57:51.6814211-07:00","RecordId":172658,"MachineName":"Win10","EventData":{"RuleName":"-","UtcTime":"2024-10-11 06:57:49.454","ProcessGuid":"{53968da7-cc6e-6708-5903-00000000fb00}","ProcessId":"7592","QueryName":"private.canadianshield.cira.ca","QueryStatus":"0","QueryResults":"149.112.121.10;149.112.122.10;","Image":"C:\\Program Files\\Mozilla Firefox\\firefox.exe","User":"WIN10\\richard"}}
{"LogSource":"Microsoft-Windows-Sysmon/Operational","EventId":22,"TimeCreated":"2024-10-10T23:57:51.6825719-07:00","RecordId":172659,"MachineName":"Win10","EventData":{"RuleName":"-","UtcTime":"2024-10-11 06:57:49.454","ProcessGuid":"{53968da7-cc6e-6708-5903-00000000fb00}","ProcessId":"7592","QueryName":"private.canadianshield.cira.ca","QueryStatus":"0","QueryResults":"2620:10a:80bc::10;2620:10a:80bb::10;","Image":"C:\\Program Files\\Mozilla Firefox\\firefox.exe","User":"WIN10\\richard"}}
{"LogSource":"Microsoft-Windows-Sysmon/Operational","EventId":22,"TimeCreated":"2024-10-10T23:57:51.6837262-07:00","RecordId":172660,"MachineName":"Win10","EventData":{"RuleName":"-","UtcTime":"2024-10-11 06:57:49.459","ProcessGuid":"{53968da7-cc6e-6708-5903-00000000fb00}","ProcessId":"7592","QueryName":"example.org","QueryStatus":"0","QueryResults":"93.184.215.14;","Image":"C:\\Program Files\\Mozilla Firefox\\firefox.exe","User":"WIN10\\richard"}}
{"LogSource":"Microsoft-Windows-Sysmon/Operational","EventId":22,"TimeCreated":"2024-10-10T23:57:51.6848841-07:00","RecordId":172661,"MachineName":"Win10","EventData":{"RuleName":"-","UtcTime":"2024-10-11 06:57:49.459","ProcessGuid":"{53968da7-cc6e-6708-5903-00000000fb00}","ProcessId":"7592","QueryName":"example.org","QueryStatus":"0","QueryResults":"2606:2800:21f:cb07:6820:80da:af6b:8b2c;::ffff:93.184.215.14;","Image":"C:\\Program Files\\Mozilla Firefox\\firefox.exe","User":"WIN10\\richard"}}
{"LogSource":"Microsoft-Windows-Sysmon/Operational","EventId":22,"TimeCreated":"2024-10-10T23:57:51.6860721-07:00","RecordId":172662,"MachineName":"Win10","EventData":{"RuleName":"-","UtcTime":"2024-10-11 06:57:49.459","ProcessGuid":"{53968da7-cc6e-6708-5903-00000000fb00}","ProcessId":"7592","QueryName":"example.org","QueryStatus":"0","QueryResults":"2606:2800:21f:cb07:6820:80da:af6b:8b2c;::ffff:93.184.215.14;","Image":"C:\\Program Files\\Mozilla Firefox\\firefox.exe","User":"WIN10\\richard"}}
{"LogSource":"Microsoft-Windows-Sysmon/Operational","EventId":22,"TimeCreated":"2024-10-10T23:57:51.6872564-07:00","RecordId":172663,"MachineName":"Win10","EventData":{"RuleName":"-","UtcTime":"2024-10-11 06:57:49.459","ProcessGuid":"{53968da7-cc6e-6708-5903-00000000fb00}","ProcessId":"7592","QueryName":"example.org","QueryStatus":"0","QueryResults":"2606:2800:21f:cb07:6820:80da:af6b:8b2c;","Image":"C:\\Program Files\\Mozilla Firefox\\firefox.exe","User":"WIN10\\richard"}}
{"LogSource":"Microsoft-Windows-Sysmon/Operational","EventId":22,"TimeCreated":"2024-10-10T23:57:51.6884170-07:00","RecordId":172664,"MachineName":"Win10","EventData":{"RuleName":"-","UtcTime":"2024-10-11 06:57:49.459","ProcessGuid":"{53968da7-cc6e-6708-5903-00000000fb00}","ProcessId":"7592","QueryName":"example.org","QueryStatus":"0","QueryResults":"93.184.215.14;","Image":"C:\\Program Files\\Mozilla Firefox\\firefox.exe","User":"WIN10\\richard"}}
{"LogSource":"Microsoft-Windows-Sysmon/Operational","EventId":22,"TimeCreated":"2024-10-10T23:57:51.6896520-07:00","RecordId":172665,"MachineName":"Win10","EventData":{"RuleName":"-","UtcTime":"2024-10-11 06:57:49.459","ProcessGuid":"{53968da7-cc6e-6708-5903-00000000fb00}","ProcessId":"7592","QueryName":"example.org","QueryStatus":"0","QueryResults":"93.184.215.14;","Image":"C:\\Program Files\\Mozilla Firefox\\firefox.exe","User":"WIN10\\richard"}}
{"LogSource":"Microsoft-Windows-Sysmon/Operational","EventId":22,"TimeCreated":"2024-10-10T23:57:51.6909093-07:00","RecordId":172666,"MachineName":"Win10","EventData":{"RuleName":"-","UtcTime":"2024-10-11 06:57:49.601","ProcessGuid":"{53968da7-cc6e-6708-5903-00000000fb00}","ProcessId":"7592","QueryName":"google.com.","QueryStatus":"0","QueryResults":"142.251.33.110;","Image":"C:\\Program Files\\Mozilla Firefox\\firefox.exe","User":"WIN10\\richard"}}
{"LogSource":"Microsoft-Windows-Sysmon/Operational","EventId":22,"TimeCreated":"2024-10-10T23:57:51.6920739-07:00","RecordId":172667,"MachineName":"Win10","EventData":{"RuleName":"-","UtcTime":"2024-10-11 06:57:49.601","ProcessGuid":"{53968da7-cc6e-6708-5903-00000000fb00}","ProcessId":"7592","QueryName":"www.google.com.","QueryStatus":"0","QueryResults":"142.251.215.228;","Image":"C:\\Program Files\\Mozilla Firefox\\firefox.exe","User":"WIN10\\richard"}}
{"LogSource":"Microsoft-Windows-Sysmon/Operational","EventId":22,"TimeCreated":"2024-10-10T23:57:51.6933415-07:00","RecordId":172668,"MachineName":"Win10","EventData":{"RuleName":"-","UtcTime":"2024-10-11 06:57:49.601","ProcessGuid":"{53968da7-cc6e-6708-5903-00000000fb00}","ProcessId":"7592","QueryName":"forcesafesearch.google.com.","QueryStatus":"0","QueryResults":"216.239.38.120;","Image":"C:\\Program Files\\Mozilla Firefox\\firefox.exe","User":"WIN10\\richard"}}
{"LogSource":"Microsoft-Windows-Sysmon/Operational","EventId":22,"TimeCreated":"2024-10-10T23:57:51.6945016-07:00","RecordId":172669,"MachineName":"Win10","EventData":{"RuleName":"-","UtcTime":"2024-10-11 06:57:49.601","ProcessGuid":"{53968da7-cc6e-6708-5903-00000000fb00}","ProcessId":"7592","QueryName":"forcesafesearch.google.com.","QueryStatus":"0","QueryResults":"216.239.38.120;","Image":"C:\\Program Files\\Mozilla Firefox\\firefox.exe","User":"WIN10\\richard"}}
{"LogSource":"Microsoft-Windows-Sysmon/Operational","EventId":22,"TimeCreated":"2024-10-10T23:57:51.6956539-07:00","RecordId":172670,"MachineName":"Win10","EventData":{"RuleName":"-","UtcTime":"2024-10-11 06:57:49.601","ProcessGuid":"{53968da7-cc6e-6708-5903-00000000fb00}","ProcessId":"7592","QueryName":"google.com.","QueryStatus":"0","QueryResults":"142.251.33.110;","Image":"C:\\Program Files\\Mozilla Firefox\\firefox.exe","User":"WIN10\\richard"}}
{"LogSource":"Microsoft-Windows-Sysmon/Operational","EventId":22,"TimeCreated":"2024-10-10T23:57:51.6968019-07:00","RecordId":172671,"MachineName":"Win10","EventData":{"RuleName":"-","UtcTime":"2024-10-11 06:57:49.601","ProcessGuid":"{53968da7-cc6e-6708-5903-00000000fb00}","ProcessId":"7592","QueryName":"www.google.com.","QueryStatus":"0","QueryResults":"142.251.215.228;","Image":"C:\\Program Files\\Mozilla Firefox\\firefox.exe","User":"WIN10\\richard"}}
{"LogSource":"Microsoft-Windows-Sysmon/Operational","EventId":22,"TimeCreated":"2024-10-10T23:57:51.6979387-07:00","RecordId":172672,"MachineName":"Win10","EventData":{"RuleName":"-","UtcTime":"2024-10-11 06:57:49.601","ProcessGuid":"{53968da7-cc6e-6708-5903-00000000fb00}","ProcessId":"7592","QueryName":"www.youtube.com.","QueryStatus":"0","QueryResults":"type:  5 youtube-ui.l.google.com;142.250.217.78;142.250.217.110;142.251.215.238;142.250.69.206;142.251.33.110;142.251.211.238;142.251.33.78;","Image":"C:\\Program Files\\Mozilla Firefox\\firefox.exe","User":"WIN10\\richard"}}
{"LogSource":"Microsoft-Windows-Sysmon/Operational","EventId":22,"TimeCreated":"2024-10-10T23:57:51.6990389-07:00","RecordId":172673,"MachineName":"Win10","EventData":{"RuleName":"-","UtcTime":"2024-10-11 06:57:49.601","ProcessGuid":"{53968da7-cc6e-6708-5903-00000000fb00}","ProcessId":"7592","QueryName":"google.com","QueryStatus":"0","QueryResults":"142.251.33.110;","Image":"C:\\Program Files\\Mozilla Firefox\\firefox.exe","User":"WIN10\\richard"}}
{"LogSource":"Microsoft-Windows-Sysmon/Operational","EventId":22,"TimeCreated":"2024-10-10T23:57:51.7002287-07:00","RecordId":172674,"MachineName":"Win10","EventData":{"RuleName":"-","UtcTime":"2024-10-11 06:57:49.601","ProcessGuid":"{53968da7-cc6e-6708-5903-00000000fb00}","ProcessId":"7592","QueryName":"forcesafesearch.google.com","QueryStatus":"0","QueryResults":"216.239.38.120;","Image":"C:\\Program Files\\Mozilla Firefox\\firefox.exe","User":"WIN10\\richard"}}
{"LogSource":"Microsoft-Windows-Sysmon/Operational","EventId":22,"TimeCreated":"2024-10-10T23:57:51.7013730-07:00","RecordId":172675,"MachineName":"Win10","EventData":{"RuleName":"-","UtcTime":"2024-10-11 06:57:49.601","ProcessGuid":"{53968da7-cc6e-6708-5903-00000000fb00}","ProcessId":"7592","QueryName":"www.google.com","QueryStatus":"0","QueryResults":"142.251.215.228;","Image":"C:\\Program Files\\Mozilla Firefox\\firefox.exe","User":"WIN10\\richard"}}
{"LogSource":"Microsoft-Windows-Sysmon/Operational","EventId":22,"TimeCreated":"2024-10-10T23:57:51.7025676-07:00","RecordId":172676,"MachineName":"Win10","EventData":{"RuleName":"-","UtcTime":"2024-10-11 06:57:49.601","ProcessGuid":"{53968da7-cc6e-6708-5903-00000000fb00}","ProcessId":"7592","QueryName":"m.youtube.com.","QueryStatus":"0","QueryResults":"142.250.69.206;","Image":"C:\\Program Files\\Mozilla Firefox\\firefox.exe","User":"WIN10\\richard"}}
{"LogSource":"Microsoft-Windows-Sysmon/Operational","EventId":22,"TimeCreated":"2024-10-10T23:57:51.7037137-07:00","RecordId":172677,"MachineName":"Win10","EventData":{"RuleName":"-","UtcTime":"2024-10-11 06:57:49.601","ProcessGuid":"{53968da7-cc6e-6708-5903-00000000fb00}","ProcessId":"7592","QueryName":"youtubei.googleapis.com.","QueryStatus":"0","QueryResults":"142.250.217.74;142.250.217.106;142.251.215.234;172.217.14.202;172.217.14.234;142.250.69.202;142.251.33.106;142.251.211.234;142.251.33.74;","Image":"C:\\Program Files\\Mozilla Firefox\\firefox.exe","User":"WIN10\\richard"}}
{"LogSource":"Microsoft-Windows-Sysmon/Operational","EventId":22,"TimeCreated":"2024-10-10T23:57:51.7060885-07:00","RecordId":172679,"MachineName":"Win10","EventData":{"RuleName":"-","UtcTime":"2024-10-11 06:57:49.602","ProcessGuid":"{53968da7-cc6e-6708-5903-00000000fb00}","ProcessId":"7592","QueryName":"www.youtube-nocookie.com.","QueryStatus":"0","QueryResults":"type:  5 youtube-ui.l.google.com;142.251.215.238;172.217.14.238;142.250.69.206;142.251.33.110;142.251.211.238;142.251.33.78;142.250.217.78;142.250.217.110;","Image":"C:\\Program Files\\Mozilla Firefox\\firefox.exe","User":"WIN10\\richard"}}
{"LogSource":"Microsoft-Windows-Sysmon/Operational","EventId":22,"TimeCreated":"2024-10-10T23:57:51.7049859-07:00","RecordId":172678,"MachineName":"Win10","EventData":{"RuleName":"-","UtcTime":"2024-10-11 06:57:49.602","ProcessGuid":"{53968da7-cc6e-6708-5903-00000000fb00}","ProcessId":"7592","QueryName":"www.youtube.com.","QueryStatus":"0","QueryResults":"type:  5 youtube-ui.l.google.com;142.250.217.78;142.250.217.110;142.251.215.238;142.250.69.206;142.251.33.110;142.251.211.238;142.251.33.78;","Image":"C:\\Program Files\\Mozilla Firefox\\firefox.exe","User":"WIN10\\richard"}}
{"LogSource":"Microsoft-Windows-Sysmon/Operational","EventId":22,"TimeCreated":"2024-10-10T23:57:51.7071943-07:00","RecordId":172680,"MachineName":"Win10","EventData":{"RuleName":"-","UtcTime":"2024-10-11 06:57:49.602","ProcessGuid":"{53968da7-cc6e-6708-5903-00000000fb00}","ProcessId":"7592","QueryName":"m.youtube.com.","QueryStatus":"0","QueryResults":"142.250.69.206;","Image":"C:\\Program Files\\Mozilla Firefox\\firefox.exe","User":"WIN10\\richard"}}
{"LogSource":"Microsoft-Windows-Sysmon/Operational","EventId":22,"TimeCreated":"2024-10-10T23:57:51.7083021-07:00","RecordId":172681,"MachineName":"Win10","EventData":{"RuleName":"-","UtcTime":"2024-10-11 06:57:49.602","ProcessGuid":"{53968da7-cc6e-6708-5903-00000000fb00}","ProcessId":"7592","QueryName":"restrict.youtube.com.","QueryStatus":"0","QueryResults":"216.239.38.120;","Image":"C:\\Program Files\\Mozilla Firefox\\firefox.exe","User":"WIN10\\richard"}}
{"LogSource":"Microsoft-Windows-Sysmon/Operational","EventId":22,"TimeCreated":"2024-10-10T23:57:51.7094125-07:00","RecordId":172682,"MachineName":"Win10","EventData":{"RuleName":"-","UtcTime":"2024-10-11 06:57:49.602","ProcessGuid":"{53968da7-cc6e-6708-5903-00000000fb00}","ProcessId":"7592","QueryName":"youtube-ui.l.google.com","QueryStatus":"0","QueryResults":"142.250.217.110;142.251.215.238;172.217.14.238;142.250.69.206;142.251.33.110;142.251.211.238;142.251.33.78;142.250.217.78;","Image":"C:\\Program Files\\Mozilla Firefox\\firefox.exe","User":"WIN10\\richard"}}
{"LogSource":"Microsoft-Windows-Sysmon/Operational","EventId":22,"TimeCreated":"2024-10-10T23:57:51.7105221-07:00","RecordId":172683,"MachineName":"Win10","EventData":{"RuleName":"-","UtcTime":"2024-10-11 06:57:49.602","ProcessGuid":"{53968da7-cc6e-6708-5903-00000000fb00}","ProcessId":"7592","QueryName":"restrictmoderate.youtube.com.","QueryStatus":"0","QueryResults":"216.239.38.119;","Image":"C:\\Program Files\\Mozilla Firefox\\firefox.exe","User":"WIN10\\richard"}}
{"LogSource":"Microsoft-Windows-Sysmon/Operational","EventId":22,"TimeCreated":"2024-10-10T23:57:51.7116685-07:00","RecordId":172684,"MachineName":"Win10","EventData":{"RuleName":"-","UtcTime":"2024-10-11 06:57:49.602","ProcessGuid":"{53968da7-cc6e-6708-5903-00000000fb00}","ProcessId":"7592","QueryName":"m.youtube.com","QueryStatus":"0","QueryResults":"142.250.69.206;","Image":"C:\\Program Files\\Mozilla Firefox\\firefox.exe","User":"WIN10\\richard"}}
{"LogSource":"Microsoft-Windows-Sysmon/Operational","EventId":22,"TimeCreated":"2024-10-10T23:57:51.7128483-07:00","RecordId":172685,"MachineName":"Win10","EventData":{"RuleName":"-","UtcTime":"2024-10-11 06:57:49.602","ProcessGuid":"{53968da7-cc6e-6708-5903-00000000fb00}","ProcessId":"7592","QueryName":"sitereview.zscaler.com.","QueryStatus":"0","QueryResults":"104.129.193.93;","Image":"C:\\Program Files\\Mozilla Firefox\\firefox.exe","User":"WIN10\\richard"}}
{"LogSource":"Microsoft-Windows-Sysmon/Operational","EventId":22,"TimeCreated":"2024-10-10T23:57:51.7139638-07:00","RecordId":172686,"MachineName":"Win10","EventData":{"RuleName":"-","UtcTime":"2024-10-11 06:57:49.603","ProcessGuid":"{53968da7-cc6e-6708-5903-00000000fb00}","ProcessId":"7592","QueryName":"youtubei.googleapis.com.","QueryStatus":"0","QueryResults":"142.250.217.74;142.250.217.106;142.251.215.234;172.217.14.202;172.217.14.234;142.250.69.202;142.251.33.106;142.251.211.234;142.251.33.74;","Image":"C:\\Program Files\\Mozilla Firefox\\firefox.exe","User":"WIN10\\richard"}}
{"LogSource":"Microsoft-Windows-Sysmon/Operational","EventId":22,"TimeCreated":"2024-10-10T23:57:51.7152922-07:00","RecordId":172687,"MachineName":"Win10","EventData":{"RuleName":"-","UtcTime":"2024-10-11 06:57:49.603","ProcessGuid":"{53968da7-cc6e-6708-5903-00000000fb00}","ProcessId":"7592","QueryName":"restrict.youtube.com.","QueryStatus":"0","QueryResults":"216.239.38.120;","Image":"C:\\Program Files\\Mozilla Firefox\\firefox.exe","User":"WIN10\\richard"}}
{"LogSource":"Microsoft-Windows-Sysmon/Operational","EventId":22,"TimeCreated":"2024-10-10T23:57:51.7164300-07:00","RecordId":172688,"MachineName":"Win10","EventData":{"RuleName":"-","UtcTime":"2024-10-11 06:57:49.603","ProcessGuid":"{53968da7-cc6e-6708-5903-00000000fb00}","ProcessId":"7592","QueryName":"www.youtube-nocookie.com.","QueryStatus":"0","QueryResults":"type:  5 youtube-ui.l.google.com;142.251.215.238;172.217.14.238;142.250.69.206;142.251.33.110;142.251.211.238;142.251.33.78;142.250.217.78;142.250.217.110;","Image":"C:\\Program Files\\Mozilla Firefox\\firefox.exe","User":"WIN10\\richard"}}
{"LogSource":"Microsoft-Windows-Sysmon/Operational","EventId":22,"TimeCreated":"2024-10-10T23:57:51.7175714-07:00","RecordId":172689,"MachineName":"Win10","EventData":{"RuleName":"-","UtcTime":"2024-10-11 06:57:49.603","ProcessGuid":"{53968da7-cc6e-6708-5903-00000000fb00}","ProcessId":"7592","QueryName":"restrictmoderate.youtube.com.","QueryStatus":"0","QueryResults":"216.239.38.119;","Image":"C:\\Program Files\\Mozilla Firefox\\firefox.exe","User":"WIN10\\richard"}}
{"LogSource":"Microsoft-Windows-Sysmon/Operational","EventId":22,"TimeCreated":"2024-10-10T23:57:51.7187236-07:00","RecordId":172690,"MachineName":"Win10","EventData":{"RuleName":"-","UtcTime":"2024-10-11 06:57:49.603","ProcessGuid":"{53968da7-cc6e-6708-5903-00000000fb00}","ProcessId":"7592","QueryName":"sitereview.zscaler.com.","QueryStatus":"0","QueryResults":"104.129.193.93;","Image":"C:\\Program Files\\Mozilla Firefox\\firefox.exe","User":"WIN10\\richard"}}
{"LogSource":"Microsoft-Windows-Sysmon/Operational","EventId":22,"TimeCreated":"2024-10-10T23:57:51.7199826-07:00","RecordId":172691,"MachineName":"Win10","EventData":{"RuleName":"-","UtcTime":"2024-10-11 06:57:49.603","ProcessGuid":"{53968da7-cc6e-6708-5903-00000000fb00}","ProcessId":"7592","QueryName":"youtubei.googleapis.com","QueryStatus":"0","QueryResults":"142.250.217.74;142.250.217.106;142.251.215.234;172.217.14.202;172.217.14.234;142.250.69.202;142.251.33.106;142.251.211.234;142.251.33.74;","Image":"C:\\Program Files\\Mozilla Firefox\\firefox.exe","User":"WIN10\\richard"}}
{"LogSource":"Microsoft-Windows-Sysmon/Operational","EventId":22,"TimeCreated":"2024-10-10T23:57:51.7234775-07:00","RecordId":172694,"MachineName":"Win10","EventData":{"RuleName":"-","UtcTime":"2024-10-11 06:57:49.603","ProcessGuid":"{53968da7-cc6e-6708-5903-00000000fb00}","ProcessId":"7592","QueryName":"restrictmoderate.youtube.com","QueryStatus":"0","QueryResults":"216.239.38.119;","Image":"C:\\Program Files\\Mozilla Firefox\\firefox.exe","User":"WIN10\\richard"}}
{"LogSource":"Microsoft-Windows-Sysmon/Operational","EventId":22,"TimeCreated":"2024-10-10T23:57:51.7211501-07:00","RecordId":172692,"MachineName":"Win10","EventData":{"RuleName":"-","UtcTime":"2024-10-11 06:57:49.603","ProcessGuid":"{53968da7-cc6e-6708-5903-00000000fb00}","ProcessId":"7592","QueryName":"restrict.youtube.com","QueryStatus":"0","QueryResults":"216.239.38.120;","Image":"C:\\Program Files\\Mozilla Firefox\\firefox.exe","User":"WIN10\\richard"}}
{"LogSource":"Microsoft-Windows-Sysmon/Operational","EventId":22,"TimeCreated":"2024-10-10T23:57:51.7246395-07:00","RecordId":172695,"MachineName":"Win10","EventData":{"RuleName":"-","UtcTime":"2024-10-11 06:57:49.603","ProcessGuid":"{53968da7-cc6e-6708-5903-00000000fb00}","ProcessId":"7592","QueryName":"sitereview.zscaler.com","QueryStatus":"0","QueryResults":"104.129.193.93;","Image":"C:\\Program Files\\Mozilla Firefox\\firefox.exe","User":"WIN10\\richard"}}
{"LogSource":"Microsoft-Windows-Sysmon/Operational","EventId":22,"TimeCreated":"2024-10-10T23:57:51.7223105-07:00","RecordId":172693,"MachineName":"Win10","EventData":{"RuleName":"-","UtcTime":"2024-10-11 06:57:49.603","ProcessGuid":"{53968da7-cc6e-6708-5903-00000000fb00}","ProcessId":"7592","QueryName":"youtube-ui.l.google.com","QueryStatus":"0","QueryResults":"142.250.217.110;142.251.215.238;172.217.14.238;142.250.69.206;142.251.33.110;142.251.211.238;142.251.33.78;142.250.217.78;","Image":"C:\\Program Files\\Mozilla Firefox\\firefox.exe","User":"WIN10\\richard"}}
