{"LogSource":"Microsoft-Windows-Sysmon/Operational","EventId":1,"TimeCreated":"2024-10-10T22:08:05.4749403-07:00","RecordId":171257,"MachineName":"Win10","EventData":{"RuleName":"-","UtcTime":"2024-10-11 05:08:05.470","ProcessGuid":"{53968da7-b2b5-6708-ca00-00000000fb00}","ProcessId":"2788","Image":"C:\\Windows\\System32\\sc.exe","FileVersion":"10.0.19041.1 (WinBuild.160101.0800)","Description":"Service Control Manager Configuration Tool","Product":"Microsoft® Windows® Operating System","Company":"Microsoft Corporation","OriginalFileName":"sc.exe","CommandLine":"\"C:\\Windows\\system32\\sc.exe\" start pushtoinstall registration","CurrentDirectory":"C:\\Windows\\system32\\","User":"NT AUTHORITY\\SYSTEM","LogonGuid":"{53968da7-b200-6708-e703-000000000000}","LogonId":"0x3e7","TerminalSessionId":"0","IntegrityLevel":"System","Hashes":"MD5=3FB5CF71F7E7EB49790CB0E663434D80,SHA256=41F067C3A11B02FE39947F9EBA68AE5C7CB5BD1872A6009A4CD1506554A9ABA9,IMPHASH=803254E010814E69947095A2725B2AFD","ParentProcessGuid":"{53968da7-b200-6708-1100-00000000fb00}","ParentProcessId":"492","ParentImage":"C:\\Windows\\System32\\svchost.exe","ParentCommandLine":"C:\\Windows\\system32\\svchost.exe -k netsvcs -p","ParentUser":"NT AUTHORITY\\SYSTEM"}}
{"LogSource":"Microsoft-Windows-Sysmon/Operational","EventId":1,"TimeCreated":"2024-10-10T22:08:05.4818378-07:00","RecordId":171259,"MachineName":"Win10","EventData":{"RuleName":"-","UtcTime":"2024-10-11 05:08:05.470","ProcessGuid":"{53968da7-b2b5-6708-cb00-00000000fb00}","ProcessId":"2824","Image":"C:\\Program Files\\Mozilla Firefox\\firefox.exe","FileVersion":"131.0.2","Description":"Firefox","Product":"Firefox","Company":"Mozilla Corporation","OriginalFileName":"firefox.exe","CommandLine":"\"C:\\Program Files\\Mozilla Firefox\\firefox.exe\" --MOZ_LOG sync,prependheader,timestamp,append,maxsize:1,Dump:5 --MOZ_LOG_FILE C:\\ProgramData\\Mozilla-1de4eec8-1241-4177-a864-e594e8d1fb38\\updates\\308046B0AF4A39CB\\backgroundupdate.moz_log --backgroundtask backgroundupdate","CurrentDirectory":"C:\\ProgramData\\Mozilla-1de4eec8-1241-4177-a864-e594e8d1fb38\\updates\\308046B0AF4A39CB\\","User":"WIN10\\richard","LogonGuid":"{53968da7-b202-6708-c295-020000000000}","LogonId":"0x295c2","TerminalSessionId":"1","IntegrityLevel":"Medium","Hashes":"MD5=571814A7939D001662BBA7760BD0B187,SHA256=9725AFC685C8EE135701E140A83B94FE7D958360A1F546215F7EAFDFF5E53A83,IMPHASH=BB4CE52E8306F88C0B1DA570553704E4","ParentProcessGuid":"{53968da7-b200-6708-1100-00000000fb00}","ParentProcessId":"492","ParentImage":"C:\\Windows\\System32\\svchost.exe","ParentCommandLine":"C:\\Windows\\system32\\svchost.exe -k netsvcs -p","ParentUser":"NT AUTHORITY\\SYSTEM"}}
{"LogSource":"Microsoft-Windows-Sysmon/Operational","EventId":1,"TimeCreated":"2024-10-10T22:08:05.5456917-07:00","RecordId":171260,"MachineName":"Win10","EventData":{"RuleName":"-","UtcTime":"2024-10-11 05:08:05.542","ProcessGuid":"{53968da7-b2b5-6708-ce00-00000000fb00}","ProcessId":"760","Image":"C:\\Program Files\\Mozilla Firefox\\firefox.exe","FileVersion":"131.0.2","Description":"Firefox","Product":"Firefox","Company":"Mozilla Corporation","OriginalFileName":"firefox.exe","CommandLine":"\"C:\\Program Files\\Mozilla Firefox\\firefox.exe\" --MOZ_LOG sync,prependheader,timestamp,append,maxsize:1,Dump:5 --MOZ_LOG_FILE C:\\ProgramData\\Mozilla-1de4eec8-1241-4177-a864-e594e8d1fb38\\updates\\308046B0AF4A39CB\\backgroundupdate.moz_log --backgroundtask backgroundupdate","CurrentDirectory":"C:\\ProgramData\\Mozilla-1de4eec8-1241-4177-a864-e594e8d1fb38\\updates\\308046B0AF4A39CB\\","User":"WIN10\\richard","LogonGuid":"{53968da7-b202-6708-c295-020000000000}","LogonId":"0x295c2","TerminalSessionId":"1","IntegrityLevel":"Medium","Hashes":"MD5=571814A7939D001662BBA7760BD0B187,SHA256=9725AFC685C8EE135701E140A83B94FE7D958360A1F546215F7EAFDFF5E53A83,IMPHASH=BB4CE52E8306F88C0B1DA570553704E4","ParentProcessGuid":"{53968da7-b2b5-6708-cb00-00000000fb00}","ParentProcessId":"2824","ParentImage":"C:\\Program Files\\Mozilla Firefox\\firefox.exe","ParentCommandLine":"\"C:\\Program Files\\Mozilla Firefox\\firefox.exe\" --MOZ_LOG sync,prependheader,timestamp,append,maxsize:1,Dump:5 --MOZ_LOG_FILE C:\\ProgramData\\Mozilla-1de4eec8-1241-4177-a864-e594e8d1fb38\\updates\\308046B0AF4A39CB\\backgroundupdate.moz_log --backgroundtask backgroundupdate","ParentUser":"WIN10\\richard"}}
{"LogSource":"Microsoft-Windows-Sysmon/Operational","EventId":1,"TimeCreated":"2024-10-10T22:08:05.5462849-07:00","RecordId":171261,"MachineName":"Win10","EventData":{"RuleName":"-","UtcTime":"2024-10-11 05:08:05.542","ProcessGuid":"{53968da7-b2b5-6708-cf00-00000000fb00}","ProcessId":"2464","Image":"C:\\Program Files\\Mozilla Firefox\\firefox.exe","FileVersion":"131.0.2","Description":"Firefox","Product":"Firefox","Company":"Mozilla Corporation","OriginalFileName":"firefox.exe","CommandLine":"\"C:\\Program Files\\Mozilla Firefox\\firefox.exe\" --MOZ_LOG sync,prependheader,timestamp,append,maxsize:1,Dump:5 --MOZ_LOG_FILE C:\\ProgramData\\Mozilla-1de4eec8-1241-4177-a864-e594e8d1fb38\\updates\\308046B0AF4A39CB\\backgroundupdate.moz_log --backgroundtask backgroundupdate","CurrentDirectory":"C:\\ProgramData\\Mozilla-1de4eec8-1241-4177-a864-e594e8d1fb38\\updates\\308046B0AF4A39CB\\","User":"WIN10\\richard","LogonGuid":"{53968da7-b202-6708-c295-020000000000}","LogonId":"0x295c2","TerminalSessionId":"1","IntegrityLevel":"Medium","Hashes":"MD5=571814A7939D001662BBA7760BD0B187,SHA256=9725AFC685C8EE135701E140A83B94FE7D958360A1F546215F7EAFDFF5E53A83,IMPHASH=BB4CE52E8306F88C0B1DA570553704E4","ParentProcessGuid":"{53968da7-b2b5-6708-cc00-00000000fb00}","ParentProcessId":"2876","ParentImage":"C:\\Program Files\\Mozilla Firefox\\firefox.exe","ParentCommandLine":"\"C:\\Program Files\\Mozilla Firefox\\firefox.exe\" --MOZ_LOG sync,prependheader,timestamp,append,maxsize:1,Dump:5 --MOZ_LOG_FILE C:\\ProgramData\\Mozilla-1de4eec8-1241-4177-a864-e594e8d1fb38\\updates\\308046B0AF4A39CB\\backgroundupdate.moz_log --backgroundtask backgroundupdate","ParentUser":"WIN10\\richard"}}
{"LogSource":"Microsoft-Windows-Sysmon/Operational","EventId":1,"TimeCreated":"2024-10-10T22:08:05.4804734-07:00","RecordId":171258,"MachineName":"Win10","EventData":{"RuleName":"-","UtcTime":"2024-10-11 05:08:05.470","ProcessGuid":"{53968da7-b2b5-6708-cc00-00000000fb00}","ProcessId":"2876","Image":"C:\\Program Files\\Mozilla Firefox\\firefox.exe","FileVersion":"131.0.2","Description":"Firefox","Product":"Firefox","Company":"Mozilla Corporation","OriginalFileName":"firefox.exe","CommandLine":"\"C:\\Program Files\\Mozilla Firefox\\firefox.exe\" --MOZ_LOG sync,prependheader,timestamp,append,maxsize:1,Dump:5 --MOZ_LOG_FILE C:\\ProgramData\\Mozilla-1de4eec8-1241-4177-a864-e594e8d1fb38\\updates\\308046B0AF4A39CB\\backgroundupdate.moz_log --backgroundtask backgroundupdate","CurrentDirectory":"C:\\ProgramData\\Mozilla-1de4eec8-1241-4177-a864-e594e8d1fb38\\updates\\308046B0AF4A39CB\\","User":"WIN10\\richard","LogonGuid":"{53968da7-b202-6708-c295-020000000000}","LogonId":"0x295c2","TerminalSessionId":"1","IntegrityLevel":"Medium","Hashes":"MD5=571814A7939D001662BBA7760BD0B187,SHA256=9725AFC685C8EE135701E140A83B94FE7D958360A1F546215F7EAFDFF5E53A83,IMPHASH=BB4CE52E8306F88C0B1DA570553704E4","ParentProcessGuid":"{53968da7-b200-6708-1100-00000000fb00}","ParentProcessId":"492","ParentImage":"C:\\Windows\\System32\\svchost.exe","ParentCommandLine":"C:\\Windows\\system32\\svchost.exe -k netsvcs -p","ParentUser":"NT AUTHORITY\\SYSTEM"}}
{"LogSource":"Microsoft-Windows-Sysmon/Operational","EventId":1,"TimeCreated":"2024-10-10T22:08:07.2859142-07:00","RecordId":171262,"MachineName":"Win10","EventData":{"RuleName":"-","UtcTime":"2024-10-11 05:08:07.283","ProcessGuid":"{53968da7-b2b7-6708-d000-00000000fb00}","ProcessId":"6452","Image":"C:\\Program Files\\Mozilla Firefox\\firefox.exe","FileVersion":"131.0.2","Description":"Firefox","Product":"Firefox","Company":"Mozilla Corporation","OriginalFileName":"firefox.exe","CommandLine":"\"C:\\Program Files\\Mozilla Firefox\\firefox.exe\" -contentproc --channel=1856 -parentBuildID 20241008210941 -prefsHandle 1796 -prefMapHandle 1772 -prefsLen 23319 -prefMapSize 260710 -win32kLockedDown -appDir \"C:\\Program Files\\Mozilla Firefox\\browser\" - {eb40e01b-8bf3-46f0-968b-8c76b73bafb4} 760 \"\\\\.\\pipe\\gecko-crash-server-pipe.760\" 1 socket","CurrentDirectory":"C:\\ProgramData\\Mozilla-1de4eec8-1241-4177-a864-e594e8d1fb38\\updates\\308046B0AF4A39CB\\","User":"WIN10\\richard","LogonGuid":"{53968da7-b202-6708-c295-020000000000}","LogonId":"0x295c2","TerminalSessionId":"1","IntegrityLevel":"Low","Hashes":"MD5=571814A7939D001662BBA7760BD0B187,SHA256=9725AFC685C8EE135701E140A83B94FE7D958360A1F546215F7EAFDFF5E53A83,IMPHASH=BB4CE52E8306F88C0B1DA570553704E4","ParentProcessGuid":"{53968da7-b2b5-6708-ce00-00000000fb00}","ParentProcessId":"760","ParentImage":"C:\\Program Files\\Mozilla Firefox\\firefox.exe","ParentCommandLine":"\"C:\\Program Files\\Mozilla Firefox\\firefox.exe\" --MOZ_LOG sync,prependheader,timestamp,append,maxsize:1,Dump:5 --MOZ_LOG_FILE C:\\ProgramData\\Mozilla-1de4eec8-1241-4177-a864-e594e8d1fb38\\updates\\308046B0AF4A39CB\\backgroundupdate.moz_log --backgroundtask backgroundupdate","ParentUser":"WIN10\\richard"}}
{"LogSource":"Microsoft-Windows-Sysmon/Operational","EventId":22,"TimeCreated":"2024-10-10T22:08:07.6988583-07:00","RecordId":171263,"MachineName":"Win10","EventData":{"RuleName":"-","UtcTime":"2024-10-11 05:08:06.431","ProcessGuid":"{53968da7-b201-6708-3400-00000000fb00}","ProcessId":"2772","QueryName":"download.wireguard.com","QueryStatus":"0","QueryResults":"type:  5 wireguard.com;2604:1380:45f1:e200::1;::ffff:136.144.57.121;","Image":"C:\\Program Files\\WireGuard\\wireguard.exe","User":"NT AUTHORITY\\SYSTEM"}}
{"LogSource":"Microsoft-Windows-Sysmon/Operational","EventId":22,"TimeCreated":"2024-10-10T22:08:07.6990163-07:00","RecordId":171264,"MachineName":"Win10","EventData":{"RuleName":"-","UtcTime":"2024-10-11 05:08:06.764","ProcessGuid":"{53968da7-b2b5-6708-ce00-00000000fb00}","ProcessId":"760","QueryName":"prod.balrog.prod.cloudops.mozgcp.net","QueryStatus":"0","QueryResults":"35.244.181.201;","Image":"C:\\Program Files\\Mozilla Firefox\\firefox.exe","User":"WIN10\\richard"}}
{"LogSource":"Microsoft-Windows-Sysmon/Operational","EventId":22,"TimeCreated":"2024-10-10T22:08:07.6990514-07:00","RecordId":171265,"MachineName":"Win10","EventData":{"RuleName":"-","UtcTime":"2024-10-11 05:08:06.776","ProcessGuid":"{53968da7-b2b5-6708-ce00-00000000fb00}","ProcessId":"760","QueryName":"prod.balrog.prod.cloudops.mozgcp.net","QueryStatus":"9501","QueryResults":"-","Image":"C:\\Program Files\\Mozilla Firefox\\firefox.exe","User":"WIN10\\richard"}}
{"LogSource":"Microsoft-Windows-Sysmon/Operational","EventId":22,"TimeCreated":"2024-10-10T22:08:07.6991374-07:00","RecordId":171266,"MachineName":"Win10","EventData":{"RuleName":"-","UtcTime":"2024-10-11 05:08:06.803","ProcessGuid":"{53968da7-b2b5-6708-ce00-00000000fb00}","ProcessId":"760","QueryName":"fp2e7a.wpc.phicdn.net","QueryStatus":"0","QueryResults":"192.229.211.108;","Image":"C:\\Program Files\\Mozilla Firefox\\firefox.exe","User":"WIN10\\richard"}}
{"LogSource":"Microsoft-Windows-Sysmon/Operational","EventId":22,"TimeCreated":"2024-10-10T22:08:07.6991736-07:00","RecordId":171267,"MachineName":"Win10","EventData":{"RuleName":"-","UtcTime":"2024-10-11 05:08:06.808","ProcessGuid":"{53968da7-b2b5-6708-ce00-00000000fb00}","ProcessId":"760","QueryName":"fp2e7a.wpc.phicdn.net","QueryStatus":"0","QueryResults":"2606:2800:21f:e650:1228:c9d5:7af4:5a5b;","Image":"C:\\Program Files\\Mozilla Firefox\\firefox.exe","User":"WIN10\\richard"}}
{"LogSource":"Microsoft-Windows-Sysmon/Operational","EventId":22,"TimeCreated":"2024-10-10T22:08:07.6992666-07:00","RecordId":171268,"MachineName":"Win10","EventData":{"RuleName":"-","UtcTime":"2024-10-11 05:08:07.022","ProcessGuid":"{53968da7-b2b5-6708-ce00-00000000fb00}","ProcessId":"760","QueryName":"prod.remote-settings.prod.webservices.mozgcp.net","QueryStatus":"0","QueryResults":"34.149.100.209;","Image":"C:\\Program Files\\Mozilla Firefox\\firefox.exe","User":"WIN10\\richard"}}
{"LogSource":"Microsoft-Windows-Sysmon/Operational","EventId":22,"TimeCreated":"2024-10-10T22:08:07.6994472-07:00","RecordId":171269,"MachineName":"Win10","EventData":{"RuleName":"-","UtcTime":"2024-10-11 05:08:07.026","ProcessGuid":"{53968da7-b2b5-6708-ce00-00000000fb00}","ProcessId":"760","QueryName":"prod.remote-settings.prod.webservices.mozgcp.net","QueryStatus":"9501","QueryResults":"-","Image":"C:\\Program Files\\Mozilla Firefox\\firefox.exe","User":"WIN10\\richard"}}
{"LogSource":"Microsoft-Windows-Sysmon/Operational","EventId":22,"TimeCreated":"2024-10-10T22:08:08.7790920-07:00","RecordId":171270,"MachineName":"Win10","EventData":{"RuleName":"-","UtcTime":"2024-10-11 05:08:07.060","ProcessGuid":"{53968da7-b2b5-6708-ce00-00000000fb00}","ProcessId":"760","QueryName":"r10.o.lencr.org","QueryStatus":"0","QueryResults":"type:  5 o.lencr.edgesuite.net;type:  5 a1887.dscq.akamai.net;2600:140a:1000:d::17da:ef29;2600:140a:1000:d::17da:ef21;::ffff:23.213.230.147;::ffff:23.213.230.152;","Image":"C:\\Program Files\\Mozilla Firefox\\firefox.exe","User":"WIN10\\richard"}}
{"LogSource":"Microsoft-Windows-Sysmon/Operational","EventId":22,"TimeCreated":"2024-10-10T22:08:08.7792419-07:00","RecordId":171271,"MachineName":"Win10","EventData":{"RuleName":"-","UtcTime":"2024-10-11 05:08:07.065","ProcessGuid":"{53968da7-b2b5-6708-ce00-00000000fb00}","ProcessId":"760","QueryName":"a1887.dscq.akamai.net","QueryStatus":"0","QueryResults":"23.213.230.147;23.213.230.152;","Image":"C:\\Program Files\\Mozilla Firefox\\firefox.exe","User":"WIN10\\richard"}}
{"LogSource":"Microsoft-Windows-Sysmon/Operational","EventId":22,"TimeCreated":"2024-10-10T22:08:08.7793169-07:00","RecordId":171272,"MachineName":"Win10","EventData":{"RuleName":"-","UtcTime":"2024-10-11 05:08:07.070","ProcessGuid":"{53968da7-b2b5-6708-ce00-00000000fb00}","ProcessId":"760","QueryName":"a1887.dscq.akamai.net","QueryStatus":"0","QueryResults":"2600:140a:1000:d::17da:ef29;2600:140a:1000:d::17da:ef21;","Image":"C:\\Program Files\\Mozilla Firefox\\firefox.exe","User":"WIN10\\richard"}}
{"LogSource":"Microsoft-Windows-Sysmon/Operational","EventId":22,"TimeCreated":"2024-10-10T22:08:08.7794207-07:00","RecordId":171273,"MachineName":"Win10","EventData":{"RuleName":"-","UtcTime":"2024-10-11 05:08:07.269","ProcessGuid":"{53968da7-b2b5-6708-ce00-00000000fb00}","ProcessId":"760","QueryName":"prod.content-signature-chains.prod.webservices.mozgcp.net","QueryStatus":"0","QueryResults":"34.160.144.191;","Image":"C:\\Program Files\\Mozilla Firefox\\firefox.exe","User":"WIN10\\richard"}}
{"LogSource":"Microsoft-Windows-Sysmon/Operational","EventId":22,"TimeCreated":"2024-10-10T22:08:08.7794711-07:00","RecordId":171274,"MachineName":"Win10","EventData":{"RuleName":"-","UtcTime":"2024-10-11 05:08:07.274","ProcessGuid":"{53968da7-b2b5-6708-ce00-00000000fb00}","ProcessId":"760","QueryName":"prod.content-signature-chains.prod.webservices.mozgcp.net","QueryStatus":"0","QueryResults":"2600:1901:0:92a9::;","Image":"C:\\Program Files\\Mozilla Firefox\\firefox.exe","User":"WIN10\\richard"}}
{"LogSource":"Microsoft-Windows-Sysmon/Operational","EventId":22,"TimeCreated":"2024-10-10T22:08:38.2668463-07:00","RecordId":171275,"MachineName":"Win10","EventData":{"RuleName":"-","UtcTime":"2024-10-11 05:08:34.993","ProcessGuid":"{53968da7-b217-6708-9100-00000000fb00}","ProcessId":"3764","QueryName":"wpad","QueryStatus":"9003","QueryResults":"-","Image":"C:\\Program Files\\Opera\\opera.exe","User":"WIN10\\richard"}}
{"LogSource":"Microsoft-Windows-Sysmon/Operational","EventId":1,"TimeCreated":"2024-10-10T22:09:07.7890980-07:00","RecordId":171276,"MachineName":"Win10","EventData":{"RuleName":"-","UtcTime":"2024-10-11 05:09:07.783","ProcessGuid":"{53968da7-b2f3-6708-d400-00000000fb00}","ProcessId":"3516","Image":"C:\\Windows\\System32\\wbem\\WMIADAP.exe","FileVersion":"10.0.19041.4474 (WinBuild.160101.0800)","Description":"WMI Reverse Performance Adapter Maintenance Utility","Product":"Microsoft® Windows® Operating System","Company":"Microsoft Corporation","OriginalFileName":"wmicookr.dll","CommandLine":"wmiadap.exe /F /T /R","CurrentDirectory":"C:\\Windows\\system32\\","User":"NT AUTHORITY\\SYSTEM","LogonGuid":"{53968da7-b200-6708-e703-000000000000}","LogonId":"0x3e7","TerminalSessionId":"0","IntegrityLevel":"System","Hashes":"MD5=9A2D42258163720034A335CD1AC80110,SHA256=1C646A86183FEEDC20E41B9DF7263308E2936BDF690E421D64AAB9FFCB0FA922,IMPHASH=367D299428703C9A9715504BFE071C97","ParentProcessGuid":"{53968da7-b200-6708-1100-00000000fb00}","ParentProcessId":"492","ParentImage":"C:\\Windows\\System32\\svchost.exe","ParentCommandLine":"C:\\Windows\\system32\\svchost.exe -k netsvcs -p","ParentUser":"NT AUTHORITY\\SYSTEM"}}
{"LogSource":"Microsoft-Windows-Sysmon/Operational","EventId":1,"TimeCreated":"2024-10-10T22:10:06.1091610-07:00","RecordId":171278,"MachineName":"Win10","EventData":{"RuleName":"-","UtcTime":"2024-10-11 05:10:06.094","ProcessGuid":"{53968da7-b32e-6708-d700-00000000fb00}","ProcessId":"9108","Image":"C:\\Windows\\System32\\SecureBootEncodeUEFI.exe","FileVersion":"10.0.19041.5007 (WinBuild.160101.0800)","Description":"Secure Boot UEFI Encoder","Product":"Microsoft® Windows® Operating System","Company":"Microsoft Corporation","OriginalFileName":"SecureBootEncodeUEFI.exe","CommandLine":"\"C:\\Windows\\system32\\SecureBootEncodeUEFI.exe\"","CurrentDirectory":"C:\\Windows\\system32\\","User":"NT AUTHORITY\\SYSTEM","LogonGuid":"{53968da7-b200-6708-e703-000000000000}","LogonId":"0x3e7","TerminalSessionId":"0","IntegrityLevel":"System","Hashes":"MD5=A53CC211AC8560EF18D0CFAC59104C26,SHA256=23DAE17EF452D1FEACACC93918775200C2229BC94DCCF4076B2BEF0D7D5BE7FC,IMPHASH=8E60B24A6AFCE21F2D9F25E96FB963F7","ParentProcessGuid":"{53968da7-b200-6708-1100-00000000fb00}","ParentProcessId":"492","ParentImage":"C:\\Windows\\System32\\svchost.exe","ParentCommandLine":"C:\\Windows\\system32\\svchost.exe -k netsvcs -p","ParentUser":"NT AUTHORITY\\SYSTEM"}}
{"LogSource":"Microsoft-Windows-Sysmon/Operational","EventId":1,"TimeCreated":"2024-10-10T22:10:06.1356969-07:00","RecordId":171280,"MachineName":"Win10","EventData":{"RuleName":"-","UtcTime":"2024-10-11 05:10:06.131","ProcessGuid":"{53968da7-b32e-6708-d900-00000000fb00}","ProcessId":"8084","Image":"C:\\Program Files\\Opera\\autoupdate\\opera_autoupdate.exe","FileVersion":"113.0.5230.142","Description":"Opera auto-updater","Product":"Opera auto-updater","Company":"Opera Software","OriginalFileName":"-","CommandLine":"\"C:\\Program Files\\Opera\\autoupdate\\opera_autoupdate.exe\" --type=crashpad-handler /prefetch:4 --monitor-self-annotation=ptype=crashpad-handler \"--database=C:\\Windows\\system32\\config\\systemprofile\\AppData\\Roaming\\Opera Software\\Opera Stable\\Crash Reports\" \"--crash-count-file=C:\\Windows\\system32\\config\\systemprofile\\AppData\\Roaming\\Opera Software\\Opera Stable\\crash_count.txt\" --url=https://crashstats-collector-2.opera.com/ --annotation=channel=Stable --annotation=plat=Win64 --annotation=prod=OperaDesktop --annotation=ver=113.0.5230.142 --initial-client-data=0x234,0x238,0x23c,0x210,0x240,0x7ff7e4f6872c,0x7ff7e4f68738,0x7ff7e4f68748","CurrentDirectory":"C:\\Windows\\system32\\","User":"NT AUTHORITY\\SYSTEM","LogonGuid":"{53968da7-b200-6708-e703-000000000000}","LogonId":"0x3e7","TerminalSessionId":"0","IntegrityLevel":"System","Hashes":"MD5=47850AB57010626D8693D28B99EF7573,SHA256=706841383A89918A7C4139378E12A7860F8B432B7ED11F46B2A66D435D77BBD2,IMPHASH=CF57677FCFC3AD5912B36DD5820FD035","ParentProcessGuid":"{53968da7-b32e-6708-d600-00000000fb00}","ParentProcessId":"9004","ParentImage":"C:\\Program Files\\Opera\\autoupdate\\opera_autoupdate.exe","ParentCommandLine":"\"C:\\Program Files\\Opera\\autoupdate\\opera_autoupdate.exe\" --scheduledtask --bypasslauncher $(Arg0)","ParentUser":"NT AUTHORITY\\SYSTEM"}}
{"LogSource":"Microsoft-Windows-Sysmon/Operational","EventId":1,"TimeCreated":"2024-10-10T22:10:06.1029393-07:00","RecordId":171277,"MachineName":"Win10","EventData":{"RuleName":"-","UtcTime":"2024-10-11 05:10:06.089","ProcessGuid":"{53968da7-b32e-6708-d600-00000000fb00}","ProcessId":"9004","Image":"C:\\Program Files\\Opera\\autoupdate\\opera_autoupdate.exe","FileVersion":"113.0.5230.142","Description":"Opera auto-updater","Product":"Opera auto-updater","Company":"Opera Software","OriginalFileName":"-","CommandLine":"\"C:\\Program Files\\Opera\\autoupdate\\opera_autoupdate.exe\" --scheduledtask --bypasslauncher $(Arg0)","CurrentDirectory":"C:\\Windows\\system32\\","User":"NT AUTHORITY\\SYSTEM","LogonGuid":"{53968da7-b200-6708-e703-000000000000}","LogonId":"0x3e7","TerminalSessionId":"0","IntegrityLevel":"System","Hashes":"MD5=47850AB57010626D8693D28B99EF7573,SHA256=706841383A89918A7C4139378E12A7860F8B432B7ED11F46B2A66D435D77BBD2,IMPHASH=CF57677FCFC3AD5912B36DD5820FD035","ParentProcessGuid":"{53968da7-b200-6708-1100-00000000fb00}","ParentProcessId":"492","ParentImage":"C:\\Windows\\System32\\svchost.exe","ParentCommandLine":"C:\\Windows\\system32\\svchost.exe -k netsvcs -p","ParentUser":"NT AUTHORITY\\SYSTEM"}}
{"LogSource":"Microsoft-Windows-Sysmon/Operational","EventId":1,"TimeCreated":"2024-10-10T22:10:06.1214602-07:00","RecordId":171279,"MachineName":"Win10","EventData":{"RuleName":"-","UtcTime":"2024-10-11 05:10:06.087","ProcessGuid":"{53968da7-b32e-6708-d500-00000000fb00}","ProcessId":"8848","Image":"C:\\Program Files\\Opera\\launcher.exe","FileVersion":"113.0.5230.142","Description":"Opera Internet Browser","Product":"Opera Internet Browser","Company":"Opera Software","OriginalFileName":"-","CommandLine":"\"C:\\Program Files\\Opera\\launcher.exe\" --scheduledautoupdate --component-name=assistant --component-path=\"C:\\Program Files\\Opera\\assistant\" $(Arg0)","CurrentDirectory":"C:\\Windows\\system32\\","User":"NT AUTHORITY\\SYSTEM","LogonGuid":"{53968da7-b200-6708-e703-000000000000}","LogonId":"0x3e7","TerminalSessionId":"0","IntegrityLevel":"System","Hashes":"MD5=00886BEAC3A9EF1E6E0A4416B5D36364,SHA256=D821A30BA3F5444832E88FEBC920CFD4409C513920DD0072258E2AFEF426DBBB,IMPHASH=8D46F7C0404DD8927121BE5BD79354F5","ParentProcessGuid":"{53968da7-b200-6708-1100-00000000fb00}","ParentProcessId":"492","ParentImage":"C:\\Windows\\System32\\svchost.exe","ParentCommandLine":"C:\\Windows\\system32\\svchost.exe -k netsvcs -p","ParentUser":"NT AUTHORITY\\SYSTEM"}}
{"LogSource":"Microsoft-Windows-Sysmon/Operational","EventId":11,"TimeCreated":"2024-10-10T22:10:06.3443878-07:00","RecordId":171281,"MachineName":"Win10","EventData":{"RuleName":"EXE","UtcTime":"2024-10-11 05:10:06.343","ProcessGuid":"{53968da7-b32e-6708-d600-00000000fb00}","ProcessId":"9004","Image":"C:\\Program Files\\Opera\\autoupdate\\opera_autoupdate.exe","TargetFilename":"C:\\Windows\\Temp\\.opera\\8D91583AECBF\\installer.exe","CreationUtcTime":"2024-10-11 05:10:06.343","User":"NT AUTHORITY\\SYSTEM"}}
{"LogSource":"Microsoft-Windows-Sysmon/Operational","EventId":1,"TimeCreated":"2024-10-10T22:10:06.4090272-07:00","RecordId":171282,"MachineName":"Win10","EventData":{"RuleName":"-","UtcTime":"2024-10-11 05:10:06.406","ProcessGuid":"{53968da7-b32e-6708-db00-00000000fb00}","ProcessId":"1656","Image":"C:\\Windows\\Temp\\.opera\\8D91583AECBF\\installer.exe","FileVersion":"113.0.5230.142","Description":"Opera Installer","Product":"Opera Installer","Company":"Opera Software","OriginalFileName":"-","CommandLine":"\"C:\\Windows\\TEMP\\.opera\\8D91583AECBF\\installer.exe\" --version","CurrentDirectory":"C:\\Windows\\system32\\","User":"NT AUTHORITY\\SYSTEM","LogonGuid":"{53968da7-b200-6708-e703-000000000000}","LogonId":"0x3e7","TerminalSessionId":"0","IntegrityLevel":"System","Hashes":"MD5=BF73C8EC9C0358A6BE5FF9D3A3735688,SHA256=A0DE823248EC0B54BA902040151EC47CFBB7012EE50ACE9D53DF405F8C8E12C7,IMPHASH=4D977853212987A29751D842E08132CF","ParentProcessGuid":"{53968da7-b32e-6708-d600-00000000fb00}","ParentProcessId":"9004","ParentImage":"C:\\Program Files\\Opera\\autoupdate\\opera_autoupdate.exe","ParentCommandLine":"\"C:\\Program Files\\Opera\\autoupdate\\opera_autoupdate.exe\" --scheduledtask --bypasslauncher $(Arg0)","ParentUser":"NT AUTHORITY\\SYSTEM"}}
{"LogSource":"Microsoft-Windows-Sysmon/Operational","EventId":11,"TimeCreated":"2024-10-10T22:10:06.4165817-07:00","RecordId":171283,"MachineName":"Win10","EventData":{"RuleName":"DLL","UtcTime":"2024-10-11 05:10:06.416","ProcessGuid":"{53968da7-b32e-6708-db00-00000000fb00}","ProcessId":"1656","Image":"C:\\Windows\\TEMP\\.opera\\8D91583AECBF\\installer.exe","TargetFilename":"C:\\Windows\\Temp\\Opera_installer_2410110510064151656.dll","CreationUtcTime":"2024-10-11 05:10:06.416","User":"NT AUTHORITY\\SYSTEM"}}
{"LogSource":"Microsoft-Windows-Sysmon/Operational","EventId":1,"TimeCreated":"2024-10-10T22:10:07.8981542-07:00","RecordId":171284,"MachineName":"Win10","EventData":{"RuleName":"-","UtcTime":"2024-10-11 05:10:07.891","ProcessGuid":"{53968da7-b32f-6708-dc00-00000000fb00}","ProcessId":"2808","Image":"C:\\Windows\\System32\\sc.exe","FileVersion":"10.0.19041.1 (WinBuild.160101.0800)","Description":"Service Control Manager Configuration Tool","Product":"Microsoft® Windows® Operating System","Company":"Microsoft Corporation","OriginalFileName":"sc.exe","CommandLine":"\"C:\\Windows\\system32\\sc.exe\" start pushtoinstall login","CurrentDirectory":"C:\\Windows\\system32\\","User":"NT AUTHORITY\\SYSTEM","LogonGuid":"{53968da7-b200-6708-e703-000000000000}","LogonId":"0x3e7","TerminalSessionId":"0","IntegrityLevel":"System","Hashes":"MD5=3FB5CF71F7E7EB49790CB0E663434D80,SHA256=41F067C3A11B02FE39947F9EBA68AE5C7CB5BD1872A6009A4CD1506554A9ABA9,IMPHASH=803254E010814E69947095A2725B2AFD","ParentProcessGuid":"{53968da7-b200-6708-1100-00000000fb00}","ParentProcessId":"492","ParentImage":"C:\\Windows\\System32\\svchost.exe","ParentCommandLine":"C:\\Windows\\system32\\svchost.exe -k netsvcs -p","ParentUser":"NT AUTHORITY\\SYSTEM"}}
{"LogSource":"Microsoft-Windows-Sysmon/Operational","EventId":22,"TimeCreated":"2024-10-10T22:10:08.4833712-07:00","RecordId":171285,"MachineName":"Win10","EventData":{"RuleName":"-","UtcTime":"2024-10-11 05:10:05.227","ProcessGuid":"{00000000-0000-0000-0000-000000000000}","ProcessId":"9004","QueryName":"autoupdate.geo.opera.com","QueryStatus":"0","QueryResults":"type:  5 na-autoupdate.opera.com;107.167.96.39;107.167.96.38;","Image":"\u003cunknown process\u003e","User":"NT AUTHORITY\\SYSTEM"}}
{"LogSource":"Microsoft-Windows-Sysmon/Operational","EventId":13,"TimeCreated":"2024-10-10T22:10:12.9401619-07:00","RecordId":171286,"MachineName":"Win10","EventData":{"RuleName":"T1042","EventType":"SetValue","UtcTime":"2024-10-11 05:10:12.939","ProcessGuid":"{53968da7-b203-6708-4f00-00000000fb00}","ProcessId":"4396","Image":"C:\\Windows\\Explorer.EXE","TargetObject":"HKU\\S-1-5-21-1640021752-2483449048-379504065-1000\\SOFTWARE\\Microsoft\\Windows\\CurrentVersion\\Explorer\\FileExts\\.exe\\OpenWithProgids\\exefile","Details":"Binary Data","User":"WIN10\\richard"}}
{"LogSource":"Microsoft-Windows-Sysmon/Operational","EventId":1,"TimeCreated":"2024-10-10T22:10:14.0802172-07:00","RecordId":171287,"MachineName":"Win10","EventData":{"RuleName":"-","UtcTime":"2024-10-11 05:10:14.072","ProcessGuid":"{53968da7-b336-6708-de00-00000000fb00}","ProcessId":"2628","Image":"C:\\Windows\\System32\\MoUsoCoreWorker.exe","FileVersion":"10.0.19041.4957 (WinBuild.160101.0800)","Description":"MoUSO Core Worker Process","Product":"Microsoft® Windows® Operating System","Company":"Microsoft Corporation","OriginalFileName":"MoUSOCoreWorker.exe","CommandLine":"C:\\Windows\\System32\\mousocoreworker.exe -Embedding","CurrentDirectory":"C:\\Windows\\system32\\","User":"NT AUTHORITY\\SYSTEM","LogonGuid":"{53968da7-b200-6708-e703-000000000000}","LogonId":"0x3e7","TerminalSessionId":"0","IntegrityLevel":"System","Hashes":"MD5=F26685B9958880A9F738D9549803E53A,SHA256=9972C3232AA8BD10CB24B9C64085140C2A7AC94927785E293AE09A26FFF92F93,IMPHASH=517D061733F6C6DD355EF860B4AF63BE","ParentProcessGuid":"{53968da7-b200-6708-0d00-00000000fb00}","ParentProcessId":"884","ParentImage":"C:\\Windows\\System32\\svchost.exe","ParentCommandLine":"C:\\Windows\\system32\\svchost.exe -k DcomLaunch -p","ParentUser":"NT AUTHORITY\\SYSTEM"}}
{"LogSource":"Microsoft-Windows-Sysmon/Operational","EventId":1,"TimeCreated":"2024-10-10T22:10:14.2099441-07:00","RecordId":171288,"MachineName":"Win10","EventData":{"RuleName":"-","UtcTime":"2024-10-11 05:10:14.208","ProcessGuid":"{53968da7-b336-6708-df00-00000000fb00}","ProcessId":"5400","Image":"C:\\Windows\\System32\\svchost.exe","FileVersion":"10.0.19041.4355 (WinBuild.160101.0800)","Description":"Host Process for Windows Services","Product":"Microsoft® Windows® Operating System","Company":"Microsoft Corporation","OriginalFileName":"svchost.exe","CommandLine":"C:\\Windows\\system32\\svchost.exe -k wusvcs -p","CurrentDirectory":"C:\\Windows\\system32\\","User":"NT AUTHORITY\\SYSTEM","LogonGuid":"{53968da7-b200-6708-e703-000000000000}","LogonId":"0x3e7","TerminalSessionId":"0","IntegrityLevel":"System","Hashes":"MD5=7469CC568AD6821FD9D925542730A7D8,SHA256=6FC3BF1FDFD76860BE782554F8D25BD32F108DB934D70F4253F1E5F23522E503,IMPHASH=F9BBD96FAE53B7A31264A703CAFA0666","ParentProcessGuid":"{53968da7-b1ff-6708-0b00-00000000fb00}","ParentProcessId":"740","ParentImage":"C:\\Windows\\System32\\services.exe","ParentCommandLine":"C:\\Windows\\system32\\services.exe","ParentUser":"NT AUTHORITY\\SYSTEM"}}
{"LogSource":"Microsoft-Windows-Sysmon/Operational","EventId":22,"TimeCreated":"2024-10-10T22:11:04.8348010-07:00","RecordId":171289,"MachineName":"Win10","EventData":{"RuleName":"-","UtcTime":"2024-10-11 05:11:01.555","ProcessGuid":"{53968da7-b217-6708-9100-00000000fb00}","ProcessId":"3764","QueryName":"wpad","QueryStatus":"9003","QueryResults":"-","Image":"C:\\Program Files\\Opera\\opera.exe","User":"WIN10\\richard"}}
{"LogSource":"Microsoft-Windows-Sysmon/Operational","EventId":12,"TimeCreated":"2024-10-10T22:12:22.0188973-07:00","RecordId":171291,"MachineName":"Win10","EventData":{"RuleName":"Suspicious,ImageBeginWithBackslash","EventType":"DeleteValue","UtcTime":"2024-10-11 05:12:22.018","ProcessGuid":"{53968da7-b2f3-6708-d400-00000000fb00}","ProcessId":"3516","Image":"\\\\?\\C:\\Windows\\system32\\wbem\\WMIADAP.EXE","TargetObject":"HKLM\\SOFTWARE\\Microsoft\\Windows NT\\CurrentVersion\\Perflib\\Updating","User":"NT AUTHORITY\\SYSTEM"}}
{"LogSource":"Microsoft-Windows-Sysmon/Operational","EventId":13,"TimeCreated":"2024-10-10T22:12:22.0019954-07:00","RecordId":171290,"MachineName":"Win10","EventData":{"RuleName":"Suspicious,ImageBeginWithBackslash","EventType":"SetValue","UtcTime":"2024-10-11 05:12:22.000","ProcessGuid":"{53968da7-b2f3-6708-d400-00000000fb00}","ProcessId":"3516","Image":"\\\\?\\C:\\Windows\\system32\\wbem\\WMIADAP.EXE","TargetObject":"HKLM\\SOFTWARE\\Microsoft\\Windows NT\\CurrentVersion\\Perflib\\Updating","Details":"WmiApRpl","User":"NT AUTHORITY\\SYSTEM"}}
{"LogSource":"Microsoft-Windows-Sysmon/Operational","EventId":12,"TimeCreated":"2024-10-10T22:12:25.0338734-07:00","RecordId":171292,"MachineName":"Win10","EventData":{"RuleName":"Suspicious,ImageBeginWithBackslash","EventType":"DeleteValue","UtcTime":"2024-10-11 05:12:25.032","ProcessGuid":"{53968da7-b2f3-6708-d400-00000000fb00}","ProcessId":"3516","Image":"\\\\?\\C:\\Windows\\system32\\wbem\\WMIADAP.EXE","TargetObject":"HKLM\\System\\CurrentControlSet\\Services\\WmiApRpl\\Performance\\First Counter","User":"NT AUTHORITY\\SYSTEM"}}
{"LogSource":"Microsoft-Windows-Sysmon/Operational","EventId":12,"TimeCreated":"2024-10-10T22:12:25.0342111-07:00","RecordId":171293,"MachineName":"Win10","EventData":{"RuleName":"Suspicious,ImageBeginWithBackslash","EventType":"DeleteValue","UtcTime":"2024-10-11 05:12:25.032","ProcessGuid":"{53968da7-b2f3-6708-d400-00000000fb00}","ProcessId":"3516","Image":"\\\\?\\C:\\Windows\\system32\\wbem\\WMIADAP.EXE","TargetObject":"HKLM\\System\\CurrentControlSet\\Services\\WmiApRpl\\Performance\\First Help","User":"NT AUTHORITY\\SYSTEM"}}
{"LogSource":"Microsoft-Windows-Sysmon/Operational","EventId":12,"TimeCreated":"2024-10-10T22:12:25.0346772-07:00","RecordId":171294,"MachineName":"Win10","EventData":{"RuleName":"Suspicious,ImageBeginWithBackslash","EventType":"DeleteValue","UtcTime":"2024-10-11 05:12:25.033","ProcessGuid":"{53968da7-b2f3-6708-d400-00000000fb00}","ProcessId":"3516","Image":"\\\\?\\C:\\Windows\\system32\\wbem\\WMIADAP.EXE","TargetObject":"HKLM\\System\\CurrentControlSet\\Services\\WmiApRpl\\Performance\\Last Counter","User":"NT AUTHORITY\\SYSTEM"}}
{"LogSource":"Microsoft-Windows-Sysmon/Operational","EventId":12,"TimeCreated":"2024-10-10T22:12:25.0350790-07:00","RecordId":171295,"MachineName":"Win10","EventData":{"RuleName":"Suspicious,ImageBeginWithBackslash","EventType":"DeleteValue","UtcTime":"2024-10-11 05:12:25.033","ProcessGuid":"{53968da7-b2f3-6708-d400-00000000fb00}","ProcessId":"3516","Image":"\\\\?\\C:\\Windows\\system32\\wbem\\WMIADAP.EXE","TargetObject":"HKLM\\System\\CurrentControlSet\\Services\\WmiApRpl\\Performance\\Last Help","User":"NT AUTHORITY\\SYSTEM"}}
{"LogSource":"Microsoft-Windows-Sysmon/Operational","EventId":13,"TimeCreated":"2024-10-10T22:12:25.0794251-07:00","RecordId":171296,"MachineName":"Win10","EventData":{"RuleName":"Suspicious,ImageBeginWithBackslash","EventType":"SetValue","UtcTime":"2024-10-11 05:12:25.079","ProcessGuid":"{53968da7-b2f3-6708-d400-00000000fb00}","ProcessId":"3516","Image":"\\\\?\\C:\\Windows\\system32\\wbem\\WMIADAP.EXE","TargetObject":"HKLM\\System\\CurrentControlSet\\Services\\WmiApRpl\\Performance\\PerfIniFile","Details":"WmiApRpl.ini","User":"NT AUTHORITY\\SYSTEM"}}
{"LogSource":"Microsoft-Windows-Sysmon/Operational","EventId":13,"TimeCreated":"2024-10-10T22:12:25.0866817-07:00","RecordId":171297,"MachineName":"Win10","EventData":{"RuleName":"Suspicious,ImageBeginWithBackslash","EventType":"SetValue","UtcTime":"2024-10-11 05:12:25.086","ProcessGuid":"{53968da7-b2f3-6708-d400-00000000fb00}","ProcessId":"3516","Image":"\\\\?\\C:\\Windows\\system32\\wbem\\WMIADAP.EXE","TargetObject":"HKLM\\SOFTWARE\\Microsoft\\Windows NT\\CurrentVersion\\Perflib\\Updating","Details":"WmiApRpl","User":"NT AUTHORITY\\SYSTEM"}}
{"LogSource":"Microsoft-Windows-Sysmon/Operational","EventId":13,"TimeCreated":"2024-10-10T22:12:25.1113244-07:00","RecordId":171300,"MachineName":"Win10","EventData":{"RuleName":"Suspicious,ImageBeginWithBackslash","EventType":"SetValue","UtcTime":"2024-10-11 05:12:25.110","ProcessGuid":"{53968da7-b2f3-6708-d400-00000000fb00}","ProcessId":"3516","Image":"\\\\?\\C:\\Windows\\system32\\wbem\\WMIADAP.EXE","TargetObject":"HKLM\\System\\CurrentControlSet\\Services\\WmiApRpl\\Performance\\Last Counter","Details":"DWORD (0x00003f00)","User":"NT AUTHORITY\\SYSTEM"}}
{"LogSource":"Microsoft-Windows-Sysmon/Operational","EventId":13,"TimeCreated":"2024-10-10T22:12:25.1114024-07:00","RecordId":171301,"MachineName":"Win10","EventData":{"RuleName":"Suspicious,ImageBeginWithBackslash","EventType":"SetValue","UtcTime":"2024-10-11 05:12:25.110","ProcessGuid":"{53968da7-b2f3-6708-d400-00000000fb00}","ProcessId":"3516","Image":"\\\\?\\C:\\Windows\\system32\\wbem\\WMIADAP.EXE","TargetObject":"HKLM\\System\\CurrentControlSet\\Services\\WmiApRpl\\Performance\\Last Help","Details":"DWORD (0x00003f01)","User":"NT AUTHORITY\\SYSTEM"}}
{"LogSource":"Microsoft-Windows-Sysmon/Operational","EventId":13,"TimeCreated":"2024-10-10T22:12:25.1115002-07:00","RecordId":171302,"MachineName":"Win10","EventData":{"RuleName":"Suspicious,ImageBeginWithBackslash","EventType":"SetValue","UtcTime":"2024-10-11 05:12:25.110","ProcessGuid":"{53968da7-b2f3-6708-d400-00000000fb00}","ProcessId":"3516","Image":"\\\\?\\C:\\Windows\\system32\\wbem\\WMIADAP.EXE","TargetObject":"HKLM\\System\\CurrentControlSet\\Services\\WmiApRpl\\Performance\\First Counter","Details":"DWORD (0x00003e4e)","User":"NT AUTHORITY\\SYSTEM"}}
{"LogSource":"Microsoft-Windows-Sysmon/Operational","EventId":13,"TimeCreated":"2024-10-10T22:12:25.1115736-07:00","RecordId":171303,"MachineName":"Win10","EventData":{"RuleName":"Suspicious,ImageBeginWithBackslash","EventType":"SetValue","UtcTime":"2024-10-11 05:12:25.110","ProcessGuid":"{53968da7-b2f3-6708-d400-00000000fb00}","ProcessId":"3516","Image":"\\\\?\\C:\\Windows\\system32\\wbem\\WMIADAP.EXE","TargetObject":"HKLM\\System\\CurrentControlSet\\Services\\WmiApRpl\\Performance\\First Help","Details":"DWORD (0x00003e4f)","User":"NT AUTHORITY\\SYSTEM"}}
{"LogSource":"Microsoft-Windows-Sysmon/Operational","EventId":13,"TimeCreated":"2024-10-10T22:12:25.1116541-07:00","RecordId":171304,"MachineName":"Win10","EventData":{"RuleName":"Suspicious,ImageBeginWithBackslash","EventType":"SetValue","UtcTime":"2024-10-11 05:12:25.110","ProcessGuid":"{53968da7-b2f3-6708-d400-00000000fb00}","ProcessId":"3516","Image":"\\\\?\\C:\\Windows\\system32\\wbem\\WMIADAP.EXE","TargetObject":"HKLM\\System\\CurrentControlSet\\Services\\WmiApRpl\\Performance\\Object List","Details":"15950 15956 15968 15978 15988 16008 16052 16062 16100 16106 16122","User":"NT AUTHORITY\\SYSTEM"}}
{"LogSource":"Microsoft-Windows-Sysmon/Operational","EventId":12,"TimeCreated":"2024-10-10T22:12:25.1117150-07:00","RecordId":171305,"MachineName":"Win10","EventData":{"RuleName":"Suspicious,ImageBeginWithBackslash","EventType":"DeleteValue","UtcTime":"2024-10-11 05:12:25.110","ProcessGuid":"{53968da7-b2f3-6708-d400-00000000fb00}","ProcessId":"3516","Image":"\\\\?\\C:\\Windows\\system32\\wbem\\WMIADAP.EXE","TargetObject":"HKLM\\SOFTWARE\\Microsoft\\Windows NT\\CurrentVersion\\Perflib\\Updating","User":"NT AUTHORITY\\SYSTEM"}}
{"LogSource":"Microsoft-Windows-Sysmon/Operational","EventId":13,"TimeCreated":"2024-10-10T22:12:25.1111558-07:00","RecordId":171298,"MachineName":"Win10","EventData":{"RuleName":"Suspicious,ImageBeginWithBackslash","EventType":"SetValue","UtcTime":"2024-10-11 05:12:25.110","ProcessGuid":"{53968da7-b2f3-6708-d400-00000000fb00}","ProcessId":"3516","Image":"\\\\?\\C:\\Windows\\system32\\wbem\\WMIADAP.EXE","TargetObject":"HKLM\\SOFTWARE\\Microsoft\\Windows NT\\CurrentVersion\\Perflib\\Last Counter","Details":"DWORD (0x00003f00)","User":"NT AUTHORITY\\SYSTEM"}}
{"LogSource":"Microsoft-Windows-Sysmon/Operational","EventId":13,"TimeCreated":"2024-10-10T22:12:25.1112420-07:00","RecordId":171299,"MachineName":"Win10","EventData":{"RuleName":"Suspicious,ImageBeginWithBackslash","EventType":"SetValue","UtcTime":"2024-10-11 05:12:25.110","ProcessGuid":"{53968da7-b2f3-6708-d400-00000000fb00}","ProcessId":"3516","Image":"\\\\?\\C:\\Windows\\system32\\wbem\\WMIADAP.EXE","TargetObject":"HKLM\\SOFTWARE\\Microsoft\\Windows NT\\CurrentVersion\\Perflib\\Last Help","Details":"DWORD (0x00003f01)","User":"NT AUTHORITY\\SYSTEM"}}
{"LogSource":"Microsoft-Windows-Sysmon/Operational","EventId":12,"TimeCreated":"2024-10-10T22:13:13.6832938-07:00","RecordId":171307,"MachineName":"Win10","EventData":{"RuleName":"Suspicious,ImageBeginWithBackslash","EventType":"DeleteKey","UtcTime":"2024-10-11 05:13:13.682","ProcessGuid":"{53968da7-b2f3-6708-d400-00000000fb00}","ProcessId":"3516","Image":"\\\\?\\C:\\Windows\\system32\\wbem\\WMIADAP.EXE","TargetObject":"HKLM\\SOFTWARE\\Microsoft\\Wbem\\WDM\\DREDGE","User":"NT AUTHORITY\\SYSTEM"}}
{"LogSource":"Microsoft-Windows-Sysmon/Operational","EventId":13,"TimeCreated":"2024-10-10T22:13:13.6827228-07:00","RecordId":171306,"MachineName":"Win10","EventData":{"RuleName":"Suspicious,ImageBeginWithBackslash","EventType":"SetValue","UtcTime":"2024-10-11 05:13:13.682","ProcessGuid":"{53968da7-b2f3-6708-d400-00000000fb00}","ProcessId":"3516","Image":"\\\\?\\C:\\Windows\\system32\\wbem\\WMIADAP.EXE","TargetObject":"HKLM\\SOFTWARE\\Microsoft\\Wbem\\PROVIDERS\\Performance\\Performance Data","Details":"Binary Data","User":"NT AUTHORITY\\SYSTEM"}}
{"LogSource":"Microsoft-Windows-Sysmon/Operational","EventId":13,"TimeCreated":"2024-10-10T22:13:13.6843893-07:00","RecordId":171309,"MachineName":"Win10","EventData":{"RuleName":"Suspicious,ImageBeginWithBackslash","EventType":"SetValue","UtcTime":"2024-10-11 05:13:13.683","ProcessGuid":"{53968da7-b2f3-6708-d400-00000000fb00}","ProcessId":"3516","Image":"\\\\?\\C:\\Windows\\system32\\wbem\\WMIADAP.EXE","TargetObject":"HKLM\\SOFTWARE\\Microsoft\\Wbem\\WDM\\DREDGE\\C:\\Windows\\system32\\en-US\\kernelbase.dll.mui[MofResourceName]","Details":"LowDateTime:255083537,HighDateTime:31135561***Binary mof compiled successfully","User":"NT AUTHORITY\\SYSTEM"}}
{"LogSource":"Microsoft-Windows-Sysmon/Operational","EventId":13,"TimeCreated":"2024-10-10T22:13:13.6851311-07:00","RecordId":171311,"MachineName":"Win10","EventData":{"RuleName":"Suspicious,ImageBeginWithBackslash","EventType":"SetValue","UtcTime":"2024-10-11 05:13:13.683","ProcessGuid":"{53968da7-b2f3-6708-d400-00000000fb00}","ProcessId":"3516","Image":"\\\\?\\C:\\Windows\\system32\\wbem\\WMIADAP.EXE","TargetObject":"HKLM\\SOFTWARE\\Microsoft\\Wbem\\WDM\\DREDGE\\C:\\Windows\\System32\\drivers\\en-US\\ACPI.sys.mui[ACPIMOFResource]","Details":"LowDateTime:-462098451,HighDateTime:30780584***Binary mof compiled successfully","User":"NT AUTHORITY\\SYSTEM"}}
{"LogSource":"Microsoft-Windows-Sysmon/Operational","EventId":13,"TimeCreated":"2024-10-10T22:13:13.6840079-07:00","RecordId":171308,"MachineName":"Win10","EventData":{"RuleName":"Suspicious,ImageBeginWithBackslash","EventType":"SetValue","UtcTime":"2024-10-11 05:13:13.683","ProcessGuid":"{53968da7-b2f3-6708-d400-00000000fb00}","ProcessId":"3516","Image":"\\\\?\\C:\\Windows\\system32\\wbem\\WMIADAP.EXE","TargetObject":"HKLM\\SOFTWARE\\Microsoft\\Wbem\\WDM\\DREDGE\\C:\\Windows\\system32\\kernelbase.dll[MofResourceName]","Details":"LowDateTime:1973284485,HighDateTime:31136137***Binary mof compiled successfully","User":"NT AUTHORITY\\SYSTEM"}}
{"LogSource":"Microsoft-Windows-Sysmon/Operational","EventId":13,"TimeCreated":"2024-10-10T22:13:13.6847526-07:00","RecordId":171310,"MachineName":"Win10","EventData":{"RuleName":"Suspicious,ImageBeginWithBackslash","EventType":"SetValue","UtcTime":"2024-10-11 05:13:13.683","ProcessGuid":"{53968da7-b2f3-6708-d400-00000000fb00}","ProcessId":"3516","Image":"\\\\?\\C:\\Windows\\system32\\wbem\\WMIADAP.EXE","TargetObject":"HKLM\\SOFTWARE\\Microsoft\\Wbem\\WDM\\DREDGE\\C:\\Windows\\System32\\drivers\\ACPI.sys[ACPIMOFResource]","Details":"LowDateTime:-1941734913,HighDateTime:31108473***Binary mof compiled successfully","User":"NT AUTHORITY\\SYSTEM"}}
{"LogSource":"Microsoft-Windows-Sysmon/Operational","EventId":13,"TimeCreated":"2024-10-10T22:13:13.6854951-07:00","RecordId":171312,"MachineName":"Win10","EventData":{"RuleName":"Suspicious,ImageBeginWithBackslash","EventType":"SetValue","UtcTime":"2024-10-11 05:13:13.683","ProcessGuid":"{53968da7-b2f3-6708-d400-00000000fb00}","ProcessId":"3516","Image":"\\\\?\\C:\\Windows\\system32\\wbem\\WMIADAP.EXE","TargetObject":"HKLM\\SOFTWARE\\Microsoft\\Wbem\\WDM\\DREDGE\\C:\\Windows\\System32\\drivers\\mssmbios.sys[MofResource]","Details":"LowDateTime:590886656,HighDateTime:30780579***Binary mof compiled successfully","User":"NT AUTHORITY\\SYSTEM"}}
{"LogSource":"Microsoft-Windows-Sysmon/Operational","EventId":13,"TimeCreated":"2024-10-10T22:13:13.6858580-07:00","RecordId":171313,"MachineName":"Win10","EventData":{"RuleName":"Suspicious,ImageBeginWithBackslash","EventType":"SetValue","UtcTime":"2024-10-11 05:13:13.684","ProcessGuid":"{53968da7-b2f3-6708-d400-00000000fb00}","ProcessId":"3516","Image":"\\\\?\\C:\\Windows\\system32\\wbem\\WMIADAP.EXE","TargetObject":"HKLM\\SOFTWARE\\Microsoft\\Wbem\\WDM\\DREDGE\\C:\\Windows\\System32\\drivers\\en-US\\mssmbios.sys.mui[MofResource]","Details":"LowDateTime:-455690114,HighDateTime:30780584***Binary mof compiled successfully","User":"NT AUTHORITY\\SYSTEM"}}
{"LogSource":"Microsoft-Windows-Sysmon/Operational","EventId":13,"TimeCreated":"2024-10-10T22:13:13.6861843-07:00","RecordId":171314,"MachineName":"Win10","EventData":{"RuleName":"Suspicious,ImageBeginWithBackslash","EventType":"SetValue","UtcTime":"2024-10-11 05:13:13.684","ProcessGuid":"{53968da7-b2f3-6708-d400-00000000fb00}","ProcessId":"3516","Image":"\\\\?\\C:\\Windows\\system32\\wbem\\WMIADAP.EXE","TargetObject":"HKLM\\SOFTWARE\\Microsoft\\Wbem\\WDM\\DREDGE\\C:\\Windows\\system32\\drivers\\battc.sys[BATTCWMI]","Details":"LowDateTime:590730949,HighDateTime:30780579***Binary mof compiled successfully","User":"NT AUTHORITY\\SYSTEM"}}
{"LogSource":"Microsoft-Windows-Sysmon/Operational","EventId":13,"TimeCreated":"2024-10-10T22:13:13.6869553-07:00","RecordId":171316,"MachineName":"Win10","EventData":{"RuleName":"Suspicious,ImageBeginWithBackslash","EventType":"SetValue","UtcTime":"2024-10-11 05:13:13.684","ProcessGuid":"{53968da7-b2f3-6708-d400-00000000fb00}","ProcessId":"3516","Image":"\\\\?\\C:\\Windows\\system32\\wbem\\WMIADAP.EXE","TargetObject":"HKLM\\SOFTWARE\\Microsoft\\Wbem\\WDM\\DREDGE\\C:\\Windows\\System32\\drivers\\en-US\\processr.sys.mui[PROCESSORWMI]","Details":"LowDateTime:-462098451,HighDateTime:30780584***Binary mof compiled successfully","User":"NT AUTHORITY\\SYSTEM"}}
{"LogSource":"Microsoft-Windows-Sysmon/Operational","EventId":13,"TimeCreated":"2024-10-10T22:13:13.6873079-07:00","RecordId":171317,"MachineName":"Win10","EventData":{"RuleName":"Suspicious,ImageBeginWithBackslash","EventType":"SetValue","UtcTime":"2024-10-11 05:13:13.684","ProcessGuid":"{53968da7-b2f3-6708-d400-00000000fb00}","ProcessId":"3516","Image":"\\\\?\\C:\\Windows\\system32\\wbem\\WMIADAP.EXE","TargetObject":"HKLM\\SOFTWARE\\Microsoft\\Wbem\\WDM\\DREDGE\\C:\\Windows\\System32\\drivers\\HDAudBus.sys[HDAudioMofName]","Details":"LowDateTime:1833770772,HighDateTime:31136137***Binary mof compiled successfully","User":"NT AUTHORITY\\SYSTEM"}}
{"LogSource":"Microsoft-Windows-Sysmon/Operational","EventId":13,"TimeCreated":"2024-10-10T22:13:13.6876655-07:00","RecordId":171318,"MachineName":"Win10","EventData":{"RuleName":"Suspicious,ImageBeginWithBackslash","EventType":"SetValue","UtcTime":"2024-10-11 05:13:13.684","ProcessGuid":"{53968da7-b2f3-6708-d400-00000000fb00}","ProcessId":"3516","Image":"\\\\?\\C:\\Windows\\system32\\wbem\\WMIADAP.EXE","TargetObject":"HKLM\\SOFTWARE\\Microsoft\\Wbem\\WDM\\DREDGE\\C:\\Windows\\System32\\Drivers\\portcls.SYS[PortclsMof]","Details":"LowDateTime:909573519,HighDateTime:31121867***Binary mof compiled successfully","User":"NT AUTHORITY\\SYSTEM"}}
{"LogSource":"Microsoft-Windows-Sysmon/Operational","EventId":13,"TimeCreated":"2024-10-10T22:13:13.6879400-07:00","RecordId":171319,"MachineName":"Win10","EventData":{"RuleName":"Suspicious,ImageBeginWithBackslash","EventType":"SetValue","UtcTime":"2024-10-11 05:13:13.685","ProcessGuid":"{53968da7-b2f3-6708-d400-00000000fb00}","ProcessId":"3516","Image":"\\\\?\\C:\\Windows\\system32\\wbem\\WMIADAP.EXE","TargetObject":"HKLM\\SOFTWARE\\Microsoft\\Wbem\\PROVIDERS\\Performance\\Performance Refresh","Details":"DWORD (0x00000000)","User":"NT AUTHORITY\\SYSTEM"}}
{"LogSource":"Microsoft-Windows-Sysmon/Operational","EventId":13,"TimeCreated":"2024-10-10T22:13:13.6882396-07:00","RecordId":171320,"MachineName":"Win10","EventData":{"RuleName":"Suspicious,ImageBeginWithBackslash","EventType":"SetValue","UtcTime":"2024-10-11 05:13:13.685","ProcessGuid":"{53968da7-b2f3-6708-d400-00000000fb00}","ProcessId":"3516","Image":"\\\\?\\C:\\Windows\\system32\\wbem\\WMIADAP.EXE","TargetObject":"HKLM\\SOFTWARE\\Microsoft\\Wbem\\PROVIDERS\\Performance\\Performance Refreshed","Details":"DWORD (0x00000001)","User":"NT AUTHORITY\\SYSTEM"}}
{"LogSource":"Microsoft-Windows-Sysmon/Operational","EventId":13,"TimeCreated":"2024-10-10T22:13:13.6865396-07:00","RecordId":171315,"MachineName":"Win10","EventData":{"RuleName":"Suspicious,ImageBeginWithBackslash","EventType":"SetValue","UtcTime":"2024-10-11 05:13:13.684","ProcessGuid":"{53968da7-b2f3-6708-d400-00000000fb00}","ProcessId":"3516","Image":"\\\\?\\C:\\Windows\\system32\\wbem\\WMIADAP.EXE","TargetObject":"HKLM\\SOFTWARE\\Microsoft\\Wbem\\WDM\\DREDGE\\C:\\Windows\\System32\\drivers\\processr.sys[PROCESSORWMI]","Details":"LowDateTime:-1941255906,HighDateTime:31108473***Binary mof compiled successfully","User":"NT AUTHORITY\\SYSTEM"}}
{"LogSource":"Microsoft-Windows-Sysmon/Operational","EventId":1,"TimeCreated":"2024-10-10T22:15:12.9518637-07:00","RecordId":171321,"MachineName":"Win10","EventData":{"RuleName":"-","UtcTime":"2024-10-11 05:15:12.950","ProcessGuid":"{53968da7-b460-6708-e000-00000000fb00}","ProcessId":"4784","Image":"C:\\Windows\\System32\\oobe\\UserOOBEBroker.exe","FileVersion":"10.0.19041.4355 (WinBuild.160101.0800)","Description":"User OOBE Broker","Product":"Microsoft® Windows® Operating System","Company":"Microsoft Corporation","OriginalFileName":"UserOOBEBroker.exe","CommandLine":"C:\\Windows\\System32\\oobe\\UserOOBEBroker.exe -Embedding","CurrentDirectory":"C:\\Windows\\system32\\","User":"WIN10\\richard","LogonGuid":"{53968da7-b202-6708-c295-020000000000}","LogonId":"0x295c2","TerminalSessionId":"1","IntegrityLevel":"Medium","Hashes":"MD5=340B782D4C7FF9A2C5248FE3BDF7C7FD,SHA256=094A94052376352FD2FAD2CC666E6B52178842202F8147BC3596B5B78A7D0837,IMPHASH=DB3D54E6C0B9C0E728AB62733514AC86","ParentProcessGuid":"{53968da7-b200-6708-0d00-00000000fb00}","ParentProcessId":"884","ParentImage":"C:\\Windows\\System32\\svchost.exe","ParentCommandLine":"C:\\Windows\\system32\\svchost.exe -k DcomLaunch -p","ParentUser":"NT AUTHORITY\\SYSTEM"}}
