{"LogSource":"Microsoft-Windows-Sysmon/Operational","EventId":1,"TimeCreated":"2024-10-10T23:33:15.8179956-07:00","RecordId":172112,"MachineName":"Win10","EventData":{"RuleName":"-","UtcTime":"2024-10-11 06:33:15.816","ProcessGuid":"{53968da7-c6ab-6708-d102-00000000fb00}","ProcessId":"1868","Image":"C:\\Program Files\\Mozilla Firefox\\firefox.exe","FileVersion":"131.0.2","Description":"Firefox","Product":"Firefox","Company":"Mozilla Corporation","OriginalFileName":"firefox.exe","CommandLine":"\"C:\\Program Files\\Mozilla Firefox\\firefox.exe\" https://www.netflix.com","CurrentDirectory":"C:\\Windows\\system32\\","User":"WIN10\\richard","LogonGuid":"{53968da7-b202-6708-c295-020000000000}","LogonId":"0x295c2","TerminalSessionId":"1","IntegrityLevel":"Medium","Hashes":"MD5=571814A7939D001662BBA7760BD0B187,SHA256=9725AFC685C8EE135701E140A83B94FE7D958360A1F546215F7EAFDFF5E53A83,IMPHASH=BB4CE52E8306F88C0B1DA570553704E4","ParentProcessGuid":"{53968da7-c6ab-6708-d002-00000000fb00}","ParentProcessId":"1716","ParentImage":"C:\\Program Files\\Mozilla Firefox\\firefox.exe","ParentCommandLine":"\"C:\\Program Files\\Mozilla Firefox\\firefox.exe\" https://www.netflix.com --attempting-deelevation","ParentUser":"WIN10\\richard"}}
{"LogSource":"Microsoft-Windows-Sysmon/Operational","EventId":1,"TimeCreated":"2024-10-10T23:33:15.9695983-07:00","RecordId":172113,"MachineName":"Win10","EventData":{"RuleName":"-","UtcTime":"2024-10-11 06:33:15.966","ProcessGuid":"{53968da7-c6ab-6708-d202-00000000fb00}","ProcessId":"8152","Image":"C:\\Program Files\\Mozilla Firefox\\firefox.exe","FileVersion":"131.0.2","Description":"Firefox","Product":"Firefox","Company":"Mozilla Corporation","OriginalFileName":"firefox.exe","CommandLine":"\"C:\\Program Files\\Mozilla Firefox\\firefox.exe\" -contentproc --channel=1932 -parentBuildID 20241008210941 -prefsHandle 1872 -prefMapHandle 1864 -prefsLen 30861 -prefMapSize 263003 -appDir \"C:\\Program Files\\Mozilla Firefox\\browser\" - {e8e92096-07b2-43db-9fef-02832dbe5f89} 1868 \"\\\\.\\pipe\\gecko-crash-server-pipe.1868\" 1 gpu","CurrentDirectory":"C:\\Windows\\system32\\","User":"WIN10\\richard","LogonGuid":"{53968da7-b202-6708-c295-020000000000}","LogonId":"0x295c2","TerminalSessionId":"1","IntegrityLevel":"Low","Hashes":"MD5=571814A7939D001662BBA7760BD0B187,SHA256=9725AFC685C8EE135701E140A83B94FE7D958360A1F546215F7EAFDFF5E53A83,IMPHASH=BB4CE52E8306F88C0B1DA570553704E4","ParentProcessGuid":"{53968da7-c6ab-6708-d102-00000000fb00}","ParentProcessId":"1868","ParentImage":"C:\\Program Files\\Mozilla Firefox\\firefox.exe","ParentCommandLine":"\"C:\\Program Files\\Mozilla Firefox\\firefox.exe\" https://www.netflix.com","ParentUser":"WIN10\\richard"}}
{"LogSource":"Microsoft-Windows-Sysmon/Operational","EventId":1,"TimeCreated":"2024-10-10T23:33:16.0171403-07:00","RecordId":172114,"MachineName":"Win10","EventData":{"RuleName":"-","UtcTime":"2024-10-11 06:33:16.014","ProcessGuid":"{53968da7-c6ac-6708-d302-00000000fb00}","ProcessId":"8288","Image":"C:\\Program Files\\Mozilla Firefox\\firefox.exe","FileVersion":"131.0.2","Description":"Firefox","Product":"Firefox","Company":"Mozilla Corporation","OriginalFileName":"firefox.exe","CommandLine":"\"C:\\Program Files\\Mozilla Firefox\\firefox.exe\" -contentproc --channel=2376 -parentBuildID 20241008210941 -prefsHandle 2368 -prefMapHandle 2364 -prefsLen 30897 -prefMapSize 263003 -win32kLockedDown -appDir \"C:\\Program Files\\Mozilla Firefox\\browser\" - {9357f780-fefe-4159-bc58-425256a960ee} 1868 \"\\\\.\\pipe\\gecko-crash-server-pipe.1868\" 2 socket","CurrentDirectory":"C:\\Windows\\system32\\","User":"WIN10\\richard","LogonGuid":"{53968da7-b202-6708-c295-020000000000}","LogonId":"0x295c2","TerminalSessionId":"1","IntegrityLevel":"Low","Hashes":"MD5=571814A7939D001662BBA7760BD0B187,SHA256=9725AFC685C8EE135701E140A83B94FE7D958360A1F546215F7EAFDFF5E53A83,IMPHASH=BB4CE52E8306F88C0B1DA570553704E4","ParentProcessGuid":"{53968da7-c6ab-6708-d102-00000000fb00}","ParentProcessId":"1868","ParentImage":"C:\\Program Files\\Mozilla Firefox\\firefox.exe","ParentCommandLine":"\"C:\\Program Files\\Mozilla Firefox\\firefox.exe\" https://www.netflix.com","ParentUser":"WIN10\\richard"}}
{"LogSource":"Microsoft-Windows-Sysmon/Operational","EventId":1,"TimeCreated":"2024-10-10T23:33:16.1928408-07:00","RecordId":172115,"MachineName":"Win10","EventData":{"RuleName":"-","UtcTime":"2024-10-11 06:33:16.190","ProcessGuid":"{53968da7-c6ac-6708-d402-00000000fb00}","ProcessId":"8240","Image":"C:\\Program Files\\Mozilla Firefox\\firefox.exe","FileVersion":"131.0.2","Description":"Firefox","Product":"Firefox","Company":"Mozilla Corporation","OriginalFileName":"firefox.exe","CommandLine":"\"C:\\Program Files\\Mozilla Firefox\\firefox.exe\" -contentproc --channel=3096 -isForBrowser -prefsHandle 3088 -prefMapHandle 3084 -prefsLen 27591 -prefMapSize 263003 -jsInitHandle 1432 -jsInitLen 234840 -parentBuildID 20241008210941 -win32kLockedDown -appDir \"C:\\Program Files\\Mozilla Firefox\\browser\" - {836e6aa4-e0d5-40fe-a195-4ff2102c4af3} 1868 \"\\\\.\\pipe\\gecko-crash-server-pipe.1868\" 3 tab","CurrentDirectory":"C:\\Windows\\system32\\","User":"WIN10\\richard","LogonGuid":"{53968da7-b202-6708-c295-020000000000}","LogonId":"0x295c2","TerminalSessionId":"1","IntegrityLevel":"Low","Hashes":"MD5=571814A7939D001662BBA7760BD0B187,SHA256=9725AFC685C8EE135701E140A83B94FE7D958360A1F546215F7EAFDFF5E53A83,IMPHASH=BB4CE52E8306F88C0B1DA570553704E4","ParentProcessGuid":"{53968da7-c6ab-6708-d102-00000000fb00}","ParentProcessId":"1868","ParentImage":"C:\\Program Files\\Mozilla Firefox\\firefox.exe","ParentCommandLine":"\"C:\\Program Files\\Mozilla Firefox\\firefox.exe\" https://www.netflix.com","ParentUser":"WIN10\\richard"}}
{"LogSource":"Microsoft-Windows-Sysmon/Operational","EventId":1,"TimeCreated":"2024-10-10T23:33:16.5035844-07:00","RecordId":172116,"MachineName":"Win10","EventData":{"RuleName":"-","UtcTime":"2024-10-11 06:33:16.501","ProcessGuid":"{53968da7-c6ac-6708-d502-00000000fb00}","ProcessId":"2824","Image":"C:\\Program Files\\Mozilla Firefox\\firefox.exe","FileVersion":"131.0.2","Description":"Firefox","Product":"Firefox","Company":"Mozilla Corporation","OriginalFileName":"firefox.exe","CommandLine":"\"C:\\Program Files\\Mozilla Firefox\\firefox.exe\" -contentproc --channel=4192 -isForBrowser -prefsHandle 4184 -prefMapHandle 4180 -prefsLen 37035 -prefMapSize 263003 -jsInitHandle 1432 -jsInitLen 234840 -parentBuildID 20241008210941 -win32kLockedDown -appDir \"C:\\Program Files\\Mozilla Firefox\\browser\" - {6c15f7af-1d50-486c-be6c-d6a7892903f8} 1868 \"\\\\.\\pipe\\gecko-crash-server-pipe.1868\" 4 tab","CurrentDirectory":"C:\\Windows\\system32\\","User":"WIN10\\richard","LogonGuid":"{53968da7-b202-6708-c295-020000000000}","LogonId":"0x295c2","TerminalSessionId":"1","IntegrityLevel":"Low","Hashes":"MD5=571814A7939D001662BBA7760BD0B187,SHA256=9725AFC685C8EE135701E140A83B94FE7D958360A1F546215F7EAFDFF5E53A83,IMPHASH=BB4CE52E8306F88C0B1DA570553704E4","ParentProcessGuid":"{53968da7-c6ab-6708-d102-00000000fb00}","ParentProcessId":"1868","ParentImage":"C:\\Program Files\\Mozilla Firefox\\firefox.exe","ParentCommandLine":"\"C:\\Program Files\\Mozilla Firefox\\firefox.exe\" https://www.netflix.com","ParentUser":"WIN10\\richard"}}
{"LogSource":"Microsoft-Windows-Sysmon/Operational","EventId":1,"TimeCreated":"2024-10-10T23:33:16.9540853-07:00","RecordId":172117,"MachineName":"Win10","EventData":{"RuleName":"-","UtcTime":"2024-10-11 06:33:16.950","ProcessGuid":"{53968da7-c6ac-6708-d602-00000000fb00}","ProcessId":"1908","Image":"C:\\Program Files\\Mozilla Firefox\\firefox.exe","FileVersion":"131.0.2","Description":"Firefox","Product":"Firefox","Company":"Mozilla Corporation","OriginalFileName":"firefox.exe","CommandLine":"\"C:\\Program Files\\Mozilla Firefox\\firefox.exe\" -contentproc --channel=5324 -parentBuildID 20241008210941 -sandboxingKind 0 -prefsHandle 5352 -prefMapHandle 5348 -prefsLen 37084 -prefMapSize 263003 -win32kLockedDown -appDir \"C:\\Program Files\\Mozilla Firefox\\browser\" - {6289b842-9bce-4922-86a2-e79615130ba5} 1868 \"\\\\.\\pipe\\gecko-crash-server-pipe.1868\" 5 utility","CurrentDirectory":"C:\\Windows\\system32\\","User":"WIN10\\richard","LogonGuid":"{53968da7-b202-6708-c295-020000000000}","LogonId":"0x295c2","TerminalSessionId":"1","IntegrityLevel":"Low","Hashes":"MD5=571814A7939D001662BBA7760BD0B187,SHA256=9725AFC685C8EE135701E140A83B94FE7D958360A1F546215F7EAFDFF5E53A83,IMPHASH=BB4CE52E8306F88C0B1DA570553704E4","ParentProcessGuid":"{53968da7-c6ab-6708-d102-00000000fb00}","ParentProcessId":"1868","ParentImage":"C:\\Program Files\\Mozilla Firefox\\firefox.exe","ParentCommandLine":"\"C:\\Program Files\\Mozilla Firefox\\firefox.exe\" https://www.netflix.com","ParentUser":"WIN10\\richard"}}
{"LogSource":"Microsoft-Windows-Sysmon/Operational","EventId":1,"TimeCreated":"2024-10-10T23:33:17.0104795-07:00","RecordId":172118,"MachineName":"Win10","EventData":{"RuleName":"-","UtcTime":"2024-10-11 06:33:17.007","ProcessGuid":"{53968da7-c6ad-6708-d702-00000000fb00}","ProcessId":"6600","Image":"C:\\Program Files\\Mozilla Firefox\\firefox.exe","FileVersion":"131.0.2","Description":"Firefox","Product":"Firefox","Company":"Mozilla Corporation","OriginalFileName":"firefox.exe","CommandLine":"\"C:\\Program Files\\Mozilla Firefox\\firefox.exe\" -contentproc --channel=5268 -isForBrowser -prefsHandle 5256 -prefMapHandle 5316 -prefsLen 37084 -prefMapSize 263003 -jsInitHandle 1432 -jsInitLen 234840 -parentBuildID 20241008210941 -win32kLockedDown -appDir \"C:\\Program Files\\Mozilla Firefox\\browser\" - {4c280403-e4bc-4ee2-9fb2-c4e69c9f4d34} 1868 \"\\\\.\\pipe\\gecko-crash-server-pipe.1868\" 6 tab","CurrentDirectory":"C:\\Windows\\system32\\","User":"WIN10\\richard","LogonGuid":"{53968da7-b202-6708-c295-020000000000}","LogonId":"0x295c2","TerminalSessionId":"1","IntegrityLevel":"Low","Hashes":"MD5=571814A7939D001662BBA7760BD0B187,SHA256=9725AFC685C8EE135701E140A83B94FE7D958360A1F546215F7EAFDFF5E53A83,IMPHASH=BB4CE52E8306F88C0B1DA570553704E4","ParentProcessGuid":"{53968da7-c6ab-6708-d102-00000000fb00}","ParentProcessId":"1868","ParentImage":"C:\\Program Files\\Mozilla Firefox\\firefox.exe","ParentCommandLine":"\"C:\\Program Files\\Mozilla Firefox\\firefox.exe\" https://www.netflix.com","ParentUser":"WIN10\\richard"}}
{"LogSource":"Microsoft-Windows-Sysmon/Operational","EventId":1,"TimeCreated":"2024-10-10T23:33:17.1984932-07:00","RecordId":172119,"MachineName":"Win10","EventData":{"RuleName":"-","UtcTime":"2024-10-11 06:33:17.195","ProcessGuid":"{53968da7-c6ad-6708-d802-00000000fb00}","ProcessId":"4880","Image":"C:\\Program Files\\Mozilla Firefox\\firefox.exe","FileVersion":"131.0.2","Description":"Firefox","Product":"Firefox","Company":"Mozilla Corporation","OriginalFileName":"firefox.exe","CommandLine":"\"C:\\Program Files\\Mozilla Firefox\\firefox.exe\" -contentproc --channel=5964 -isForBrowser -prefsHandle 5984 -prefMapHandle 5996 -prefsLen 33637 -prefMapSize 263003 -jsInitHandle 1432 -jsInitLen 234840 -parentBuildID 20241008210941 -win32kLockedDown -appDir \"C:\\Program Files\\Mozilla Firefox\\browser\" - {75b19224-c399-40df-a74e-f91a0ccedfc2} 1868 \"\\\\.\\pipe\\gecko-crash-server-pipe.1868\" 7 tab","CurrentDirectory":"C:\\Windows\\system32\\","User":"WIN10\\richard","LogonGuid":"{53968da7-b202-6708-c295-020000000000}","LogonId":"0x295c2","TerminalSessionId":"1","IntegrityLevel":"Low","Hashes":"MD5=571814A7939D001662BBA7760BD0B187,SHA256=9725AFC685C8EE135701E140A83B94FE7D958360A1F546215F7EAFDFF5E53A83,IMPHASH=BB4CE52E8306F88C0B1DA570553704E4","ParentProcessGuid":"{53968da7-c6ab-6708-d102-00000000fb00}","ParentProcessId":"1868","ParentImage":"C:\\Program Files\\Mozilla Firefox\\firefox.exe","ParentCommandLine":"\"C:\\Program Files\\Mozilla Firefox\\firefox.exe\" https://www.netflix.com","ParentUser":"WIN10\\richard"}}
{"LogSource":"Microsoft-Windows-Sysmon/Operational","EventId":1,"TimeCreated":"2024-10-10T23:33:17.2121936-07:00","RecordId":172121,"MachineName":"Win10","EventData":{"RuleName":"-","UtcTime":"2024-10-11 06:33:17.210","ProcessGuid":"{53968da7-c6ad-6708-da02-00000000fb00}","ProcessId":"3408","Image":"C:\\Program Files\\Mozilla Firefox\\firefox.exe","FileVersion":"131.0.2","Description":"Firefox","Product":"Firefox","Company":"Mozilla Corporation","OriginalFileName":"firefox.exe","CommandLine":"\"C:\\Program Files\\Mozilla Firefox\\firefox.exe\" -contentproc --channel=6280 -isForBrowser -prefsHandle 6336 -prefMapHandle 6252 -prefsLen 33637 -prefMapSize 263003 -jsInitHandle 1432 -jsInitLen 234840 -parentBuildID 20241008210941 -win32kLockedDown -appDir \"C:\\Program Files\\Mozilla Firefox\\browser\" - {f96d7f65-824b-4775-b83c-b2712be20cca} 1868 \"\\\\.\\pipe\\gecko-crash-server-pipe.1868\" 9 tab","CurrentDirectory":"C:\\Windows\\system32\\","User":"WIN10\\richard","LogonGuid":"{53968da7-b202-6708-c295-020000000000}","LogonId":"0x295c2","TerminalSessionId":"1","IntegrityLevel":"Low","Hashes":"MD5=571814A7939D001662BBA7760BD0B187,SHA256=9725AFC685C8EE135701E140A83B94FE7D958360A1F546215F7EAFDFF5E53A83,IMPHASH=BB4CE52E8306F88C0B1DA570553704E4","ParentProcessGuid":"{53968da7-c6ab-6708-d102-00000000fb00}","ParentProcessId":"1868","ParentImage":"C:\\Program Files\\Mozilla Firefox\\firefox.exe","ParentCommandLine":"\"C:\\Program Files\\Mozilla Firefox\\firefox.exe\" https://www.netflix.com","ParentUser":"WIN10\\richard"}}
{"LogSource":"Microsoft-Windows-Sysmon/Operational","EventId":22,"TimeCreated":"2024-10-10T23:33:17.3626915-07:00","RecordId":172122,"MachineName":"Win10","EventData":{"RuleName":"-","UtcTime":"2024-10-11 06:33:15.126","ProcessGuid":"{53968da7-c6ab-6708-d102-00000000fb00}","ProcessId":"1868","QueryName":"detectportal.firefox.com","QueryStatus":"0","QueryResults":"type:  5 detectportal.prod.mozaws.net;type:  5 prod.detectportal.prod.cloudops.mozgcp.net;2600:1901:0:38d7::;::ffff:34.107.221.82;","Image":"C:\\Program Files\\Mozilla Firefox\\firefox.exe","User":"WIN10\\richard"}}
{"LogSource":"Microsoft-Windows-Sysmon/Operational","EventId":22,"TimeCreated":"2024-10-10T23:33:17.3638786-07:00","RecordId":172123,"MachineName":"Win10","EventData":{"RuleName":"-","UtcTime":"2024-10-11 06:33:15.128","ProcessGuid":"{53968da7-c6ab-6708-d102-00000000fb00}","ProcessId":"1868","QueryName":"detectportal.firefox.com","QueryStatus":"0","QueryResults":"type:  5 detectportal.prod.mozaws.net;type:  5 prod.detectportal.prod.cloudops.mozgcp.net;2600:1901:0:38d7::;::ffff:34.107.221.82;","Image":"C:\\Program Files\\Mozilla Firefox\\firefox.exe","User":"WIN10\\richard"}}
{"LogSource":"Microsoft-Windows-Sysmon/Operational","EventId":22,"TimeCreated":"2024-10-10T23:33:17.3650175-07:00","RecordId":172124,"MachineName":"Win10","EventData":{"RuleName":"-","UtcTime":"2024-10-11 06:33:15.128","ProcessGuid":"{53968da7-c6ab-6708-d102-00000000fb00}","ProcessId":"1868","QueryName":"prod.detectportal.prod.cloudops.mozgcp.net","QueryStatus":"0","QueryResults":"34.107.221.82;","Image":"C:\\Program Files\\Mozilla Firefox\\firefox.exe","User":"WIN10\\richard"}}
{"LogSource":"Microsoft-Windows-Sysmon/Operational","EventId":22,"TimeCreated":"2024-10-10T23:33:17.3661445-07:00","RecordId":172125,"MachineName":"Win10","EventData":{"RuleName":"-","UtcTime":"2024-10-11 06:33:15.128","ProcessGuid":"{53968da7-c6ab-6708-d102-00000000fb00}","ProcessId":"1868","QueryName":"prod.detectportal.prod.cloudops.mozgcp.net","QueryStatus":"0","QueryResults":"2600:1901:0:38d7::;","Image":"C:\\Program Files\\Mozilla Firefox\\firefox.exe","User":"WIN10\\richard"}}
{"LogSource":"Microsoft-Windows-Sysmon/Operational","EventId":22,"TimeCreated":"2024-10-10T23:33:17.3672766-07:00","RecordId":172126,"MachineName":"Win10","EventData":{"RuleName":"-","UtcTime":"2024-10-11 06:33:15.165","ProcessGuid":"{53968da7-c6ab-6708-d102-00000000fb00}","ProcessId":"1868","QueryName":"private.canadianshield.cira.ca","QueryStatus":"0","QueryResults":"2620:10a:80bb::10;2620:10a:80bc::10;::ffff:149.112.122.10;::ffff:149.112.121.10;","Image":"C:\\Program Files\\Mozilla Firefox\\firefox.exe","User":"WIN10\\richard"}}
{"LogSource":"Microsoft-Windows-Sysmon/Operational","EventId":22,"TimeCreated":"2024-10-10T23:33:17.3684439-07:00","RecordId":172127,"MachineName":"Win10","EventData":{"RuleName":"-","UtcTime":"2024-10-11 06:33:15.166","ProcessGuid":"{53968da7-c6ab-6708-d102-00000000fb00}","ProcessId":"1868","QueryName":"private.canadianshield.cira.ca","QueryStatus":"0","QueryResults":"2620:10a:80bb::10;2620:10a:80bc::10;::ffff:149.112.122.10;::ffff:149.112.121.10;","Image":"C:\\Program Files\\Mozilla Firefox\\firefox.exe","User":"WIN10\\richard"}}
{"LogSource":"Microsoft-Windows-Sysmon/Operational","EventId":22,"TimeCreated":"2024-10-10T23:33:17.3696290-07:00","RecordId":172128,"MachineName":"Win10","EventData":{"RuleName":"-","UtcTime":"2024-10-11 06:33:15.166","ProcessGuid":"{53968da7-c6ab-6708-d102-00000000fb00}","ProcessId":"1868","QueryName":"private.canadianshield.cira.ca","QueryStatus":"0","QueryResults":"149.112.121.10;149.112.122.10;","Image":"C:\\Program Files\\Mozilla Firefox\\firefox.exe","User":"WIN10\\richard"}}
{"LogSource":"Microsoft-Windows-Sysmon/Operational","EventId":22,"TimeCreated":"2024-10-10T23:33:17.3708038-07:00","RecordId":172129,"MachineName":"Win10","EventData":{"RuleName":"-","UtcTime":"2024-10-11 06:33:15.166","ProcessGuid":"{53968da7-c6ab-6708-d102-00000000fb00}","ProcessId":"1868","QueryName":"private.canadianshield.cira.ca","QueryStatus":"0","QueryResults":"2620:10a:80bc::10;2620:10a:80bb::10;","Image":"C:\\Program Files\\Mozilla Firefox\\firefox.exe","User":"WIN10\\richard"}}
{"LogSource":"Microsoft-Windows-Sysmon/Operational","EventId":22,"TimeCreated":"2024-10-10T23:33:17.3719617-07:00","RecordId":172130,"MachineName":"Win10","EventData":{"RuleName":"-","UtcTime":"2024-10-11 06:33:15.193","ProcessGuid":"{53968da7-c6ab-6708-d102-00000000fb00}","ProcessId":"1868","QueryName":"example.org","QueryStatus":"0","QueryResults":"93.184.215.14;","Image":"C:\\Program Files\\Mozilla Firefox\\firefox.exe","User":"WIN10\\richard"}}
{"LogSource":"Microsoft-Windows-Sysmon/Operational","EventId":22,"TimeCreated":"2024-10-10T23:33:17.3731295-07:00","RecordId":172131,"MachineName":"Win10","EventData":{"RuleName":"-","UtcTime":"2024-10-11 06:33:15.194","ProcessGuid":"{53968da7-c6ab-6708-d102-00000000fb00}","ProcessId":"1868","QueryName":"example.org","QueryStatus":"0","QueryResults":"2606:2800:21f:cb07:6820:80da:af6b:8b2c;::ffff:93.184.215.14;","Image":"C:\\Program Files\\Mozilla Firefox\\firefox.exe","User":"WIN10\\richard"}}
{"LogSource":"Microsoft-Windows-Sysmon/Operational","EventId":22,"TimeCreated":"2024-10-10T23:33:17.3742964-07:00","RecordId":172132,"MachineName":"Win10","EventData":{"RuleName":"-","UtcTime":"2024-10-11 06:33:15.194","ProcessGuid":"{53968da7-c6ab-6708-d102-00000000fb00}","ProcessId":"1868","QueryName":"example.org","QueryStatus":"0","QueryResults":"93.184.215.14;","Image":"C:\\Program Files\\Mozilla Firefox\\firefox.exe","User":"WIN10\\richard"}}
{"LogSource":"Microsoft-Windows-Sysmon/Operational","EventId":22,"TimeCreated":"2024-10-10T23:33:17.3754510-07:00","RecordId":172133,"MachineName":"Win10","EventData":{"RuleName":"-","UtcTime":"2024-10-11 06:33:15.194","ProcessGuid":"{53968da7-c6ab-6708-d102-00000000fb00}","ProcessId":"1868","QueryName":"example.org","QueryStatus":"0","QueryResults":"93.184.215.14;","Image":"C:\\Program Files\\Mozilla Firefox\\firefox.exe","User":"WIN10\\richard"}}
{"LogSource":"Microsoft-Windows-Sysmon/Operational","EventId":22,"TimeCreated":"2024-10-10T23:33:17.3766420-07:00","RecordId":172134,"MachineName":"Win10","EventData":{"RuleName":"-","UtcTime":"2024-10-11 06:33:15.194","ProcessGuid":"{53968da7-c6ab-6708-d102-00000000fb00}","ProcessId":"1868","QueryName":"example.org","QueryStatus":"0","QueryResults":"2606:2800:21f:cb07:6820:80da:af6b:8b2c;::ffff:93.184.215.14;","Image":"C:\\Program Files\\Mozilla Firefox\\firefox.exe","User":"WIN10\\richard"}}
{"LogSource":"Microsoft-Windows-Sysmon/Operational","EventId":22,"TimeCreated":"2024-10-10T23:33:17.3781388-07:00","RecordId":172135,"MachineName":"Win10","EventData":{"RuleName":"-","UtcTime":"2024-10-11 06:33:15.195","ProcessGuid":"{53968da7-c6ab-6708-d102-00000000fb00}","ProcessId":"1868","QueryName":"example.org","QueryStatus":"0","QueryResults":"2606:2800:21f:cb07:6820:80da:af6b:8b2c;","Image":"C:\\Program Files\\Mozilla Firefox\\firefox.exe","User":"WIN10\\richard"}}
{"LogSource":"Microsoft-Windows-Sysmon/Operational","EventId":22,"TimeCreated":"2024-10-10T23:33:17.3792743-07:00","RecordId":172136,"MachineName":"Win10","EventData":{"RuleName":"-","UtcTime":"2024-10-11 06:33:15.310","ProcessGuid":"{53968da7-c6ab-6708-d102-00000000fb00}","ProcessId":"1868","QueryName":"www.google.com.","QueryStatus":"0","QueryResults":"142.250.217.100;","Image":"C:\\Program Files\\Mozilla Firefox\\firefox.exe","User":"WIN10\\richard"}}
{"LogSource":"Microsoft-Windows-Sysmon/Operational","EventId":22,"TimeCreated":"2024-10-10T23:33:17.3804231-07:00","RecordId":172137,"MachineName":"Win10","EventData":{"RuleName":"-","UtcTime":"2024-10-11 06:33:15.310","ProcessGuid":"{53968da7-c6ab-6708-d102-00000000fb00}","ProcessId":"1868","QueryName":"google.com.","QueryStatus":"0","QueryResults":"142.251.33.110;","Image":"C:\\Program Files\\Mozilla Firefox\\firefox.exe","User":"WIN10\\richard"}}
{"LogSource":"Microsoft-Windows-Sysmon/Operational","EventId":22,"TimeCreated":"2024-10-10T23:33:17.3815519-07:00","RecordId":172138,"MachineName":"Win10","EventData":{"RuleName":"-","UtcTime":"2024-10-11 06:33:15.310","ProcessGuid":"{53968da7-c6ab-6708-d102-00000000fb00}","ProcessId":"1868","QueryName":"forcesafesearch.google.com.","QueryStatus":"0","QueryResults":"216.239.38.120;","Image":"C:\\Program Files\\Mozilla Firefox\\firefox.exe","User":"WIN10\\richard"}}
{"LogSource":"Microsoft-Windows-Sysmon/Operational","EventId":22,"TimeCreated":"2024-10-10T23:33:17.3826684-07:00","RecordId":172139,"MachineName":"Win10","EventData":{"RuleName":"-","UtcTime":"2024-10-11 06:33:15.310","ProcessGuid":"{53968da7-c6ab-6708-d102-00000000fb00}","ProcessId":"1868","QueryName":"m.youtube.com.","QueryStatus":"0","QueryResults":"142.251.33.78;","Image":"C:\\Program Files\\Mozilla Firefox\\firefox.exe","User":"WIN10\\richard"}}
{"LogSource":"Microsoft-Windows-Sysmon/Operational","EventId":22,"TimeCreated":"2024-10-10T23:33:17.3837808-07:00","RecordId":172140,"MachineName":"Win10","EventData":{"RuleName":"-","UtcTime":"2024-10-11 06:33:15.310","ProcessGuid":"{53968da7-c6ab-6708-d102-00000000fb00}","ProcessId":"1868","QueryName":"www.youtube.com.","QueryStatus":"0","QueryResults":"type:  5 youtube-ui.l.google.com;142.250.69.206;142.251.33.110;142.251.211.238;142.251.33.78;142.250.217.78;142.250.217.110;142.251.215.238;","Image":"C:\\Program Files\\Mozilla Firefox\\firefox.exe","User":"WIN10\\richard"}}
{"LogSource":"Microsoft-Windows-Sysmon/Operational","EventId":22,"TimeCreated":"2024-10-10T23:33:17.3850270-07:00","RecordId":172141,"MachineName":"Win10","EventData":{"RuleName":"-","UtcTime":"2024-10-11 06:33:15.310","ProcessGuid":"{53968da7-c6ab-6708-d102-00000000fb00}","ProcessId":"1868","QueryName":"youtube.googleapis.com.","QueryStatus":"0","QueryResults":"142.250.217.74;142.250.217.106;142.251.215.234;172.217.14.234;142.250.69.202;142.251.33.106;142.251.211.234;142.251.33.74;","Image":"C:\\Program Files\\Mozilla Firefox\\firefox.exe","User":"WIN10\\richard"}}
{"LogSource":"Microsoft-Windows-Sysmon/Operational","EventId":22,"TimeCreated":"2024-10-10T23:33:17.3862177-07:00","RecordId":172142,"MachineName":"Win10","EventData":{"RuleName":"-","UtcTime":"2024-10-11 06:33:15.310","ProcessGuid":"{53968da7-c6ab-6708-d102-00000000fb00}","ProcessId":"1868","QueryName":"youtubei.googleapis.com.","QueryStatus":"0","QueryResults":"142.251.215.234;172.217.14.202;142.250.69.202;142.251.33.106;142.251.211.234;142.251.33.74;142.250.217.74;142.250.217.106;","Image":"C:\\Program Files\\Mozilla Firefox\\firefox.exe","User":"WIN10\\richard"}}
{"LogSource":"Microsoft-Windows-Sysmon/Operational","EventId":22,"TimeCreated":"2024-10-10T23:33:17.3873780-07:00","RecordId":172143,"MachineName":"Win10","EventData":{"RuleName":"-","UtcTime":"2024-10-11 06:33:15.310","ProcessGuid":"{53968da7-c6ab-6708-d102-00000000fb00}","ProcessId":"1868","QueryName":"www.youtube-nocookie.com.","QueryStatus":"0","QueryResults":"type:  5 youtube-ui.l.google.com;142.251.33.110;142.251.211.238;142.251.33.78;142.250.217.78;142.250.217.110;142.251.215.238;142.250.69.206;","Image":"C:\\Program Files\\Mozilla Firefox\\firefox.exe","User":"WIN10\\richard"}}
{"LogSource":"Microsoft-Windows-Sysmon/Operational","EventId":22,"TimeCreated":"2024-10-10T23:33:17.3885586-07:00","RecordId":172144,"MachineName":"Win10","EventData":{"RuleName":"-","UtcTime":"2024-10-11 06:33:15.311","ProcessGuid":"{53968da7-c6ab-6708-d102-00000000fb00}","ProcessId":"1868","QueryName":"restrict.youtube.com.","QueryStatus":"0","QueryResults":"216.239.38.120;","Image":"C:\\Program Files\\Mozilla Firefox\\firefox.exe","User":"WIN10\\richard"}}
{"LogSource":"Microsoft-Windows-Sysmon/Operational","EventId":22,"TimeCreated":"2024-10-10T23:33:17.3896874-07:00","RecordId":172145,"MachineName":"Win10","EventData":{"RuleName":"-","UtcTime":"2024-10-11 06:33:15.311","ProcessGuid":"{53968da7-c6ab-6708-d102-00000000fb00}","ProcessId":"1868","QueryName":"restrictmoderate.youtube.com.","QueryStatus":"0","QueryResults":"216.239.38.119;","Image":"C:\\Program Files\\Mozilla Firefox\\firefox.exe","User":"WIN10\\richard"}}
{"LogSource":"Microsoft-Windows-Sysmon/Operational","EventId":22,"TimeCreated":"2024-10-10T23:33:17.3908728-07:00","RecordId":172146,"MachineName":"Win10","EventData":{"RuleName":"-","UtcTime":"2024-10-11 06:33:15.311","ProcessGuid":"{53968da7-c6ab-6708-d102-00000000fb00}","ProcessId":"1868","QueryName":"www.google.com.","QueryStatus":"0","QueryResults":"142.250.217.100;","Image":"C:\\Program Files\\Mozilla Firefox\\firefox.exe","User":"WIN10\\richard"}}
{"LogSource":"Microsoft-Windows-Sysmon/Operational","EventId":22,"TimeCreated":"2024-10-10T23:33:17.3921694-07:00","RecordId":172147,"MachineName":"Win10","EventData":{"RuleName":"-","UtcTime":"2024-10-11 06:33:15.311","ProcessGuid":"{53968da7-c6ab-6708-d102-00000000fb00}","ProcessId":"1868","QueryName":"forcesafesearch.google.com.","QueryStatus":"0","QueryResults":"216.239.38.120;","Image":"C:\\Program Files\\Mozilla Firefox\\firefox.exe","User":"WIN10\\richard"}}
{"LogSource":"Microsoft-Windows-Sysmon/Operational","EventId":22,"TimeCreated":"2024-10-10T23:33:17.3934915-07:00","RecordId":172148,"MachineName":"Win10","EventData":{"RuleName":"-","UtcTime":"2024-10-11 06:33:15.311","ProcessGuid":"{53968da7-c6ab-6708-d102-00000000fb00}","ProcessId":"1868","QueryName":"m.youtube.com.","QueryStatus":"0","QueryResults":"142.251.33.78;","Image":"C:\\Program Files\\Mozilla Firefox\\firefox.exe","User":"WIN10\\richard"}}
{"LogSource":"Microsoft-Windows-Sysmon/Operational","EventId":22,"TimeCreated":"2024-10-10T23:33:17.3946846-07:00","RecordId":172149,"MachineName":"Win10","EventData":{"RuleName":"-","UtcTime":"2024-10-11 06:33:15.311","ProcessGuid":"{53968da7-c6ab-6708-d102-00000000fb00}","ProcessId":"1868","QueryName":"www.google.com","QueryStatus":"0","QueryResults":"142.250.217.100;","Image":"C:\\Program Files\\Mozilla Firefox\\firefox.exe","User":"WIN10\\richard"}}
{"LogSource":"Microsoft-Windows-Sysmon/Operational","EventId":22,"TimeCreated":"2024-10-10T23:33:17.3958536-07:00","RecordId":172150,"MachineName":"Win10","EventData":{"RuleName":"-","UtcTime":"2024-10-11 06:33:15.311","ProcessGuid":"{53968da7-c6ab-6708-d102-00000000fb00}","ProcessId":"1868","QueryName":"forcesafesearch.google.com","QueryStatus":"0","QueryResults":"216.239.38.120;","Image":"C:\\Program Files\\Mozilla Firefox\\firefox.exe","User":"WIN10\\richard"}}
{"LogSource":"Microsoft-Windows-Sysmon/Operational","EventId":22,"TimeCreated":"2024-10-10T23:33:17.3970241-07:00","RecordId":172151,"MachineName":"Win10","EventData":{"RuleName":"-","UtcTime":"2024-10-11 06:33:15.312","ProcessGuid":"{53968da7-c6ab-6708-d102-00000000fb00}","ProcessId":"1868","QueryName":"www.youtube.com.","QueryStatus":"0","QueryResults":"type:  5 youtube-ui.l.google.com;142.250.69.206;142.251.33.110;142.251.211.238;142.251.33.78;142.250.217.78;142.250.217.110;142.251.215.238;","Image":"C:\\Program Files\\Mozilla Firefox\\firefox.exe","User":"WIN10\\richard"}}
{"LogSource":"Microsoft-Windows-Sysmon/Operational","EventId":22,"TimeCreated":"2024-10-10T23:33:17.3981803-07:00","RecordId":172152,"MachineName":"Win10","EventData":{"RuleName":"-","UtcTime":"2024-10-11 06:33:15.312","ProcessGuid":"{53968da7-c6ab-6708-d102-00000000fb00}","ProcessId":"1868","QueryName":"google.com.","QueryStatus":"0","QueryResults":"142.251.33.110;","Image":"C:\\Program Files\\Mozilla Firefox\\firefox.exe","User":"WIN10\\richard"}}
{"LogSource":"Microsoft-Windows-Sysmon/Operational","EventId":22,"TimeCreated":"2024-10-10T23:33:17.3993482-07:00","RecordId":172153,"MachineName":"Win10","EventData":{"RuleName":"-","UtcTime":"2024-10-11 06:33:15.312","ProcessGuid":"{53968da7-c6ab-6708-d102-00000000fb00}","ProcessId":"1868","QueryName":"m.youtube.com","QueryStatus":"0","QueryResults":"142.251.33.78;","Image":"C:\\Program Files\\Mozilla Firefox\\firefox.exe","User":"WIN10\\richard"}}
{"LogSource":"Microsoft-Windows-Sysmon/Operational","EventId":22,"TimeCreated":"2024-10-10T23:33:17.4005026-07:00","RecordId":172154,"MachineName":"Win10","EventData":{"RuleName":"-","UtcTime":"2024-10-11 06:33:15.312","ProcessGuid":"{53968da7-c6ab-6708-d102-00000000fb00}","ProcessId":"1868","QueryName":"www.youtube-nocookie.com.","QueryStatus":"0","QueryResults":"type:  5 youtube-ui.l.google.com;142.251.33.110;142.251.211.238;142.251.33.78;142.250.217.78;142.250.217.110;142.251.215.238;142.250.69.206;","Image":"C:\\Program Files\\Mozilla Firefox\\firefox.exe","User":"WIN10\\richard"}}
{"LogSource":"Microsoft-Windows-Sysmon/Operational","EventId":22,"TimeCreated":"2024-10-10T23:33:17.4016360-07:00","RecordId":172155,"MachineName":"Win10","EventData":{"RuleName":"-","UtcTime":"2024-10-11 06:33:15.312","ProcessGuid":"{53968da7-c6ab-6708-d102-00000000fb00}","ProcessId":"1868","QueryName":"youtubei.googleapis.com.","QueryStatus":"0","QueryResults":"142.251.215.234;172.217.14.202;142.250.69.202;142.251.33.106;142.251.211.234;142.251.33.74;142.250.217.74;142.250.217.106;","Image":"C:\\Program Files\\Mozilla Firefox\\firefox.exe","User":"WIN10\\richard"}}
{"LogSource":"Microsoft-Windows-Sysmon/Operational","EventId":22,"TimeCreated":"2024-10-10T23:33:17.4027608-07:00","RecordId":172156,"MachineName":"Win10","EventData":{"RuleName":"-","UtcTime":"2024-10-11 06:33:15.312","ProcessGuid":"{53968da7-c6ab-6708-d102-00000000fb00}","ProcessId":"1868","QueryName":"youtube.googleapis.com.","QueryStatus":"0","QueryResults":"142.250.217.74;142.250.217.106;142.251.215.234;172.217.14.234;142.250.69.202;142.251.33.106;142.251.211.234;142.251.33.74;","Image":"C:\\Program Files\\Mozilla Firefox\\firefox.exe","User":"WIN10\\richard"}}
{"LogSource":"Microsoft-Windows-Sysmon/Operational","EventId":22,"TimeCreated":"2024-10-10T23:33:17.4039018-07:00","RecordId":172157,"MachineName":"Win10","EventData":{"RuleName":"-","UtcTime":"2024-10-11 06:33:15.312","ProcessGuid":"{53968da7-c6ab-6708-d102-00000000fb00}","ProcessId":"1868","QueryName":"restrictmoderate.youtube.com.","QueryStatus":"0","QueryResults":"216.239.38.119;","Image":"C:\\Program Files\\Mozilla Firefox\\firefox.exe","User":"WIN10\\richard"}}
{"LogSource":"Microsoft-Windows-Sysmon/Operational","EventId":22,"TimeCreated":"2024-10-10T23:33:17.4050555-07:00","RecordId":172158,"MachineName":"Win10","EventData":{"RuleName":"-","UtcTime":"2024-10-11 06:33:15.312","ProcessGuid":"{53968da7-c6ab-6708-d102-00000000fb00}","ProcessId":"1868","QueryName":"restrict.youtube.com.","QueryStatus":"0","QueryResults":"216.239.38.120;","Image":"C:\\Program Files\\Mozilla Firefox\\firefox.exe","User":"WIN10\\richard"}}
{"LogSource":"Microsoft-Windows-Sysmon/Operational","EventId":22,"TimeCreated":"2024-10-10T23:33:17.4062343-07:00","RecordId":172159,"MachineName":"Win10","EventData":{"RuleName":"-","UtcTime":"2024-10-11 06:33:15.312","ProcessGuid":"{53968da7-c6ab-6708-d102-00000000fb00}","ProcessId":"1868","QueryName":"youtube-ui.l.google.com","QueryStatus":"0","QueryResults":"142.250.69.206;142.251.215.238;142.250.217.110;142.250.217.78;142.251.33.78;142.251.211.238;142.251.33.110;","Image":"C:\\Program Files\\Mozilla Firefox\\firefox.exe","User":"WIN10\\richard"}}
{"LogSource":"Microsoft-Windows-Sysmon/Operational","EventId":22,"TimeCreated":"2024-10-10T23:33:17.4086897-07:00","RecordId":172161,"MachineName":"Win10","EventData":{"RuleName":"-","UtcTime":"2024-10-11 06:33:15.312","ProcessGuid":"{53968da7-c6ab-6708-d102-00000000fb00}","ProcessId":"1868","QueryName":"youtube-ui.l.google.com","QueryStatus":"0","QueryResults":"142.250.69.206;142.251.215.238;142.250.217.110;142.250.217.78;142.251.33.78;142.251.211.238;142.251.33.110;","Image":"C:\\Program Files\\Mozilla Firefox\\firefox.exe","User":"WIN10\\richard"}}
{"LogSource":"Microsoft-Windows-Sysmon/Operational","EventId":22,"TimeCreated":"2024-10-10T23:33:17.4075305-07:00","RecordId":172160,"MachineName":"Win10","EventData":{"RuleName":"-","UtcTime":"2024-10-11 06:33:15.312","ProcessGuid":"{53968da7-c6ab-6708-d102-00000000fb00}","ProcessId":"1868","QueryName":"google.com","QueryStatus":"0","QueryResults":"142.251.33.110;","Image":"C:\\Program Files\\Mozilla Firefox\\firefox.exe","User":"WIN10\\richard"}}
{"LogSource":"Microsoft-Windows-Sysmon/Operational","EventId":22,"TimeCreated":"2024-10-10T23:33:17.4098739-07:00","RecordId":172162,"MachineName":"Win10","EventData":{"RuleName":"-","UtcTime":"2024-10-11 06:33:15.312","ProcessGuid":"{53968da7-c6ab-6708-d102-00000000fb00}","ProcessId":"1868","QueryName":"youtubei.googleapis.com","QueryStatus":"0","QueryResults":"142.251.215.234;172.217.14.202;142.250.69.202;142.251.33.106;142.251.211.234;142.251.33.74;142.250.217.74;142.250.217.106;","Image":"C:\\Program Files\\Mozilla Firefox\\firefox.exe","User":"WIN10\\richard"}}
{"LogSource":"Microsoft-Windows-Sysmon/Operational","EventId":22,"TimeCreated":"2024-10-10T23:33:17.4123040-07:00","RecordId":172164,"MachineName":"Win10","EventData":{"RuleName":"-","UtcTime":"2024-10-11 06:33:15.312","ProcessGuid":"{53968da7-c6ab-6708-d102-00000000fb00}","ProcessId":"1868","QueryName":"restrictmoderate.youtube.com","QueryStatus":"0","QueryResults":"216.239.38.119;","Image":"C:\\Program Files\\Mozilla Firefox\\firefox.exe","User":"WIN10\\richard"}}
{"LogSource":"Microsoft-Windows-Sysmon/Operational","EventId":22,"TimeCreated":"2024-10-10T23:33:17.4110794-07:00","RecordId":172163,"MachineName":"Win10","EventData":{"RuleName":"-","UtcTime":"2024-10-11 06:33:15.312","ProcessGuid":"{53968da7-c6ab-6708-d102-00000000fb00}","ProcessId":"1868","QueryName":"youtube.googleapis.com","QueryStatus":"0","QueryResults":"142.250.217.74;142.250.217.106;142.251.215.234;172.217.14.234;142.250.69.202;142.251.33.106;142.251.211.234;142.251.33.74;","Image":"C:\\Program Files\\Mozilla Firefox\\firefox.exe","User":"WIN10\\richard"}}
{"LogSource":"Microsoft-Windows-Sysmon/Operational","EventId":1,"TimeCreated":"2024-10-10T23:33:17.2046573-07:00","RecordId":172120,"MachineName":"Win10","EventData":{"RuleName":"-","UtcTime":"2024-10-11 06:33:17.202","ProcessGuid":"{53968da7-c6ad-6708-d902-00000000fb00}","ProcessId":"4680","Image":"C:\\Program Files\\Mozilla Firefox\\firefox.exe","FileVersion":"131.0.2","Description":"Firefox","Product":"Firefox","Company":"Mozilla Corporation","OriginalFileName":"firefox.exe","CommandLine":"\"C:\\Program Files\\Mozilla Firefox\\firefox.exe\" -contentproc --channel=6000 -isForBrowser -prefsHandle 6112 -prefMapHandle 6116 -prefsLen 33637 -prefMapSize 263003 -jsInitHandle 1432 -jsInitLen 234840 -parentBuildID 20241008210941 -win32kLockedDown -appDir \"C:\\Program Files\\Mozilla Firefox\\browser\" - {7f1daeb0-7339-4ef7-98b2-23aa1b5e6bb6} 1868 \"\\\\.\\pipe\\gecko-crash-server-pipe.1868\" 8 tab","CurrentDirectory":"C:\\Windows\\system32\\","User":"WIN10\\richard","LogonGuid":"{53968da7-b202-6708-c295-020000000000}","LogonId":"0x295c2","TerminalSessionId":"1","IntegrityLevel":"Low","Hashes":"MD5=571814A7939D001662BBA7760BD0B187,SHA256=9725AFC685C8EE135701E140A83B94FE7D958360A1F546215F7EAFDFF5E53A83,IMPHASH=BB4CE52E8306F88C0B1DA570553704E4","ParentProcessGuid":"{53968da7-c6ab-6708-d102-00000000fb00}","ParentProcessId":"1868","ParentImage":"C:\\Program Files\\Mozilla Firefox\\firefox.exe","ParentCommandLine":"\"C:\\Program Files\\Mozilla Firefox\\firefox.exe\" https://www.netflix.com","ParentUser":"WIN10\\richard"}}
{"LogSource":"Microsoft-Windows-Sysmon/Operational","EventId":22,"TimeCreated":"2024-10-10T23:33:17.4134642-07:00","RecordId":172165,"MachineName":"Win10","EventData":{"RuleName":"-","UtcTime":"2024-10-11 06:33:15.312","ProcessGuid":"{53968da7-c6ab-6708-d102-00000000fb00}","ProcessId":"1868","QueryName":"restrict.youtube.com","QueryStatus":"0","QueryResults":"216.239.38.120;","Image":"C:\\Program Files\\Mozilla Firefox\\firefox.exe","User":"WIN10\\richard"}}
{"LogSource":"Microsoft-Windows-Sysmon/Operational","EventId":22,"TimeCreated":"2024-10-10T23:33:17.4146371-07:00","RecordId":172166,"MachineName":"Win10","EventData":{"RuleName":"-","UtcTime":"2024-10-11 06:33:15.322","ProcessGuid":"{53968da7-c6ab-6708-d102-00000000fb00}","ProcessId":"1868","QueryName":"sitereview.zscaler.com.","QueryStatus":"0","QueryResults":"104.129.193.93;","Image":"C:\\Program Files\\Mozilla Firefox\\firefox.exe","User":"WIN10\\richard"}}
{"LogSource":"Microsoft-Windows-Sysmon/Operational","EventId":22,"TimeCreated":"2024-10-10T23:33:17.4170213-07:00","RecordId":172168,"MachineName":"Win10","EventData":{"RuleName":"-","UtcTime":"2024-10-11 06:33:15.322","ProcessGuid":"{53968da7-c6ab-6708-d102-00000000fb00}","ProcessId":"1868","QueryName":"sitereview.zscaler.com.","QueryStatus":"0","QueryResults":"104.129.193.93;","Image":"C:\\Program Files\\Mozilla Firefox\\firefox.exe","User":"WIN10\\richard"}}
{"LogSource":"Microsoft-Windows-Sysmon/Operational","EventId":22,"TimeCreated":"2024-10-10T23:33:17.4182449-07:00","RecordId":172169,"MachineName":"Win10","EventData":{"RuleName":"-","UtcTime":"2024-10-11 06:33:15.322","ProcessGuid":"{53968da7-c6ab-6708-d102-00000000fb00}","ProcessId":"1868","QueryName":"use-application-dns.net.","QueryStatus":"0","QueryResults":"35.190.14.201;","Image":"C:\\Program Files\\Mozilla Firefox\\firefox.exe","User":"WIN10\\richard"}}
{"LogSource":"Microsoft-Windows-Sysmon/Operational","EventId":22,"TimeCreated":"2024-10-10T23:33:17.4157911-07:00","RecordId":172167,"MachineName":"Win10","EventData":{"RuleName":"-","UtcTime":"2024-10-11 06:33:15.322","ProcessGuid":"{53968da7-c6ab-6708-d102-00000000fb00}","ProcessId":"1868","QueryName":"use-application-dns.net.","QueryStatus":"0","QueryResults":"35.190.14.201;","Image":"C:\\Program Files\\Mozilla Firefox\\firefox.exe","User":"WIN10\\richard"}}
{"LogSource":"Microsoft-Windows-Sysmon/Operational","EventId":22,"TimeCreated":"2024-10-10T23:33:17.4194291-07:00","RecordId":172170,"MachineName":"Win10","EventData":{"RuleName":"-","UtcTime":"2024-10-11 06:33:15.322","ProcessGuid":"{53968da7-c6ab-6708-d102-00000000fb00}","ProcessId":"1868","QueryName":"use-application-dns.net","QueryStatus":"0","QueryResults":"35.190.14.201;","Image":"C:\\Program Files\\Mozilla Firefox\\firefox.exe","User":"WIN10\\richard"}}
{"LogSource":"Microsoft-Windows-Sysmon/Operational","EventId":22,"TimeCreated":"2024-10-10T23:33:17.4206225-07:00","RecordId":172171,"MachineName":"Win10","EventData":{"RuleName":"-","UtcTime":"2024-10-11 06:33:15.322","ProcessGuid":"{53968da7-c6ab-6708-d102-00000000fb00}","ProcessId":"1868","QueryName":"sitereview.zscaler.com","QueryStatus":"0","QueryResults":"104.129.193.93;","Image":"C:\\Program Files\\Mozilla Firefox\\firefox.exe","User":"WIN10\\richard"}}
{"LogSource":"Microsoft-Windows-Sysmon/Operational","EventId":22,"TimeCreated":"2024-10-10T23:33:17.4217737-07:00","RecordId":172172,"MachineName":"Win10","EventData":{"RuleName":"-","UtcTime":"2024-10-11 06:33:15.330","ProcessGuid":"{53968da7-c6ab-6708-d102-00000000fb00}","ProcessId":"1868","QueryName":"mozilla.cloudflare-dns.com","QueryStatus":"0","QueryResults":"2803:f800:53::4;2a06:98c1:52::4;::ffff:172.64.41.4;::ffff:162.159.61.4;","Image":"C:\\Program Files\\Mozilla Firefox\\firefox.exe","User":"WIN10\\richard"}}
{"LogSource":"Microsoft-Windows-Sysmon/Operational","EventId":22,"TimeCreated":"2024-10-10T23:33:17.4229771-07:00","RecordId":172173,"MachineName":"Win10","EventData":{"RuleName":"-","UtcTime":"2024-10-11 06:33:15.331","ProcessGuid":"{53968da7-c6ab-6708-d102-00000000fb00}","ProcessId":"1868","QueryName":"private.canadianshield.cira.ca","QueryStatus":"0","QueryResults":"2620:10a:80bb::10;2620:10a:80bc::10;::ffff:149.112.122.10;::ffff:149.112.121.10;","Image":"C:\\Program Files\\Mozilla Firefox\\firefox.exe","User":"WIN10\\richard"}}
{"LogSource":"Microsoft-Windows-Sysmon/Operational","EventId":22,"TimeCreated":"2024-10-10T23:33:17.4244002-07:00","RecordId":172174,"MachineName":"Win10","EventData":{"RuleName":"-","UtcTime":"2024-10-11 06:33:15.331","ProcessGuid":"{53968da7-c6ab-6708-d102-00000000fb00}","ProcessId":"1868","QueryName":"mozilla.cloudflare-dns.com","QueryStatus":"0","QueryResults":"2803:f800:53::4;2a06:98c1:52::4;::ffff:172.64.41.4;::ffff:162.159.61.4;","Image":"C:\\Program Files\\Mozilla Firefox\\firefox.exe","User":"WIN10\\richard"}}
{"LogSource":"Microsoft-Windows-Sysmon/Operational","EventId":22,"TimeCreated":"2024-10-10T23:33:17.4255581-07:00","RecordId":172175,"MachineName":"Win10","EventData":{"RuleName":"-","UtcTime":"2024-10-11 06:33:15.331","ProcessGuid":"{53968da7-c6ab-6708-d102-00000000fb00}","ProcessId":"1868","QueryName":"mozilla.cloudflare-dns.com","QueryStatus":"0","QueryResults":"162.159.61.4;172.64.41.4;","Image":"C:\\Program Files\\Mozilla Firefox\\firefox.exe","User":"WIN10\\richard"}}
{"LogSource":"Microsoft-Windows-Sysmon/Operational","EventId":22,"TimeCreated":"2024-10-10T23:33:17.4278075-07:00","RecordId":172177,"MachineName":"Win10","EventData":{"RuleName":"-","UtcTime":"2024-10-11 06:33:15.331","ProcessGuid":"{53968da7-c6ab-6708-d102-00000000fb00}","ProcessId":"1868","QueryName":"mozilla.cloudflare-dns.com","QueryStatus":"0","QueryResults":"2a06:98c1:52::4;2803:f800:53::4;","Image":"C:\\Program Files\\Mozilla Firefox\\firefox.exe","User":"WIN10\\richard"}}
{"LogSource":"Microsoft-Windows-Sysmon/Operational","EventId":22,"TimeCreated":"2024-10-10T23:33:17.4289083-07:00","RecordId":172178,"MachineName":"Win10","EventData":{"RuleName":"-","UtcTime":"2024-10-11 06:33:15.332","ProcessGuid":"{53968da7-c6ab-6708-d102-00000000fb00}","ProcessId":"1868","QueryName":"private.canadianshield.cira.ca","QueryStatus":"0","QueryResults":"149.112.121.10;149.112.122.10;","Image":"C:\\Program Files\\Mozilla Firefox\\firefox.exe","User":"WIN10\\richard"}}
{"LogSource":"Microsoft-Windows-Sysmon/Operational","EventId":22,"TimeCreated":"2024-10-10T23:33:17.4300050-07:00","RecordId":172179,"MachineName":"Win10","EventData":{"RuleName":"-","UtcTime":"2024-10-11 06:33:15.332","ProcessGuid":"{53968da7-c6ab-6708-d102-00000000fb00}","ProcessId":"1868","QueryName":"private.canadianshield.cira.ca","QueryStatus":"0","QueryResults":"2620:10a:80bc::10;2620:10a:80bb::10;","Image":"C:\\Program Files\\Mozilla Firefox\\firefox.exe","User":"WIN10\\richard"}}
{"LogSource":"Microsoft-Windows-Sysmon/Operational","EventId":22,"TimeCreated":"2024-10-10T23:33:17.4311894-07:00","RecordId":172180,"MachineName":"Win10","EventData":{"RuleName":"-","UtcTime":"2024-10-11 06:33:15.389","ProcessGuid":"{53968da7-c6ab-6708-d102-00000000fb00}","ProcessId":"1868","QueryName":"doh.test.","QueryStatus":"9003","QueryResults":"-","Image":"C:\\Program Files\\Mozilla Firefox\\firefox.exe","User":"WIN10\\richard"}}
{"LogSource":"Microsoft-Windows-Sysmon/Operational","EventId":22,"TimeCreated":"2024-10-10T23:33:17.4323706-07:00","RecordId":172181,"MachineName":"Win10","EventData":{"RuleName":"-","UtcTime":"2024-10-11 06:33:15.755","ProcessGuid":"{53968da7-c6ab-6708-d102-00000000fb00}","ProcessId":"1868","QueryName":"example.org","QueryStatus":"0","QueryResults":"93.184.215.14;","Image":"C:\\Program Files\\Mozilla Firefox\\firefox.exe","User":"WIN10\\richard"}}
{"LogSource":"Microsoft-Windows-Sysmon/Operational","EventId":22,"TimeCreated":"2024-10-10T23:33:17.4335459-07:00","RecordId":172182,"MachineName":"Win10","EventData":{"RuleName":"-","UtcTime":"2024-10-11 06:33:15.755","ProcessGuid":"{53968da7-c6ab-6708-d102-00000000fb00}","ProcessId":"1868","QueryName":"example.org","QueryStatus":"0","QueryResults":"2606:2800:21f:cb07:6820:80da:af6b:8b2c;::ffff:93.184.215.14;","Image":"C:\\Program Files\\Mozilla Firefox\\firefox.exe","User":"WIN10\\richard"}}
{"LogSource":"Microsoft-Windows-Sysmon/Operational","EventId":22,"TimeCreated":"2024-10-10T23:33:17.4347331-07:00","RecordId":172183,"MachineName":"Win10","EventData":{"RuleName":"-","UtcTime":"2024-10-11 06:33:15.756","ProcessGuid":"{53968da7-c6ab-6708-d102-00000000fb00}","ProcessId":"1868","QueryName":"example.org","QueryStatus":"0","QueryResults":"93.184.215.14;","Image":"C:\\Program Files\\Mozilla Firefox\\firefox.exe","User":"WIN10\\richard"}}
{"LogSource":"Microsoft-Windows-Sysmon/Operational","EventId":22,"TimeCreated":"2024-10-10T23:33:17.4358960-07:00","RecordId":172184,"MachineName":"Win10","EventData":{"RuleName":"-","UtcTime":"2024-10-11 06:33:15.756","ProcessGuid":"{53968da7-c6ab-6708-d102-00000000fb00}","ProcessId":"1868","QueryName":"example.org","QueryStatus":"0","QueryResults":"2606:2800:21f:cb07:6820:80da:af6b:8b2c;::ffff:93.184.215.14;","Image":"C:\\Program Files\\Mozilla Firefox\\firefox.exe","User":"WIN10\\richard"}}
{"LogSource":"Microsoft-Windows-Sysmon/Operational","EventId":22,"TimeCreated":"2024-10-10T23:33:17.4370441-07:00","RecordId":172185,"MachineName":"Win10","EventData":{"RuleName":"-","UtcTime":"2024-10-11 06:33:15.758","ProcessGuid":"{53968da7-c6ab-6708-d102-00000000fb00}","ProcessId":"1868","QueryName":"example.org","QueryStatus":"0","QueryResults":"93.184.215.14;","Image":"C:\\Program Files\\Mozilla Firefox\\firefox.exe","User":"WIN10\\richard"}}
{"LogSource":"Microsoft-Windows-Sysmon/Operational","EventId":22,"TimeCreated":"2024-10-10T23:33:17.4382116-07:00","RecordId":172186,"MachineName":"Win10","EventData":{"RuleName":"-","UtcTime":"2024-10-11 06:33:15.758","ProcessGuid":"{53968da7-c6ab-6708-d102-00000000fb00}","ProcessId":"1868","QueryName":"example.org","QueryStatus":"0","QueryResults":"2606:2800:21f:cb07:6820:80da:af6b:8b2c;","Image":"C:\\Program Files\\Mozilla Firefox\\firefox.exe","User":"WIN10\\richard"}}
{"LogSource":"Microsoft-Windows-Sysmon/Operational","EventId":22,"TimeCreated":"2024-10-10T23:33:17.4266941-07:00","RecordId":172176,"MachineName":"Win10","EventData":{"RuleName":"-","UtcTime":"2024-10-11 06:33:15.331","ProcessGuid":"{53968da7-c6ab-6708-d102-00000000fb00}","ProcessId":"1868","QueryName":"private.canadianshield.cira.ca","QueryStatus":"0","QueryResults":"2620:10a:80bb::10;2620:10a:80bc::10;::ffff:149.112.122.10;::ffff:149.112.121.10;","Image":"C:\\Program Files\\Mozilla Firefox\\firefox.exe","User":"WIN10\\richard"}}
{"LogSource":"Microsoft-Windows-Sysmon/Operational","EventId":22,"TimeCreated":"2024-10-10T23:33:18.3712540-07:00","RecordId":172187,"MachineName":"Win10","EventData":{"RuleName":"-","UtcTime":"2024-10-11 06:33:15.760","ProcessGuid":"{53968da7-c6ab-6708-d102-00000000fb00}","ProcessId":"1868","QueryName":"detectportal.firefox.com","QueryStatus":"0","QueryResults":"type:  5 detectportal.prod.mozaws.net;type:  5 prod.detectportal.prod.cloudops.mozgcp.net;2600:1901:0:38d7::;::ffff:34.107.221.82;","Image":"C:\\Program Files\\Mozilla Firefox\\firefox.exe","User":"WIN10\\richard"}}
{"LogSource":"Microsoft-Windows-Sysmon/Operational","EventId":22,"TimeCreated":"2024-10-10T23:33:18.3728816-07:00","RecordId":172188,"MachineName":"Win10","EventData":{"RuleName":"-","UtcTime":"2024-10-11 06:33:15.761","ProcessGuid":"{53968da7-c6ab-6708-d102-00000000fb00}","ProcessId":"1868","QueryName":"detectportal.firefox.com","QueryStatus":"0","QueryResults":"type:  5 detectportal.prod.mozaws.net;type:  5 prod.detectportal.prod.cloudops.mozgcp.net;2600:1901:0:38d7::;::ffff:34.107.221.82;","Image":"C:\\Program Files\\Mozilla Firefox\\firefox.exe","User":"WIN10\\richard"}}
{"LogSource":"Microsoft-Windows-Sysmon/Operational","EventId":22,"TimeCreated":"2024-10-10T23:33:18.3744532-07:00","RecordId":172189,"MachineName":"Win10","EventData":{"RuleName":"-","UtcTime":"2024-10-11 06:33:15.761","ProcessGuid":"{53968da7-c6ab-6708-d102-00000000fb00}","ProcessId":"1868","QueryName":"prod.detectportal.prod.cloudops.mozgcp.net","QueryStatus":"0","QueryResults":"34.107.221.82;","Image":"C:\\Program Files\\Mozilla Firefox\\firefox.exe","User":"WIN10\\richard"}}
{"LogSource":"Microsoft-Windows-Sysmon/Operational","EventId":22,"TimeCreated":"2024-10-10T23:33:18.3760154-07:00","RecordId":172190,"MachineName":"Win10","EventData":{"RuleName":"-","UtcTime":"2024-10-11 06:33:15.761","ProcessGuid":"{53968da7-c6ab-6708-d102-00000000fb00}","ProcessId":"1868","QueryName":"prod.detectportal.prod.cloudops.mozgcp.net","QueryStatus":"0","QueryResults":"2600:1901:0:38d7::;","Image":"C:\\Program Files\\Mozilla Firefox\\firefox.exe","User":"WIN10\\richard"}}
