{"LogSource":"Microsoft-Windows-Sysmon/Operational","EventId":1,"TimeCreated":"2024-10-10T23:32:06.3714034-07:00","RecordId":172034,"MachineName":"Win10","EventData":{"RuleName":"-","UtcTime":"2024-10-11 06:32:06.369","ProcessGuid":"{53968da7-c666-6708-c802-00000000fb00}","ProcessId":"1880","Image":"C:\\Program Files\\Mozilla Firefox\\firefox.exe","FileVersion":"131.0.2","Description":"Firefox","Product":"Firefox","Company":"Mozilla Corporation","OriginalFileName":"firefox.exe","CommandLine":"\"C:\\Program Files\\Mozilla Firefox\\firefox.exe\" -contentproc --channel=4156 -isForBrowser -prefsHandle 4168 -prefMapHandle 4164 -prefsLen 36981 -prefMapSize 263003 -jsInitHandle 1448 -jsInitLen 234840 -parentBuildID 20241008210941 -win32kLockedDown -appDir \"C:\\Program Files\\Mozilla Firefox\\browser\" - {1db2f31d-677f-4745-9fd6-60e6e6b93b58} 7196 \"\\\\.\\pipe\\gecko-crash-server-pipe.7196\" 4 tab","CurrentDirectory":"C:\\Windows\\system32\\","User":"WIN10\\richard","LogonGuid":"{53968da7-b202-6708-c295-020000000000}","LogonId":"0x295c2","TerminalSessionId":"1","IntegrityLevel":"Low","Hashes":"MD5=571814A7939D001662BBA7760BD0B187,SHA256=9725AFC685C8EE135701E140A83B94FE7D958360A1F546215F7EAFDFF5E53A83,IMPHASH=BB4CE52E8306F88C0B1DA570553704E4","ParentProcessGuid":"{53968da7-c665-6708-c402-00000000fb00}","ParentProcessId":"7196","ParentImage":"C:\\Program Files\\Mozilla Firefox\\firefox.exe","ParentCommandLine":"\"C:\\Program Files\\Mozilla Firefox\\firefox.exe\" https://www.amazon.com","ParentUser":"WIN10\\richard"}}
{"LogSource":"Microsoft-Windows-Sysmon/Operational","EventId":1,"TimeCreated":"2024-10-10T23:32:05.8878815-07:00","RecordId":172032,"MachineName":"Win10","EventData":{"RuleName":"-","UtcTime":"2024-10-11 06:32:05.885","ProcessGuid":"{53968da7-c665-6708-c602-00000000fb00}","ProcessId":"3216","Image":"C:\\Program Files\\Mozilla Firefox\\firefox.exe","FileVersion":"131.0.2","Description":"Firefox","Product":"Firefox","Company":"Mozilla Corporation","OriginalFileName":"firefox.exe","CommandLine":"\"C:\\Program Files\\Mozilla Firefox\\firefox.exe\" -contentproc --channel=2392 -parentBuildID 20241008210941 -prefsHandle 2384 -prefMapHandle 2380 -prefsLen 30897 -prefMapSize 263003 -win32kLockedDown -appDir \"C:\\Program Files\\Mozilla Firefox\\browser\" - {4044c3e9-0d63-46fd-b0f5-9968ad27c6eb} 7196 \"\\\\.\\pipe\\gecko-crash-server-pipe.7196\" 2 socket","CurrentDirectory":"C:\\Windows\\system32\\","User":"WIN10\\richard","LogonGuid":"{53968da7-b202-6708-c295-020000000000}","LogonId":"0x295c2","TerminalSessionId":"1","IntegrityLevel":"Low","Hashes":"MD5=571814A7939D001662BBA7760BD0B187,SHA256=9725AFC685C8EE135701E140A83B94FE7D958360A1F546215F7EAFDFF5E53A83,IMPHASH=BB4CE52E8306F88C0B1DA570553704E4","ParentProcessGuid":"{53968da7-c665-6708-c402-00000000fb00}","ParentProcessId":"7196","ParentImage":"C:\\Program Files\\Mozilla Firefox\\firefox.exe","ParentCommandLine":"\"C:\\Program Files\\Mozilla Firefox\\firefox.exe\" https://www.amazon.com","ParentUser":"WIN10\\richard"}}
{"LogSource":"Microsoft-Windows-Sysmon/Operational","EventId":1,"TimeCreated":"2024-10-10T23:32:06.8144116-07:00","RecordId":172035,"MachineName":"Win10","EventData":{"RuleName":"-","UtcTime":"2024-10-11 06:32:06.810","ProcessGuid":"{53968da7-c666-6708-c902-00000000fb00}","ProcessId":"3756","Image":"C:\\Program Files\\Mozilla Firefox\\firefox.exe","FileVersion":"131.0.2","Description":"Firefox","Product":"Firefox","Company":"Mozilla Corporation","OriginalFileName":"firefox.exe","CommandLine":"\"C:\\Program Files\\Mozilla Firefox\\firefox.exe\" -contentproc --channel=5384 -parentBuildID 20241008210941 -sandboxingKind 0 -prefsHandle 5376 -prefMapHandle 5248 -prefsLen 37030 -prefMapSize 263003 -win32kLockedDown -appDir \"C:\\Program Files\\Mozilla Firefox\\browser\" - {96507399-d0bf-41ee-8df8-fba9b4dfae6b} 7196 \"\\\\.\\pipe\\gecko-crash-server-pipe.7196\" 5 utility","CurrentDirectory":"C:\\Windows\\system32\\","User":"WIN10\\richard","LogonGuid":"{53968da7-b202-6708-c295-020000000000}","LogonId":"0x295c2","TerminalSessionId":"1","IntegrityLevel":"Low","Hashes":"MD5=571814A7939D001662BBA7760BD0B187,SHA256=9725AFC685C8EE135701E140A83B94FE7D958360A1F546215F7EAFDFF5E53A83,IMPHASH=BB4CE52E8306F88C0B1DA570553704E4","ParentProcessGuid":"{53968da7-c665-6708-c402-00000000fb00}","ParentProcessId":"7196","ParentImage":"C:\\Program Files\\Mozilla Firefox\\firefox.exe","ParentCommandLine":"\"C:\\Program Files\\Mozilla Firefox\\firefox.exe\" https://www.amazon.com","ParentUser":"WIN10\\richard"}}
{"LogSource":"Microsoft-Windows-Sysmon/Operational","EventId":1,"TimeCreated":"2024-10-10T23:32:06.8649130-07:00","RecordId":172036,"MachineName":"Win10","EventData":{"RuleName":"-","UtcTime":"2024-10-11 06:32:06.862","ProcessGuid":"{53968da7-c666-6708-ca02-00000000fb00}","ProcessId":"4732","Image":"C:\\Program Files\\Mozilla Firefox\\firefox.exe","FileVersion":"131.0.2","Description":"Firefox","Product":"Firefox","Company":"Mozilla Corporation","OriginalFileName":"firefox.exe","CommandLine":"\"C:\\Program Files\\Mozilla Firefox\\firefox.exe\" -contentproc --channel=5336 -isForBrowser -prefsHandle 5376 -prefMapHandle 5508 -prefsLen 37030 -prefMapSize 263003 -jsInitHandle 1448 -jsInitLen 234840 -parentBuildID 20241008210941 -win32kLockedDown -appDir \"C:\\Program Files\\Mozilla Firefox\\browser\" - {46219106-8648-49dc-bd79-8d0599e6c6e4} 7196 \"\\\\.\\pipe\\gecko-crash-server-pipe.7196\" 6 tab","CurrentDirectory":"C:\\Windows\\system32\\","User":"WIN10\\richard","LogonGuid":"{53968da7-b202-6708-c295-020000000000}","LogonId":"0x295c2","TerminalSessionId":"1","IntegrityLevel":"Low","Hashes":"MD5=571814A7939D001662BBA7760BD0B187,SHA256=9725AFC685C8EE135701E140A83B94FE7D958360A1F546215F7EAFDFF5E53A83,IMPHASH=BB4CE52E8306F88C0B1DA570553704E4","ParentProcessGuid":"{53968da7-c665-6708-c402-00000000fb00}","ParentProcessId":"7196","ParentImage":"C:\\Program Files\\Mozilla Firefox\\firefox.exe","ParentCommandLine":"\"C:\\Program Files\\Mozilla Firefox\\firefox.exe\" https://www.amazon.com","ParentUser":"WIN10\\richard"}}
{"LogSource":"Microsoft-Windows-Sysmon/Operational","EventId":1,"TimeCreated":"2024-10-10T23:32:07.0679630-07:00","RecordId":172037,"MachineName":"Win10","EventData":{"RuleName":"-","UtcTime":"2024-10-11 06:32:07.065","ProcessGuid":"{53968da7-c667-6708-cb02-00000000fb00}","ProcessId":"4088","Image":"C:\\Program Files\\Mozilla Firefox\\firefox.exe","FileVersion":"131.0.2","Description":"Firefox","Product":"Firefox","Company":"Mozilla Corporation","OriginalFileName":"firefox.exe","CommandLine":"\"C:\\Program Files\\Mozilla Firefox\\firefox.exe\" -contentproc --channel=5892 -isForBrowser -prefsHandle 5896 -prefMapHandle 5712 -prefsLen 33583 -prefMapSize 263003 -jsInitHandle 1448 -jsInitLen 234840 -parentBuildID 20241008210941 -win32kLockedDown -appDir \"C:\\Program Files\\Mozilla Firefox\\browser\" - {43e2780d-169e-4794-a793-b2168598f0d0} 7196 \"\\\\.\\pipe\\gecko-crash-server-pipe.7196\" 7 tab","CurrentDirectory":"C:\\Windows\\system32\\","User":"WIN10\\richard","LogonGuid":"{53968da7-b202-6708-c295-020000000000}","LogonId":"0x295c2","TerminalSessionId":"1","IntegrityLevel":"Low","Hashes":"MD5=571814A7939D001662BBA7760BD0B187,SHA256=9725AFC685C8EE135701E140A83B94FE7D958360A1F546215F7EAFDFF5E53A83,IMPHASH=BB4CE52E8306F88C0B1DA570553704E4","ParentProcessGuid":"{53968da7-c665-6708-c402-00000000fb00}","ParentProcessId":"7196","ParentImage":"C:\\Program Files\\Mozilla Firefox\\firefox.exe","ParentCommandLine":"\"C:\\Program Files\\Mozilla Firefox\\firefox.exe\" https://www.amazon.com","ParentUser":"WIN10\\richard"}}
{"LogSource":"Microsoft-Windows-Sysmon/Operational","EventId":1,"TimeCreated":"2024-10-10T23:32:07.0755634-07:00","RecordId":172038,"MachineName":"Win10","EventData":{"RuleName":"-","UtcTime":"2024-10-11 06:32:07.073","ProcessGuid":"{53968da7-c667-6708-cc02-00000000fb00}","ProcessId":"8876","Image":"C:\\Program Files\\Mozilla Firefox\\firefox.exe","FileVersion":"131.0.2","Description":"Firefox","Product":"Firefox","Company":"Mozilla Corporation","OriginalFileName":"firefox.exe","CommandLine":"\"C:\\Program Files\\Mozilla Firefox\\firefox.exe\" -contentproc --channel=6048 -isForBrowser -prefsHandle 5892 -prefMapHandle 5852 -prefsLen 33583 -prefMapSize 263003 -jsInitHandle 1448 -jsInitLen 234840 -parentBuildID 20241008210941 -win32kLockedDown -appDir \"C:\\Program Files\\Mozilla Firefox\\browser\" - {e3c54c65-4db3-43b2-a501-59ef5047e26e} 7196 \"\\\\.\\pipe\\gecko-crash-server-pipe.7196\" 8 tab","CurrentDirectory":"C:\\Windows\\system32\\","User":"WIN10\\richard","LogonGuid":"{53968da7-b202-6708-c295-020000000000}","LogonId":"0x295c2","TerminalSessionId":"1","IntegrityLevel":"Low","Hashes":"MD5=571814A7939D001662BBA7760BD0B187,SHA256=9725AFC685C8EE135701E140A83B94FE7D958360A1F546215F7EAFDFF5E53A83,IMPHASH=BB4CE52E8306F88C0B1DA570553704E4","ParentProcessGuid":"{53968da7-c665-6708-c402-00000000fb00}","ParentProcessId":"7196","ParentImage":"C:\\Program Files\\Mozilla Firefox\\firefox.exe","ParentCommandLine":"\"C:\\Program Files\\Mozilla Firefox\\firefox.exe\" https://www.amazon.com","ParentUser":"WIN10\\richard"}}
{"LogSource":"Microsoft-Windows-Sysmon/Operational","EventId":1,"TimeCreated":"2024-10-10T23:32:07.0854899-07:00","RecordId":172039,"MachineName":"Win10","EventData":{"RuleName":"-","UtcTime":"2024-10-11 06:32:07.081","ProcessGuid":"{53968da7-c667-6708-cd02-00000000fb00}","ProcessId":"8964","Image":"C:\\Program Files\\Mozilla Firefox\\firefox.exe","FileVersion":"131.0.2","Description":"Firefox","Product":"Firefox","Company":"Mozilla Corporation","OriginalFileName":"firefox.exe","CommandLine":"\"C:\\Program Files\\Mozilla Firefox\\firefox.exe\" -contentproc --channel=6136 -isForBrowser -prefsHandle 6268 -prefMapHandle 6264 -prefsLen 33583 -prefMapSize 263003 -jsInitHandle 1448 -jsInitLen 234840 -parentBuildID 20241008210941 -win32kLockedDown -appDir \"C:\\Program Files\\Mozilla Firefox\\browser\" - {141b482a-b389-483a-830b-30144e88241a} 7196 \"\\\\.\\pipe\\gecko-crash-server-pipe.7196\" 9 tab","CurrentDirectory":"C:\\Windows\\system32\\","User":"WIN10\\richard","LogonGuid":"{53968da7-b202-6708-c295-020000000000}","LogonId":"0x295c2","TerminalSessionId":"1","IntegrityLevel":"Low","Hashes":"MD5=571814A7939D001662BBA7760BD0B187,SHA256=9725AFC685C8EE135701E140A83B94FE7D958360A1F546215F7EAFDFF5E53A83,IMPHASH=BB4CE52E8306F88C0B1DA570553704E4","ParentProcessGuid":"{53968da7-c665-6708-c402-00000000fb00}","ParentProcessId":"7196","ParentImage":"C:\\Program Files\\Mozilla Firefox\\firefox.exe","ParentCommandLine":"\"C:\\Program Files\\Mozilla Firefox\\firefox.exe\" https://www.amazon.com","ParentUser":"WIN10\\richard"}}
{"LogSource":"Microsoft-Windows-Sysmon/Operational","EventId":22,"TimeCreated":"2024-10-10T23:32:07.2572754-07:00","RecordId":172040,"MachineName":"Win10","EventData":{"RuleName":"-","UtcTime":"2024-10-11 06:32:05.002","ProcessGuid":"{53968da7-c665-6708-c402-00000000fb00}","ProcessId":"7196","QueryName":"detectportal.firefox.com","QueryStatus":"0","QueryResults":"type:  5 detectportal.prod.mozaws.net;type:  5 prod.detectportal.prod.cloudops.mozgcp.net;2600:1901:0:38d7::;::ffff:34.107.221.82;","Image":"C:\\Program Files\\Mozilla Firefox\\firefox.exe","User":"WIN10\\richard"}}
{"LogSource":"Microsoft-Windows-Sysmon/Operational","EventId":22,"TimeCreated":"2024-10-10T23:32:07.2595381-07:00","RecordId":172042,"MachineName":"Win10","EventData":{"RuleName":"-","UtcTime":"2024-10-11 06:32:05.004","ProcessGuid":"{53968da7-c665-6708-c402-00000000fb00}","ProcessId":"7196","QueryName":"prod.detectportal.prod.cloudops.mozgcp.net","QueryStatus":"0","QueryResults":"34.107.221.82;","Image":"C:\\Program Files\\Mozilla Firefox\\firefox.exe","User":"WIN10\\richard"}}
{"LogSource":"Microsoft-Windows-Sysmon/Operational","EventId":22,"TimeCreated":"2024-10-10T23:32:07.2606663-07:00","RecordId":172043,"MachineName":"Win10","EventData":{"RuleName":"-","UtcTime":"2024-10-11 06:32:05.008","ProcessGuid":"{53968da7-c665-6708-c402-00000000fb00}","ProcessId":"7196","QueryName":"prod.detectportal.prod.cloudops.mozgcp.net","QueryStatus":"0","QueryResults":"2600:1901:0:38d7::;","Image":"C:\\Program Files\\Mozilla Firefox\\firefox.exe","User":"WIN10\\richard"}}
{"LogSource":"Microsoft-Windows-Sysmon/Operational","EventId":22,"TimeCreated":"2024-10-10T23:32:07.2584299-07:00","RecordId":172041,"MachineName":"Win10","EventData":{"RuleName":"-","UtcTime":"2024-10-11 06:32:05.003","ProcessGuid":"{53968da7-c665-6708-c402-00000000fb00}","ProcessId":"7196","QueryName":"detectportal.firefox.com","QueryStatus":"0","QueryResults":"type:  5 detectportal.prod.mozaws.net;type:  5 prod.detectportal.prod.cloudops.mozgcp.net;2600:1901:0:38d7::;::ffff:34.107.221.82;","Image":"C:\\Program Files\\Mozilla Firefox\\firefox.exe","User":"WIN10\\richard"}}
{"LogSource":"Microsoft-Windows-Sysmon/Operational","EventId":22,"TimeCreated":"2024-10-10T23:32:07.2617880-07:00","RecordId":172044,"MachineName":"Win10","EventData":{"RuleName":"-","UtcTime":"2024-10-11 06:32:05.040","ProcessGuid":"{53968da7-c665-6708-c402-00000000fb00}","ProcessId":"7196","QueryName":"private.canadianshield.cira.ca","QueryStatus":"0","QueryResults":"2620:10a:80bb::10;2620:10a:80bc::10;::ffff:149.112.122.10;::ffff:149.112.121.10;","Image":"C:\\Program Files\\Mozilla Firefox\\firefox.exe","User":"WIN10\\richard"}}
{"LogSource":"Microsoft-Windows-Sysmon/Operational","EventId":22,"TimeCreated":"2024-10-10T23:32:07.2628959-07:00","RecordId":172045,"MachineName":"Win10","EventData":{"RuleName":"-","UtcTime":"2024-10-11 06:32:05.041","ProcessGuid":"{53968da7-c665-6708-c402-00000000fb00}","ProcessId":"7196","QueryName":"private.canadianshield.cira.ca","QueryStatus":"0","QueryResults":"2620:10a:80bb::10;2620:10a:80bc::10;::ffff:149.112.122.10;::ffff:149.112.121.10;","Image":"C:\\Program Files\\Mozilla Firefox\\firefox.exe","User":"WIN10\\richard"}}
{"LogSource":"Microsoft-Windows-Sysmon/Operational","EventId":22,"TimeCreated":"2024-10-10T23:32:07.2640526-07:00","RecordId":172046,"MachineName":"Win10","EventData":{"RuleName":"-","UtcTime":"2024-10-11 06:32:05.041","ProcessGuid":"{53968da7-c665-6708-c402-00000000fb00}","ProcessId":"7196","QueryName":"private.canadianshield.cira.ca","QueryStatus":"0","QueryResults":"149.112.121.10;149.112.122.10;","Image":"C:\\Program Files\\Mozilla Firefox\\firefox.exe","User":"WIN10\\richard"}}
{"LogSource":"Microsoft-Windows-Sysmon/Operational","EventId":22,"TimeCreated":"2024-10-10T23:32:07.2663858-07:00","RecordId":172048,"MachineName":"Win10","EventData":{"RuleName":"-","UtcTime":"2024-10-11 06:32:05.045","ProcessGuid":"{53968da7-c665-6708-c402-00000000fb00}","ProcessId":"7196","QueryName":"example.org","QueryStatus":"0","QueryResults":"93.184.215.14;","Image":"C:\\Program Files\\Mozilla Firefox\\firefox.exe","User":"WIN10\\richard"}}
{"LogSource":"Microsoft-Windows-Sysmon/Operational","EventId":22,"TimeCreated":"2024-10-10T23:32:07.2652374-07:00","RecordId":172047,"MachineName":"Win10","EventData":{"RuleName":"-","UtcTime":"2024-10-11 06:32:05.041","ProcessGuid":"{53968da7-c665-6708-c402-00000000fb00}","ProcessId":"7196","QueryName":"private.canadianshield.cira.ca","QueryStatus":"0","QueryResults":"2620:10a:80bc::10;2620:10a:80bb::10;","Image":"C:\\Program Files\\Mozilla Firefox\\firefox.exe","User":"WIN10\\richard"}}
{"LogSource":"Microsoft-Windows-Sysmon/Operational","EventId":22,"TimeCreated":"2024-10-10T23:32:07.2675560-07:00","RecordId":172049,"MachineName":"Win10","EventData":{"RuleName":"-","UtcTime":"2024-10-11 06:32:05.045","ProcessGuid":"{53968da7-c665-6708-c402-00000000fb00}","ProcessId":"7196","QueryName":"example.org","QueryStatus":"0","QueryResults":"2606:2800:21f:cb07:6820:80da:af6b:8b2c;::ffff:93.184.215.14;","Image":"C:\\Program Files\\Mozilla Firefox\\firefox.exe","User":"WIN10\\richard"}}
{"LogSource":"Microsoft-Windows-Sysmon/Operational","EventId":22,"TimeCreated":"2024-10-10T23:32:07.2687280-07:00","RecordId":172050,"MachineName":"Win10","EventData":{"RuleName":"-","UtcTime":"2024-10-11 06:32:05.045","ProcessGuid":"{53968da7-c665-6708-c402-00000000fb00}","ProcessId":"7196","QueryName":"example.org","QueryStatus":"0","QueryResults":"93.184.215.14;","Image":"C:\\Program Files\\Mozilla Firefox\\firefox.exe","User":"WIN10\\richard"}}
{"LogSource":"Microsoft-Windows-Sysmon/Operational","EventId":22,"TimeCreated":"2024-10-10T23:32:07.2698683-07:00","RecordId":172051,"MachineName":"Win10","EventData":{"RuleName":"-","UtcTime":"2024-10-11 06:32:05.046","ProcessGuid":"{53968da7-c665-6708-c402-00000000fb00}","ProcessId":"7196","QueryName":"example.org","QueryStatus":"0","QueryResults":"2606:2800:21f:cb07:6820:80da:af6b:8b2c;::ffff:93.184.215.14;","Image":"C:\\Program Files\\Mozilla Firefox\\firefox.exe","User":"WIN10\\richard"}}
{"LogSource":"Microsoft-Windows-Sysmon/Operational","EventId":22,"TimeCreated":"2024-10-10T23:32:07.2710789-07:00","RecordId":172052,"MachineName":"Win10","EventData":{"RuleName":"-","UtcTime":"2024-10-11 06:32:05.046","ProcessGuid":"{53968da7-c665-6708-c402-00000000fb00}","ProcessId":"7196","QueryName":"example.org","QueryStatus":"0","QueryResults":"2606:2800:21f:cb07:6820:80da:af6b:8b2c;","Image":"C:\\Program Files\\Mozilla Firefox\\firefox.exe","User":"WIN10\\richard"}}
{"LogSource":"Microsoft-Windows-Sysmon/Operational","EventId":22,"TimeCreated":"2024-10-10T23:32:07.2723693-07:00","RecordId":172053,"MachineName":"Win10","EventData":{"RuleName":"-","UtcTime":"2024-10-11 06:32:05.046","ProcessGuid":"{53968da7-c665-6708-c402-00000000fb00}","ProcessId":"7196","QueryName":"example.org","QueryStatus":"0","QueryResults":"93.184.215.14;","Image":"C:\\Program Files\\Mozilla Firefox\\firefox.exe","User":"WIN10\\richard"}}
{"LogSource":"Microsoft-Windows-Sysmon/Operational","EventId":22,"TimeCreated":"2024-10-10T23:32:07.2737901-07:00","RecordId":172054,"MachineName":"Win10","EventData":{"RuleName":"-","UtcTime":"2024-10-11 06:32:05.174","ProcessGuid":"{53968da7-c665-6708-c402-00000000fb00}","ProcessId":"7196","QueryName":"forcesafesearch.google.com.","QueryStatus":"0","QueryResults":"216.239.38.120;","Image":"C:\\Program Files\\Mozilla Firefox\\firefox.exe","User":"WIN10\\richard"}}
{"LogSource":"Microsoft-Windows-Sysmon/Operational","EventId":22,"TimeCreated":"2024-10-10T23:32:07.2761629-07:00","RecordId":172056,"MachineName":"Win10","EventData":{"RuleName":"-","UtcTime":"2024-10-11 06:32:05.181","ProcessGuid":"{53968da7-c665-6708-c402-00000000fb00}","ProcessId":"7196","QueryName":"restrictmoderate.youtube.com.","QueryStatus":"0","QueryResults":"216.239.38.119;","Image":"C:\\Program Files\\Mozilla Firefox\\firefox.exe","User":"WIN10\\richard"}}
{"LogSource":"Microsoft-Windows-Sysmon/Operational","EventId":22,"TimeCreated":"2024-10-10T23:32:07.2750525-07:00","RecordId":172055,"MachineName":"Win10","EventData":{"RuleName":"-","UtcTime":"2024-10-11 06:32:05.181","ProcessGuid":"{53968da7-c665-6708-c402-00000000fb00}","ProcessId":"7196","QueryName":"restrict.youtube.com.","QueryStatus":"0","QueryResults":"216.239.38.120;","Image":"C:\\Program Files\\Mozilla Firefox\\firefox.exe","User":"WIN10\\richard"}}
{"LogSource":"Microsoft-Windows-Sysmon/Operational","EventId":22,"TimeCreated":"2024-10-10T23:32:07.2772927-07:00","RecordId":172057,"MachineName":"Win10","EventData":{"RuleName":"-","UtcTime":"2024-10-11 06:32:05.182","ProcessGuid":"{53968da7-c665-6708-c402-00000000fb00}","ProcessId":"7196","QueryName":"sitereview.zscaler.com.","QueryStatus":"0","QueryResults":"104.129.193.93;","Image":"C:\\Program Files\\Mozilla Firefox\\firefox.exe","User":"WIN10\\richard"}}
{"LogSource":"Microsoft-Windows-Sysmon/Operational","EventId":22,"TimeCreated":"2024-10-10T23:32:07.2785143-07:00","RecordId":172058,"MachineName":"Win10","EventData":{"RuleName":"-","UtcTime":"2024-10-11 06:32:05.183","ProcessGuid":"{53968da7-c665-6708-c402-00000000fb00}","ProcessId":"7196","QueryName":"forcesafesearch.google.com.","QueryStatus":"0","QueryResults":"216.239.38.120;","Image":"C:\\Program Files\\Mozilla Firefox\\firefox.exe","User":"WIN10\\richard"}}
{"LogSource":"Microsoft-Windows-Sysmon/Operational","EventId":22,"TimeCreated":"2024-10-10T23:32:07.2798745-07:00","RecordId":172059,"MachineName":"Win10","EventData":{"RuleName":"-","UtcTime":"2024-10-11 06:32:05.183","ProcessGuid":"{53968da7-c665-6708-c402-00000000fb00}","ProcessId":"7196","QueryName":"private.canadianshield.cira.ca","QueryStatus":"0","QueryResults":"2620:10a:80bb::10;2620:10a:80bc::10;::ffff:149.112.122.10;::ffff:149.112.121.10;","Image":"C:\\Program Files\\Mozilla Firefox\\firefox.exe","User":"WIN10\\richard"}}
{"LogSource":"Microsoft-Windows-Sysmon/Operational","EventId":22,"TimeCreated":"2024-10-10T23:32:07.2811942-07:00","RecordId":172060,"MachineName":"Win10","EventData":{"RuleName":"-","UtcTime":"2024-10-11 06:32:05.183","ProcessGuid":"{53968da7-c665-6708-c402-00000000fb00}","ProcessId":"7196","QueryName":"forcesafesearch.google.com","QueryStatus":"0","QueryResults":"216.239.38.120;","Image":"C:\\Program Files\\Mozilla Firefox\\firefox.exe","User":"WIN10\\richard"}}
{"LogSource":"Microsoft-Windows-Sysmon/Operational","EventId":22,"TimeCreated":"2024-10-10T23:32:07.2823474-07:00","RecordId":172061,"MachineName":"Win10","EventData":{"RuleName":"-","UtcTime":"2024-10-11 06:32:05.183","ProcessGuid":"{53968da7-c665-6708-c402-00000000fb00}","ProcessId":"7196","QueryName":"restrict.youtube.com.","QueryStatus":"0","QueryResults":"216.239.38.120;","Image":"C:\\Program Files\\Mozilla Firefox\\firefox.exe","User":"WIN10\\richard"}}
{"LogSource":"Microsoft-Windows-Sysmon/Operational","EventId":22,"TimeCreated":"2024-10-10T23:32:07.2835129-07:00","RecordId":172062,"MachineName":"Win10","EventData":{"RuleName":"-","UtcTime":"2024-10-11 06:32:05.183","ProcessGuid":"{53968da7-c665-6708-c402-00000000fb00}","ProcessId":"7196","QueryName":"restrictmoderate.youtube.com.","QueryStatus":"0","QueryResults":"216.239.38.119;","Image":"C:\\Program Files\\Mozilla Firefox\\firefox.exe","User":"WIN10\\richard"}}
{"LogSource":"Microsoft-Windows-Sysmon/Operational","EventId":22,"TimeCreated":"2024-10-10T23:32:07.2846838-07:00","RecordId":172063,"MachineName":"Win10","EventData":{"RuleName":"-","UtcTime":"2024-10-11 06:32:05.183","ProcessGuid":"{53968da7-c665-6708-c402-00000000fb00}","ProcessId":"7196","QueryName":"restrict.youtube.com","QueryStatus":"0","QueryResults":"216.239.38.120;","Image":"C:\\Program Files\\Mozilla Firefox\\firefox.exe","User":"WIN10\\richard"}}
{"LogSource":"Microsoft-Windows-Sysmon/Operational","EventId":22,"TimeCreated":"2024-10-10T23:32:07.2858445-07:00","RecordId":172064,"MachineName":"Win10","EventData":{"RuleName":"-","UtcTime":"2024-10-11 06:32:05.184","ProcessGuid":"{53968da7-c665-6708-c402-00000000fb00}","ProcessId":"7196","QueryName":"sitereview.zscaler.com.","QueryStatus":"0","QueryResults":"104.129.193.93;","Image":"C:\\Program Files\\Mozilla Firefox\\firefox.exe","User":"WIN10\\richard"}}
{"LogSource":"Microsoft-Windows-Sysmon/Operational","EventId":22,"TimeCreated":"2024-10-10T23:32:07.2871071-07:00","RecordId":172065,"MachineName":"Win10","EventData":{"RuleName":"-","UtcTime":"2024-10-11 06:32:05.184","ProcessGuid":"{53968da7-c665-6708-c402-00000000fb00}","ProcessId":"7196","QueryName":"private.canadianshield.cira.ca","QueryStatus":"0","QueryResults":"2620:10a:80bb::10;2620:10a:80bc::10;::ffff:149.112.122.10;::ffff:149.112.121.10;","Image":"C:\\Program Files\\Mozilla Firefox\\firefox.exe","User":"WIN10\\richard"}}
{"LogSource":"Microsoft-Windows-Sysmon/Operational","EventId":22,"TimeCreated":"2024-10-10T23:32:07.2882911-07:00","RecordId":172066,"MachineName":"Win10","EventData":{"RuleName":"-","UtcTime":"2024-10-11 06:32:05.184","ProcessGuid":"{53968da7-c665-6708-c402-00000000fb00}","ProcessId":"7196","QueryName":"restrictmoderate.youtube.com","QueryStatus":"0","QueryResults":"216.239.38.119;","Image":"C:\\Program Files\\Mozilla Firefox\\firefox.exe","User":"WIN10\\richard"}}
{"LogSource":"Microsoft-Windows-Sysmon/Operational","EventId":22,"TimeCreated":"2024-10-10T23:32:07.2894098-07:00","RecordId":172067,"MachineName":"Win10","EventData":{"RuleName":"-","UtcTime":"2024-10-11 06:32:05.184","ProcessGuid":"{53968da7-c665-6708-c402-00000000fb00}","ProcessId":"7196","QueryName":"sitereview.zscaler.com","QueryStatus":"0","QueryResults":"104.129.193.93;","Image":"C:\\Program Files\\Mozilla Firefox\\firefox.exe","User":"WIN10\\richard"}}
{"LogSource":"Microsoft-Windows-Sysmon/Operational","EventId":22,"TimeCreated":"2024-10-10T23:32:07.2905600-07:00","RecordId":172068,"MachineName":"Win10","EventData":{"RuleName":"-","UtcTime":"2024-10-11 06:32:05.184","ProcessGuid":"{53968da7-c665-6708-c402-00000000fb00}","ProcessId":"7196","QueryName":"private.canadianshield.cira.ca","QueryStatus":"0","QueryResults":"149.112.121.10;149.112.122.10;","Image":"C:\\Program Files\\Mozilla Firefox\\firefox.exe","User":"WIN10\\richard"}}
{"LogSource":"Microsoft-Windows-Sysmon/Operational","EventId":22,"TimeCreated":"2024-10-10T23:32:07.2917254-07:00","RecordId":172069,"MachineName":"Win10","EventData":{"RuleName":"-","UtcTime":"2024-10-11 06:32:05.184","ProcessGuid":"{53968da7-c665-6708-c402-00000000fb00}","ProcessId":"7196","QueryName":"private.canadianshield.cira.ca","QueryStatus":"0","QueryResults":"2620:10a:80bc::10;2620:10a:80bb::10;","Image":"C:\\Program Files\\Mozilla Firefox\\firefox.exe","User":"WIN10\\richard"}}
{"LogSource":"Microsoft-Windows-Sysmon/Operational","EventId":22,"TimeCreated":"2024-10-10T23:32:07.2928926-07:00","RecordId":172070,"MachineName":"Win10","EventData":{"RuleName":"-","UtcTime":"2024-10-11 06:32:05.184","ProcessGuid":"{53968da7-c665-6708-c402-00000000fb00}","ProcessId":"7196","QueryName":"www.youtube.com.","QueryStatus":"0","QueryResults":"type:  5 youtube-ui.l.google.com;142.250.69.206;142.251.33.110;142.251.211.238;142.251.33.78;142.250.217.78;142.250.217.110;142.251.215.238;","Image":"C:\\Program Files\\Mozilla Firefox\\firefox.exe","User":"WIN10\\richard"}}
{"LogSource":"Microsoft-Windows-Sysmon/Operational","EventId":22,"TimeCreated":"2024-10-10T23:32:07.2940406-07:00","RecordId":172071,"MachineName":"Win10","EventData":{"RuleName":"-","UtcTime":"2024-10-11 06:32:05.184","ProcessGuid":"{53968da7-c665-6708-c402-00000000fb00}","ProcessId":"7196","QueryName":"google.com.","QueryStatus":"0","QueryResults":"142.251.33.110;","Image":"C:\\Program Files\\Mozilla Firefox\\firefox.exe","User":"WIN10\\richard"}}
{"LogSource":"Microsoft-Windows-Sysmon/Operational","EventId":22,"TimeCreated":"2024-10-10T23:32:07.2952412-07:00","RecordId":172072,"MachineName":"Win10","EventData":{"RuleName":"-","UtcTime":"2024-10-11 06:32:05.184","ProcessGuid":"{53968da7-c665-6708-c402-00000000fb00}","ProcessId":"7196","QueryName":"google.com.","QueryStatus":"0","QueryResults":"142.251.33.110;","Image":"C:\\Program Files\\Mozilla Firefox\\firefox.exe","User":"WIN10\\richard"}}
{"LogSource":"Microsoft-Windows-Sysmon/Operational","EventId":22,"TimeCreated":"2024-10-10T23:32:07.2964252-07:00","RecordId":172073,"MachineName":"Win10","EventData":{"RuleName":"-","UtcTime":"2024-10-11 06:32:05.184","ProcessGuid":"{53968da7-c665-6708-c402-00000000fb00}","ProcessId":"7196","QueryName":"www.youtube.com.","QueryStatus":"0","QueryResults":"type:  5 youtube-ui.l.google.com;142.250.69.206;142.251.33.110;142.251.211.238;142.251.33.78;142.250.217.78;142.250.217.110;142.251.215.238;","Image":"C:\\Program Files\\Mozilla Firefox\\firefox.exe","User":"WIN10\\richard"}}
{"LogSource":"Microsoft-Windows-Sysmon/Operational","EventId":22,"TimeCreated":"2024-10-10T23:32:07.2976379-07:00","RecordId":172074,"MachineName":"Win10","EventData":{"RuleName":"-","UtcTime":"2024-10-11 06:32:05.184","ProcessGuid":"{53968da7-c665-6708-c402-00000000fb00}","ProcessId":"7196","QueryName":"google.com","QueryStatus":"0","QueryResults":"142.251.33.110;","Image":"C:\\Program Files\\Mozilla Firefox\\firefox.exe","User":"WIN10\\richard"}}
{"LogSource":"Microsoft-Windows-Sysmon/Operational","EventId":22,"TimeCreated":"2024-10-10T23:32:07.2988423-07:00","RecordId":172075,"MachineName":"Win10","EventData":{"RuleName":"-","UtcTime":"2024-10-11 06:32:05.185","ProcessGuid":"{53968da7-c665-6708-c402-00000000fb00}","ProcessId":"7196","QueryName":"youtube.googleapis.com.","QueryStatus":"0","QueryResults":"142.250.217.74;142.250.217.106;142.251.215.234;172.217.14.234;142.250.69.202;142.251.33.106;142.251.211.234;142.251.33.74;","Image":"C:\\Program Files\\Mozilla Firefox\\firefox.exe","User":"WIN10\\richard"}}
{"LogSource":"Microsoft-Windows-Sysmon/Operational","EventId":22,"TimeCreated":"2024-10-10T23:32:07.3000296-07:00","RecordId":172076,"MachineName":"Win10","EventData":{"RuleName":"-","UtcTime":"2024-10-11 06:32:05.185","ProcessGuid":"{53968da7-c665-6708-c402-00000000fb00}","ProcessId":"7196","QueryName":"www.google.com.","QueryStatus":"0","QueryResults":"142.250.217.100;","Image":"C:\\Program Files\\Mozilla Firefox\\firefox.exe","User":"WIN10\\richard"}}
{"LogSource":"Microsoft-Windows-Sysmon/Operational","EventId":22,"TimeCreated":"2024-10-10T23:32:07.3012148-07:00","RecordId":172077,"MachineName":"Win10","EventData":{"RuleName":"-","UtcTime":"2024-10-11 06:32:05.185","ProcessGuid":"{53968da7-c665-6708-c402-00000000fb00}","ProcessId":"7196","QueryName":"m.youtube.com.","QueryStatus":"0","QueryResults":"142.251.33.78;","Image":"C:\\Program Files\\Mozilla Firefox\\firefox.exe","User":"WIN10\\richard"}}
{"LogSource":"Microsoft-Windows-Sysmon/Operational","EventId":22,"TimeCreated":"2024-10-10T23:32:07.3023831-07:00","RecordId":172078,"MachineName":"Win10","EventData":{"RuleName":"-","UtcTime":"2024-10-11 06:32:05.185","ProcessGuid":"{53968da7-c665-6708-c402-00000000fb00}","ProcessId":"7196","QueryName":"www.google.com.","QueryStatus":"0","QueryResults":"142.250.217.100;","Image":"C:\\Program Files\\Mozilla Firefox\\firefox.exe","User":"WIN10\\richard"}}
{"LogSource":"Microsoft-Windows-Sysmon/Operational","EventId":22,"TimeCreated":"2024-10-10T23:32:07.3036100-07:00","RecordId":172079,"MachineName":"Win10","EventData":{"RuleName":"-","UtcTime":"2024-10-11 06:32:05.185","ProcessGuid":"{53968da7-c665-6708-c402-00000000fb00}","ProcessId":"7196","QueryName":"youtube.googleapis.com.","QueryStatus":"0","QueryResults":"142.250.217.74;142.250.217.106;142.251.215.234;172.217.14.234;142.250.69.202;142.251.33.106;142.251.211.234;142.251.33.74;","Image":"C:\\Program Files\\Mozilla Firefox\\firefox.exe","User":"WIN10\\richard"}}
{"LogSource":"Microsoft-Windows-Sysmon/Operational","EventId":22,"TimeCreated":"2024-10-10T23:32:07.3047394-07:00","RecordId":172080,"MachineName":"Win10","EventData":{"RuleName":"-","UtcTime":"2024-10-11 06:32:05.185","ProcessGuid":"{53968da7-c665-6708-c402-00000000fb00}","ProcessId":"7196","QueryName":"m.youtube.com.","QueryStatus":"0","QueryResults":"142.251.33.78;","Image":"C:\\Program Files\\Mozilla Firefox\\firefox.exe","User":"WIN10\\richard"}}
{"LogSource":"Microsoft-Windows-Sysmon/Operational","EventId":22,"TimeCreated":"2024-10-10T23:32:07.3069833-07:00","RecordId":172082,"MachineName":"Win10","EventData":{"RuleName":"-","UtcTime":"2024-10-11 06:32:05.185","ProcessGuid":"{53968da7-c665-6708-c402-00000000fb00}","ProcessId":"7196","QueryName":"www.google.com","QueryStatus":"0","QueryResults":"142.250.217.100;","Image":"C:\\Program Files\\Mozilla Firefox\\firefox.exe","User":"WIN10\\richard"}}
{"LogSource":"Microsoft-Windows-Sysmon/Operational","EventId":22,"TimeCreated":"2024-10-10T23:32:07.3081460-07:00","RecordId":172083,"MachineName":"Win10","EventData":{"RuleName":"-","UtcTime":"2024-10-11 06:32:05.185","ProcessGuid":"{53968da7-c665-6708-c402-00000000fb00}","ProcessId":"7196","QueryName":"youtube.googleapis.com","QueryStatus":"0","QueryResults":"142.250.217.74;142.250.217.106;142.251.215.234;172.217.14.234;142.250.69.202;142.251.33.106;142.251.211.234;142.251.33.74;","Image":"C:\\Program Files\\Mozilla Firefox\\firefox.exe","User":"WIN10\\richard"}}
{"LogSource":"Microsoft-Windows-Sysmon/Operational","EventId":22,"TimeCreated":"2024-10-10T23:32:07.3058658-07:00","RecordId":172081,"MachineName":"Win10","EventData":{"RuleName":"-","UtcTime":"2024-10-11 06:32:05.185","ProcessGuid":"{53968da7-c665-6708-c402-00000000fb00}","ProcessId":"7196","QueryName":"youtubei.googleapis.com.","QueryStatus":"0","QueryResults":"142.251.215.234;172.217.14.202;142.250.69.202;142.251.33.106;142.251.211.234;142.251.33.74;142.250.217.74;142.250.217.106;","Image":"C:\\Program Files\\Mozilla Firefox\\firefox.exe","User":"WIN10\\richard"}}
{"LogSource":"Microsoft-Windows-Sysmon/Operational","EventId":22,"TimeCreated":"2024-10-10T23:32:07.3093389-07:00","RecordId":172084,"MachineName":"Win10","EventData":{"RuleName":"-","UtcTime":"2024-10-11 06:32:05.185","ProcessGuid":"{53968da7-c665-6708-c402-00000000fb00}","ProcessId":"7196","QueryName":"m.youtube.com","QueryStatus":"0","QueryResults":"142.251.33.78;","Image":"C:\\Program Files\\Mozilla Firefox\\firefox.exe","User":"WIN10\\richard"}}
{"LogSource":"Microsoft-Windows-Sysmon/Operational","EventId":22,"TimeCreated":"2024-10-10T23:32:07.3105046-07:00","RecordId":172085,"MachineName":"Win10","EventData":{"RuleName":"-","UtcTime":"2024-10-11 06:32:05.186","ProcessGuid":"{53968da7-c665-6708-c402-00000000fb00}","ProcessId":"7196","QueryName":"youtubei.googleapis.com.","QueryStatus":"0","QueryResults":"142.251.215.234;172.217.14.202;142.250.69.202;142.251.33.106;142.251.211.234;142.251.33.74;142.250.217.74;142.250.217.106;","Image":"C:\\Program Files\\Mozilla Firefox\\firefox.exe","User":"WIN10\\richard"}}
{"LogSource":"Microsoft-Windows-Sysmon/Operational","EventId":22,"TimeCreated":"2024-10-10T23:32:07.3116690-07:00","RecordId":172086,"MachineName":"Win10","EventData":{"RuleName":"-","UtcTime":"2024-10-11 06:32:05.186","ProcessGuid":"{53968da7-c665-6708-c402-00000000fb00}","ProcessId":"7196","QueryName":"youtubei.googleapis.com","QueryStatus":"0","QueryResults":"142.251.215.234;172.217.14.202;142.250.69.202;142.251.33.106;142.251.211.234;142.251.33.74;142.250.217.74;142.250.217.106;","Image":"C:\\Program Files\\Mozilla Firefox\\firefox.exe","User":"WIN10\\richard"}}
{"LogSource":"Microsoft-Windows-Sysmon/Operational","EventId":22,"TimeCreated":"2024-10-10T23:32:07.3127980-07:00","RecordId":172087,"MachineName":"Win10","EventData":{"RuleName":"-","UtcTime":"2024-10-11 06:32:05.186","ProcessGuid":"{53968da7-c665-6708-c402-00000000fb00}","ProcessId":"7196","QueryName":"www.youtube-nocookie.com.","QueryStatus":"0","QueryResults":"type:  5 youtube-ui.l.google.com;142.251.33.110;142.251.211.238;142.251.33.78;142.250.217.78;142.250.217.110;142.251.215.238;142.250.69.206;","Image":"C:\\Program Files\\Mozilla Firefox\\firefox.exe","User":"WIN10\\richard"}}
{"LogSource":"Microsoft-Windows-Sysmon/Operational","EventId":22,"TimeCreated":"2024-10-10T23:32:07.3139467-07:00","RecordId":172088,"MachineName":"Win10","EventData":{"RuleName":"-","UtcTime":"2024-10-11 06:32:05.186","ProcessGuid":"{53968da7-c665-6708-c402-00000000fb00}","ProcessId":"7196","QueryName":"www.youtube-nocookie.com.","QueryStatus":"0","QueryResults":"type:  5 youtube-ui.l.google.com;142.251.33.110;142.251.211.238;142.251.33.78;142.250.217.78;142.250.217.110;142.251.215.238;142.250.69.206;","Image":"C:\\Program Files\\Mozilla Firefox\\firefox.exe","User":"WIN10\\richard"}}
{"LogSource":"Microsoft-Windows-Sysmon/Operational","EventId":22,"TimeCreated":"2024-10-10T23:32:07.3151028-07:00","RecordId":172089,"MachineName":"Win10","EventData":{"RuleName":"-","UtcTime":"2024-10-11 06:32:05.189","ProcessGuid":"{53968da7-c665-6708-c402-00000000fb00}","ProcessId":"7196","QueryName":"youtube-ui.l.google.com","QueryStatus":"0","QueryResults":"142.250.69.206;142.251.215.238;142.250.217.110;142.250.217.78;142.251.33.78;142.251.211.238;142.251.33.110;","Image":"C:\\Program Files\\Mozilla Firefox\\firefox.exe","User":"WIN10\\richard"}}
{"LogSource":"Microsoft-Windows-Sysmon/Operational","EventId":22,"TimeCreated":"2024-10-10T23:32:07.3162217-07:00","RecordId":172090,"MachineName":"Win10","EventData":{"RuleName":"-","UtcTime":"2024-10-11 06:32:05.189","ProcessGuid":"{53968da7-c665-6708-c402-00000000fb00}","ProcessId":"7196","QueryName":"youtube-ui.l.google.com","QueryStatus":"0","QueryResults":"142.250.69.206;142.251.215.238;142.250.217.110;142.250.217.78;142.251.33.78;142.251.211.238;142.251.33.110;","Image":"C:\\Program Files\\Mozilla Firefox\\firefox.exe","User":"WIN10\\richard"}}
{"LogSource":"Microsoft-Windows-Sysmon/Operational","EventId":22,"TimeCreated":"2024-10-10T23:32:07.3173553-07:00","RecordId":172091,"MachineName":"Win10","EventData":{"RuleName":"-","UtcTime":"2024-10-11 06:32:05.192","ProcessGuid":"{53968da7-c665-6708-c402-00000000fb00}","ProcessId":"7196","QueryName":"mozilla.cloudflare-dns.com","QueryStatus":"0","QueryResults":"2803:f800:53::4;2a06:98c1:52::4;::ffff:172.64.41.4;::ffff:162.159.61.4;","Image":"C:\\Program Files\\Mozilla Firefox\\firefox.exe","User":"WIN10\\richard"}}
{"LogSource":"Microsoft-Windows-Sysmon/Operational","EventId":22,"TimeCreated":"2024-10-10T23:32:07.3185162-07:00","RecordId":172092,"MachineName":"Win10","EventData":{"RuleName":"-","UtcTime":"2024-10-11 06:32:05.193","ProcessGuid":"{53968da7-c665-6708-c402-00000000fb00}","ProcessId":"7196","QueryName":"mozilla.cloudflare-dns.com","QueryStatus":"0","QueryResults":"2803:f800:53::4;2a06:98c1:52::4;::ffff:172.64.41.4;::ffff:162.159.61.4;","Image":"C:\\Program Files\\Mozilla Firefox\\firefox.exe","User":"WIN10\\richard"}}
{"LogSource":"Microsoft-Windows-Sysmon/Operational","EventId":22,"TimeCreated":"2024-10-10T23:32:07.3196592-07:00","RecordId":172093,"MachineName":"Win10","EventData":{"RuleName":"-","UtcTime":"2024-10-11 06:32:05.193","ProcessGuid":"{53968da7-c665-6708-c402-00000000fb00}","ProcessId":"7196","QueryName":"use-application-dns.net.","QueryStatus":"0","QueryResults":"35.190.14.201;","Image":"C:\\Program Files\\Mozilla Firefox\\firefox.exe","User":"WIN10\\richard"}}
{"LogSource":"Microsoft-Windows-Sysmon/Operational","EventId":22,"TimeCreated":"2024-10-10T23:32:07.3208364-07:00","RecordId":172094,"MachineName":"Win10","EventData":{"RuleName":"-","UtcTime":"2024-10-11 06:32:05.193","ProcessGuid":"{53968da7-c665-6708-c402-00000000fb00}","ProcessId":"7196","QueryName":"use-application-dns.net.","QueryStatus":"0","QueryResults":"35.190.14.201;","Image":"C:\\Program Files\\Mozilla Firefox\\firefox.exe","User":"WIN10\\richard"}}
{"LogSource":"Microsoft-Windows-Sysmon/Operational","EventId":22,"TimeCreated":"2024-10-10T23:32:07.3219810-07:00","RecordId":172095,"MachineName":"Win10","EventData":{"RuleName":"-","UtcTime":"2024-10-11 06:32:05.194","ProcessGuid":"{53968da7-c665-6708-c402-00000000fb00}","ProcessId":"7196","QueryName":"use-application-dns.net","QueryStatus":"0","QueryResults":"35.190.14.201;","Image":"C:\\Program Files\\Mozilla Firefox\\firefox.exe","User":"WIN10\\richard"}}
{"LogSource":"Microsoft-Windows-Sysmon/Operational","EventId":22,"TimeCreated":"2024-10-10T23:32:07.3230932-07:00","RecordId":172096,"MachineName":"Win10","EventData":{"RuleName":"-","UtcTime":"2024-10-11 06:32:05.199","ProcessGuid":"{53968da7-c665-6708-c402-00000000fb00}","ProcessId":"7196","QueryName":"mozilla.cloudflare-dns.com","QueryStatus":"0","QueryResults":"162.159.61.4;172.64.41.4;","Image":"C:\\Program Files\\Mozilla Firefox\\firefox.exe","User":"WIN10\\richard"}}
{"LogSource":"Microsoft-Windows-Sysmon/Operational","EventId":22,"TimeCreated":"2024-10-10T23:32:07.3242804-07:00","RecordId":172097,"MachineName":"Win10","EventData":{"RuleName":"-","UtcTime":"2024-10-11 06:32:05.204","ProcessGuid":"{53968da7-c665-6708-c402-00000000fb00}","ProcessId":"7196","QueryName":"mozilla.cloudflare-dns.com","QueryStatus":"0","QueryResults":"2a06:98c1:52::4;2803:f800:53::4;","Image":"C:\\Program Files\\Mozilla Firefox\\firefox.exe","User":"WIN10\\richard"}}
{"LogSource":"Microsoft-Windows-Sysmon/Operational","EventId":22,"TimeCreated":"2024-10-10T23:32:07.3254352-07:00","RecordId":172098,"MachineName":"Win10","EventData":{"RuleName":"-","UtcTime":"2024-10-11 06:32:05.250","ProcessGuid":"{53968da7-c665-6708-c402-00000000fb00}","ProcessId":"7196","QueryName":"doh.test.","QueryStatus":"9003","QueryResults":"-","Image":"C:\\Program Files\\Mozilla Firefox\\firefox.exe","User":"WIN10\\richard"}}
{"LogSource":"Microsoft-Windows-Sysmon/Operational","EventId":22,"TimeCreated":"2024-10-10T23:32:07.3266216-07:00","RecordId":172099,"MachineName":"Win10","EventData":{"RuleName":"-","UtcTime":"2024-10-11 06:32:05.610","ProcessGuid":"{53968da7-c665-6708-c402-00000000fb00}","ProcessId":"7196","QueryName":"example.org","QueryStatus":"0","QueryResults":"93.184.215.14;","Image":"C:\\Program Files\\Mozilla Firefox\\firefox.exe","User":"WIN10\\richard"}}
{"LogSource":"Microsoft-Windows-Sysmon/Operational","EventId":22,"TimeCreated":"2024-10-10T23:32:07.3277998-07:00","RecordId":172100,"MachineName":"Win10","EventData":{"RuleName":"-","UtcTime":"2024-10-11 06:32:05.611","ProcessGuid":"{53968da7-c665-6708-c402-00000000fb00}","ProcessId":"7196","QueryName":"example.org","QueryStatus":"0","QueryResults":"2606:2800:21f:cb07:6820:80da:af6b:8b2c;::ffff:93.184.215.14;","Image":"C:\\Program Files\\Mozilla Firefox\\firefox.exe","User":"WIN10\\richard"}}
{"LogSource":"Microsoft-Windows-Sysmon/Operational","EventId":22,"TimeCreated":"2024-10-10T23:32:08.2702838-07:00","RecordId":172101,"MachineName":"Win10","EventData":{"RuleName":"-","UtcTime":"2024-10-11 06:32:05.611","ProcessGuid":"{53968da7-c665-6708-c402-00000000fb00}","ProcessId":"7196","QueryName":"example.org","QueryStatus":"0","QueryResults":"93.184.215.14;","Image":"C:\\Program Files\\Mozilla Firefox\\firefox.exe","User":"WIN10\\richard"}}
{"LogSource":"Microsoft-Windows-Sysmon/Operational","EventId":22,"TimeCreated":"2024-10-10T23:32:08.2721847-07:00","RecordId":172102,"MachineName":"Win10","EventData":{"RuleName":"-","UtcTime":"2024-10-11 06:32:05.611","ProcessGuid":"{53968da7-c665-6708-c402-00000000fb00}","ProcessId":"7196","QueryName":"example.org","QueryStatus":"0","QueryResults":"2606:2800:21f:cb07:6820:80da:af6b:8b2c;::ffff:93.184.215.14;","Image":"C:\\Program Files\\Mozilla Firefox\\firefox.exe","User":"WIN10\\richard"}}
{"LogSource":"Microsoft-Windows-Sysmon/Operational","EventId":22,"TimeCreated":"2024-10-10T23:32:08.2740375-07:00","RecordId":172103,"MachineName":"Win10","EventData":{"RuleName":"-","UtcTime":"2024-10-11 06:32:05.617","ProcessGuid":"{53968da7-c665-6708-c402-00000000fb00}","ProcessId":"7196","QueryName":"example.org","QueryStatus":"0","QueryResults":"93.184.215.14;","Image":"C:\\Program Files\\Mozilla Firefox\\firefox.exe","User":"WIN10\\richard"}}
{"LogSource":"Microsoft-Windows-Sysmon/Operational","EventId":22,"TimeCreated":"2024-10-10T23:32:08.2777658-07:00","RecordId":172105,"MachineName":"Win10","EventData":{"RuleName":"-","UtcTime":"2024-10-11 06:32:05.619","ProcessGuid":"{53968da7-c665-6708-c402-00000000fb00}","ProcessId":"7196","QueryName":"detectportal.firefox.com","QueryStatus":"0","QueryResults":"type:  5 detectportal.prod.mozaws.net;type:  5 prod.detectportal.prod.cloudops.mozgcp.net;2600:1901:0:38d7::;::ffff:34.107.221.82;","Image":"C:\\Program Files\\Mozilla Firefox\\firefox.exe","User":"WIN10\\richard"}}
{"LogSource":"Microsoft-Windows-Sysmon/Operational","EventId":22,"TimeCreated":"2024-10-10T23:32:08.2759099-07:00","RecordId":172104,"MachineName":"Win10","EventData":{"RuleName":"-","UtcTime":"2024-10-11 06:32:05.617","ProcessGuid":"{53968da7-c665-6708-c402-00000000fb00}","ProcessId":"7196","QueryName":"example.org","QueryStatus":"0","QueryResults":"2606:2800:21f:cb07:6820:80da:af6b:8b2c;","Image":"C:\\Program Files\\Mozilla Firefox\\firefox.exe","User":"WIN10\\richard"}}
{"LogSource":"Microsoft-Windows-Sysmon/Operational","EventId":22,"TimeCreated":"2024-10-10T23:32:08.2815290-07:00","RecordId":172107,"MachineName":"Win10","EventData":{"RuleName":"-","UtcTime":"2024-10-11 06:32:05.619","ProcessGuid":"{53968da7-c665-6708-c402-00000000fb00}","ProcessId":"7196","QueryName":"prod.detectportal.prod.cloudops.mozgcp.net","QueryStatus":"0","QueryResults":"34.107.221.82;","Image":"C:\\Program Files\\Mozilla Firefox\\firefox.exe","User":"WIN10\\richard"}}
{"LogSource":"Microsoft-Windows-Sysmon/Operational","EventId":22,"TimeCreated":"2024-10-10T23:32:08.2796022-07:00","RecordId":172106,"MachineName":"Win10","EventData":{"RuleName":"-","UtcTime":"2024-10-11 06:32:05.619","ProcessGuid":"{53968da7-c665-6708-c402-00000000fb00}","ProcessId":"7196","QueryName":"detectportal.firefox.com","QueryStatus":"0","QueryResults":"type:  5 detectportal.prod.mozaws.net;type:  5 prod.detectportal.prod.cloudops.mozgcp.net;2600:1901:0:38d7::;::ffff:34.107.221.82;","Image":"C:\\Program Files\\Mozilla Firefox\\firefox.exe","User":"WIN10\\richard"}}
{"LogSource":"Microsoft-Windows-Sysmon/Operational","EventId":22,"TimeCreated":"2024-10-10T23:32:08.2834241-07:00","RecordId":172108,"MachineName":"Win10","EventData":{"RuleName":"-","UtcTime":"2024-10-11 06:32:05.620","ProcessGuid":"{53968da7-c665-6708-c402-00000000fb00}","ProcessId":"7196","QueryName":"prod.detectportal.prod.cloudops.mozgcp.net","QueryStatus":"0","QueryResults":"2600:1901:0:38d7::;","Image":"C:\\Program Files\\Mozilla Firefox\\firefox.exe","User":"WIN10\\richard"}}
{"LogSource":"Microsoft-Windows-Sysmon/Operational","EventId":1,"TimeCreated":"2024-10-10T23:32:12.1787097-07:00","RecordId":172109,"MachineName":"Win10","EventData":{"RuleName":"-","UtcTime":"2024-10-11 06:32:12.176","ProcessGuid":"{53968da7-c66c-6708-ce02-00000000fb00}","ProcessId":"3192","Image":"C:\\Program Files\\Mozilla Firefox\\firefox.exe","FileVersion":"131.0.2","Description":"Firefox","Product":"Firefox","Company":"Mozilla Corporation","OriginalFileName":"firefox.exe","CommandLine":"\"C:\\Program Files\\Mozilla Firefox\\firefox.exe\" -contentproc --channel=6708 -isForBrowser -prefsHandle 6296 -prefMapHandle 4044 -prefsLen 33727 -prefMapSize 263003 -jsInitHandle 1448 -jsInitLen 234840 -parentBuildID 20241008210941 -win32kLockedDown -appDir \"C:\\Program Files\\Mozilla Firefox\\browser\" - {82be39e9-2943-46f6-af63-120558f0f308} 7196 \"\\\\.\\pipe\\gecko-crash-server-pipe.7196\" 10 tab","CurrentDirectory":"C:\\Windows\\system32\\","User":"WIN10\\richard","LogonGuid":"{53968da7-b202-6708-c295-020000000000}","LogonId":"0x295c2","TerminalSessionId":"1","IntegrityLevel":"Low","Hashes":"MD5=571814A7939D001662BBA7760BD0B187,SHA256=9725AFC685C8EE135701E140A83B94FE7D958360A1F546215F7EAFDFF5E53A83,IMPHASH=BB4CE52E8306F88C0B1DA570553704E4","ParentProcessGuid":"{53968da7-c665-6708-c402-00000000fb00}","ParentProcessId":"7196","ParentImage":"C:\\Program Files\\Mozilla Firefox\\firefox.exe","ParentCommandLine":"\"C:\\Program Files\\Mozilla Firefox\\firefox.exe\" https://www.amazon.com","ParentUser":"WIN10\\richard"}}
{"LogSource":"Microsoft-Windows-Sysmon/Operational","EventId":1,"TimeCreated":"2024-10-10T23:33:15.7772612-07:00","RecordId":172110,"MachineName":"Win10","EventData":{"RuleName":"-","UtcTime":"2024-10-11 06:33:15.775","ProcessGuid":"{53968da7-c6ab-6708-cf02-00000000fb00}","ProcessId":"7896","Image":"C:\\Program Files\\Mozilla Firefox\\firefox.exe","FileVersion":"131.0.2","Description":"Firefox","Product":"Firefox","Company":"Mozilla Corporation","OriginalFileName":"firefox.exe","CommandLine":"\"C:\\Program Files\\Mozilla Firefox\\firefox.exe\" https://www.netflix.com ","CurrentDirectory":"C:\\Windows\\system32\\","User":"WIN10\\richard","LogonGuid":"{53968da7-b202-6708-7195-020000000000}","LogonId":"0x29571","TerminalSessionId":"1","IntegrityLevel":"High","Hashes":"MD5=571814A7939D001662BBA7760BD0B187,SHA256=9725AFC685C8EE135701E140A83B94FE7D958360A1F546215F7EAFDFF5E53A83,IMPHASH=BB4CE52E8306F88C0B1DA570553704E4","ParentProcessGuid":"{53968da7-be30-6708-5201-00000000fb00}","ParentProcessId":"6876","ParentImage":"C:\\Windows\\System32\\WindowsPowerShell\\v1.0\\powershell_ise.exe","ParentCommandLine":"\"C:\\Windows\\system32\\WindowsPowerShell\\v1.0\\PowerShell_ISE.exe\" ","ParentUser":"WIN10\\richard"}}
{"LogSource":"Microsoft-Windows-Sysmon/Operational","EventId":1,"TimeCreated":"2024-10-10T23:33:15.8078896-07:00","RecordId":172111,"MachineName":"Win10","EventData":{"RuleName":"-","UtcTime":"2024-10-11 06:33:15.806","ProcessGuid":"{53968da7-c6ab-6708-d002-00000000fb00}","ProcessId":"1716","Image":"C:\\Program Files\\Mozilla Firefox\\firefox.exe","FileVersion":"131.0.2","Description":"Firefox","Product":"Firefox","Company":"Mozilla Corporation","OriginalFileName":"firefox.exe","CommandLine":"\"C:\\Program Files\\Mozilla Firefox\\firefox.exe\" https://www.netflix.com --attempting-deelevation","CurrentDirectory":"C:\\Windows\\system32\\","User":"WIN10\\richard","LogonGuid":"{53968da7-b202-6708-c295-020000000000}","LogonId":"0x295c2","TerminalSessionId":"1","IntegrityLevel":"Medium","Hashes":"MD5=571814A7939D001662BBA7760BD0B187,SHA256=9725AFC685C8EE135701E140A83B94FE7D958360A1F546215F7EAFDFF5E53A83,IMPHASH=BB4CE52E8306F88C0B1DA570553704E4","ParentProcessGuid":"{53968da7-b203-6708-4f00-00000000fb00}","ParentProcessId":"4396","ParentImage":"C:\\Windows\\explorer.exe","ParentCommandLine":"C:\\Windows\\Explorer.EXE","ParentUser":"WIN10\\richard"}}
