{"LogSource":"Microsoft-Windows-Sysmon/Operational","EventId":1,"TimeCreated":"2024-10-10T23:23:24.0076650-07:00","RecordId":171760,"MachineName":"Win10","EventData":{"RuleName":"-","UtcTime":"2024-10-11 06:23:24.004","ProcessGuid":"{53968da7-c45c-6708-8802-00000000fb00}","ProcessId":"4332","Image":"C:\\Program Files (x86)\\Google\\GoogleUpdater\\130.0.6679.0\\updater.exe","FileVersion":"130.0.6679.0","Description":"Google Updater","Product":"Google Updater","Company":"Google LLC","OriginalFileName":"updater.exe","CommandLine":"\"C:\\Program Files (x86)\\Google\\GoogleUpdater\\130.0.6679.0\\updater.exe\" --crash-handler --system \"--database=C:\\Program Files (x86)\\Google\\GoogleUpdater\\130.0.6679.0\\Crashpad\" --url=https://clients2.google.com/cr/report --annotation=prod=Update4 --annotation=ver=130.0.6679.0 \"--attachment=C:\\Program Files (x86)\\Google\\GoogleUpdater\\updater.log\" --initial-client-data=0x2a4,0x2a8,0x2ac,0x278,0x2b0,0xdaa6cc,0xdaa6d8,0xdaa6e4","CurrentDirectory":"C:\\Windows\\system32\\","User":"NT AUTHORITY\\SYSTEM","LogonGuid":"{53968da7-b200-6708-e703-000000000000}","LogonId":"0x3e7","TerminalSessionId":"0","IntegrityLevel":"System","Hashes":"MD5=C583E91DDEE7C0E8AC2A3D3AACAD2F4C,SHA256=7F67129760223E5DDF31219F0B2E247555FBAC85F4B6F933212AC091A21DEBF9,IMPHASH=20AB254B36A04EA3556F60145D061FED","ParentProcessGuid":"{53968da7-c45b-6708-8702-00000000fb00}","ParentProcessId":"3204","ParentImage":"C:\\Program Files (x86)\\Google\\GoogleUpdater\\130.0.6679.0\\updater.exe","ParentCommandLine":"\"C:\\Program Files (x86)\\Google\\GoogleUpdater\\130.0.6679.0\\updater.exe\" --system --windows-service --service=update","ParentUser":"NT AUTHORITY\\SYSTEM"}}
{"LogSource":"Microsoft-Windows-Sysmon/Operational","EventId":1,"TimeCreated":"2024-10-10T23:23:33.5301522-07:00","RecordId":171761,"MachineName":"Win10","EventData":{"RuleName":"-","UtcTime":"2024-10-11 06:23:33.523","ProcessGuid":"{53968da7-c465-6708-8902-00000000fb00}","ProcessId":"4592","Image":"C:\\Program Files (x86)\\Microsoft\\EdgeUpdate\\MicrosoftEdgeUpdate.exe","FileVersion":"1.3.147.37","Description":"Microsoft Edge Update","Product":"Microsoft Edge Update","Company":"Microsoft Corporation","OriginalFileName":"msedgeupdate.dll","CommandLine":"\"C:\\Program Files (x86)\\Microsoft\\EdgeUpdate\\MicrosoftEdgeUpdate.exe\" /ua /installsource scheduler","CurrentDirectory":"C:\\Windows\\system32\\","User":"NT AUTHORITY\\SYSTEM","LogonGuid":"{53968da7-b200-6708-e703-000000000000}","LogonId":"0x3e7","TerminalSessionId":"0","IntegrityLevel":"System","Hashes":"MD5=C019E421D9F897108E51666CBAE2C8B0,SHA256=3096D8E82917A9B73F322F4B1743E52E9B0C8B3C5933A957E73E29D6973CDD5B,IMPHASH=E00D60405A249A05D3B09AA7FE924B17","ParentProcessGuid":"{53968da7-b200-6708-1100-00000000fb00}","ParentProcessId":"492","ParentImage":"C:\\Windows\\System32\\svchost.exe","ParentCommandLine":"C:\\Windows\\system32\\svchost.exe -k netsvcs -p","ParentUser":"NT AUTHORITY\\SYSTEM"}}
{"LogSource":"Microsoft-Windows-Sysmon/Operational","EventId":1,"TimeCreated":"2024-10-10T23:24:19.1494795-07:00","RecordId":171763,"MachineName":"Win10","EventData":{"RuleName":"-","UtcTime":"2024-10-11 06:24:19.146","ProcessGuid":"{53968da7-c493-6708-8b02-00000000fb00}","ProcessId":"3852","Image":"C:\\Program Files (x86)\\Microsoft\\EdgeUpdate\\MicrosoftEdgeUpdate.exe","FileVersion":"1.3.147.37","Description":"Microsoft Edge Update","Product":"Microsoft Edge Update","Company":"Microsoft Corporation","OriginalFileName":"msedgeupdate.dll","CommandLine":"\"C:\\Program Files (x86)\\Microsoft\\EdgeUpdate\\MicrosoftEdgeUpdate.exe\" /ping PD94bWwgdmVyc2lvbj0iMS4wIiBlbmNvZGluZz0iVVRGLTgiPz48cmVxdWVzdCBwcm90b2NvbD0iMy4wIiB1cGRhdGVyPSJPbWFoYSIgdXBkYXRlcnZlcnNpb249IjEuMy4xOTUuMjUiIHNoZWxsX3ZlcnNpb249IjEuMy4xNDcuMzciIGlzbWFjaGluZT0iMSIgc2Vzc2lvbmlkPSJ7MzIyMEZDQzQtNjAxRS00QURFLUI5QUQtN0M0Q0ZFMjQwMEEyfSIgdXNlcmlkPSJ7RTNBQjU5QUMtNzJGOS00OTU0LUE3RkEtMjlCMEM0QTYyNzgxfSIgaW5zdGFsbHNvdXJjZT0ic2NoZWR1bGVyIiByZXF1ZXN0aWQ9Ins2MkQ3NDcwRS1BODVFLTREQjQtOTM3RS0yMzcxODg5Q0IxOUJ9IiBkZWR1cD0iY3IiIGRvbWFpbmpvaW5lZD0iMCI-PGh3IGxvZ2ljYWxfY3B1cz0iNCIgcGh5c21lbW9yeT0iOCIgZGlza190eXBlPSIxIiBzc2U9IjEiIHNzZTI9IjEiIHNzZTM9IjEiIHNzc2UzPSIxIiBzc2U0MT0iMSIgc3NlNDI9IjEiIGF2eD0iMSIvPjxvcyBwbGF0Zm9ybT0id2luIiB2ZXJzaW9uPSIxMC4wLjE5MDQ1LjUwMTEiIHNwPSIiIGFyY2g9Ing2NCIgcHJvZHVjdF90eXBlPSIxMDEiIGlzX3dpcD0iMCIgaXNfaW5fbG9ja2Rvd25fbW9kZT0iMCIvPjxvZW0gcHJvZHVjdF9tYW51ZmFjdHVyZXI9Imlubm90ZWsgR21iSCIgcHJvZHVjdF9uYW1lPSJWaXJ0dWFsQm94Ii8-PGV4cCBldGFnPSImcXVvdDszdGgycWg5SlpLTEYyL2trdkVrWTBsUG5HV0JBWkNVR1RKZjdVUnBUanBBPSZxdW90OyIvPjxhcHAgYXBwaWQ9IntGM0M0RkUwMC1FRkQ1LTQwM0ItOTU2OS0zOThBMjBGMUJBNEF9IiB2ZXJzaW9uPSIxLjMuMTk1LjI1IiBuZXh0dmVyc2lvbj0iIiBsYW5nPSIiIGJyYW5kPSJJTkJYIiBjbGllbnQ9IiIgZXhwZXJpbWVudHM9IklzT25JbnRlcnZhbENvbW1hbmRzQWxsb3dlZD0lNUIlMjItdGFyZ2V0X2RldiUyMC1taW5fYnJvd3Nlcl92ZXJzaW9uX2NhbmFyeV9kZXYlMjAxMzEuMC4yODcxLjAlMjIlNUQiIGluc3RhbGxhZ2U9IjU1NCIgY29ob3J0PSJycmZAMC41MCI-PHVwZGF0ZWNoZWNrLz48cGluZyByPSIxIiByZD0iNjQ5MiIgcGluZ19mcmVzaG5lc3M9InsyMTczMkFGRS1CRjM5LTQyNjktQkU2QS1GQjExMTkxRDExOUF9Ii8-PC9hcHA-PGFwcCBhcHBpZD0iezU2RUIxOEY4LUIwMDgtNENCRC1CNkQyLThDOTdGRTdFOTA2Mn0iIHZlcnNpb249IjEyOS4wLjI3OTIuNzkiIG5leHR2ZXJzaW9uPSIiIGxhbmc9IiIgYnJhbmQ9IklOQlgiIGNsaWVudD0iIiBleHBlcmltZW50cz0iY29uc2VudD1mYWxzZSIgaW5zdGFsbGFnZT0iNTU0IiBjb2hvcnQ9InJyZkAwLjg4IiBvb2JlX2luc3RhbGxfdGltZT0iMTMzMjUyMzEwODkyNzUxMTAwIiB1cGRhdGVfY291bnQ9IjQyIiBpc19waW5uZWRfc3lzdGVtPSJ0cnVlIiBsYXN0X2xhdW5jaF9jb3VudD0iMSIgbGFzdF9sYXVuY2hfdGltZT0iMTMzNzI3OTIwMTA0NzczMjcwIiBmaXJzdF9mcmVfc2Vlbl90aW1lPSIxMzMyNTI3MTQxNjg2NTY0MTAiIGZpcnN0X2ZyZV9zZWVuX3ZlcnNpb249IjExMS4wLjE2NjEuNjIiPjx1cGRhdGVjaGVjay8-PHBpbmcgYWN0aXZlPSIwIiByPSIxIiByZD0iNjQ5MiIgcGluZ19mcmVzaG5lc3M9Ins1NENGQzVBMC1GNTEwLTQ4ODQtOTdGRS01NUUxQkUxNjZCNzd9Ii8-PC9hcHA-PGFwcCBhcHBpZD0ie0YzMDE3MjI2LUZFMkEtNDI5NS04QkRGLTAwQzNBOUE3RTRDNX0iIHZlcnNpb249IjEyOS4wLjI3OTIuNzkiIG5leHR2ZXJzaW9uPSIiIGxhbmc9IiIgYnJhbmQ9IkVVRkkiIGNsaWVudD0iIiBpbnN0YWxsYWdlPSI1NTQiIGluc3RhbGxkYXRlPSI1OTM2IiBjb2hvcnQ9InJyZkAwLjQxIiB1cGRhdGVfY291bnQ9IjQwIj48dXBkYXRlY2hlY2svPjxwaW5nIHI9IjEiIHJkPSI2NDkyIiBwaW5nX2ZyZXNobmVzcz0ie0I2QUQxRjk0LUEwQjAtNDE1QS1CNUFGLTJCNjM2RjUxMDU1Q30iLz48L2FwcD48L3JlcXVlc3Q-","CurrentDirectory":"C:\\Program Files (x86)\\Microsoft\\EdgeUpdate\\1.3.195.25\\","User":"NT AUTHORITY\\SYSTEM","LogonGuid":"{53968da7-b200-6708-e703-000000000000}","LogonId":"0x3e7","TerminalSessionId":"0","IntegrityLevel":"System","Hashes":"MD5=C019E421D9F897108E51666CBAE2C8B0,SHA256=3096D8E82917A9B73F322F4B1743E52E9B0C8B3C5933A957E73E29D6973CDD5B,IMPHASH=E00D60405A249A05D3B09AA7FE924B17","ParentProcessGuid":"{53968da7-c492-6708-8a02-00000000fb00}","ParentProcessId":"6664","ParentImage":"C:\\Program Files (x86)\\Microsoft\\EdgeUpdate\\MicrosoftEdgeUpdate.exe","ParentCommandLine":"\"C:\\Program Files (x86)\\Microsoft\\EdgeUpdate\\MicrosoftEdgeUpdate.exe\" /svc","ParentUser":"NT AUTHORITY\\SYSTEM"}}
{"LogSource":"Microsoft-Windows-Sysmon/Operational","EventId":1,"TimeCreated":"2024-10-10T23:24:18.4055220-07:00","RecordId":171762,"MachineName":"Win10","EventData":{"RuleName":"-","UtcTime":"2024-10-11 06:24:18.398","ProcessGuid":"{53968da7-c492-6708-8a02-00000000fb00}","ProcessId":"6664","Image":"C:\\Program Files (x86)\\Microsoft\\EdgeUpdate\\MicrosoftEdgeUpdate.exe","FileVersion":"1.3.147.37","Description":"Microsoft Edge Update","Product":"Microsoft Edge Update","Company":"Microsoft Corporation","OriginalFileName":"msedgeupdate.dll","CommandLine":"\"C:\\Program Files (x86)\\Microsoft\\EdgeUpdate\\MicrosoftEdgeUpdate.exe\" /svc","CurrentDirectory":"C:\\Windows\\system32\\","User":"NT AUTHORITY\\SYSTEM","LogonGuid":"{53968da7-b200-6708-e703-000000000000}","LogonId":"0x3e7","TerminalSessionId":"0","IntegrityLevel":"System","Hashes":"MD5=C019E421D9F897108E51666CBAE2C8B0,SHA256=3096D8E82917A9B73F322F4B1743E52E9B0C8B3C5933A957E73E29D6973CDD5B,IMPHASH=E00D60405A249A05D3B09AA7FE924B17","ParentProcessGuid":"{53968da7-b1ff-6708-0b00-00000000fb00}","ParentProcessId":"740","ParentImage":"C:\\Windows\\System32\\services.exe","ParentCommandLine":"C:\\Windows\\system32\\services.exe","ParentUser":"NT AUTHORITY\\SYSTEM"}}
{"LogSource":"Microsoft-Windows-Sysmon/Operational","EventId":1,"TimeCreated":"2024-10-10T23:24:54.9749926-07:00","RecordId":171764,"MachineName":"Win10","EventData":{"RuleName":"-","UtcTime":"2024-10-11 06:24:54.972","ProcessGuid":"{53968da7-c4b6-6708-8c02-00000000fb00}","ProcessId":"588","Image":"C:\\Program Files\\Mozilla Firefox\\firefox.exe","FileVersion":"131.0.2","Description":"Firefox","Product":"Firefox","Company":"Mozilla Corporation","OriginalFileName":"firefox.exe","CommandLine":"\"C:\\Program Files\\Mozilla Firefox\\firefox.exe\" https://www.netflix.com ","CurrentDirectory":"C:\\Windows\\system32\\","User":"WIN10\\richard","LogonGuid":"{53968da7-b202-6708-7195-020000000000}","LogonId":"0x29571","TerminalSessionId":"1","IntegrityLevel":"High","Hashes":"MD5=571814A7939D001662BBA7760BD0B187,SHA256=9725AFC685C8EE135701E140A83B94FE7D958360A1F546215F7EAFDFF5E53A83,IMPHASH=BB4CE52E8306F88C0B1DA570553704E4","ParentProcessGuid":"{53968da7-be30-6708-5201-00000000fb00}","ParentProcessId":"6876","ParentImage":"C:\\Windows\\System32\\WindowsPowerShell\\v1.0\\powershell_ise.exe","ParentCommandLine":"\"C:\\Windows\\system32\\WindowsPowerShell\\v1.0\\PowerShell_ISE.exe\" ","ParentUser":"WIN10\\richard"}}
{"LogSource":"Microsoft-Windows-Sysmon/Operational","EventId":1,"TimeCreated":"2024-10-10T23:24:55.0097369-07:00","RecordId":171765,"MachineName":"Win10","EventData":{"RuleName":"-","UtcTime":"2024-10-11 06:24:55.008","ProcessGuid":"{53968da7-c4b7-6708-8d02-00000000fb00}","ProcessId":"4972","Image":"C:\\Windows\\System32\\smartscreen.exe","FileVersion":"10.0.19041.5007 (WinBuild.160101.0800)","Description":"Windows Defender SmartScreen","Product":"Microsoft® Windows® Operating System","Company":"Microsoft Corporation","OriginalFileName":"smartscreen.exe","CommandLine":"C:\\Windows\\System32\\smartscreen.exe -Embedding","CurrentDirectory":"C:\\Windows\\system32\\","User":"WIN10\\richard","LogonGuid":"{53968da7-b202-6708-c295-020000000000}","LogonId":"0x295c2","TerminalSessionId":"1","IntegrityLevel":"Medium","Hashes":"MD5=C0F62FB7AD4A9C049D5AC3B737E1252D,SHA256=F4EAFC737F93186D563B198ED737C9C2F17A4B9A58D976D78D1C2E13C1EDA104,IMPHASH=9ECF7E989FB6561A51A731BC7991D274","ParentProcessGuid":"{53968da7-b200-6708-0d00-00000000fb00}","ParentProcessId":"884","ParentImage":"C:\\Windows\\System32\\svchost.exe","ParentCommandLine":"C:\\Windows\\system32\\svchost.exe -k DcomLaunch -p","ParentUser":"NT AUTHORITY\\SYSTEM"}}
{"LogSource":"Microsoft-Windows-Sysmon/Operational","EventId":1,"TimeCreated":"2024-10-10T23:24:55.0505333-07:00","RecordId":171766,"MachineName":"Win10","EventData":{"RuleName":"-","UtcTime":"2024-10-11 06:24:55.048","ProcessGuid":"{53968da7-c4b7-6708-8e02-00000000fb00}","ProcessId":"3620","Image":"C:\\Program Files\\Mozilla Firefox\\firefox.exe","FileVersion":"131.0.2","Description":"Firefox","Product":"Firefox","Company":"Mozilla Corporation","OriginalFileName":"firefox.exe","CommandLine":"\"C:\\Program Files\\Mozilla Firefox\\firefox.exe\" https://www.netflix.com --attempting-deelevation","CurrentDirectory":"C:\\Windows\\system32\\","User":"WIN10\\richard","LogonGuid":"{53968da7-b202-6708-c295-020000000000}","LogonId":"0x295c2","TerminalSessionId":"1","IntegrityLevel":"Medium","Hashes":"MD5=571814A7939D001662BBA7760BD0B187,SHA256=9725AFC685C8EE135701E140A83B94FE7D958360A1F546215F7EAFDFF5E53A83,IMPHASH=BB4CE52E8306F88C0B1DA570553704E4","ParentProcessGuid":"{53968da7-b203-6708-4f00-00000000fb00}","ParentProcessId":"4396","ParentImage":"C:\\Windows\\explorer.exe","ParentCommandLine":"C:\\Windows\\Explorer.EXE","ParentUser":"WIN10\\richard"}}
{"LogSource":"Microsoft-Windows-Sysmon/Operational","EventId":1,"TimeCreated":"2024-10-10T23:24:55.0602549-07:00","RecordId":171767,"MachineName":"Win10","EventData":{"RuleName":"-","UtcTime":"2024-10-11 06:24:55.057","ProcessGuid":"{53968da7-c4b7-6708-8f02-00000000fb00}","ProcessId":"1940","Image":"C:\\Program Files\\Mozilla Firefox\\firefox.exe","FileVersion":"131.0.2","Description":"Firefox","Product":"Firefox","Company":"Mozilla Corporation","OriginalFileName":"firefox.exe","CommandLine":"\"C:\\Program Files\\Mozilla Firefox\\firefox.exe\" https://www.netflix.com","CurrentDirectory":"C:\\Windows\\system32\\","User":"WIN10\\richard","LogonGuid":"{53968da7-b202-6708-c295-020000000000}","LogonId":"0x295c2","TerminalSessionId":"1","IntegrityLevel":"Medium","Hashes":"MD5=571814A7939D001662BBA7760BD0B187,SHA256=9725AFC685C8EE135701E140A83B94FE7D958360A1F546215F7EAFDFF5E53A83,IMPHASH=BB4CE52E8306F88C0B1DA570553704E4","ParentProcessGuid":"{53968da7-c4b7-6708-8e02-00000000fb00}","ParentProcessId":"3620","ParentImage":"C:\\Program Files\\Mozilla Firefox\\firefox.exe","ParentCommandLine":"\"C:\\Program Files\\Mozilla Firefox\\firefox.exe\" https://www.netflix.com --attempting-deelevation","ParentUser":"WIN10\\richard"}}
{"LogSource":"Microsoft-Windows-Sysmon/Operational","EventId":1,"TimeCreated":"2024-10-10T23:24:55.2169463-07:00","RecordId":171768,"MachineName":"Win10","EventData":{"RuleName":"-","UtcTime":"2024-10-11 06:24:55.214","ProcessGuid":"{53968da7-c4b7-6708-9002-00000000fb00}","ProcessId":"7600","Image":"C:\\Program Files\\Mozilla Firefox\\firefox.exe","FileVersion":"131.0.2","Description":"Firefox","Product":"Firefox","Company":"Mozilla Corporation","OriginalFileName":"firefox.exe","CommandLine":"\"C:\\Program Files\\Mozilla Firefox\\firefox.exe\" -contentproc --channel=1956 -parentBuildID 20241008210941 -prefsHandle 1884 -prefMapHandle 1876 -prefsLen 30861 -prefMapSize 263003 -appDir \"C:\\Program Files\\Mozilla Firefox\\browser\" - {8a02cee8-8903-4ae0-9996-01087bb9ea53} 1940 \"\\\\.\\pipe\\gecko-crash-server-pipe.1940\" 1 gpu","CurrentDirectory":"C:\\Windows\\system32\\","User":"WIN10\\richard","LogonGuid":"{53968da7-b202-6708-c295-020000000000}","LogonId":"0x295c2","TerminalSessionId":"1","IntegrityLevel":"Low","Hashes":"MD5=571814A7939D001662BBA7760BD0B187,SHA256=9725AFC685C8EE135701E140A83B94FE7D958360A1F546215F7EAFDFF5E53A83,IMPHASH=BB4CE52E8306F88C0B1DA570553704E4","ParentProcessGuid":"{53968da7-c4b7-6708-8f02-00000000fb00}","ParentProcessId":"1940","ParentImage":"C:\\Program Files\\Mozilla Firefox\\firefox.exe","ParentCommandLine":"\"C:\\Program Files\\Mozilla Firefox\\firefox.exe\" https://www.netflix.com","ParentUser":"WIN10\\richard"}}
{"LogSource":"Microsoft-Windows-Sysmon/Operational","EventId":1,"TimeCreated":"2024-10-10T23:24:55.2638824-07:00","RecordId":171769,"MachineName":"Win10","EventData":{"RuleName":"-","UtcTime":"2024-10-11 06:24:55.261","ProcessGuid":"{53968da7-c4b7-6708-9102-00000000fb00}","ProcessId":"6776","Image":"C:\\Program Files\\Mozilla Firefox\\firefox.exe","FileVersion":"131.0.2","Description":"Firefox","Product":"Firefox","Company":"Mozilla Corporation","OriginalFileName":"firefox.exe","CommandLine":"\"C:\\Program Files\\Mozilla Firefox\\firefox.exe\" -contentproc --channel=2392 -parentBuildID 20241008210941 -prefsHandle 2384 -prefMapHandle 2380 -prefsLen 30897 -prefMapSize 263003 -win32kLockedDown -appDir \"C:\\Program Files\\Mozilla Firefox\\browser\" - {f70b6a4e-2e9a-401f-bd45-fcecd0c4839a} 1940 \"\\\\.\\pipe\\gecko-crash-server-pipe.1940\" 2 socket","CurrentDirectory":"C:\\Windows\\system32\\","User":"WIN10\\richard","LogonGuid":"{53968da7-b202-6708-c295-020000000000}","LogonId":"0x295c2","TerminalSessionId":"1","IntegrityLevel":"Low","Hashes":"MD5=571814A7939D001662BBA7760BD0B187,SHA256=9725AFC685C8EE135701E140A83B94FE7D958360A1F546215F7EAFDFF5E53A83,IMPHASH=BB4CE52E8306F88C0B1DA570553704E4","ParentProcessGuid":"{53968da7-c4b7-6708-8f02-00000000fb00}","ParentProcessId":"1940","ParentImage":"C:\\Program Files\\Mozilla Firefox\\firefox.exe","ParentCommandLine":"\"C:\\Program Files\\Mozilla Firefox\\firefox.exe\" https://www.netflix.com","ParentUser":"WIN10\\richard"}}
{"LogSource":"Microsoft-Windows-Sysmon/Operational","EventId":1,"TimeCreated":"2024-10-10T23:24:55.4501629-07:00","RecordId":171770,"MachineName":"Win10","EventData":{"RuleName":"-","UtcTime":"2024-10-11 06:24:55.447","ProcessGuid":"{53968da7-c4b7-6708-9202-00000000fb00}","ProcessId":"820","Image":"C:\\Program Files\\Mozilla Firefox\\firefox.exe","FileVersion":"131.0.2","Description":"Firefox","Product":"Firefox","Company":"Mozilla Corporation","OriginalFileName":"firefox.exe","CommandLine":"\"C:\\Program Files\\Mozilla Firefox\\firefox.exe\" -contentproc --channel=3044 -isForBrowser -prefsHandle 3036 -prefMapHandle 3032 -prefsLen 27591 -prefMapSize 263003 -jsInitHandle 1376 -jsInitLen 234840 -parentBuildID 20241008210941 -win32kLockedDown -appDir \"C:\\Program Files\\Mozilla Firefox\\browser\" - {a848485b-05cc-4a43-af53-2896ceabc001} 1940 \"\\\\.\\pipe\\gecko-crash-server-pipe.1940\" 3 tab","CurrentDirectory":"C:\\Windows\\system32\\","User":"WIN10\\richard","LogonGuid":"{53968da7-b202-6708-c295-020000000000}","LogonId":"0x295c2","TerminalSessionId":"1","IntegrityLevel":"Low","Hashes":"MD5=571814A7939D001662BBA7760BD0B187,SHA256=9725AFC685C8EE135701E140A83B94FE7D958360A1F546215F7EAFDFF5E53A83,IMPHASH=BB4CE52E8306F88C0B1DA570553704E4","ParentProcessGuid":"{53968da7-c4b7-6708-8f02-00000000fb00}","ParentProcessId":"1940","ParentImage":"C:\\Program Files\\Mozilla Firefox\\firefox.exe","ParentCommandLine":"\"C:\\Program Files\\Mozilla Firefox\\firefox.exe\" https://www.netflix.com","ParentUser":"WIN10\\richard"}}
{"LogSource":"Microsoft-Windows-Sysmon/Operational","EventId":1,"TimeCreated":"2024-10-10T23:24:55.7648290-07:00","RecordId":171771,"MachineName":"Win10","EventData":{"RuleName":"-","UtcTime":"2024-10-11 06:24:55.762","ProcessGuid":"{53968da7-c4b7-6708-9302-00000000fb00}","ProcessId":"360","Image":"C:\\Program Files\\Mozilla Firefox\\firefox.exe","FileVersion":"131.0.2","Description":"Firefox","Product":"Firefox","Company":"Mozilla Corporation","OriginalFileName":"firefox.exe","CommandLine":"\"C:\\Program Files\\Mozilla Firefox\\firefox.exe\" -contentproc --channel=4144 -isForBrowser -prefsHandle 4128 -prefMapHandle 4120 -prefsLen 36981 -prefMapSize 263003 -jsInitHandle 1376 -jsInitLen 234840 -parentBuildID 20241008210941 -win32kLockedDown -appDir \"C:\\Program Files\\Mozilla Firefox\\browser\" - {ad771cd0-4816-4680-9f4b-2a740effaf1c} 1940 \"\\\\.\\pipe\\gecko-crash-server-pipe.1940\" 4 tab","CurrentDirectory":"C:\\Windows\\system32\\","User":"WIN10\\richard","LogonGuid":"{53968da7-b202-6708-c295-020000000000}","LogonId":"0x295c2","TerminalSessionId":"1","IntegrityLevel":"Low","Hashes":"MD5=571814A7939D001662BBA7760BD0B187,SHA256=9725AFC685C8EE135701E140A83B94FE7D958360A1F546215F7EAFDFF5E53A83,IMPHASH=BB4CE52E8306F88C0B1DA570553704E4","ParentProcessGuid":"{53968da7-c4b7-6708-8f02-00000000fb00}","ParentProcessId":"1940","ParentImage":"C:\\Program Files\\Mozilla Firefox\\firefox.exe","ParentCommandLine":"\"C:\\Program Files\\Mozilla Firefox\\firefox.exe\" https://www.netflix.com","ParentUser":"WIN10\\richard"}}
{"LogSource":"Microsoft-Windows-Sysmon/Operational","EventId":22,"TimeCreated":"2024-10-10T23:24:56.0641084-07:00","RecordId":171772,"MachineName":"Win10","EventData":{"RuleName":"-","UtcTime":"2024-10-11 06:24:54.384","ProcessGuid":"{53968da7-c4b7-6708-8f02-00000000fb00}","ProcessId":"1940","QueryName":"detectportal.firefox.com","QueryStatus":"0","QueryResults":"type:  5 detectportal.prod.mozaws.net;type:  5 prod.detectportal.prod.cloudops.mozgcp.net;2600:1901:0:38d7::;::ffff:34.107.221.82;","Image":"C:\\Program Files\\Mozilla Firefox\\firefox.exe","User":"WIN10\\richard"}}
{"LogSource":"Microsoft-Windows-Sysmon/Operational","EventId":22,"TimeCreated":"2024-10-10T23:24:56.0652217-07:00","RecordId":171773,"MachineName":"Win10","EventData":{"RuleName":"-","UtcTime":"2024-10-11 06:24:54.386","ProcessGuid":"{53968da7-c4b7-6708-8f02-00000000fb00}","ProcessId":"1940","QueryName":"detectportal.firefox.com","QueryStatus":"0","QueryResults":"type:  5 detectportal.prod.mozaws.net;type:  5 prod.detectportal.prod.cloudops.mozgcp.net;2600:1901:0:38d7::;::ffff:34.107.221.82;","Image":"C:\\Program Files\\Mozilla Firefox\\firefox.exe","User":"WIN10\\richard"}}
{"LogSource":"Microsoft-Windows-Sysmon/Operational","EventId":22,"TimeCreated":"2024-10-10T23:24:56.0663520-07:00","RecordId":171774,"MachineName":"Win10","EventData":{"RuleName":"-","UtcTime":"2024-10-11 06:24:54.386","ProcessGuid":"{53968da7-c4b7-6708-8f02-00000000fb00}","ProcessId":"1940","QueryName":"prod.detectportal.prod.cloudops.mozgcp.net","QueryStatus":"0","QueryResults":"34.107.221.82;","Image":"C:\\Program Files\\Mozilla Firefox\\firefox.exe","User":"WIN10\\richard"}}
{"LogSource":"Microsoft-Windows-Sysmon/Operational","EventId":22,"TimeCreated":"2024-10-10T23:24:56.0676863-07:00","RecordId":171775,"MachineName":"Win10","EventData":{"RuleName":"-","UtcTime":"2024-10-11 06:24:54.386","ProcessGuid":"{53968da7-c4b7-6708-8f02-00000000fb00}","ProcessId":"1940","QueryName":"prod.detectportal.prod.cloudops.mozgcp.net","QueryStatus":"0","QueryResults":"2600:1901:0:38d7::;","Image":"C:\\Program Files\\Mozilla Firefox\\firefox.exe","User":"WIN10\\richard"}}
{"LogSource":"Microsoft-Windows-Sysmon/Operational","EventId":22,"TimeCreated":"2024-10-10T23:24:56.0688983-07:00","RecordId":171776,"MachineName":"Win10","EventData":{"RuleName":"-","UtcTime":"2024-10-11 06:24:54.423","ProcessGuid":"{53968da7-c4b7-6708-8f02-00000000fb00}","ProcessId":"1940","QueryName":"private.canadianshield.cira.ca","QueryStatus":"0","QueryResults":"2620:10a:80bb::10;2620:10a:80bc::10;::ffff:149.112.122.10;::ffff:149.112.121.10;","Image":"C:\\Program Files\\Mozilla Firefox\\firefox.exe","User":"WIN10\\richard"}}
{"LogSource":"Microsoft-Windows-Sysmon/Operational","EventId":22,"TimeCreated":"2024-10-10T23:24:56.0711850-07:00","RecordId":171778,"MachineName":"Win10","EventData":{"RuleName":"-","UtcTime":"2024-10-11 06:24:54.423","ProcessGuid":"{53968da7-c4b7-6708-8f02-00000000fb00}","ProcessId":"1940","QueryName":"private.canadianshield.cira.ca","QueryStatus":"0","QueryResults":"149.112.121.10;149.112.122.10;","Image":"C:\\Program Files\\Mozilla Firefox\\firefox.exe","User":"WIN10\\richard"}}
{"LogSource":"Microsoft-Windows-Sysmon/Operational","EventId":22,"TimeCreated":"2024-10-10T23:24:56.0724064-07:00","RecordId":171779,"MachineName":"Win10","EventData":{"RuleName":"-","UtcTime":"2024-10-11 06:24:54.423","ProcessGuid":"{53968da7-c4b7-6708-8f02-00000000fb00}","ProcessId":"1940","QueryName":"private.canadianshield.cira.ca","QueryStatus":"0","QueryResults":"2620:10a:80bc::10;2620:10a:80bb::10;","Image":"C:\\Program Files\\Mozilla Firefox\\firefox.exe","User":"WIN10\\richard"}}
{"LogSource":"Microsoft-Windows-Sysmon/Operational","EventId":22,"TimeCreated":"2024-10-10T23:24:56.0700494-07:00","RecordId":171777,"MachineName":"Win10","EventData":{"RuleName":"-","UtcTime":"2024-10-11 06:24:54.423","ProcessGuid":"{53968da7-c4b7-6708-8f02-00000000fb00}","ProcessId":"1940","QueryName":"private.canadianshield.cira.ca","QueryStatus":"0","QueryResults":"2620:10a:80bb::10;2620:10a:80bc::10;::ffff:149.112.122.10;::ffff:149.112.121.10;","Image":"C:\\Program Files\\Mozilla Firefox\\firefox.exe","User":"WIN10\\richard"}}
{"LogSource":"Microsoft-Windows-Sysmon/Operational","EventId":22,"TimeCreated":"2024-10-10T23:24:56.0735295-07:00","RecordId":171780,"MachineName":"Win10","EventData":{"RuleName":"-","UtcTime":"2024-10-11 06:24:54.431","ProcessGuid":"{53968da7-c4b7-6708-8f02-00000000fb00}","ProcessId":"1940","QueryName":"example.org","QueryStatus":"0","QueryResults":"93.184.215.14;","Image":"C:\\Program Files\\Mozilla Firefox\\firefox.exe","User":"WIN10\\richard"}}
{"LogSource":"Microsoft-Windows-Sysmon/Operational","EventId":22,"TimeCreated":"2024-10-10T23:24:56.0746328-07:00","RecordId":171781,"MachineName":"Win10","EventData":{"RuleName":"-","UtcTime":"2024-10-11 06:24:54.431","ProcessGuid":"{53968da7-c4b7-6708-8f02-00000000fb00}","ProcessId":"1940","QueryName":"example.org","QueryStatus":"0","QueryResults":"2606:2800:21f:cb07:6820:80da:af6b:8b2c;::ffff:93.184.215.14;","Image":"C:\\Program Files\\Mozilla Firefox\\firefox.exe","User":"WIN10\\richard"}}
{"LogSource":"Microsoft-Windows-Sysmon/Operational","EventId":22,"TimeCreated":"2024-10-10T23:24:56.0758063-07:00","RecordId":171782,"MachineName":"Win10","EventData":{"RuleName":"-","UtcTime":"2024-10-11 06:24:54.431","ProcessGuid":"{53968da7-c4b7-6708-8f02-00000000fb00}","ProcessId":"1940","QueryName":"example.org","QueryStatus":"0","QueryResults":"2606:2800:21f:cb07:6820:80da:af6b:8b2c;::ffff:93.184.215.14;","Image":"C:\\Program Files\\Mozilla Firefox\\firefox.exe","User":"WIN10\\richard"}}
{"LogSource":"Microsoft-Windows-Sysmon/Operational","EventId":22,"TimeCreated":"2024-10-10T23:24:56.0770304-07:00","RecordId":171783,"MachineName":"Win10","EventData":{"RuleName":"-","UtcTime":"2024-10-11 06:24:54.431","ProcessGuid":"{53968da7-c4b7-6708-8f02-00000000fb00}","ProcessId":"1940","QueryName":"example.org","QueryStatus":"0","QueryResults":"2606:2800:21f:cb07:6820:80da:af6b:8b2c;","Image":"C:\\Program Files\\Mozilla Firefox\\firefox.exe","User":"WIN10\\richard"}}
{"LogSource":"Microsoft-Windows-Sysmon/Operational","EventId":22,"TimeCreated":"2024-10-10T23:24:56.0782511-07:00","RecordId":171784,"MachineName":"Win10","EventData":{"RuleName":"-","UtcTime":"2024-10-11 06:24:54.432","ProcessGuid":"{53968da7-c4b7-6708-8f02-00000000fb00}","ProcessId":"1940","QueryName":"example.org","QueryStatus":"0","QueryResults":"93.184.215.14;","Image":"C:\\Program Files\\Mozilla Firefox\\firefox.exe","User":"WIN10\\richard"}}
{"LogSource":"Microsoft-Windows-Sysmon/Operational","EventId":22,"TimeCreated":"2024-10-10T23:24:56.0806585-07:00","RecordId":171786,"MachineName":"Win10","EventData":{"RuleName":"-","UtcTime":"2024-10-11 06:24:54.570","ProcessGuid":"{53968da7-c4b7-6708-8f02-00000000fb00}","ProcessId":"1940","QueryName":"forcesafesearch.google.com.","QueryStatus":"0","QueryResults":"216.239.38.120;","Image":"C:\\Program Files\\Mozilla Firefox\\firefox.exe","User":"WIN10\\richard"}}
{"LogSource":"Microsoft-Windows-Sysmon/Operational","EventId":22,"TimeCreated":"2024-10-10T23:24:56.0817577-07:00","RecordId":171787,"MachineName":"Win10","EventData":{"RuleName":"-","UtcTime":"2024-10-11 06:24:54.580","ProcessGuid":"{53968da7-c4b7-6708-8f02-00000000fb00}","ProcessId":"1940","QueryName":"www.youtube.com.","QueryStatus":"0","QueryResults":"type:  5 youtube-ui.l.google.com;142.251.33.110;142.251.211.238;142.251.33.78;142.250.217.78;142.250.217.110;142.251.215.238;142.250.69.206;","Image":"C:\\Program Files\\Mozilla Firefox\\firefox.exe","User":"WIN10\\richard"}}
{"LogSource":"Microsoft-Windows-Sysmon/Operational","EventId":22,"TimeCreated":"2024-10-10T23:24:56.0794105-07:00","RecordId":171785,"MachineName":"Win10","EventData":{"RuleName":"-","UtcTime":"2024-10-11 06:24:54.432","ProcessGuid":"{53968da7-c4b7-6708-8f02-00000000fb00}","ProcessId":"1940","QueryName":"example.org","QueryStatus":"0","QueryResults":"93.184.215.14;","Image":"C:\\Program Files\\Mozilla Firefox\\firefox.exe","User":"WIN10\\richard"}}
{"LogSource":"Microsoft-Windows-Sysmon/Operational","EventId":22,"TimeCreated":"2024-10-10T23:24:56.0830448-07:00","RecordId":171788,"MachineName":"Win10","EventData":{"RuleName":"-","UtcTime":"2024-10-11 06:24:54.581","ProcessGuid":"{53968da7-c4b7-6708-8f02-00000000fb00}","ProcessId":"1940","QueryName":"google.com.","QueryStatus":"0","QueryResults":"142.251.33.110;","Image":"C:\\Program Files\\Mozilla Firefox\\firefox.exe","User":"WIN10\\richard"}}
{"LogSource":"Microsoft-Windows-Sysmon/Operational","EventId":22,"TimeCreated":"2024-10-10T23:24:56.0843583-07:00","RecordId":171789,"MachineName":"Win10","EventData":{"RuleName":"-","UtcTime":"2024-10-11 06:24:54.581","ProcessGuid":"{53968da7-c4b7-6708-8f02-00000000fb00}","ProcessId":"1940","QueryName":"restrict.youtube.com.","QueryStatus":"0","QueryResults":"216.239.38.120;","Image":"C:\\Program Files\\Mozilla Firefox\\firefox.exe","User":"WIN10\\richard"}}
{"LogSource":"Microsoft-Windows-Sysmon/Operational","EventId":22,"TimeCreated":"2024-10-10T23:24:56.0855198-07:00","RecordId":171790,"MachineName":"Win10","EventData":{"RuleName":"-","UtcTime":"2024-10-11 06:24:54.582","ProcessGuid":"{53968da7-c4b7-6708-8f02-00000000fb00}","ProcessId":"1940","QueryName":"restrictmoderate.youtube.com.","QueryStatus":"0","QueryResults":"216.239.38.119;","Image":"C:\\Program Files\\Mozilla Firefox\\firefox.exe","User":"WIN10\\richard"}}
{"LogSource":"Microsoft-Windows-Sysmon/Operational","EventId":22,"TimeCreated":"2024-10-10T23:24:56.0866118-07:00","RecordId":171791,"MachineName":"Win10","EventData":{"RuleName":"-","UtcTime":"2024-10-11 06:24:54.582","ProcessGuid":"{53968da7-c4b7-6708-8f02-00000000fb00}","ProcessId":"1940","QueryName":"forcesafesearch.google.com.","QueryStatus":"0","QueryResults":"216.239.38.120;","Image":"C:\\Program Files\\Mozilla Firefox\\firefox.exe","User":"WIN10\\richard"}}
{"LogSource":"Microsoft-Windows-Sysmon/Operational","EventId":22,"TimeCreated":"2024-10-10T23:24:56.0877374-07:00","RecordId":171792,"MachineName":"Win10","EventData":{"RuleName":"-","UtcTime":"2024-10-11 06:24:54.582","ProcessGuid":"{53968da7-c4b7-6708-8f02-00000000fb00}","ProcessId":"1940","QueryName":"www.youtube.com.","QueryStatus":"0","QueryResults":"type:  5 youtube-ui.l.google.com;142.251.33.110;142.251.211.238;142.251.33.78;142.250.217.78;142.250.217.110;142.251.215.238;142.250.69.206;","Image":"C:\\Program Files\\Mozilla Firefox\\firefox.exe","User":"WIN10\\richard"}}
{"LogSource":"Microsoft-Windows-Sysmon/Operational","EventId":22,"TimeCreated":"2024-10-10T23:24:56.0899204-07:00","RecordId":171794,"MachineName":"Win10","EventData":{"RuleName":"-","UtcTime":"2024-10-11 06:24:54.582","ProcessGuid":"{53968da7-c4b7-6708-8f02-00000000fb00}","ProcessId":"1940","QueryName":"m.youtube.com.","QueryStatus":"0","QueryResults":"142.250.217.78;","Image":"\u003cunknown process\u003e","User":"WIN10\\richard"}}
{"LogSource":"Microsoft-Windows-Sysmon/Operational","EventId":22,"TimeCreated":"2024-10-10T23:24:56.0888726-07:00","RecordId":171793,"MachineName":"Win10","EventData":{"RuleName":"-","UtcTime":"2024-10-11 06:24:54.582","ProcessGuid":"{53968da7-c4b7-6708-8f02-00000000fb00}","ProcessId":"1940","QueryName":"forcesafesearch.google.com","QueryStatus":"0","QueryResults":"216.239.38.120;","Image":"C:\\Program Files\\Mozilla Firefox\\firefox.exe","User":"WIN10\\richard"}}
{"LogSource":"Microsoft-Windows-Sysmon/Operational","EventId":22,"TimeCreated":"2024-10-10T23:24:56.0922177-07:00","RecordId":171796,"MachineName":"Win10","EventData":{"RuleName":"-","UtcTime":"2024-10-11 06:24:54.582","ProcessGuid":"{53968da7-c4b7-6708-8f02-00000000fb00}","ProcessId":"1940","QueryName":"google.com.","QueryStatus":"0","QueryResults":"142.251.33.110;","Image":"C:\\Program Files\\Mozilla Firefox\\firefox.exe","User":"WIN10\\richard"}}
{"LogSource":"Microsoft-Windows-Sysmon/Operational","EventId":22,"TimeCreated":"2024-10-10T23:24:56.0910308-07:00","RecordId":171795,"MachineName":"Win10","EventData":{"RuleName":"-","UtcTime":"2024-10-11 06:24:54.582","ProcessGuid":"{53968da7-c4b7-6708-8f02-00000000fb00}","ProcessId":"1940","QueryName":"www.google.com.","QueryStatus":"0","QueryResults":"142.250.69.196;","Image":"C:\\Program Files\\Mozilla Firefox\\firefox.exe","User":"WIN10\\richard"}}
{"LogSource":"Microsoft-Windows-Sysmon/Operational","EventId":22,"TimeCreated":"2024-10-10T23:24:56.0944744-07:00","RecordId":171798,"MachineName":"Win10","EventData":{"RuleName":"-","UtcTime":"2024-10-11 06:24:54.583","ProcessGuid":"{53968da7-c4b7-6708-8f02-00000000fb00}","ProcessId":"1940","QueryName":"restrictmoderate.youtube.com.","QueryStatus":"0","QueryResults":"216.239.38.119;","Image":"C:\\Program Files\\Mozilla Firefox\\firefox.exe","User":"WIN10\\richard"}}
{"LogSource":"Microsoft-Windows-Sysmon/Operational","EventId":22,"TimeCreated":"2024-10-10T23:24:56.0956602-07:00","RecordId":171799,"MachineName":"Win10","EventData":{"RuleName":"-","UtcTime":"2024-10-11 06:24:54.583","ProcessGuid":"{53968da7-c4b7-6708-8f02-00000000fb00}","ProcessId":"1940","QueryName":"google.com","QueryStatus":"0","QueryResults":"142.251.33.110;","Image":"C:\\Program Files\\Mozilla Firefox\\firefox.exe","User":"WIN10\\richard"}}
{"LogSource":"Microsoft-Windows-Sysmon/Operational","EventId":22,"TimeCreated":"2024-10-10T23:24:56.0978502-07:00","RecordId":171800,"MachineName":"Win10","EventData":{"RuleName":"-","UtcTime":"2024-10-11 06:24:54.583","ProcessGuid":"{53968da7-c4b7-6708-8f02-00000000fb00}","ProcessId":"1940","QueryName":"restrict.youtube.com","QueryStatus":"0","QueryResults":"216.239.38.120;","Image":"C:\\Program Files\\Mozilla Firefox\\firefox.exe","User":"WIN10\\richard"}}
{"LogSource":"Microsoft-Windows-Sysmon/Operational","EventId":22,"TimeCreated":"2024-10-10T23:24:56.0997115-07:00","RecordId":171801,"MachineName":"Win10","EventData":{"RuleName":"-","UtcTime":"2024-10-11 06:24:54.583","ProcessGuid":"{53968da7-c4b7-6708-8f02-00000000fb00}","ProcessId":"1940","QueryName":"restrictmoderate.youtube.com","QueryStatus":"0","QueryResults":"216.239.38.119;","Image":"C:\\Program Files\\Mozilla Firefox\\firefox.exe","User":"WIN10\\richard"}}
{"LogSource":"Microsoft-Windows-Sysmon/Operational","EventId":22,"TimeCreated":"2024-10-10T23:24:56.1010049-07:00","RecordId":171802,"MachineName":"Win10","EventData":{"RuleName":"-","UtcTime":"2024-10-11 06:24:54.583","ProcessGuid":"{53968da7-c4b7-6708-8f02-00000000fb00}","ProcessId":"1940","QueryName":"m.youtube.com.","QueryStatus":"0","QueryResults":"142.250.217.78;","Image":"C:\\Program Files\\Mozilla Firefox\\firefox.exe","User":"WIN10\\richard"}}
{"LogSource":"Microsoft-Windows-Sysmon/Operational","EventId":22,"TimeCreated":"2024-10-10T23:24:56.1023714-07:00","RecordId":171803,"MachineName":"Win10","EventData":{"RuleName":"-","UtcTime":"2024-10-11 06:24:54.583","ProcessGuid":"{53968da7-c4b7-6708-8f02-00000000fb00}","ProcessId":"1940","QueryName":"www.google.com.","QueryStatus":"0","QueryResults":"142.250.69.196;","Image":"C:\\Program Files\\Mozilla Firefox\\firefox.exe","User":"WIN10\\richard"}}
{"LogSource":"Microsoft-Windows-Sysmon/Operational","EventId":22,"TimeCreated":"2024-10-10T23:24:56.1038815-07:00","RecordId":171804,"MachineName":"Win10","EventData":{"RuleName":"-","UtcTime":"2024-10-11 06:24:54.583","ProcessGuid":"{53968da7-c4b7-6708-8f02-00000000fb00}","ProcessId":"1940","QueryName":"m.youtube.com","QueryStatus":"0","QueryResults":"142.250.217.78;","Image":"C:\\Program Files\\Mozilla Firefox\\firefox.exe","User":"WIN10\\richard"}}
{"LogSource":"Microsoft-Windows-Sysmon/Operational","EventId":22,"TimeCreated":"2024-10-10T23:24:56.1051536-07:00","RecordId":171805,"MachineName":"Win10","EventData":{"RuleName":"-","UtcTime":"2024-10-11 06:24:54.583","ProcessGuid":"{53968da7-c4b7-6708-8f02-00000000fb00}","ProcessId":"1940","QueryName":"www.google.com","QueryStatus":"0","QueryResults":"142.250.69.196;","Image":"C:\\Program Files\\Mozilla Firefox\\firefox.exe","User":"WIN10\\richard"}}
{"LogSource":"Microsoft-Windows-Sysmon/Operational","EventId":22,"TimeCreated":"2024-10-10T23:24:56.1064176-07:00","RecordId":171806,"MachineName":"Win10","EventData":{"RuleName":"-","UtcTime":"2024-10-11 06:24:54.583","ProcessGuid":"{53968da7-c4b7-6708-8f02-00000000fb00}","ProcessId":"1940","QueryName":"youtubei.googleapis.com.","QueryStatus":"0","QueryResults":"142.250.217.74;142.250.217.106;142.251.215.234;172.217.14.234;142.250.69.202;142.251.33.106;142.251.211.234;142.251.33.74;","Image":"C:\\Program Files\\Mozilla Firefox\\firefox.exe","User":"WIN10\\richard"}}
{"LogSource":"Microsoft-Windows-Sysmon/Operational","EventId":22,"TimeCreated":"2024-10-10T23:24:56.1078447-07:00","RecordId":171807,"MachineName":"Win10","EventData":{"RuleName":"-","UtcTime":"2024-10-11 06:24:54.583","ProcessGuid":"{53968da7-c4b7-6708-8f02-00000000fb00}","ProcessId":"1940","QueryName":"youtubei.googleapis.com.","QueryStatus":"0","QueryResults":"142.250.217.74;142.250.217.106;142.251.215.234;172.217.14.234;142.250.69.202;142.251.33.106;142.251.211.234;142.251.33.74;","Image":"C:\\Program Files\\Mozilla Firefox\\firefox.exe","User":"WIN10\\richard"}}
{"LogSource":"Microsoft-Windows-Sysmon/Operational","EventId":22,"TimeCreated":"2024-10-10T23:24:56.1092195-07:00","RecordId":171808,"MachineName":"Win10","EventData":{"RuleName":"-","UtcTime":"2024-10-11 06:24:54.583","ProcessGuid":"{53968da7-c4b7-6708-8f02-00000000fb00}","ProcessId":"1940","QueryName":"youtubei.googleapis.com","QueryStatus":"0","QueryResults":"142.250.217.74;142.250.217.106;142.251.215.234;172.217.14.234;142.250.69.202;142.251.33.106;142.251.211.234;142.251.33.74;","Image":"C:\\Program Files\\Mozilla Firefox\\firefox.exe","User":"WIN10\\richard"}}
{"LogSource":"Microsoft-Windows-Sysmon/Operational","EventId":22,"TimeCreated":"2024-10-10T23:24:56.1103794-07:00","RecordId":171809,"MachineName":"Win10","EventData":{"RuleName":"-","UtcTime":"2024-10-11 06:24:54.587","ProcessGuid":"{53968da7-c4b7-6708-8f02-00000000fb00}","ProcessId":"1940","QueryName":"private.canadianshield.cira.ca","QueryStatus":"0","QueryResults":"2620:10a:80bb::10;2620:10a:80bc::10;::ffff:149.112.122.10;::ffff:149.112.121.10;","Image":"C:\\Program Files\\Mozilla Firefox\\firefox.exe","User":"WIN10\\richard"}}
{"LogSource":"Microsoft-Windows-Sysmon/Operational","EventId":22,"TimeCreated":"2024-10-10T23:24:56.1115338-07:00","RecordId":171810,"MachineName":"Win10","EventData":{"RuleName":"-","UtcTime":"2024-10-11 06:24:54.588","ProcessGuid":"{53968da7-c4b7-6708-8f02-00000000fb00}","ProcessId":"1940","QueryName":"private.canadianshield.cira.ca","QueryStatus":"0","QueryResults":"2620:10a:80bb::10;2620:10a:80bc::10;::ffff:149.112.122.10;::ffff:149.112.121.10;","Image":"C:\\Program Files\\Mozilla Firefox\\firefox.exe","User":"WIN10\\richard"}}
{"LogSource":"Microsoft-Windows-Sysmon/Operational","EventId":22,"TimeCreated":"2024-10-10T23:24:56.1127282-07:00","RecordId":171811,"MachineName":"Win10","EventData":{"RuleName":"-","UtcTime":"2024-10-11 06:24:54.588","ProcessGuid":"{53968da7-c4b7-6708-8f02-00000000fb00}","ProcessId":"1940","QueryName":"private.canadianshield.cira.ca","QueryStatus":"0","QueryResults":"149.112.121.10;149.112.122.10;","Image":"C:\\Program Files\\Mozilla Firefox\\firefox.exe","User":"WIN10\\richard"}}
{"LogSource":"Microsoft-Windows-Sysmon/Operational","EventId":22,"TimeCreated":"2024-10-10T23:24:56.1141090-07:00","RecordId":171812,"MachineName":"Win10","EventData":{"RuleName":"-","UtcTime":"2024-10-11 06:24:54.588","ProcessGuid":"{53968da7-c4b7-6708-8f02-00000000fb00}","ProcessId":"1940","QueryName":"private.canadianshield.cira.ca","QueryStatus":"0","QueryResults":"2620:10a:80bc::10;2620:10a:80bb::10;","Image":"C:\\Program Files\\Mozilla Firefox\\firefox.exe","User":"WIN10\\richard"}}
{"LogSource":"Microsoft-Windows-Sysmon/Operational","EventId":22,"TimeCreated":"2024-10-10T23:24:56.0933799-07:00","RecordId":171797,"MachineName":"Win10","EventData":{"RuleName":"-","UtcTime":"2024-10-11 06:24:54.582","ProcessGuid":"{53968da7-c4b7-6708-8f02-00000000fb00}","ProcessId":"1940","QueryName":"restrict.youtube.com.","QueryStatus":"0","QueryResults":"216.239.38.120;","Image":"C:\\Program Files\\Mozilla Firefox\\firefox.exe","User":"WIN10\\richard"}}
{"LogSource":"Microsoft-Windows-Sysmon/Operational","EventId":22,"TimeCreated":"2024-10-10T23:24:56.1154086-07:00","RecordId":171813,"MachineName":"Win10","EventData":{"RuleName":"-","UtcTime":"2024-10-11 06:24:54.590","ProcessGuid":"{53968da7-c4b7-6708-8f02-00000000fb00}","ProcessId":"1940","QueryName":"youtube-ui.l.google.com","QueryStatus":"0","QueryResults":"142.250.69.206;142.251.215.238;142.250.217.110;142.250.217.78;142.251.33.78;142.251.211.238;142.251.33.110;","Image":"C:\\Program Files\\Mozilla Firefox\\firefox.exe","User":"WIN10\\richard"}}
{"LogSource":"Microsoft-Windows-Sysmon/Operational","EventId":22,"TimeCreated":"2024-10-10T23:24:56.1165307-07:00","RecordId":171814,"MachineName":"Win10","EventData":{"RuleName":"-","UtcTime":"2024-10-11 06:24:54.592","ProcessGuid":"{53968da7-c4b7-6708-8f02-00000000fb00}","ProcessId":"1940","QueryName":"youtube.googleapis.com.","QueryStatus":"0","QueryResults":"142.251.215.234;172.217.14.202;172.217.14.234;142.250.69.202;142.251.33.106;142.251.211.234;142.251.33.74;142.250.217.74;142.250.217.106;","Image":"C:\\Program Files\\Mozilla Firefox\\firefox.exe","User":"WIN10\\richard"}}
{"LogSource":"Microsoft-Windows-Sysmon/Operational","EventId":22,"TimeCreated":"2024-10-10T23:24:56.1178368-07:00","RecordId":171815,"MachineName":"Win10","EventData":{"RuleName":"-","UtcTime":"2024-10-11 06:24:54.592","ProcessGuid":"{53968da7-c4b7-6708-8f02-00000000fb00}","ProcessId":"1940","QueryName":"sitereview.zscaler.com.","QueryStatus":"0","QueryResults":"104.129.193.93;","Image":"C:\\Program Files\\Mozilla Firefox\\firefox.exe","User":"WIN10\\richard"}}
{"LogSource":"Microsoft-Windows-Sysmon/Operational","EventId":22,"TimeCreated":"2024-10-10T23:24:56.1201305-07:00","RecordId":171817,"MachineName":"Win10","EventData":{"RuleName":"-","UtcTime":"2024-10-11 06:24:54.592","ProcessGuid":"{53968da7-c4b7-6708-8f02-00000000fb00}","ProcessId":"1940","QueryName":"sitereview.zscaler.com.","QueryStatus":"0","QueryResults":"104.129.193.93;","Image":"C:\\Program Files\\Mozilla Firefox\\firefox.exe","User":"WIN10\\richard"}}
{"LogSource":"Microsoft-Windows-Sysmon/Operational","EventId":22,"TimeCreated":"2024-10-10T23:24:56.1212519-07:00","RecordId":171818,"MachineName":"Win10","EventData":{"RuleName":"-","UtcTime":"2024-10-11 06:24:54.592","ProcessGuid":"{53968da7-c4b7-6708-8f02-00000000fb00}","ProcessId":"1940","QueryName":"youtube.googleapis.com","QueryStatus":"0","QueryResults":"142.251.215.234;172.217.14.202;172.217.14.234;142.250.69.202;142.251.33.106;142.251.211.234;142.251.33.74;142.250.217.74;142.250.217.106;","Image":"C:\\Program Files\\Mozilla Firefox\\firefox.exe","User":"WIN10\\richard"}}
{"LogSource":"Microsoft-Windows-Sysmon/Operational","EventId":22,"TimeCreated":"2024-10-10T23:24:56.1223777-07:00","RecordId":171819,"MachineName":"Win10","EventData":{"RuleName":"-","UtcTime":"2024-10-11 06:24:54.593","ProcessGuid":"{53968da7-c4b7-6708-8f02-00000000fb00}","ProcessId":"1940","QueryName":"sitereview.zscaler.com","QueryStatus":"0","QueryResults":"104.129.193.93;","Image":"C:\\Program Files\\Mozilla Firefox\\firefox.exe","User":"WIN10\\richard"}}
{"LogSource":"Microsoft-Windows-Sysmon/Operational","EventId":22,"TimeCreated":"2024-10-10T23:24:56.1234482-07:00","RecordId":171820,"MachineName":"Win10","EventData":{"RuleName":"-","UtcTime":"2024-10-11 06:24:54.593","ProcessGuid":"{53968da7-c4b7-6708-8f02-00000000fb00}","ProcessId":"1940","QueryName":"www.youtube-nocookie.com.","QueryStatus":"0","QueryResults":"type:  5 youtube-ui.l.google.com;142.250.217.78;142.250.217.110;142.251.215.238;172.217.14.238;142.250.69.206;142.251.33.110;142.251.211.238;142.251.33.78;","Image":"C:\\Program Files\\Mozilla Firefox\\firefox.exe","User":"WIN10\\richard"}}
{"LogSource":"Microsoft-Windows-Sysmon/Operational","EventId":22,"TimeCreated":"2024-10-10T23:24:56.1246052-07:00","RecordId":171821,"MachineName":"Win10","EventData":{"RuleName":"-","UtcTime":"2024-10-11 06:24:54.593","ProcessGuid":"{53968da7-c4b7-6708-8f02-00000000fb00}","ProcessId":"1940","QueryName":"www.youtube-nocookie.com.","QueryStatus":"0","QueryResults":"type:  5 youtube-ui.l.google.com;142.250.217.78;142.250.217.110;142.251.215.238;172.217.14.238;142.250.69.206;142.251.33.110;142.251.211.238;142.251.33.78;","Image":"C:\\Program Files\\Mozilla Firefox\\firefox.exe","User":"WIN10\\richard"}}
{"LogSource":"Microsoft-Windows-Sysmon/Operational","EventId":22,"TimeCreated":"2024-10-10T23:24:56.1258535-07:00","RecordId":171822,"MachineName":"Win10","EventData":{"RuleName":"-","UtcTime":"2024-10-11 06:24:54.593","ProcessGuid":"{53968da7-c4b7-6708-8f02-00000000fb00}","ProcessId":"1940","QueryName":"youtube-ui.l.google.com","QueryStatus":"0","QueryResults":"142.250.69.206;142.251.215.238;142.250.217.110;142.250.217.78;142.251.33.78;142.251.211.238;142.251.33.110;","Image":"C:\\Program Files\\Mozilla Firefox\\firefox.exe","User":"WIN10\\richard"}}
{"LogSource":"Microsoft-Windows-Sysmon/Operational","EventId":22,"TimeCreated":"2024-10-10T23:24:56.1190270-07:00","RecordId":171816,"MachineName":"Win10","EventData":{"RuleName":"-","UtcTime":"2024-10-11 06:24:54.592","ProcessGuid":"{53968da7-c4b7-6708-8f02-00000000fb00}","ProcessId":"1940","QueryName":"youtube.googleapis.com.","QueryStatus":"0","QueryResults":"142.251.215.234;172.217.14.202;172.217.14.234;142.250.69.202;142.251.33.106;142.251.211.234;142.251.33.74;142.250.217.74;142.250.217.106;","Image":"C:\\Program Files\\Mozilla Firefox\\firefox.exe","User":"WIN10\\richard"}}
{"LogSource":"Microsoft-Windows-Sysmon/Operational","EventId":22,"TimeCreated":"2024-10-10T23:24:56.1280328-07:00","RecordId":171824,"MachineName":"Win10","EventData":{"RuleName":"-","UtcTime":"2024-10-11 06:24:54.593","ProcessGuid":"{53968da7-c4b7-6708-8f02-00000000fb00}","ProcessId":"1940","QueryName":"use-application-dns.net.","QueryStatus":"0","QueryResults":"35.190.14.201;","Image":"C:\\Program Files\\Mozilla Firefox\\firefox.exe","User":"WIN10\\richard"}}
{"LogSource":"Microsoft-Windows-Sysmon/Operational","EventId":22,"TimeCreated":"2024-10-10T23:24:56.1291633-07:00","RecordId":171825,"MachineName":"Win10","EventData":{"RuleName":"-","UtcTime":"2024-10-11 06:24:54.593","ProcessGuid":"{53968da7-c4b7-6708-8f02-00000000fb00}","ProcessId":"1940","QueryName":"use-application-dns.net","QueryStatus":"0","QueryResults":"35.190.14.201;","Image":"C:\\Program Files\\Mozilla Firefox\\firefox.exe","User":"WIN10\\richard"}}
{"LogSource":"Microsoft-Windows-Sysmon/Operational","EventId":1,"TimeCreated":"2024-10-10T23:24:56.2129752-07:00","RecordId":171826,"MachineName":"Win10","EventData":{"RuleName":"-","UtcTime":"2024-10-11 06:24:56.208","ProcessGuid":"{53968da7-c4b8-6708-9402-00000000fb00}","ProcessId":"7024","Image":"C:\\Program Files\\Mozilla Firefox\\firefox.exe","FileVersion":"131.0.2","Description":"Firefox","Product":"Firefox","Company":"Mozilla Corporation","OriginalFileName":"firefox.exe","CommandLine":"\"C:\\Program Files\\Mozilla Firefox\\firefox.exe\" -contentproc --channel=5232 -parentBuildID 20241008210941 -sandboxingKind 0 -prefsHandle 5160 -prefMapHandle 5200 -prefsLen 37030 -prefMapSize 263003 -win32kLockedDown -appDir \"C:\\Program Files\\Mozilla Firefox\\browser\" - {e82d27df-7fb7-47d4-a691-63d12c21d991} 1940 \"\\\\.\\pipe\\gecko-crash-server-pipe.1940\" 5 utility","CurrentDirectory":"C:\\Windows\\system32\\","User":"WIN10\\richard","LogonGuid":"{53968da7-b202-6708-c295-020000000000}","LogonId":"0x295c2","TerminalSessionId":"1","IntegrityLevel":"Low","Hashes":"MD5=571814A7939D001662BBA7760BD0B187,SHA256=9725AFC685C8EE135701E140A83B94FE7D958360A1F546215F7EAFDFF5E53A83,IMPHASH=BB4CE52E8306F88C0B1DA570553704E4","ParentProcessGuid":"{53968da7-c4b7-6708-8f02-00000000fb00}","ParentProcessId":"1940","ParentImage":"C:\\Program Files\\Mozilla Firefox\\firefox.exe","ParentCommandLine":"\"C:\\Program Files\\Mozilla Firefox\\firefox.exe\" https://www.netflix.com","ParentUser":"WIN10\\richard"}}
{"LogSource":"Microsoft-Windows-Sysmon/Operational","EventId":1,"TimeCreated":"2024-10-10T23:24:56.2524351-07:00","RecordId":171827,"MachineName":"Win10","EventData":{"RuleName":"-","UtcTime":"2024-10-11 06:24:56.249","ProcessGuid":"{53968da7-c4b8-6708-9502-00000000fb00}","ProcessId":"8628","Image":"C:\\Program Files\\Mozilla Firefox\\firefox.exe","FileVersion":"131.0.2","Description":"Firefox","Product":"Firefox","Company":"Mozilla Corporation","OriginalFileName":"firefox.exe","CommandLine":"\"C:\\Program Files\\Mozilla Firefox\\firefox.exe\" -contentproc --channel=5376 -isForBrowser -prefsHandle 5372 -prefMapHandle 5160 -prefsLen 37030 -prefMapSize 263003 -jsInitHandle 1376 -jsInitLen 234840 -parentBuildID 20241008210941 -win32kLockedDown -appDir \"C:\\Program Files\\Mozilla Firefox\\browser\" - {0d90f4a6-4560-414d-8cb5-0698c913af58} 1940 \"\\\\.\\pipe\\gecko-crash-server-pipe.1940\" 6 tab","CurrentDirectory":"C:\\Windows\\system32\\","User":"WIN10\\richard","LogonGuid":"{53968da7-b202-6708-c295-020000000000}","LogonId":"0x295c2","TerminalSessionId":"1","IntegrityLevel":"Low","Hashes":"MD5=571814A7939D001662BBA7760BD0B187,SHA256=9725AFC685C8EE135701E140A83B94FE7D958360A1F546215F7EAFDFF5E53A83,IMPHASH=BB4CE52E8306F88C0B1DA570553704E4","ParentProcessGuid":"{53968da7-c4b7-6708-8f02-00000000fb00}","ParentProcessId":"1940","ParentImage":"C:\\Program Files\\Mozilla Firefox\\firefox.exe","ParentCommandLine":"\"C:\\Program Files\\Mozilla Firefox\\firefox.exe\" https://www.netflix.com","ParentUser":"WIN10\\richard"}}
