{"LogSource":"Microsoft-Windows-Sysmon/Operational","EventId":1,"TimeCreated":"2024-10-11T01:13:54.7093438-07:00","RecordId":173268,"MachineName":"Win10","EventData":{"RuleName":"-","UtcTime":"2024-10-11 08:13:54.707","ProcessGuid":"{53968da7-de42-6708-ce05-00000000fb00}","ProcessId":"1452","Image":"C:\\Program Files\\Mozilla Firefox\\firefox.exe","FileVersion":"131.0.2","Description":"Firefox","Product":"Firefox","Company":"Mozilla Corporation","OriginalFileName":"firefox.exe","CommandLine":"\"C:\\Program Files\\Mozilla Firefox\\firefox.exe\" -contentproc --channel=1904 -parentBuildID 20241008210941 -prefsHandle 1832 -prefMapHandle 1824 -prefsLen 30861 -prefMapSize 263055 -appDir \"C:\\Program Files\\Mozilla Firefox\\browser\" - {039e60de-b3cf-47ea-9627-21d206d695e7} 7452 \"\\\\.\\pipe\\gecko-crash-server-pipe.7452\" 1 gpu","CurrentDirectory":"C:\\Windows\\system32\\","User":"WIN10\\richard","LogonGuid":"{53968da7-b202-6708-c295-020000000000}","LogonId":"0x295c2","TerminalSessionId":"1","IntegrityLevel":"Low","Hashes":"MD5=571814A7939D001662BBA7760BD0B187,SHA256=9725AFC685C8EE135701E140A83B94FE7D958360A1F546215F7EAFDFF5E53A83,IMPHASH=BB4CE52E8306F88C0B1DA570553704E4","ParentProcessGuid":"{53968da7-de42-6708-cd05-00000000fb00}","ParentProcessId":"7452","ParentImage":"C:\\Program Files\\Mozilla Firefox\\firefox.exe","ParentCommandLine":"\"C:\\Program Files\\Mozilla Firefox\\firefox.exe\"","ParentUser":"WIN10\\richard"}}
{"LogSource":"Microsoft-Windows-Sysmon/Operational","EventId":1,"TimeCreated":"2024-10-11T01:13:54.7698855-07:00","RecordId":173269,"MachineName":"Win10","EventData":{"RuleName":"-","UtcTime":"2024-10-11 08:13:54.767","ProcessGuid":"{53968da7-de42-6708-cf05-00000000fb00}","ProcessId":"6720","Image":"C:\\Program Files\\Mozilla Firefox\\firefox.exe","FileVersion":"131.0.2","Description":"Firefox","Product":"Firefox","Company":"Mozilla Corporation","OriginalFileName":"firefox.exe","CommandLine":"\"C:\\Program Files\\Mozilla Firefox\\firefox.exe\" -contentproc --channel=2344 -parentBuildID 20241008210941 -prefsHandle 2336 -prefMapHandle 2256 -prefsLen 30897 -prefMapSize 263055 -win32kLockedDown -appDir \"C:\\Program Files\\Mozilla Firefox\\browser\" - {e29d7c92-d6aa-4661-a94d-8251979583a7} 7452 \"\\\\.\\pipe\\gecko-crash-server-pipe.7452\" 2 socket","CurrentDirectory":"C:\\Windows\\system32\\","User":"WIN10\\richard","LogonGuid":"{53968da7-b202-6708-c295-020000000000}","LogonId":"0x295c2","TerminalSessionId":"1","IntegrityLevel":"Low","Hashes":"MD5=571814A7939D001662BBA7760BD0B187,SHA256=9725AFC685C8EE135701E140A83B94FE7D958360A1F546215F7EAFDFF5E53A83,IMPHASH=BB4CE52E8306F88C0B1DA570553704E4","ParentProcessGuid":"{53968da7-de42-6708-cd05-00000000fb00}","ParentProcessId":"7452","ParentImage":"C:\\Program Files\\Mozilla Firefox\\firefox.exe","ParentCommandLine":"\"C:\\Program Files\\Mozilla Firefox\\firefox.exe\"","ParentUser":"WIN10\\richard"}}
{"LogSource":"Microsoft-Windows-Sysmon/Operational","EventId":1,"TimeCreated":"2024-10-11T01:13:54.5264329-07:00","RecordId":173267,"MachineName":"Win10","EventData":{"RuleName":"-","UtcTime":"2024-10-11 08:13:54.524","ProcessGuid":"{53968da7-de42-6708-cd05-00000000fb00}","ProcessId":"7452","Image":"C:\\Program Files\\Mozilla Firefox\\firefox.exe","FileVersion":"131.0.2","Description":"Firefox","Product":"Firefox","Company":"Mozilla Corporation","OriginalFileName":"firefox.exe","CommandLine":"\"C:\\Program Files\\Mozilla Firefox\\firefox.exe\"","CurrentDirectory":"C:\\Windows\\system32\\","User":"WIN10\\richard","LogonGuid":"{53968da7-b202-6708-c295-020000000000}","LogonId":"0x295c2","TerminalSessionId":"1","IntegrityLevel":"Medium","Hashes":"MD5=571814A7939D001662BBA7760BD0B187,SHA256=9725AFC685C8EE135701E140A83B94FE7D958360A1F546215F7EAFDFF5E53A83,IMPHASH=BB4CE52E8306F88C0B1DA570553704E4","ParentProcessGuid":"{53968da7-de42-6708-cc05-00000000fb00}","ParentProcessId":"4244","ParentImage":"C:\\Program Files\\Mozilla Firefox\\firefox.exe","ParentCommandLine":"\"C:\\Program Files\\Mozilla Firefox\\firefox.exe\"","ParentUser":"WIN10\\richard"}}
{"LogSource":"Microsoft-Windows-Sysmon/Operational","EventId":1,"TimeCreated":"2024-10-11T01:14:06.0644368-07:00","RecordId":173270,"MachineName":"Win10","EventData":{"RuleName":"-","UtcTime":"2024-10-11 08:14:06.062","ProcessGuid":"{53968da7-de4e-6708-d005-00000000fb00}","ProcessId":"4616","Image":"C:\\Windows\\System32\\svchost.exe","FileVersion":"10.0.19041.4355 (WinBuild.160101.0800)","Description":"Host Process for Windows Services","Product":"Microsoft® Windows® Operating System","Company":"Microsoft Corporation","OriginalFileName":"svchost.exe","CommandLine":"C:\\Windows\\system32\\svchost.exe -k wsappx -p","CurrentDirectory":"C:\\Windows\\system32\\","User":"NT AUTHORITY\\SYSTEM","LogonGuid":"{53968da7-b200-6708-e703-000000000000}","LogonId":"0x3e7","TerminalSessionId":"0","IntegrityLevel":"System","Hashes":"MD5=7469CC568AD6821FD9D925542730A7D8,SHA256=6FC3BF1FDFD76860BE782554F8D25BD32F108DB934D70F4253F1E5F23522E503,IMPHASH=F9BBD96FAE53B7A31264A703CAFA0666","ParentProcessGuid":"{53968da7-b1ff-6708-0b00-00000000fb00}","ParentProcessId":"740","ParentImage":"C:\\Windows\\System32\\services.exe","ParentCommandLine":"C:\\Windows\\system32\\services.exe","ParentUser":"NT AUTHORITY\\SYSTEM"}}
{"LogSource":"Microsoft-Windows-Sysmon/Operational","EventId":1,"TimeCreated":"2024-10-11T01:14:52.3121414-07:00","RecordId":173271,"MachineName":"Win10","EventData":{"RuleName":"-","UtcTime":"2024-10-11 08:14:52.304","ProcessGuid":"{53968da7-de7c-6708-d305-00000000fb00}","ProcessId":"6984","Image":"C:\\Windows\\System32\\notepad.exe","FileVersion":"10.0.19041.4355 (WinBuild.160101.0800)","Description":"Notepad","Product":"Microsoft® Windows® Operating System","Company":"Microsoft Corporation","OriginalFileName":"NOTEPAD.EXE","CommandLine":"\"C:\\Windows\\system32\\notepad.exe\" ","CurrentDirectory":"C:\\Windows\\system32\\","User":"WIN10\\richard","LogonGuid":"{53968da7-b202-6708-7195-020000000000}","LogonId":"0x29571","TerminalSessionId":"1","IntegrityLevel":"High","Hashes":"MD5=BD33AA772F4751C5A79F94636088774E,SHA256=C286747D319818C1205FD487040840353C5F4542FAFFDABAE9131481BDFEB92A,IMPHASH=09ED737A03DB7295BF734A9953F6EB5E","ParentProcessGuid":"{53968da7-be30-6708-5201-00000000fb00}","ParentProcessId":"6876","ParentImage":"C:\\Windows\\System32\\WindowsPowerShell\\v1.0\\powershell_ise.exe","ParentCommandLine":"\"C:\\Windows\\system32\\WindowsPowerShell\\v1.0\\PowerShell_ISE.exe\" ","ParentUser":"WIN10\\richard"}}
{"LogSource":"Microsoft-Windows-Sysmon/Operational","EventId":1,"TimeCreated":"2024-10-11T01:16:20.4678583-07:00","RecordId":173272,"MachineName":"Win10","EventData":{"RuleName":"-","UtcTime":"2024-10-11 08:16:20.466","ProcessGuid":"{53968da7-ded4-6708-d405-00000000fb00}","ProcessId":"6828","Image":"C:\\Program Files\\Mozilla Firefox\\firefox.exe","FileVersion":"131.0.2","Description":"Firefox","Product":"Firefox","Company":"Mozilla Corporation","OriginalFileName":"firefox.exe","CommandLine":"\"C:\\Program Files\\Mozilla Firefox\\firefox.exe\" https://www.linkedin.com ","CurrentDirectory":"C:\\Windows\\system32\\","User":"WIN10\\richard","LogonGuid":"{53968da7-b202-6708-7195-020000000000}","LogonId":"0x29571","TerminalSessionId":"1","IntegrityLevel":"High","Hashes":"MD5=571814A7939D001662BBA7760BD0B187,SHA256=9725AFC685C8EE135701E140A83B94FE7D958360A1F546215F7EAFDFF5E53A83,IMPHASH=BB4CE52E8306F88C0B1DA570553704E4","ParentProcessGuid":"{53968da7-be30-6708-5201-00000000fb00}","ParentProcessId":"6876","ParentImage":"C:\\Windows\\System32\\WindowsPowerShell\\v1.0\\powershell_ise.exe","ParentCommandLine":"\"C:\\Windows\\system32\\WindowsPowerShell\\v1.0\\PowerShell_ISE.exe\" ","ParentUser":"WIN10\\richard"}}
{"LogSource":"Microsoft-Windows-Sysmon/Operational","EventId":1,"TimeCreated":"2024-10-11T01:16:20.5020116-07:00","RecordId":173273,"MachineName":"Win10","EventData":{"RuleName":"-","UtcTime":"2024-10-11 08:16:20.500","ProcessGuid":"{53968da7-ded4-6708-d505-00000000fb00}","ProcessId":"8964","Image":"C:\\Program Files\\Mozilla Firefox\\firefox.exe","FileVersion":"131.0.2","Description":"Firefox","Product":"Firefox","Company":"Mozilla Corporation","OriginalFileName":"firefox.exe","CommandLine":"\"C:\\Program Files\\Mozilla Firefox\\firefox.exe\" https://www.linkedin.com --attempting-deelevation","CurrentDirectory":"C:\\Windows\\system32\\","User":"WIN10\\richard","LogonGuid":"{53968da7-b202-6708-c295-020000000000}","LogonId":"0x295c2","TerminalSessionId":"1","IntegrityLevel":"Medium","Hashes":"MD5=571814A7939D001662BBA7760BD0B187,SHA256=9725AFC685C8EE135701E140A83B94FE7D958360A1F546215F7EAFDFF5E53A83,IMPHASH=BB4CE52E8306F88C0B1DA570553704E4","ParentProcessGuid":"{53968da7-b203-6708-4f00-00000000fb00}","ParentProcessId":"4396","ParentImage":"C:\\Windows\\explorer.exe","ParentCommandLine":"C:\\Windows\\Explorer.EXE","ParentUser":"WIN10\\richard"}}
{"LogSource":"Microsoft-Windows-Sysmon/Operational","EventId":1,"TimeCreated":"2024-10-11T01:16:20.5114559-07:00","RecordId":173274,"MachineName":"Win10","EventData":{"RuleName":"-","UtcTime":"2024-10-11 08:16:20.509","ProcessGuid":"{53968da7-ded4-6708-d605-00000000fb00}","ProcessId":"2460","Image":"C:\\Program Files\\Mozilla Firefox\\firefox.exe","FileVersion":"131.0.2","Description":"Firefox","Product":"Firefox","Company":"Mozilla Corporation","OriginalFileName":"firefox.exe","CommandLine":"\"C:\\Program Files\\Mozilla Firefox\\firefox.exe\" https://www.linkedin.com","CurrentDirectory":"C:\\Windows\\system32\\","User":"WIN10\\richard","LogonGuid":"{53968da7-b202-6708-c295-020000000000}","LogonId":"0x295c2","TerminalSessionId":"1","IntegrityLevel":"Medium","Hashes":"MD5=571814A7939D001662BBA7760BD0B187,SHA256=9725AFC685C8EE135701E140A83B94FE7D958360A1F546215F7EAFDFF5E53A83,IMPHASH=BB4CE52E8306F88C0B1DA570553704E4","ParentProcessGuid":"{53968da7-ded4-6708-d505-00000000fb00}","ParentProcessId":"8964","ParentImage":"C:\\Program Files\\Mozilla Firefox\\firefox.exe","ParentCommandLine":"\"C:\\Program Files\\Mozilla Firefox\\firefox.exe\" https://www.linkedin.com --attempting-deelevation","ParentUser":"WIN10\\richard"}}
{"LogSource":"Microsoft-Windows-Sysmon/Operational","EventId":1,"TimeCreated":"2024-10-11T01:16:20.6906508-07:00","RecordId":173275,"MachineName":"Win10","EventData":{"RuleName":"-","UtcTime":"2024-10-11 08:16:20.688","ProcessGuid":"{53968da7-ded4-6708-d705-00000000fb00}","ProcessId":"8716","Image":"C:\\Program Files\\Mozilla Firefox\\firefox.exe","FileVersion":"131.0.2","Description":"Firefox","Product":"Firefox","Company":"Mozilla Corporation","OriginalFileName":"firefox.exe","CommandLine":"\"C:\\Program Files\\Mozilla Firefox\\firefox.exe\" -contentproc --channel=1644 -parentBuildID 20241008210941 -prefsHandle 1572 -prefMapHandle 1540 -prefsLen 30861 -prefMapSize 263055 -appDir \"C:\\Program Files\\Mozilla Firefox\\browser\" - {da455af3-8f22-4c9a-b7c5-74300ef8727a} 2460 \"\\\\.\\pipe\\gecko-crash-server-pipe.2460\" 1 gpu","CurrentDirectory":"C:\\Windows\\system32\\","User":"WIN10\\richard","LogonGuid":"{53968da7-b202-6708-c295-020000000000}","LogonId":"0x295c2","TerminalSessionId":"1","IntegrityLevel":"Low","Hashes":"MD5=571814A7939D001662BBA7760BD0B187,SHA256=9725AFC685C8EE135701E140A83B94FE7D958360A1F546215F7EAFDFF5E53A83,IMPHASH=BB4CE52E8306F88C0B1DA570553704E4","ParentProcessGuid":"{53968da7-ded4-6708-d605-00000000fb00}","ParentProcessId":"2460","ParentImage":"C:\\Program Files\\Mozilla Firefox\\firefox.exe","ParentCommandLine":"\"C:\\Program Files\\Mozilla Firefox\\firefox.exe\" https://www.linkedin.com","ParentUser":"WIN10\\richard"}}
{"LogSource":"Microsoft-Windows-Sysmon/Operational","EventId":1,"TimeCreated":"2024-10-11T01:16:20.7560563-07:00","RecordId":173276,"MachineName":"Win10","EventData":{"RuleName":"-","UtcTime":"2024-10-11 08:16:20.753","ProcessGuid":"{53968da7-ded4-6708-d805-00000000fb00}","ProcessId":"8632","Image":"C:\\Program Files\\Mozilla Firefox\\firefox.exe","FileVersion":"131.0.2","Description":"Firefox","Product":"Firefox","Company":"Mozilla Corporation","OriginalFileName":"firefox.exe","CommandLine":"\"C:\\Program Files\\Mozilla Firefox\\firefox.exe\"","CurrentDirectory":"C:\\Windows\\system32\\","User":"WIN10\\richard","LogonGuid":"{53968da7-b202-6708-c295-020000000000}","LogonId":"0x295c2","TerminalSessionId":"1","IntegrityLevel":"Medium","Hashes":"MD5=571814A7939D001662BBA7760BD0B187,SHA256=9725AFC685C8EE135701E140A83B94FE7D958360A1F546215F7EAFDFF5E53A83,IMPHASH=BB4CE52E8306F88C0B1DA570553704E4","ParentProcessGuid":"{53968da7-ded4-6708-d605-00000000fb00}","ParentProcessId":"2460","ParentImage":"C:\\Program Files\\Mozilla Firefox\\firefox.exe","ParentCommandLine":"\"C:\\Program Files\\Mozilla Firefox\\firefox.exe\" https://www.linkedin.com","ParentUser":"WIN10\\richard"}}
{"LogSource":"Microsoft-Windows-Sysmon/Operational","EventId":1,"TimeCreated":"2024-10-11T01:16:20.7645348-07:00","RecordId":173277,"MachineName":"Win10","EventData":{"RuleName":"-","UtcTime":"2024-10-11 08:16:20.762","ProcessGuid":"{53968da7-ded4-6708-d905-00000000fb00}","ProcessId":"8336","Image":"C:\\Program Files\\Mozilla Firefox\\firefox.exe","FileVersion":"131.0.2","Description":"Firefox","Product":"Firefox","Company":"Mozilla Corporation","OriginalFileName":"firefox.exe","CommandLine":"\"C:\\Program Files\\Mozilla Firefox\\firefox.exe\"","CurrentDirectory":"C:\\Windows\\system32\\","User":"WIN10\\richard","LogonGuid":"{53968da7-b202-6708-c295-020000000000}","LogonId":"0x295c2","TerminalSessionId":"1","IntegrityLevel":"Medium","Hashes":"MD5=571814A7939D001662BBA7760BD0B187,SHA256=9725AFC685C8EE135701E140A83B94FE7D958360A1F546215F7EAFDFF5E53A83,IMPHASH=BB4CE52E8306F88C0B1DA570553704E4","ParentProcessGuid":"{53968da7-ded4-6708-d805-00000000fb00}","ParentProcessId":"8632","ParentImage":"C:\\Program Files\\Mozilla Firefox\\firefox.exe","ParentCommandLine":"\"C:\\Program Files\\Mozilla Firefox\\firefox.exe\"","ParentUser":"WIN10\\richard"}}
{"LogSource":"Microsoft-Windows-Sysmon/Operational","EventId":1,"TimeCreated":"2024-10-11T01:16:20.9440929-07:00","RecordId":173278,"MachineName":"Win10","EventData":{"RuleName":"-","UtcTime":"2024-10-11 08:16:20.942","ProcessGuid":"{53968da7-ded4-6708-da05-00000000fb00}","ProcessId":"864","Image":"C:\\Program Files\\Mozilla Firefox\\firefox.exe","FileVersion":"131.0.2","Description":"Firefox","Product":"Firefox","Company":"Mozilla Corporation","OriginalFileName":"firefox.exe","CommandLine":"\"C:\\Program Files\\Mozilla Firefox\\firefox.exe\" -contentproc --channel=1904 -parentBuildID 20241008210941 -prefsHandle 1832 -prefMapHandle 1824 -prefsLen 30861 -prefMapSize 263055 -appDir \"C:\\Program Files\\Mozilla Firefox\\browser\" - {2d3408e2-6137-4364-bd38-bfe0bfe1d7df} 8336 \"\\\\.\\pipe\\gecko-crash-server-pipe.8336\" 1 gpu","CurrentDirectory":"C:\\Windows\\system32\\","User":"WIN10\\richard","LogonGuid":"{53968da7-b202-6708-c295-020000000000}","LogonId":"0x295c2","TerminalSessionId":"1","IntegrityLevel":"Low","Hashes":"MD5=571814A7939D001662BBA7760BD0B187,SHA256=9725AFC685C8EE135701E140A83B94FE7D958360A1F546215F7EAFDFF5E53A83,IMPHASH=BB4CE52E8306F88C0B1DA570553704E4","ParentProcessGuid":"{53968da7-ded4-6708-d905-00000000fb00}","ParentProcessId":"8336","ParentImage":"C:\\Program Files\\Mozilla Firefox\\firefox.exe","ParentCommandLine":"\"C:\\Program Files\\Mozilla Firefox\\firefox.exe\"","ParentUser":"WIN10\\richard"}}
{"LogSource":"Microsoft-Windows-Sysmon/Operational","EventId":1,"TimeCreated":"2024-10-11T01:16:20.9943985-07:00","RecordId":173279,"MachineName":"Win10","EventData":{"RuleName":"-","UtcTime":"2024-10-11 08:16:20.991","ProcessGuid":"{53968da7-ded4-6708-db05-00000000fb00}","ProcessId":"7132","Image":"C:\\Program Files\\Mozilla Firefox\\firefox.exe","FileVersion":"131.0.2","Description":"Firefox","Product":"Firefox","Company":"Mozilla Corporation","OriginalFileName":"firefox.exe","CommandLine":"\"C:\\Program Files\\Mozilla Firefox\\firefox.exe\" -contentproc --channel=2344 -parentBuildID 20241008210941 -prefsHandle 2336 -prefMapHandle 2332 -prefsLen 30897 -prefMapSize 263055 -win32kLockedDown -appDir \"C:\\Program Files\\Mozilla Firefox\\browser\" - {8269cdf2-883c-4c69-99a3-1c05554748f4} 8336 \"\\\\.\\pipe\\gecko-crash-server-pipe.8336\" 2 socket","CurrentDirectory":"C:\\Windows\\system32\\","User":"WIN10\\richard","LogonGuid":"{53968da7-b202-6708-c295-020000000000}","LogonId":"0x295c2","TerminalSessionId":"1","IntegrityLevel":"Low","Hashes":"MD5=571814A7939D001662BBA7760BD0B187,SHA256=9725AFC685C8EE135701E140A83B94FE7D958360A1F546215F7EAFDFF5E53A83,IMPHASH=BB4CE52E8306F88C0B1DA570553704E4","ParentProcessGuid":"{53968da7-ded4-6708-d905-00000000fb00}","ParentProcessId":"8336","ParentImage":"C:\\Program Files\\Mozilla Firefox\\firefox.exe","ParentCommandLine":"\"C:\\Program Files\\Mozilla Firefox\\firefox.exe\"","ParentUser":"WIN10\\richard"}}
{"LogSource":"Microsoft-Windows-Sysmon/Operational","EventId":1,"TimeCreated":"2024-10-11T01:17:22.5379875-07:00","RecordId":173280,"MachineName":"Win10","EventData":{"RuleName":"-","UtcTime":"2024-10-11 08:17:22.530","ProcessGuid":"{53968da7-df12-6708-dc05-00000000fb00}","ProcessId":"3712","Image":"C:\\Windows\\System32\\Taskmgr.exe","FileVersion":"10.0.19041.4957 (WinBuild.160101.0800)","Description":"Task Manager","Product":"Microsoft® Windows® Operating System","Company":"Microsoft Corporation","OriginalFileName":"Taskmgr.exe","CommandLine":"\"C:\\Windows\\system32\\Taskmgr.exe\" ","CurrentDirectory":"C:\\Windows\\system32\\","User":"WIN10\\richard","LogonGuid":"{53968da7-b202-6708-7195-020000000000}","LogonId":"0x29571","TerminalSessionId":"1","IntegrityLevel":"High","Hashes":"MD5=6CD99EFAF34D7A7448D3B58189C10FD8,SHA256=BA1253EEFED7F3DAA117A1AF423BDDE45A8ED2F9C875CF03F30C34141CBAE54E,IMPHASH=565193F4BCB561BB8F24349EEFAF2436","ParentProcessGuid":"{53968da7-be30-6708-5201-00000000fb00}","ParentProcessId":"6876","ParentImage":"C:\\Windows\\System32\\WindowsPowerShell\\v1.0\\powershell_ise.exe","ParentCommandLine":"\"C:\\Windows\\system32\\WindowsPowerShell\\v1.0\\PowerShell_ISE.exe\" ","ParentUser":"WIN10\\richard"}}
{"LogSource":"Microsoft-Windows-Sysmon/Operational","EventId":1,"TimeCreated":"2024-10-11T01:17:56.6534009-07:00","RecordId":173281,"MachineName":"Win10","EventData":{"RuleName":"-","UtcTime":"2024-10-11 08:17:56.651","ProcessGuid":"{53968da7-df34-6708-dd05-00000000fb00}","ProcessId":"1832","Image":"C:\\Program Files\\Mozilla Firefox\\firefox.exe","FileVersion":"131.0.2","Description":"Firefox","Product":"Firefox","Company":"Mozilla Corporation","OriginalFileName":"firefox.exe","CommandLine":"\"C:\\Program Files\\Mozilla Firefox\\firefox.exe\" https://www.microsoft.com ","CurrentDirectory":"C:\\Windows\\system32\\","User":"WIN10\\richard","LogonGuid":"{53968da7-b202-6708-7195-020000000000}","LogonId":"0x29571","TerminalSessionId":"1","IntegrityLevel":"High","Hashes":"MD5=571814A7939D001662BBA7760BD0B187,SHA256=9725AFC685C8EE135701E140A83B94FE7D958360A1F546215F7EAFDFF5E53A83,IMPHASH=BB4CE52E8306F88C0B1DA570553704E4","ParentProcessGuid":"{53968da7-be30-6708-5201-00000000fb00}","ParentProcessId":"6876","ParentImage":"C:\\Windows\\System32\\WindowsPowerShell\\v1.0\\powershell_ise.exe","ParentCommandLine":"\"C:\\Windows\\system32\\WindowsPowerShell\\v1.0\\PowerShell_ISE.exe\" ","ParentUser":"WIN10\\richard"}}
{"LogSource":"Microsoft-Windows-Sysmon/Operational","EventId":1,"TimeCreated":"2024-10-11T01:17:56.6847620-07:00","RecordId":173282,"MachineName":"Win10","EventData":{"RuleName":"-","UtcTime":"2024-10-11 08:17:56.682","ProcessGuid":"{53968da7-df34-6708-de05-00000000fb00}","ProcessId":"6800","Image":"C:\\Program Files\\Mozilla Firefox\\firefox.exe","FileVersion":"131.0.2","Description":"Firefox","Product":"Firefox","Company":"Mozilla Corporation","OriginalFileName":"firefox.exe","CommandLine":"\"C:\\Program Files\\Mozilla Firefox\\firefox.exe\" https://www.microsoft.com --attempting-deelevation","CurrentDirectory":"C:\\Windows\\system32\\","User":"WIN10\\richard","LogonGuid":"{53968da7-b202-6708-c295-020000000000}","LogonId":"0x295c2","TerminalSessionId":"1","IntegrityLevel":"Medium","Hashes":"MD5=571814A7939D001662BBA7760BD0B187,SHA256=9725AFC685C8EE135701E140A83B94FE7D958360A1F546215F7EAFDFF5E53A83,IMPHASH=BB4CE52E8306F88C0B1DA570553704E4","ParentProcessGuid":"{53968da7-b203-6708-4f00-00000000fb00}","ParentProcessId":"4396","ParentImage":"C:\\Windows\\explorer.exe","ParentCommandLine":"C:\\Windows\\Explorer.EXE","ParentUser":"WIN10\\richard"}}
{"LogSource":"Microsoft-Windows-Sysmon/Operational","EventId":1,"TimeCreated":"2024-10-11T01:17:56.6948995-07:00","RecordId":173283,"MachineName":"Win10","EventData":{"RuleName":"-","UtcTime":"2024-10-11 08:17:56.692","ProcessGuid":"{53968da7-df34-6708-df05-00000000fb00}","ProcessId":"7200","Image":"C:\\Program Files\\Mozilla Firefox\\firefox.exe","FileVersion":"131.0.2","Description":"Firefox","Product":"Firefox","Company":"Mozilla Corporation","OriginalFileName":"firefox.exe","CommandLine":"\"C:\\Program Files\\Mozilla Firefox\\firefox.exe\" https://www.microsoft.com","CurrentDirectory":"C:\\Windows\\system32\\","User":"WIN10\\richard","LogonGuid":"{53968da7-b202-6708-c295-020000000000}","LogonId":"0x295c2","TerminalSessionId":"1","IntegrityLevel":"Medium","Hashes":"MD5=571814A7939D001662BBA7760BD0B187,SHA256=9725AFC685C8EE135701E140A83B94FE7D958360A1F546215F7EAFDFF5E53A83,IMPHASH=BB4CE52E8306F88C0B1DA570553704E4","ParentProcessGuid":"{53968da7-df34-6708-de05-00000000fb00}","ParentProcessId":"6800","ParentImage":"C:\\Program Files\\Mozilla Firefox\\firefox.exe","ParentCommandLine":"\"C:\\Program Files\\Mozilla Firefox\\firefox.exe\" https://www.microsoft.com --attempting-deelevation","ParentUser":"WIN10\\richard"}}
{"LogSource":"Microsoft-Windows-Sysmon/Operational","EventId":1,"TimeCreated":"2024-10-11T01:17:56.8733569-07:00","RecordId":173284,"MachineName":"Win10","EventData":{"RuleName":"-","UtcTime":"2024-10-11 08:17:56.870","ProcessGuid":"{53968da7-df34-6708-e005-00000000fb00}","ProcessId":"4352","Image":"C:\\Program Files\\Mozilla Firefox\\firefox.exe","FileVersion":"131.0.2","Description":"Firefox","Product":"Firefox","Company":"Mozilla Corporation","OriginalFileName":"firefox.exe","CommandLine":"\"C:\\Program Files\\Mozilla Firefox\\firefox.exe\" -contentproc --channel=1652 -parentBuildID 20241008210941 -prefsHandle 1556 -prefMapHandle 1548 -prefsLen 30861 -prefMapSize 263055 -appDir \"C:\\Program Files\\Mozilla Firefox\\browser\" - {4d0e104a-aac9-4d8e-b221-e3b895ffc8d0} 7200 \"\\\\.\\pipe\\gecko-crash-server-pipe.7200\" 1 gpu","CurrentDirectory":"C:\\Windows\\system32\\","User":"WIN10\\richard","LogonGuid":"{53968da7-b202-6708-c295-020000000000}","LogonId":"0x295c2","TerminalSessionId":"1","IntegrityLevel":"Low","Hashes":"MD5=571814A7939D001662BBA7760BD0B187,SHA256=9725AFC685C8EE135701E140A83B94FE7D958360A1F546215F7EAFDFF5E53A83,IMPHASH=BB4CE52E8306F88C0B1DA570553704E4","ParentProcessGuid":"{53968da7-df34-6708-df05-00000000fb00}","ParentProcessId":"7200","ParentImage":"C:\\Program Files\\Mozilla Firefox\\firefox.exe","ParentCommandLine":"\"C:\\Program Files\\Mozilla Firefox\\firefox.exe\" https://www.microsoft.com","ParentUser":"WIN10\\richard"}}
{"LogSource":"Microsoft-Windows-Sysmon/Operational","EventId":1,"TimeCreated":"2024-10-11T01:17:56.9539895-07:00","RecordId":173285,"MachineName":"Win10","EventData":{"RuleName":"-","UtcTime":"2024-10-11 08:17:56.951","ProcessGuid":"{53968da7-df34-6708-e105-00000000fb00}","ProcessId":"3588","Image":"C:\\Program Files\\Mozilla Firefox\\firefox.exe","FileVersion":"131.0.2","Description":"Firefox","Product":"Firefox","Company":"Mozilla Corporation","OriginalFileName":"firefox.exe","CommandLine":"\"C:\\Program Files\\Mozilla Firefox\\firefox.exe\"","CurrentDirectory":"C:\\Windows\\system32\\","User":"WIN10\\richard","LogonGuid":"{53968da7-b202-6708-c295-020000000000}","LogonId":"0x295c2","TerminalSessionId":"1","IntegrityLevel":"Medium","Hashes":"MD5=571814A7939D001662BBA7760BD0B187,SHA256=9725AFC685C8EE135701E140A83B94FE7D958360A1F546215F7EAFDFF5E53A83,IMPHASH=BB4CE52E8306F88C0B1DA570553704E4","ParentProcessGuid":"{53968da7-df34-6708-df05-00000000fb00}","ParentProcessId":"7200","ParentImage":"C:\\Program Files\\Mozilla Firefox\\firefox.exe","ParentCommandLine":"\"C:\\Program Files\\Mozilla Firefox\\firefox.exe\" https://www.microsoft.com","ParentUser":"WIN10\\richard"}}
{"LogSource":"Microsoft-Windows-Sysmon/Operational","EventId":1,"TimeCreated":"2024-10-11T01:17:56.9624184-07:00","RecordId":173286,"MachineName":"Win10","EventData":{"RuleName":"-","UtcTime":"2024-10-11 08:17:56.960","ProcessGuid":"{53968da7-df34-6708-e205-00000000fb00}","ProcessId":"8736","Image":"C:\\Program Files\\Mozilla Firefox\\firefox.exe","FileVersion":"131.0.2","Description":"Firefox","Product":"Firefox","Company":"Mozilla Corporation","OriginalFileName":"firefox.exe","CommandLine":"\"C:\\Program Files\\Mozilla Firefox\\firefox.exe\"","CurrentDirectory":"C:\\Windows\\system32\\","User":"WIN10\\richard","LogonGuid":"{53968da7-b202-6708-c295-020000000000}","LogonId":"0x295c2","TerminalSessionId":"1","IntegrityLevel":"Medium","Hashes":"MD5=571814A7939D001662BBA7760BD0B187,SHA256=9725AFC685C8EE135701E140A83B94FE7D958360A1F546215F7EAFDFF5E53A83,IMPHASH=BB4CE52E8306F88C0B1DA570553704E4","ParentProcessGuid":"{53968da7-df34-6708-e105-00000000fb00}","ParentProcessId":"3588","ParentImage":"C:\\Program Files\\Mozilla Firefox\\firefox.exe","ParentCommandLine":"\"C:\\Program Files\\Mozilla Firefox\\firefox.exe\"","ParentUser":"WIN10\\richard"}}
{"LogSource":"Microsoft-Windows-Sysmon/Operational","EventId":1,"TimeCreated":"2024-10-11T01:17:57.1472226-07:00","RecordId":173287,"MachineName":"Win10","EventData":{"RuleName":"-","UtcTime":"2024-10-11 08:17:57.144","ProcessGuid":"{53968da7-df35-6708-e305-00000000fb00}","ProcessId":"4188","Image":"C:\\Program Files\\Mozilla Firefox\\firefox.exe","FileVersion":"131.0.2","Description":"Firefox","Product":"Firefox","Company":"Mozilla Corporation","OriginalFileName":"firefox.exe","CommandLine":"\"C:\\Program Files\\Mozilla Firefox\\firefox.exe\" -contentproc --channel=1896 -parentBuildID 20241008210941 -prefsHandle 1824 -prefMapHandle 1816 -prefsLen 30861 -prefMapSize 263055 -appDir \"C:\\Program Files\\Mozilla Firefox\\browser\" - {b19a7a9a-a054-4d0f-9cf5-9eebe9c2fbb2} 8736 \"\\\\.\\pipe\\gecko-crash-server-pipe.8736\" 1 gpu","CurrentDirectory":"C:\\Windows\\system32\\","User":"WIN10\\richard","LogonGuid":"{53968da7-b202-6708-c295-020000000000}","LogonId":"0x295c2","TerminalSessionId":"1","IntegrityLevel":"Low","Hashes":"MD5=571814A7939D001662BBA7760BD0B187,SHA256=9725AFC685C8EE135701E140A83B94FE7D958360A1F546215F7EAFDFF5E53A83,IMPHASH=BB4CE52E8306F88C0B1DA570553704E4","ParentProcessGuid":"{53968da7-df34-6708-e205-00000000fb00}","ParentProcessId":"8736","ParentImage":"C:\\Program Files\\Mozilla Firefox\\firefox.exe","ParentCommandLine":"\"C:\\Program Files\\Mozilla Firefox\\firefox.exe\"","ParentUser":"WIN10\\richard"}}
{"LogSource":"Microsoft-Windows-Sysmon/Operational","EventId":1,"TimeCreated":"2024-10-11T01:17:57.2065980-07:00","RecordId":173288,"MachineName":"Win10","EventData":{"RuleName":"-","UtcTime":"2024-10-11 08:17:57.204","ProcessGuid":"{53968da7-df35-6708-e405-00000000fb00}","ProcessId":"6988","Image":"C:\\Program Files\\Mozilla Firefox\\firefox.exe","FileVersion":"131.0.2","Description":"Firefox","Product":"Firefox","Company":"Mozilla Corporation","OriginalFileName":"firefox.exe","CommandLine":"\"C:\\Program Files\\Mozilla Firefox\\firefox.exe\" -contentproc --channel=2336 -parentBuildID 20241008210941 -prefsHandle 2328 -prefMapHandle 2324 -prefsLen 30897 -prefMapSize 263055 -win32kLockedDown -appDir \"C:\\Program Files\\Mozilla Firefox\\browser\" - {6b6bdac2-4695-41b2-9e03-2c2efd52fdd8} 8736 \"\\\\.\\pipe\\gecko-crash-server-pipe.8736\" 2 socket","CurrentDirectory":"C:\\Windows\\system32\\","User":"WIN10\\richard","LogonGuid":"{53968da7-b202-6708-c295-020000000000}","LogonId":"0x295c2","TerminalSessionId":"1","IntegrityLevel":"Low","Hashes":"MD5=571814A7939D001662BBA7760BD0B187,SHA256=9725AFC685C8EE135701E140A83B94FE7D958360A1F546215F7EAFDFF5E53A83,IMPHASH=BB4CE52E8306F88C0B1DA570553704E4","ParentProcessGuid":"{53968da7-df34-6708-e205-00000000fb00}","ParentProcessId":"8736","ParentImage":"C:\\Program Files\\Mozilla Firefox\\firefox.exe","ParentCommandLine":"\"C:\\Program Files\\Mozilla Firefox\\firefox.exe\"","ParentUser":"WIN10\\richard"}}
{"LogSource":"Microsoft-Windows-Sysmon/Operational","EventId":1,"TimeCreated":"2024-10-11T01:18:18.8188227-07:00","RecordId":173289,"MachineName":"Win10","EventData":{"RuleName":"-","UtcTime":"2024-10-11 08:18:18.817","ProcessGuid":"{53968da7-df4a-6708-e505-00000000fb00}","ProcessId":"772","Image":"C:\\Program Files\\Google\\Chrome\\Application\\chrome.exe","FileVersion":"129.0.6668.100","Description":"Google Chrome","Product":"Google Chrome","Company":"Google LLC","OriginalFileName":"chrome.exe","CommandLine":"\"C:\\Program Files\\Google\\Chrome\\Application\\chrome.exe\" https://www.cnn.com ","CurrentDirectory":"C:\\Windows\\system32\\","User":"WIN10\\richard","LogonGuid":"{53968da7-b202-6708-7195-020000000000}","LogonId":"0x29571","TerminalSessionId":"1","IntegrityLevel":"High","Hashes":"MD5=47679449E8A738D8B1849668622E7C9E,SHA256=2D2A32CBCCED69610445D92965CA710EF2DA89C3788EBB98FF8612EBFFAC917B,IMPHASH=8AA69BFB46216FA413519FB53924B2F9","ParentProcessGuid":"{53968da7-be30-6708-5201-00000000fb00}","ParentProcessId":"6876","ParentImage":"C:\\Windows\\System32\\WindowsPowerShell\\v1.0\\powershell_ise.exe","ParentCommandLine":"\"C:\\Windows\\system32\\WindowsPowerShell\\v1.0\\PowerShell_ISE.exe\" ","ParentUser":"WIN10\\richard"}}
{"LogSource":"Microsoft-Windows-Sysmon/Operational","EventId":1,"TimeCreated":"2024-10-11T01:18:18.9878884-07:00","RecordId":173290,"MachineName":"Win10","EventData":{"RuleName":"-","UtcTime":"2024-10-11 08:18:18.986","ProcessGuid":"{53968da7-df4a-6708-e905-00000000fb00}","ProcessId":"1492","Image":"C:\\Program Files\\Google\\Chrome\\Application\\129.0.6668.100\\elevation_service.exe","FileVersion":"129.0.6668.100","Description":"Google Chrome","Product":"Google Chrome","Company":"Google LLC","OriginalFileName":"elevation_service.exe","CommandLine":"\"C:\\Program Files\\Google\\Chrome\\Application\\129.0.6668.100\\elevation_service.exe\"","CurrentDirectory":"C:\\Windows\\system32\\","User":"NT AUTHORITY\\SYSTEM","LogonGuid":"{53968da7-b200-6708-e703-000000000000}","LogonId":"0x3e7","TerminalSessionId":"0","IntegrityLevel":"System","Hashes":"MD5=472B2328D62FEC7E774166FD75C18FF6,SHA256=56291421DA56A296F3F0AEF18CA0FB3C0925779EEE7B4734A07A24E59348D9CE,IMPHASH=E2CE387C73E135211A0D2FF087A2F9F3","ParentProcessGuid":"{53968da7-b1ff-6708-0b00-00000000fb00}","ParentProcessId":"740","ParentImage":"C:\\Windows\\System32\\services.exe","ParentCommandLine":"C:\\Windows\\system32\\services.exe","ParentUser":"NT AUTHORITY\\SYSTEM"}}
{"LogSource":"Microsoft-Windows-Sysmon/Operational","EventId":22,"TimeCreated":"2024-10-11T01:18:20.3091157-07:00","RecordId":173291,"MachineName":"Win10","EventData":{"RuleName":"-","UtcTime":"2024-10-11 08:18:18.042","ProcessGuid":"{53968da7-df4a-6708-e805-00000000fb00}","ProcessId":"4384","QueryName":"wpad","QueryStatus":"9003","QueryResults":"-","Image":"C:\\Program Files\\Google\\Chrome\\Application\\chrome.exe","User":"WIN10\\richard"}}
{"LogSource":"Microsoft-Windows-Sysmon/Operational","EventId":22,"TimeCreated":"2024-10-11T01:18:20.3099645-07:00","RecordId":173292,"MachineName":"Win10","EventData":{"RuleName":"-","UtcTime":"2024-10-11 08:18:18.048","ProcessGuid":"{53968da7-df4a-6708-e805-00000000fb00}","ProcessId":"4384","QueryName":"wpad","QueryStatus":"9003","QueryResults":"-","Image":"C:\\Program Files\\Google\\Chrome\\Application\\chrome.exe","User":"WIN10\\richard"}}
{"LogSource":"Microsoft-Windows-Sysmon/Operational","EventId":22,"TimeCreated":"2024-10-11T01:18:21.3082277-07:00","RecordId":173293,"MachineName":"Win10","EventData":{"RuleName":"-","UtcTime":"2024-10-11 08:18:18.053","ProcessGuid":"{53968da7-df4a-6708-e805-00000000fb00}","ProcessId":"4384","QueryName":"wpad","QueryStatus":"9003","QueryResults":"-","Image":"C:\\Program Files\\Google\\Chrome\\Application\\chrome.exe","User":"WIN10\\richard"}}
{"LogSource":"Microsoft-Windows-Sysmon/Operational","EventId":22,"TimeCreated":"2024-10-11T01:18:21.3093955-07:00","RecordId":173294,"MachineName":"Win10","EventData":{"RuleName":"-","UtcTime":"2024-10-11 08:18:18.761","ProcessGuid":"{53968da7-df4a-6708-e805-00000000fb00}","ProcessId":"4384","QueryName":"u.cdnwidget.com","QueryStatus":"9003","QueryResults":"-","Image":"C:\\Program Files\\Google\\Chrome\\Application\\chrome.exe","User":"WIN10\\richard"}}
{"LogSource":"Microsoft-Windows-Sysmon/Operational","EventId":22,"TimeCreated":"2024-10-11T01:18:26.3541556-07:00","RecordId":173295,"MachineName":"Win10","EventData":{"RuleName":"-","UtcTime":"2024-10-11 08:18:24.491","ProcessGuid":"{53968da7-df4a-6708-e805-00000000fb00}","ProcessId":"4384","QueryName":"cs.lkqd.net","QueryStatus":"9003","QueryResults":"-","Image":"C:\\Program Files\\Google\\Chrome\\Application\\chrome.exe","User":"WIN10\\richard"}}
{"LogSource":"Microsoft-Windows-Sysmon/Operational","EventId":22,"TimeCreated":"2024-10-11T01:18:28.3801324-07:00","RecordId":173296,"MachineName":"Win10","EventData":{"RuleName":"-","UtcTime":"2024-10-11 08:18:26.059","ProcessGuid":"{53968da7-df4a-6708-e805-00000000fb00}","ProcessId":"4384","QueryName":"wpad","QueryStatus":"9003","QueryResults":"-","Image":"C:\\Program Files\\Google\\Chrome\\Application\\chrome.exe","User":"WIN10\\richard"}}
{"LogSource":"Microsoft-Windows-Sysmon/Operational","EventId":22,"TimeCreated":"2024-10-11T01:18:37.4414604-07:00","RecordId":173297,"MachineName":"Win10","EventData":{"RuleName":"-","UtcTime":"2024-10-11 08:18:34.288","ProcessGuid":"{53968da7-df4a-6708-e805-00000000fb00}","ProcessId":"4384","QueryName":"sync.v5prebid.datablocks.net","QueryStatus":"9003","QueryResults":"-","Image":"C:\\Program Files\\Google\\Chrome\\Application\\chrome.exe","User":"WIN10\\richard"}}
{"LogSource":"Microsoft-Windows-Sysmon/Operational","EventId":1,"TimeCreated":"2024-10-11T01:18:37.9155934-07:00","RecordId":173298,"MachineName":"Win10","EventData":{"RuleName":"-","UtcTime":"2024-10-11 08:18:37.912","ProcessGuid":"{53968da7-df5d-6708-1506-00000000fb00}","ProcessId":"3848","Image":"C:\\Program Files (x86)\\Google\\GoogleUpdater\\130.0.6679.0\\updater.exe","FileVersion":"130.0.6679.0","Description":"Google Updater","Product":"Google Updater","Company":"Google LLC","OriginalFileName":"updater.exe","CommandLine":"\"C:\\Program Files (x86)\\Google\\GoogleUpdater\\130.0.6679.0\\updater.exe\" --system --windows-service --service=update","CurrentDirectory":"C:\\Windows\\system32\\","User":"NT AUTHORITY\\SYSTEM","LogonGuid":"{53968da7-b200-6708-e703-000000000000}","LogonId":"0x3e7","TerminalSessionId":"0","IntegrityLevel":"System","Hashes":"MD5=C583E91DDEE7C0E8AC2A3D3AACAD2F4C,SHA256=7F67129760223E5DDF31219F0B2E247555FBAC85F4B6F933212AC091A21DEBF9,IMPHASH=20AB254B36A04EA3556F60145D061FED","ParentProcessGuid":"{53968da7-b1ff-6708-0b00-00000000fb00}","ParentProcessId":"740","ParentImage":"C:\\Windows\\System32\\services.exe","ParentCommandLine":"C:\\Windows\\system32\\services.exe","ParentUser":"NT AUTHORITY\\SYSTEM"}}
{"LogSource":"Microsoft-Windows-Sysmon/Operational","EventId":1,"TimeCreated":"2024-10-11T01:18:37.9510138-07:00","RecordId":173299,"MachineName":"Win10","EventData":{"RuleName":"-","UtcTime":"2024-10-11 08:18:37.948","ProcessGuid":"{53968da7-df5d-6708-1606-00000000fb00}","ProcessId":"4792","Image":"C:\\Program Files (x86)\\Google\\GoogleUpdater\\130.0.6679.0\\updater.exe","FileVersion":"130.0.6679.0","Description":"Google Updater","Product":"Google Updater","Company":"Google LLC","OriginalFileName":"updater.exe","CommandLine":"\"C:\\Program Files (x86)\\Google\\GoogleUpdater\\130.0.6679.0\\updater.exe\" --crash-handler --system \"--database=C:\\Program Files (x86)\\Google\\GoogleUpdater\\130.0.6679.0\\Crashpad\" --url=https://clients2.google.com/cr/report --annotation=prod=Update4 --annotation=ver=130.0.6679.0 \"--attachment=C:\\Program Files (x86)\\Google\\GoogleUpdater\\updater.log\" --initial-client-data=0x29c,0x2a0,0x2a4,0x278,0x2a8,0xdaa6cc,0xdaa6d8,0xdaa6e4","CurrentDirectory":"C:\\Windows\\system32\\","User":"NT AUTHORITY\\SYSTEM","LogonGuid":"{53968da7-b200-6708-e703-000000000000}","LogonId":"0x3e7","TerminalSessionId":"0","IntegrityLevel":"System","Hashes":"MD5=C583E91DDEE7C0E8AC2A3D3AACAD2F4C,SHA256=7F67129760223E5DDF31219F0B2E247555FBAC85F4B6F933212AC091A21DEBF9,IMPHASH=20AB254B36A04EA3556F60145D061FED","ParentProcessGuid":"{53968da7-df5d-6708-1506-00000000fb00}","ParentProcessId":"3848","ParentImage":"C:\\Program Files (x86)\\Google\\GoogleUpdater\\130.0.6679.0\\updater.exe","ParentCommandLine":"\"C:\\Program Files (x86)\\Google\\GoogleUpdater\\130.0.6679.0\\updater.exe\" --system --windows-service --service=update","ParentUser":"NT AUTHORITY\\SYSTEM"}}
{"LogSource":"Microsoft-Windows-Sysmon/Operational","EventId":1,"TimeCreated":"2024-10-11T01:19:34.9878341-07:00","RecordId":173301,"MachineName":"Win10","EventData":{"RuleName":"-","UtcTime":"2024-10-11 08:19:34.985","ProcessGuid":"{53968da7-df96-6708-1806-00000000fb00}","ProcessId":"6360","Image":"C:\\Program Files\\Mozilla Firefox\\firefox.exe","FileVersion":"131.0.2","Description":"Firefox","Product":"Firefox","Company":"Mozilla Corporation","OriginalFileName":"firefox.exe","CommandLine":"\"C:\\Program Files\\Mozilla Firefox\\firefox.exe\" https://www.spotify.com --attempting-deelevation","CurrentDirectory":"C:\\Windows\\system32\\","User":"WIN10\\richard","LogonGuid":"{53968da7-b202-6708-c295-020000000000}","LogonId":"0x295c2","TerminalSessionId":"1","IntegrityLevel":"Medium","Hashes":"MD5=571814A7939D001662BBA7760BD0B187,SHA256=9725AFC685C8EE135701E140A83B94FE7D958360A1F546215F7EAFDFF5E53A83,IMPHASH=BB4CE52E8306F88C0B1DA570553704E4","ParentProcessGuid":"{53968da7-b203-6708-4f00-00000000fb00}","ParentProcessId":"4396","ParentImage":"C:\\Windows\\explorer.exe","ParentCommandLine":"C:\\Windows\\Explorer.EXE","ParentUser":"WIN10\\richard"}}
{"LogSource":"Microsoft-Windows-Sysmon/Operational","EventId":1,"TimeCreated":"2024-10-11T01:19:34.9567343-07:00","RecordId":173300,"MachineName":"Win10","EventData":{"RuleName":"-","UtcTime":"2024-10-11 08:19:34.954","ProcessGuid":"{53968da7-df96-6708-1706-00000000fb00}","ProcessId":"1736","Image":"C:\\Program Files\\Mozilla Firefox\\firefox.exe","FileVersion":"131.0.2","Description":"Firefox","Product":"Firefox","Company":"Mozilla Corporation","OriginalFileName":"firefox.exe","CommandLine":"\"C:\\Program Files\\Mozilla Firefox\\firefox.exe\" https://www.spotify.com ","CurrentDirectory":"C:\\Windows\\system32\\","User":"WIN10\\richard","LogonGuid":"{53968da7-b202-6708-7195-020000000000}","LogonId":"0x29571","TerminalSessionId":"1","IntegrityLevel":"High","Hashes":"MD5=571814A7939D001662BBA7760BD0B187,SHA256=9725AFC685C8EE135701E140A83B94FE7D958360A1F546215F7EAFDFF5E53A83,IMPHASH=BB4CE52E8306F88C0B1DA570553704E4","ParentProcessGuid":"{53968da7-be30-6708-5201-00000000fb00}","ParentProcessId":"6876","ParentImage":"C:\\Windows\\System32\\WindowsPowerShell\\v1.0\\powershell_ise.exe","ParentCommandLine":"\"C:\\Windows\\system32\\WindowsPowerShell\\v1.0\\PowerShell_ISE.exe\" ","ParentUser":"WIN10\\richard"}}
{"LogSource":"Microsoft-Windows-Sysmon/Operational","EventId":1,"TimeCreated":"2024-10-11T01:19:35.1713481-07:00","RecordId":173303,"MachineName":"Win10","EventData":{"RuleName":"-","UtcTime":"2024-10-11 08:19:35.169","ProcessGuid":"{53968da7-df97-6708-1a06-00000000fb00}","ProcessId":"2020","Image":"C:\\Program Files\\Mozilla Firefox\\firefox.exe","FileVersion":"131.0.2","Description":"Firefox","Product":"Firefox","Company":"Mozilla Corporation","OriginalFileName":"firefox.exe","CommandLine":"\"C:\\Program Files\\Mozilla Firefox\\firefox.exe\" -contentproc --channel=1636 -parentBuildID 20241008210941 -prefsHandle 1572 -prefMapHandle 1564 -prefsLen 30861 -prefMapSize 263055 -appDir \"C:\\Program Files\\Mozilla Firefox\\browser\" - {dd31b034-6093-4c22-8d23-8722fb0ae585} 7676 \"\\\\.\\pipe\\gecko-crash-server-pipe.7676\" 1 gpu","CurrentDirectory":"C:\\Windows\\system32\\","User":"WIN10\\richard","LogonGuid":"{53968da7-b202-6708-c295-020000000000}","LogonId":"0x295c2","TerminalSessionId":"1","IntegrityLevel":"Low","Hashes":"MD5=571814A7939D001662BBA7760BD0B187,SHA256=9725AFC685C8EE135701E140A83B94FE7D958360A1F546215F7EAFDFF5E53A83,IMPHASH=BB4CE52E8306F88C0B1DA570553704E4","ParentProcessGuid":"{53968da7-df96-6708-1906-00000000fb00}","ParentProcessId":"7676","ParentImage":"C:\\Program Files\\Mozilla Firefox\\firefox.exe","ParentCommandLine":"\"C:\\Program Files\\Mozilla Firefox\\firefox.exe\" https://www.spotify.com","ParentUser":"WIN10\\richard"}}
{"LogSource":"Microsoft-Windows-Sysmon/Operational","EventId":1,"TimeCreated":"2024-10-11T01:19:34.9970441-07:00","RecordId":173302,"MachineName":"Win10","EventData":{"RuleName":"-","UtcTime":"2024-10-11 08:19:34.995","ProcessGuid":"{53968da7-df96-6708-1906-00000000fb00}","ProcessId":"7676","Image":"C:\\Program Files\\Mozilla Firefox\\firefox.exe","FileVersion":"131.0.2","Description":"Firefox","Product":"Firefox","Company":"Mozilla Corporation","OriginalFileName":"firefox.exe","CommandLine":"\"C:\\Program Files\\Mozilla Firefox\\firefox.exe\" https://www.spotify.com","CurrentDirectory":"C:\\Windows\\system32\\","User":"WIN10\\richard","LogonGuid":"{53968da7-b202-6708-c295-020000000000}","LogonId":"0x295c2","TerminalSessionId":"1","IntegrityLevel":"Medium","Hashes":"MD5=571814A7939D001662BBA7760BD0B187,SHA256=9725AFC685C8EE135701E140A83B94FE7D958360A1F546215F7EAFDFF5E53A83,IMPHASH=BB4CE52E8306F88C0B1DA570553704E4","ParentProcessGuid":"{53968da7-df96-6708-1806-00000000fb00}","ParentProcessId":"6360","ParentImage":"C:\\Program Files\\Mozilla Firefox\\firefox.exe","ParentCommandLine":"\"C:\\Program Files\\Mozilla Firefox\\firefox.exe\" https://www.spotify.com --attempting-deelevation","ParentUser":"WIN10\\richard"}}
{"LogSource":"Microsoft-Windows-Sysmon/Operational","EventId":1,"TimeCreated":"2024-10-11T01:19:35.2441680-07:00","RecordId":173305,"MachineName":"Win10","EventData":{"RuleName":"-","UtcTime":"2024-10-11 08:19:35.242","ProcessGuid":"{53968da7-df97-6708-1c06-00000000fb00}","ProcessId":"8548","Image":"C:\\Program Files\\Mozilla Firefox\\firefox.exe","FileVersion":"131.0.2","Description":"Firefox","Product":"Firefox","Company":"Mozilla Corporation","OriginalFileName":"firefox.exe","CommandLine":"\"C:\\Program Files\\Mozilla Firefox\\firefox.exe\"","CurrentDirectory":"C:\\Windows\\system32\\","User":"WIN10\\richard","LogonGuid":"{53968da7-b202-6708-c295-020000000000}","LogonId":"0x295c2","TerminalSessionId":"1","IntegrityLevel":"Medium","Hashes":"MD5=571814A7939D001662BBA7760BD0B187,SHA256=9725AFC685C8EE135701E140A83B94FE7D958360A1F546215F7EAFDFF5E53A83,IMPHASH=BB4CE52E8306F88C0B1DA570553704E4","ParentProcessGuid":"{53968da7-df97-6708-1b06-00000000fb00}","ParentProcessId":"3020","ParentImage":"C:\\Program Files\\Mozilla Firefox\\firefox.exe","ParentCommandLine":"\"C:\\Program Files\\Mozilla Firefox\\firefox.exe\"","ParentUser":"WIN10\\richard"}}
{"LogSource":"Microsoft-Windows-Sysmon/Operational","EventId":1,"TimeCreated":"2024-10-11T01:19:35.2353089-07:00","RecordId":173304,"MachineName":"Win10","EventData":{"RuleName":"-","UtcTime":"2024-10-11 08:19:35.233","ProcessGuid":"{53968da7-df97-6708-1b06-00000000fb00}","ProcessId":"3020","Image":"C:\\Program Files\\Mozilla Firefox\\firefox.exe","FileVersion":"131.0.2","Description":"Firefox","Product":"Firefox","Company":"Mozilla Corporation","OriginalFileName":"firefox.exe","CommandLine":"\"C:\\Program Files\\Mozilla Firefox\\firefox.exe\"","CurrentDirectory":"C:\\Windows\\system32\\","User":"WIN10\\richard","LogonGuid":"{53968da7-b202-6708-c295-020000000000}","LogonId":"0x295c2","TerminalSessionId":"1","IntegrityLevel":"Medium","Hashes":"MD5=571814A7939D001662BBA7760BD0B187,SHA256=9725AFC685C8EE135701E140A83B94FE7D958360A1F546215F7EAFDFF5E53A83,IMPHASH=BB4CE52E8306F88C0B1DA570553704E4","ParentProcessGuid":"{53968da7-df96-6708-1906-00000000fb00}","ParentProcessId":"7676","ParentImage":"C:\\Program Files\\Mozilla Firefox\\firefox.exe","ParentCommandLine":"\"C:\\Program Files\\Mozilla Firefox\\firefox.exe\" https://www.spotify.com","ParentUser":"WIN10\\richard"}}
{"LogSource":"Microsoft-Windows-Sysmon/Operational","EventId":1,"TimeCreated":"2024-10-11T01:19:35.4673792-07:00","RecordId":173307,"MachineName":"Win10","EventData":{"RuleName":"-","UtcTime":"2024-10-11 08:19:35.465","ProcessGuid":"{53968da7-df97-6708-1e06-00000000fb00}","ProcessId":"8088","Image":"C:\\Program Files\\Mozilla Firefox\\firefox.exe","FileVersion":"131.0.2","Description":"Firefox","Product":"Firefox","Company":"Mozilla Corporation","OriginalFileName":"firefox.exe","CommandLine":"\"C:\\Program Files\\Mozilla Firefox\\firefox.exe\" -contentproc --channel=2352 -parentBuildID 20241008210941 -prefsHandle 2344 -prefMapHandle 2340 -prefsLen 30897 -prefMapSize 263055 -win32kLockedDown -appDir \"C:\\Program Files\\Mozilla Firefox\\browser\" - {4a45dce9-2039-45cd-850e-2b5e79a33d76} 8548 \"\\\\.\\pipe\\gecko-crash-server-pipe.8548\" 2 socket","CurrentDirectory":"C:\\Windows\\system32\\","User":"WIN10\\richard","LogonGuid":"{53968da7-b202-6708-c295-020000000000}","LogonId":"0x295c2","TerminalSessionId":"1","IntegrityLevel":"Low","Hashes":"MD5=571814A7939D001662BBA7760BD0B187,SHA256=9725AFC685C8EE135701E140A83B94FE7D958360A1F546215F7EAFDFF5E53A83,IMPHASH=BB4CE52E8306F88C0B1DA570553704E4","ParentProcessGuid":"{53968da7-df97-6708-1c06-00000000fb00}","ParentProcessId":"8548","ParentImage":"C:\\Program Files\\Mozilla Firefox\\firefox.exe","ParentCommandLine":"\"C:\\Program Files\\Mozilla Firefox\\firefox.exe\"","ParentUser":"WIN10\\richard"}}
{"LogSource":"Microsoft-Windows-Sysmon/Operational","EventId":1,"TimeCreated":"2024-10-11T01:19:35.4258997-07:00","RecordId":173306,"MachineName":"Win10","EventData":{"RuleName":"-","UtcTime":"2024-10-11 08:19:35.423","ProcessGuid":"{53968da7-df97-6708-1d06-00000000fb00}","ProcessId":"900","Image":"C:\\Program Files\\Mozilla Firefox\\firefox.exe","FileVersion":"131.0.2","Description":"Firefox","Product":"Firefox","Company":"Mozilla Corporation","OriginalFileName":"firefox.exe","CommandLine":"\"C:\\Program Files\\Mozilla Firefox\\firefox.exe\" -contentproc --channel=1912 -parentBuildID 20241008210941 -prefsHandle 1840 -prefMapHandle 1832 -prefsLen 30861 -prefMapSize 263055 -appDir \"C:\\Program Files\\Mozilla Firefox\\browser\" - {392562c1-cb6a-4e44-8a7b-80a52f5bfaea} 8548 \"\\\\.\\pipe\\gecko-crash-server-pipe.8548\" 1 gpu","CurrentDirectory":"C:\\Windows\\system32\\","User":"WIN10\\richard","LogonGuid":"{53968da7-b202-6708-c295-020000000000}","LogonId":"0x295c2","TerminalSessionId":"1","IntegrityLevel":"Low","Hashes":"MD5=571814A7939D001662BBA7760BD0B187,SHA256=9725AFC685C8EE135701E140A83B94FE7D958360A1F546215F7EAFDFF5E53A83,IMPHASH=BB4CE52E8306F88C0B1DA570553704E4","ParentProcessGuid":"{53968da7-df97-6708-1c06-00000000fb00}","ParentProcessId":"8548","ParentImage":"C:\\Program Files\\Mozilla Firefox\\firefox.exe","ParentCommandLine":"\"C:\\Program Files\\Mozilla Firefox\\firefox.exe\"","ParentUser":"WIN10\\richard"}}
{"LogSource":"Microsoft-Windows-Sysmon/Operational","EventId":22,"TimeCreated":"2024-10-11T01:20:36.7341673-07:00","RecordId":173309,"MachineName":"Win10","EventData":{"RuleName":"-","UtcTime":"2024-10-11 08:20:34.495","ProcessGuid":"{53968da7-df97-6708-1c06-00000000fb00}","ProcessId":"8548","QueryName":"prod.detectportal.prod.cloudops.mozgcp.net","QueryStatus":"0","QueryResults":"34.107.221.82;","Image":"C:\\Program Files\\Mozilla Firefox\\firefox.exe","User":"WIN10\\richard"}}
{"LogSource":"Microsoft-Windows-Sysmon/Operational","EventId":22,"TimeCreated":"2024-10-11T01:20:36.7342830-07:00","RecordId":173310,"MachineName":"Win10","EventData":{"RuleName":"-","UtcTime":"2024-10-11 08:20:34.500","ProcessGuid":"{53968da7-df97-6708-1c06-00000000fb00}","ProcessId":"8548","QueryName":"prod.detectportal.prod.cloudops.mozgcp.net","QueryStatus":"0","QueryResults":"2600:1901:0:38d7::;","Image":"C:\\Program Files\\Mozilla Firefox\\firefox.exe","User":"WIN10\\richard"}}
{"LogSource":"Microsoft-Windows-Sysmon/Operational","EventId":22,"TimeCreated":"2024-10-11T01:20:36.7344216-07:00","RecordId":173311,"MachineName":"Win10","EventData":{"RuleName":"-","UtcTime":"2024-10-11 08:20:34.500","ProcessGuid":"{53968da7-df97-6708-1c06-00000000fb00}","ProcessId":"8548","QueryName":"private.canadianshield.cira.ca","QueryStatus":"0","QueryResults":"2620:10a:80bb::10;2620:10a:80bc::10;::ffff:149.112.122.10;::ffff:149.112.121.10;","Image":"C:\\Program Files\\Mozilla Firefox\\firefox.exe","User":"WIN10\\richard"}}
{"LogSource":"Microsoft-Windows-Sysmon/Operational","EventId":22,"TimeCreated":"2024-10-11T01:20:36.7339919-07:00","RecordId":173308,"MachineName":"Win10","EventData":{"RuleName":"-","UtcTime":"2024-10-11 08:20:34.488","ProcessGuid":"{53968da7-df97-6708-1c06-00000000fb00}","ProcessId":"8548","QueryName":"detectportal.firefox.com","QueryStatus":"0","QueryResults":"type:  5 detectportal.prod.mozaws.net;type:  5 prod.detectportal.prod.cloudops.mozgcp.net;2600:1901:0:38d7::;::ffff:34.107.221.82;","Image":"C:\\Program Files\\Mozilla Firefox\\firefox.exe","User":"WIN10\\richard"}}
{"LogSource":"Microsoft-Windows-Sysmon/Operational","EventId":22,"TimeCreated":"2024-10-11T01:20:36.7347334-07:00","RecordId":173312,"MachineName":"Win10","EventData":{"RuleName":"-","UtcTime":"2024-10-11 08:20:34.501","ProcessGuid":"{53968da7-df97-6708-1c06-00000000fb00}","ProcessId":"8548","QueryName":"private.canadianshield.cira.ca","QueryStatus":"0","QueryResults":"149.112.121.10;149.112.122.10;","Image":"C:\\Program Files\\Mozilla Firefox\\firefox.exe","User":"WIN10\\richard"}}
