{"LogSource":"Microsoft-Windows-Sysmon/Operational","EventId":1,"TimeCreated":"2024-10-10T22:59:45.9021000-07:00","RecordId":171421,"MachineName":"Win10","EventData":{"RuleName":"-","UtcTime":"2024-10-11 05:59:45.899","ProcessGuid":"{53968da7-bed1-6708-9301-00000000fb00}","ProcessId":"4384","Image":"C:\\Windows\\System32\\notepad.exe","FileVersion":"10.0.19041.4355 (WinBuild.160101.0800)","Description":"Notepad","Product":"Microsoft® Windows® Operating System","Company":"Microsoft Corporation","OriginalFileName":"NOTEPAD.EXE","CommandLine":"\"C:\\Windows\\system32\\notepad.exe\" ","CurrentDirectory":"C:\\Windows\\system32\\","User":"WIN10\\richard","LogonGuid":"{53968da7-b202-6708-7195-020000000000}","LogonId":"0x29571","TerminalSessionId":"1","IntegrityLevel":"High","Hashes":"MD5=BD33AA772F4751C5A79F94636088774E,SHA256=C286747D319818C1205FD487040840353C5F4542FAFFDABAE9131481BDFEB92A,IMPHASH=09ED737A03DB7295BF734A9953F6EB5E","ParentProcessGuid":"{53968da7-be30-6708-5201-00000000fb00}","ParentProcessId":"6876","ParentImage":"C:\\Windows\\System32\\WindowsPowerShell\\v1.0\\powershell_ise.exe","ParentCommandLine":"\"C:\\Windows\\system32\\WindowsPowerShell\\v1.0\\PowerShell_ISE.exe\" ","ParentUser":"WIN10\\richard"}}
{"LogSource":"Microsoft-Windows-Sysmon/Operational","EventId":1,"TimeCreated":"2024-10-10T23:01:14.0681404-07:00","RecordId":171422,"MachineName":"Win10","EventData":{"RuleName":"-","UtcTime":"2024-10-11 06:01:14.033","ProcessGuid":"{53968da7-bf2a-6708-9401-00000000fb00}","ProcessId":"7844","Image":"C:\\Windows\\System32\\WindowsPowerShell\\v1.0\\powershell.exe","FileVersion":"10.0.19041.3996 (WinBuild.160101.0800)","Description":"Windows PowerShell","Product":"Microsoft® Windows® Operating System","Company":"Microsoft Corporation","OriginalFileName":"PowerShell.EXE","CommandLine":"\"C:\\Windows\\System32\\WindowsPowerShell\\v1.0\\powershell.exe\" ","CurrentDirectory":"C:\\Windows\\system32\\","User":"WIN10\\richard","LogonGuid":"{53968da7-b202-6708-7195-020000000000}","LogonId":"0x29571","TerminalSessionId":"1","IntegrityLevel":"High","Hashes":"MD5=2E5A8590CF6848968FC23DE3FA1E25F1,SHA256=9785001B0DCF755EDDB8AF294A373C0B87B2498660F724E76C4D53F9C217C7A3,IMPHASH=3D08F4848535206D772DE145804FF4B6","ParentProcessGuid":"{53968da7-be30-6708-5201-00000000fb00}","ParentProcessId":"6876","ParentImage":"C:\\Windows\\System32\\WindowsPowerShell\\v1.0\\powershell_ise.exe","ParentCommandLine":"\"C:\\Windows\\system32\\WindowsPowerShell\\v1.0\\PowerShell_ISE.exe\" ","ParentUser":"WIN10\\richard"}}
{"LogSource":"Microsoft-Windows-Sysmon/Operational","EventId":11,"TimeCreated":"2024-10-10T23:01:14.2805417-07:00","RecordId":171423,"MachineName":"Win10","EventData":{"RuleName":"-","UtcTime":"2024-10-11 06:01:14.271","ProcessGuid":"{53968da7-bf2a-6708-9401-00000000fb00}","ProcessId":"7844","Image":"C:\\Windows\\System32\\WindowsPowerShell\\v1.0\\powershell.exe","TargetFilename":"C:\\Users\\richard\\AppData\\Local\\Temp\\__PSScriptPolicyTest_irchun0s.zkc.ps1","CreationUtcTime":"2024-10-11 06:01:14.271","User":"WIN10\\richard"}}
{"LogSource":"Microsoft-Windows-Sysmon/Operational","EventId":1,"TimeCreated":"2024-10-10T23:03:32.1932397-07:00","RecordId":171424,"MachineName":"Win10","EventData":{"RuleName":"-","UtcTime":"2024-10-11 06:03:32.167","ProcessGuid":"{53968da7-bfb4-6708-9601-00000000fb00}","ProcessId":"1540","Image":"C:\\Windows\\System32\\control.exe","FileVersion":"10.0.19041.4355 (WinBuild.160101.0800)","Description":"Windows Control Panel","Product":"Microsoft® Windows® Operating System","Company":"Microsoft Corporation","OriginalFileName":"CONTROL.EXE","CommandLine":"\"C:\\Windows\\system32\\control.exe\" ","CurrentDirectory":"C:\\Windows\\system32\\","User":"WIN10\\richard","LogonGuid":"{53968da7-b202-6708-7195-020000000000}","LogonId":"0x29571","TerminalSessionId":"1","IntegrityLevel":"High","Hashes":"MD5=8132AE658079C0CACCF3D25ECFFA4ADC,SHA256=23DC40444364DE9E911579A301CF91BE3174045234713601F8E85A983AFC1107,IMPHASH=ED7ECF5DCE55D515F7FE036FCAEBFF1A","ParentProcessGuid":"{53968da7-be30-6708-5201-00000000fb00}","ParentProcessId":"6876","ParentImage":"C:\\Windows\\System32\\WindowsPowerShell\\v1.0\\powershell_ise.exe","ParentCommandLine":"\"C:\\Windows\\system32\\WindowsPowerShell\\v1.0\\PowerShell_ISE.exe\" ","ParentUser":"WIN10\\richard"}}
{"LogSource":"Microsoft-Windows-Sysmon/Operational","EventId":1,"TimeCreated":"2024-10-10T23:03:32.6079859-07:00","RecordId":171426,"MachineName":"Win10","EventData":{"RuleName":"-","UtcTime":"2024-10-11 06:03:32.604","ProcessGuid":"{53968da7-bfb4-6708-9801-00000000fb00}","ProcessId":"7720","Image":"C:\\Windows\\SysWOW64\\dllhost.exe","FileVersion":"10.0.19041.3636 (WinBuild.160101.0800)","Description":"COM Surrogate","Product":"Microsoft® Windows® Operating System","Company":"Microsoft Corporation","OriginalFileName":"dllhost.exe","CommandLine":"C:\\Windows\\SysWOW64\\DllHost.exe /Processid:{06622D85-6856-4460-8DE1-A81921B41C4B}","CurrentDirectory":"C:\\Windows\\system32\\","User":"WIN10\\richard","LogonGuid":"{53968da7-b202-6708-c295-020000000000}","LogonId":"0x295c2","TerminalSessionId":"1","IntegrityLevel":"Medium","Hashes":"MD5=61DF0FA6EF720DDB2C284349D848599F,SHA256=6947EC4CADE9C3F410AAFB1D30D9664F6CBDA797C983A1BC7A682006BB08A466,IMPHASH=B6A6C5247EFBD2610E3DEA44649D7041","ParentProcessGuid":"{53968da7-b200-6708-0d00-00000000fb00}","ParentProcessId":"884","ParentImage":"C:\\Windows\\System32\\svchost.exe","ParentCommandLine":"C:\\Windows\\system32\\svchost.exe -k DcomLaunch -p","ParentUser":"NT AUTHORITY\\SYSTEM"}}
{"LogSource":"Microsoft-Windows-Sysmon/Operational","EventId":1,"TimeCreated":"2024-10-10T23:03:32.2609289-07:00","RecordId":171425,"MachineName":"Win10","EventData":{"RuleName":"-","UtcTime":"2024-10-11 06:03:32.258","ProcessGuid":"{53968da7-bfb4-6708-9701-00000000fb00}","ProcessId":"8544","Image":"C:\\Windows\\explorer.exe","FileVersion":"10.0.19041.4957 (WinBuild.160101.0800)","Description":"Windows Explorer","Product":"Microsoft® Windows® Operating System","Company":"Microsoft Corporation","OriginalFileName":"EXPLORER.EXE","CommandLine":"C:\\Windows\\explorer.exe /factory,{5BD95610-9434-43C2-886C-57852CC8A120} -Embedding","CurrentDirectory":"C:\\Windows\\system32\\","User":"WIN10\\richard","LogonGuid":"{53968da7-b202-6708-c295-020000000000}","LogonId":"0x295c2","TerminalSessionId":"1","IntegrityLevel":"Medium","Hashes":"MD5=F1846BB7F670919E97C2196F5EB6FAA6,SHA256=B25EEC93B5321286E93B749EFDD41C8BAE7E0FF51F15576391C475F90B84A79C,IMPHASH=E920B289433516FD504D5C5DEE4AF8C8","ParentProcessGuid":"{53968da7-b200-6708-0d00-00000000fb00}","ParentProcessId":"884","ParentImage":"C:\\Windows\\System32\\svchost.exe","ParentCommandLine":"C:\\Windows\\system32\\svchost.exe -k DcomLaunch -p","ParentUser":"NT AUTHORITY\\SYSTEM"}}
{"LogSource":"Microsoft-Windows-Sysmon/Operational","EventId":1,"TimeCreated":"2024-10-10T23:03:34.3515926-07:00","RecordId":171427,"MachineName":"Win10","EventData":{"RuleName":"-","UtcTime":"2024-10-11 06:03:34.325","ProcessGuid":"{53968da7-bfb6-6708-9901-00000000fb00}","ProcessId":"8728","Image":"C:\\Program Files\\Windows NT\\Accessories\\wordpad.exe","FileVersion":"10.0.19041.5007 (WinBuild.160101.0800)","Description":"Windows Wordpad Application","Product":"Microsoft® Windows® Operating System","Company":"Microsoft Corporation","OriginalFileName":"WORDPAD.EXE","CommandLine":"\"C:\\Program Files\\Windows NT\\Accessories\\wordpad.exe\" ","CurrentDirectory":"C:\\Windows\\system32\\","User":"WIN10\\richard","LogonGuid":"{53968da7-b202-6708-7195-020000000000}","LogonId":"0x29571","TerminalSessionId":"1","IntegrityLevel":"High","Hashes":"MD5=09B94F3F82679DAD1EB15827655D4754,SHA256=C91594A4539B971A59EC301154114F21D0FC86ECA43AE064FD4DA56D4856C009,IMPHASH=9315BEF4B5484B572936D208E8B654A0","ParentProcessGuid":"{53968da7-be30-6708-5201-00000000fb00}","ParentProcessId":"6876","ParentImage":"C:\\Windows\\System32\\WindowsPowerShell\\v1.0\\powershell_ise.exe","ParentCommandLine":"\"C:\\Windows\\system32\\WindowsPowerShell\\v1.0\\PowerShell_ISE.exe\" ","ParentUser":"WIN10\\richard"}}
{"LogSource":"Microsoft-Windows-Sysmon/Operational","EventId":1,"TimeCreated":"2024-10-10T23:03:34.7495433-07:00","RecordId":171428,"MachineName":"Win10","EventData":{"RuleName":"-","UtcTime":"2024-10-11 06:03:34.747","ProcessGuid":"{53968da7-bfb6-6708-9a01-00000000fb00}","ProcessId":"5800","Image":"C:\\Windows\\System32\\svchost.exe","FileVersion":"10.0.19041.4355 (WinBuild.160101.0800)","Description":"Host Process for Windows Services","Product":"Microsoft® Windows® Operating System","Company":"Microsoft Corporation","OriginalFileName":"svchost.exe","CommandLine":"C:\\Windows\\system32\\svchost.exe -k PrintWorkflow","CurrentDirectory":"C:\\Windows\\system32\\","User":"WIN10\\richard","LogonGuid":"{53968da7-b202-6708-c295-020000000000}","LogonId":"0x295c2","TerminalSessionId":"1","IntegrityLevel":"Medium","Hashes":"MD5=7469CC568AD6821FD9D925542730A7D8,SHA256=6FC3BF1FDFD76860BE782554F8D25BD32F108DB934D70F4253F1E5F23522E503,IMPHASH=F9BBD96FAE53B7A31264A703CAFA0666","ParentProcessGuid":"{53968da7-b1ff-6708-0b00-00000000fb00}","ParentProcessId":"740","ParentImage":"C:\\Windows\\System32\\services.exe","ParentCommandLine":"C:\\Windows\\system32\\services.exe","ParentUser":"NT AUTHORITY\\SYSTEM"}}
{"LogSource":"Microsoft-Windows-Sysmon/Operational","EventId":1,"TimeCreated":"2024-10-10T23:04:14.5307451-07:00","RecordId":171429,"MachineName":"Win10","EventData":{"RuleName":"-","UtcTime":"2024-10-11 06:04:14.528","ProcessGuid":"{53968da7-bfde-6708-9b01-00000000fb00}","ProcessId":"1764","Image":"C:\\Program Files (x86)\\Google\\GoogleUpdater\\130.0.6679.0\\updater.exe","FileVersion":"130.0.6679.0","Description":"Google Updater","Product":"Google Updater","Company":"Google LLC","OriginalFileName":"updater.exe","CommandLine":"\"C:\\Program Files (x86)\\Google\\GoogleUpdater\\130.0.6679.0\\updater.exe\" --wake --system","CurrentDirectory":"C:\\Windows\\system32\\","User":"NT AUTHORITY\\SYSTEM","LogonGuid":"{53968da7-b200-6708-e703-000000000000}","LogonId":"0x3e7","TerminalSessionId":"0","IntegrityLevel":"System","Hashes":"MD5=C583E91DDEE7C0E8AC2A3D3AACAD2F4C,SHA256=7F67129760223E5DDF31219F0B2E247555FBAC85F4B6F933212AC091A21DEBF9,IMPHASH=20AB254B36A04EA3556F60145D061FED","ParentProcessGuid":"{53968da7-b200-6708-1100-00000000fb00}","ParentProcessId":"492","ParentImage":"C:\\Windows\\System32\\svchost.exe","ParentCommandLine":"C:\\Windows\\system32\\svchost.exe -k netsvcs -p","ParentUser":"NT AUTHORITY\\SYSTEM"}}
{"LogSource":"Microsoft-Windows-Sysmon/Operational","EventId":1,"TimeCreated":"2024-10-10T23:04:14.5773886-07:00","RecordId":171431,"MachineName":"Win10","EventData":{"RuleName":"-","UtcTime":"2024-10-11 06:04:14.575","ProcessGuid":"{53968da7-bfde-6708-9d01-00000000fb00}","ProcessId":"3936","Image":"C:\\Program Files (x86)\\Google\\GoogleUpdater\\130.0.6679.0\\updater.exe","FileVersion":"130.0.6679.0","Description":"Google Updater","Product":"Google Updater","Company":"Google LLC","OriginalFileName":"updater.exe","CommandLine":"\"C:\\Program Files (x86)\\Google\\GoogleUpdater\\130.0.6679.0\\updater.exe\" --system --windows-service --service=update-internal","CurrentDirectory":"C:\\Windows\\system32\\","User":"NT AUTHORITY\\SYSTEM","LogonGuid":"{53968da7-b200-6708-e703-000000000000}","LogonId":"0x3e7","TerminalSessionId":"0","IntegrityLevel":"System","Hashes":"MD5=C583E91DDEE7C0E8AC2A3D3AACAD2F4C,SHA256=7F67129760223E5DDF31219F0B2E247555FBAC85F4B6F933212AC091A21DEBF9,IMPHASH=20AB254B36A04EA3556F60145D061FED","ParentProcessGuid":"{53968da7-b1ff-6708-0b00-00000000fb00}","ParentProcessId":"740","ParentImage":"C:\\Windows\\System32\\services.exe","ParentCommandLine":"C:\\Windows\\system32\\services.exe","ParentUser":"NT AUTHORITY\\SYSTEM"}}
{"LogSource":"Microsoft-Windows-Sysmon/Operational","EventId":1,"TimeCreated":"2024-10-10T23:04:14.5505558-07:00","RecordId":171430,"MachineName":"Win10","EventData":{"RuleName":"-","UtcTime":"2024-10-11 06:04:14.548","ProcessGuid":"{53968da7-bfde-6708-9c01-00000000fb00}","ProcessId":"1712","Image":"C:\\Program Files (x86)\\Google\\GoogleUpdater\\130.0.6679.0\\updater.exe","FileVersion":"130.0.6679.0","Description":"Google Updater","Product":"Google Updater","Company":"Google LLC","OriginalFileName":"updater.exe","CommandLine":"\"C:\\Program Files (x86)\\Google\\GoogleUpdater\\130.0.6679.0\\updater.exe\" --crash-handler --system \"--database=C:\\Program Files (x86)\\Google\\GoogleUpdater\\130.0.6679.0\\Crashpad\" --url=https://clients2.google.com/cr/report --annotation=prod=Update4 --annotation=ver=130.0.6679.0 \"--attachment=C:\\Program Files (x86)\\Google\\GoogleUpdater\\updater.log\" --initial-client-data=0x2a4,0x2a8,0x2ac,0x280,0x2b0,0xdaa6cc,0xdaa6d8,0xdaa6e4","CurrentDirectory":"C:\\Windows\\system32\\","User":"NT AUTHORITY\\SYSTEM","LogonGuid":"{53968da7-b200-6708-e703-000000000000}","LogonId":"0x3e7","TerminalSessionId":"0","IntegrityLevel":"System","Hashes":"MD5=C583E91DDEE7C0E8AC2A3D3AACAD2F4C,SHA256=7F67129760223E5DDF31219F0B2E247555FBAC85F4B6F933212AC091A21DEBF9,IMPHASH=20AB254B36A04EA3556F60145D061FED","ParentProcessGuid":"{53968da7-bfde-6708-9b01-00000000fb00}","ParentProcessId":"1764","ParentImage":"C:\\Program Files (x86)\\Google\\GoogleUpdater\\130.0.6679.0\\updater.exe","ParentCommandLine":"\"C:\\Program Files (x86)\\Google\\GoogleUpdater\\130.0.6679.0\\updater.exe\" --wake --system","ParentUser":"NT AUTHORITY\\SYSTEM"}}
{"LogSource":"Microsoft-Windows-Sysmon/Operational","EventId":1,"TimeCreated":"2024-10-10T23:04:14.5965213-07:00","RecordId":171432,"MachineName":"Win10","EventData":{"RuleName":"-","UtcTime":"2024-10-11 06:04:14.594","ProcessGuid":"{53968da7-bfde-6708-9e01-00000000fb00}","ProcessId":"8432","Image":"C:\\Program Files (x86)\\Google\\GoogleUpdater\\130.0.6679.0\\updater.exe","FileVersion":"130.0.6679.0","Description":"Google Updater","Product":"Google Updater","Company":"Google LLC","OriginalFileName":"updater.exe","CommandLine":"\"C:\\Program Files (x86)\\Google\\GoogleUpdater\\130.0.6679.0\\updater.exe\" --crash-handler --system \"--database=C:\\Program Files (x86)\\Google\\GoogleUpdater\\130.0.6679.0\\Crashpad\" --url=https://clients2.google.com/cr/report --annotation=prod=Update4 --annotation=ver=130.0.6679.0 \"--attachment=C:\\Program Files (x86)\\Google\\GoogleUpdater\\updater.log\" --initial-client-data=0x29c,0x2a0,0x2a4,0x278,0x2a8,0xdaa6cc,0xdaa6d8,0xdaa6e4","CurrentDirectory":"C:\\Windows\\system32\\","User":"NT AUTHORITY\\SYSTEM","LogonGuid":"{53968da7-b200-6708-e703-000000000000}","LogonId":"0x3e7","TerminalSessionId":"0","IntegrityLevel":"System","Hashes":"MD5=C583E91DDEE7C0E8AC2A3D3AACAD2F4C,SHA256=7F67129760223E5DDF31219F0B2E247555FBAC85F4B6F933212AC091A21DEBF9,IMPHASH=20AB254B36A04EA3556F60145D061FED","ParentProcessGuid":"{53968da7-bfde-6708-9d01-00000000fb00}","ParentProcessId":"3936","ParentImage":"C:\\Program Files (x86)\\Google\\GoogleUpdater\\130.0.6679.0\\updater.exe","ParentCommandLine":"\"C:\\Program Files (x86)\\Google\\GoogleUpdater\\130.0.6679.0\\updater.exe\" --system --windows-service --service=update-internal","ParentUser":"NT AUTHORITY\\SYSTEM"}}
{"LogSource":"Microsoft-Windows-Sysmon/Operational","EventId":1,"TimeCreated":"2024-10-10T23:04:14.6385359-07:00","RecordId":171433,"MachineName":"Win10","EventData":{"RuleName":"-","UtcTime":"2024-10-11 06:04:14.637","ProcessGuid":"{53968da7-bfde-6708-9f01-00000000fb00}","ProcessId":"4032","Image":"C:\\Program Files (x86)\\Google\\GoogleUpdater\\130.0.6679.0\\updater.exe","FileVersion":"130.0.6679.0","Description":"Google Updater","Product":"Google Updater","Company":"Google LLC","OriginalFileName":"updater.exe","CommandLine":"\"C:\\Program Files (x86)\\Google\\GoogleUpdater\\130.0.6679.0\\updater.exe\" --system --windows-service --service=update","CurrentDirectory":"C:\\Windows\\system32\\","User":"NT AUTHORITY\\SYSTEM","LogonGuid":"{53968da7-b200-6708-e703-000000000000}","LogonId":"0x3e7","TerminalSessionId":"0","IntegrityLevel":"System","Hashes":"MD5=C583E91DDEE7C0E8AC2A3D3AACAD2F4C,SHA256=7F67129760223E5DDF31219F0B2E247555FBAC85F4B6F933212AC091A21DEBF9,IMPHASH=20AB254B36A04EA3556F60145D061FED","ParentProcessGuid":"{53968da7-b1ff-6708-0b00-00000000fb00}","ParentProcessId":"740","ParentImage":"C:\\Windows\\System32\\services.exe","ParentCommandLine":"C:\\Windows\\system32\\services.exe","ParentUser":"NT AUTHORITY\\SYSTEM"}}
{"LogSource":"Microsoft-Windows-Sysmon/Operational","EventId":1,"TimeCreated":"2024-10-10T23:04:14.6572193-07:00","RecordId":171434,"MachineName":"Win10","EventData":{"RuleName":"-","UtcTime":"2024-10-11 06:04:14.655","ProcessGuid":"{53968da7-bfde-6708-a001-00000000fb00}","ProcessId":"6448","Image":"C:\\Program Files (x86)\\Google\\GoogleUpdater\\130.0.6679.0\\updater.exe","FileVersion":"130.0.6679.0","Description":"Google Updater","Product":"Google Updater","Company":"Google LLC","OriginalFileName":"updater.exe","CommandLine":"\"C:\\Program Files (x86)\\Google\\GoogleUpdater\\130.0.6679.0\\updater.exe\" --crash-handler --system \"--database=C:\\Program Files (x86)\\Google\\GoogleUpdater\\130.0.6679.0\\Crashpad\" --url=https://clients2.google.com/cr/report --annotation=prod=Update4 --annotation=ver=130.0.6679.0 \"--attachment=C:\\Program Files (x86)\\Google\\GoogleUpdater\\updater.log\" --initial-client-data=0x29c,0x2a0,0x2a4,0x278,0x2a8,0xdaa6cc,0xdaa6d8,0xdaa6e4","CurrentDirectory":"C:\\Windows\\system32\\","User":"NT AUTHORITY\\SYSTEM","LogonGuid":"{53968da7-b200-6708-e703-000000000000}","LogonId":"0x3e7","TerminalSessionId":"0","IntegrityLevel":"System","Hashes":"MD5=C583E91DDEE7C0E8AC2A3D3AACAD2F4C,SHA256=7F67129760223E5DDF31219F0B2E247555FBAC85F4B6F933212AC091A21DEBF9,IMPHASH=20AB254B36A04EA3556F60145D061FED","ParentProcessGuid":"{53968da7-bfde-6708-9f01-00000000fb00}","ParentProcessId":"4032","ParentImage":"C:\\Program Files (x86)\\Google\\GoogleUpdater\\130.0.6679.0\\updater.exe","ParentCommandLine":"\"C:\\Program Files (x86)\\Google\\GoogleUpdater\\130.0.6679.0\\updater.exe\" --system --windows-service --service=update","ParentUser":"NT AUTHORITY\\SYSTEM"}}
{"LogSource":"Microsoft-Windows-Sysmon/Operational","EventId":1,"TimeCreated":"2024-10-10T23:05:20.4592066-07:00","RecordId":171435,"MachineName":"Win10","EventData":{"RuleName":"-","UtcTime":"2024-10-11 06:05:20.457","ProcessGuid":"{53968da7-c020-6708-a201-00000000fb00}","ProcessId":"6484","Image":"C:\\Program Files\\Google\\Chrome\\Application\\chrome.exe","FileVersion":"129.0.6668.100","Description":"Google Chrome","Product":"Google Chrome","Company":"Google LLC","OriginalFileName":"chrome.exe","CommandLine":"\"C:\\Program Files\\Google\\Chrome\\Application\\chrome.exe\" https://www.forbes.com ","CurrentDirectory":"C:\\Windows\\system32\\","User":"WIN10\\richard","LogonGuid":"{53968da7-b202-6708-7195-020000000000}","LogonId":"0x29571","TerminalSessionId":"1","IntegrityLevel":"High","Hashes":"MD5=47679449E8A738D8B1849668622E7C9E,SHA256=2D2A32CBCCED69610445D92965CA710EF2DA89C3788EBB98FF8612EBFFAC917B,IMPHASH=8AA69BFB46216FA413519FB53924B2F9","ParentProcessGuid":"{53968da7-be30-6708-5201-00000000fb00}","ParentProcessId":"6876","ParentImage":"C:\\Windows\\System32\\WindowsPowerShell\\v1.0\\powershell_ise.exe","ParentCommandLine":"\"C:\\Windows\\system32\\WindowsPowerShell\\v1.0\\PowerShell_ISE.exe\" ","ParentUser":"WIN10\\richard"}}
{"LogSource":"Microsoft-Windows-Sysmon/Operational","EventId":1,"TimeCreated":"2024-10-10T23:05:20.6189334-07:00","RecordId":171436,"MachineName":"Win10","EventData":{"RuleName":"-","UtcTime":"2024-10-11 06:05:20.615","ProcessGuid":"{53968da7-c020-6708-a601-00000000fb00}","ProcessId":"3296","Image":"C:\\Program Files\\Google\\Chrome\\Application\\129.0.6668.100\\elevation_service.exe","FileVersion":"129.0.6668.100","Description":"Google Chrome","Product":"Google Chrome","Company":"Google LLC","OriginalFileName":"elevation_service.exe","CommandLine":"\"C:\\Program Files\\Google\\Chrome\\Application\\129.0.6668.100\\elevation_service.exe\"","CurrentDirectory":"C:\\Windows\\system32\\","User":"NT AUTHORITY\\SYSTEM","LogonGuid":"{53968da7-b200-6708-e703-000000000000}","LogonId":"0x3e7","TerminalSessionId":"0","IntegrityLevel":"System","Hashes":"MD5=472B2328D62FEC7E774166FD75C18FF6,SHA256=56291421DA56A296F3F0AEF18CA0FB3C0925779EEE7B4734A07A24E59348D9CE,IMPHASH=E2CE387C73E135211A0D2FF087A2F9F3","ParentProcessGuid":"{53968da7-b1ff-6708-0b00-00000000fb00}","ParentProcessId":"740","ParentImage":"C:\\Windows\\System32\\services.exe","ParentCommandLine":"C:\\Windows\\system32\\services.exe","ParentUser":"NT AUTHORITY\\SYSTEM"}}
{"LogSource":"Microsoft-Windows-Sysmon/Operational","EventId":1,"TimeCreated":"2024-10-10T23:05:21.8736454-07:00","RecordId":171437,"MachineName":"Win10","EventData":{"RuleName":"-","UtcTime":"2024-10-11 06:05:21.870","ProcessGuid":"{53968da7-c021-6708-b101-00000000fb00}","ProcessId":"7816","Image":"C:\\Windows\\System32\\svchost.exe","FileVersion":"10.0.19041.4355 (WinBuild.160101.0800)","Description":"Host Process for Windows Services","Product":"Microsoft® Windows® Operating System","Company":"Microsoft Corporation","OriginalFileName":"svchost.exe","CommandLine":"C:\\Windows\\system32\\svchost.exe -k wsappx -p","CurrentDirectory":"C:\\Windows\\system32\\","User":"NT AUTHORITY\\SYSTEM","LogonGuid":"{53968da7-b200-6708-e703-000000000000}","LogonId":"0x3e7","TerminalSessionId":"0","IntegrityLevel":"System","Hashes":"MD5=7469CC568AD6821FD9D925542730A7D8,SHA256=6FC3BF1FDFD76860BE782554F8D25BD32F108DB934D70F4253F1E5F23522E503,IMPHASH=F9BBD96FAE53B7A31264A703CAFA0666","ParentProcessGuid":"{53968da7-b1ff-6708-0b00-00000000fb00}","ParentProcessId":"740","ParentImage":"C:\\Windows\\System32\\services.exe","ParentCommandLine":"C:\\Windows\\system32\\services.exe","ParentUser":"NT AUTHORITY\\SYSTEM"}}
{"LogSource":"Microsoft-Windows-Sysmon/Operational","EventId":22,"TimeCreated":"2024-10-10T23:05:22.7381178-07:00","RecordId":171438,"MachineName":"Win10","EventData":{"RuleName":"-","UtcTime":"2024-10-11 06:05:19.696","ProcessGuid":"{53968da7-c020-6708-a501-00000000fb00}","ProcessId":"2008","QueryName":"wpad","QueryStatus":"9003","QueryResults":"-","Image":"C:\\Program Files\\Google\\Chrome\\Application\\chrome.exe","User":"WIN10\\richard"}}
{"LogSource":"Microsoft-Windows-Sysmon/Operational","EventId":22,"TimeCreated":"2024-10-10T23:05:22.7390100-07:00","RecordId":171439,"MachineName":"Win10","EventData":{"RuleName":"-","UtcTime":"2024-10-11 06:05:19.696","ProcessGuid":"{53968da7-c020-6708-a501-00000000fb00}","ProcessId":"2008","QueryName":"wpad","QueryStatus":"9003","QueryResults":"-","Image":"C:\\Program Files\\Google\\Chrome\\Application\\chrome.exe","User":"WIN10\\richard"}}
{"LogSource":"Microsoft-Windows-Sysmon/Operational","EventId":22,"TimeCreated":"2024-10-10T23:05:22.7406182-07:00","RecordId":171440,"MachineName":"Win10","EventData":{"RuleName":"-","UtcTime":"2024-10-11 06:05:19.701","ProcessGuid":"{53968da7-c020-6708-a501-00000000fb00}","ProcessId":"2008","QueryName":"wpad","QueryStatus":"9003","QueryResults":"-","Image":"C:\\Program Files\\Google\\Chrome\\Application\\chrome.exe","User":"WIN10\\richard"}}
{"LogSource":"Microsoft-Windows-Sysmon/Operational","EventId":22,"TimeCreated":"2024-10-10T23:05:29.9711366-07:00","RecordId":171441,"MachineName":"Win10","EventData":{"RuleName":"-","UtcTime":"2024-10-11 06:05:27.719","ProcessGuid":"{53968da7-c020-6708-a501-00000000fb00}","ProcessId":"2008","QueryName":"wpad","QueryStatus":"9003","QueryResults":"-","Image":"C:\\Program Files\\Google\\Chrome\\Application\\chrome.exe","User":"WIN10\\richard"}}
{"LogSource":"Microsoft-Windows-Sysmon/Operational","EventId":1,"TimeCreated":"2024-10-10T23:05:54.5757466-07:00","RecordId":171442,"MachineName":"Win10","EventData":{"RuleName":"-","UtcTime":"2024-10-11 06:05:54.573","ProcessGuid":"{53968da7-c042-6708-bf01-00000000fb00}","ProcessId":"8084","Image":"C:\\Windows\\System32\\write.exe","FileVersion":"10.0.19041.1 (WinBuild.160101.0800)","Description":"Windows Write","Product":"Microsoft® Windows® Operating System","Company":"Microsoft Corporation","OriginalFileName":"write","CommandLine":"\"C:\\Windows\\system32\\write.exe\" ","CurrentDirectory":"C:\\Windows\\system32\\","User":"WIN10\\richard","LogonGuid":"{53968da7-b202-6708-7195-020000000000}","LogonId":"0x29571","TerminalSessionId":"1","IntegrityLevel":"High","Hashes":"MD5=B947CCA7F485F6C1156F4D02E8C9874F,SHA256=A70D52EDA892EDC073932B462CC367CDBFBACE3F4196857D8D4FA869A13DE792,IMPHASH=90A23F469BA0443719430CBA4569B220","ParentProcessGuid":"{53968da7-be30-6708-5201-00000000fb00}","ParentProcessId":"6876","ParentImage":"C:\\Windows\\System32\\WindowsPowerShell\\v1.0\\powershell_ise.exe","ParentCommandLine":"\"C:\\Windows\\system32\\WindowsPowerShell\\v1.0\\PowerShell_ISE.exe\" ","ParentUser":"WIN10\\richard"}}
{"LogSource":"Microsoft-Windows-Sysmon/Operational","EventId":1,"TimeCreated":"2024-10-10T23:05:54.6278470-07:00","RecordId":171443,"MachineName":"Win10","EventData":{"RuleName":"-","UtcTime":"2024-10-11 06:05:54.625","ProcessGuid":"{53968da7-c042-6708-c001-00000000fb00}","ProcessId":"7184","Image":"C:\\Program Files\\Windows NT\\Accessories\\wordpad.exe","FileVersion":"10.0.19041.5007 (WinBuild.160101.0800)","Description":"Windows Wordpad Application","Product":"Microsoft® Windows® Operating System","Company":"Microsoft Corporation","OriginalFileName":"WORDPAD.EXE","CommandLine":"\"C:\\Program Files\\Windows NT\\Accessories\\wordpad.exe\" ","CurrentDirectory":"C:\\Windows\\system32\\","User":"WIN10\\richard","LogonGuid":"{53968da7-b202-6708-7195-020000000000}","LogonId":"0x29571","TerminalSessionId":"1","IntegrityLevel":"High","Hashes":"MD5=09B94F3F82679DAD1EB15827655D4754,SHA256=C91594A4539B971A59EC301154114F21D0FC86ECA43AE064FD4DA56D4856C009,IMPHASH=9315BEF4B5484B572936D208E8B654A0","ParentProcessGuid":"{53968da7-c042-6708-bf01-00000000fb00}","ParentProcessId":"8084","ParentImage":"C:\\Windows\\System32\\write.exe","ParentCommandLine":"\"C:\\Windows\\system32\\write.exe\" ","ParentUser":"WIN10\\richard"}}
{"LogSource":"Microsoft-Windows-Sysmon/Operational","EventId":1,"TimeCreated":"2024-10-10T23:07:10.6868879-07:00","RecordId":171444,"MachineName":"Win10","EventData":{"RuleName":"-","UtcTime":"2024-10-11 06:07:10.675","ProcessGuid":"{53968da7-c08e-6708-c101-00000000fb00}","ProcessId":"5396","Image":"C:\\Program Files\\Mozilla Firefox\\firefox.exe","FileVersion":"131.0.2","Description":"Firefox","Product":"Firefox","Company":"Mozilla Corporation","OriginalFileName":"firefox.exe","CommandLine":"\"C:\\Program Files\\Mozilla Firefox\\firefox.exe\" https://www.twitter.com ","CurrentDirectory":"C:\\Windows\\system32\\","User":"WIN10\\richard","LogonGuid":"{53968da7-b202-6708-7195-020000000000}","LogonId":"0x29571","TerminalSessionId":"1","IntegrityLevel":"High","Hashes":"MD5=571814A7939D001662BBA7760BD0B187,SHA256=9725AFC685C8EE135701E140A83B94FE7D958360A1F546215F7EAFDFF5E53A83,IMPHASH=BB4CE52E8306F88C0B1DA570553704E4","ParentProcessGuid":"{53968da7-be30-6708-5201-00000000fb00}","ParentProcessId":"6876","ParentImage":"C:\\Windows\\System32\\WindowsPowerShell\\v1.0\\powershell_ise.exe","ParentCommandLine":"\"C:\\Windows\\system32\\WindowsPowerShell\\v1.0\\PowerShell_ISE.exe\" ","ParentUser":"WIN10\\richard"}}
{"LogSource":"Microsoft-Windows-Sysmon/Operational","EventId":1,"TimeCreated":"2024-10-10T23:07:10.7252023-07:00","RecordId":171445,"MachineName":"Win10","EventData":{"RuleName":"-","UtcTime":"2024-10-11 06:07:10.723","ProcessGuid":"{53968da7-c08e-6708-c201-00000000fb00}","ProcessId":"6804","Image":"C:\\Windows\\System32\\smartscreen.exe","FileVersion":"10.0.19041.5007 (WinBuild.160101.0800)","Description":"Windows Defender SmartScreen","Product":"Microsoft® Windows® Operating System","Company":"Microsoft Corporation","OriginalFileName":"smartscreen.exe","CommandLine":"C:\\Windows\\System32\\smartscreen.exe -Embedding","CurrentDirectory":"C:\\Windows\\system32\\","User":"WIN10\\richard","LogonGuid":"{53968da7-b202-6708-c295-020000000000}","LogonId":"0x295c2","TerminalSessionId":"1","IntegrityLevel":"Medium","Hashes":"MD5=C0F62FB7AD4A9C049D5AC3B737E1252D,SHA256=F4EAFC737F93186D563B198ED737C9C2F17A4B9A58D976D78D1C2E13C1EDA104,IMPHASH=9ECF7E989FB6561A51A731BC7991D274","ParentProcessGuid":"{53968da7-b200-6708-0d00-00000000fb00}","ParentProcessId":"884","ParentImage":"C:\\Windows\\System32\\svchost.exe","ParentCommandLine":"C:\\Windows\\system32\\svchost.exe -k DcomLaunch -p","ParentUser":"NT AUTHORITY\\SYSTEM"}}
{"LogSource":"Microsoft-Windows-Sysmon/Operational","EventId":1,"TimeCreated":"2024-10-10T23:07:10.7667346-07:00","RecordId":171446,"MachineName":"Win10","EventData":{"RuleName":"-","UtcTime":"2024-10-11 06:07:10.764","ProcessGuid":"{53968da7-c08e-6708-c301-00000000fb00}","ProcessId":"1556","Image":"C:\\Program Files\\Mozilla Firefox\\firefox.exe","FileVersion":"131.0.2","Description":"Firefox","Product":"Firefox","Company":"Mozilla Corporation","OriginalFileName":"firefox.exe","CommandLine":"\"C:\\Program Files\\Mozilla Firefox\\firefox.exe\" https://www.twitter.com --attempting-deelevation","CurrentDirectory":"C:\\Windows\\system32\\","User":"WIN10\\richard","LogonGuid":"{53968da7-b202-6708-c295-020000000000}","LogonId":"0x295c2","TerminalSessionId":"1","IntegrityLevel":"Medium","Hashes":"MD5=571814A7939D001662BBA7760BD0B187,SHA256=9725AFC685C8EE135701E140A83B94FE7D958360A1F546215F7EAFDFF5E53A83,IMPHASH=BB4CE52E8306F88C0B1DA570553704E4","ParentProcessGuid":"{53968da7-b203-6708-4f00-00000000fb00}","ParentProcessId":"4396","ParentImage":"C:\\Windows\\explorer.exe","ParentCommandLine":"C:\\Windows\\Explorer.EXE","ParentUser":"WIN10\\richard"}}
{"LogSource":"Microsoft-Windows-Sysmon/Operational","EventId":1,"TimeCreated":"2024-10-10T23:07:10.7849709-07:00","RecordId":171447,"MachineName":"Win10","EventData":{"RuleName":"-","UtcTime":"2024-10-11 06:07:10.783","ProcessGuid":"{53968da7-c08e-6708-c401-00000000fb00}","ProcessId":"5648","Image":"C:\\Program Files\\Mozilla Firefox\\firefox.exe","FileVersion":"131.0.2","Description":"Firefox","Product":"Firefox","Company":"Mozilla Corporation","OriginalFileName":"firefox.exe","CommandLine":"\"C:\\Program Files\\Mozilla Firefox\\firefox.exe\" https://www.twitter.com","CurrentDirectory":"C:\\Windows\\system32\\","User":"WIN10\\richard","LogonGuid":"{53968da7-b202-6708-c295-020000000000}","LogonId":"0x295c2","TerminalSessionId":"1","IntegrityLevel":"Medium","Hashes":"MD5=571814A7939D001662BBA7760BD0B187,SHA256=9725AFC685C8EE135701E140A83B94FE7D958360A1F546215F7EAFDFF5E53A83,IMPHASH=BB4CE52E8306F88C0B1DA570553704E4","ParentProcessGuid":"{53968da7-c08e-6708-c301-00000000fb00}","ParentProcessId":"1556","ParentImage":"C:\\Program Files\\Mozilla Firefox\\firefox.exe","ParentCommandLine":"\"C:\\Program Files\\Mozilla Firefox\\firefox.exe\" https://www.twitter.com --attempting-deelevation","ParentUser":"WIN10\\richard"}}
{"LogSource":"Microsoft-Windows-Sysmon/Operational","EventId":1,"TimeCreated":"2024-10-10T23:07:10.9686511-07:00","RecordId":171448,"MachineName":"Win10","EventData":{"RuleName":"-","UtcTime":"2024-10-11 06:07:10.966","ProcessGuid":"{53968da7-c08e-6708-c501-00000000fb00}","ProcessId":"5840","Image":"C:\\Program Files\\Mozilla Firefox\\firefox.exe","FileVersion":"131.0.2","Description":"Firefox","Product":"Firefox","Company":"Mozilla Corporation","OriginalFileName":"firefox.exe","CommandLine":"\"C:\\Program Files\\Mozilla Firefox\\firefox.exe\" -contentproc --channel=1976 -parentBuildID 20241008210941 -prefsHandle 1904 -prefMapHandle 1872 -prefsLen 30804 -prefMapSize 263055 -appDir \"C:\\Program Files\\Mozilla Firefox\\browser\" - {e03f004d-dae6-450b-bd4c-c2b59e2add55} 5648 \"\\\\.\\pipe\\gecko-crash-server-pipe.5648\" 1 gpu","CurrentDirectory":"C:\\Windows\\system32\\","User":"WIN10\\richard","LogonGuid":"{53968da7-b202-6708-c295-020000000000}","LogonId":"0x295c2","TerminalSessionId":"1","IntegrityLevel":"Low","Hashes":"MD5=571814A7939D001662BBA7760BD0B187,SHA256=9725AFC685C8EE135701E140A83B94FE7D958360A1F546215F7EAFDFF5E53A83,IMPHASH=BB4CE52E8306F88C0B1DA570553704E4","ParentProcessGuid":"{53968da7-c08e-6708-c401-00000000fb00}","ParentProcessId":"5648","ParentImage":"C:\\Program Files\\Mozilla Firefox\\firefox.exe","ParentCommandLine":"\"C:\\Program Files\\Mozilla Firefox\\firefox.exe\" https://www.twitter.com","ParentUser":"WIN10\\richard"}}
{"LogSource":"Microsoft-Windows-Sysmon/Operational","EventId":1,"TimeCreated":"2024-10-10T23:07:11.0153068-07:00","RecordId":171449,"MachineName":"Win10","EventData":{"RuleName":"-","UtcTime":"2024-10-11 06:07:11.013","ProcessGuid":"{53968da7-c08f-6708-c601-00000000fb00}","ProcessId":"7180","Image":"C:\\Program Files\\Mozilla Firefox\\firefox.exe","FileVersion":"131.0.2","Description":"Firefox","Product":"Firefox","Company":"Mozilla Corporation","OriginalFileName":"firefox.exe","CommandLine":"\"C:\\Program Files\\Mozilla Firefox\\firefox.exe\" -contentproc --channel=2420 -parentBuildID 20241008210941 -prefsHandle 2412 -prefMapHandle 2408 -prefsLen 30840 -prefMapSize 263055 -win32kLockedDown -appDir \"C:\\Program Files\\Mozilla Firefox\\browser\" - {f2513a84-0b97-484c-9380-83c0c24c4779} 5648 \"\\\\.\\pipe\\gecko-crash-server-pipe.5648\" 2 socket","CurrentDirectory":"C:\\Windows\\system32\\","User":"WIN10\\richard","LogonGuid":"{53968da7-b202-6708-c295-020000000000}","LogonId":"0x295c2","TerminalSessionId":"1","IntegrityLevel":"Low","Hashes":"MD5=571814A7939D001662BBA7760BD0B187,SHA256=9725AFC685C8EE135701E140A83B94FE7D958360A1F546215F7EAFDFF5E53A83,IMPHASH=BB4CE52E8306F88C0B1DA570553704E4","ParentProcessGuid":"{53968da7-c08e-6708-c401-00000000fb00}","ParentProcessId":"5648","ParentImage":"C:\\Program Files\\Mozilla Firefox\\firefox.exe","ParentCommandLine":"\"C:\\Program Files\\Mozilla Firefox\\firefox.exe\" https://www.twitter.com","ParentUser":"WIN10\\richard"}}
{"LogSource":"Microsoft-Windows-Sysmon/Operational","EventId":1,"TimeCreated":"2024-10-10T23:07:11.1756538-07:00","RecordId":171450,"MachineName":"Win10","EventData":{"RuleName":"-","UtcTime":"2024-10-11 06:07:11.173","ProcessGuid":"{53968da7-c08f-6708-c701-00000000fb00}","ProcessId":"2100","Image":"C:\\Program Files\\Mozilla Firefox\\firefox.exe","FileVersion":"131.0.2","Description":"Firefox","Product":"Firefox","Company":"Mozilla Corporation","OriginalFileName":"firefox.exe","CommandLine":"\"C:\\Program Files\\Mozilla Firefox\\firefox.exe\" -contentproc --channel=3116 -isForBrowser -prefsHandle 3108 -prefMapHandle 3104 -prefsLen 27526 -prefMapSize 263055 -jsInitHandle 1400 -jsInitLen 234840 -parentBuildID 20241008210941 -win32kLockedDown -appDir \"C:\\Program Files\\Mozilla Firefox\\browser\" - {50281d48-5f62-4a8f-b667-14134b079a8c} 5648 \"\\\\.\\pipe\\gecko-crash-server-pipe.5648\" 3 tab","CurrentDirectory":"C:\\Windows\\system32\\","User":"WIN10\\richard","LogonGuid":"{53968da7-b202-6708-c295-020000000000}","LogonId":"0x295c2","TerminalSessionId":"1","IntegrityLevel":"Low","Hashes":"MD5=571814A7939D001662BBA7760BD0B187,SHA256=9725AFC685C8EE135701E140A83B94FE7D958360A1F546215F7EAFDFF5E53A83,IMPHASH=BB4CE52E8306F88C0B1DA570553704E4","ParentProcessGuid":"{53968da7-c08e-6708-c401-00000000fb00}","ParentProcessId":"5648","ParentImage":"C:\\Program Files\\Mozilla Firefox\\firefox.exe","ParentCommandLine":"\"C:\\Program Files\\Mozilla Firefox\\firefox.exe\" https://www.twitter.com","ParentUser":"WIN10\\richard"}}
{"LogSource":"Microsoft-Windows-Sysmon/Operational","EventId":1,"TimeCreated":"2024-10-10T23:07:11.4245499-07:00","RecordId":171451,"MachineName":"Win10","EventData":{"RuleName":"-","UtcTime":"2024-10-11 06:07:11.422","ProcessGuid":"{53968da7-c08f-6708-c801-00000000fb00}","ProcessId":"2500","Image":"C:\\Program Files\\Mozilla Firefox\\firefox.exe","FileVersion":"131.0.2","Description":"Firefox","Product":"Firefox","Company":"Mozilla Corporation","OriginalFileName":"firefox.exe","CommandLine":"\"C:\\Program Files\\Mozilla Firefox\\firefox.exe\" -contentproc --channel=4156 -isForBrowser -prefsHandle 4132 -prefMapHandle 4148 -prefsLen 36981 -prefMapSize 263055 -jsInitHandle 1400 -jsInitLen 234840 -parentBuildID 20241008210941 -win32kLockedDown -appDir \"C:\\Program Files\\Mozilla Firefox\\browser\" - {1e8463b8-d1ea-4dab-899e-139172bd5107} 5648 \"\\\\.\\pipe\\gecko-crash-server-pipe.5648\" 4 tab","CurrentDirectory":"C:\\Windows\\system32\\","User":"WIN10\\richard","LogonGuid":"{53968da7-b202-6708-c295-020000000000}","LogonId":"0x295c2","TerminalSessionId":"1","IntegrityLevel":"Low","Hashes":"MD5=571814A7939D001662BBA7760BD0B187,SHA256=9725AFC685C8EE135701E140A83B94FE7D958360A1F546215F7EAFDFF5E53A83,IMPHASH=BB4CE52E8306F88C0B1DA570553704E4","ParentProcessGuid":"{53968da7-c08e-6708-c401-00000000fb00}","ParentProcessId":"5648","ParentImage":"C:\\Program Files\\Mozilla Firefox\\firefox.exe","ParentCommandLine":"\"C:\\Program Files\\Mozilla Firefox\\firefox.exe\" https://www.twitter.com","ParentUser":"WIN10\\richard"}}
{"LogSource":"Microsoft-Windows-Sysmon/Operational","EventId":22,"TimeCreated":"2024-10-10T23:07:11.7795652-07:00","RecordId":171452,"MachineName":"Win10","EventData":{"RuleName":"-","UtcTime":"2024-10-11 06:07:10.076","ProcessGuid":"{53968da7-c08e-6708-c401-00000000fb00}","ProcessId":"5648","QueryName":"detectportal.firefox.com","QueryStatus":"0","QueryResults":"type:  5 detectportal.prod.mozaws.net;type:  5 prod.detectportal.prod.cloudops.mozgcp.net;2600:1901:0:38d7::;::ffff:34.107.221.82;","Image":"C:\\Program Files\\Mozilla Firefox\\firefox.exe","User":"WIN10\\richard"}}
{"LogSource":"Microsoft-Windows-Sysmon/Operational","EventId":22,"TimeCreated":"2024-10-10T23:07:11.7808594-07:00","RecordId":171453,"MachineName":"Win10","EventData":{"RuleName":"-","UtcTime":"2024-10-11 06:07:10.077","ProcessGuid":"{53968da7-c08e-6708-c401-00000000fb00}","ProcessId":"5648","QueryName":"detectportal.firefox.com","QueryStatus":"0","QueryResults":"type:  5 detectportal.prod.mozaws.net;type:  5 prod.detectportal.prod.cloudops.mozgcp.net;2600:1901:0:38d7::;::ffff:34.107.221.82;","Image":"C:\\Program Files\\Mozilla Firefox\\firefox.exe","User":"WIN10\\richard"}}
{"LogSource":"Microsoft-Windows-Sysmon/Operational","EventId":22,"TimeCreated":"2024-10-10T23:07:11.7819950-07:00","RecordId":171454,"MachineName":"Win10","EventData":{"RuleName":"-","UtcTime":"2024-10-11 06:07:10.083","ProcessGuid":"{53968da7-c08e-6708-c401-00000000fb00}","ProcessId":"5648","QueryName":"prod.detectportal.prod.cloudops.mozgcp.net","QueryStatus":"0","QueryResults":"34.107.221.82;","Image":"C:\\Program Files\\Mozilla Firefox\\firefox.exe","User":"WIN10\\richard"}}
{"LogSource":"Microsoft-Windows-Sysmon/Operational","EventId":22,"TimeCreated":"2024-10-10T23:07:11.7831697-07:00","RecordId":171455,"MachineName":"Win10","EventData":{"RuleName":"-","UtcTime":"2024-10-11 06:07:10.089","ProcessGuid":"{53968da7-c08e-6708-c401-00000000fb00}","ProcessId":"5648","QueryName":"prod.detectportal.prod.cloudops.mozgcp.net","QueryStatus":"0","QueryResults":"2600:1901:0:38d7::;","Image":"C:\\Program Files\\Mozilla Firefox\\firefox.exe","User":"WIN10\\richard"}}
{"LogSource":"Microsoft-Windows-Sysmon/Operational","EventId":22,"TimeCreated":"2024-10-10T23:07:11.7844321-07:00","RecordId":171456,"MachineName":"Win10","EventData":{"RuleName":"-","UtcTime":"2024-10-11 06:07:10.113","ProcessGuid":"{53968da7-c08e-6708-c401-00000000fb00}","ProcessId":"5648","QueryName":"private.canadianshield.cira.ca","QueryStatus":"0","QueryResults":"2620:10a:80bb::10;2620:10a:80bc::10;::ffff:149.112.122.10;::ffff:149.112.121.10;","Image":"C:\\Program Files\\Mozilla Firefox\\firefox.exe","User":"WIN10\\richard"}}
{"LogSource":"Microsoft-Windows-Sysmon/Operational","EventId":22,"TimeCreated":"2024-10-10T23:07:11.7856165-07:00","RecordId":171457,"MachineName":"Win10","EventData":{"RuleName":"-","UtcTime":"2024-10-11 06:07:10.113","ProcessGuid":"{53968da7-c08e-6708-c401-00000000fb00}","ProcessId":"5648","QueryName":"private.canadianshield.cira.ca","QueryStatus":"0","QueryResults":"2620:10a:80bb::10;2620:10a:80bc::10;::ffff:149.112.122.10;::ffff:149.112.121.10;","Image":"C:\\Program Files\\Mozilla Firefox\\firefox.exe","User":"WIN10\\richard"}}
{"LogSource":"Microsoft-Windows-Sysmon/Operational","EventId":22,"TimeCreated":"2024-10-10T23:07:11.7867497-07:00","RecordId":171458,"MachineName":"Win10","EventData":{"RuleName":"-","UtcTime":"2024-10-11 06:07:10.118","ProcessGuid":"{53968da7-c08e-6708-c401-00000000fb00}","ProcessId":"5648","QueryName":"private.canadianshield.cira.ca","QueryStatus":"0","QueryResults":"149.112.121.10;149.112.122.10;","Image":"C:\\Program Files\\Mozilla Firefox\\firefox.exe","User":"WIN10\\richard"}}
{"LogSource":"Microsoft-Windows-Sysmon/Operational","EventId":22,"TimeCreated":"2024-10-10T23:07:11.7879782-07:00","RecordId":171459,"MachineName":"Win10","EventData":{"RuleName":"-","UtcTime":"2024-10-11 06:07:10.123","ProcessGuid":"{53968da7-c08e-6708-c401-00000000fb00}","ProcessId":"5648","QueryName":"private.canadianshield.cira.ca","QueryStatus":"0","QueryResults":"2620:10a:80bc::10;2620:10a:80bb::10;","Image":"C:\\Program Files\\Mozilla Firefox\\firefox.exe","User":"WIN10\\richard"}}
{"LogSource":"Microsoft-Windows-Sysmon/Operational","EventId":22,"TimeCreated":"2024-10-10T23:07:11.7894173-07:00","RecordId":171460,"MachineName":"Win10","EventData":{"RuleName":"-","UtcTime":"2024-10-11 06:07:10.145","ProcessGuid":"{53968da7-c08e-6708-c401-00000000fb00}","ProcessId":"5648","QueryName":"example.org","QueryStatus":"0","QueryResults":"93.184.215.14;","Image":"C:\\Program Files\\Mozilla Firefox\\firefox.exe","User":"WIN10\\richard"}}
{"LogSource":"Microsoft-Windows-Sysmon/Operational","EventId":22,"TimeCreated":"2024-10-10T23:07:11.7907997-07:00","RecordId":171461,"MachineName":"Win10","EventData":{"RuleName":"-","UtcTime":"2024-10-11 06:07:10.145","ProcessGuid":"{53968da7-c08e-6708-c401-00000000fb00}","ProcessId":"5648","QueryName":"example.org","QueryStatus":"0","QueryResults":"2606:2800:21f:cb07:6820:80da:af6b:8b2c;::ffff:93.184.215.14;","Image":"C:\\Program Files\\Mozilla Firefox\\firefox.exe","User":"WIN10\\richard"}}
{"LogSource":"Microsoft-Windows-Sysmon/Operational","EventId":22,"TimeCreated":"2024-10-10T23:07:11.7929784-07:00","RecordId":171462,"MachineName":"Win10","EventData":{"RuleName":"-","UtcTime":"2024-10-11 06:07:10.146","ProcessGuid":"{53968da7-c08e-6708-c401-00000000fb00}","ProcessId":"5648","QueryName":"example.org","QueryStatus":"0","QueryResults":"93.184.215.14;","Image":"C:\\Program Files\\Mozilla Firefox\\firefox.exe","User":"WIN10\\richard"}}
{"LogSource":"Microsoft-Windows-Sysmon/Operational","EventId":22,"TimeCreated":"2024-10-10T23:07:11.7944671-07:00","RecordId":171463,"MachineName":"Win10","EventData":{"RuleName":"-","UtcTime":"2024-10-11 06:07:10.146","ProcessGuid":"{53968da7-c08e-6708-c401-00000000fb00}","ProcessId":"5648","QueryName":"example.org","QueryStatus":"0","QueryResults":"93.184.215.14;","Image":"C:\\Program Files\\Mozilla Firefox\\firefox.exe","User":"WIN10\\richard"}}
{"LogSource":"Microsoft-Windows-Sysmon/Operational","EventId":22,"TimeCreated":"2024-10-10T23:07:11.7960291-07:00","RecordId":171464,"MachineName":"Win10","EventData":{"RuleName":"-","UtcTime":"2024-10-11 06:07:10.146","ProcessGuid":"{53968da7-c08e-6708-c401-00000000fb00}","ProcessId":"5648","QueryName":"example.org","QueryStatus":"0","QueryResults":"2606:2800:21f:cb07:6820:80da:af6b:8b2c;::ffff:93.184.215.14;","Image":"C:\\Program Files\\Mozilla Firefox\\firefox.exe","User":"WIN10\\richard"}}
{"LogSource":"Microsoft-Windows-Sysmon/Operational","EventId":22,"TimeCreated":"2024-10-10T23:07:11.7974110-07:00","RecordId":171465,"MachineName":"Win10","EventData":{"RuleName":"-","UtcTime":"2024-10-11 06:07:10.151","ProcessGuid":"{53968da7-c08e-6708-c401-00000000fb00}","ProcessId":"5648","QueryName":"example.org","QueryStatus":"0","QueryResults":"2606:2800:21f:cb07:6820:80da:af6b:8b2c;","Image":"C:\\Program Files\\Mozilla Firefox\\firefox.exe","User":"WIN10\\richard"}}
{"LogSource":"Microsoft-Windows-Sysmon/Operational","EventId":22,"TimeCreated":"2024-10-10T23:07:11.7987429-07:00","RecordId":171466,"MachineName":"Win10","EventData":{"RuleName":"-","UtcTime":"2024-10-11 06:07:10.261","ProcessGuid":"{53968da7-c08e-6708-c401-00000000fb00}","ProcessId":"5648","QueryName":"youtubei.googleapis.com.","QueryStatus":"0","QueryResults":"142.250.69.202;142.251.215.234;142.250.217.106;142.250.217.74;142.251.33.74;142.251.211.234;142.251.33.106;","Image":"C:\\Program Files\\Mozilla Firefox\\firefox.exe","User":"WIN10\\richard"}}
{"LogSource":"Microsoft-Windows-Sysmon/Operational","EventId":22,"TimeCreated":"2024-10-10T23:07:11.8002526-07:00","RecordId":171467,"MachineName":"Win10","EventData":{"RuleName":"-","UtcTime":"2024-10-11 06:07:10.266","ProcessGuid":"{53968da7-c08e-6708-c401-00000000fb00}","ProcessId":"5648","QueryName":"forcesafesearch.google.com.","QueryStatus":"0","QueryResults":"216.239.38.120;","Image":"C:\\Program Files\\Mozilla Firefox\\firefox.exe","User":"WIN10\\richard"}}
{"LogSource":"Microsoft-Windows-Sysmon/Operational","EventId":22,"TimeCreated":"2024-10-10T23:07:11.8014198-07:00","RecordId":171468,"MachineName":"Win10","EventData":{"RuleName":"-","UtcTime":"2024-10-11 06:07:10.266","ProcessGuid":"{53968da7-c08e-6708-c401-00000000fb00}","ProcessId":"5648","QueryName":"google.com.","QueryStatus":"0","QueryResults":"142.251.211.238;","Image":"C:\\Program Files\\Mozilla Firefox\\firefox.exe","User":"WIN10\\richard"}}
{"LogSource":"Microsoft-Windows-Sysmon/Operational","EventId":22,"TimeCreated":"2024-10-10T23:07:11.8029211-07:00","RecordId":171469,"MachineName":"Win10","EventData":{"RuleName":"-","UtcTime":"2024-10-11 06:07:10.266","ProcessGuid":"{53968da7-c08e-6708-c401-00000000fb00}","ProcessId":"5648","QueryName":"private.canadianshield.cira.ca","QueryStatus":"0","QueryResults":"2620:10a:80bb::10;2620:10a:80bc::10;::ffff:149.112.122.10;::ffff:149.112.121.10;","Image":"C:\\Program Files\\Mozilla Firefox\\firefox.exe","User":"WIN10\\richard"}}
{"LogSource":"Microsoft-Windows-Sysmon/Operational","EventId":22,"TimeCreated":"2024-10-10T23:07:11.8052578-07:00","RecordId":171470,"MachineName":"Win10","EventData":{"RuleName":"-","UtcTime":"2024-10-11 06:07:10.266","ProcessGuid":"{53968da7-c08e-6708-c401-00000000fb00}","ProcessId":"5648","QueryName":"www.youtube.com.","QueryStatus":"0","QueryResults":"type:  5 youtube-ui.l.google.com;142.251.211.238;142.251.33.78;142.250.217.78;142.250.217.110;142.251.215.238;172.217.14.206;142.250.69.206;142.251.33.110;","Image":"C:\\Program Files\\Mozilla Firefox\\firefox.exe","User":"WIN10\\richard"}}
{"LogSource":"Microsoft-Windows-Sysmon/Operational","EventId":22,"TimeCreated":"2024-10-10T23:07:11.8074764-07:00","RecordId":171471,"MachineName":"Win10","EventData":{"RuleName":"-","UtcTime":"2024-10-11 06:07:10.267","ProcessGuid":"{53968da7-c08e-6708-c401-00000000fb00}","ProcessId":"5648","QueryName":"www.google.com.","QueryStatus":"0","QueryResults":"142.251.215.228;","Image":"C:\\Program Files\\Mozilla Firefox\\firefox.exe","User":"WIN10\\richard"}}
{"LogSource":"Microsoft-Windows-Sysmon/Operational","EventId":22,"TimeCreated":"2024-10-10T23:07:11.8090102-07:00","RecordId":171472,"MachineName":"Win10","EventData":{"RuleName":"-","UtcTime":"2024-10-11 06:07:10.267","ProcessGuid":"{53968da7-c08e-6708-c401-00000000fb00}","ProcessId":"5648","QueryName":"youtubei.googleapis.com.","QueryStatus":"0","QueryResults":"142.250.69.202;142.251.215.234;142.250.217.106;142.250.217.74;142.251.33.74;142.251.211.234;142.251.33.106;","Image":"C:\\Program Files\\Mozilla Firefox\\firefox.exe","User":"WIN10\\richard"}}
{"LogSource":"Microsoft-Windows-Sysmon/Operational","EventId":22,"TimeCreated":"2024-10-10T23:07:11.8123508-07:00","RecordId":171473,"MachineName":"Win10","EventData":{"RuleName":"-","UtcTime":"2024-10-11 06:07:10.267","ProcessGuid":"{53968da7-c08e-6708-c401-00000000fb00}","ProcessId":"5648","QueryName":"m.youtube.com.","QueryStatus":"0","QueryResults":"142.251.33.78;","Image":"C:\\Program Files\\Mozilla Firefox\\firefox.exe","User":"WIN10\\richard"}}
{"LogSource":"Microsoft-Windows-Sysmon/Operational","EventId":22,"TimeCreated":"2024-10-10T23:07:11.8137976-07:00","RecordId":171474,"MachineName":"Win10","EventData":{"RuleName":"-","UtcTime":"2024-10-11 06:07:10.267","ProcessGuid":"{53968da7-c08e-6708-c401-00000000fb00}","ProcessId":"5648","QueryName":"forcesafesearch.google.com.","QueryStatus":"0","QueryResults":"216.239.38.120;","Image":"C:\\Program Files\\Mozilla Firefox\\firefox.exe","User":"WIN10\\richard"}}
{"LogSource":"Microsoft-Windows-Sysmon/Operational","EventId":22,"TimeCreated":"2024-10-10T23:07:11.8149968-07:00","RecordId":171475,"MachineName":"Win10","EventData":{"RuleName":"-","UtcTime":"2024-10-11 06:07:10.267","ProcessGuid":"{53968da7-c08e-6708-c401-00000000fb00}","ProcessId":"5648","QueryName":"youtubei.googleapis.com","QueryStatus":"0","QueryResults":"142.250.69.202;142.251.215.234;142.250.217.106;142.250.217.74;142.251.33.74;142.251.211.234;142.251.33.106;","Image":"C:\\Program Files\\Mozilla Firefox\\firefox.exe","User":"WIN10\\richard"}}
{"LogSource":"Microsoft-Windows-Sysmon/Operational","EventId":22,"TimeCreated":"2024-10-10T23:07:11.8164114-07:00","RecordId":171476,"MachineName":"Win10","EventData":{"RuleName":"-","UtcTime":"2024-10-11 06:07:10.267","ProcessGuid":"{53968da7-c08e-6708-c401-00000000fb00}","ProcessId":"5648","QueryName":"google.com.","QueryStatus":"0","QueryResults":"142.251.211.238;","Image":"C:\\Program Files\\Mozilla Firefox\\firefox.exe","User":"WIN10\\richard"}}
