{"LogSource":"Microsoft-Windows-Sysmon/Operational","EventId":22,"TimeCreated":"2024-10-10T23:15:28.0632625-07:00","RecordId":171696,"MachineName":"Win10","EventData":{"RuleName":"-","UtcTime":"2024-10-11 06:15:25.981","ProcessGuid":"{53968da7-c27d-6708-1802-00000000fb00}","ProcessId":"1452","QueryName":"www.youtube.com.","QueryStatus":"0","QueryResults":"type:  5 youtube-ui.l.google.com;142.250.69.206;142.251.33.110;142.251.211.238;142.251.33.78;142.250.217.78;142.250.217.110;142.251.215.238;172.217.14.238;","Image":"C:\\Program Files\\Mozilla Firefox\\firefox.exe","User":"WIN10\\richard"}}
{"LogSource":"Microsoft-Windows-Sysmon/Operational","EventId":22,"TimeCreated":"2024-10-10T23:15:28.0356362-07:00","RecordId":171672,"MachineName":"Win10","EventData":{"RuleName":"-","UtcTime":"2024-10-11 06:15:25.848","ProcessGuid":"{53968da7-c27d-6708-1802-00000000fb00}","ProcessId":"1452","QueryName":"example.org","QueryStatus":"0","QueryResults":"93.184.215.14;","Image":"C:\\Program Files\\Mozilla Firefox\\firefox.exe","User":"WIN10\\richard"}}
{"LogSource":"Microsoft-Windows-Sysmon/Operational","EventId":22,"TimeCreated":"2024-10-10T23:15:28.0643692-07:00","RecordId":171697,"MachineName":"Win10","EventData":{"RuleName":"-","UtcTime":"2024-10-11 06:15:25.981","ProcessGuid":"{53968da7-c27d-6708-1802-00000000fb00}","ProcessId":"1452","QueryName":"m.youtube.com.","QueryStatus":"0","QueryResults":"142.251.33.78;","Image":"C:\\Program Files\\Mozilla Firefox\\firefox.exe","User":"WIN10\\richard"}}
{"LogSource":"Microsoft-Windows-Sysmon/Operational","EventId":22,"TimeCreated":"2024-10-10T23:15:28.0654786-07:00","RecordId":171698,"MachineName":"Win10","EventData":{"RuleName":"-","UtcTime":"2024-10-11 06:15:25.982","ProcessGuid":"{53968da7-c27d-6708-1802-00000000fb00}","ProcessId":"1452","QueryName":"youtube.googleapis.com","QueryStatus":"0","QueryResults":"142.251.215.234;172.217.14.202;142.250.69.202;142.251.33.106;142.251.211.234;142.251.33.74;142.250.217.74;142.250.217.106;","Image":"C:\\Program Files\\Mozilla Firefox\\firefox.exe","User":"WIN10\\richard"}}
{"LogSource":"Microsoft-Windows-Sysmon/Operational","EventId":22,"TimeCreated":"2024-10-10T23:15:28.0665837-07:00","RecordId":171699,"MachineName":"Win10","EventData":{"RuleName":"-","UtcTime":"2024-10-11 06:15:25.982","ProcessGuid":"{53968da7-c27d-6708-1802-00000000fb00}","ProcessId":"1452","QueryName":"youtubei.googleapis.com","QueryStatus":"0","QueryResults":"142.250.217.106;142.251.215.234;142.250.69.202;142.251.33.106;142.251.211.234;142.251.33.74;142.250.217.74;","Image":"C:\\Program Files\\Mozilla Firefox\\firefox.exe","User":"WIN10\\richard"}}
{"LogSource":"Microsoft-Windows-Sysmon/Operational","EventId":22,"TimeCreated":"2024-10-10T23:15:28.0610604-07:00","RecordId":171694,"MachineName":"Win10","EventData":{"RuleName":"-","UtcTime":"2024-10-11 06:15:25.981","ProcessGuid":"{53968da7-c27d-6708-1802-00000000fb00}","ProcessId":"1452","QueryName":"youtube.googleapis.com.","QueryStatus":"0","QueryResults":"142.251.215.234;172.217.14.202;142.250.69.202;142.251.33.106;142.251.211.234;142.251.33.74;142.250.217.74;142.250.217.106;","Image":"C:\\Program Files\\Mozilla Firefox\\firefox.exe","User":"WIN10\\richard"}}
{"LogSource":"Microsoft-Windows-Sysmon/Operational","EventId":22,"TimeCreated":"2024-10-10T23:15:28.0676930-07:00","RecordId":171700,"MachineName":"Win10","EventData":{"RuleName":"-","UtcTime":"2024-10-11 06:15:25.982","ProcessGuid":"{53968da7-c27d-6708-1802-00000000fb00}","ProcessId":"1452","QueryName":"www.youtube.com.","QueryStatus":"0","QueryResults":"type:  5 youtube-ui.l.google.com;142.250.69.206;142.251.33.110;142.251.211.238;142.251.33.78;142.250.217.78;142.250.217.110;142.251.215.238;172.217.14.238;","Image":"C:\\Program Files\\Mozilla Firefox\\firefox.exe","User":"WIN10\\richard"}}
{"LogSource":"Microsoft-Windows-Sysmon/Operational","EventId":22,"TimeCreated":"2024-10-10T23:15:28.0688093-07:00","RecordId":171701,"MachineName":"Win10","EventData":{"RuleName":"-","UtcTime":"2024-10-11 06:15:25.982","ProcessGuid":"{53968da7-c27d-6708-1802-00000000fb00}","ProcessId":"1452","QueryName":"m.youtube.com","QueryStatus":"0","QueryResults":"142.251.33.78;","Image":"C:\\Program Files\\Mozilla Firefox\\firefox.exe","User":"WIN10\\richard"}}
{"LogSource":"Microsoft-Windows-Sysmon/Operational","EventId":22,"TimeCreated":"2024-10-10T23:15:28.0699884-07:00","RecordId":171702,"MachineName":"Win10","EventData":{"RuleName":"-","UtcTime":"2024-10-11 06:15:25.983","ProcessGuid":"{53968da7-c27d-6708-1802-00000000fb00}","ProcessId":"1452","QueryName":"www.youtube-nocookie.com.","QueryStatus":"0","QueryResults":"type:  5 youtube-ui.l.google.com;142.251.33.110;142.251.211.238;142.251.33.78;142.250.217.78;142.250.217.110;142.251.215.238;172.217.14.206;142.250.69.206;","Image":"C:\\Program Files\\Mozilla Firefox\\firefox.exe","User":"WIN10\\richard"}}
{"LogSource":"Microsoft-Windows-Sysmon/Operational","EventId":22,"TimeCreated":"2024-10-10T23:15:28.0711707-07:00","RecordId":171703,"MachineName":"Win10","EventData":{"RuleName":"-","UtcTime":"2024-10-11 06:15:25.984","ProcessGuid":"{53968da7-c27d-6708-1802-00000000fb00}","ProcessId":"1452","QueryName":"www.youtube-nocookie.com.","QueryStatus":"0","QueryResults":"type:  5 youtube-ui.l.google.com;142.251.33.110;142.251.211.238;142.251.33.78;142.250.217.78;142.250.217.110;142.251.215.238;172.217.14.206;142.250.69.206;","Image":"C:\\Program Files\\Mozilla Firefox\\firefox.exe","User":"WIN10\\richard"}}
{"LogSource":"Microsoft-Windows-Sysmon/Operational","EventId":22,"TimeCreated":"2024-10-10T23:15:28.0735212-07:00","RecordId":171705,"MachineName":"Win10","EventData":{"RuleName":"-","UtcTime":"2024-10-11 06:15:25.985","ProcessGuid":"{53968da7-c27d-6708-1802-00000000fb00}","ProcessId":"1452","QueryName":"use-application-dns.net.","QueryStatus":"0","QueryResults":"35.190.14.201;","Image":"C:\\Program Files\\Mozilla Firefox\\firefox.exe","User":"WIN10\\richard"}}
{"LogSource":"Microsoft-Windows-Sysmon/Operational","EventId":22,"TimeCreated":"2024-10-10T23:15:28.0747327-07:00","RecordId":171706,"MachineName":"Win10","EventData":{"RuleName":"-","UtcTime":"2024-10-11 06:15:25.985","ProcessGuid":"{53968da7-c27d-6708-1802-00000000fb00}","ProcessId":"1452","QueryName":"sitereview.zscaler.com.","QueryStatus":"0","QueryResults":"104.129.193.93;","Image":"C:\\Program Files\\Mozilla Firefox\\firefox.exe","User":"WIN10\\richard"}}
{"LogSource":"Microsoft-Windows-Sysmon/Operational","EventId":22,"TimeCreated":"2024-10-10T23:15:28.0723616-07:00","RecordId":171704,"MachineName":"Win10","EventData":{"RuleName":"-","UtcTime":"2024-10-11 06:15:25.985","ProcessGuid":"{53968da7-c27d-6708-1802-00000000fb00}","ProcessId":"1452","QueryName":"sitereview.zscaler.com.","QueryStatus":"0","QueryResults":"104.129.193.93;","Image":"C:\\Program Files\\Mozilla Firefox\\firefox.exe","User":"WIN10\\richard"}}
{"LogSource":"Microsoft-Windows-Sysmon/Operational","EventId":22,"TimeCreated":"2024-10-10T23:15:28.0758900-07:00","RecordId":171707,"MachineName":"Win10","EventData":{"RuleName":"-","UtcTime":"2024-10-11 06:15:25.985","ProcessGuid":"{53968da7-c27d-6708-1802-00000000fb00}","ProcessId":"1452","QueryName":"use-application-dns.net.","QueryStatus":"0","QueryResults":"35.190.14.201;","Image":"C:\\Program Files\\Mozilla Firefox\\firefox.exe","User":"WIN10\\richard"}}
{"LogSource":"Microsoft-Windows-Sysmon/Operational","EventId":22,"TimeCreated":"2024-10-10T23:15:28.0772845-07:00","RecordId":171708,"MachineName":"Win10","EventData":{"RuleName":"-","UtcTime":"2024-10-11 06:15:25.985","ProcessGuid":"{53968da7-c27d-6708-1802-00000000fb00}","ProcessId":"1452","QueryName":"sitereview.zscaler.com","QueryStatus":"0","QueryResults":"104.129.193.93;","Image":"C:\\Program Files\\Mozilla Firefox\\firefox.exe","User":"WIN10\\richard"}}
{"LogSource":"Microsoft-Windows-Sysmon/Operational","EventId":22,"TimeCreated":"2024-10-10T23:15:28.0787451-07:00","RecordId":171709,"MachineName":"Win10","EventData":{"RuleName":"-","UtcTime":"2024-10-11 06:15:25.985","ProcessGuid":"{53968da7-c27d-6708-1802-00000000fb00}","ProcessId":"1452","QueryName":"use-application-dns.net","QueryStatus":"0","QueryResults":"35.190.14.201;","Image":"C:\\Program Files\\Mozilla Firefox\\firefox.exe","User":"WIN10\\richard"}}
{"LogSource":"Microsoft-Windows-Sysmon/Operational","EventId":22,"TimeCreated":"2024-10-10T23:15:28.0802099-07:00","RecordId":171710,"MachineName":"Win10","EventData":{"RuleName":"-","UtcTime":"2024-10-11 06:15:25.987","ProcessGuid":"{53968da7-c27d-6708-1802-00000000fb00}","ProcessId":"1452","QueryName":"youtube-ui.l.google.com","QueryStatus":"0","QueryResults":"142.250.69.206;172.217.14.206;142.251.215.238;142.250.217.110;142.250.217.78;142.251.33.78;142.251.211.238;142.251.33.110;","Image":"C:\\Program Files\\Mozilla Firefox\\firefox.exe","User":"WIN10\\richard"}}
{"LogSource":"Microsoft-Windows-Sysmon/Operational","EventId":22,"TimeCreated":"2024-10-10T23:15:28.0816750-07:00","RecordId":171711,"MachineName":"Win10","EventData":{"RuleName":"-","UtcTime":"2024-10-11 06:15:25.987","ProcessGuid":"{53968da7-c27d-6708-1802-00000000fb00}","ProcessId":"1452","QueryName":"youtube-ui.l.google.com","QueryStatus":"0","QueryResults":"142.250.69.206;172.217.14.206;142.251.215.238;142.250.217.110;142.250.217.78;142.251.33.78;142.251.211.238;142.251.33.110;","Image":"C:\\Program Files\\Mozilla Firefox\\firefox.exe","User":"WIN10\\richard"}}
{"LogSource":"Microsoft-Windows-Sysmon/Operational","EventId":22,"TimeCreated":"2024-10-10T23:15:28.0831079-07:00","RecordId":171712,"MachineName":"Win10","EventData":{"RuleName":"-","UtcTime":"2024-10-11 06:15:25.995","ProcessGuid":"{53968da7-c27d-6708-1802-00000000fb00}","ProcessId":"1452","QueryName":"private.canadianshield.cira.ca","QueryStatus":"0","QueryResults":"2620:10a:80bb::10;2620:10a:80bc::10;::ffff:149.112.122.10;::ffff:149.112.121.10;","Image":"C:\\Program Files\\Mozilla Firefox\\firefox.exe","User":"WIN10\\richard"}}
{"LogSource":"Microsoft-Windows-Sysmon/Operational","EventId":22,"TimeCreated":"2024-10-10T23:15:28.0843712-07:00","RecordId":171713,"MachineName":"Win10","EventData":{"RuleName":"-","UtcTime":"2024-10-11 06:15:25.995","ProcessGuid":"{53968da7-c27d-6708-1802-00000000fb00}","ProcessId":"1452","QueryName":"private.canadianshield.cira.ca","QueryStatus":"0","QueryResults":"2620:10a:80bb::10;2620:10a:80bc::10;::ffff:149.112.122.10;::ffff:149.112.121.10;","Image":"C:\\Program Files\\Mozilla Firefox\\firefox.exe","User":"WIN10\\richard"}}
{"LogSource":"Microsoft-Windows-Sysmon/Operational","EventId":22,"TimeCreated":"2024-10-10T23:15:28.0855519-07:00","RecordId":171714,"MachineName":"Win10","EventData":{"RuleName":"-","UtcTime":"2024-10-11 06:15:25.995","ProcessGuid":"{53968da7-c27d-6708-1802-00000000fb00}","ProcessId":"1452","QueryName":"private.canadianshield.cira.ca","QueryStatus":"0","QueryResults":"149.112.121.10;149.112.122.10;","Image":"C:\\Program Files\\Mozilla Firefox\\firefox.exe","User":"WIN10\\richard"}}
{"LogSource":"Microsoft-Windows-Sysmon/Operational","EventId":22,"TimeCreated":"2024-10-10T23:15:28.0867045-07:00","RecordId":171715,"MachineName":"Win10","EventData":{"RuleName":"-","UtcTime":"2024-10-11 06:15:25.995","ProcessGuid":"{53968da7-c27d-6708-1802-00000000fb00}","ProcessId":"1452","QueryName":"private.canadianshield.cira.ca","QueryStatus":"0","QueryResults":"2620:10a:80bc::10;2620:10a:80bb::10;","Image":"C:\\Program Files\\Mozilla Firefox\\firefox.exe","User":"WIN10\\richard"}}
{"LogSource":"Microsoft-Windows-Sysmon/Operational","EventId":22,"TimeCreated":"2024-10-10T23:15:28.0867681-07:00","RecordId":171717,"MachineName":"Win10","EventData":{"RuleName":"-","UtcTime":"2024-10-11 06:15:26.011","ProcessGuid":"{53968da7-c27d-6708-1802-00000000fb00}","ProcessId":"1452","QueryName":"mozilla.cloudflare-dns.com","QueryStatus":"0","QueryResults":"162.159.61.4;172.64.41.4;","Image":"C:\\Program Files\\Mozilla Firefox\\firefox.exe","User":"WIN10\\richard"}}
{"LogSource":"Microsoft-Windows-Sysmon/Operational","EventId":22,"TimeCreated":"2024-10-10T23:15:28.0867919-07:00","RecordId":171718,"MachineName":"Win10","EventData":{"RuleName":"-","UtcTime":"2024-10-11 06:15:26.017","ProcessGuid":"{53968da7-c27d-6708-1802-00000000fb00}","ProcessId":"1452","QueryName":"mozilla.cloudflare-dns.com","QueryStatus":"0","QueryResults":"2a06:98c1:52::4;2803:f800:53::4;","Image":"C:\\Program Files\\Mozilla Firefox\\firefox.exe","User":"WIN10\\richard"}}
{"LogSource":"Microsoft-Windows-Sysmon/Operational","EventId":22,"TimeCreated":"2024-10-10T23:15:28.0868158-07:00","RecordId":171719,"MachineName":"Win10","EventData":{"RuleName":"-","UtcTime":"2024-10-11 06:15:26.054","ProcessGuid":"{53968da7-c27d-6708-1802-00000000fb00}","ProcessId":"1452","QueryName":"doh.test.","QueryStatus":"9003","QueryResults":"-","Image":"C:\\Program Files\\Mozilla Firefox\\firefox.exe","User":"WIN10\\richard"}}
{"LogSource":"Microsoft-Windows-Sysmon/Operational","EventId":22,"TimeCreated":"2024-10-10T23:15:28.0868567-07:00","RecordId":171720,"MachineName":"Win10","EventData":{"RuleName":"-","UtcTime":"2024-10-11 06:15:26.429","ProcessGuid":"{53968da7-c27d-6708-1802-00000000fb00}","ProcessId":"1452","QueryName":"example.org","QueryStatus":"0","QueryResults":"93.184.215.14;","Image":"C:\\Program Files\\Mozilla Firefox\\firefox.exe","User":"WIN10\\richard"}}
{"LogSource":"Microsoft-Windows-Sysmon/Operational","EventId":22,"TimeCreated":"2024-10-10T23:15:28.0868842-07:00","RecordId":171721,"MachineName":"Win10","EventData":{"RuleName":"-","UtcTime":"2024-10-11 06:15:26.430","ProcessGuid":"{53968da7-c27d-6708-1802-00000000fb00}","ProcessId":"1452","QueryName":"example.org","QueryStatus":"0","QueryResults":"2606:2800:21f:cb07:6820:80da:af6b:8b2c;::ffff:93.184.215.14;","Image":"C:\\Program Files\\Mozilla Firefox\\firefox.exe","User":"WIN10\\richard"}}
{"LogSource":"Microsoft-Windows-Sysmon/Operational","EventId":22,"TimeCreated":"2024-10-10T23:15:28.0869342-07:00","RecordId":171722,"MachineName":"Win10","EventData":{"RuleName":"-","UtcTime":"2024-10-11 06:15:26.435","ProcessGuid":"{53968da7-c27d-6708-1802-00000000fb00}","ProcessId":"1452","QueryName":"example.org","QueryStatus":"0","QueryResults":"2606:2800:21f:cb07:6820:80da:af6b:8b2c;","Image":"C:\\Program Files\\Mozilla Firefox\\firefox.exe","User":"WIN10\\richard"}}
{"LogSource":"Microsoft-Windows-Sysmon/Operational","EventId":22,"TimeCreated":"2024-10-10T23:15:28.0869593-07:00","RecordId":171723,"MachineName":"Win10","EventData":{"RuleName":"-","UtcTime":"2024-10-11 06:15:26.435","ProcessGuid":"{53968da7-c27d-6708-1802-00000000fb00}","ProcessId":"1452","QueryName":"detectportal.firefox.com","QueryStatus":"0","QueryResults":"type:  5 detectportal.prod.mozaws.net;type:  5 prod.detectportal.prod.cloudops.mozgcp.net;2600:1901:0:38d7::;::ffff:34.107.221.82;","Image":"C:\\Program Files\\Mozilla Firefox\\firefox.exe","User":"WIN10\\richard"}}
{"LogSource":"Microsoft-Windows-Sysmon/Operational","EventId":22,"TimeCreated":"2024-10-10T23:15:28.0867340-07:00","RecordId":171716,"MachineName":"Win10","EventData":{"RuleName":"-","UtcTime":"2024-10-11 06:15:26.006","ProcessGuid":"{53968da7-c27d-6708-1802-00000000fb00}","ProcessId":"1452","QueryName":"mozilla.cloudflare-dns.com","QueryStatus":"0","QueryResults":"2803:f800:53::4;2a06:98c1:52::4;::ffff:172.64.41.4;::ffff:162.159.61.4;","Image":"C:\\Program Files\\Mozilla Firefox\\firefox.exe","User":"WIN10\\richard"}}
{"LogSource":"Microsoft-Windows-Sysmon/Operational","EventId":22,"TimeCreated":"2024-10-10T23:15:29.0384956-07:00","RecordId":171724,"MachineName":"Win10","EventData":{"RuleName":"-","UtcTime":"2024-10-11 06:15:26.436","ProcessGuid":"{53968da7-c27d-6708-1802-00000000fb00}","ProcessId":"1452","QueryName":"prod.detectportal.prod.cloudops.mozgcp.net","QueryStatus":"0","QueryResults":"34.107.221.82;","Image":"C:\\Program Files\\Mozilla Firefox\\firefox.exe","User":"WIN10\\richard"}}
{"LogSource":"Microsoft-Windows-Sysmon/Operational","EventId":22,"TimeCreated":"2024-10-10T23:15:29.0386173-07:00","RecordId":171725,"MachineName":"Win10","EventData":{"RuleName":"-","UtcTime":"2024-10-11 06:15:26.436","ProcessGuid":"{53968da7-c27d-6708-1802-00000000fb00}","ProcessId":"1452","QueryName":"prod.detectportal.prod.cloudops.mozgcp.net","QueryStatus":"0","QueryResults":"2600:1901:0:38d7::;","Image":"C:\\Program Files\\Mozilla Firefox\\firefox.exe","User":"WIN10\\richard"}}
{"LogSource":"Microsoft-Windows-Sysmon/Operational","EventId":1,"TimeCreated":"2024-10-10T23:15:31.3882396-07:00","RecordId":171726,"MachineName":"Win10","EventData":{"RuleName":"-","UtcTime":"2024-10-11 06:15:31.385","ProcessGuid":"{53968da7-c283-6708-2202-00000000fb00}","ProcessId":"1684","Image":"C:\\Program Files\\Mozilla Firefox\\firefox.exe","FileVersion":"131.0.2","Description":"Firefox","Product":"Firefox","Company":"Mozilla Corporation","OriginalFileName":"firefox.exe","CommandLine":"\"C:\\Program Files\\Mozilla Firefox\\firefox.exe\" -contentproc --channel=6812 -isForBrowser -prefsHandle 6796 -prefMapHandle 6820 -prefsLen 33674 -prefMapSize 263055 -jsInitHandle 1444 -jsInitLen 234840 -parentBuildID 20241008210941 -win32kLockedDown -appDir \"C:\\Program Files\\Mozilla Firefox\\browser\" - {4c785588-e57f-4cc7-95b1-e6dabf1239cc} 1452 \"\\\\.\\pipe\\gecko-crash-server-pipe.1452\" 10 tab","CurrentDirectory":"C:\\Windows\\system32\\","User":"WIN10\\richard","LogonGuid":"{53968da7-b202-6708-c295-020000000000}","LogonId":"0x295c2","TerminalSessionId":"1","IntegrityLevel":"Low","Hashes":"MD5=571814A7939D001662BBA7760BD0B187,SHA256=9725AFC685C8EE135701E140A83B94FE7D958360A1F546215F7EAFDFF5E53A83,IMPHASH=BB4CE52E8306F88C0B1DA570553704E4","ParentProcessGuid":"{53968da7-c27d-6708-1802-00000000fb00}","ParentProcessId":"1452","ParentImage":"C:\\Program Files\\Mozilla Firefox\\firefox.exe","ParentCommandLine":"\"C:\\Program Files\\Mozilla Firefox\\firefox.exe\" https://www.vice.com","ParentUser":"WIN10\\richard"}}
{"LogSource":"Microsoft-Windows-Sysmon/Operational","EventId":22,"TimeCreated":"2024-10-10T23:15:32.0617189-07:00","RecordId":171727,"MachineName":"Win10","EventData":{"RuleName":"-","UtcTime":"2024-10-11 06:15:29.023","ProcessGuid":"{53968da7-c27d-6708-1802-00000000fb00}","ProcessId":"1452","QueryName":"silo50.p7cloud.net","QueryStatus":"0","QueryResults":"type:  5 d2qcam5owqbhg8.cloudfront.net;","Image":"C:\\Program Files\\Mozilla Firefox\\firefox.exe","User":"WIN10\\richard"}}
{"LogSource":"Microsoft-Windows-Sysmon/Operational","EventId":1,"TimeCreated":"2024-10-10T23:15:32.9927326-07:00","RecordId":171728,"MachineName":"Win10","EventData":{"RuleName":"-","UtcTime":"2024-10-11 06:15:32.982","ProcessGuid":"{53968da7-c284-6708-2302-00000000fb00}","ProcessId":"8036","Image":"C:\\Program Files\\Mozilla Firefox\\firefox.exe","FileVersion":"131.0.2","Description":"Firefox","Product":"Firefox","Company":"Mozilla Corporation","OriginalFileName":"firefox.exe","CommandLine":"\"C:\\Program Files\\Mozilla Firefox\\firefox.exe\" -contentproc --channel=2968 -isForBrowser -prefsHandle 996 -prefMapHandle 6660 -prefsLen 33674 -prefMapSize 263055 -jsInitHandle 1444 -jsInitLen 234840 -parentBuildID 20241008210941 -win32kLockedDown -appDir \"C:\\Program Files\\Mozilla Firefox\\browser\" - {d5beac80-b3e5-485a-bd64-68f2b75e6ce6} 1452 \"\\\\.\\pipe\\gecko-crash-server-pipe.1452\" 11 tab","CurrentDirectory":"C:\\Windows\\system32\\","User":"WIN10\\richard","LogonGuid":"{53968da7-b202-6708-c295-020000000000}","LogonId":"0x295c2","TerminalSessionId":"1","IntegrityLevel":"Low","Hashes":"MD5=571814A7939D001662BBA7760BD0B187,SHA256=9725AFC685C8EE135701E140A83B94FE7D958360A1F546215F7EAFDFF5E53A83,IMPHASH=BB4CE52E8306F88C0B1DA570553704E4","ParentProcessGuid":"{53968da7-c27d-6708-1802-00000000fb00}","ParentProcessId":"1452","ParentImage":"C:\\Program Files\\Mozilla Firefox\\firefox.exe","ParentCommandLine":"\"C:\\Program Files\\Mozilla Firefox\\firefox.exe\" https://www.vice.com","ParentUser":"WIN10\\richard"}}
{"LogSource":"Microsoft-Windows-Sysmon/Operational","EventId":1,"TimeCreated":"2024-10-10T23:15:51.4252678-07:00","RecordId":171729,"MachineName":"Win10","EventData":{"RuleName":"-","UtcTime":"2024-10-11 06:15:51.422","ProcessGuid":"{53968da7-c297-6708-2402-00000000fb00}","ProcessId":"7996","Image":"C:\\Program Files\\Mozilla Firefox\\firefox.exe","FileVersion":"131.0.2","Description":"Firefox","Product":"Firefox","Company":"Mozilla Corporation","OriginalFileName":"firefox.exe","CommandLine":"\"C:\\Program Files\\Mozilla Firefox\\firefox.exe\" -contentproc --channel=7140 -parentBuildID 20241008210941 -prefsHandle 2852 -prefMapHandle 2848 -prefsLen 37121 -prefMapSize 263055 -appDir \"C:\\Program Files\\Mozilla Firefox\\browser\" - {e781d1ca-0898-4635-836c-b332aa06ae18} 1452 \"\\\\.\\pipe\\gecko-crash-server-pipe.1452\" 12 rdd","CurrentDirectory":"C:\\Windows\\system32\\","User":"WIN10\\richard","LogonGuid":"{53968da7-b202-6708-c295-020000000000}","LogonId":"0x295c2","TerminalSessionId":"1","IntegrityLevel":"Low","Hashes":"MD5=571814A7939D001662BBA7760BD0B187,SHA256=9725AFC685C8EE135701E140A83B94FE7D958360A1F546215F7EAFDFF5E53A83,IMPHASH=BB4CE52E8306F88C0B1DA570553704E4","ParentProcessGuid":"{53968da7-c27d-6708-1802-00000000fb00}","ParentProcessId":"1452","ParentImage":"C:\\Program Files\\Mozilla Firefox\\firefox.exe","ParentCommandLine":"\"C:\\Program Files\\Mozilla Firefox\\firefox.exe\" https://www.vice.com","ParentUser":"WIN10\\richard"}}
{"LogSource":"Microsoft-Windows-Sysmon/Operational","EventId":1,"TimeCreated":"2024-10-10T23:15:51.4297621-07:00","RecordId":171730,"MachineName":"Win10","EventData":{"RuleName":"-","UtcTime":"2024-10-11 06:15:51.427","ProcessGuid":"{53968da7-c297-6708-2502-00000000fb00}","ProcessId":"2476","Image":"C:\\Program Files\\Mozilla Firefox\\firefox.exe","FileVersion":"131.0.2","Description":"Firefox","Product":"Firefox","Company":"Mozilla Corporation","OriginalFileName":"firefox.exe","CommandLine":"\"C:\\Program Files\\Mozilla Firefox\\firefox.exe\" -contentproc --channel=7112 -parentBuildID 20241008210941 -sandboxingKind 1 -prefsHandle 7144 -prefMapHandle 2860 -prefsLen 37121 -prefMapSize 263055 -win32kLockedDown -appDir \"C:\\Program Files\\Mozilla Firefox\\browser\" - {7c763dd1-b495-451c-a4c4-f7353fe09dcc} 1452 \"\\\\.\\pipe\\gecko-crash-server-pipe.1452\" 13 utility","CurrentDirectory":"C:\\Windows\\system32\\","User":"WIN10\\richard","LogonGuid":"{53968da7-b202-6708-c295-020000000000}","LogonId":"0x295c2","TerminalSessionId":"1","IntegrityLevel":"Low","Hashes":"MD5=571814A7939D001662BBA7760BD0B187,SHA256=9725AFC685C8EE135701E140A83B94FE7D958360A1F546215F7EAFDFF5E53A83,IMPHASH=BB4CE52E8306F88C0B1DA570553704E4","ParentProcessGuid":"{53968da7-c27d-6708-1802-00000000fb00}","ParentProcessId":"1452","ParentImage":"C:\\Program Files\\Mozilla Firefox\\firefox.exe","ParentCommandLine":"\"C:\\Program Files\\Mozilla Firefox\\firefox.exe\" https://www.vice.com","ParentUser":"WIN10\\richard"}}
{"LogSource":"Microsoft-Windows-Sysmon/Operational","EventId":22,"TimeCreated":"2024-10-10T23:16:28.1775118-07:00","RecordId":171731,"MachineName":"Win10","EventData":{"RuleName":"-","UtcTime":"2024-10-11 06:16:25.039","ProcessGuid":"{53968da7-b200-6708-1900-00000000fb00}","ProcessId":"1388","QueryName":"x1.c.lencr.org","QueryStatus":"0","QueryResults":"type:  5 crl.root-x1.letsencrypt.org.edgekey.net;type:  5 e8652.dscx.akamaiedge.net;2600:140a:1000:58d::21cc;2600:140a:1000:58a::21cc;::ffff:23.62.152.250;","Image":"C:\\Windows\\System32\\svchost.exe","User":"NT AUTHORITY\\NETWORK SERVICE"}}
{"LogSource":"Microsoft-Windows-Sysmon/Operational","EventId":1,"TimeCreated":"2024-10-10T23:17:09.9832072-07:00","RecordId":171732,"MachineName":"Win10","EventData":{"RuleName":"-","UtcTime":"2024-10-11 06:17:09.975","ProcessGuid":"{53968da7-c2e5-6708-2602-00000000fb00}","ProcessId":"5104","Image":"C:\\Windows\\System32\\mspaint.exe","FileVersion":"10.0.19041.4717 (WinBuild.160101.0800)","Description":"Paint","Product":"Microsoft® Windows® Operating System","Company":"Microsoft Corporation","OriginalFileName":"MSPAINT.EXE","CommandLine":"\"C:\\Windows\\system32\\mspaint.exe\" ","CurrentDirectory":"C:\\Windows\\system32\\","User":"WIN10\\richard","LogonGuid":"{53968da7-b202-6708-7195-020000000000}","LogonId":"0x29571","TerminalSessionId":"1","IntegrityLevel":"High","Hashes":"MD5=B77BBEF18AB33C9BF411C461463B1DA8,SHA256=CAD40CFBB57D831206F1F49AD5258EE815052F4694F801D5985B1D86B3AE24ED,IMPHASH=AD9649A74DB256ECAB874BD416C46A98","ParentProcessGuid":"{53968da7-be30-6708-5201-00000000fb00}","ParentProcessId":"6876","ParentImage":"C:\\Windows\\System32\\WindowsPowerShell\\v1.0\\powershell_ise.exe","ParentCommandLine":"\"C:\\Windows\\system32\\WindowsPowerShell\\v1.0\\PowerShell_ISE.exe\" ","ParentUser":"WIN10\\richard"}}
{"LogSource":"Microsoft-Windows-Sysmon/Operational","EventId":1,"TimeCreated":"2024-10-10T23:19:18.1264695-07:00","RecordId":171733,"MachineName":"Win10","EventData":{"RuleName":"-","UtcTime":"2024-10-11 06:19:18.115","ProcessGuid":"{53968da7-c366-6708-2802-00000000fb00}","ProcessId":"8300","Image":"C:\\Windows\\System32\\calc.exe","FileVersion":"10.0.19041.1 (WinBuild.160101.0800)","Description":"Windows Calculator","Product":"Microsoft® Windows® Operating System","Company":"Microsoft Corporation","OriginalFileName":"CALC.EXE","CommandLine":"\"C:\\Windows\\system32\\calc.exe\" ","CurrentDirectory":"C:\\Windows\\system32\\","User":"WIN10\\richard","LogonGuid":"{53968da7-b202-6708-7195-020000000000}","LogonId":"0x29571","TerminalSessionId":"1","IntegrityLevel":"High","Hashes":"MD5=5DA8C98136D98DFEC4716EDD79C7145F,SHA256=58189CBD4E6DC0C7D8E66B6A6F75652FC9F4AFC7CE0EBA7D67D8C3FEB0D5381F,IMPHASH=8EEAA9499666119D13B3F44ECD77A729","ParentProcessGuid":"{53968da7-be30-6708-5201-00000000fb00}","ParentProcessId":"6876","ParentImage":"C:\\Windows\\System32\\WindowsPowerShell\\v1.0\\powershell_ise.exe","ParentCommandLine":"\"C:\\Windows\\system32\\WindowsPowerShell\\v1.0\\PowerShell_ISE.exe\" ","ParentUser":"WIN10\\richard"}}
{"LogSource":"Microsoft-Windows-Sysmon/Operational","EventId":1,"TimeCreated":"2024-10-10T23:19:18.2710064-07:00","RecordId":171734,"MachineName":"Win10","EventData":{"RuleName":"-","UtcTime":"2024-10-11 06:19:18.267","ProcessGuid":"{53968da7-c366-6708-2902-00000000fb00}","ProcessId":"3228","Image":"C:\\Windows\\System32\\ApplicationFrameHost.exe","FileVersion":"10.0.19041.4355 (WinBuild.160101.0800)","Description":"Application Frame Host","Product":"Microsoft® Windows® Operating System","Company":"Microsoft Corporation","OriginalFileName":"ApplicationFrameHost.exe","CommandLine":"C:\\Windows\\system32\\ApplicationFrameHost.exe -Embedding","CurrentDirectory":"C:\\Windows\\system32\\","User":"WIN10\\richard","LogonGuid":"{53968da7-b202-6708-c295-020000000000}","LogonId":"0x295c2","TerminalSessionId":"1","IntegrityLevel":"Medium","Hashes":"MD5=DB2FEFE19F85E618F62686CF453DF33C,SHA256=67077124E4A881DBA9E4C6E65C8BB45D5AB14A429959F935F933F5824596E463,IMPHASH=09ACF1642E301359F90E7DA59EE838C6","ParentProcessGuid":"{53968da7-b200-6708-0d00-00000000fb00}","ParentProcessId":"884","ParentImage":"C:\\Windows\\System32\\svchost.exe","ParentCommandLine":"C:\\Windows\\system32\\svchost.exe -k DcomLaunch -p","ParentUser":"NT AUTHORITY\\SYSTEM"}}
{"LogSource":"Microsoft-Windows-Sysmon/Operational","EventId":1,"TimeCreated":"2024-10-10T23:19:56.2615070-07:00","RecordId":171735,"MachineName":"Win10","EventData":{"RuleName":"-","UtcTime":"2024-10-11 06:19:56.213","ProcessGuid":"{53968da7-c38c-6708-2c02-00000000fb00}","ProcessId":"8308","Image":"C:\\Windows\\System32\\Taskmgr.exe","FileVersion":"10.0.19041.4957 (WinBuild.160101.0800)","Description":"Task Manager","Product":"Microsoft® Windows® Operating System","Company":"Microsoft Corporation","OriginalFileName":"Taskmgr.exe","CommandLine":"\"C:\\Windows\\system32\\Taskmgr.exe\" ","CurrentDirectory":"C:\\Windows\\system32\\","User":"WIN10\\richard","LogonGuid":"{53968da7-b202-6708-7195-020000000000}","LogonId":"0x29571","TerminalSessionId":"1","IntegrityLevel":"High","Hashes":"MD5=6CD99EFAF34D7A7448D3B58189C10FD8,SHA256=BA1253EEFED7F3DAA117A1AF423BDDE45A8ED2F9C875CF03F30C34141CBAE54E,IMPHASH=565193F4BCB561BB8F24349EEFAF2436","ParentProcessGuid":"{53968da7-be30-6708-5201-00000000fb00}","ParentProcessId":"6876","ParentImage":"C:\\Windows\\System32\\WindowsPowerShell\\v1.0\\powershell_ise.exe","ParentCommandLine":"\"C:\\Windows\\system32\\WindowsPowerShell\\v1.0\\PowerShell_ISE.exe\" ","ParentUser":"WIN10\\richard"}}
{"LogSource":"Microsoft-Windows-Sysmon/Operational","EventId":1,"TimeCreated":"2024-10-10T23:20:48.3565102-07:00","RecordId":171736,"MachineName":"Win10","EventData":{"RuleName":"-","UtcTime":"2024-10-11 06:20:48.350","ProcessGuid":"{53968da7-c3c0-6708-2d02-00000000fb00}","ProcessId":"5468","Image":"C:\\Windows\\System32\\notepad.exe","FileVersion":"10.0.19041.4355 (WinBuild.160101.0800)","Description":"Notepad","Product":"Microsoft® Windows® Operating System","Company":"Microsoft Corporation","OriginalFileName":"NOTEPAD.EXE","CommandLine":"\"C:\\Windows\\system32\\notepad.exe\" ","CurrentDirectory":"C:\\Windows\\system32\\","User":"WIN10\\richard","LogonGuid":"{53968da7-b202-6708-7195-020000000000}","LogonId":"0x29571","TerminalSessionId":"1","IntegrityLevel":"High","Hashes":"MD5=BD33AA772F4751C5A79F94636088774E,SHA256=C286747D319818C1205FD487040840353C5F4542FAFFDABAE9131481BDFEB92A,IMPHASH=09ED737A03DB7295BF734A9953F6EB5E","ParentProcessGuid":"{53968da7-be30-6708-5201-00000000fb00}","ParentProcessId":"6876","ParentImage":"C:\\Windows\\System32\\WindowsPowerShell\\v1.0\\powershell_ise.exe","ParentCommandLine":"\"C:\\Windows\\system32\\WindowsPowerShell\\v1.0\\PowerShell_ISE.exe\" ","ParentUser":"WIN10\\richard"}}
{"LogSource":"Microsoft-Windows-Sysmon/Operational","EventId":1,"TimeCreated":"2024-10-10T23:21:08.4479441-07:00","RecordId":171737,"MachineName":"Win10","EventData":{"RuleName":"-","UtcTime":"2024-10-11 06:21:08.446","ProcessGuid":"{53968da7-c3d4-6708-2e02-00000000fb00}","ProcessId":"5904","Image":"C:\\Program Files\\Google\\Chrome\\Application\\chrome.exe","FileVersion":"129.0.6668.100","Description":"Google Chrome","Product":"Google Chrome","Company":"Google LLC","OriginalFileName":"chrome.exe","CommandLine":"\"C:\\Program Files\\Google\\Chrome\\Application\\chrome.exe\" https://www.cnn.com ","CurrentDirectory":"C:\\Windows\\system32\\","User":"WIN10\\richard","LogonGuid":"{53968da7-b202-6708-7195-020000000000}","LogonId":"0x29571","TerminalSessionId":"1","IntegrityLevel":"High","Hashes":"MD5=47679449E8A738D8B1849668622E7C9E,SHA256=2D2A32CBCCED69610445D92965CA710EF2DA89C3788EBB98FF8612EBFFAC917B,IMPHASH=8AA69BFB46216FA413519FB53924B2F9","ParentProcessGuid":"{53968da7-be30-6708-5201-00000000fb00}","ParentProcessId":"6876","ParentImage":"C:\\Windows\\System32\\WindowsPowerShell\\v1.0\\powershell_ise.exe","ParentCommandLine":"\"C:\\Windows\\system32\\WindowsPowerShell\\v1.0\\PowerShell_ISE.exe\" ","ParentUser":"WIN10\\richard"}}
{"LogSource":"Microsoft-Windows-Sysmon/Operational","EventId":1,"TimeCreated":"2024-10-10T23:21:08.6025858-07:00","RecordId":171738,"MachineName":"Win10","EventData":{"RuleName":"-","UtcTime":"2024-10-11 06:21:08.599","ProcessGuid":"{53968da7-c3d4-6708-3202-00000000fb00}","ProcessId":"4188","Image":"C:\\Program Files\\Google\\Chrome\\Application\\129.0.6668.100\\elevation_service.exe","FileVersion":"129.0.6668.100","Description":"Google Chrome","Product":"Google Chrome","Company":"Google LLC","OriginalFileName":"elevation_service.exe","CommandLine":"\"C:\\Program Files\\Google\\Chrome\\Application\\129.0.6668.100\\elevation_service.exe\"","CurrentDirectory":"C:\\Windows\\system32\\","User":"NT AUTHORITY\\SYSTEM","LogonGuid":"{53968da7-b200-6708-e703-000000000000}","LogonId":"0x3e7","TerminalSessionId":"0","IntegrityLevel":"System","Hashes":"MD5=472B2328D62FEC7E774166FD75C18FF6,SHA256=56291421DA56A296F3F0AEF18CA0FB3C0925779EEE7B4734A07A24E59348D9CE,IMPHASH=E2CE387C73E135211A0D2FF087A2F9F3","ParentProcessGuid":"{53968da7-b1ff-6708-0b00-00000000fb00}","ParentProcessId":"740","ParentImage":"C:\\Windows\\System32\\services.exe","ParentCommandLine":"C:\\Windows\\system32\\services.exe","ParentUser":"NT AUTHORITY\\SYSTEM"}}
{"LogSource":"Microsoft-Windows-Sysmon/Operational","EventId":22,"TimeCreated":"2024-10-10T23:21:09.8587142-07:00","RecordId":171739,"MachineName":"Win10","EventData":{"RuleName":"-","UtcTime":"2024-10-11 06:21:07.601","ProcessGuid":"{53968da7-c3d4-6708-3102-00000000fb00}","ProcessId":"8488","QueryName":"wpad","QueryStatus":"9003","QueryResults":"-","Image":"C:\\Program Files\\Google\\Chrome\\Application\\chrome.exe","User":"WIN10\\richard"}}
{"LogSource":"Microsoft-Windows-Sysmon/Operational","EventId":22,"TimeCreated":"2024-10-10T23:21:09.8593536-07:00","RecordId":171740,"MachineName":"Win10","EventData":{"RuleName":"-","UtcTime":"2024-10-11 06:21:07.602","ProcessGuid":"{53968da7-c3d4-6708-3102-00000000fb00}","ProcessId":"8488","QueryName":"wpad","QueryStatus":"9003","QueryResults":"-","Image":"C:\\Program Files\\Google\\Chrome\\Application\\chrome.exe","User":"WIN10\\richard"}}
{"LogSource":"Microsoft-Windows-Sysmon/Operational","EventId":22,"TimeCreated":"2024-10-10T23:21:09.8599892-07:00","RecordId":171741,"MachineName":"Win10","EventData":{"RuleName":"-","UtcTime":"2024-10-11 06:21:07.615","ProcessGuid":"{53968da7-c3d4-6708-3102-00000000fb00}","ProcessId":"8488","QueryName":"wpad","QueryStatus":"9003","QueryResults":"-","Image":"C:\\Program Files\\Google\\Chrome\\Application\\chrome.exe","User":"WIN10\\richard"}}
{"LogSource":"Microsoft-Windows-Sysmon/Operational","EventId":22,"TimeCreated":"2024-10-10T23:21:10.8737046-07:00","RecordId":171742,"MachineName":"Win10","EventData":{"RuleName":"-","UtcTime":"2024-10-11 06:21:08.307","ProcessGuid":"{53968da7-c3d4-6708-3102-00000000fb00}","ProcessId":"8488","QueryName":"u.cdnwidget.com","QueryStatus":"9003","QueryResults":"-","Image":"C:\\Program Files\\Google\\Chrome\\Application\\chrome.exe","User":"WIN10\\richard"}}
{"LogSource":"Microsoft-Windows-Sysmon/Operational","EventId":22,"TimeCreated":"2024-10-10T23:21:17.9384418-07:00","RecordId":171743,"MachineName":"Win10","EventData":{"RuleName":"-","UtcTime":"2024-10-11 06:21:15.625","ProcessGuid":"{53968da7-c3d4-6708-3102-00000000fb00}","ProcessId":"8488","QueryName":"wpad","QueryStatus":"9003","QueryResults":"-","Image":"C:\\Program Files\\Google\\Chrome\\Application\\chrome.exe","User":"WIN10\\richard"}}
{"LogSource":"Microsoft-Windows-Sysmon/Operational","EventId":1,"TimeCreated":"2024-10-10T23:21:27.5752987-07:00","RecordId":171744,"MachineName":"Win10","EventData":{"RuleName":"-","UtcTime":"2024-10-11 06:21:27.572","ProcessGuid":"{53968da7-c3e7-6708-5602-00000000fb00}","ProcessId":"8908","Image":"C:\\Program Files (x86)\\Google\\GoogleUpdater\\130.0.6679.0\\updater.exe","FileVersion":"130.0.6679.0","Description":"Google Updater","Product":"Google Updater","Company":"Google LLC","OriginalFileName":"updater.exe","CommandLine":"\"C:\\Program Files (x86)\\Google\\GoogleUpdater\\130.0.6679.0\\updater.exe\" --system --windows-service --service=update","CurrentDirectory":"C:\\Windows\\system32\\","User":"NT AUTHORITY\\SYSTEM","LogonGuid":"{53968da7-b200-6708-e703-000000000000}","LogonId":"0x3e7","TerminalSessionId":"0","IntegrityLevel":"System","Hashes":"MD5=C583E91DDEE7C0E8AC2A3D3AACAD2F4C,SHA256=7F67129760223E5DDF31219F0B2E247555FBAC85F4B6F933212AC091A21DEBF9,IMPHASH=20AB254B36A04EA3556F60145D061FED","ParentProcessGuid":"{53968da7-b1ff-6708-0b00-00000000fb00}","ParentProcessId":"740","ParentImage":"C:\\Windows\\System32\\services.exe","ParentCommandLine":"C:\\Windows\\system32\\services.exe","ParentUser":"NT AUTHORITY\\SYSTEM"}}
{"LogSource":"Microsoft-Windows-Sysmon/Operational","EventId":1,"TimeCreated":"2024-10-10T23:21:27.6008857-07:00","RecordId":171745,"MachineName":"Win10","EventData":{"RuleName":"-","UtcTime":"2024-10-11 06:21:27.598","ProcessGuid":"{53968da7-c3e7-6708-5702-00000000fb00}","ProcessId":"6320","Image":"C:\\Program Files (x86)\\Google\\GoogleUpdater\\130.0.6679.0\\updater.exe","FileVersion":"130.0.6679.0","Description":"Google Updater","Product":"Google Updater","Company":"Google LLC","OriginalFileName":"updater.exe","CommandLine":"\"C:\\Program Files (x86)\\Google\\GoogleUpdater\\130.0.6679.0\\updater.exe\" --crash-handler --system \"--database=C:\\Program Files (x86)\\Google\\GoogleUpdater\\130.0.6679.0\\Crashpad\" --url=https://clients2.google.com/cr/report --annotation=prod=Update4 --annotation=ver=130.0.6679.0 \"--attachment=C:\\Program Files (x86)\\Google\\GoogleUpdater\\updater.log\" --initial-client-data=0x2a4,0x2a8,0x2ac,0x280,0x2b0,0xdaa6cc,0xdaa6d8,0xdaa6e4","CurrentDirectory":"C:\\Windows\\system32\\","User":"NT AUTHORITY\\SYSTEM","LogonGuid":"{53968da7-b200-6708-e703-000000000000}","LogonId":"0x3e7","TerminalSessionId":"0","IntegrityLevel":"System","Hashes":"MD5=C583E91DDEE7C0E8AC2A3D3AACAD2F4C,SHA256=7F67129760223E5DDF31219F0B2E247555FBAC85F4B6F933212AC091A21DEBF9,IMPHASH=20AB254B36A04EA3556F60145D061FED","ParentProcessGuid":"{53968da7-c3e7-6708-5602-00000000fb00}","ParentProcessId":"8908","ParentImage":"C:\\Program Files (x86)\\Google\\GoogleUpdater\\130.0.6679.0\\updater.exe","ParentCommandLine":"\"C:\\Program Files (x86)\\Google\\GoogleUpdater\\130.0.6679.0\\updater.exe\" --system --windows-service --service=update","ParentUser":"NT AUTHORITY\\SYSTEM"}}
{"LogSource":"Microsoft-Windows-Sysmon/Operational","EventId":1,"TimeCreated":"2024-10-10T23:22:06.5752171-07:00","RecordId":171746,"MachineName":"Win10","EventData":{"RuleName":"-","UtcTime":"2024-10-11 06:22:06.572","ProcessGuid":"{53968da7-c40e-6708-5902-00000000fb00}","ProcessId":"8392","Image":"C:\\Program Files\\Google\\Chrome\\Application\\chrome.exe","FileVersion":"129.0.6668.100","Description":"Google Chrome","Product":"Google Chrome","Company":"Google LLC","OriginalFileName":"chrome.exe","CommandLine":"\"C:\\Program Files\\Google\\Chrome\\Application\\chrome.exe\" https://www.nytimes.com ","CurrentDirectory":"C:\\Windows\\system32\\","User":"WIN10\\richard","LogonGuid":"{53968da7-b202-6708-7195-020000000000}","LogonId":"0x29571","TerminalSessionId":"1","IntegrityLevel":"High","Hashes":"MD5=47679449E8A738D8B1849668622E7C9E,SHA256=2D2A32CBCCED69610445D92965CA710EF2DA89C3788EBB98FF8612EBFFAC917B,IMPHASH=8AA69BFB46216FA413519FB53924B2F9","ParentProcessGuid":"{53968da7-be30-6708-5201-00000000fb00}","ParentProcessId":"6876","ParentImage":"C:\\Windows\\System32\\WindowsPowerShell\\v1.0\\powershell_ise.exe","ParentCommandLine":"\"C:\\Windows\\system32\\WindowsPowerShell\\v1.0\\PowerShell_ISE.exe\" ","ParentUser":"WIN10\\richard"}}
{"LogSource":"Microsoft-Windows-Sysmon/Operational","EventId":1,"TimeCreated":"2024-10-10T23:22:06.7348818-07:00","RecordId":171747,"MachineName":"Win10","EventData":{"RuleName":"-","UtcTime":"2024-10-11 06:22:06.733","ProcessGuid":"{53968da7-c40e-6708-5d02-00000000fb00}","ProcessId":"2216","Image":"C:\\Program Files\\Google\\Chrome\\Application\\129.0.6668.100\\elevation_service.exe","FileVersion":"129.0.6668.100","Description":"Google Chrome","Product":"Google Chrome","Company":"Google LLC","OriginalFileName":"elevation_service.exe","CommandLine":"\"C:\\Program Files\\Google\\Chrome\\Application\\129.0.6668.100\\elevation_service.exe\"","CurrentDirectory":"C:\\Windows\\system32\\","User":"NT AUTHORITY\\SYSTEM","LogonGuid":"{53968da7-b200-6708-e703-000000000000}","LogonId":"0x3e7","TerminalSessionId":"0","IntegrityLevel":"System","Hashes":"MD5=472B2328D62FEC7E774166FD75C18FF6,SHA256=56291421DA56A296F3F0AEF18CA0FB3C0925779EEE7B4734A07A24E59348D9CE,IMPHASH=E2CE387C73E135211A0D2FF087A2F9F3","ParentProcessGuid":"{53968da7-b1ff-6708-0b00-00000000fb00}","ParentProcessId":"740","ParentImage":"C:\\Windows\\System32\\services.exe","ParentCommandLine":"C:\\Windows\\system32\\services.exe","ParentUser":"NT AUTHORITY\\SYSTEM"}}
{"LogSource":"Microsoft-Windows-Sysmon/Operational","EventId":22,"TimeCreated":"2024-10-10T23:22:07.9507223-07:00","RecordId":171748,"MachineName":"Win10","EventData":{"RuleName":"-","UtcTime":"2024-10-11 06:22:05.708","ProcessGuid":"{53968da7-c40e-6708-5c02-00000000fb00}","ProcessId":"2860","QueryName":"wpad","QueryStatus":"9003","QueryResults":"-","Image":"C:\\Program Files\\Google\\Chrome\\Application\\chrome.exe","User":"WIN10\\richard"}}
{"LogSource":"Microsoft-Windows-Sysmon/Operational","EventId":22,"TimeCreated":"2024-10-10T23:22:07.9514028-07:00","RecordId":171749,"MachineName":"Win10","EventData":{"RuleName":"-","UtcTime":"2024-10-11 06:22:05.737","ProcessGuid":"{53968da7-c40e-6708-5c02-00000000fb00}","ProcessId":"2860","QueryName":"wpad","QueryStatus":"9003","QueryResults":"-","Image":"C:\\Program Files\\Google\\Chrome\\Application\\chrome.exe","User":"WIN10\\richard"}}
{"LogSource":"Microsoft-Windows-Sysmon/Operational","EventId":22,"TimeCreated":"2024-10-10T23:22:07.9530377-07:00","RecordId":171750,"MachineName":"Win10","EventData":{"RuleName":"-","UtcTime":"2024-10-11 06:22:05.792","ProcessGuid":"{53968da7-c40e-6708-5c02-00000000fb00}","ProcessId":"2860","QueryName":"wpad","QueryStatus":"9003","QueryResults":"-","Image":"C:\\Program Files\\Google\\Chrome\\Application\\chrome.exe","User":"WIN10\\richard"}}
{"LogSource":"Microsoft-Windows-Sysmon/Operational","EventId":1,"TimeCreated":"2024-10-10T23:22:09.4231541-07:00","RecordId":171751,"MachineName":"Win10","EventData":{"RuleName":"-","UtcTime":"2024-10-11 06:22:09.420","ProcessGuid":"{53968da7-c411-6708-6a02-00000000fb00}","ProcessId":"4256","Image":"C:\\Windows\\System32\\svchost.exe","FileVersion":"10.0.19041.4355 (WinBuild.160101.0800)","Description":"Host Process for Windows Services","Product":"Microsoft® Windows® Operating System","Company":"Microsoft Corporation","OriginalFileName":"svchost.exe","CommandLine":"C:\\Windows\\system32\\svchost.exe -k wsappx -p","CurrentDirectory":"C:\\Windows\\system32\\","User":"NT AUTHORITY\\SYSTEM","LogonGuid":"{53968da7-b200-6708-e703-000000000000}","LogonId":"0x3e7","TerminalSessionId":"0","IntegrityLevel":"System","Hashes":"MD5=7469CC568AD6821FD9D925542730A7D8,SHA256=6FC3BF1FDFD76860BE782554F8D25BD32F108DB934D70F4253F1E5F23522E503,IMPHASH=F9BBD96FAE53B7A31264A703CAFA0666","ParentProcessGuid":"{53968da7-b1ff-6708-0b00-00000000fb00}","ParentProcessId":"740","ParentImage":"C:\\Windows\\System32\\services.exe","ParentCommandLine":"C:\\Windows\\system32\\services.exe","ParentUser":"NT AUTHORITY\\SYSTEM"}}
{"LogSource":"Microsoft-Windows-Sysmon/Operational","EventId":1,"TimeCreated":"2024-10-10T23:22:24.6954816-07:00","RecordId":171752,"MachineName":"Win10","EventData":{"RuleName":"-","UtcTime":"2024-10-11 06:22:24.693","ProcessGuid":"{53968da7-c420-6708-7602-00000000fb00}","ProcessId":"7472","Image":"C:\\Program Files\\Windows NT\\Accessories\\wordpad.exe","FileVersion":"10.0.19041.5007 (WinBuild.160101.0800)","Description":"Windows Wordpad Application","Product":"Microsoft® Windows® Operating System","Company":"Microsoft Corporation","OriginalFileName":"WORDPAD.EXE","CommandLine":"\"C:\\Program Files\\Windows NT\\Accessories\\wordpad.exe\" ","CurrentDirectory":"C:\\Windows\\system32\\","User":"WIN10\\richard","LogonGuid":"{53968da7-b202-6708-7195-020000000000}","LogonId":"0x29571","TerminalSessionId":"1","IntegrityLevel":"High","Hashes":"MD5=09B94F3F82679DAD1EB15827655D4754,SHA256=C91594A4539B971A59EC301154114F21D0FC86ECA43AE064FD4DA56D4856C009,IMPHASH=9315BEF4B5484B572936D208E8B654A0","ParentProcessGuid":"{53968da7-be30-6708-5201-00000000fb00}","ParentProcessId":"6876","ParentImage":"C:\\Windows\\System32\\WindowsPowerShell\\v1.0\\powershell_ise.exe","ParentCommandLine":"\"C:\\Windows\\system32\\WindowsPowerShell\\v1.0\\PowerShell_ISE.exe\" ","ParentUser":"WIN10\\richard"}}
{"LogSource":"Microsoft-Windows-Sysmon/Operational","EventId":1,"TimeCreated":"2024-10-10T23:23:04.8356797-07:00","RecordId":171753,"MachineName":"Win10","EventData":{"RuleName":"-","UtcTime":"2024-10-11 06:23:04.833","ProcessGuid":"{53968da7-c448-6708-7702-00000000fb00}","ProcessId":"1384","Image":"C:\\Program Files\\Google\\Chrome\\Application\\chrome.exe","FileVersion":"129.0.6668.100","Description":"Google Chrome","Product":"Google Chrome","Company":"Google LLC","OriginalFileName":"chrome.exe","CommandLine":"\"C:\\Program Files\\Google\\Chrome\\Application\\chrome.exe\" https://www.google.com ","CurrentDirectory":"C:\\Windows\\system32\\","User":"WIN10\\richard","LogonGuid":"{53968da7-b202-6708-7195-020000000000}","LogonId":"0x29571","TerminalSessionId":"1","IntegrityLevel":"High","Hashes":"MD5=47679449E8A738D8B1849668622E7C9E,SHA256=2D2A32CBCCED69610445D92965CA710EF2DA89C3788EBB98FF8612EBFFAC917B,IMPHASH=8AA69BFB46216FA413519FB53924B2F9","ParentProcessGuid":"{53968da7-be30-6708-5201-00000000fb00}","ParentProcessId":"6876","ParentImage":"C:\\Windows\\System32\\WindowsPowerShell\\v1.0\\powershell_ise.exe","ParentCommandLine":"\"C:\\Windows\\system32\\WindowsPowerShell\\v1.0\\PowerShell_ISE.exe\" ","ParentUser":"WIN10\\richard"}}
{"LogSource":"Microsoft-Windows-Sysmon/Operational","EventId":1,"TimeCreated":"2024-10-10T23:23:04.9695512-07:00","RecordId":171754,"MachineName":"Win10","EventData":{"RuleName":"-","UtcTime":"2024-10-11 06:23:04.964","ProcessGuid":"{53968da7-c448-6708-7b02-00000000fb00}","ProcessId":"1220","Image":"C:\\Program Files\\Google\\Chrome\\Application\\129.0.6668.100\\elevation_service.exe","FileVersion":"129.0.6668.100","Description":"Google Chrome","Product":"Google Chrome","Company":"Google LLC","OriginalFileName":"elevation_service.exe","CommandLine":"\"C:\\Program Files\\Google\\Chrome\\Application\\129.0.6668.100\\elevation_service.exe\"","CurrentDirectory":"C:\\Windows\\system32\\","User":"NT AUTHORITY\\SYSTEM","LogonGuid":"{53968da7-b200-6708-e703-000000000000}","LogonId":"0x3e7","TerminalSessionId":"0","IntegrityLevel":"System","Hashes":"MD5=472B2328D62FEC7E774166FD75C18FF6,SHA256=56291421DA56A296F3F0AEF18CA0FB3C0925779EEE7B4734A07A24E59348D9CE,IMPHASH=E2CE387C73E135211A0D2FF087A2F9F3","ParentProcessGuid":"{53968da7-b1ff-6708-0b00-00000000fb00}","ParentProcessId":"740","ParentImage":"C:\\Windows\\System32\\services.exe","ParentCommandLine":"C:\\Windows\\system32\\services.exe","ParentUser":"NT AUTHORITY\\SYSTEM"}}
{"LogSource":"Microsoft-Windows-Sysmon/Operational","EventId":22,"TimeCreated":"2024-10-10T23:23:07.3046265-07:00","RecordId":171755,"MachineName":"Win10","EventData":{"RuleName":"-","UtcTime":"2024-10-11 06:23:04.047","ProcessGuid":"{53968da7-c448-6708-7a02-00000000fb00}","ProcessId":"4200","QueryName":"wpad","QueryStatus":"9003","QueryResults":"-","Image":"C:\\Program Files\\Google\\Chrome\\Application\\chrome.exe","User":"WIN10\\richard"}}
{"LogSource":"Microsoft-Windows-Sysmon/Operational","EventId":22,"TimeCreated":"2024-10-10T23:23:07.3055151-07:00","RecordId":171756,"MachineName":"Win10","EventData":{"RuleName":"-","UtcTime":"2024-10-11 06:23:04.051","ProcessGuid":"{53968da7-c448-6708-7a02-00000000fb00}","ProcessId":"4200","QueryName":"wpad","QueryStatus":"9003","QueryResults":"-","Image":"C:\\Program Files\\Google\\Chrome\\Application\\chrome.exe","User":"WIN10\\richard"}}
{"LogSource":"Microsoft-Windows-Sysmon/Operational","EventId":22,"TimeCreated":"2024-10-10T23:23:07.3061619-07:00","RecordId":171757,"MachineName":"Win10","EventData":{"RuleName":"-","UtcTime":"2024-10-11 06:23:04.052","ProcessGuid":"{53968da7-c448-6708-7a02-00000000fb00}","ProcessId":"4200","QueryName":"wpad","QueryStatus":"9003","QueryResults":"-","Image":"C:\\Program Files\\Google\\Chrome\\Application\\chrome.exe","User":"WIN10\\richard"}}
{"LogSource":"Microsoft-Windows-Sysmon/Operational","EventId":22,"TimeCreated":"2024-10-10T23:23:15.3583072-07:00","RecordId":171758,"MachineName":"Win10","EventData":{"RuleName":"-","UtcTime":"2024-10-11 06:23:12.091","ProcessGuid":"{53968da7-c448-6708-7a02-00000000fb00}","ProcessId":"4200","QueryName":"wpad","QueryStatus":"9003","QueryResults":"-","Image":"C:\\Program Files\\Google\\Chrome\\Application\\chrome.exe","User":"WIN10\\richard"}}
{"LogSource":"Microsoft-Windows-Sysmon/Operational","EventId":1,"TimeCreated":"2024-10-10T23:23:23.9587642-07:00","RecordId":171759,"MachineName":"Win10","EventData":{"RuleName":"-","UtcTime":"2024-10-11 06:23:23.951","ProcessGuid":"{53968da7-c45b-6708-8702-00000000fb00}","ProcessId":"3204","Image":"C:\\Program Files (x86)\\Google\\GoogleUpdater\\130.0.6679.0\\updater.exe","FileVersion":"130.0.6679.0","Description":"Google Updater","Product":"Google Updater","Company":"Google LLC","OriginalFileName":"updater.exe","CommandLine":"\"C:\\Program Files (x86)\\Google\\GoogleUpdater\\130.0.6679.0\\updater.exe\" --system --windows-service --service=update","CurrentDirectory":"C:\\Windows\\system32\\","User":"NT AUTHORITY\\SYSTEM","LogonGuid":"{53968da7-b200-6708-e703-000000000000}","LogonId":"0x3e7","TerminalSessionId":"0","IntegrityLevel":"System","Hashes":"MD5=C583E91DDEE7C0E8AC2A3D3AACAD2F4C,SHA256=7F67129760223E5DDF31219F0B2E247555FBAC85F4B6F933212AC091A21DEBF9,IMPHASH=20AB254B36A04EA3556F60145D061FED","ParentProcessGuid":"{53968da7-b1ff-6708-0b00-00000000fb00}","ParentProcessId":"740","ParentImage":"C:\\Windows\\System32\\services.exe","ParentCommandLine":"C:\\Windows\\system32\\services.exe","ParentUser":"NT AUTHORITY\\SYSTEM"}}
