{"LogSource":"Microsoft-Windows-Sysmon/Operational","EventId":22,"TimeCreated":"2024-10-11T00:16:23.1341615-07:00","RecordId":173031,"MachineName":"Win10","EventData":{"RuleName":"-","UtcTime":"2024-10-11 07:16:20.394","ProcessGuid":"{53968da7-d0c4-6708-2704-00000000fb00}","ProcessId":"2352","QueryName":"example.org","QueryStatus":"0","QueryResults":"2606:2800:21f:cb07:6820:80da:af6b:8b2c;","Image":"C:\\Program Files\\Mozilla Firefox\\firefox.exe","User":"WIN10\\richard"}}
{"LogSource":"Microsoft-Windows-Sysmon/Operational","EventId":22,"TimeCreated":"2024-10-11T00:16:23.1341895-07:00","RecordId":173032,"MachineName":"Win10","EventData":{"RuleName":"-","UtcTime":"2024-10-11 07:16:20.394","ProcessGuid":"{53968da7-d0c4-6708-2704-00000000fb00}","ProcessId":"2352","QueryName":"detectportal.firefox.com","QueryStatus":"0","QueryResults":"type:  5 detectportal.prod.mozaws.net;type:  5 prod.detectportal.prod.cloudops.mozgcp.net;2600:1901:0:38d7::;::ffff:34.107.221.82;","Image":"C:\\Program Files\\Mozilla Firefox\\firefox.exe","User":"WIN10\\richard"}}
{"LogSource":"Microsoft-Windows-Sysmon/Operational","EventId":22,"TimeCreated":"2024-10-11T00:16:23.1342348-07:00","RecordId":173033,"MachineName":"Win10","EventData":{"RuleName":"-","UtcTime":"2024-10-11 07:16:20.395","ProcessGuid":"{53968da7-d0c4-6708-2704-00000000fb00}","ProcessId":"2352","QueryName":"prod.detectportal.prod.cloudops.mozgcp.net","QueryStatus":"0","QueryResults":"34.107.221.82;","Image":"C:\\Program Files\\Mozilla Firefox\\firefox.exe","User":"WIN10\\richard"}}
{"LogSource":"Microsoft-Windows-Sysmon/Operational","EventId":22,"TimeCreated":"2024-10-11T00:16:23.1343039-07:00","RecordId":173034,"MachineName":"Win10","EventData":{"RuleName":"-","UtcTime":"2024-10-11 07:16:20.395","ProcessGuid":"{53968da7-d0c4-6708-2704-00000000fb00}","ProcessId":"2352","QueryName":"prod.detectportal.prod.cloudops.mozgcp.net","QueryStatus":"0","QueryResults":"2600:1901:0:38d7::;","Image":"C:\\Program Files\\Mozilla Firefox\\firefox.exe","User":"WIN10\\richard"}}
{"LogSource":"Microsoft-Windows-Sysmon/Operational","EventId":1,"TimeCreated":"2024-10-11T00:16:25.1985309-07:00","RecordId":173036,"MachineName":"Win10","EventData":{"RuleName":"-","UtcTime":"2024-10-11 07:16:25.189","ProcessGuid":"{53968da7-d0c9-6708-3404-00000000fb00}","ProcessId":"3768","Image":"C:\\Windows\\System32\\taskkill.exe","FileVersion":"10.0.19041.1 (WinBuild.160101.0800)","Description":"Terminates Processes","Product":"Microsoft® Windows® Operating System","Company":"Microsoft Corporation","OriginalFileName":"taskkill.exe","CommandLine":"taskkill  /F /PID System.Diagnostics.Process (firefox).Id ","CurrentDirectory":"C:\\Windows\\system32\\","User":"WIN10\\richard","LogonGuid":"{53968da7-b202-6708-7195-020000000000}","LogonId":"0x29571","TerminalSessionId":"1","IntegrityLevel":"High","Hashes":"MD5=A599D3B2FAFBDE4C1A6D7D0F839451C7,SHA256=56F8CC2C1790C389394733B84C3FB55E10977E9F0FE0C08110AC11F0FE47F05E,IMPHASH=71212588549FB37A46C8556278F180CD","ParentProcessGuid":"{53968da7-d0c9-6708-3204-00000000fb00}","ParentProcessId":"7900","ParentImage":"C:\\Windows\\System32\\cmd.exe","ParentCommandLine":"\"C:\\Windows\\system32\\cmd.exe\" /c taskkill /F /PID System.Diagnostics.Process (firefox).Id ","ParentUser":"WIN10\\richard"}}
{"LogSource":"Microsoft-Windows-Sysmon/Operational","EventId":1,"TimeCreated":"2024-10-11T00:16:25.1406797-07:00","RecordId":173035,"MachineName":"Win10","EventData":{"RuleName":"-","UtcTime":"2024-10-11 07:16:25.129","ProcessGuid":"{53968da7-d0c9-6708-3204-00000000fb00}","ProcessId":"7900","Image":"C:\\Windows\\System32\\cmd.exe","FileVersion":"10.0.19041.4355 (WinBuild.160101.0800)","Description":"Windows Command Processor","Product":"Microsoft® Windows® Operating System","Company":"Microsoft Corporation","OriginalFileName":"Cmd.Exe","CommandLine":"\"C:\\Windows\\system32\\cmd.exe\" /c taskkill /F /PID System.Diagnostics.Process (firefox).Id ","CurrentDirectory":"C:\\Windows\\system32\\","User":"WIN10\\richard","LogonGuid":"{53968da7-b202-6708-7195-020000000000}","LogonId":"0x29571","TerminalSessionId":"1","IntegrityLevel":"High","Hashes":"MD5=2B40C98ED0F7A1D3B091A3E8353132DC,SHA256=BADF4752413CB0CBDC03FB95820CA167F0CDC63B597CCDB5EF43111180E088B0,IMPHASH=272245E2988E1E430500B852C4FB5E18","ParentProcessGuid":"{53968da7-be30-6708-5201-00000000fb00}","ParentProcessId":"6876","ParentImage":"C:\\Windows\\System32\\WindowsPowerShell\\v1.0\\powershell_ise.exe","ParentCommandLine":"\"C:\\Windows\\system32\\WindowsPowerShell\\v1.0\\PowerShell_ISE.exe\" ","ParentUser":"WIN10\\richard"}}
{"LogSource":"Microsoft-Windows-Sysmon/Operational","EventId":1,"TimeCreated":"2024-10-11T00:16:28.1761273-07:00","RecordId":173037,"MachineName":"Win10","EventData":{"RuleName":"-","UtcTime":"2024-10-11 07:16:28.172","ProcessGuid":"{53968da7-d0cc-6708-3504-00000000fb00}","ProcessId":"1756","Image":"C:\\Windows\\System32\\write.exe","FileVersion":"10.0.19041.1 (WinBuild.160101.0800)","Description":"Windows Write","Product":"Microsoft® Windows® Operating System","Company":"Microsoft Corporation","OriginalFileName":"write","CommandLine":"\"C:\\Windows\\system32\\write.exe\" ","CurrentDirectory":"C:\\Windows\\system32\\","User":"WIN10\\richard","LogonGuid":"{53968da7-b202-6708-7195-020000000000}","LogonId":"0x29571","TerminalSessionId":"1","IntegrityLevel":"High","Hashes":"MD5=B947CCA7F485F6C1156F4D02E8C9874F,SHA256=A70D52EDA892EDC073932B462CC367CDBFBACE3F4196857D8D4FA869A13DE792,IMPHASH=90A23F469BA0443719430CBA4569B220","ParentProcessGuid":"{53968da7-be30-6708-5201-00000000fb00}","ParentProcessId":"6876","ParentImage":"C:\\Windows\\System32\\WindowsPowerShell\\v1.0\\powershell_ise.exe","ParentCommandLine":"\"C:\\Windows\\system32\\WindowsPowerShell\\v1.0\\PowerShell_ISE.exe\" ","ParentUser":"WIN10\\richard"}}
{"LogSource":"Microsoft-Windows-Sysmon/Operational","EventId":1,"TimeCreated":"2024-10-11T00:16:28.2250122-07:00","RecordId":173038,"MachineName":"Win10","EventData":{"RuleName":"-","UtcTime":"2024-10-11 07:16:28.222","ProcessGuid":"{53968da7-d0cc-6708-3604-00000000fb00}","ProcessId":"8296","Image":"C:\\Program Files\\Windows NT\\Accessories\\wordpad.exe","FileVersion":"10.0.19041.5007 (WinBuild.160101.0800)","Description":"Windows Wordpad Application","Product":"Microsoft® Windows® Operating System","Company":"Microsoft Corporation","OriginalFileName":"WORDPAD.EXE","CommandLine":"\"C:\\Program Files\\Windows NT\\Accessories\\wordpad.exe\" ","CurrentDirectory":"C:\\Windows\\system32\\","User":"WIN10\\richard","LogonGuid":"{53968da7-b202-6708-7195-020000000000}","LogonId":"0x29571","TerminalSessionId":"1","IntegrityLevel":"High","Hashes":"MD5=09B94F3F82679DAD1EB15827655D4754,SHA256=C91594A4539B971A59EC301154114F21D0FC86ECA43AE064FD4DA56D4856C009,IMPHASH=9315BEF4B5484B572936D208E8B654A0","ParentProcessGuid":"{53968da7-d0cc-6708-3504-00000000fb00}","ParentProcessId":"1756","ParentImage":"C:\\Windows\\System32\\write.exe","ParentCommandLine":"\"C:\\Windows\\system32\\write.exe\" ","ParentUser":"WIN10\\richard"}}
{"LogSource":"Microsoft-Windows-Sysmon/Operational","EventId":22,"TimeCreated":"2024-10-11T00:17:23.3804676-07:00","RecordId":173039,"MachineName":"Win10","EventData":{"RuleName":"-","UtcTime":"2024-10-11 07:17:19.238","ProcessGuid":"{53968da7-b200-6708-1900-00000000fb00}","ProcessId":"1388","QueryName":"x1.c.lencr.org","QueryStatus":"0","QueryResults":"type:  5 crl.root-x1.letsencrypt.org.edgekey.net;type:  5 e8652.dscx.akamaiedge.net;2600:140a:1000:58d::21cc;2600:140a:1000:58a::21cc;::ffff:2.22.73.51;","Image":"C:\\Windows\\System32\\svchost.exe","User":"NT AUTHORITY\\NETWORK SERVICE"}}
{"LogSource":"Microsoft-Windows-Sysmon/Operational","EventId":1,"TimeCreated":"2024-10-11T00:18:24.2674850-07:00","RecordId":173040,"MachineName":"Win10","EventData":{"RuleName":"-","UtcTime":"2024-10-11 07:18:24.265","ProcessGuid":"{53968da7-d140-6708-3904-00000000fb00}","ProcessId":"6092","Image":"C:\\Program Files\\Mozilla Firefox\\firefox.exe","FileVersion":"131.0.2","Description":"Firefox","Product":"Firefox","Company":"Mozilla Corporation","OriginalFileName":"firefox.exe","CommandLine":"\"C:\\Program Files\\Mozilla Firefox\\firefox.exe\" https://www.nationalgeographic.com ","CurrentDirectory":"C:\\Windows\\system32\\","User":"WIN10\\richard","LogonGuid":"{53968da7-b202-6708-7195-020000000000}","LogonId":"0x29571","TerminalSessionId":"1","IntegrityLevel":"High","Hashes":"MD5=571814A7939D001662BBA7760BD0B187,SHA256=9725AFC685C8EE135701E140A83B94FE7D958360A1F546215F7EAFDFF5E53A83,IMPHASH=BB4CE52E8306F88C0B1DA570553704E4","ParentProcessGuid":"{53968da7-be30-6708-5201-00000000fb00}","ParentProcessId":"6876","ParentImage":"C:\\Windows\\System32\\WindowsPowerShell\\v1.0\\powershell_ise.exe","ParentCommandLine":"\"C:\\Windows\\system32\\WindowsPowerShell\\v1.0\\PowerShell_ISE.exe\" ","ParentUser":"WIN10\\richard"}}
{"LogSource":"Microsoft-Windows-Sysmon/Operational","EventId":1,"TimeCreated":"2024-10-11T00:18:24.3006434-07:00","RecordId":173041,"MachineName":"Win10","EventData":{"RuleName":"-","UtcTime":"2024-10-11 07:18:24.299","ProcessGuid":"{53968da7-d140-6708-3a04-00000000fb00}","ProcessId":"784","Image":"C:\\Program Files\\Mozilla Firefox\\firefox.exe","FileVersion":"131.0.2","Description":"Firefox","Product":"Firefox","Company":"Mozilla Corporation","OriginalFileName":"firefox.exe","CommandLine":"\"C:\\Program Files\\Mozilla Firefox\\firefox.exe\" https://www.nationalgeographic.com --attempting-deelevation","CurrentDirectory":"C:\\Windows\\system32\\","User":"WIN10\\richard","LogonGuid":"{53968da7-b202-6708-c295-020000000000}","LogonId":"0x295c2","TerminalSessionId":"1","IntegrityLevel":"Medium","Hashes":"MD5=571814A7939D001662BBA7760BD0B187,SHA256=9725AFC685C8EE135701E140A83B94FE7D958360A1F546215F7EAFDFF5E53A83,IMPHASH=BB4CE52E8306F88C0B1DA570553704E4","ParentProcessGuid":"{53968da7-b203-6708-4f00-00000000fb00}","ParentProcessId":"4396","ParentImage":"C:\\Windows\\explorer.exe","ParentCommandLine":"C:\\Windows\\Explorer.EXE","ParentUser":"WIN10\\richard"}}
{"LogSource":"Microsoft-Windows-Sysmon/Operational","EventId":1,"TimeCreated":"2024-10-11T00:18:24.3096390-07:00","RecordId":173042,"MachineName":"Win10","EventData":{"RuleName":"-","UtcTime":"2024-10-11 07:18:24.307","ProcessGuid":"{53968da7-d140-6708-3b04-00000000fb00}","ProcessId":"6396","Image":"C:\\Program Files\\Mozilla Firefox\\firefox.exe","FileVersion":"131.0.2","Description":"Firefox","Product":"Firefox","Company":"Mozilla Corporation","OriginalFileName":"firefox.exe","CommandLine":"\"C:\\Program Files\\Mozilla Firefox\\firefox.exe\" https://www.nationalgeographic.com","CurrentDirectory":"C:\\Windows\\system32\\","User":"WIN10\\richard","LogonGuid":"{53968da7-b202-6708-c295-020000000000}","LogonId":"0x295c2","TerminalSessionId":"1","IntegrityLevel":"Medium","Hashes":"MD5=571814A7939D001662BBA7760BD0B187,SHA256=9725AFC685C8EE135701E140A83B94FE7D958360A1F546215F7EAFDFF5E53A83,IMPHASH=BB4CE52E8306F88C0B1DA570553704E4","ParentProcessGuid":"{53968da7-d140-6708-3a04-00000000fb00}","ParentProcessId":"784","ParentImage":"C:\\Program Files\\Mozilla Firefox\\firefox.exe","ParentCommandLine":"\"C:\\Program Files\\Mozilla Firefox\\firefox.exe\" https://www.nationalgeographic.com --attempting-deelevation","ParentUser":"WIN10\\richard"}}
{"LogSource":"Microsoft-Windows-Sysmon/Operational","EventId":1,"TimeCreated":"2024-10-11T00:18:24.4887097-07:00","RecordId":173043,"MachineName":"Win10","EventData":{"RuleName":"-","UtcTime":"2024-10-11 07:18:24.486","ProcessGuid":"{53968da7-d140-6708-3c04-00000000fb00}","ProcessId":"4596","Image":"C:\\Program Files\\Mozilla Firefox\\firefox.exe","FileVersion":"131.0.2","Description":"Firefox","Product":"Firefox","Company":"Mozilla Corporation","OriginalFileName":"firefox.exe","CommandLine":"\"C:\\Program Files\\Mozilla Firefox\\firefox.exe\" -contentproc --channel=1652 -parentBuildID 20241008210941 -prefsHandle 1580 -prefMapHandle 1572 -prefsLen 30861 -prefMapSize 263055 -appDir \"C:\\Program Files\\Mozilla Firefox\\browser\" - {c949a33b-63a6-4760-b780-57ea740e873f} 6396 \"\\\\.\\pipe\\gecko-crash-server-pipe.6396\" 1 gpu","CurrentDirectory":"C:\\Windows\\system32\\","User":"WIN10\\richard","LogonGuid":"{53968da7-b202-6708-c295-020000000000}","LogonId":"0x295c2","TerminalSessionId":"1","IntegrityLevel":"Low","Hashes":"MD5=571814A7939D001662BBA7760BD0B187,SHA256=9725AFC685C8EE135701E140A83B94FE7D958360A1F546215F7EAFDFF5E53A83,IMPHASH=BB4CE52E8306F88C0B1DA570553704E4","ParentProcessGuid":"{53968da7-d140-6708-3b04-00000000fb00}","ParentProcessId":"6396","ParentImage":"C:\\Program Files\\Mozilla Firefox\\firefox.exe","ParentCommandLine":"\"C:\\Program Files\\Mozilla Firefox\\firefox.exe\" https://www.nationalgeographic.com","ParentUser":"WIN10\\richard"}}
{"LogSource":"Microsoft-Windows-Sysmon/Operational","EventId":1,"TimeCreated":"2024-10-11T00:18:24.5712012-07:00","RecordId":173044,"MachineName":"Win10","EventData":{"RuleName":"-","UtcTime":"2024-10-11 07:18:24.569","ProcessGuid":"{53968da7-d140-6708-3d04-00000000fb00}","ProcessId":"5708","Image":"C:\\Program Files\\Mozilla Firefox\\firefox.exe","FileVersion":"131.0.2","Description":"Firefox","Product":"Firefox","Company":"Mozilla Corporation","OriginalFileName":"firefox.exe","CommandLine":"\"C:\\Program Files\\Mozilla Firefox\\firefox.exe\"","CurrentDirectory":"C:\\Windows\\system32\\","User":"WIN10\\richard","LogonGuid":"{53968da7-b202-6708-c295-020000000000}","LogonId":"0x295c2","TerminalSessionId":"1","IntegrityLevel":"Medium","Hashes":"MD5=571814A7939D001662BBA7760BD0B187,SHA256=9725AFC685C8EE135701E140A83B94FE7D958360A1F546215F7EAFDFF5E53A83,IMPHASH=BB4CE52E8306F88C0B1DA570553704E4","ParentProcessGuid":"{53968da7-d140-6708-3b04-00000000fb00}","ParentProcessId":"6396","ParentImage":"C:\\Program Files\\Mozilla Firefox\\firefox.exe","ParentCommandLine":"\"C:\\Program Files\\Mozilla Firefox\\firefox.exe\" https://www.nationalgeographic.com","ParentUser":"WIN10\\richard"}}
{"LogSource":"Microsoft-Windows-Sysmon/Operational","EventId":1,"TimeCreated":"2024-10-11T00:18:24.5795008-07:00","RecordId":173045,"MachineName":"Win10","EventData":{"RuleName":"-","UtcTime":"2024-10-11 07:18:24.577","ProcessGuid":"{53968da7-d140-6708-3e04-00000000fb00}","ProcessId":"1280","Image":"C:\\Program Files\\Mozilla Firefox\\firefox.exe","FileVersion":"131.0.2","Description":"Firefox","Product":"Firefox","Company":"Mozilla Corporation","OriginalFileName":"firefox.exe","CommandLine":"\"C:\\Program Files\\Mozilla Firefox\\firefox.exe\"","CurrentDirectory":"C:\\Windows\\system32\\","User":"WIN10\\richard","LogonGuid":"{53968da7-b202-6708-c295-020000000000}","LogonId":"0x295c2","TerminalSessionId":"1","IntegrityLevel":"Medium","Hashes":"MD5=571814A7939D001662BBA7760BD0B187,SHA256=9725AFC685C8EE135701E140A83B94FE7D958360A1F546215F7EAFDFF5E53A83,IMPHASH=BB4CE52E8306F88C0B1DA570553704E4","ParentProcessGuid":"{53968da7-d140-6708-3d04-00000000fb00}","ParentProcessId":"5708","ParentImage":"C:\\Program Files\\Mozilla Firefox\\firefox.exe","ParentCommandLine":"\"C:\\Program Files\\Mozilla Firefox\\firefox.exe\"","ParentUser":"WIN10\\richard"}}
{"LogSource":"Microsoft-Windows-Sysmon/Operational","EventId":1,"TimeCreated":"2024-10-11T00:18:24.7596291-07:00","RecordId":173046,"MachineName":"Win10","EventData":{"RuleName":"-","UtcTime":"2024-10-11 07:18:24.757","ProcessGuid":"{53968da7-d140-6708-3f04-00000000fb00}","ProcessId":"7676","Image":"C:\\Program Files\\Mozilla Firefox\\firefox.exe","FileVersion":"131.0.2","Description":"Firefox","Product":"Firefox","Company":"Mozilla Corporation","OriginalFileName":"firefox.exe","CommandLine":"\"C:\\Program Files\\Mozilla Firefox\\firefox.exe\" -contentproc --channel=1904 -parentBuildID 20241008210941 -prefsHandle 1832 -prefMapHandle 1800 -prefsLen 30861 -prefMapSize 263055 -appDir \"C:\\Program Files\\Mozilla Firefox\\browser\" - {ddc27ecb-27d3-4829-aaca-3792cd9bd8eb} 1280 \"\\\\.\\pipe\\gecko-crash-server-pipe.1280\" 1 gpu","CurrentDirectory":"C:\\Windows\\system32\\","User":"WIN10\\richard","LogonGuid":"{53968da7-b202-6708-c295-020000000000}","LogonId":"0x295c2","TerminalSessionId":"1","IntegrityLevel":"Low","Hashes":"MD5=571814A7939D001662BBA7760BD0B187,SHA256=9725AFC685C8EE135701E140A83B94FE7D958360A1F546215F7EAFDFF5E53A83,IMPHASH=BB4CE52E8306F88C0B1DA570553704E4","ParentProcessGuid":"{53968da7-d140-6708-3e04-00000000fb00}","ParentProcessId":"1280","ParentImage":"C:\\Program Files\\Mozilla Firefox\\firefox.exe","ParentCommandLine":"\"C:\\Program Files\\Mozilla Firefox\\firefox.exe\"","ParentUser":"WIN10\\richard"}}
{"LogSource":"Microsoft-Windows-Sysmon/Operational","EventId":1,"TimeCreated":"2024-10-11T00:18:24.8121180-07:00","RecordId":173047,"MachineName":"Win10","EventData":{"RuleName":"-","UtcTime":"2024-10-11 07:18:24.809","ProcessGuid":"{53968da7-d140-6708-4004-00000000fb00}","ProcessId":"7904","Image":"C:\\Program Files\\Mozilla Firefox\\firefox.exe","FileVersion":"131.0.2","Description":"Firefox","Product":"Firefox","Company":"Mozilla Corporation","OriginalFileName":"firefox.exe","CommandLine":"\"C:\\Program Files\\Mozilla Firefox\\firefox.exe\" -contentproc --channel=2340 -parentBuildID 20241008210941 -prefsHandle 2332 -prefMapHandle 2328 -prefsLen 30897 -prefMapSize 263055 -win32kLockedDown -appDir \"C:\\Program Files\\Mozilla Firefox\\browser\" - {1ab4b22f-099c-4c04-9d39-43e2b9ef3177} 1280 \"\\\\.\\pipe\\gecko-crash-server-pipe.1280\" 2 socket","CurrentDirectory":"C:\\Windows\\system32\\","User":"WIN10\\richard","LogonGuid":"{53968da7-b202-6708-c295-020000000000}","LogonId":"0x295c2","TerminalSessionId":"1","IntegrityLevel":"Low","Hashes":"MD5=571814A7939D001662BBA7760BD0B187,SHA256=9725AFC685C8EE135701E140A83B94FE7D958360A1F546215F7EAFDFF5E53A83,IMPHASH=BB4CE52E8306F88C0B1DA570553704E4","ParentProcessGuid":"{53968da7-d140-6708-3e04-00000000fb00}","ParentProcessId":"1280","ParentImage":"C:\\Program Files\\Mozilla Firefox\\firefox.exe","ParentCommandLine":"\"C:\\Program Files\\Mozilla Firefox\\firefox.exe\"","ParentUser":"WIN10\\richard"}}
{"LogSource":"Microsoft-Windows-Sysmon/Operational","EventId":22,"TimeCreated":"2024-10-11T00:19:26.0713351-07:00","RecordId":173048,"MachineName":"Win10","EventData":{"RuleName":"-","UtcTime":"2024-10-11 07:19:23.823","ProcessGuid":"{53968da7-d140-6708-3e04-00000000fb00}","ProcessId":"1280","QueryName":"detectportal.firefox.com","QueryStatus":"0","QueryResults":"type:  5 detectportal.prod.mozaws.net;type:  5 prod.detectportal.prod.cloudops.mozgcp.net;2600:1901:0:38d7::;::ffff:34.107.221.82;","Image":"C:\\Program Files\\Mozilla Firefox\\firefox.exe","User":"WIN10\\richard"}}
{"LogSource":"Microsoft-Windows-Sysmon/Operational","EventId":22,"TimeCreated":"2024-10-11T00:19:26.0716075-07:00","RecordId":173049,"MachineName":"Win10","EventData":{"RuleName":"-","UtcTime":"2024-10-11 07:19:23.825","ProcessGuid":"{53968da7-d140-6708-3e04-00000000fb00}","ProcessId":"1280","QueryName":"prod.detectportal.prod.cloudops.mozgcp.net","QueryStatus":"0","QueryResults":"34.107.221.82;","Image":"C:\\Program Files\\Mozilla Firefox\\firefox.exe","User":"WIN10\\richard"}}
{"LogSource":"Microsoft-Windows-Sysmon/Operational","EventId":22,"TimeCreated":"2024-10-11T00:19:26.0718585-07:00","RecordId":173051,"MachineName":"Win10","EventData":{"RuleName":"-","UtcTime":"2024-10-11 07:19:23.852","ProcessGuid":"{53968da7-d140-6708-3e04-00000000fb00}","ProcessId":"1280","QueryName":"example.org","QueryStatus":"0","QueryResults":"93.184.215.14;","Image":"C:\\Program Files\\Mozilla Firefox\\firefox.exe","User":"WIN10\\richard"}}
{"LogSource":"Microsoft-Windows-Sysmon/Operational","EventId":22,"TimeCreated":"2024-10-11T00:19:26.0720143-07:00","RecordId":173052,"MachineName":"Win10","EventData":{"RuleName":"-","UtcTime":"2024-10-11 07:19:23.852","ProcessGuid":"{53968da7-d140-6708-3e04-00000000fb00}","ProcessId":"1280","QueryName":"example.org","QueryStatus":"0","QueryResults":"2606:2800:21f:cb07:6820:80da:af6b:8b2c;::ffff:93.184.215.14;","Image":"C:\\Program Files\\Mozilla Firefox\\firefox.exe","User":"WIN10\\richard"}}
{"LogSource":"Microsoft-Windows-Sysmon/Operational","EventId":22,"TimeCreated":"2024-10-11T00:19:26.0717199-07:00","RecordId":173050,"MachineName":"Win10","EventData":{"RuleName":"-","UtcTime":"2024-10-11 07:19:23.825","ProcessGuid":"{53968da7-d140-6708-3e04-00000000fb00}","ProcessId":"1280","QueryName":"prod.detectportal.prod.cloudops.mozgcp.net","QueryStatus":"0","QueryResults":"2600:1901:0:38d7::;","Image":"C:\\Program Files\\Mozilla Firefox\\firefox.exe","User":"WIN10\\richard"}}
{"LogSource":"Microsoft-Windows-Sysmon/Operational","EventId":22,"TimeCreated":"2024-10-11T00:19:27.0874548-07:00","RecordId":173053,"MachineName":"Win10","EventData":{"RuleName":"-","UtcTime":"2024-10-11 07:19:23.853","ProcessGuid":"{53968da7-d140-6708-3e04-00000000fb00}","ProcessId":"1280","QueryName":"example.org","QueryStatus":"0","QueryResults":"2606:2800:21f:cb07:6820:80da:af6b:8b2c;","Image":"C:\\Program Files\\Mozilla Firefox\\firefox.exe","User":"WIN10\\richard"}}
{"LogSource":"Microsoft-Windows-Sysmon/Operational","EventId":22,"TimeCreated":"2024-10-11T00:19:27.0876256-07:00","RecordId":173054,"MachineName":"Win10","EventData":{"RuleName":"-","UtcTime":"2024-10-11 07:19:23.855","ProcessGuid":"{53968da7-d140-6708-3e04-00000000fb00}","ProcessId":"1280","QueryName":"private.canadianshield.cira.ca","QueryStatus":"0","QueryResults":"2620:10a:80bb::10;2620:10a:80bc::10;::ffff:149.112.122.10;::ffff:149.112.121.10;","Image":"C:\\Program Files\\Mozilla Firefox\\firefox.exe","User":"WIN10\\richard"}}
{"LogSource":"Microsoft-Windows-Sysmon/Operational","EventId":22,"TimeCreated":"2024-10-11T00:19:27.0879435-07:00","RecordId":173056,"MachineName":"Win10","EventData":{"RuleName":"-","UtcTime":"2024-10-11 07:19:23.856","ProcessGuid":"{53968da7-d140-6708-3e04-00000000fb00}","ProcessId":"1280","QueryName":"private.canadianshield.cira.ca","QueryStatus":"0","QueryResults":"2620:10a:80bc::10;2620:10a:80bb::10;","Image":"C:\\Program Files\\Mozilla Firefox\\firefox.exe","User":"WIN10\\richard"}}
{"LogSource":"Microsoft-Windows-Sysmon/Operational","EventId":22,"TimeCreated":"2024-10-11T00:19:27.0878301-07:00","RecordId":173055,"MachineName":"Win10","EventData":{"RuleName":"-","UtcTime":"2024-10-11 07:19:23.855","ProcessGuid":"{53968da7-d140-6708-3e04-00000000fb00}","ProcessId":"1280","QueryName":"private.canadianshield.cira.ca","QueryStatus":"0","QueryResults":"149.112.121.10;149.112.122.10;","Image":"C:\\Program Files\\Mozilla Firefox\\firefox.exe","User":"WIN10\\richard"}}
{"LogSource":"Microsoft-Windows-Sysmon/Operational","EventId":1,"TimeCreated":"2024-10-11T00:20:30.3907603-07:00","RecordId":173057,"MachineName":"Win10","EventData":{"RuleName":"-","UtcTime":"2024-10-11 07:20:30.384","ProcessGuid":"{53968da7-d1be-6708-4104-00000000fb00}","ProcessId":"700","Image":"C:\\Windows\\System32\\control.exe","FileVersion":"10.0.19041.4355 (WinBuild.160101.0800)","Description":"Windows Control Panel","Product":"Microsoft® Windows® Operating System","Company":"Microsoft Corporation","OriginalFileName":"CONTROL.EXE","CommandLine":"\"C:\\Windows\\system32\\control.exe\" ","CurrentDirectory":"C:\\Windows\\system32\\","User":"WIN10\\richard","LogonGuid":"{53968da7-b202-6708-7195-020000000000}","LogonId":"0x29571","TerminalSessionId":"1","IntegrityLevel":"High","Hashes":"MD5=8132AE658079C0CACCF3D25ECFFA4ADC,SHA256=23DC40444364DE9E911579A301CF91BE3174045234713601F8E85A983AFC1107,IMPHASH=ED7ECF5DCE55D515F7FE036FCAEBFF1A","ParentProcessGuid":"{53968da7-be30-6708-5201-00000000fb00}","ParentProcessId":"6876","ParentImage":"C:\\Windows\\System32\\WindowsPowerShell\\v1.0\\powershell_ise.exe","ParentCommandLine":"\"C:\\Windows\\system32\\WindowsPowerShell\\v1.0\\PowerShell_ISE.exe\" ","ParentUser":"WIN10\\richard"}}
{"LogSource":"Microsoft-Windows-Sysmon/Operational","EventId":1,"TimeCreated":"2024-10-11T00:21:14.5321820-07:00","RecordId":173058,"MachineName":"Win10","EventData":{"RuleName":"-","UtcTime":"2024-10-11 07:21:14.529","ProcessGuid":"{53968da7-d1ea-6708-4204-00000000fb00}","ProcessId":"8868","Image":"C:\\Program Files\\Mozilla Firefox\\firefox.exe","FileVersion":"131.0.2","Description":"Firefox","Product":"Firefox","Company":"Mozilla Corporation","OriginalFileName":"firefox.exe","CommandLine":"\"C:\\Program Files\\Mozilla Firefox\\firefox.exe\" https://www.facebook.com ","CurrentDirectory":"C:\\Windows\\system32\\","User":"WIN10\\richard","LogonGuid":"{53968da7-b202-6708-7195-020000000000}","LogonId":"0x29571","TerminalSessionId":"1","IntegrityLevel":"High","Hashes":"MD5=571814A7939D001662BBA7760BD0B187,SHA256=9725AFC685C8EE135701E140A83B94FE7D958360A1F546215F7EAFDFF5E53A83,IMPHASH=BB4CE52E8306F88C0B1DA570553704E4","ParentProcessGuid":"{53968da7-be30-6708-5201-00000000fb00}","ParentProcessId":"6876","ParentImage":"C:\\Windows\\System32\\WindowsPowerShell\\v1.0\\powershell_ise.exe","ParentCommandLine":"\"C:\\Windows\\system32\\WindowsPowerShell\\v1.0\\PowerShell_ISE.exe\" ","ParentUser":"WIN10\\richard"}}
{"LogSource":"Microsoft-Windows-Sysmon/Operational","EventId":1,"TimeCreated":"2024-10-11T00:21:14.5669601-07:00","RecordId":173059,"MachineName":"Win10","EventData":{"RuleName":"-","UtcTime":"2024-10-11 07:21:14.564","ProcessGuid":"{53968da7-d1ea-6708-4304-00000000fb00}","ProcessId":"7100","Image":"C:\\Program Files\\Mozilla Firefox\\firefox.exe","FileVersion":"131.0.2","Description":"Firefox","Product":"Firefox","Company":"Mozilla Corporation","OriginalFileName":"firefox.exe","CommandLine":"\"C:\\Program Files\\Mozilla Firefox\\firefox.exe\" https://www.facebook.com --attempting-deelevation","CurrentDirectory":"C:\\Windows\\system32\\","User":"WIN10\\richard","LogonGuid":"{53968da7-b202-6708-c295-020000000000}","LogonId":"0x295c2","TerminalSessionId":"1","IntegrityLevel":"Medium","Hashes":"MD5=571814A7939D001662BBA7760BD0B187,SHA256=9725AFC685C8EE135701E140A83B94FE7D958360A1F546215F7EAFDFF5E53A83,IMPHASH=BB4CE52E8306F88C0B1DA570553704E4","ParentProcessGuid":"{53968da7-b203-6708-4f00-00000000fb00}","ParentProcessId":"4396","ParentImage":"C:\\Windows\\explorer.exe","ParentCommandLine":"C:\\Windows\\Explorer.EXE","ParentUser":"WIN10\\richard"}}
{"LogSource":"Microsoft-Windows-Sysmon/Operational","EventId":1,"TimeCreated":"2024-10-11T00:21:14.5763937-07:00","RecordId":173060,"MachineName":"Win10","EventData":{"RuleName":"-","UtcTime":"2024-10-11 07:21:14.574","ProcessGuid":"{53968da7-d1ea-6708-4404-00000000fb00}","ProcessId":"1172","Image":"C:\\Program Files\\Mozilla Firefox\\firefox.exe","FileVersion":"131.0.2","Description":"Firefox","Product":"Firefox","Company":"Mozilla Corporation","OriginalFileName":"firefox.exe","CommandLine":"\"C:\\Program Files\\Mozilla Firefox\\firefox.exe\" https://www.facebook.com","CurrentDirectory":"C:\\Windows\\system32\\","User":"WIN10\\richard","LogonGuid":"{53968da7-b202-6708-c295-020000000000}","LogonId":"0x295c2","TerminalSessionId":"1","IntegrityLevel":"Medium","Hashes":"MD5=571814A7939D001662BBA7760BD0B187,SHA256=9725AFC685C8EE135701E140A83B94FE7D958360A1F546215F7EAFDFF5E53A83,IMPHASH=BB4CE52E8306F88C0B1DA570553704E4","ParentProcessGuid":"{53968da7-d1ea-6708-4304-00000000fb00}","ParentProcessId":"7100","ParentImage":"C:\\Program Files\\Mozilla Firefox\\firefox.exe","ParentCommandLine":"\"C:\\Program Files\\Mozilla Firefox\\firefox.exe\" https://www.facebook.com --attempting-deelevation","ParentUser":"WIN10\\richard"}}
{"LogSource":"Microsoft-Windows-Sysmon/Operational","EventId":1,"TimeCreated":"2024-10-11T00:21:14.7542005-07:00","RecordId":173061,"MachineName":"Win10","EventData":{"RuleName":"-","UtcTime":"2024-10-11 07:21:14.748","ProcessGuid":"{53968da7-d1ea-6708-4504-00000000fb00}","ProcessId":"4880","Image":"C:\\Program Files\\Mozilla Firefox\\firefox.exe","FileVersion":"131.0.2","Description":"Firefox","Product":"Firefox","Company":"Mozilla Corporation","OriginalFileName":"firefox.exe","CommandLine":"\"C:\\Program Files\\Mozilla Firefox\\firefox.exe\" -contentproc --channel=1644 -parentBuildID 20241008210941 -prefsHandle 1572 -prefMapHandle 1552 -prefsLen 30861 -prefMapSize 263055 -appDir \"C:\\Program Files\\Mozilla Firefox\\browser\" - {0c79419d-5dc1-4b8d-b199-843ed795f31a} 1172 \"\\\\.\\pipe\\gecko-crash-server-pipe.1172\" 1 gpu","CurrentDirectory":"C:\\Windows\\system32\\","User":"WIN10\\richard","LogonGuid":"{53968da7-b202-6708-c295-020000000000}","LogonId":"0x295c2","TerminalSessionId":"1","IntegrityLevel":"Low","Hashes":"MD5=571814A7939D001662BBA7760BD0B187,SHA256=9725AFC685C8EE135701E140A83B94FE7D958360A1F546215F7EAFDFF5E53A83,IMPHASH=BB4CE52E8306F88C0B1DA570553704E4","ParentProcessGuid":"{53968da7-d1ea-6708-4404-00000000fb00}","ParentProcessId":"1172","ParentImage":"C:\\Program Files\\Mozilla Firefox\\firefox.exe","ParentCommandLine":"\"C:\\Program Files\\Mozilla Firefox\\firefox.exe\" https://www.facebook.com","ParentUser":"WIN10\\richard"}}
{"LogSource":"Microsoft-Windows-Sysmon/Operational","EventId":1,"TimeCreated":"2024-10-11T00:21:14.8156566-07:00","RecordId":173062,"MachineName":"Win10","EventData":{"RuleName":"-","UtcTime":"2024-10-11 07:21:14.813","ProcessGuid":"{53968da7-d1ea-6708-4604-00000000fb00}","ProcessId":"1932","Image":"C:\\Program Files\\Mozilla Firefox\\firefox.exe","FileVersion":"131.0.2","Description":"Firefox","Product":"Firefox","Company":"Mozilla Corporation","OriginalFileName":"firefox.exe","CommandLine":"\"C:\\Program Files\\Mozilla Firefox\\firefox.exe\"","CurrentDirectory":"C:\\Windows\\system32\\","User":"WIN10\\richard","LogonGuid":"{53968da7-b202-6708-c295-020000000000}","LogonId":"0x295c2","TerminalSessionId":"1","IntegrityLevel":"Medium","Hashes":"MD5=571814A7939D001662BBA7760BD0B187,SHA256=9725AFC685C8EE135701E140A83B94FE7D958360A1F546215F7EAFDFF5E53A83,IMPHASH=BB4CE52E8306F88C0B1DA570553704E4","ParentProcessGuid":"{53968da7-d1ea-6708-4404-00000000fb00}","ParentProcessId":"1172","ParentImage":"C:\\Program Files\\Mozilla Firefox\\firefox.exe","ParentCommandLine":"\"C:\\Program Files\\Mozilla Firefox\\firefox.exe\" https://www.facebook.com","ParentUser":"WIN10\\richard"}}
{"LogSource":"Microsoft-Windows-Sysmon/Operational","EventId":1,"TimeCreated":"2024-10-11T00:21:14.8236739-07:00","RecordId":173063,"MachineName":"Win10","EventData":{"RuleName":"-","UtcTime":"2024-10-11 07:21:14.821","ProcessGuid":"{53968da7-d1ea-6708-4704-00000000fb00}","ProcessId":"2884","Image":"C:\\Program Files\\Mozilla Firefox\\firefox.exe","FileVersion":"131.0.2","Description":"Firefox","Product":"Firefox","Company":"Mozilla Corporation","OriginalFileName":"firefox.exe","CommandLine":"\"C:\\Program Files\\Mozilla Firefox\\firefox.exe\"","CurrentDirectory":"C:\\Windows\\system32\\","User":"WIN10\\richard","LogonGuid":"{53968da7-b202-6708-c295-020000000000}","LogonId":"0x295c2","TerminalSessionId":"1","IntegrityLevel":"Medium","Hashes":"MD5=571814A7939D001662BBA7760BD0B187,SHA256=9725AFC685C8EE135701E140A83B94FE7D958360A1F546215F7EAFDFF5E53A83,IMPHASH=BB4CE52E8306F88C0B1DA570553704E4","ParentProcessGuid":"{53968da7-d1ea-6708-4604-00000000fb00}","ParentProcessId":"1932","ParentImage":"C:\\Program Files\\Mozilla Firefox\\firefox.exe","ParentCommandLine":"\"C:\\Program Files\\Mozilla Firefox\\firefox.exe\"","ParentUser":"WIN10\\richard"}}
{"LogSource":"Microsoft-Windows-Sysmon/Operational","EventId":1,"TimeCreated":"2024-10-11T00:21:15.0054673-07:00","RecordId":173064,"MachineName":"Win10","EventData":{"RuleName":"-","UtcTime":"2024-10-11 07:21:15.003","ProcessGuid":"{53968da7-d1eb-6708-4804-00000000fb00}","ProcessId":"4612","Image":"C:\\Program Files\\Mozilla Firefox\\firefox.exe","FileVersion":"131.0.2","Description":"Firefox","Product":"Firefox","Company":"Mozilla Corporation","OriginalFileName":"firefox.exe","CommandLine":"\"C:\\Program Files\\Mozilla Firefox\\firefox.exe\" -contentproc --channel=1912 -parentBuildID 20241008210941 -prefsHandle 1840 -prefMapHandle 1832 -prefsLen 30861 -prefMapSize 263055 -appDir \"C:\\Program Files\\Mozilla Firefox\\browser\" - {b739b821-7e22-4bcf-aa8e-e40ca1bd7dd0} 2884 \"\\\\.\\pipe\\gecko-crash-server-pipe.2884\" 1 gpu","CurrentDirectory":"C:\\Windows\\system32\\","User":"WIN10\\richard","LogonGuid":"{53968da7-b202-6708-c295-020000000000}","LogonId":"0x295c2","TerminalSessionId":"1","IntegrityLevel":"Low","Hashes":"MD5=571814A7939D001662BBA7760BD0B187,SHA256=9725AFC685C8EE135701E140A83B94FE7D958360A1F546215F7EAFDFF5E53A83,IMPHASH=BB4CE52E8306F88C0B1DA570553704E4","ParentProcessGuid":"{53968da7-d1ea-6708-4704-00000000fb00}","ParentProcessId":"2884","ParentImage":"C:\\Program Files\\Mozilla Firefox\\firefox.exe","ParentCommandLine":"\"C:\\Program Files\\Mozilla Firefox\\firefox.exe\"","ParentUser":"WIN10\\richard"}}
{"LogSource":"Microsoft-Windows-Sysmon/Operational","EventId":1,"TimeCreated":"2024-10-11T00:21:15.0608794-07:00","RecordId":173065,"MachineName":"Win10","EventData":{"RuleName":"-","UtcTime":"2024-10-11 07:21:15.058","ProcessGuid":"{53968da7-d1eb-6708-4904-00000000fb00}","ProcessId":"7060","Image":"C:\\Program Files\\Mozilla Firefox\\firefox.exe","FileVersion":"131.0.2","Description":"Firefox","Product":"Firefox","Company":"Mozilla Corporation","OriginalFileName":"firefox.exe","CommandLine":"\"C:\\Program Files\\Mozilla Firefox\\firefox.exe\" -contentproc --channel=2364 -parentBuildID 20241008210941 -prefsHandle 2356 -prefMapHandle 2352 -prefsLen 30897 -prefMapSize 263055 -win32kLockedDown -appDir \"C:\\Program Files\\Mozilla Firefox\\browser\" - {52f459b2-82e5-4728-952d-ccf78b880cb0} 2884 \"\\\\.\\pipe\\gecko-crash-server-pipe.2884\" 2 socket","CurrentDirectory":"C:\\Windows\\system32\\","User":"WIN10\\richard","LogonGuid":"{53968da7-b202-6708-c295-020000000000}","LogonId":"0x295c2","TerminalSessionId":"1","IntegrityLevel":"Low","Hashes":"MD5=571814A7939D001662BBA7760BD0B187,SHA256=9725AFC685C8EE135701E140A83B94FE7D958360A1F546215F7EAFDFF5E53A83,IMPHASH=BB4CE52E8306F88C0B1DA570553704E4","ParentProcessGuid":"{53968da7-d1ea-6708-4704-00000000fb00}","ParentProcessId":"2884","ParentImage":"C:\\Program Files\\Mozilla Firefox\\firefox.exe","ParentCommandLine":"\"C:\\Program Files\\Mozilla Firefox\\firefox.exe\"","ParentUser":"WIN10\\richard"}}
{"LogSource":"Microsoft-Windows-Sysmon/Operational","EventId":1,"TimeCreated":"2024-10-11T00:21:52.6606155-07:00","RecordId":173066,"MachineName":"Win10","EventData":{"RuleName":"-","UtcTime":"2024-10-11 07:21:52.653","ProcessGuid":"{53968da7-d210-6708-4a04-00000000fb00}","ProcessId":"7840","Image":"C:\\Windows\\System32\\mspaint.exe","FileVersion":"10.0.19041.4717 (WinBuild.160101.0800)","Description":"Paint","Product":"Microsoft® Windows® Operating System","Company":"Microsoft Corporation","OriginalFileName":"MSPAINT.EXE","CommandLine":"\"C:\\Windows\\system32\\mspaint.exe\" ","CurrentDirectory":"C:\\Windows\\system32\\","User":"WIN10\\richard","LogonGuid":"{53968da7-b202-6708-7195-020000000000}","LogonId":"0x29571","TerminalSessionId":"1","IntegrityLevel":"High","Hashes":"MD5=B77BBEF18AB33C9BF411C461463B1DA8,SHA256=CAD40CFBB57D831206F1F49AD5258EE815052F4694F801D5985B1D86B3AE24ED,IMPHASH=AD9649A74DB256ECAB874BD416C46A98","ParentProcessGuid":"{53968da7-be30-6708-5201-00000000fb00}","ParentProcessId":"6876","ParentImage":"C:\\Windows\\System32\\WindowsPowerShell\\v1.0\\powershell_ise.exe","ParentCommandLine":"\"C:\\Windows\\system32\\WindowsPowerShell\\v1.0\\PowerShell_ISE.exe\" ","ParentUser":"WIN10\\richard"}}
{"LogSource":"Microsoft-Windows-Sysmon/Operational","EventId":1,"TimeCreated":"2024-10-11T00:22:24.8182247-07:00","RecordId":173067,"MachineName":"Win10","EventData":{"RuleName":"-","UtcTime":"2024-10-11 07:22:24.815","ProcessGuid":"{53968da7-d230-6708-4c04-00000000fb00}","ProcessId":"6720","Image":"C:\\Program Files\\Mozilla Firefox\\firefox.exe","FileVersion":"131.0.2","Description":"Firefox","Product":"Firefox","Company":"Mozilla Corporation","OriginalFileName":"firefox.exe","CommandLine":"\"C:\\Program Files\\Mozilla Firefox\\firefox.exe\" https://www.ted.com ","CurrentDirectory":"C:\\Windows\\system32\\","User":"WIN10\\richard","LogonGuid":"{53968da7-b202-6708-7195-020000000000}","LogonId":"0x29571","TerminalSessionId":"1","IntegrityLevel":"High","Hashes":"MD5=571814A7939D001662BBA7760BD0B187,SHA256=9725AFC685C8EE135701E140A83B94FE7D958360A1F546215F7EAFDFF5E53A83,IMPHASH=BB4CE52E8306F88C0B1DA570553704E4","ParentProcessGuid":"{53968da7-be30-6708-5201-00000000fb00}","ParentProcessId":"6876","ParentImage":"C:\\Windows\\System32\\WindowsPowerShell\\v1.0\\powershell_ise.exe","ParentCommandLine":"\"C:\\Windows\\system32\\WindowsPowerShell\\v1.0\\PowerShell_ISE.exe\" ","ParentUser":"WIN10\\richard"}}
{"LogSource":"Microsoft-Windows-Sysmon/Operational","EventId":1,"TimeCreated":"2024-10-11T00:22:24.8597780-07:00","RecordId":173069,"MachineName":"Win10","EventData":{"RuleName":"-","UtcTime":"2024-10-11 07:22:24.857","ProcessGuid":"{53968da7-d230-6708-4e04-00000000fb00}","ProcessId":"1124","Image":"C:\\Program Files\\Mozilla Firefox\\firefox.exe","FileVersion":"131.0.2","Description":"Firefox","Product":"Firefox","Company":"Mozilla Corporation","OriginalFileName":"firefox.exe","CommandLine":"\"C:\\Program Files\\Mozilla Firefox\\firefox.exe\" https://www.ted.com","CurrentDirectory":"C:\\Windows\\system32\\","User":"WIN10\\richard","LogonGuid":"{53968da7-b202-6708-c295-020000000000}","LogonId":"0x295c2","TerminalSessionId":"1","IntegrityLevel":"Medium","Hashes":"MD5=571814A7939D001662BBA7760BD0B187,SHA256=9725AFC685C8EE135701E140A83B94FE7D958360A1F546215F7EAFDFF5E53A83,IMPHASH=BB4CE52E8306F88C0B1DA570553704E4","ParentProcessGuid":"{53968da7-d230-6708-4d04-00000000fb00}","ParentProcessId":"2108","ParentImage":"C:\\Program Files\\Mozilla Firefox\\firefox.exe","ParentCommandLine":"\"C:\\Program Files\\Mozilla Firefox\\firefox.exe\" https://www.ted.com --attempting-deelevation","ParentUser":"WIN10\\richard"}}
{"LogSource":"Microsoft-Windows-Sysmon/Operational","EventId":1,"TimeCreated":"2024-10-11T00:22:25.0942335-07:00","RecordId":173071,"MachineName":"Win10","EventData":{"RuleName":"-","UtcTime":"2024-10-11 07:22:25.092","ProcessGuid":"{53968da7-d231-6708-5004-00000000fb00}","ProcessId":"7976","Image":"C:\\Program Files\\Mozilla Firefox\\firefox.exe","FileVersion":"131.0.2","Description":"Firefox","Product":"Firefox","Company":"Mozilla Corporation","OriginalFileName":"firefox.exe","CommandLine":"\"C:\\Program Files\\Mozilla Firefox\\firefox.exe\"","CurrentDirectory":"C:\\Windows\\system32\\","User":"WIN10\\richard","LogonGuid":"{53968da7-b202-6708-c295-020000000000}","LogonId":"0x295c2","TerminalSessionId":"1","IntegrityLevel":"Medium","Hashes":"MD5=571814A7939D001662BBA7760BD0B187,SHA256=9725AFC685C8EE135701E140A83B94FE7D958360A1F546215F7EAFDFF5E53A83,IMPHASH=BB4CE52E8306F88C0B1DA570553704E4","ParentProcessGuid":"{53968da7-d230-6708-4e04-00000000fb00}","ParentProcessId":"1124","ParentImage":"C:\\Program Files\\Mozilla Firefox\\firefox.exe","ParentCommandLine":"\"C:\\Program Files\\Mozilla Firefox\\firefox.exe\" https://www.ted.com","ParentUser":"WIN10\\richard"}}
{"LogSource":"Microsoft-Windows-Sysmon/Operational","EventId":1,"TimeCreated":"2024-10-11T00:22:24.8507476-07:00","RecordId":173068,"MachineName":"Win10","EventData":{"RuleName":"-","UtcTime":"2024-10-11 07:22:24.848","ProcessGuid":"{53968da7-d230-6708-4d04-00000000fb00}","ProcessId":"2108","Image":"C:\\Program Files\\Mozilla Firefox\\firefox.exe","FileVersion":"131.0.2","Description":"Firefox","Product":"Firefox","Company":"Mozilla Corporation","OriginalFileName":"firefox.exe","CommandLine":"\"C:\\Program Files\\Mozilla Firefox\\firefox.exe\" https://www.ted.com --attempting-deelevation","CurrentDirectory":"C:\\Windows\\system32\\","User":"WIN10\\richard","LogonGuid":"{53968da7-b202-6708-c295-020000000000}","LogonId":"0x295c2","TerminalSessionId":"1","IntegrityLevel":"Medium","Hashes":"MD5=571814A7939D001662BBA7760BD0B187,SHA256=9725AFC685C8EE135701E140A83B94FE7D958360A1F546215F7EAFDFF5E53A83,IMPHASH=BB4CE52E8306F88C0B1DA570553704E4","ParentProcessGuid":"{53968da7-b203-6708-4f00-00000000fb00}","ParentProcessId":"4396","ParentImage":"C:\\Windows\\explorer.exe","ParentCommandLine":"C:\\Windows\\Explorer.EXE","ParentUser":"WIN10\\richard"}}
{"LogSource":"Microsoft-Windows-Sysmon/Operational","EventId":1,"TimeCreated":"2024-10-11T00:22:25.1020319-07:00","RecordId":173072,"MachineName":"Win10","EventData":{"RuleName":"-","UtcTime":"2024-10-11 07:22:25.100","ProcessGuid":"{53968da7-d231-6708-5104-00000000fb00}","ProcessId":"4452","Image":"C:\\Program Files\\Mozilla Firefox\\firefox.exe","FileVersion":"131.0.2","Description":"Firefox","Product":"Firefox","Company":"Mozilla Corporation","OriginalFileName":"firefox.exe","CommandLine":"\"C:\\Program Files\\Mozilla Firefox\\firefox.exe\"","CurrentDirectory":"C:\\Windows\\system32\\","User":"WIN10\\richard","LogonGuid":"{53968da7-b202-6708-c295-020000000000}","LogonId":"0x295c2","TerminalSessionId":"1","IntegrityLevel":"Medium","Hashes":"MD5=571814A7939D001662BBA7760BD0B187,SHA256=9725AFC685C8EE135701E140A83B94FE7D958360A1F546215F7EAFDFF5E53A83,IMPHASH=BB4CE52E8306F88C0B1DA570553704E4","ParentProcessGuid":"{53968da7-d231-6708-5004-00000000fb00}","ParentProcessId":"7976","ParentImage":"C:\\Program Files\\Mozilla Firefox\\firefox.exe","ParentCommandLine":"\"C:\\Program Files\\Mozilla Firefox\\firefox.exe\"","ParentUser":"WIN10\\richard"}}
{"LogSource":"Microsoft-Windows-Sysmon/Operational","EventId":1,"TimeCreated":"2024-10-11T00:22:25.2831237-07:00","RecordId":173073,"MachineName":"Win10","EventData":{"RuleName":"-","UtcTime":"2024-10-11 07:22:25.281","ProcessGuid":"{53968da7-d231-6708-5204-00000000fb00}","ProcessId":"1652","Image":"C:\\Program Files\\Mozilla Firefox\\firefox.exe","FileVersion":"131.0.2","Description":"Firefox","Product":"Firefox","Company":"Mozilla Corporation","OriginalFileName":"firefox.exe","CommandLine":"\"C:\\Program Files\\Mozilla Firefox\\firefox.exe\" -contentproc --channel=1912 -parentBuildID 20241008210941 -prefsHandle 1840 -prefMapHandle 1820 -prefsLen 30861 -prefMapSize 263055 -appDir \"C:\\Program Files\\Mozilla Firefox\\browser\" - {182977e8-6180-4751-b19f-e1399c6a0b1b} 4452 \"\\\\.\\pipe\\gecko-crash-server-pipe.4452\" 1 gpu","CurrentDirectory":"C:\\Windows\\system32\\","User":"WIN10\\richard","LogonGuid":"{53968da7-b202-6708-c295-020000000000}","LogonId":"0x295c2","TerminalSessionId":"1","IntegrityLevel":"Low","Hashes":"MD5=571814A7939D001662BBA7760BD0B187,SHA256=9725AFC685C8EE135701E140A83B94FE7D958360A1F546215F7EAFDFF5E53A83,IMPHASH=BB4CE52E8306F88C0B1DA570553704E4","ParentProcessGuid":"{53968da7-d231-6708-5104-00000000fb00}","ParentProcessId":"4452","ParentImage":"C:\\Program Files\\Mozilla Firefox\\firefox.exe","ParentCommandLine":"\"C:\\Program Files\\Mozilla Firefox\\firefox.exe\"","ParentUser":"WIN10\\richard"}}
{"LogSource":"Microsoft-Windows-Sysmon/Operational","EventId":1,"TimeCreated":"2024-10-11T00:22:25.3308770-07:00","RecordId":173074,"MachineName":"Win10","EventData":{"RuleName":"-","UtcTime":"2024-10-11 07:22:25.328","ProcessGuid":"{53968da7-d231-6708-5304-00000000fb00}","ProcessId":"7876","Image":"C:\\Program Files\\Mozilla Firefox\\firefox.exe","FileVersion":"131.0.2","Description":"Firefox","Product":"Firefox","Company":"Mozilla Corporation","OriginalFileName":"firefox.exe","CommandLine":"\"C:\\Program Files\\Mozilla Firefox\\firefox.exe\" -contentproc --channel=2368 -parentBuildID 20241008210941 -prefsHandle 2360 -prefMapHandle 2352 -prefsLen 30897 -prefMapSize 263055 -win32kLockedDown -appDir \"C:\\Program Files\\Mozilla Firefox\\browser\" - {ae2139ac-2603-447c-b018-d686af176375} 4452 \"\\\\.\\pipe\\gecko-crash-server-pipe.4452\" 2 socket","CurrentDirectory":"C:\\Windows\\system32\\","User":"WIN10\\richard","LogonGuid":"{53968da7-b202-6708-c295-020000000000}","LogonId":"0x295c2","TerminalSessionId":"1","IntegrityLevel":"Low","Hashes":"MD5=571814A7939D001662BBA7760BD0B187,SHA256=9725AFC685C8EE135701E140A83B94FE7D958360A1F546215F7EAFDFF5E53A83,IMPHASH=BB4CE52E8306F88C0B1DA570553704E4","ParentProcessGuid":"{53968da7-d231-6708-5104-00000000fb00}","ParentProcessId":"4452","ParentImage":"C:\\Program Files\\Mozilla Firefox\\firefox.exe","ParentCommandLine":"\"C:\\Program Files\\Mozilla Firefox\\firefox.exe\"","ParentUser":"WIN10\\richard"}}
{"LogSource":"Microsoft-Windows-Sysmon/Operational","EventId":1,"TimeCreated":"2024-10-11T00:22:25.0300082-07:00","RecordId":173070,"MachineName":"Win10","EventData":{"RuleName":"-","UtcTime":"2024-10-11 07:22:25.027","ProcessGuid":"{53968da7-d231-6708-4f04-00000000fb00}","ProcessId":"2872","Image":"C:\\Program Files\\Mozilla Firefox\\firefox.exe","FileVersion":"131.0.2","Description":"Firefox","Product":"Firefox","Company":"Mozilla Corporation","OriginalFileName":"firefox.exe","CommandLine":"\"C:\\Program Files\\Mozilla Firefox\\firefox.exe\" -contentproc --channel=1644 -parentBuildID 20241008210941 -prefsHandle 1572 -prefMapHandle 1540 -prefsLen 30861 -prefMapSize 263055 -appDir \"C:\\Program Files\\Mozilla Firefox\\browser\" - {70ba5399-d925-40d4-be4b-9678134e27d3} 1124 \"\\\\.\\pipe\\gecko-crash-server-pipe.1124\" 1 gpu","CurrentDirectory":"C:\\Windows\\system32\\","User":"WIN10\\richard","LogonGuid":"{53968da7-b202-6708-c295-020000000000}","LogonId":"0x295c2","TerminalSessionId":"1","IntegrityLevel":"Low","Hashes":"MD5=571814A7939D001662BBA7760BD0B187,SHA256=9725AFC685C8EE135701E140A83B94FE7D958360A1F546215F7EAFDFF5E53A83,IMPHASH=BB4CE52E8306F88C0B1DA570553704E4","ParentProcessGuid":"{53968da7-d230-6708-4e04-00000000fb00}","ParentProcessId":"1124","ParentImage":"C:\\Program Files\\Mozilla Firefox\\firefox.exe","ParentCommandLine":"\"C:\\Program Files\\Mozilla Firefox\\firefox.exe\" https://www.ted.com","ParentUser":"WIN10\\richard"}}
{"LogSource":"Microsoft-Windows-Sysmon/Operational","EventId":1,"TimeCreated":"2024-10-11T00:23:04.9363943-07:00","RecordId":173075,"MachineName":"Win10","EventData":{"RuleName":"-","UtcTime":"2024-10-11 07:23:04.934","ProcessGuid":"{53968da7-d258-6708-5404-00000000fb00}","ProcessId":"2896","Image":"C:\\Program Files\\Windows NT\\Accessories\\wordpad.exe","FileVersion":"10.0.19041.5007 (WinBuild.160101.0800)","Description":"Windows Wordpad Application","Product":"Microsoft® Windows® Operating System","Company":"Microsoft Corporation","OriginalFileName":"WORDPAD.EXE","CommandLine":"\"C:\\Program Files\\Windows NT\\Accessories\\wordpad.exe\" ","CurrentDirectory":"C:\\Windows\\system32\\","User":"WIN10\\richard","LogonGuid":"{53968da7-b202-6708-7195-020000000000}","LogonId":"0x29571","TerminalSessionId":"1","IntegrityLevel":"High","Hashes":"MD5=09B94F3F82679DAD1EB15827655D4754,SHA256=C91594A4539B971A59EC301154114F21D0FC86ECA43AE064FD4DA56D4856C009,IMPHASH=9315BEF4B5484B572936D208E8B654A0","ParentProcessGuid":"{53968da7-be30-6708-5201-00000000fb00}","ParentProcessId":"6876","ParentImage":"C:\\Windows\\System32\\WindowsPowerShell\\v1.0\\powershell_ise.exe","ParentCommandLine":"\"C:\\Windows\\system32\\WindowsPowerShell\\v1.0\\PowerShell_ISE.exe\" ","ParentUser":"WIN10\\richard"}}
{"LogSource":"Microsoft-Windows-Sysmon/Operational","EventId":1,"TimeCreated":"2024-10-11T00:23:33.5157495-07:00","RecordId":173076,"MachineName":"Win10","EventData":{"RuleName":"-","UtcTime":"2024-10-11 07:23:33.514","ProcessGuid":"{53968da7-d275-6708-5504-00000000fb00}","ProcessId":"7868","Image":"C:\\Program Files (x86)\\Microsoft\\EdgeUpdate\\MicrosoftEdgeUpdate.exe","FileVersion":"1.3.147.37","Description":"Microsoft Edge Update","Product":"Microsoft Edge Update","Company":"Microsoft Corporation","OriginalFileName":"msedgeupdate.dll","CommandLine":"\"C:\\Program Files (x86)\\Microsoft\\EdgeUpdate\\MicrosoftEdgeUpdate.exe\" /ua /installsource scheduler","CurrentDirectory":"C:\\Windows\\system32\\","User":"NT AUTHORITY\\SYSTEM","LogonGuid":"{53968da7-b200-6708-e703-000000000000}","LogonId":"0x3e7","TerminalSessionId":"0","IntegrityLevel":"System","Hashes":"MD5=C019E421D9F897108E51666CBAE2C8B0,SHA256=3096D8E82917A9B73F322F4B1743E52E9B0C8B3C5933A957E73E29D6973CDD5B,IMPHASH=E00D60405A249A05D3B09AA7FE924B17","ParentProcessGuid":"{53968da7-b200-6708-1100-00000000fb00}","ParentProcessId":"492","ParentImage":"C:\\Windows\\System32\\svchost.exe","ParentCommandLine":"C:\\Windows\\system32\\svchost.exe -k netsvcs -p","ParentUser":"NT AUTHORITY\\SYSTEM"}}
{"LogSource":"Microsoft-Windows-Sysmon/Operational","EventId":1,"TimeCreated":"2024-10-11T00:24:09.0468863-07:00","RecordId":173077,"MachineName":"Win10","EventData":{"RuleName":"-","UtcTime":"2024-10-11 07:24:09.044","ProcessGuid":"{53968da7-d299-6708-5604-00000000fb00}","ProcessId":"3772","Image":"C:\\Windows\\System32\\WindowsPowerShell\\v1.0\\powershell.exe","FileVersion":"10.0.19041.3996 (WinBuild.160101.0800)","Description":"Windows PowerShell","Product":"Microsoft® Windows® Operating System","Company":"Microsoft Corporation","OriginalFileName":"PowerShell.EXE","CommandLine":"\"C:\\Windows\\System32\\WindowsPowerShell\\v1.0\\powershell.exe\" ","CurrentDirectory":"C:\\Windows\\system32\\","User":"WIN10\\richard","LogonGuid":"{53968da7-b202-6708-7195-020000000000}","LogonId":"0x29571","TerminalSessionId":"1","IntegrityLevel":"High","Hashes":"MD5=2E5A8590CF6848968FC23DE3FA1E25F1,SHA256=9785001B0DCF755EDDB8AF294A373C0B87B2498660F724E76C4D53F9C217C7A3,IMPHASH=3D08F4848535206D772DE145804FF4B6","ParentProcessGuid":"{53968da7-be30-6708-5201-00000000fb00}","ParentProcessId":"6876","ParentImage":"C:\\Windows\\System32\\WindowsPowerShell\\v1.0\\powershell_ise.exe","ParentCommandLine":"\"C:\\Windows\\system32\\WindowsPowerShell\\v1.0\\PowerShell_ISE.exe\" ","ParentUser":"WIN10\\richard"}}
