{"LogSource":"Microsoft-Windows-Sysmon/Operational","EventId":22,"TimeCreated":"2024-10-10T23:07:11.8202493-07:00","RecordId":171477,"MachineName":"Win10","EventData":{"RuleName":"-","UtcTime":"2024-10-11 06:07:10.267","ProcessGuid":"{53968da7-c08e-6708-c401-00000000fb00}","ProcessId":"5648","QueryName":"private.canadianshield.cira.ca","QueryStatus":"0","QueryResults":"2620:10a:80bb::10;2620:10a:80bc::10;::ffff:149.112.122.10;::ffff:149.112.121.10;","Image":"C:\\Program Files\\Mozilla Firefox\\firefox.exe","User":"WIN10\\richard"}}
{"LogSource":"Microsoft-Windows-Sysmon/Operational","EventId":22,"TimeCreated":"2024-10-10T23:07:11.8214472-07:00","RecordId":171478,"MachineName":"Win10","EventData":{"RuleName":"-","UtcTime":"2024-10-11 06:07:10.267","ProcessGuid":"{53968da7-c08e-6708-c401-00000000fb00}","ProcessId":"5648","QueryName":"forcesafesearch.google.com","QueryStatus":"0","QueryResults":"216.239.38.120;","Image":"C:\\Program Files\\Mozilla Firefox\\firefox.exe","User":"WIN10\\richard"}}
{"LogSource":"Microsoft-Windows-Sysmon/Operational","EventId":22,"TimeCreated":"2024-10-10T23:07:11.8226179-07:00","RecordId":171479,"MachineName":"Win10","EventData":{"RuleName":"-","UtcTime":"2024-10-11 06:07:10.267","ProcessGuid":"{53968da7-c08e-6708-c401-00000000fb00}","ProcessId":"5648","QueryName":"www.youtube.com.","QueryStatus":"0","QueryResults":"type:  5 youtube-ui.l.google.com;142.251.211.238;142.251.33.78;142.250.217.78;142.250.217.110;142.251.215.238;172.217.14.206;142.250.69.206;142.251.33.110;","Image":"C:\\Program Files\\Mozilla Firefox\\firefox.exe","User":"WIN10\\richard"}}
{"LogSource":"Microsoft-Windows-Sysmon/Operational","EventId":22,"TimeCreated":"2024-10-10T23:07:11.8238192-07:00","RecordId":171480,"MachineName":"Win10","EventData":{"RuleName":"-","UtcTime":"2024-10-11 06:07:10.267","ProcessGuid":"{53968da7-c08e-6708-c401-00000000fb00}","ProcessId":"5648","QueryName":"google.com","QueryStatus":"0","QueryResults":"142.251.211.238;","Image":"C:\\Program Files\\Mozilla Firefox\\firefox.exe","User":"WIN10\\richard"}}
{"LogSource":"Microsoft-Windows-Sysmon/Operational","EventId":22,"TimeCreated":"2024-10-10T23:07:11.8250892-07:00","RecordId":171481,"MachineName":"Win10","EventData":{"RuleName":"-","UtcTime":"2024-10-11 06:07:10.267","ProcessGuid":"{53968da7-c08e-6708-c401-00000000fb00}","ProcessId":"5648","QueryName":"private.canadianshield.cira.ca","QueryStatus":"0","QueryResults":"149.112.121.10;149.112.122.10;","Image":"C:\\Program Files\\Mozilla Firefox\\firefox.exe","User":"WIN10\\richard"}}
{"LogSource":"Microsoft-Windows-Sysmon/Operational","EventId":22,"TimeCreated":"2024-10-10T23:07:11.8263133-07:00","RecordId":171482,"MachineName":"Win10","EventData":{"RuleName":"-","UtcTime":"2024-10-11 06:07:10.268","ProcessGuid":"{53968da7-c08e-6708-c401-00000000fb00}","ProcessId":"5648","QueryName":"m.youtube.com.","QueryStatus":"0","QueryResults":"142.251.33.78;","Image":"C:\\Program Files\\Mozilla Firefox\\firefox.exe","User":"WIN10\\richard"}}
{"LogSource":"Microsoft-Windows-Sysmon/Operational","EventId":22,"TimeCreated":"2024-10-10T23:07:11.8274426-07:00","RecordId":171483,"MachineName":"Win10","EventData":{"RuleName":"-","UtcTime":"2024-10-11 06:07:10.268","ProcessGuid":"{53968da7-c08e-6708-c401-00000000fb00}","ProcessId":"5648","QueryName":"www.google.com.","QueryStatus":"0","QueryResults":"142.251.215.228;","Image":"C:\\Program Files\\Mozilla Firefox\\firefox.exe","User":"WIN10\\richard"}}
{"LogSource":"Microsoft-Windows-Sysmon/Operational","EventId":22,"TimeCreated":"2024-10-10T23:07:11.8286034-07:00","RecordId":171484,"MachineName":"Win10","EventData":{"RuleName":"-","UtcTime":"2024-10-11 06:07:10.268","ProcessGuid":"{53968da7-c08e-6708-c401-00000000fb00}","ProcessId":"5648","QueryName":"private.canadianshield.cira.ca","QueryStatus":"0","QueryResults":"2620:10a:80bc::10;2620:10a:80bb::10;","Image":"C:\\Program Files\\Mozilla Firefox\\firefox.exe","User":"WIN10\\richard"}}
{"LogSource":"Microsoft-Windows-Sysmon/Operational","EventId":22,"TimeCreated":"2024-10-10T23:07:11.8297655-07:00","RecordId":171485,"MachineName":"Win10","EventData":{"RuleName":"-","UtcTime":"2024-10-11 06:07:10.268","ProcessGuid":"{53968da7-c08e-6708-c401-00000000fb00}","ProcessId":"5648","QueryName":"m.youtube.com","QueryStatus":"0","QueryResults":"142.251.33.78;","Image":"C:\\Program Files\\Mozilla Firefox\\firefox.exe","User":"WIN10\\richard"}}
{"LogSource":"Microsoft-Windows-Sysmon/Operational","EventId":22,"TimeCreated":"2024-10-10T23:07:11.8309587-07:00","RecordId":171486,"MachineName":"Win10","EventData":{"RuleName":"-","UtcTime":"2024-10-11 06:07:10.268","ProcessGuid":"{53968da7-c08e-6708-c401-00000000fb00}","ProcessId":"5648","QueryName":"www.google.com","QueryStatus":"0","QueryResults":"142.251.215.228;","Image":"C:\\Program Files\\Mozilla Firefox\\firefox.exe","User":"WIN10\\richard"}}
{"LogSource":"Microsoft-Windows-Sysmon/Operational","EventId":22,"TimeCreated":"2024-10-10T23:07:11.8322847-07:00","RecordId":171487,"MachineName":"Win10","EventData":{"RuleName":"-","UtcTime":"2024-10-11 06:07:10.273","ProcessGuid":"{53968da7-c08e-6708-c401-00000000fb00}","ProcessId":"5648","QueryName":"youtube-ui.l.google.com","QueryStatus":"0","QueryResults":"142.250.217.110;142.250.217.78;142.251.33.78;142.251.211.238;142.251.33.110;142.250.69.206;172.217.14.238;172.217.14.206;142.251.215.238;","Image":"C:\\Program Files\\Mozilla Firefox\\firefox.exe","User":"WIN10\\richard"}}
{"LogSource":"Microsoft-Windows-Sysmon/Operational","EventId":22,"TimeCreated":"2024-10-10T23:07:11.8334392-07:00","RecordId":171488,"MachineName":"Win10","EventData":{"RuleName":"-","UtcTime":"2024-10-11 06:07:10.273","ProcessGuid":"{53968da7-c08e-6708-c401-00000000fb00}","ProcessId":"5648","QueryName":"www.youtube-nocookie.com.","QueryStatus":"0","QueryResults":"type:  5 youtube-ui.l.google.com;142.251.215.238;172.217.14.206;172.217.14.238;142.250.69.206;142.251.33.110;142.251.211.238;142.251.33.78;142.250.217.78;142.250.217.110;","Image":"C:\\Program Files\\Mozilla Firefox\\firefox.exe","User":"WIN10\\richard"}}
{"LogSource":"Microsoft-Windows-Sysmon/Operational","EventId":22,"TimeCreated":"2024-10-10T23:07:11.8345229-07:00","RecordId":171489,"MachineName":"Win10","EventData":{"RuleName":"-","UtcTime":"2024-10-11 06:07:10.273","ProcessGuid":"{53968da7-c08e-6708-c401-00000000fb00}","ProcessId":"5648","QueryName":"youtube.googleapis.com.","QueryStatus":"0","QueryResults":"142.251.211.234;142.251.33.74;142.250.217.74;142.250.217.106;142.251.215.234;172.217.14.202;172.217.14.234;142.250.69.202;142.251.33.106;","Image":"C:\\Program Files\\Mozilla Firefox\\firefox.exe","User":"WIN10\\richard"}}
{"LogSource":"Microsoft-Windows-Sysmon/Operational","EventId":22,"TimeCreated":"2024-10-10T23:07:11.8358249-07:00","RecordId":171490,"MachineName":"Win10","EventData":{"RuleName":"-","UtcTime":"2024-10-11 06:07:10.273","ProcessGuid":"{53968da7-c08e-6708-c401-00000000fb00}","ProcessId":"5648","QueryName":"www.youtube-nocookie.com.","QueryStatus":"0","QueryResults":"type:  5 youtube-ui.l.google.com;142.251.215.238;172.217.14.206;172.217.14.238;142.250.69.206;142.251.33.110;142.251.211.238;142.251.33.78;142.250.217.78;142.250.217.110;","Image":"C:\\Program Files\\Mozilla Firefox\\firefox.exe","User":"WIN10\\richard"}}
{"LogSource":"Microsoft-Windows-Sysmon/Operational","EventId":22,"TimeCreated":"2024-10-10T23:07:11.8370535-07:00","RecordId":171491,"MachineName":"Win10","EventData":{"RuleName":"-","UtcTime":"2024-10-11 06:07:10.273","ProcessGuid":"{53968da7-c08e-6708-c401-00000000fb00}","ProcessId":"5648","QueryName":"youtube.googleapis.com.","QueryStatus":"0","QueryResults":"142.251.211.234;142.251.33.74;142.250.217.74;142.250.217.106;142.251.215.234;172.217.14.202;172.217.14.234;142.250.69.202;142.251.33.106;","Image":"C:\\Program Files\\Mozilla Firefox\\firefox.exe","User":"WIN10\\richard"}}
{"LogSource":"Microsoft-Windows-Sysmon/Operational","EventId":22,"TimeCreated":"2024-10-10T23:07:11.8382649-07:00","RecordId":171492,"MachineName":"Win10","EventData":{"RuleName":"-","UtcTime":"2024-10-11 06:07:10.273","ProcessGuid":"{53968da7-c08e-6708-c401-00000000fb00}","ProcessId":"5648","QueryName":"youtube-ui.l.google.com","QueryStatus":"0","QueryResults":"142.250.217.110;142.250.217.78;142.251.33.78;142.251.211.238;142.251.33.110;142.250.69.206;172.217.14.238;172.217.14.206;142.251.215.238;","Image":"C:\\Program Files\\Mozilla Firefox\\firefox.exe","User":"WIN10\\richard"}}
{"LogSource":"Microsoft-Windows-Sysmon/Operational","EventId":22,"TimeCreated":"2024-10-10T23:07:11.8393859-07:00","RecordId":171493,"MachineName":"Win10","EventData":{"RuleName":"-","UtcTime":"2024-10-11 06:07:10.273","ProcessGuid":"{53968da7-c08e-6708-c401-00000000fb00}","ProcessId":"5648","QueryName":"youtube.googleapis.com","QueryStatus":"0","QueryResults":"142.251.211.234;142.251.33.74;142.250.217.74;142.250.217.106;142.251.215.234;172.217.14.202;172.217.14.234;142.250.69.202;142.251.33.106;","Image":"C:\\Program Files\\Mozilla Firefox\\firefox.exe","User":"WIN10\\richard"}}
{"LogSource":"Microsoft-Windows-Sysmon/Operational","EventId":22,"TimeCreated":"2024-10-10T23:07:11.8407473-07:00","RecordId":171494,"MachineName":"Win10","EventData":{"RuleName":"-","UtcTime":"2024-10-11 06:07:10.274","ProcessGuid":"{53968da7-c08e-6708-c401-00000000fb00}","ProcessId":"5648","QueryName":"restrict.youtube.com.","QueryStatus":"0","QueryResults":"216.239.38.120;","Image":"C:\\Program Files\\Mozilla Firefox\\firefox.exe","User":"WIN10\\richard"}}
{"LogSource":"Microsoft-Windows-Sysmon/Operational","EventId":22,"TimeCreated":"2024-10-10T23:07:11.8419767-07:00","RecordId":171495,"MachineName":"Win10","EventData":{"RuleName":"-","UtcTime":"2024-10-11 06:07:10.274","ProcessGuid":"{53968da7-c08e-6708-c401-00000000fb00}","ProcessId":"5648","QueryName":"restrict.youtube.com.","QueryStatus":"0","QueryResults":"216.239.38.120;","Image":"C:\\Program Files\\Mozilla Firefox\\firefox.exe","User":"WIN10\\richard"}}
{"LogSource":"Microsoft-Windows-Sysmon/Operational","EventId":22,"TimeCreated":"2024-10-10T23:07:11.8432130-07:00","RecordId":171496,"MachineName":"Win10","EventData":{"RuleName":"-","UtcTime":"2024-10-11 06:07:10.274","ProcessGuid":"{53968da7-c08e-6708-c401-00000000fb00}","ProcessId":"5648","QueryName":"restrict.youtube.com","QueryStatus":"0","QueryResults":"216.239.38.120;","Image":"C:\\Program Files\\Mozilla Firefox\\firefox.exe","User":"WIN10\\richard"}}
{"LogSource":"Microsoft-Windows-Sysmon/Operational","EventId":22,"TimeCreated":"2024-10-10T23:07:11.8443717-07:00","RecordId":171497,"MachineName":"Win10","EventData":{"RuleName":"-","UtcTime":"2024-10-11 06:07:10.275","ProcessGuid":"{53968da7-c08e-6708-c401-00000000fb00}","ProcessId":"5648","QueryName":"restrictmoderate.youtube.com.","QueryStatus":"0","QueryResults":"216.239.38.119;","Image":"C:\\Program Files\\Mozilla Firefox\\firefox.exe","User":"WIN10\\richard"}}
{"LogSource":"Microsoft-Windows-Sysmon/Operational","EventId":22,"TimeCreated":"2024-10-10T23:07:11.8455803-07:00","RecordId":171498,"MachineName":"Win10","EventData":{"RuleName":"-","UtcTime":"2024-10-11 06:07:10.275","ProcessGuid":"{53968da7-c08e-6708-c401-00000000fb00}","ProcessId":"5648","QueryName":"restrictmoderate.youtube.com.","QueryStatus":"0","QueryResults":"216.239.38.119;","Image":"C:\\Program Files\\Mozilla Firefox\\firefox.exe","User":"WIN10\\richard"}}
{"LogSource":"Microsoft-Windows-Sysmon/Operational","EventId":22,"TimeCreated":"2024-10-10T23:07:11.8467515-07:00","RecordId":171499,"MachineName":"Win10","EventData":{"RuleName":"-","UtcTime":"2024-10-11 06:07:10.275","ProcessGuid":"{53968da7-c08e-6708-c401-00000000fb00}","ProcessId":"5648","QueryName":"restrictmoderate.youtube.com","QueryStatus":"0","QueryResults":"216.239.38.119;","Image":"C:\\Program Files\\Mozilla Firefox\\firefox.exe","User":"WIN10\\richard"}}
{"LogSource":"Microsoft-Windows-Sysmon/Operational","EventId":22,"TimeCreated":"2024-10-10T23:07:11.8479739-07:00","RecordId":171500,"MachineName":"Win10","EventData":{"RuleName":"-","UtcTime":"2024-10-11 06:07:10.276","ProcessGuid":"{53968da7-c08e-6708-c401-00000000fb00}","ProcessId":"5648","QueryName":"use-application-dns.net.","QueryStatus":"0","QueryResults":"35.190.14.201;","Image":"C:\\Program Files\\Mozilla Firefox\\firefox.exe","User":"WIN10\\richard"}}
{"LogSource":"Microsoft-Windows-Sysmon/Operational","EventId":22,"TimeCreated":"2024-10-10T23:07:11.8504049-07:00","RecordId":171501,"MachineName":"Win10","EventData":{"RuleName":"-","UtcTime":"2024-10-11 06:07:10.277","ProcessGuid":"{53968da7-c08e-6708-c401-00000000fb00}","ProcessId":"5648","QueryName":"use-application-dns.net.","QueryStatus":"0","QueryResults":"35.190.14.201;","Image":"C:\\Program Files\\Mozilla Firefox\\firefox.exe","User":"WIN10\\richard"}}
{"LogSource":"Microsoft-Windows-Sysmon/Operational","EventId":22,"TimeCreated":"2024-10-10T23:07:11.8516912-07:00","RecordId":171502,"MachineName":"Win10","EventData":{"RuleName":"-","UtcTime":"2024-10-11 06:07:10.277","ProcessGuid":"{53968da7-c08e-6708-c401-00000000fb00}","ProcessId":"5648","QueryName":"use-application-dns.net","QueryStatus":"0","QueryResults":"35.190.14.201;","Image":"C:\\Program Files\\Mozilla Firefox\\firefox.exe","User":"WIN10\\richard"}}
{"LogSource":"Microsoft-Windows-Sysmon/Operational","EventId":22,"TimeCreated":"2024-10-10T23:07:11.8528344-07:00","RecordId":171503,"MachineName":"Win10","EventData":{"RuleName":"-","UtcTime":"2024-10-11 06:07:10.277","ProcessGuid":"{53968da7-c08e-6708-c401-00000000fb00}","ProcessId":"5648","QueryName":"sitereview.zscaler.com.","QueryStatus":"0","QueryResults":"104.129.193.93;","Image":"C:\\Program Files\\Mozilla Firefox\\firefox.exe","User":"WIN10\\richard"}}
{"LogSource":"Microsoft-Windows-Sysmon/Operational","EventId":22,"TimeCreated":"2024-10-10T23:07:11.8579130-07:00","RecordId":171504,"MachineName":"Win10","EventData":{"RuleName":"-","UtcTime":"2024-10-11 06:07:10.277","ProcessGuid":"{53968da7-c08e-6708-c401-00000000fb00}","ProcessId":"5648","QueryName":"mozilla.cloudflare-dns.com","QueryStatus":"0","QueryResults":"2a06:98c1:52::4;2803:f800:53::4;::ffff:162.159.61.4;::ffff:172.64.41.4;","Image":"C:\\Program Files\\Mozilla Firefox\\firefox.exe","User":"WIN10\\richard"}}
{"LogSource":"Microsoft-Windows-Sysmon/Operational","EventId":22,"TimeCreated":"2024-10-10T23:07:11.8617158-07:00","RecordId":171505,"MachineName":"Win10","EventData":{"RuleName":"-","UtcTime":"2024-10-11 06:07:10.278","ProcessGuid":"{53968da7-c08e-6708-c401-00000000fb00}","ProcessId":"5648","QueryName":"mozilla.cloudflare-dns.com","QueryStatus":"0","QueryResults":"2a06:98c1:52::4;2803:f800:53::4;::ffff:162.159.61.4;::ffff:172.64.41.4;","Image":"C:\\Program Files\\Mozilla Firefox\\firefox.exe","User":"WIN10\\richard"}}
{"LogSource":"Microsoft-Windows-Sysmon/Operational","EventId":22,"TimeCreated":"2024-10-10T23:07:11.8635619-07:00","RecordId":171506,"MachineName":"Win10","EventData":{"RuleName":"-","UtcTime":"2024-10-11 06:07:10.278","ProcessGuid":"{53968da7-c08e-6708-c401-00000000fb00}","ProcessId":"5648","QueryName":"sitereview.zscaler.com.","QueryStatus":"0","QueryResults":"104.129.193.93;","Image":"C:\\Program Files\\Mozilla Firefox\\firefox.exe","User":"WIN10\\richard"}}
{"LogSource":"Microsoft-Windows-Sysmon/Operational","EventId":22,"TimeCreated":"2024-10-10T23:07:11.8672043-07:00","RecordId":171507,"MachineName":"Win10","EventData":{"RuleName":"-","UtcTime":"2024-10-11 06:07:10.278","ProcessGuid":"{53968da7-c08e-6708-c401-00000000fb00}","ProcessId":"5648","QueryName":"sitereview.zscaler.com","QueryStatus":"0","QueryResults":"104.129.193.93;","Image":"C:\\Program Files\\Mozilla Firefox\\firefox.exe","User":"WIN10\\richard"}}
{"LogSource":"Microsoft-Windows-Sysmon/Operational","EventId":1,"TimeCreated":"2024-10-10T23:07:11.8874108-07:00","RecordId":171508,"MachineName":"Win10","EventData":{"RuleName":"-","UtcTime":"2024-10-11 06:07:11.883","ProcessGuid":"{53968da7-c08f-6708-c901-00000000fb00}","ProcessId":"3888","Image":"C:\\Program Files\\Mozilla Firefox\\firefox.exe","FileVersion":"131.0.2","Description":"Firefox","Product":"Firefox","Company":"Mozilla Corporation","OriginalFileName":"firefox.exe","CommandLine":"\"C:\\Program Files\\Mozilla Firefox\\firefox.exe\" -contentproc --channel=5308 -parentBuildID 20241008210941 -sandboxingKind 0 -prefsHandle 5396 -prefMapHandle 5420 -prefsLen 37080 -prefMapSize 263055 -win32kLockedDown -appDir \"C:\\Program Files\\Mozilla Firefox\\browser\" - {0235d0db-953d-4004-a4d1-50bb5fe0637f} 5648 \"\\\\.\\pipe\\gecko-crash-server-pipe.5648\" 5 utility","CurrentDirectory":"C:\\Windows\\system32\\","User":"WIN10\\richard","LogonGuid":"{53968da7-b202-6708-c295-020000000000}","LogonId":"0x295c2","TerminalSessionId":"1","IntegrityLevel":"Low","Hashes":"MD5=571814A7939D001662BBA7760BD0B187,SHA256=9725AFC685C8EE135701E140A83B94FE7D958360A1F546215F7EAFDFF5E53A83,IMPHASH=BB4CE52E8306F88C0B1DA570553704E4","ParentProcessGuid":"{53968da7-c08e-6708-c401-00000000fb00}","ParentProcessId":"5648","ParentImage":"C:\\Program Files\\Mozilla Firefox\\firefox.exe","ParentCommandLine":"\"C:\\Program Files\\Mozilla Firefox\\firefox.exe\" https://www.twitter.com","ParentUser":"WIN10\\richard"}}
{"LogSource":"Microsoft-Windows-Sysmon/Operational","EventId":1,"TimeCreated":"2024-10-10T23:07:11.9295340-07:00","RecordId":171509,"MachineName":"Win10","EventData":{"RuleName":"-","UtcTime":"2024-10-11 06:07:11.927","ProcessGuid":"{53968da7-c08f-6708-ca01-00000000fb00}","ProcessId":"4028","Image":"C:\\Program Files\\Mozilla Firefox\\firefox.exe","FileVersion":"131.0.2","Description":"Firefox","Product":"Firefox","Company":"Mozilla Corporation","OriginalFileName":"firefox.exe","CommandLine":"\"C:\\Program Files\\Mozilla Firefox\\firefox.exe\" -contentproc --channel=5588 -isForBrowser -prefsHandle 5560 -prefMapHandle 5580 -prefsLen 37080 -prefMapSize 263055 -jsInitHandle 1400 -jsInitLen 234840 -parentBuildID 20241008210941 -win32kLockedDown -appDir \"C:\\Program Files\\Mozilla Firefox\\browser\" - {2ef1229d-ed68-47fc-be37-9c99439d8990} 5648 \"\\\\.\\pipe\\gecko-crash-server-pipe.5648\" 6 tab","CurrentDirectory":"C:\\Windows\\system32\\","User":"WIN10\\richard","LogonGuid":"{53968da7-b202-6708-c295-020000000000}","LogonId":"0x295c2","TerminalSessionId":"1","IntegrityLevel":"Low","Hashes":"MD5=571814A7939D001662BBA7760BD0B187,SHA256=9725AFC685C8EE135701E140A83B94FE7D958360A1F546215F7EAFDFF5E53A83,IMPHASH=BB4CE52E8306F88C0B1DA570553704E4","ParentProcessGuid":"{53968da7-c08e-6708-c401-00000000fb00}","ParentProcessId":"5648","ParentImage":"C:\\Program Files\\Mozilla Firefox\\firefox.exe","ParentCommandLine":"\"C:\\Program Files\\Mozilla Firefox\\firefox.exe\" https://www.twitter.com","ParentUser":"WIN10\\richard"}}
{"LogSource":"Microsoft-Windows-Sysmon/Operational","EventId":1,"TimeCreated":"2024-10-10T23:07:12.1868021-07:00","RecordId":171510,"MachineName":"Win10","EventData":{"RuleName":"-","UtcTime":"2024-10-11 06:07:12.184","ProcessGuid":"{53968da7-c090-6708-cb01-00000000fb00}","ProcessId":"1752","Image":"C:\\Program Files\\Mozilla Firefox\\firefox.exe","FileVersion":"131.0.2","Description":"Firefox","Product":"Firefox","Company":"Mozilla Corporation","OriginalFileName":"firefox.exe","CommandLine":"\"C:\\Program Files\\Mozilla Firefox\\firefox.exe\" -contentproc --channel=6004 -isForBrowser -prefsHandle 6028 -prefMapHandle 5976 -prefsLen 33633 -prefMapSize 263055 -jsInitHandle 1400 -jsInitLen 234840 -parentBuildID 20241008210941 -win32kLockedDown -appDir \"C:\\Program Files\\Mozilla Firefox\\browser\" - {477b522e-8c8e-429f-84d3-2c87246458f6} 5648 \"\\\\.\\pipe\\gecko-crash-server-pipe.5648\" 7 tab","CurrentDirectory":"C:\\Windows\\system32\\","User":"WIN10\\richard","LogonGuid":"{53968da7-b202-6708-c295-020000000000}","LogonId":"0x295c2","TerminalSessionId":"1","IntegrityLevel":"Low","Hashes":"MD5=571814A7939D001662BBA7760BD0B187,SHA256=9725AFC685C8EE135701E140A83B94FE7D958360A1F546215F7EAFDFF5E53A83,IMPHASH=BB4CE52E8306F88C0B1DA570553704E4","ParentProcessGuid":"{53968da7-c08e-6708-c401-00000000fb00}","ParentProcessId":"5648","ParentImage":"C:\\Program Files\\Mozilla Firefox\\firefox.exe","ParentCommandLine":"\"C:\\Program Files\\Mozilla Firefox\\firefox.exe\" https://www.twitter.com","ParentUser":"WIN10\\richard"}}
{"LogSource":"Microsoft-Windows-Sysmon/Operational","EventId":1,"TimeCreated":"2024-10-10T23:07:12.1942629-07:00","RecordId":171511,"MachineName":"Win10","EventData":{"RuleName":"-","UtcTime":"2024-10-11 06:07:12.192","ProcessGuid":"{53968da7-c090-6708-cc01-00000000fb00}","ProcessId":"1860","Image":"C:\\Program Files\\Mozilla Firefox\\firefox.exe","FileVersion":"131.0.2","Description":"Firefox","Product":"Firefox","Company":"Mozilla Corporation","OriginalFileName":"firefox.exe","CommandLine":"\"C:\\Program Files\\Mozilla Firefox\\firefox.exe\" -contentproc --channel=6012 -isForBrowser -prefsHandle 6140 -prefMapHandle 6024 -prefsLen 33633 -prefMapSize 263055 -jsInitHandle 1400 -jsInitLen 234840 -parentBuildID 20241008210941 -win32kLockedDown -appDir \"C:\\Program Files\\Mozilla Firefox\\browser\" - {b35f030a-7006-4d7d-8163-7fdd3071b2f0} 5648 \"\\\\.\\pipe\\gecko-crash-server-pipe.5648\" 8 tab","CurrentDirectory":"C:\\Windows\\system32\\","User":"WIN10\\richard","LogonGuid":"{53968da7-b202-6708-c295-020000000000}","LogonId":"0x295c2","TerminalSessionId":"1","IntegrityLevel":"Low","Hashes":"MD5=571814A7939D001662BBA7760BD0B187,SHA256=9725AFC685C8EE135701E140A83B94FE7D958360A1F546215F7EAFDFF5E53A83,IMPHASH=BB4CE52E8306F88C0B1DA570553704E4","ParentProcessGuid":"{53968da7-c08e-6708-c401-00000000fb00}","ParentProcessId":"5648","ParentImage":"C:\\Program Files\\Mozilla Firefox\\firefox.exe","ParentCommandLine":"\"C:\\Program Files\\Mozilla Firefox\\firefox.exe\" https://www.twitter.com","ParentUser":"WIN10\\richard"}}
{"LogSource":"Microsoft-Windows-Sysmon/Operational","EventId":1,"TimeCreated":"2024-10-10T23:07:12.2079933-07:00","RecordId":171512,"MachineName":"Win10","EventData":{"RuleName":"-","UtcTime":"2024-10-11 06:07:12.202","ProcessGuid":"{53968da7-c090-6708-cd01-00000000fb00}","ProcessId":"7684","Image":"C:\\Program Files\\Mozilla Firefox\\firefox.exe","FileVersion":"131.0.2","Description":"Firefox","Product":"Firefox","Company":"Mozilla Corporation","OriginalFileName":"firefox.exe","CommandLine":"\"C:\\Program Files\\Mozilla Firefox\\firefox.exe\" -contentproc --channel=6364 -isForBrowser -prefsHandle 6348 -prefMapHandle 6352 -prefsLen 33633 -prefMapSize 263055 -jsInitHandle 1400 -jsInitLen 234840 -parentBuildID 20241008210941 -win32kLockedDown -appDir \"C:\\Program Files\\Mozilla Firefox\\browser\" - {eab7b966-7157-423d-a236-62f75da3bba6} 5648 \"\\\\.\\pipe\\gecko-crash-server-pipe.5648\" 9 tab","CurrentDirectory":"C:\\Windows\\system32\\","User":"WIN10\\richard","LogonGuid":"{53968da7-b202-6708-c295-020000000000}","LogonId":"0x295c2","TerminalSessionId":"1","IntegrityLevel":"Low","Hashes":"MD5=571814A7939D001662BBA7760BD0B187,SHA256=9725AFC685C8EE135701E140A83B94FE7D958360A1F546215F7EAFDFF5E53A83,IMPHASH=BB4CE52E8306F88C0B1DA570553704E4","ParentProcessGuid":"{53968da7-c08e-6708-c401-00000000fb00}","ParentProcessId":"5648","ParentImage":"C:\\Program Files\\Mozilla Firefox\\firefox.exe","ParentCommandLine":"\"C:\\Program Files\\Mozilla Firefox\\firefox.exe\" https://www.twitter.com","ParentUser":"WIN10\\richard"}}
{"LogSource":"Microsoft-Windows-Sysmon/Operational","EventId":22,"TimeCreated":"2024-10-10T23:07:12.7879705-07:00","RecordId":171513,"MachineName":"Win10","EventData":{"RuleName":"-","UtcTime":"2024-10-11 06:07:10.283","ProcessGuid":"{53968da7-c08e-6708-c401-00000000fb00}","ProcessId":"5648","QueryName":"mozilla.cloudflare-dns.com","QueryStatus":"0","QueryResults":"172.64.41.4;162.159.61.4;","Image":"C:\\Program Files\\Mozilla Firefox\\firefox.exe","User":"WIN10\\richard"}}
{"LogSource":"Microsoft-Windows-Sysmon/Operational","EventId":22,"TimeCreated":"2024-10-10T23:07:12.7905278-07:00","RecordId":171514,"MachineName":"Win10","EventData":{"RuleName":"-","UtcTime":"2024-10-11 06:07:10.289","ProcessGuid":"{53968da7-c08e-6708-c401-00000000fb00}","ProcessId":"5648","QueryName":"mozilla.cloudflare-dns.com","QueryStatus":"0","QueryResults":"2803:f800:53::4;2a06:98c1:52::4;","Image":"C:\\Program Files\\Mozilla Firefox\\firefox.exe","User":"WIN10\\richard"}}
{"LogSource":"Microsoft-Windows-Sysmon/Operational","EventId":22,"TimeCreated":"2024-10-10T23:07:12.7932412-07:00","RecordId":171515,"MachineName":"Win10","EventData":{"RuleName":"-","UtcTime":"2024-10-11 06:07:10.350","ProcessGuid":"{53968da7-c08e-6708-c401-00000000fb00}","ProcessId":"5648","QueryName":"doh.test.","QueryStatus":"9003","QueryResults":"-","Image":"C:\\Program Files\\Mozilla Firefox\\firefox.exe","User":"WIN10\\richard"}}
{"LogSource":"Microsoft-Windows-Sysmon/Operational","EventId":22,"TimeCreated":"2024-10-10T23:07:12.7957314-07:00","RecordId":171516,"MachineName":"Win10","EventData":{"RuleName":"-","UtcTime":"2024-10-11 06:07:10.678","ProcessGuid":"{53968da7-c08e-6708-c401-00000000fb00}","ProcessId":"5648","QueryName":"example.org","QueryStatus":"0","QueryResults":"93.184.215.14;","Image":"C:\\Program Files\\Mozilla Firefox\\firefox.exe","User":"WIN10\\richard"}}
{"LogSource":"Microsoft-Windows-Sysmon/Operational","EventId":22,"TimeCreated":"2024-10-10T23:07:12.7980432-07:00","RecordId":171517,"MachineName":"Win10","EventData":{"RuleName":"-","UtcTime":"2024-10-11 06:07:10.678","ProcessGuid":"{53968da7-c08e-6708-c401-00000000fb00}","ProcessId":"5648","QueryName":"example.org","QueryStatus":"0","QueryResults":"2606:2800:21f:cb07:6820:80da:af6b:8b2c;::ffff:93.184.215.14;","Image":"C:\\Program Files\\Mozilla Firefox\\firefox.exe","User":"WIN10\\richard"}}
{"LogSource":"Microsoft-Windows-Sysmon/Operational","EventId":22,"TimeCreated":"2024-10-10T23:07:12.8003468-07:00","RecordId":171518,"MachineName":"Win10","EventData":{"RuleName":"-","UtcTime":"2024-10-11 06:07:10.679","ProcessGuid":"{53968da7-c08e-6708-c401-00000000fb00}","ProcessId":"5648","QueryName":"example.org","QueryStatus":"0","QueryResults":"93.184.215.14;","Image":"C:\\Program Files\\Mozilla Firefox\\firefox.exe","User":"WIN10\\richard"}}
{"LogSource":"Microsoft-Windows-Sysmon/Operational","EventId":22,"TimeCreated":"2024-10-10T23:07:12.8026866-07:00","RecordId":171519,"MachineName":"Win10","EventData":{"RuleName":"-","UtcTime":"2024-10-11 06:07:10.679","ProcessGuid":"{53968da7-c08e-6708-c401-00000000fb00}","ProcessId":"5648","QueryName":"example.org","QueryStatus":"0","QueryResults":"2606:2800:21f:cb07:6820:80da:af6b:8b2c;::ffff:93.184.215.14;","Image":"C:\\Program Files\\Mozilla Firefox\\firefox.exe","User":"WIN10\\richard"}}
{"LogSource":"Microsoft-Windows-Sysmon/Operational","EventId":22,"TimeCreated":"2024-10-10T23:07:12.8049969-07:00","RecordId":171520,"MachineName":"Win10","EventData":{"RuleName":"-","UtcTime":"2024-10-11 06:07:10.682","ProcessGuid":"{53968da7-c08e-6708-c401-00000000fb00}","ProcessId":"5648","QueryName":"example.org","QueryStatus":"0","QueryResults":"93.184.215.14;","Image":"C:\\Program Files\\Mozilla Firefox\\firefox.exe","User":"WIN10\\richard"}}
{"LogSource":"Microsoft-Windows-Sysmon/Operational","EventId":22,"TimeCreated":"2024-10-10T23:07:12.8072836-07:00","RecordId":171521,"MachineName":"Win10","EventData":{"RuleName":"-","UtcTime":"2024-10-11 06:07:10.682","ProcessGuid":"{53968da7-c08e-6708-c401-00000000fb00}","ProcessId":"5648","QueryName":"example.org","QueryStatus":"0","QueryResults":"2606:2800:21f:cb07:6820:80da:af6b:8b2c;","Image":"C:\\Program Files\\Mozilla Firefox\\firefox.exe","User":"WIN10\\richard"}}
{"LogSource":"Microsoft-Windows-Sysmon/Operational","EventId":22,"TimeCreated":"2024-10-10T23:07:12.8095845-07:00","RecordId":171522,"MachineName":"Win10","EventData":{"RuleName":"-","UtcTime":"2024-10-11 06:07:10.684","ProcessGuid":"{53968da7-c08e-6708-c401-00000000fb00}","ProcessId":"5648","QueryName":"detectportal.firefox.com","QueryStatus":"0","QueryResults":"type:  5 detectportal.prod.mozaws.net;type:  5 prod.detectportal.prod.cloudops.mozgcp.net;2600:1901:0:38d7::;::ffff:34.107.221.82;","Image":"C:\\Program Files\\Mozilla Firefox\\firefox.exe","User":"WIN10\\richard"}}
{"LogSource":"Microsoft-Windows-Sysmon/Operational","EventId":22,"TimeCreated":"2024-10-10T23:07:13.7941039-07:00","RecordId":171523,"MachineName":"Win10","EventData":{"RuleName":"-","UtcTime":"2024-10-11 06:07:10.684","ProcessGuid":"{53968da7-c08e-6708-c401-00000000fb00}","ProcessId":"5648","QueryName":"detectportal.firefox.com","QueryStatus":"0","QueryResults":"type:  5 detectportal.prod.mozaws.net;type:  5 prod.detectportal.prod.cloudops.mozgcp.net;2600:1901:0:38d7::;::ffff:34.107.221.82;","Image":"C:\\Program Files\\Mozilla Firefox\\firefox.exe","User":"WIN10\\richard"}}
{"LogSource":"Microsoft-Windows-Sysmon/Operational","EventId":22,"TimeCreated":"2024-10-10T23:07:13.7965563-07:00","RecordId":171524,"MachineName":"Win10","EventData":{"RuleName":"-","UtcTime":"2024-10-11 06:07:10.684","ProcessGuid":"{53968da7-c08e-6708-c401-00000000fb00}","ProcessId":"5648","QueryName":"prod.detectportal.prod.cloudops.mozgcp.net","QueryStatus":"0","QueryResults":"34.107.221.82;","Image":"C:\\Program Files\\Mozilla Firefox\\firefox.exe","User":"WIN10\\richard"}}
{"LogSource":"Microsoft-Windows-Sysmon/Operational","EventId":22,"TimeCreated":"2024-10-10T23:07:13.7988284-07:00","RecordId":171525,"MachineName":"Win10","EventData":{"RuleName":"-","UtcTime":"2024-10-11 06:07:10.684","ProcessGuid":"{53968da7-c08e-6708-c401-00000000fb00}","ProcessId":"5648","QueryName":"prod.detectportal.prod.cloudops.mozgcp.net","QueryStatus":"0","QueryResults":"2600:1901:0:38d7::;","Image":"C:\\Program Files\\Mozilla Firefox\\firefox.exe","User":"WIN10\\richard"}}
{"LogSource":"Microsoft-Windows-Sysmon/Operational","EventId":22,"TimeCreated":"2024-10-10T23:07:13.7991500-07:00","RecordId":171526,"MachineName":"Win10","EventData":{"RuleName":"-","UtcTime":"2024-10-11 06:07:12.347","ProcessGuid":"{53968da7-c08e-6708-c401-00000000fb00}","ProcessId":"5648","QueryName":"www.twitter.com","QueryStatus":"0","QueryResults":"type:  5 twitter.com;::ffff:104.244.42.193;","Image":"C:\\Program Files\\Mozilla Firefox\\firefox.exe","User":"WIN10\\richard"}}
{"LogSource":"Microsoft-Windows-Sysmon/Operational","EventId":22,"TimeCreated":"2024-10-10T23:07:13.7993939-07:00","RecordId":171527,"MachineName":"Win10","EventData":{"RuleName":"-","UtcTime":"2024-10-11 06:07:12.349","ProcessGuid":"{53968da7-c08e-6708-c401-00000000fb00}","ProcessId":"5648","QueryName":"spocs.getpocket.com","QueryStatus":"0","QueryResults":"type:  5 prod.ads.prod.webservices.mozgcp.net;::ffff:34.117.188.166;","Image":"C:\\Program Files\\Mozilla Firefox\\firefox.exe","User":"WIN10\\richard"}}
{"LogSource":"Microsoft-Windows-Sysmon/Operational","EventId":22,"TimeCreated":"2024-10-10T23:07:13.7995758-07:00","RecordId":171528,"MachineName":"Win10","EventData":{"RuleName":"-","UtcTime":"2024-10-11 06:07:12.351","ProcessGuid":"{53968da7-c08e-6708-c401-00000000fb00}","ProcessId":"5648","QueryName":"prod.remote-settings.prod.webservices.mozgcp.net","QueryStatus":"0","QueryResults":"34.149.100.209;","Image":"C:\\Program Files\\Mozilla Firefox\\firefox.exe","User":"WIN10\\richard"}}
{"LogSource":"Microsoft-Windows-Sysmon/Operational","EventId":22,"TimeCreated":"2024-10-10T23:07:13.7996931-07:00","RecordId":171529,"MachineName":"Win10","EventData":{"RuleName":"-","UtcTime":"2024-10-11 06:07:12.353","ProcessGuid":"{53968da7-c08e-6708-c401-00000000fb00}","ProcessId":"5648","QueryName":"twitter.com","QueryStatus":"0","QueryResults":"104.244.42.193;","Image":"C:\\Program Files\\Mozilla Firefox\\firefox.exe","User":"WIN10\\richard"}}
{"LogSource":"Microsoft-Windows-Sysmon/Operational","EventId":22,"TimeCreated":"2024-10-10T23:07:13.7997630-07:00","RecordId":171530,"MachineName":"Win10","EventData":{"RuleName":"-","UtcTime":"2024-10-11 06:07:12.354","ProcessGuid":"{53968da7-c08e-6708-c401-00000000fb00}","ProcessId":"5648","QueryName":"fp2e7a.wpc.phicdn.net","QueryStatus":"0","QueryResults":"192.229.211.108;","Image":"C:\\Program Files\\Mozilla Firefox\\firefox.exe","User":"WIN10\\richard"}}
{"LogSource":"Microsoft-Windows-Sysmon/Operational","EventId":22,"TimeCreated":"2024-10-10T23:07:13.7998097-07:00","RecordId":171531,"MachineName":"Win10","EventData":{"RuleName":"-","UtcTime":"2024-10-11 06:07:12.354","ProcessGuid":"{53968da7-c08e-6708-c401-00000000fb00}","ProcessId":"5648","QueryName":"prod.balrog.prod.cloudops.mozgcp.net","QueryStatus":"0","QueryResults":"35.244.181.201;","Image":"C:\\Program Files\\Mozilla Firefox\\firefox.exe","User":"WIN10\\richard"}}
{"LogSource":"Microsoft-Windows-Sysmon/Operational","EventId":22,"TimeCreated":"2024-10-10T23:07:13.7998626-07:00","RecordId":171532,"MachineName":"Win10","EventData":{"RuleName":"-","UtcTime":"2024-10-11 06:07:12.355","ProcessGuid":"{53968da7-c08e-6708-c401-00000000fb00}","ProcessId":"5648","QueryName":"prod.ads.prod.webservices.mozgcp.net","QueryStatus":"0","QueryResults":"34.117.188.166;","Image":"C:\\Program Files\\Mozilla Firefox\\firefox.exe","User":"WIN10\\richard"}}
{"LogSource":"Microsoft-Windows-Sysmon/Operational","EventId":22,"TimeCreated":"2024-10-10T23:07:13.7999340-07:00","RecordId":171533,"MachineName":"Win10","EventData":{"RuleName":"-","UtcTime":"2024-10-11 06:07:12.356","ProcessGuid":"{53968da7-c08e-6708-c401-00000000fb00}","ProcessId":"5648","QueryName":"prod.content-signature-chains.prod.webservices.mozgcp.net","QueryStatus":"0","QueryResults":"34.160.144.191;","Image":"C:\\Program Files\\Mozilla Firefox\\firefox.exe","User":"WIN10\\richard"}}
{"LogSource":"Microsoft-Windows-Sysmon/Operational","EventId":22,"TimeCreated":"2024-10-10T23:07:13.8000218-07:00","RecordId":171534,"MachineName":"Win10","EventData":{"RuleName":"-","UtcTime":"2024-10-11 06:07:12.356","ProcessGuid":"{53968da7-c08e-6708-c401-00000000fb00}","ProcessId":"5648","QueryName":"prod.remote-settings.prod.webservices.mozgcp.net","QueryStatus":"9501","QueryResults":"-","Image":"C:\\Program Files\\Mozilla Firefox\\firefox.exe","User":"WIN10\\richard"}}
{"LogSource":"Microsoft-Windows-Sysmon/Operational","EventId":22,"TimeCreated":"2024-10-10T23:07:13.8001045-07:00","RecordId":171535,"MachineName":"Win10","EventData":{"RuleName":"-","UtcTime":"2024-10-11 06:07:12.358","ProcessGuid":"{53968da7-c08e-6708-c401-00000000fb00}","ProcessId":"5648","QueryName":"twitter.com","QueryStatus":"9501","QueryResults":"-","Image":"C:\\Program Files\\Mozilla Firefox\\firefox.exe","User":"WIN10\\richard"}}
{"LogSource":"Microsoft-Windows-Sysmon/Operational","EventId":22,"TimeCreated":"2024-10-10T23:07:13.8001726-07:00","RecordId":171536,"MachineName":"Win10","EventData":{"RuleName":"-","UtcTime":"2024-10-11 06:07:12.359","ProcessGuid":"{53968da7-c08e-6708-c401-00000000fb00}","ProcessId":"5648","QueryName":"prod.balrog.prod.cloudops.mozgcp.net","QueryStatus":"9501","QueryResults":"-","Image":"C:\\Program Files\\Mozilla Firefox\\firefox.exe","User":"WIN10\\richard"}}
{"LogSource":"Microsoft-Windows-Sysmon/Operational","EventId":22,"TimeCreated":"2024-10-10T23:07:13.8002179-07:00","RecordId":171537,"MachineName":"Win10","EventData":{"RuleName":"-","UtcTime":"2024-10-11 06:07:12.359","ProcessGuid":"{53968da7-c08e-6708-c401-00000000fb00}","ProcessId":"5648","QueryName":"fp2e7a.wpc.phicdn.net","QueryStatus":"0","QueryResults":"2606:2800:21f:e650:1228:c9d5:7af4:5a5b;","Image":"C:\\Program Files\\Mozilla Firefox\\firefox.exe","User":"WIN10\\richard"}}
{"LogSource":"Microsoft-Windows-Sysmon/Operational","EventId":22,"TimeCreated":"2024-10-10T23:07:14.8011164-07:00","RecordId":171538,"MachineName":"Win10","EventData":{"RuleName":"-","UtcTime":"2024-10-11 06:07:12.360","ProcessGuid":"{53968da7-c08e-6708-c401-00000000fb00}","ProcessId":"5648","QueryName":"prod.ads.prod.webservices.mozgcp.net","QueryStatus":"9501","QueryResults":"-","Image":"C:\\Program Files\\Mozilla Firefox\\firefox.exe","User":"WIN10\\richard"}}
{"LogSource":"Microsoft-Windows-Sysmon/Operational","EventId":22,"TimeCreated":"2024-10-10T23:07:14.8011451-07:00","RecordId":171539,"MachineName":"Win10","EventData":{"RuleName":"-","UtcTime":"2024-10-11 06:07:12.360","ProcessGuid":"{53968da7-c08e-6708-c401-00000000fb00}","ProcessId":"5648","QueryName":"prod.content-signature-chains.prod.webservices.mozgcp.net","QueryStatus":"0","QueryResults":"2600:1901:0:92a9::;","Image":"C:\\Program Files\\Mozilla Firefox\\firefox.exe","User":"WIN10\\richard"}}
{"LogSource":"Microsoft-Windows-Sysmon/Operational","EventId":1,"TimeCreated":"2024-10-10T23:07:15.7892906-07:00","RecordId":171540,"MachineName":"Win10","EventData":{"RuleName":"-","UtcTime":"2024-10-11 06:07:15.775","ProcessGuid":"{53968da7-c093-6708-ce01-00000000fb00}","ProcessId":"7480","Image":"C:\\Program Files\\Mozilla Firefox\\firefox.exe","FileVersion":"131.0.2","Description":"Firefox","Product":"Firefox","Company":"Mozilla Corporation","OriginalFileName":"firefox.exe","CommandLine":"\"C:\\Program Files\\Mozilla Firefox\\firefox.exe\" -contentproc --channel=6024 -isForBrowser -prefsHandle 3180 -prefMapHandle 6820 -prefsLen 33834 -prefMapSize 263055 -jsInitHandle 1400 -jsInitLen 234840 -parentBuildID 20241008210941 -win32kLockedDown -appDir \"C:\\Program Files\\Mozilla Firefox\\browser\" - {849f2aac-2e07-431c-aa8e-9469d3a336cf} 5648 \"\\\\.\\pipe\\gecko-crash-server-pipe.5648\" 10 tab","CurrentDirectory":"C:\\Windows\\system32\\","User":"WIN10\\richard","LogonGuid":"{53968da7-b202-6708-c295-020000000000}","LogonId":"0x295c2","TerminalSessionId":"1","IntegrityLevel":"Low","Hashes":"MD5=571814A7939D001662BBA7760BD0B187,SHA256=9725AFC685C8EE135701E140A83B94FE7D958360A1F546215F7EAFDFF5E53A83,IMPHASH=BB4CE52E8306F88C0B1DA570553704E4","ParentProcessGuid":"{53968da7-c08e-6708-c401-00000000fb00}","ParentProcessId":"5648","ParentImage":"C:\\Program Files\\Mozilla Firefox\\firefox.exe","ParentCommandLine":"\"C:\\Program Files\\Mozilla Firefox\\firefox.exe\" https://www.twitter.com","ParentUser":"WIN10\\richard"}}
{"LogSource":"Microsoft-Windows-Sysmon/Operational","EventId":1,"TimeCreated":"2024-10-10T23:07:15.7898372-07:00","RecordId":171541,"MachineName":"Win10","EventData":{"RuleName":"-","UtcTime":"2024-10-11 06:07:15.783","ProcessGuid":"{53968da7-c093-6708-cf01-00000000fb00}","ProcessId":"8820","Image":"C:\\Program Files\\Mozilla Firefox\\firefox.exe","FileVersion":"131.0.2","Description":"Firefox","Product":"Firefox","Company":"Mozilla Corporation","OriginalFileName":"firefox.exe","CommandLine":"\"C:\\Program Files\\Mozilla Firefox\\firefox.exe\" -contentproc --channel=4052 -isForBrowser -prefsHandle 6552 -prefMapHandle 6544 -prefsLen 33834 -prefMapSize 263055 -jsInitHandle 1400 -jsInitLen 234840 -parentBuildID 20241008210941 -win32kLockedDown -appDir \"C:\\Program Files\\Mozilla Firefox\\browser\" - {ce6434b0-37db-4f4b-ae77-b15cf15b8525} 5648 \"\\\\.\\pipe\\gecko-crash-server-pipe.5648\" 11 tab","CurrentDirectory":"C:\\Windows\\system32\\","User":"WIN10\\richard","LogonGuid":"{53968da7-b202-6708-c295-020000000000}","LogonId":"0x295c2","TerminalSessionId":"1","IntegrityLevel":"Low","Hashes":"MD5=571814A7939D001662BBA7760BD0B187,SHA256=9725AFC685C8EE135701E140A83B94FE7D958360A1F546215F7EAFDFF5E53A83,IMPHASH=BB4CE52E8306F88C0B1DA570553704E4","ParentProcessGuid":"{53968da7-c08e-6708-c401-00000000fb00}","ParentProcessId":"5648","ParentImage":"C:\\Program Files\\Mozilla Firefox\\firefox.exe","ParentCommandLine":"\"C:\\Program Files\\Mozilla Firefox\\firefox.exe\" https://www.twitter.com","ParentUser":"WIN10\\richard"}}
{"LogSource":"Microsoft-Windows-Sysmon/Operational","EventId":1,"TimeCreated":"2024-10-10T23:07:15.8138978-07:00","RecordId":171542,"MachineName":"Win10","EventData":{"RuleName":"-","UtcTime":"2024-10-11 06:07:15.794","ProcessGuid":"{53968da7-c093-6708-d001-00000000fb00}","ProcessId":"7888","Image":"C:\\Program Files\\Mozilla Firefox\\firefox.exe","FileVersion":"131.0.2","Description":"Firefox","Product":"Firefox","Company":"Mozilla Corporation","OriginalFileName":"firefox.exe","CommandLine":"\"C:\\Program Files\\Mozilla Firefox\\firefox.exe\" -contentproc --channel=5756 -isForBrowser -prefsHandle 3156 -prefMapHandle 3152 -prefsLen 33834 -prefMapSize 263055 -jsInitHandle 1400 -jsInitLen 234840 -parentBuildID 20241008210941 -win32kLockedDown -appDir \"C:\\Program Files\\Mozilla Firefox\\browser\" - {f365d35a-33a0-4079-893f-73bbdbcec543} 5648 \"\\\\.\\pipe\\gecko-crash-server-pipe.5648\" 12 tab","CurrentDirectory":"C:\\Windows\\system32\\","User":"WIN10\\richard","LogonGuid":"{53968da7-b202-6708-c295-020000000000}","LogonId":"0x295c2","TerminalSessionId":"1","IntegrityLevel":"Low","Hashes":"MD5=571814A7939D001662BBA7760BD0B187,SHA256=9725AFC685C8EE135701E140A83B94FE7D958360A1F546215F7EAFDFF5E53A83,IMPHASH=BB4CE52E8306F88C0B1DA570553704E4","ParentProcessGuid":"{53968da7-c08e-6708-c401-00000000fb00}","ParentProcessId":"5648","ParentImage":"C:\\Program Files\\Mozilla Firefox\\firefox.exe","ParentCommandLine":"\"C:\\Program Files\\Mozilla Firefox\\firefox.exe\" https://www.twitter.com","ParentUser":"WIN10\\richard"}}
{"LogSource":"Microsoft-Windows-Sysmon/Operational","EventId":1,"TimeCreated":"2024-10-10T23:07:17.4423176-07:00","RecordId":171543,"MachineName":"Win10","EventData":{"RuleName":"-","UtcTime":"2024-10-11 06:07:17.425","ProcessGuid":"{53968da7-c095-6708-d101-00000000fb00}","ProcessId":"1728","Image":"C:\\Program Files\\Mozilla Firefox\\firefox.exe","FileVersion":"131.0.2","Description":"Firefox","Product":"Firefox","Company":"Mozilla Corporation","OriginalFileName":"firefox.exe","CommandLine":"\"C:\\Program Files\\Mozilla Firefox\\firefox.exe\" -contentproc --channel=2864 -isForBrowser -prefsHandle 4356 -prefMapHandle 6684 -prefsLen 33915 -prefMapSize 263055 -jsInitHandle 1400 -jsInitLen 234840 -parentBuildID 20241008210941 -win32kLockedDown -appDir \"C:\\Program Files\\Mozilla Firefox\\browser\" - {bfb4ad24-9270-4036-ab7a-6d6db4b4116f} 5648 \"\\\\.\\pipe\\gecko-crash-server-pipe.5648\" 13 tab","CurrentDirectory":"C:\\Windows\\system32\\","User":"WIN10\\richard","LogonGuid":"{53968da7-b202-6708-c295-020000000000}","LogonId":"0x295c2","TerminalSessionId":"1","IntegrityLevel":"Low","Hashes":"MD5=571814A7939D001662BBA7760BD0B187,SHA256=9725AFC685C8EE135701E140A83B94FE7D958360A1F546215F7EAFDFF5E53A83,IMPHASH=BB4CE52E8306F88C0B1DA570553704E4","ParentProcessGuid":"{53968da7-c08e-6708-c401-00000000fb00}","ParentProcessId":"5648","ParentImage":"C:\\Program Files\\Mozilla Firefox\\firefox.exe","ParentCommandLine":"\"C:\\Program Files\\Mozilla Firefox\\firefox.exe\" https://www.twitter.com","ParentUser":"WIN10\\richard"}}
{"LogSource":"Microsoft-Windows-Sysmon/Operational","EventId":1,"TimeCreated":"2024-10-10T23:08:50.7691271-07:00","RecordId":171544,"MachineName":"Win10","EventData":{"RuleName":"-","UtcTime":"2024-10-11 06:08:50.751","ProcessGuid":"{53968da7-c0f2-6708-d201-00000000fb00}","ProcessId":"9112","Image":"C:\\Windows\\System32\\mspaint.exe","FileVersion":"10.0.19041.4717 (WinBuild.160101.0800)","Description":"Paint","Product":"Microsoft® Windows® Operating System","Company":"Microsoft Corporation","OriginalFileName":"MSPAINT.EXE","CommandLine":"\"C:\\Windows\\system32\\mspaint.exe\" ","CurrentDirectory":"C:\\Windows\\system32\\","User":"WIN10\\richard","LogonGuid":"{53968da7-b202-6708-7195-020000000000}","LogonId":"0x29571","TerminalSessionId":"1","IntegrityLevel":"High","Hashes":"MD5=B77BBEF18AB33C9BF411C461463B1DA8,SHA256=CAD40CFBB57D831206F1F49AD5258EE815052F4694F801D5985B1D86B3AE24ED,IMPHASH=AD9649A74DB256ECAB874BD416C46A98","ParentProcessGuid":"{53968da7-be30-6708-5201-00000000fb00}","ParentProcessId":"6876","ParentImage":"C:\\Windows\\System32\\WindowsPowerShell\\v1.0\\powershell_ise.exe","ParentCommandLine":"\"C:\\Windows\\system32\\WindowsPowerShell\\v1.0\\PowerShell_ISE.exe\" ","ParentUser":"WIN10\\richard"}}
{"LogSource":"Microsoft-Windows-Sysmon/Operational","EventId":1,"TimeCreated":"2024-10-10T23:09:06.9292845-07:00","RecordId":171545,"MachineName":"Win10","EventData":{"RuleName":"-","UtcTime":"2024-10-11 06:09:06.887","ProcessGuid":"{53968da7-c102-6708-d401-00000000fb00}","ProcessId":"8676","Image":"C:\\Windows\\System32\\SnippingTool.exe","FileVersion":"10.0.19041.4597 (WinBuild.160101.0800)","Description":"Snipping Tool","Product":"Microsoft® Windows® Operating System","Company":"Microsoft Corporation","OriginalFileName":"SnippingTool.exe","CommandLine":"\"C:\\Windows\\system32\\SnippingTool.exe\" ","CurrentDirectory":"C:\\Windows\\system32\\","User":"WIN10\\richard","LogonGuid":"{53968da7-b202-6708-7195-020000000000}","LogonId":"0x29571","TerminalSessionId":"1","IntegrityLevel":"High","Hashes":"MD5=17AE360827B663DFE1D72810B33CA2E7,SHA256=B6BD1CA8B699FEE3F5102BEC55BBA035119C7F1BC078774A49FF0090D2910F8B,IMPHASH=76178B4CA9BA97EF1BC9B4909BE07C56","ParentProcessGuid":"{53968da7-be30-6708-5201-00000000fb00}","ParentProcessId":"6876","ParentImage":"C:\\Windows\\System32\\WindowsPowerShell\\v1.0\\powershell_ise.exe","ParentCommandLine":"\"C:\\Windows\\system32\\WindowsPowerShell\\v1.0\\PowerShell_ISE.exe\" ","ParentUser":"WIN10\\richard"}}
{"LogSource":"Microsoft-Windows-Sysmon/Operational","EventId":1,"TimeCreated":"2024-10-10T23:10:09.0522881-07:00","RecordId":171546,"MachineName":"Win10","EventData":{"RuleName":"-","UtcTime":"2024-10-11 06:10:09.049","ProcessGuid":"{53968da7-c141-6708-d501-00000000fb00}","ProcessId":"7056","Image":"C:\\Program Files\\Mozilla Firefox\\firefox.exe","FileVersion":"131.0.2","Description":"Firefox","Product":"Firefox","Company":"Mozilla Corporation","OriginalFileName":"firefox.exe","CommandLine":"\"C:\\Program Files\\Mozilla Firefox\\firefox.exe\" https://www.nationalgeographic.com ","CurrentDirectory":"C:\\Windows\\system32\\","User":"WIN10\\richard","LogonGuid":"{53968da7-b202-6708-7195-020000000000}","LogonId":"0x29571","TerminalSessionId":"1","IntegrityLevel":"High","Hashes":"MD5=571814A7939D001662BBA7760BD0B187,SHA256=9725AFC685C8EE135701E140A83B94FE7D958360A1F546215F7EAFDFF5E53A83,IMPHASH=BB4CE52E8306F88C0B1DA570553704E4","ParentProcessGuid":"{53968da7-be30-6708-5201-00000000fb00}","ParentProcessId":"6876","ParentImage":"C:\\Windows\\System32\\WindowsPowerShell\\v1.0\\powershell_ise.exe","ParentCommandLine":"\"C:\\Windows\\system32\\WindowsPowerShell\\v1.0\\PowerShell_ISE.exe\" ","ParentUser":"WIN10\\richard"}}
{"LogSource":"Microsoft-Windows-Sysmon/Operational","EventId":1,"TimeCreated":"2024-10-10T23:10:09.0855407-07:00","RecordId":171547,"MachineName":"Win10","EventData":{"RuleName":"-","UtcTime":"2024-10-11 06:10:09.083","ProcessGuid":"{53968da7-c141-6708-d601-00000000fb00}","ProcessId":"4556","Image":"C:\\Program Files\\Mozilla Firefox\\firefox.exe","FileVersion":"131.0.2","Description":"Firefox","Product":"Firefox","Company":"Mozilla Corporation","OriginalFileName":"firefox.exe","CommandLine":"\"C:\\Program Files\\Mozilla Firefox\\firefox.exe\" https://www.nationalgeographic.com --attempting-deelevation","CurrentDirectory":"C:\\Windows\\system32\\","User":"WIN10\\richard","LogonGuid":"{53968da7-b202-6708-c295-020000000000}","LogonId":"0x295c2","TerminalSessionId":"1","IntegrityLevel":"Medium","Hashes":"MD5=571814A7939D001662BBA7760BD0B187,SHA256=9725AFC685C8EE135701E140A83B94FE7D958360A1F546215F7EAFDFF5E53A83,IMPHASH=BB4CE52E8306F88C0B1DA570553704E4","ParentProcessGuid":"{53968da7-b203-6708-4f00-00000000fb00}","ParentProcessId":"4396","ParentImage":"C:\\Windows\\explorer.exe","ParentCommandLine":"C:\\Windows\\Explorer.EXE","ParentUser":"WIN10\\richard"}}
{"LogSource":"Microsoft-Windows-Sysmon/Operational","EventId":1,"TimeCreated":"2024-10-10T23:10:09.0946184-07:00","RecordId":171548,"MachineName":"Win10","EventData":{"RuleName":"-","UtcTime":"2024-10-11 06:10:09.092","ProcessGuid":"{53968da7-c141-6708-d701-00000000fb00}","ProcessId":"3744","Image":"C:\\Program Files\\Mozilla Firefox\\firefox.exe","FileVersion":"131.0.2","Description":"Firefox","Product":"Firefox","Company":"Mozilla Corporation","OriginalFileName":"firefox.exe","CommandLine":"\"C:\\Program Files\\Mozilla Firefox\\firefox.exe\" https://www.nationalgeographic.com","CurrentDirectory":"C:\\Windows\\system32\\","User":"WIN10\\richard","LogonGuid":"{53968da7-b202-6708-c295-020000000000}","LogonId":"0x295c2","TerminalSessionId":"1","IntegrityLevel":"Medium","Hashes":"MD5=571814A7939D001662BBA7760BD0B187,SHA256=9725AFC685C8EE135701E140A83B94FE7D958360A1F546215F7EAFDFF5E53A83,IMPHASH=BB4CE52E8306F88C0B1DA570553704E4","ParentProcessGuid":"{53968da7-c141-6708-d601-00000000fb00}","ParentProcessId":"4556","ParentImage":"C:\\Program Files\\Mozilla Firefox\\firefox.exe","ParentCommandLine":"\"C:\\Program Files\\Mozilla Firefox\\firefox.exe\" https://www.nationalgeographic.com --attempting-deelevation","ParentUser":"WIN10\\richard"}}
