{"LogSource":"Microsoft-Windows-Sysmon/Operational","EventId":1,"TimeCreated":"2024-10-11T00:01:32.1724150-07:00","RecordId":172755,"MachineName":"Win10","EventData":{"RuleName":"-","UtcTime":"2024-10-11 07:01:32.169","ProcessGuid":"{53968da7-cd4c-6708-9a03-00000000fb00}","ProcessId":"932","Image":"C:\\Program Files\\Mozilla Firefox\\firefox.exe","FileVersion":"131.0.2","Description":"Firefox","Product":"Firefox","Company":"Mozilla Corporation","OriginalFileName":"firefox.exe","CommandLine":"\"C:\\Program Files\\Mozilla Firefox\\firefox.exe\" -contentproc --channel=5816 -isForBrowser -prefsHandle 5828 -prefMapHandle 6072 -prefsLen 33637 -prefMapSize 263055 -jsInitHandle 1432 -jsInitLen 234840 -parentBuildID 20241008210941 -win32kLockedDown -appDir \"C:\\Program Files\\Mozilla Firefox\\browser\" - {164855ae-cec9-4808-9d50-7077302ffbc7} 612 \"\\\\.\\pipe\\gecko-crash-server-pipe.612\" 9 tab","CurrentDirectory":"C:\\Windows\\system32\\","User":"WIN10\\richard","LogonGuid":"{53968da7-b202-6708-c295-020000000000}","LogonId":"0x295c2","TerminalSessionId":"1","IntegrityLevel":"Low","Hashes":"MD5=571814A7939D001662BBA7760BD0B187,SHA256=9725AFC685C8EE135701E140A83B94FE7D958360A1F546215F7EAFDFF5E53A83,IMPHASH=BB4CE52E8306F88C0B1DA570553704E4","ParentProcessGuid":"{53968da7-cd4a-6708-9103-00000000fb00}","ParentProcessId":"612","ParentImage":"C:\\Program Files\\Mozilla Firefox\\firefox.exe","ParentCommandLine":"\"C:\\Program Files\\Mozilla Firefox\\firefox.exe\" https://www.linkedin.com","ParentUser":"WIN10\\richard"}}
{"LogSource":"Microsoft-Windows-Sysmon/Operational","EventId":22,"TimeCreated":"2024-10-11T00:01:32.4226344-07:00","RecordId":172756,"MachineName":"Win10","EventData":{"RuleName":"-","UtcTime":"2024-10-11 07:01:30.165","ProcessGuid":"{53968da7-cd4a-6708-9103-00000000fb00}","ProcessId":"612","QueryName":"detectportal.firefox.com","QueryStatus":"0","QueryResults":"type:  5 detectportal.prod.mozaws.net;type:  5 prod.detectportal.prod.cloudops.mozgcp.net;2600:1901:0:38d7::;::ffff:34.107.221.82;","Image":"C:\\Program Files\\Mozilla Firefox\\firefox.exe","User":"WIN10\\richard"}}
{"LogSource":"Microsoft-Windows-Sysmon/Operational","EventId":22,"TimeCreated":"2024-10-11T00:01:32.4237837-07:00","RecordId":172757,"MachineName":"Win10","EventData":{"RuleName":"-","UtcTime":"2024-10-11 07:01:30.167","ProcessGuid":"{53968da7-cd4a-6708-9103-00000000fb00}","ProcessId":"612","QueryName":"detectportal.firefox.com","QueryStatus":"0","QueryResults":"type:  5 detectportal.prod.mozaws.net;type:  5 prod.detectportal.prod.cloudops.mozgcp.net;2600:1901:0:38d7::;::ffff:34.107.221.82;","Image":"C:\\Program Files\\Mozilla Firefox\\firefox.exe","User":"WIN10\\richard"}}
{"LogSource":"Microsoft-Windows-Sysmon/Operational","EventId":22,"TimeCreated":"2024-10-11T00:01:32.4249246-07:00","RecordId":172758,"MachineName":"Win10","EventData":{"RuleName":"-","UtcTime":"2024-10-11 07:01:30.167","ProcessGuid":"{53968da7-cd4a-6708-9103-00000000fb00}","ProcessId":"612","QueryName":"prod.detectportal.prod.cloudops.mozgcp.net","QueryStatus":"0","QueryResults":"34.107.221.82;","Image":"C:\\Program Files\\Mozilla Firefox\\firefox.exe","User":"WIN10\\richard"}}
{"LogSource":"Microsoft-Windows-Sysmon/Operational","EventId":22,"TimeCreated":"2024-10-11T00:01:32.4260589-07:00","RecordId":172759,"MachineName":"Win10","EventData":{"RuleName":"-","UtcTime":"2024-10-11 07:01:30.167","ProcessGuid":"{53968da7-cd4a-6708-9103-00000000fb00}","ProcessId":"612","QueryName":"prod.detectportal.prod.cloudops.mozgcp.net","QueryStatus":"0","QueryResults":"2600:1901:0:38d7::;","Image":"C:\\Program Files\\Mozilla Firefox\\firefox.exe","User":"WIN10\\richard"}}
{"LogSource":"Microsoft-Windows-Sysmon/Operational","EventId":22,"TimeCreated":"2024-10-11T00:01:32.4272466-07:00","RecordId":172760,"MachineName":"Win10","EventData":{"RuleName":"-","UtcTime":"2024-10-11 07:01:30.199","ProcessGuid":"{53968da7-cd4a-6708-9103-00000000fb00}","ProcessId":"612","QueryName":"private.canadianshield.cira.ca","QueryStatus":"0","QueryResults":"2620:10a:80bb::10;2620:10a:80bc::10;::ffff:149.112.122.10;::ffff:149.112.121.10;","Image":"C:\\Program Files\\Mozilla Firefox\\firefox.exe","User":"WIN10\\richard"}}
{"LogSource":"Microsoft-Windows-Sysmon/Operational","EventId":22,"TimeCreated":"2024-10-11T00:01:32.4284442-07:00","RecordId":172761,"MachineName":"Win10","EventData":{"RuleName":"-","UtcTime":"2024-10-11 07:01:30.199","ProcessGuid":"{53968da7-cd4a-6708-9103-00000000fb00}","ProcessId":"612","QueryName":"private.canadianshield.cira.ca","QueryStatus":"0","QueryResults":"2620:10a:80bb::10;2620:10a:80bc::10;::ffff:149.112.122.10;::ffff:149.112.121.10;","Image":"C:\\Program Files\\Mozilla Firefox\\firefox.exe","User":"WIN10\\richard"}}
{"LogSource":"Microsoft-Windows-Sysmon/Operational","EventId":22,"TimeCreated":"2024-10-11T00:01:32.4296262-07:00","RecordId":172762,"MachineName":"Win10","EventData":{"RuleName":"-","UtcTime":"2024-10-11 07:01:30.199","ProcessGuid":"{53968da7-cd4a-6708-9103-00000000fb00}","ProcessId":"612","QueryName":"private.canadianshield.cira.ca","QueryStatus":"0","QueryResults":"149.112.121.10;149.112.122.10;","Image":"C:\\Program Files\\Mozilla Firefox\\firefox.exe","User":"WIN10\\richard"}}
{"LogSource":"Microsoft-Windows-Sysmon/Operational","EventId":22,"TimeCreated":"2024-10-11T00:01:32.4308083-07:00","RecordId":172763,"MachineName":"Win10","EventData":{"RuleName":"-","UtcTime":"2024-10-11 07:01:30.199","ProcessGuid":"{53968da7-cd4a-6708-9103-00000000fb00}","ProcessId":"612","QueryName":"private.canadianshield.cira.ca","QueryStatus":"0","QueryResults":"2620:10a:80bc::10;2620:10a:80bb::10;","Image":"C:\\Program Files\\Mozilla Firefox\\firefox.exe","User":"WIN10\\richard"}}
{"LogSource":"Microsoft-Windows-Sysmon/Operational","EventId":22,"TimeCreated":"2024-10-11T00:01:32.4319906-07:00","RecordId":172764,"MachineName":"Win10","EventData":{"RuleName":"-","UtcTime":"2024-10-11 07:01:30.219","ProcessGuid":"{53968da7-cd4a-6708-9103-00000000fb00}","ProcessId":"612","QueryName":"example.org","QueryStatus":"0","QueryResults":"93.184.215.14;","Image":"C:\\Program Files\\Mozilla Firefox\\firefox.exe","User":"WIN10\\richard"}}
{"LogSource":"Microsoft-Windows-Sysmon/Operational","EventId":22,"TimeCreated":"2024-10-11T00:01:32.4331777-07:00","RecordId":172765,"MachineName":"Win10","EventData":{"RuleName":"-","UtcTime":"2024-10-11 07:01:30.219","ProcessGuid":"{53968da7-cd4a-6708-9103-00000000fb00}","ProcessId":"612","QueryName":"example.org","QueryStatus":"0","QueryResults":"2606:2800:21f:cb07:6820:80da:af6b:8b2c;::ffff:93.184.215.14;","Image":"C:\\Program Files\\Mozilla Firefox\\firefox.exe","User":"WIN10\\richard"}}
{"LogSource":"Microsoft-Windows-Sysmon/Operational","EventId":22,"TimeCreated":"2024-10-11T00:01:32.4343543-07:00","RecordId":172766,"MachineName":"Win10","EventData":{"RuleName":"-","UtcTime":"2024-10-11 07:01:30.219","ProcessGuid":"{53968da7-cd4a-6708-9103-00000000fb00}","ProcessId":"612","QueryName":"example.org","QueryStatus":"0","QueryResults":"93.184.215.14;","Image":"C:\\Program Files\\Mozilla Firefox\\firefox.exe","User":"WIN10\\richard"}}
{"LogSource":"Microsoft-Windows-Sysmon/Operational","EventId":22,"TimeCreated":"2024-10-11T00:01:32.4355286-07:00","RecordId":172767,"MachineName":"Win10","EventData":{"RuleName":"-","UtcTime":"2024-10-11 07:01:30.219","ProcessGuid":"{53968da7-cd4a-6708-9103-00000000fb00}","ProcessId":"612","QueryName":"example.org","QueryStatus":"0","QueryResults":"93.184.215.14;","Image":"C:\\Program Files\\Mozilla Firefox\\firefox.exe","User":"WIN10\\richard"}}
{"LogSource":"Microsoft-Windows-Sysmon/Operational","EventId":22,"TimeCreated":"2024-10-11T00:01:32.4367247-07:00","RecordId":172768,"MachineName":"Win10","EventData":{"RuleName":"-","UtcTime":"2024-10-11 07:01:30.219","ProcessGuid":"{53968da7-cd4a-6708-9103-00000000fb00}","ProcessId":"612","QueryName":"example.org","QueryStatus":"0","QueryResults":"2606:2800:21f:cb07:6820:80da:af6b:8b2c;::ffff:93.184.215.14;","Image":"C:\\Program Files\\Mozilla Firefox\\firefox.exe","User":"WIN10\\richard"}}
{"LogSource":"Microsoft-Windows-Sysmon/Operational","EventId":22,"TimeCreated":"2024-10-11T00:01:32.4378977-07:00","RecordId":172769,"MachineName":"Win10","EventData":{"RuleName":"-","UtcTime":"2024-10-11 07:01:30.220","ProcessGuid":"{53968da7-cd4a-6708-9103-00000000fb00}","ProcessId":"612","QueryName":"example.org","QueryStatus":"0","QueryResults":"2606:2800:21f:cb07:6820:80da:af6b:8b2c;","Image":"C:\\Program Files\\Mozilla Firefox\\firefox.exe","User":"WIN10\\richard"}}
{"LogSource":"Microsoft-Windows-Sysmon/Operational","EventId":22,"TimeCreated":"2024-10-11T00:01:32.4390929-07:00","RecordId":172770,"MachineName":"Win10","EventData":{"RuleName":"-","UtcTime":"2024-10-11 07:01:30.350","ProcessGuid":"{53968da7-cd4a-6708-9103-00000000fb00}","ProcessId":"612","QueryName":"forcesafesearch.google.com.","QueryStatus":"0","QueryResults":"216.239.38.120;","Image":"C:\\Program Files\\Mozilla Firefox\\firefox.exe","User":"WIN10\\richard"}}
{"LogSource":"Microsoft-Windows-Sysmon/Operational","EventId":22,"TimeCreated":"2024-10-11T00:01:32.4403924-07:00","RecordId":172771,"MachineName":"Win10","EventData":{"RuleName":"-","UtcTime":"2024-10-11 07:01:30.351","ProcessGuid":"{53968da7-cd4a-6708-9103-00000000fb00}","ProcessId":"612","QueryName":"youtube.googleapis.com.","QueryStatus":"0","QueryResults":"172.217.14.202;142.250.69.202;142.251.33.106;142.251.211.234;142.251.33.74;142.250.217.74;142.250.217.106;142.251.215.234;","Image":"C:\\Program Files\\Mozilla Firefox\\firefox.exe","User":"WIN10\\richard"}}
{"LogSource":"Microsoft-Windows-Sysmon/Operational","EventId":22,"TimeCreated":"2024-10-11T00:01:32.4415850-07:00","RecordId":172772,"MachineName":"Win10","EventData":{"RuleName":"-","UtcTime":"2024-10-11 07:01:30.351","ProcessGuid":"{53968da7-cd4a-6708-9103-00000000fb00}","ProcessId":"612","QueryName":"restrict.youtube.com.","QueryStatus":"0","QueryResults":"216.239.38.120;","Image":"C:\\Program Files\\Mozilla Firefox\\firefox.exe","User":"WIN10\\richard"}}
{"LogSource":"Microsoft-Windows-Sysmon/Operational","EventId":22,"TimeCreated":"2024-10-11T00:01:32.4427510-07:00","RecordId":172773,"MachineName":"Win10","EventData":{"RuleName":"-","UtcTime":"2024-10-11 07:01:30.351","ProcessGuid":"{53968da7-cd4a-6708-9103-00000000fb00}","ProcessId":"612","QueryName":"restrictmoderate.youtube.com.","QueryStatus":"0","QueryResults":"216.239.38.119;","Image":"C:\\Program Files\\Mozilla Firefox\\firefox.exe","User":"WIN10\\richard"}}
{"LogSource":"Microsoft-Windows-Sysmon/Operational","EventId":22,"TimeCreated":"2024-10-11T00:01:32.4439259-07:00","RecordId":172774,"MachineName":"Win10","EventData":{"RuleName":"-","UtcTime":"2024-10-11 07:01:30.352","ProcessGuid":"{53968da7-cd4a-6708-9103-00000000fb00}","ProcessId":"612","QueryName":"forcesafesearch.google.com.","QueryStatus":"0","QueryResults":"216.239.38.120;","Image":"C:\\Program Files\\Mozilla Firefox\\firefox.exe","User":"WIN10\\richard"}}
{"LogSource":"Microsoft-Windows-Sysmon/Operational","EventId":22,"TimeCreated":"2024-10-11T00:01:32.4451211-07:00","RecordId":172775,"MachineName":"Win10","EventData":{"RuleName":"-","UtcTime":"2024-10-11 07:01:30.352","ProcessGuid":"{53968da7-cd4a-6708-9103-00000000fb00}","ProcessId":"612","QueryName":"forcesafesearch.google.com","QueryStatus":"0","QueryResults":"216.239.38.120;","Image":"C:\\Program Files\\Mozilla Firefox\\firefox.exe","User":"WIN10\\richard"}}
{"LogSource":"Microsoft-Windows-Sysmon/Operational","EventId":22,"TimeCreated":"2024-10-11T00:01:32.4463073-07:00","RecordId":172776,"MachineName":"Win10","EventData":{"RuleName":"-","UtcTime":"2024-10-11 07:01:30.352","ProcessGuid":"{53968da7-cd4a-6708-9103-00000000fb00}","ProcessId":"612","QueryName":"youtube.googleapis.com.","QueryStatus":"0","QueryResults":"172.217.14.202;142.250.69.202;142.251.33.106;142.251.211.234;142.251.33.74;142.250.217.74;142.250.217.106;142.251.215.234;","Image":"C:\\Program Files\\Mozilla Firefox\\firefox.exe","User":"WIN10\\richard"}}
{"LogSource":"Microsoft-Windows-Sysmon/Operational","EventId":22,"TimeCreated":"2024-10-11T00:01:32.4474674-07:00","RecordId":172777,"MachineName":"Win10","EventData":{"RuleName":"-","UtcTime":"2024-10-11 07:01:30.352","ProcessGuid":"{53968da7-cd4a-6708-9103-00000000fb00}","ProcessId":"612","QueryName":"restrict.youtube.com.","QueryStatus":"0","QueryResults":"216.239.38.120;","Image":"C:\\Program Files\\Mozilla Firefox\\firefox.exe","User":"WIN10\\richard"}}
{"LogSource":"Microsoft-Windows-Sysmon/Operational","EventId":22,"TimeCreated":"2024-10-11T00:01:32.4486398-07:00","RecordId":172778,"MachineName":"Win10","EventData":{"RuleName":"-","UtcTime":"2024-10-11 07:01:30.352","ProcessGuid":"{53968da7-cd4a-6708-9103-00000000fb00}","ProcessId":"612","QueryName":"restrict.youtube.com","QueryStatus":"0","QueryResults":"216.239.38.120;","Image":"C:\\Program Files\\Mozilla Firefox\\firefox.exe","User":"WIN10\\richard"}}
{"LogSource":"Microsoft-Windows-Sysmon/Operational","EventId":22,"TimeCreated":"2024-10-11T00:01:32.4498229-07:00","RecordId":172779,"MachineName":"Win10","EventData":{"RuleName":"-","UtcTime":"2024-10-11 07:01:30.352","ProcessGuid":"{53968da7-cd4a-6708-9103-00000000fb00}","ProcessId":"612","QueryName":"youtube.googleapis.com","QueryStatus":"0","QueryResults":"172.217.14.202;142.250.69.202;142.251.33.106;142.251.211.234;142.251.33.74;142.250.217.74;142.250.217.106;142.251.215.234;","Image":"C:\\Program Files\\Mozilla Firefox\\firefox.exe","User":"WIN10\\richard"}}
{"LogSource":"Microsoft-Windows-Sysmon/Operational","EventId":22,"TimeCreated":"2024-10-11T00:01:32.4510061-07:00","RecordId":172780,"MachineName":"Win10","EventData":{"RuleName":"-","UtcTime":"2024-10-11 07:01:30.352","ProcessGuid":"{53968da7-cd4a-6708-9103-00000000fb00}","ProcessId":"612","QueryName":"restrictmoderate.youtube.com.","QueryStatus":"0","QueryResults":"216.239.38.119;","Image":"C:\\Program Files\\Mozilla Firefox\\firefox.exe","User":"WIN10\\richard"}}
{"LogSource":"Microsoft-Windows-Sysmon/Operational","EventId":22,"TimeCreated":"2024-10-11T00:01:32.4521718-07:00","RecordId":172781,"MachineName":"Win10","EventData":{"RuleName":"-","UtcTime":"2024-10-11 07:01:30.353","ProcessGuid":"{53968da7-cd4a-6708-9103-00000000fb00}","ProcessId":"612","QueryName":"restrictmoderate.youtube.com","QueryStatus":"0","QueryResults":"216.239.38.119;","Image":"C:\\Program Files\\Mozilla Firefox\\firefox.exe","User":"WIN10\\richard"}}
{"LogSource":"Microsoft-Windows-Sysmon/Operational","EventId":22,"TimeCreated":"2024-10-11T00:01:32.4534268-07:00","RecordId":172782,"MachineName":"Win10","EventData":{"RuleName":"-","UtcTime":"2024-10-11 07:01:30.355","ProcessGuid":"{53968da7-cd4a-6708-9103-00000000fb00}","ProcessId":"612","QueryName":"www.google.com.","QueryStatus":"0","QueryResults":"142.251.33.100;","Image":"C:\\Program Files\\Mozilla Firefox\\firefox.exe","User":"WIN10\\richard"}}
{"LogSource":"Microsoft-Windows-Sysmon/Operational","EventId":22,"TimeCreated":"2024-10-11T00:01:32.4545559-07:00","RecordId":172783,"MachineName":"Win10","EventData":{"RuleName":"-","UtcTime":"2024-10-11 07:01:30.356","ProcessGuid":"{53968da7-cd4a-6708-9103-00000000fb00}","ProcessId":"612","QueryName":"www.google.com.","QueryStatus":"0","QueryResults":"142.251.33.100;","Image":"C:\\Program Files\\Mozilla Firefox\\firefox.exe","User":"WIN10\\richard"}}
{"LogSource":"Microsoft-Windows-Sysmon/Operational","EventId":22,"TimeCreated":"2024-10-11T00:01:32.4556660-07:00","RecordId":172784,"MachineName":"Win10","EventData":{"RuleName":"-","UtcTime":"2024-10-11 07:01:30.356","ProcessGuid":"{53968da7-cd4a-6708-9103-00000000fb00}","ProcessId":"612","QueryName":"www.google.com","QueryStatus":"0","QueryResults":"142.251.33.100;","Image":"C:\\Program Files\\Mozilla Firefox\\firefox.exe","User":"WIN10\\richard"}}
{"LogSource":"Microsoft-Windows-Sysmon/Operational","EventId":22,"TimeCreated":"2024-10-11T00:01:32.4569249-07:00","RecordId":172785,"MachineName":"Win10","EventData":{"RuleName":"-","UtcTime":"2024-10-11 07:01:30.361","ProcessGuid":"{53968da7-cd4a-6708-9103-00000000fb00}","ProcessId":"612","QueryName":"www.youtube.com.","QueryStatus":"0","QueryResults":"type:  5 youtube-ui.l.google.com;142.251.33.78;142.250.217.78;142.250.217.110;142.251.215.238;172.217.14.238;142.250.69.206;142.251.33.110;142.251.211.238;","Image":"C:\\Program Files\\Mozilla Firefox\\firefox.exe","User":"WIN10\\richard"}}
{"LogSource":"Microsoft-Windows-Sysmon/Operational","EventId":22,"TimeCreated":"2024-10-11T00:01:32.4580818-07:00","RecordId":172786,"MachineName":"Win10","EventData":{"RuleName":"-","UtcTime":"2024-10-11 07:01:30.362","ProcessGuid":"{53968da7-cd4a-6708-9103-00000000fb00}","ProcessId":"612","QueryName":"www.youtube.com.","QueryStatus":"0","QueryResults":"type:  5 youtube-ui.l.google.com;142.251.33.78;142.250.217.78;142.250.217.110;142.251.215.238;172.217.14.238;142.250.69.206;142.251.33.110;142.251.211.238;","Image":"C:\\Program Files\\Mozilla Firefox\\firefox.exe","User":"WIN10\\richard"}}
{"LogSource":"Microsoft-Windows-Sysmon/Operational","EventId":22,"TimeCreated":"2024-10-11T00:01:32.4592731-07:00","RecordId":172787,"MachineName":"Win10","EventData":{"RuleName":"-","UtcTime":"2024-10-11 07:01:30.362","ProcessGuid":"{53968da7-cd4a-6708-9103-00000000fb00}","ProcessId":"612","QueryName":"www.youtube-nocookie.com.","QueryStatus":"0","QueryResults":"type:  5 youtube-ui.l.google.com;142.251.211.238;142.251.33.78;142.250.217.78;142.250.217.110;142.251.215.238;172.217.14.238;142.250.69.206;142.251.33.110;","Image":"C:\\Program Files\\Mozilla Firefox\\firefox.exe","User":"WIN10\\richard"}}
{"LogSource":"Microsoft-Windows-Sysmon/Operational","EventId":22,"TimeCreated":"2024-10-11T00:01:32.4604309-07:00","RecordId":172788,"MachineName":"Win10","EventData":{"RuleName":"-","UtcTime":"2024-10-11 07:01:30.363","ProcessGuid":"{53968da7-cd4a-6708-9103-00000000fb00}","ProcessId":"612","QueryName":"www.youtube-nocookie.com.","QueryStatus":"0","QueryResults":"type:  5 youtube-ui.l.google.com;142.251.211.238;142.251.33.78;142.250.217.78;142.250.217.110;142.251.215.238;172.217.14.238;142.250.69.206;142.251.33.110;","Image":"C:\\Program Files\\Mozilla Firefox\\firefox.exe","User":"WIN10\\richard"}}
{"LogSource":"Microsoft-Windows-Sysmon/Operational","EventId":22,"TimeCreated":"2024-10-11T00:01:32.4616083-07:00","RecordId":172789,"MachineName":"Win10","EventData":{"RuleName":"-","UtcTime":"2024-10-11 07:01:30.363","ProcessGuid":"{53968da7-cd4a-6708-9103-00000000fb00}","ProcessId":"612","QueryName":"google.com.","QueryStatus":"0","QueryResults":"142.251.215.238;","Image":"C:\\Program Files\\Mozilla Firefox\\firefox.exe","User":"WIN10\\richard"}}
{"LogSource":"Microsoft-Windows-Sysmon/Operational","EventId":22,"TimeCreated":"2024-10-11T00:01:32.4627866-07:00","RecordId":172790,"MachineName":"Win10","EventData":{"RuleName":"-","UtcTime":"2024-10-11 07:01:30.363","ProcessGuid":"{53968da7-cd4a-6708-9103-00000000fb00}","ProcessId":"612","QueryName":"m.youtube.com.","QueryStatus":"0","QueryResults":"142.251.33.78;","Image":"C:\\Program Files\\Mozilla Firefox\\firefox.exe","User":"WIN10\\richard"}}
{"LogSource":"Microsoft-Windows-Sysmon/Operational","EventId":22,"TimeCreated":"2024-10-11T00:01:32.4639614-07:00","RecordId":172791,"MachineName":"Win10","EventData":{"RuleName":"-","UtcTime":"2024-10-11 07:01:30.363","ProcessGuid":"{53968da7-cd4a-6708-9103-00000000fb00}","ProcessId":"612","QueryName":"google.com.","QueryStatus":"0","QueryResults":"142.251.215.238;","Image":"C:\\Program Files\\Mozilla Firefox\\firefox.exe","User":"WIN10\\richard"}}
{"LogSource":"Microsoft-Windows-Sysmon/Operational","EventId":22,"TimeCreated":"2024-10-11T00:01:32.4651138-07:00","RecordId":172792,"MachineName":"Win10","EventData":{"RuleName":"-","UtcTime":"2024-10-11 07:01:30.363","ProcessGuid":"{53968da7-cd4a-6708-9103-00000000fb00}","ProcessId":"612","QueryName":"m.youtube.com.","QueryStatus":"0","QueryResults":"142.251.33.78;","Image":"C:\\Program Files\\Mozilla Firefox\\firefox.exe","User":"WIN10\\richard"}}
{"LogSource":"Microsoft-Windows-Sysmon/Operational","EventId":22,"TimeCreated":"2024-10-11T00:01:32.4662770-07:00","RecordId":172793,"MachineName":"Win10","EventData":{"RuleName":"-","UtcTime":"2024-10-11 07:01:30.363","ProcessGuid":"{53968da7-cd4a-6708-9103-00000000fb00}","ProcessId":"612","QueryName":"sitereview.zscaler.com.","QueryStatus":"0","QueryResults":"104.129.193.93;","Image":"C:\\Program Files\\Mozilla Firefox\\firefox.exe","User":"WIN10\\richard"}}
{"LogSource":"Microsoft-Windows-Sysmon/Operational","EventId":22,"TimeCreated":"2024-10-11T00:01:32.4674134-07:00","RecordId":172794,"MachineName":"Win10","EventData":{"RuleName":"-","UtcTime":"2024-10-11 07:01:30.364","ProcessGuid":"{53968da7-cd4a-6708-9103-00000000fb00}","ProcessId":"612","QueryName":"m.youtube.com","QueryStatus":"0","QueryResults":"142.251.33.78;","Image":"C:\\Program Files\\Mozilla Firefox\\firefox.exe","User":"WIN10\\richard"}}
{"LogSource":"Microsoft-Windows-Sysmon/Operational","EventId":22,"TimeCreated":"2024-10-11T00:01:32.4685835-07:00","RecordId":172795,"MachineName":"Win10","EventData":{"RuleName":"-","UtcTime":"2024-10-11 07:01:30.364","ProcessGuid":"{53968da7-cd4a-6708-9103-00000000fb00}","ProcessId":"612","QueryName":"sitereview.zscaler.com.","QueryStatus":"0","QueryResults":"104.129.193.93;","Image":"C:\\Program Files\\Mozilla Firefox\\firefox.exe","User":"WIN10\\richard"}}
{"LogSource":"Microsoft-Windows-Sysmon/Operational","EventId":22,"TimeCreated":"2024-10-11T00:01:32.4697366-07:00","RecordId":172796,"MachineName":"Win10","EventData":{"RuleName":"-","UtcTime":"2024-10-11 07:01:30.364","ProcessGuid":"{53968da7-cd4a-6708-9103-00000000fb00}","ProcessId":"612","QueryName":"sitereview.zscaler.com","QueryStatus":"0","QueryResults":"104.129.193.93;","Image":"C:\\Program Files\\Mozilla Firefox\\firefox.exe","User":"WIN10\\richard"}}
{"LogSource":"Microsoft-Windows-Sysmon/Operational","EventId":22,"TimeCreated":"2024-10-11T00:01:32.4709083-07:00","RecordId":172797,"MachineName":"Win10","EventData":{"RuleName":"-","UtcTime":"2024-10-11 07:01:30.364","ProcessGuid":"{53968da7-cd4a-6708-9103-00000000fb00}","ProcessId":"612","QueryName":"google.com","QueryStatus":"0","QueryResults":"142.251.215.238;","Image":"C:\\Program Files\\Mozilla Firefox\\firefox.exe","User":"WIN10\\richard"}}
{"LogSource":"Microsoft-Windows-Sysmon/Operational","EventId":22,"TimeCreated":"2024-10-11T00:01:32.4720550-07:00","RecordId":172798,"MachineName":"Win10","EventData":{"RuleName":"-","UtcTime":"2024-10-11 07:01:30.364","ProcessGuid":"{53968da7-cd4a-6708-9103-00000000fb00}","ProcessId":"612","QueryName":"youtubei.googleapis.com.","QueryStatus":"0","QueryResults":"142.251.211.234;142.251.33.74;142.250.217.74;142.250.217.106;142.251.215.234;172.217.14.202;172.217.14.234;142.250.69.202;142.251.33.106;","Image":"C:\\Program Files\\Mozilla Firefox\\firefox.exe","User":"WIN10\\richard"}}
{"LogSource":"Microsoft-Windows-Sysmon/Operational","EventId":22,"TimeCreated":"2024-10-11T00:01:32.4732206-07:00","RecordId":172799,"MachineName":"Win10","EventData":{"RuleName":"-","UtcTime":"2024-10-11 07:01:30.365","ProcessGuid":"{53968da7-cd4a-6708-9103-00000000fb00}","ProcessId":"612","QueryName":"youtubei.googleapis.com.","QueryStatus":"0","QueryResults":"142.251.211.234;142.251.33.74;142.250.217.74;142.250.217.106;142.251.215.234;172.217.14.202;172.217.14.234;142.250.69.202;142.251.33.106;","Image":"C:\\Program Files\\Mozilla Firefox\\firefox.exe","User":"WIN10\\richard"}}
{"LogSource":"Microsoft-Windows-Sysmon/Operational","EventId":22,"TimeCreated":"2024-10-11T00:01:32.4743342-07:00","RecordId":172800,"MachineName":"Win10","EventData":{"RuleName":"-","UtcTime":"2024-10-11 07:01:30.365","ProcessGuid":"{53968da7-cd4a-6708-9103-00000000fb00}","ProcessId":"612","QueryName":"youtubei.googleapis.com","QueryStatus":"0","QueryResults":"142.251.211.234;142.251.33.74;142.250.217.74;142.250.217.106;142.251.215.234;172.217.14.202;172.217.14.234;142.250.69.202;142.251.33.106;","Image":"C:\\Program Files\\Mozilla Firefox\\firefox.exe","User":"WIN10\\richard"}}
{"LogSource":"Microsoft-Windows-Sysmon/Operational","EventId":22,"TimeCreated":"2024-10-11T00:01:32.4754943-07:00","RecordId":172801,"MachineName":"Win10","EventData":{"RuleName":"-","UtcTime":"2024-10-11 07:01:30.365","ProcessGuid":"{53968da7-cd4a-6708-9103-00000000fb00}","ProcessId":"612","QueryName":"use-application-dns.net.","QueryStatus":"0","QueryResults":"35.190.14.201;","Image":"C:\\Program Files\\Mozilla Firefox\\firefox.exe","User":"WIN10\\richard"}}
{"LogSource":"Microsoft-Windows-Sysmon/Operational","EventId":22,"TimeCreated":"2024-10-11T00:01:32.4766447-07:00","RecordId":172802,"MachineName":"Win10","EventData":{"RuleName":"-","UtcTime":"2024-10-11 07:01:30.365","ProcessGuid":"{53968da7-cd4a-6708-9103-00000000fb00}","ProcessId":"612","QueryName":"use-application-dns.net.","QueryStatus":"0","QueryResults":"35.190.14.201;","Image":"C:\\Program Files\\Mozilla Firefox\\firefox.exe","User":"WIN10\\richard"}}
{"LogSource":"Microsoft-Windows-Sysmon/Operational","EventId":22,"TimeCreated":"2024-10-11T00:01:32.4778046-07:00","RecordId":172803,"MachineName":"Win10","EventData":{"RuleName":"-","UtcTime":"2024-10-11 07:01:30.365","ProcessGuid":"{53968da7-cd4a-6708-9103-00000000fb00}","ProcessId":"612","QueryName":"use-application-dns.net","QueryStatus":"0","QueryResults":"35.190.14.201;","Image":"C:\\Program Files\\Mozilla Firefox\\firefox.exe","User":"WIN10\\richard"}}
{"LogSource":"Microsoft-Windows-Sysmon/Operational","EventId":22,"TimeCreated":"2024-10-11T00:01:32.4789556-07:00","RecordId":172804,"MachineName":"Win10","EventData":{"RuleName":"-","UtcTime":"2024-10-11 07:01:30.367","ProcessGuid":"{53968da7-cd4a-6708-9103-00000000fb00}","ProcessId":"612","QueryName":"youtube-ui.l.google.com","QueryStatus":"0","QueryResults":"142.251.33.110;142.250.69.206;172.217.14.238;142.251.215.238;142.250.217.110;142.250.217.78;142.251.33.78;142.251.211.238;","Image":"C:\\Program Files\\Mozilla Firefox\\firefox.exe","User":"WIN10\\richard"}}
{"LogSource":"Microsoft-Windows-Sysmon/Operational","EventId":22,"TimeCreated":"2024-10-11T00:01:32.4801119-07:00","RecordId":172805,"MachineName":"Win10","EventData":{"RuleName":"-","UtcTime":"2024-10-11 07:01:30.368","ProcessGuid":"{53968da7-cd4a-6708-9103-00000000fb00}","ProcessId":"612","QueryName":"youtube-ui.l.google.com","QueryStatus":"0","QueryResults":"142.251.33.110;142.250.69.206;172.217.14.238;142.251.215.238;142.250.217.110;142.250.217.78;142.251.33.78;142.251.211.238;","Image":"C:\\Program Files\\Mozilla Firefox\\firefox.exe","User":"WIN10\\richard"}}
{"LogSource":"Microsoft-Windows-Sysmon/Operational","EventId":22,"TimeCreated":"2024-10-11T00:01:32.4812569-07:00","RecordId":172806,"MachineName":"Win10","EventData":{"RuleName":"-","UtcTime":"2024-10-11 07:01:30.370","ProcessGuid":"{53968da7-cd4a-6708-9103-00000000fb00}","ProcessId":"612","QueryName":"mozilla.cloudflare-dns.com","QueryStatus":"0","QueryResults":"2a06:98c1:52::4;2803:f800:53::4;::ffff:162.159.61.4;::ffff:172.64.41.4;","Image":"C:\\Program Files\\Mozilla Firefox\\firefox.exe","User":"WIN10\\richard"}}
{"LogSource":"Microsoft-Windows-Sysmon/Operational","EventId":22,"TimeCreated":"2024-10-11T00:01:32.4823894-07:00","RecordId":172807,"MachineName":"Win10","EventData":{"RuleName":"-","UtcTime":"2024-10-11 07:01:30.371","ProcessGuid":"{53968da7-cd4a-6708-9103-00000000fb00}","ProcessId":"612","QueryName":"mozilla.cloudflare-dns.com","QueryStatus":"0","QueryResults":"2a06:98c1:52::4;2803:f800:53::4;::ffff:162.159.61.4;::ffff:172.64.41.4;","Image":"C:\\Program Files\\Mozilla Firefox\\firefox.exe","User":"WIN10\\richard"}}
{"LogSource":"Microsoft-Windows-Sysmon/Operational","EventId":22,"TimeCreated":"2024-10-11T00:01:32.4848869-07:00","RecordId":172809,"MachineName":"Win10","EventData":{"RuleName":"-","UtcTime":"2024-10-11 07:01:30.374","ProcessGuid":"{53968da7-cd4a-6708-9103-00000000fb00}","ProcessId":"612","QueryName":"private.canadianshield.cira.ca","QueryStatus":"0","QueryResults":"2620:10a:80bb::10;2620:10a:80bc::10;::ffff:149.112.122.10;::ffff:149.112.121.10;","Image":"C:\\Program Files\\Mozilla Firefox\\firefox.exe","User":"WIN10\\richard"}}
{"LogSource":"Microsoft-Windows-Sysmon/Operational","EventId":22,"TimeCreated":"2024-10-11T00:01:32.4861022-07:00","RecordId":172810,"MachineName":"Win10","EventData":{"RuleName":"-","UtcTime":"2024-10-11 07:01:30.374","ProcessGuid":"{53968da7-cd4a-6708-9103-00000000fb00}","ProcessId":"612","QueryName":"private.canadianshield.cira.ca","QueryStatus":"0","QueryResults":"149.112.121.10;149.112.122.10;","Image":"C:\\Program Files\\Mozilla Firefox\\firefox.exe","User":"WIN10\\richard"}}
{"LogSource":"Microsoft-Windows-Sysmon/Operational","EventId":22,"TimeCreated":"2024-10-11T00:01:32.4872895-07:00","RecordId":172811,"MachineName":"Win10","EventData":{"RuleName":"-","UtcTime":"2024-10-11 07:01:30.374","ProcessGuid":"{53968da7-cd4a-6708-9103-00000000fb00}","ProcessId":"612","QueryName":"private.canadianshield.cira.ca","QueryStatus":"0","QueryResults":"2620:10a:80bc::10;2620:10a:80bb::10;","Image":"C:\\Program Files\\Mozilla Firefox\\firefox.exe","User":"WIN10\\richard"}}
{"LogSource":"Microsoft-Windows-Sysmon/Operational","EventId":22,"TimeCreated":"2024-10-11T00:01:32.4836569-07:00","RecordId":172808,"MachineName":"Win10","EventData":{"RuleName":"-","UtcTime":"2024-10-11 07:01:30.373","ProcessGuid":"{53968da7-cd4a-6708-9103-00000000fb00}","ProcessId":"612","QueryName":"private.canadianshield.cira.ca","QueryStatus":"0","QueryResults":"2620:10a:80bb::10;2620:10a:80bc::10;::ffff:149.112.122.10;::ffff:149.112.121.10;","Image":"C:\\Program Files\\Mozilla Firefox\\firefox.exe","User":"WIN10\\richard"}}
{"LogSource":"Microsoft-Windows-Sysmon/Operational","EventId":22,"TimeCreated":"2024-10-11T00:01:32.4885988-07:00","RecordId":172812,"MachineName":"Win10","EventData":{"RuleName":"-","UtcTime":"2024-10-11 07:01:30.376","ProcessGuid":"{53968da7-cd4a-6708-9103-00000000fb00}","ProcessId":"612","QueryName":"mozilla.cloudflare-dns.com","QueryStatus":"0","QueryResults":"172.64.41.4;162.159.61.4;","Image":"C:\\Program Files\\Mozilla Firefox\\firefox.exe","User":"WIN10\\richard"}}
{"LogSource":"Microsoft-Windows-Sysmon/Operational","EventId":22,"TimeCreated":"2024-10-11T00:01:32.4898116-07:00","RecordId":172813,"MachineName":"Win10","EventData":{"RuleName":"-","UtcTime":"2024-10-11 07:01:30.381","ProcessGuid":"{53968da7-cd4a-6708-9103-00000000fb00}","ProcessId":"612","QueryName":"mozilla.cloudflare-dns.com","QueryStatus":"0","QueryResults":"2803:f800:53::4;2a06:98c1:52::4;","Image":"C:\\Program Files\\Mozilla Firefox\\firefox.exe","User":"WIN10\\richard"}}
{"LogSource":"Microsoft-Windows-Sysmon/Operational","EventId":22,"TimeCreated":"2024-10-11T00:01:32.4910051-07:00","RecordId":172814,"MachineName":"Win10","EventData":{"RuleName":"-","UtcTime":"2024-10-11 07:01:30.435","ProcessGuid":"{53968da7-cd4a-6708-9103-00000000fb00}","ProcessId":"612","QueryName":"doh.test.","QueryStatus":"9003","QueryResults":"-","Image":"C:\\Program Files\\Mozilla Firefox\\firefox.exe","User":"WIN10\\richard"}}
{"LogSource":"Microsoft-Windows-Sysmon/Operational","EventId":22,"TimeCreated":"2024-10-11T00:01:32.4910424-07:00","RecordId":172815,"MachineName":"Win10","EventData":{"RuleName":"-","UtcTime":"2024-10-11 07:01:30.803","ProcessGuid":"{53968da7-cd4a-6708-9103-00000000fb00}","ProcessId":"612","QueryName":"example.org","QueryStatus":"0","QueryResults":"93.184.215.14;","Image":"C:\\Program Files\\Mozilla Firefox\\firefox.exe","User":"WIN10\\richard"}}
{"LogSource":"Microsoft-Windows-Sysmon/Operational","EventId":22,"TimeCreated":"2024-10-11T00:01:32.4910663-07:00","RecordId":172816,"MachineName":"Win10","EventData":{"RuleName":"-","UtcTime":"2024-10-11 07:01:30.803","ProcessGuid":"{53968da7-cd4a-6708-9103-00000000fb00}","ProcessId":"612","QueryName":"example.org","QueryStatus":"0","QueryResults":"2606:2800:21f:cb07:6820:80da:af6b:8b2c;::ffff:93.184.215.14;","Image":"C:\\Program Files\\Mozilla Firefox\\firefox.exe","User":"WIN10\\richard"}}
{"LogSource":"Microsoft-Windows-Sysmon/Operational","EventId":22,"TimeCreated":"2024-10-11T00:01:32.4911237-07:00","RecordId":172817,"MachineName":"Win10","EventData":{"RuleName":"-","UtcTime":"2024-10-11 07:01:30.810","ProcessGuid":"{53968da7-cd4a-6708-9103-00000000fb00}","ProcessId":"612","QueryName":"detectportal.firefox.com","QueryStatus":"0","QueryResults":"type:  5 detectportal.prod.mozaws.net;type:  5 prod.detectportal.prod.cloudops.mozgcp.net;2600:1901:0:38d7::;::ffff:34.107.221.82;","Image":"C:\\Program Files\\Mozilla Firefox\\firefox.exe","User":"WIN10\\richard"}}
{"LogSource":"Microsoft-Windows-Sysmon/Operational","EventId":22,"TimeCreated":"2024-10-11T00:01:32.4911586-07:00","RecordId":172818,"MachineName":"Win10","EventData":{"RuleName":"-","UtcTime":"2024-10-11 07:01:30.810","ProcessGuid":"{53968da7-cd4a-6708-9103-00000000fb00}","ProcessId":"612","QueryName":"example.org","QueryStatus":"0","QueryResults":"2606:2800:21f:cb07:6820:80da:af6b:8b2c;","Image":"C:\\Program Files\\Mozilla Firefox\\firefox.exe","User":"WIN10\\richard"}}
{"LogSource":"Microsoft-Windows-Sysmon/Operational","EventId":22,"TimeCreated":"2024-10-11T00:01:32.4911975-07:00","RecordId":172819,"MachineName":"Win10","EventData":{"RuleName":"-","UtcTime":"2024-10-11 07:01:30.810","ProcessGuid":"{53968da7-cd4a-6708-9103-00000000fb00}","ProcessId":"612","QueryName":"prod.detectportal.prod.cloudops.mozgcp.net","QueryStatus":"0","QueryResults":"34.107.221.82;","Image":"C:\\Program Files\\Mozilla Firefox\\firefox.exe","User":"WIN10\\richard"}}
{"LogSource":"Microsoft-Windows-Sysmon/Operational","EventId":22,"TimeCreated":"2024-10-11T00:01:33.4347618-07:00","RecordId":172820,"MachineName":"Win10","EventData":{"RuleName":"-","UtcTime":"2024-10-11 07:01:30.811","ProcessGuid":"{53968da7-cd4a-6708-9103-00000000fb00}","ProcessId":"612","QueryName":"prod.detectportal.prod.cloudops.mozgcp.net","QueryStatus":"0","QueryResults":"2600:1901:0:38d7::;","Image":"C:\\Program Files\\Mozilla Firefox\\firefox.exe","User":"WIN10\\richard"}}
{"LogSource":"Microsoft-Windows-Sysmon/Operational","EventId":1,"TimeCreated":"2024-10-11T00:01:35.8704448-07:00","RecordId":172822,"MachineName":"Win10","EventData":{"RuleName":"-","UtcTime":"2024-10-11 07:01:35.864","ProcessGuid":"{53968da7-cd4f-6708-9c03-00000000fb00}","ProcessId":"1956","Image":"C:\\Program Files\\Mozilla Firefox\\firefox.exe","FileVersion":"131.0.2","Description":"Firefox","Product":"Firefox","Company":"Mozilla Corporation","OriginalFileName":"firefox.exe","CommandLine":"\"C:\\Program Files\\Mozilla Firefox\\firefox.exe\" -contentproc --channel=4412 -isForBrowser -prefsHandle 4172 -prefMapHandle 2936 -prefsLen 33674 -prefMapSize 263055 -jsInitHandle 1432 -jsInitLen 234840 -parentBuildID 20241008210941 -win32kLockedDown -appDir \"C:\\Program Files\\Mozilla Firefox\\browser\" - {55c1b4fb-7f66-4ac4-ba22-94f4296257b2} 612 \"\\\\.\\pipe\\gecko-crash-server-pipe.612\" 11 tab","CurrentDirectory":"C:\\Windows\\system32\\","User":"WIN10\\richard","LogonGuid":"{53968da7-b202-6708-c295-020000000000}","LogonId":"0x295c2","TerminalSessionId":"1","IntegrityLevel":"Low","Hashes":"MD5=571814A7939D001662BBA7760BD0B187,SHA256=9725AFC685C8EE135701E140A83B94FE7D958360A1F546215F7EAFDFF5E53A83,IMPHASH=BB4CE52E8306F88C0B1DA570553704E4","ParentProcessGuid":"{53968da7-cd4a-6708-9103-00000000fb00}","ParentProcessId":"612","ParentImage":"C:\\Program Files\\Mozilla Firefox\\firefox.exe","ParentCommandLine":"\"C:\\Program Files\\Mozilla Firefox\\firefox.exe\" https://www.linkedin.com","ParentUser":"WIN10\\richard"}}
{"LogSource":"Microsoft-Windows-Sysmon/Operational","EventId":1,"TimeCreated":"2024-10-11T00:01:35.8513668-07:00","RecordId":172821,"MachineName":"Win10","EventData":{"RuleName":"-","UtcTime":"2024-10-11 07:01:35.842","ProcessGuid":"{53968da7-cd4f-6708-9b03-00000000fb00}","ProcessId":"5620","Image":"C:\\Program Files\\Mozilla Firefox\\firefox.exe","FileVersion":"131.0.2","Description":"Firefox","Product":"Firefox","Company":"Mozilla Corporation","OriginalFileName":"firefox.exe","CommandLine":"\"C:\\Program Files\\Mozilla Firefox\\firefox.exe\" -contentproc --channel=6380 -isForBrowser -prefsHandle 4184 -prefMapHandle 4196 -prefsLen 33674 -prefMapSize 263055 -jsInitHandle 1432 -jsInitLen 234840 -parentBuildID 20241008210941 -win32kLockedDown -appDir \"C:\\Program Files\\Mozilla Firefox\\browser\" - {875aebc2-ce14-40ae-8f4a-c01ea18529a7} 612 \"\\\\.\\pipe\\gecko-crash-server-pipe.612\" 10 tab","CurrentDirectory":"C:\\Windows\\system32\\","User":"WIN10\\richard","LogonGuid":"{53968da7-b202-6708-c295-020000000000}","LogonId":"0x295c2","TerminalSessionId":"1","IntegrityLevel":"Low","Hashes":"MD5=571814A7939D001662BBA7760BD0B187,SHA256=9725AFC685C8EE135701E140A83B94FE7D958360A1F546215F7EAFDFF5E53A83,IMPHASH=BB4CE52E8306F88C0B1DA570553704E4","ParentProcessGuid":"{53968da7-cd4a-6708-9103-00000000fb00}","ParentProcessId":"612","ParentImage":"C:\\Program Files\\Mozilla Firefox\\firefox.exe","ParentCommandLine":"\"C:\\Program Files\\Mozilla Firefox\\firefox.exe\" https://www.linkedin.com","ParentUser":"WIN10\\richard"}}
{"LogSource":"Microsoft-Windows-Sysmon/Operational","EventId":1,"TimeCreated":"2024-10-11T00:02:20.6241434-07:00","RecordId":172823,"MachineName":"Win10","EventData":{"RuleName":"-","UtcTime":"2024-10-11 07:02:20.620","ProcessGuid":"{53968da7-cd7c-6708-9d03-00000000fb00}","ProcessId":"6236","Image":"C:\\Windows\\System32\\cmd.exe","FileVersion":"10.0.19041.4355 (WinBuild.160101.0800)","Description":"Windows Command Processor","Product":"Microsoft® Windows® Operating System","Company":"Microsoft Corporation","OriginalFileName":"Cmd.Exe","CommandLine":"\"C:\\Windows\\system32\\cmd.exe\" ","CurrentDirectory":"C:\\Windows\\system32\\","User":"WIN10\\richard","LogonGuid":"{53968da7-b202-6708-7195-020000000000}","LogonId":"0x29571","TerminalSessionId":"1","IntegrityLevel":"High","Hashes":"MD5=2B40C98ED0F7A1D3B091A3E8353132DC,SHA256=BADF4752413CB0CBDC03FB95820CA167F0CDC63B597CCDB5EF43111180E088B0,IMPHASH=272245E2988E1E430500B852C4FB5E18","ParentProcessGuid":"{53968da7-be30-6708-5201-00000000fb00}","ParentProcessId":"6876","ParentImage":"C:\\Windows\\System32\\WindowsPowerShell\\v1.0\\powershell_ise.exe","ParentCommandLine":"\"C:\\Windows\\system32\\WindowsPowerShell\\v1.0\\PowerShell_ISE.exe\" ","ParentUser":"WIN10\\richard"}}
{"LogSource":"Microsoft-Windows-Sysmon/Operational","EventId":1,"TimeCreated":"2024-10-11T00:04:04.7165878-07:00","RecordId":172824,"MachineName":"Win10","EventData":{"RuleName":"-","UtcTime":"2024-10-11 07:04:04.709","ProcessGuid":"{53968da7-cde4-6708-9f03-00000000fb00}","ProcessId":"2744","Image":"C:\\Windows\\System32\\calc.exe","FileVersion":"10.0.19041.1 (WinBuild.160101.0800)","Description":"Windows Calculator","Product":"Microsoft® Windows® Operating System","Company":"Microsoft Corporation","OriginalFileName":"CALC.EXE","CommandLine":"\"C:\\Windows\\system32\\calc.exe\" ","CurrentDirectory":"C:\\Windows\\system32\\","User":"WIN10\\richard","LogonGuid":"{53968da7-b202-6708-7195-020000000000}","LogonId":"0x29571","TerminalSessionId":"1","IntegrityLevel":"High","Hashes":"MD5=5DA8C98136D98DFEC4716EDD79C7145F,SHA256=58189CBD4E6DC0C7D8E66B6A6F75652FC9F4AFC7CE0EBA7D67D8C3FEB0D5381F,IMPHASH=8EEAA9499666119D13B3F44ECD77A729","ParentProcessGuid":"{53968da7-be30-6708-5201-00000000fb00}","ParentProcessId":"6876","ParentImage":"C:\\Windows\\System32\\WindowsPowerShell\\v1.0\\powershell_ise.exe","ParentCommandLine":"\"C:\\Windows\\system32\\WindowsPowerShell\\v1.0\\PowerShell_ISE.exe\" ","ParentUser":"WIN10\\richard"}}
{"LogSource":"Microsoft-Windows-Sysmon/Operational","EventId":1,"TimeCreated":"2024-10-11T00:04:14.5153995-07:00","RecordId":172825,"MachineName":"Win10","EventData":{"RuleName":"-","UtcTime":"2024-10-11 07:04:14.508","ProcessGuid":"{53968da7-cdee-6708-a103-00000000fb00}","ProcessId":"6900","Image":"C:\\Program Files (x86)\\Google\\GoogleUpdater\\130.0.6679.0\\updater.exe","FileVersion":"130.0.6679.0","Description":"Google Updater","Product":"Google Updater","Company":"Google LLC","OriginalFileName":"updater.exe","CommandLine":"\"C:\\Program Files (x86)\\Google\\GoogleUpdater\\130.0.6679.0\\updater.exe\" --wake --system","CurrentDirectory":"C:\\Windows\\system32\\","User":"NT AUTHORITY\\SYSTEM","LogonGuid":"{53968da7-b200-6708-e703-000000000000}","LogonId":"0x3e7","TerminalSessionId":"0","IntegrityLevel":"System","Hashes":"MD5=C583E91DDEE7C0E8AC2A3D3AACAD2F4C,SHA256=7F67129760223E5DDF31219F0B2E247555FBAC85F4B6F933212AC091A21DEBF9,IMPHASH=20AB254B36A04EA3556F60145D061FED","ParentProcessGuid":"{53968da7-b200-6708-1100-00000000fb00}","ParentProcessId":"492","ParentImage":"C:\\Windows\\System32\\svchost.exe","ParentCommandLine":"C:\\Windows\\system32\\svchost.exe -k netsvcs -p","ParentUser":"NT AUTHORITY\\SYSTEM"}}
{"LogSource":"Microsoft-Windows-Sysmon/Operational","EventId":1,"TimeCreated":"2024-10-11T00:04:14.5901828-07:00","RecordId":172827,"MachineName":"Win10","EventData":{"RuleName":"-","UtcTime":"2024-10-11 07:04:14.588","ProcessGuid":"{53968da7-cdee-6708-a303-00000000fb00}","ProcessId":"4288","Image":"C:\\Program Files (x86)\\Google\\GoogleUpdater\\130.0.6679.0\\updater.exe","FileVersion":"130.0.6679.0","Description":"Google Updater","Product":"Google Updater","Company":"Google LLC","OriginalFileName":"updater.exe","CommandLine":"\"C:\\Program Files (x86)\\Google\\GoogleUpdater\\130.0.6679.0\\updater.exe\" --system --windows-service --service=update-internal","CurrentDirectory":"C:\\Windows\\system32\\","User":"NT AUTHORITY\\SYSTEM","LogonGuid":"{53968da7-b200-6708-e703-000000000000}","LogonId":"0x3e7","TerminalSessionId":"0","IntegrityLevel":"System","Hashes":"MD5=C583E91DDEE7C0E8AC2A3D3AACAD2F4C,SHA256=7F67129760223E5DDF31219F0B2E247555FBAC85F4B6F933212AC091A21DEBF9,IMPHASH=20AB254B36A04EA3556F60145D061FED","ParentProcessGuid":"{53968da7-b1ff-6708-0b00-00000000fb00}","ParentProcessId":"740","ParentImage":"C:\\Windows\\System32\\services.exe","ParentCommandLine":"C:\\Windows\\system32\\services.exe","ParentUser":"NT AUTHORITY\\SYSTEM"}}
{"LogSource":"Microsoft-Windows-Sysmon/Operational","EventId":1,"TimeCreated":"2024-10-11T00:04:14.6089121-07:00","RecordId":172828,"MachineName":"Win10","EventData":{"RuleName":"-","UtcTime":"2024-10-11 07:04:14.606","ProcessGuid":"{53968da7-cdee-6708-a403-00000000fb00}","ProcessId":"588","Image":"C:\\Program Files (x86)\\Google\\GoogleUpdater\\130.0.6679.0\\updater.exe","FileVersion":"130.0.6679.0","Description":"Google Updater","Product":"Google Updater","Company":"Google LLC","OriginalFileName":"updater.exe","CommandLine":"\"C:\\Program Files (x86)\\Google\\GoogleUpdater\\130.0.6679.0\\updater.exe\" --crash-handler --system \"--database=C:\\Program Files (x86)\\Google\\GoogleUpdater\\130.0.6679.0\\Crashpad\" --url=https://clients2.google.com/cr/report --annotation=prod=Update4 --annotation=ver=130.0.6679.0 \"--attachment=C:\\Program Files (x86)\\Google\\GoogleUpdater\\updater.log\" --initial-client-data=0x2a0,0x2a4,0x2a8,0x27c,0x2ac,0xdaa6cc,0xdaa6d8,0xdaa6e4","CurrentDirectory":"C:\\Windows\\system32\\","User":"NT AUTHORITY\\SYSTEM","LogonGuid":"{53968da7-b200-6708-e703-000000000000}","LogonId":"0x3e7","TerminalSessionId":"0","IntegrityLevel":"System","Hashes":"MD5=C583E91DDEE7C0E8AC2A3D3AACAD2F4C,SHA256=7F67129760223E5DDF31219F0B2E247555FBAC85F4B6F933212AC091A21DEBF9,IMPHASH=20AB254B36A04EA3556F60145D061FED","ParentProcessGuid":"{53968da7-cdee-6708-a303-00000000fb00}","ParentProcessId":"4288","ParentImage":"C:\\Program Files (x86)\\Google\\GoogleUpdater\\130.0.6679.0\\updater.exe","ParentCommandLine":"\"C:\\Program Files (x86)\\Google\\GoogleUpdater\\130.0.6679.0\\updater.exe\" --system --windows-service --service=update-internal","ParentUser":"NT AUTHORITY\\SYSTEM"}}
{"LogSource":"Microsoft-Windows-Sysmon/Operational","EventId":1,"TimeCreated":"2024-10-11T00:04:14.6444883-07:00","RecordId":172829,"MachineName":"Win10","EventData":{"RuleName":"-","UtcTime":"2024-10-11 07:04:14.643","ProcessGuid":"{53968da7-cdee-6708-a503-00000000fb00}","ProcessId":"3192","Image":"C:\\Program Files (x86)\\Google\\GoogleUpdater\\130.0.6679.0\\updater.exe","FileVersion":"130.0.6679.0","Description":"Google Updater","Product":"Google Updater","Company":"Google LLC","OriginalFileName":"updater.exe","CommandLine":"\"C:\\Program Files (x86)\\Google\\GoogleUpdater\\130.0.6679.0\\updater.exe\" --system --windows-service --service=update","CurrentDirectory":"C:\\Windows\\system32\\","User":"NT AUTHORITY\\SYSTEM","LogonGuid":"{53968da7-b200-6708-e703-000000000000}","LogonId":"0x3e7","TerminalSessionId":"0","IntegrityLevel":"System","Hashes":"MD5=C583E91DDEE7C0E8AC2A3D3AACAD2F4C,SHA256=7F67129760223E5DDF31219F0B2E247555FBAC85F4B6F933212AC091A21DEBF9,IMPHASH=20AB254B36A04EA3556F60145D061FED","ParentProcessGuid":"{53968da7-b1ff-6708-0b00-00000000fb00}","ParentProcessId":"740","ParentImage":"C:\\Windows\\System32\\services.exe","ParentCommandLine":"C:\\Windows\\system32\\services.exe","ParentUser":"NT AUTHORITY\\SYSTEM"}}
{"LogSource":"Microsoft-Windows-Sysmon/Operational","EventId":1,"TimeCreated":"2024-10-11T00:04:14.6625938-07:00","RecordId":172830,"MachineName":"Win10","EventData":{"RuleName":"-","UtcTime":"2024-10-11 07:04:14.660","ProcessGuid":"{53968da7-cdee-6708-a603-00000000fb00}","ProcessId":"2372","Image":"C:\\Program Files (x86)\\Google\\GoogleUpdater\\130.0.6679.0\\updater.exe","FileVersion":"130.0.6679.0","Description":"Google Updater","Product":"Google Updater","Company":"Google LLC","OriginalFileName":"updater.exe","CommandLine":"\"C:\\Program Files (x86)\\Google\\GoogleUpdater\\130.0.6679.0\\updater.exe\" --crash-handler --system \"--database=C:\\Program Files (x86)\\Google\\GoogleUpdater\\130.0.6679.0\\Crashpad\" --url=https://clients2.google.com/cr/report --annotation=prod=Update4 --annotation=ver=130.0.6679.0 \"--attachment=C:\\Program Files (x86)\\Google\\GoogleUpdater\\updater.log\" --initial-client-data=0x2a0,0x2a4,0x2a8,0x27c,0x2ac,0xdaa6cc,0xdaa6d8,0xdaa6e4","CurrentDirectory":"C:\\Windows\\system32\\","User":"NT AUTHORITY\\SYSTEM","LogonGuid":"{53968da7-b200-6708-e703-000000000000}","LogonId":"0x3e7","TerminalSessionId":"0","IntegrityLevel":"System","Hashes":"MD5=C583E91DDEE7C0E8AC2A3D3AACAD2F4C,SHA256=7F67129760223E5DDF31219F0B2E247555FBAC85F4B6F933212AC091A21DEBF9,IMPHASH=20AB254B36A04EA3556F60145D061FED","ParentProcessGuid":"{53968da7-cdee-6708-a503-00000000fb00}","ParentProcessId":"3192","ParentImage":"C:\\Program Files (x86)\\Google\\GoogleUpdater\\130.0.6679.0\\updater.exe","ParentCommandLine":"\"C:\\Program Files (x86)\\Google\\GoogleUpdater\\130.0.6679.0\\updater.exe\" --system --windows-service --service=update","ParentUser":"NT AUTHORITY\\SYSTEM"}}
{"LogSource":"Microsoft-Windows-Sysmon/Operational","EventId":1,"TimeCreated":"2024-10-11T00:04:14.5617941-07:00","RecordId":172826,"MachineName":"Win10","EventData":{"RuleName":"-","UtcTime":"2024-10-11 07:04:14.559","ProcessGuid":"{53968da7-cdee-6708-a203-00000000fb00}","ProcessId":"2508","Image":"C:\\Program Files (x86)\\Google\\GoogleUpdater\\130.0.6679.0\\updater.exe","FileVersion":"130.0.6679.0","Description":"Google Updater","Product":"Google Updater","Company":"Google LLC","OriginalFileName":"updater.exe","CommandLine":"\"C:\\Program Files (x86)\\Google\\GoogleUpdater\\130.0.6679.0\\updater.exe\" --crash-handler --system \"--database=C:\\Program Files (x86)\\Google\\GoogleUpdater\\130.0.6679.0\\Crashpad\" --url=https://clients2.google.com/cr/report --annotation=prod=Update4 --annotation=ver=130.0.6679.0 \"--attachment=C:\\Program Files (x86)\\Google\\GoogleUpdater\\updater.log\" --initial-client-data=0x2a4,0x2a8,0x2ac,0x280,0x2b0,0xdaa6cc,0xdaa6d8,0xdaa6e4","CurrentDirectory":"C:\\Windows\\system32\\","User":"NT AUTHORITY\\SYSTEM","LogonGuid":"{53968da7-b200-6708-e703-000000000000}","LogonId":"0x3e7","TerminalSessionId":"0","IntegrityLevel":"System","Hashes":"MD5=C583E91DDEE7C0E8AC2A3D3AACAD2F4C,SHA256=7F67129760223E5DDF31219F0B2E247555FBAC85F4B6F933212AC091A21DEBF9,IMPHASH=20AB254B36A04EA3556F60145D061FED","ParentProcessGuid":"{53968da7-cdee-6708-a103-00000000fb00}","ParentProcessId":"6900","ParentImage":"C:\\Program Files (x86)\\Google\\GoogleUpdater\\130.0.6679.0\\updater.exe","ParentCommandLine":"\"C:\\Program Files (x86)\\Google\\GoogleUpdater\\130.0.6679.0\\updater.exe\" --wake --system","ParentUser":"NT AUTHORITY\\SYSTEM"}}
{"LogSource":"Microsoft-Windows-Sysmon/Operational","EventId":1,"TimeCreated":"2024-10-11T00:04:20.7904488-07:00","RecordId":172831,"MachineName":"Win10","EventData":{"RuleName":"-","UtcTime":"2024-10-11 07:04:20.788","ProcessGuid":"{53968da7-cdf4-6708-a803-00000000fb00}","ProcessId":"7892","Image":"C:\\Program Files\\Google\\Chrome\\Application\\chrome.exe","FileVersion":"129.0.6668.100","Description":"Google Chrome","Product":"Google Chrome","Company":"Google LLC","OriginalFileName":"chrome.exe","CommandLine":"\"C:\\Program Files\\Google\\Chrome\\Application\\chrome.exe\" https://www.stackoverflow.com ","CurrentDirectory":"C:\\Windows\\system32\\","User":"WIN10\\richard","LogonGuid":"{53968da7-b202-6708-7195-020000000000}","LogonId":"0x29571","TerminalSessionId":"1","IntegrityLevel":"High","Hashes":"MD5=47679449E8A738D8B1849668622E7C9E,SHA256=2D2A32CBCCED69610445D92965CA710EF2DA89C3788EBB98FF8612EBFFAC917B,IMPHASH=8AA69BFB46216FA413519FB53924B2F9","ParentProcessGuid":"{53968da7-be30-6708-5201-00000000fb00}","ParentProcessId":"6876","ParentImage":"C:\\Windows\\System32\\WindowsPowerShell\\v1.0\\powershell_ise.exe","ParentCommandLine":"\"C:\\Windows\\system32\\WindowsPowerShell\\v1.0\\PowerShell_ISE.exe\" ","ParentUser":"WIN10\\richard"}}
