{"LogSource":"Microsoft-Windows-Sysmon/Operational","EventId":22,"TimeCreated":"2024-10-10T23:54:51.7940586-07:00","RecordId":172549,"MachineName":"Win10","EventData":{"RuleName":"-","UtcTime":"2024-10-11 06:54:50.127","ProcessGuid":"{53968da7-cbb9-6708-4003-00000000fb00}","ProcessId":"6320","QueryName":"example.org","QueryStatus":"0","QueryResults":"2606:2800:21f:cb07:6820:80da:af6b:8b2c;::ffff:93.184.215.14;","Image":"C:\\Program Files\\Mozilla Firefox\\firefox.exe","User":"WIN10\\richard"}}
{"LogSource":"Microsoft-Windows-Sysmon/Operational","EventId":22,"TimeCreated":"2024-10-10T23:54:51.7926983-07:00","RecordId":172546,"MachineName":"Win10","EventData":{"RuleName":"-","UtcTime":"2024-10-11 06:54:49.697","ProcessGuid":"{53968da7-cbb9-6708-4003-00000000fb00}","ProcessId":"6320","QueryName":"mozilla.cloudflare-dns.com","QueryStatus":"0","QueryResults":"2803:f800:53::4;2a06:98c1:52::4;","Image":"C:\\Program Files\\Mozilla Firefox\\firefox.exe","User":"WIN10\\richard"}}
{"LogSource":"Microsoft-Windows-Sysmon/Operational","EventId":22,"TimeCreated":"2024-10-10T23:54:51.7941051-07:00","RecordId":172550,"MachineName":"Win10","EventData":{"RuleName":"-","UtcTime":"2024-10-11 06:54:50.133","ProcessGuid":"{53968da7-cbb9-6708-4003-00000000fb00}","ProcessId":"6320","QueryName":"example.org","QueryStatus":"0","QueryResults":"2606:2800:21f:cb07:6820:80da:af6b:8b2c;","Image":"C:\\Program Files\\Mozilla Firefox\\firefox.exe","User":"WIN10\\richard"}}
{"LogSource":"Microsoft-Windows-Sysmon/Operational","EventId":22,"TimeCreated":"2024-10-10T23:54:52.7257369-07:00","RecordId":172551,"MachineName":"Win10","EventData":{"RuleName":"-","UtcTime":"2024-10-11 06:54:50.134","ProcessGuid":"{53968da7-cbb9-6708-4003-00000000fb00}","ProcessId":"6320","QueryName":"detectportal.firefox.com","QueryStatus":"0","QueryResults":"type:  5 detectportal.prod.mozaws.net;type:  5 prod.detectportal.prod.cloudops.mozgcp.net;2600:1901:0:38d7::;::ffff:34.107.221.82;","Image":"C:\\Program Files\\Mozilla Firefox\\firefox.exe","User":"WIN10\\richard"}}
{"LogSource":"Microsoft-Windows-Sysmon/Operational","EventId":22,"TimeCreated":"2024-10-10T23:54:52.7259531-07:00","RecordId":172552,"MachineName":"Win10","EventData":{"RuleName":"-","UtcTime":"2024-10-11 06:54:50.134","ProcessGuid":"{53968da7-cbb9-6708-4003-00000000fb00}","ProcessId":"6320","QueryName":"prod.detectportal.prod.cloudops.mozgcp.net","QueryStatus":"0","QueryResults":"34.107.221.82;","Image":"C:\\Program Files\\Mozilla Firefox\\firefox.exe","User":"WIN10\\richard"}}
{"LogSource":"Microsoft-Windows-Sysmon/Operational","EventId":22,"TimeCreated":"2024-10-10T23:54:52.7260548-07:00","RecordId":172553,"MachineName":"Win10","EventData":{"RuleName":"-","UtcTime":"2024-10-11 06:54:50.134","ProcessGuid":"{53968da7-cbb9-6708-4003-00000000fb00}","ProcessId":"6320","QueryName":"prod.detectportal.prod.cloudops.mozgcp.net","QueryStatus":"0","QueryResults":"2600:1901:0:38d7::;","Image":"C:\\Program Files\\Mozilla Firefox\\firefox.exe","User":"WIN10\\richard"}}
{"LogSource":"Microsoft-Windows-Sysmon/Operational","EventId":1,"TimeCreated":"2024-10-10T23:56:27.9412874-07:00","RecordId":172554,"MachineName":"Win10","EventData":{"RuleName":"-","UtcTime":"2024-10-11 06:56:27.939","ProcessGuid":"{53968da7-cc1b-6708-4a03-00000000fb00}","ProcessId":"8112","Image":"C:\\Program Files\\Mozilla Firefox\\firefox.exe","FileVersion":"131.0.2","Description":"Firefox","Product":"Firefox","Company":"Mozilla Corporation","OriginalFileName":"firefox.exe","CommandLine":"\"C:\\Program Files\\Mozilla Firefox\\firefox.exe\" https://www.netflix.com ","CurrentDirectory":"C:\\Windows\\system32\\","User":"WIN10\\richard","LogonGuid":"{53968da7-b202-6708-7195-020000000000}","LogonId":"0x29571","TerminalSessionId":"1","IntegrityLevel":"High","Hashes":"MD5=571814A7939D001662BBA7760BD0B187,SHA256=9725AFC685C8EE135701E140A83B94FE7D958360A1F546215F7EAFDFF5E53A83,IMPHASH=BB4CE52E8306F88C0B1DA570553704E4","ParentProcessGuid":"{53968da7-be30-6708-5201-00000000fb00}","ParentProcessId":"6876","ParentImage":"C:\\Windows\\System32\\WindowsPowerShell\\v1.0\\powershell_ise.exe","ParentCommandLine":"\"C:\\Windows\\system32\\WindowsPowerShell\\v1.0\\PowerShell_ISE.exe\" ","ParentUser":"WIN10\\richard"}}
{"LogSource":"Microsoft-Windows-Sysmon/Operational","EventId":1,"TimeCreated":"2024-10-10T23:56:27.9724187-07:00","RecordId":172555,"MachineName":"Win10","EventData":{"RuleName":"-","UtcTime":"2024-10-11 06:56:27.970","ProcessGuid":"{53968da7-cc1b-6708-4b03-00000000fb00}","ProcessId":"2652","Image":"C:\\Program Files\\Mozilla Firefox\\firefox.exe","FileVersion":"131.0.2","Description":"Firefox","Product":"Firefox","Company":"Mozilla Corporation","OriginalFileName":"firefox.exe","CommandLine":"\"C:\\Program Files\\Mozilla Firefox\\firefox.exe\" https://www.netflix.com --attempting-deelevation","CurrentDirectory":"C:\\Windows\\system32\\","User":"WIN10\\richard","LogonGuid":"{53968da7-b202-6708-c295-020000000000}","LogonId":"0x295c2","TerminalSessionId":"1","IntegrityLevel":"Medium","Hashes":"MD5=571814A7939D001662BBA7760BD0B187,SHA256=9725AFC685C8EE135701E140A83B94FE7D958360A1F546215F7EAFDFF5E53A83,IMPHASH=BB4CE52E8306F88C0B1DA570553704E4","ParentProcessGuid":"{53968da7-b203-6708-4f00-00000000fb00}","ParentProcessId":"4396","ParentImage":"C:\\Windows\\explorer.exe","ParentCommandLine":"C:\\Windows\\Explorer.EXE","ParentUser":"WIN10\\richard"}}
{"LogSource":"Microsoft-Windows-Sysmon/Operational","EventId":1,"TimeCreated":"2024-10-10T23:56:27.9821993-07:00","RecordId":172556,"MachineName":"Win10","EventData":{"RuleName":"-","UtcTime":"2024-10-11 06:56:27.980","ProcessGuid":"{53968da7-cc1b-6708-4c03-00000000fb00}","ProcessId":"1436","Image":"C:\\Program Files\\Mozilla Firefox\\firefox.exe","FileVersion":"131.0.2","Description":"Firefox","Product":"Firefox","Company":"Mozilla Corporation","OriginalFileName":"firefox.exe","CommandLine":"\"C:\\Program Files\\Mozilla Firefox\\firefox.exe\" https://www.netflix.com","CurrentDirectory":"C:\\Windows\\system32\\","User":"WIN10\\richard","LogonGuid":"{53968da7-b202-6708-c295-020000000000}","LogonId":"0x295c2","TerminalSessionId":"1","IntegrityLevel":"Medium","Hashes":"MD5=571814A7939D001662BBA7760BD0B187,SHA256=9725AFC685C8EE135701E140A83B94FE7D958360A1F546215F7EAFDFF5E53A83,IMPHASH=BB4CE52E8306F88C0B1DA570553704E4","ParentProcessGuid":"{53968da7-cc1b-6708-4b03-00000000fb00}","ParentProcessId":"2652","ParentImage":"C:\\Program Files\\Mozilla Firefox\\firefox.exe","ParentCommandLine":"\"C:\\Program Files\\Mozilla Firefox\\firefox.exe\" https://www.netflix.com --attempting-deelevation","ParentUser":"WIN10\\richard"}}
{"LogSource":"Microsoft-Windows-Sysmon/Operational","EventId":1,"TimeCreated":"2024-10-10T23:56:28.1405219-07:00","RecordId":172557,"MachineName":"Win10","EventData":{"RuleName":"-","UtcTime":"2024-10-11 06:56:28.138","ProcessGuid":"{53968da7-cc1c-6708-4d03-00000000fb00}","ProcessId":"9172","Image":"C:\\Program Files\\Mozilla Firefox\\firefox.exe","FileVersion":"131.0.2","Description":"Firefox","Product":"Firefox","Company":"Mozilla Corporation","OriginalFileName":"firefox.exe","CommandLine":"\"C:\\Program Files\\Mozilla Firefox\\firefox.exe\" -contentproc --channel=1936 -parentBuildID 20241008210941 -prefsHandle 1868 -prefMapHandle 1848 -prefsLen 30861 -prefMapSize 263003 -appDir \"C:\\Program Files\\Mozilla Firefox\\browser\" - {e1d90c23-aa3b-40fa-b356-672983402426} 1436 \"\\\\.\\pipe\\gecko-crash-server-pipe.1436\" 1 gpu","CurrentDirectory":"C:\\Windows\\system32\\","User":"WIN10\\richard","LogonGuid":"{53968da7-b202-6708-c295-020000000000}","LogonId":"0x295c2","TerminalSessionId":"1","IntegrityLevel":"Low","Hashes":"MD5=571814A7939D001662BBA7760BD0B187,SHA256=9725AFC685C8EE135701E140A83B94FE7D958360A1F546215F7EAFDFF5E53A83,IMPHASH=BB4CE52E8306F88C0B1DA570553704E4","ParentProcessGuid":"{53968da7-cc1b-6708-4c03-00000000fb00}","ParentProcessId":"1436","ParentImage":"C:\\Program Files\\Mozilla Firefox\\firefox.exe","ParentCommandLine":"\"C:\\Program Files\\Mozilla Firefox\\firefox.exe\" https://www.netflix.com","ParentUser":"WIN10\\richard"}}
{"LogSource":"Microsoft-Windows-Sysmon/Operational","EventId":1,"TimeCreated":"2024-10-10T23:56:28.1911068-07:00","RecordId":172558,"MachineName":"Win10","EventData":{"RuleName":"-","UtcTime":"2024-10-11 06:56:28.188","ProcessGuid":"{53968da7-cc1c-6708-4e03-00000000fb00}","ProcessId":"3520","Image":"C:\\Program Files\\Mozilla Firefox\\firefox.exe","FileVersion":"131.0.2","Description":"Firefox","Product":"Firefox","Company":"Mozilla Corporation","OriginalFileName":"firefox.exe","CommandLine":"\"C:\\Program Files\\Mozilla Firefox\\firefox.exe\" -contentproc --channel=2376 -parentBuildID 20241008210941 -prefsHandle 2368 -prefMapHandle 2364 -prefsLen 30897 -prefMapSize 263003 -win32kLockedDown -appDir \"C:\\Program Files\\Mozilla Firefox\\browser\" - {17731844-23d0-4eee-9e98-f49167a0f604} 1436 \"\\\\.\\pipe\\gecko-crash-server-pipe.1436\" 2 socket","CurrentDirectory":"C:\\Windows\\system32\\","User":"WIN10\\richard","LogonGuid":"{53968da7-b202-6708-c295-020000000000}","LogonId":"0x295c2","TerminalSessionId":"1","IntegrityLevel":"Low","Hashes":"MD5=571814A7939D001662BBA7760BD0B187,SHA256=9725AFC685C8EE135701E140A83B94FE7D958360A1F546215F7EAFDFF5E53A83,IMPHASH=BB4CE52E8306F88C0B1DA570553704E4","ParentProcessGuid":"{53968da7-cc1b-6708-4c03-00000000fb00}","ParentProcessId":"1436","ParentImage":"C:\\Program Files\\Mozilla Firefox\\firefox.exe","ParentCommandLine":"\"C:\\Program Files\\Mozilla Firefox\\firefox.exe\" https://www.netflix.com","ParentUser":"WIN10\\richard"}}
{"LogSource":"Microsoft-Windows-Sysmon/Operational","EventId":1,"TimeCreated":"2024-10-10T23:56:28.3706943-07:00","RecordId":172559,"MachineName":"Win10","EventData":{"RuleName":"-","UtcTime":"2024-10-11 06:56:28.368","ProcessGuid":"{53968da7-cc1c-6708-4f03-00000000fb00}","ProcessId":"7080","Image":"C:\\Program Files\\Mozilla Firefox\\firefox.exe","FileVersion":"131.0.2","Description":"Firefox","Product":"Firefox","Company":"Mozilla Corporation","OriginalFileName":"firefox.exe","CommandLine":"\"C:\\Program Files\\Mozilla Firefox\\firefox.exe\" -contentproc --channel=3104 -isForBrowser -prefsHandle 3096 -prefMapHandle 3092 -prefsLen 27591 -prefMapSize 263003 -jsInitHandle 1196 -jsInitLen 234840 -parentBuildID 20241008210941 -win32kLockedDown -appDir \"C:\\Program Files\\Mozilla Firefox\\browser\" - {5e866923-0b39-4b7f-be3c-8a47e8b228d9} 1436 \"\\\\.\\pipe\\gecko-crash-server-pipe.1436\" 3 tab","CurrentDirectory":"C:\\Windows\\system32\\","User":"WIN10\\richard","LogonGuid":"{53968da7-b202-6708-c295-020000000000}","LogonId":"0x295c2","TerminalSessionId":"1","IntegrityLevel":"Low","Hashes":"MD5=571814A7939D001662BBA7760BD0B187,SHA256=9725AFC685C8EE135701E140A83B94FE7D958360A1F546215F7EAFDFF5E53A83,IMPHASH=BB4CE52E8306F88C0B1DA570553704E4","ParentProcessGuid":"{53968da7-cc1b-6708-4c03-00000000fb00}","ParentProcessId":"1436","ParentImage":"C:\\Program Files\\Mozilla Firefox\\firefox.exe","ParentCommandLine":"\"C:\\Program Files\\Mozilla Firefox\\firefox.exe\" https://www.netflix.com","ParentUser":"WIN10\\richard"}}
{"LogSource":"Microsoft-Windows-Sysmon/Operational","EventId":1,"TimeCreated":"2024-10-10T23:56:28.6789746-07:00","RecordId":172560,"MachineName":"Win10","EventData":{"RuleName":"-","UtcTime":"2024-10-11 06:56:28.676","ProcessGuid":"{53968da7-cc1c-6708-5003-00000000fb00}","ProcessId":"3936","Image":"C:\\Program Files\\Mozilla Firefox\\firefox.exe","FileVersion":"131.0.2","Description":"Firefox","Product":"Firefox","Company":"Mozilla Corporation","OriginalFileName":"firefox.exe","CommandLine":"\"C:\\Program Files\\Mozilla Firefox\\firefox.exe\" -contentproc --channel=4280 -isForBrowser -prefsHandle 4268 -prefMapHandle 4264 -prefsLen 37035 -prefMapSize 263003 -jsInitHandle 1196 -jsInitLen 234840 -parentBuildID 20241008210941 -win32kLockedDown -appDir \"C:\\Program Files\\Mozilla Firefox\\browser\" - {ee317430-b326-4fbe-9ed0-69d03b9edbea} 1436 \"\\\\.\\pipe\\gecko-crash-server-pipe.1436\" 4 tab","CurrentDirectory":"C:\\Windows\\system32\\","User":"WIN10\\richard","LogonGuid":"{53968da7-b202-6708-c295-020000000000}","LogonId":"0x295c2","TerminalSessionId":"1","IntegrityLevel":"Low","Hashes":"MD5=571814A7939D001662BBA7760BD0B187,SHA256=9725AFC685C8EE135701E140A83B94FE7D958360A1F546215F7EAFDFF5E53A83,IMPHASH=BB4CE52E8306F88C0B1DA570553704E4","ParentProcessGuid":"{53968da7-cc1b-6708-4c03-00000000fb00}","ParentProcessId":"1436","ParentImage":"C:\\Program Files\\Mozilla Firefox\\firefox.exe","ParentCommandLine":"\"C:\\Program Files\\Mozilla Firefox\\firefox.exe\" https://www.netflix.com","ParentUser":"WIN10\\richard"}}
{"LogSource":"Microsoft-Windows-Sysmon/Operational","EventId":1,"TimeCreated":"2024-10-10T23:56:29.1322680-07:00","RecordId":172561,"MachineName":"Win10","EventData":{"RuleName":"-","UtcTime":"2024-10-11 06:56:29.129","ProcessGuid":"{53968da7-cc1d-6708-5103-00000000fb00}","ProcessId":"6212","Image":"C:\\Program Files\\Mozilla Firefox\\firefox.exe","FileVersion":"131.0.2","Description":"Firefox","Product":"Firefox","Company":"Mozilla Corporation","OriginalFileName":"firefox.exe","CommandLine":"\"C:\\Program Files\\Mozilla Firefox\\firefox.exe\" -contentproc --channel=5380 -parentBuildID 20241008210941 -sandboxingKind 0 -prefsHandle 5404 -prefMapHandle 5396 -prefsLen 37084 -prefMapSize 263003 -win32kLockedDown -appDir \"C:\\Program Files\\Mozilla Firefox\\browser\" - {9ed7631f-95e5-4749-ab29-eee2e67aa73f} 1436 \"\\\\.\\pipe\\gecko-crash-server-pipe.1436\" 5 utility","CurrentDirectory":"C:\\Windows\\system32\\","User":"WIN10\\richard","LogonGuid":"{53968da7-b202-6708-c295-020000000000}","LogonId":"0x295c2","TerminalSessionId":"1","IntegrityLevel":"Low","Hashes":"MD5=571814A7939D001662BBA7760BD0B187,SHA256=9725AFC685C8EE135701E140A83B94FE7D958360A1F546215F7EAFDFF5E53A83,IMPHASH=BB4CE52E8306F88C0B1DA570553704E4","ParentProcessGuid":"{53968da7-cc1b-6708-4c03-00000000fb00}","ParentProcessId":"1436","ParentImage":"C:\\Program Files\\Mozilla Firefox\\firefox.exe","ParentCommandLine":"\"C:\\Program Files\\Mozilla Firefox\\firefox.exe\" https://www.netflix.com","ParentUser":"WIN10\\richard"}}
{"LogSource":"Microsoft-Windows-Sysmon/Operational","EventId":1,"TimeCreated":"2024-10-10T23:56:29.1822702-07:00","RecordId":172562,"MachineName":"Win10","EventData":{"RuleName":"-","UtcTime":"2024-10-11 06:56:29.180","ProcessGuid":"{53968da7-cc1d-6708-5203-00000000fb00}","ProcessId":"3564","Image":"C:\\Program Files\\Mozilla Firefox\\firefox.exe","FileVersion":"131.0.2","Description":"Firefox","Product":"Firefox","Company":"Mozilla Corporation","OriginalFileName":"firefox.exe","CommandLine":"\"C:\\Program Files\\Mozilla Firefox\\firefox.exe\" -contentproc --channel=5564 -isForBrowser -prefsHandle 5580 -prefMapHandle 5576 -prefsLen 37084 -prefMapSize 263003 -jsInitHandle 1196 -jsInitLen 234840 -parentBuildID 20241008210941 -win32kLockedDown -appDir \"C:\\Program Files\\Mozilla Firefox\\browser\" - {b1abc23c-61e3-4c84-9962-a631bfb1cb18} 1436 \"\\\\.\\pipe\\gecko-crash-server-pipe.1436\" 6 tab","CurrentDirectory":"C:\\Windows\\system32\\","User":"WIN10\\richard","LogonGuid":"{53968da7-b202-6708-c295-020000000000}","LogonId":"0x295c2","TerminalSessionId":"1","IntegrityLevel":"Low","Hashes":"MD5=571814A7939D001662BBA7760BD0B187,SHA256=9725AFC685C8EE135701E140A83B94FE7D958360A1F546215F7EAFDFF5E53A83,IMPHASH=BB4CE52E8306F88C0B1DA570553704E4","ParentProcessGuid":"{53968da7-cc1b-6708-4c03-00000000fb00}","ParentProcessId":"1436","ParentImage":"C:\\Program Files\\Mozilla Firefox\\firefox.exe","ParentCommandLine":"\"C:\\Program Files\\Mozilla Firefox\\firefox.exe\" https://www.netflix.com","ParentUser":"WIN10\\richard"}}
{"LogSource":"Microsoft-Windows-Sysmon/Operational","EventId":1,"TimeCreated":"2024-10-10T23:56:29.3717370-07:00","RecordId":172563,"MachineName":"Win10","EventData":{"RuleName":"-","UtcTime":"2024-10-11 06:56:29.369","ProcessGuid":"{53968da7-cc1d-6708-5303-00000000fb00}","ProcessId":"2092","Image":"C:\\Program Files\\Mozilla Firefox\\firefox.exe","FileVersion":"131.0.2","Description":"Firefox","Product":"Firefox","Company":"Mozilla Corporation","OriginalFileName":"firefox.exe","CommandLine":"\"C:\\Program Files\\Mozilla Firefox\\firefox.exe\" -contentproc --channel=5948 -isForBrowser -prefsHandle 6020 -prefMapHandle 6000 -prefsLen 33637 -prefMapSize 263003 -jsInitHandle 1196 -jsInitLen 234840 -parentBuildID 20241008210941 -win32kLockedDown -appDir \"C:\\Program Files\\Mozilla Firefox\\browser\" - {d60ecbec-f72e-44ea-9506-2c4da685f81d} 1436 \"\\\\.\\pipe\\gecko-crash-server-pipe.1436\" 7 tab","CurrentDirectory":"C:\\Windows\\system32\\","User":"WIN10\\richard","LogonGuid":"{53968da7-b202-6708-c295-020000000000}","LogonId":"0x295c2","TerminalSessionId":"1","IntegrityLevel":"Low","Hashes":"MD5=571814A7939D001662BBA7760BD0B187,SHA256=9725AFC685C8EE135701E140A83B94FE7D958360A1F546215F7EAFDFF5E53A83,IMPHASH=BB4CE52E8306F88C0B1DA570553704E4","ParentProcessGuid":"{53968da7-cc1b-6708-4c03-00000000fb00}","ParentProcessId":"1436","ParentImage":"C:\\Program Files\\Mozilla Firefox\\firefox.exe","ParentCommandLine":"\"C:\\Program Files\\Mozilla Firefox\\firefox.exe\" https://www.netflix.com","ParentUser":"WIN10\\richard"}}
{"LogSource":"Microsoft-Windows-Sysmon/Operational","EventId":1,"TimeCreated":"2024-10-10T23:56:29.3791539-07:00","RecordId":172564,"MachineName":"Win10","EventData":{"RuleName":"-","UtcTime":"2024-10-11 06:56:29.376","ProcessGuid":"{53968da7-cc1d-6708-5403-00000000fb00}","ProcessId":"5388","Image":"C:\\Program Files\\Mozilla Firefox\\firefox.exe","FileVersion":"131.0.2","Description":"Firefox","Product":"Firefox","Company":"Mozilla Corporation","OriginalFileName":"firefox.exe","CommandLine":"\"C:\\Program Files\\Mozilla Firefox\\firefox.exe\" -contentproc --channel=5912 -isForBrowser -prefsHandle 6168 -prefMapHandle 6164 -prefsLen 33637 -prefMapSize 263003 -jsInitHandle 1196 -jsInitLen 234840 -parentBuildID 20241008210941 -win32kLockedDown -appDir \"C:\\Program Files\\Mozilla Firefox\\browser\" - {e3071bca-b69e-4db9-a068-91e8d2d9f8b5} 1436 \"\\\\.\\pipe\\gecko-crash-server-pipe.1436\" 8 tab","CurrentDirectory":"C:\\Windows\\system32\\","User":"WIN10\\richard","LogonGuid":"{53968da7-b202-6708-c295-020000000000}","LogonId":"0x295c2","TerminalSessionId":"1","IntegrityLevel":"Low","Hashes":"MD5=571814A7939D001662BBA7760BD0B187,SHA256=9725AFC685C8EE135701E140A83B94FE7D958360A1F546215F7EAFDFF5E53A83,IMPHASH=BB4CE52E8306F88C0B1DA570553704E4","ParentProcessGuid":"{53968da7-cc1b-6708-4c03-00000000fb00}","ParentProcessId":"1436","ParentImage":"C:\\Program Files\\Mozilla Firefox\\firefox.exe","ParentCommandLine":"\"C:\\Program Files\\Mozilla Firefox\\firefox.exe\" https://www.netflix.com","ParentUser":"WIN10\\richard"}}
{"LogSource":"Microsoft-Windows-Sysmon/Operational","EventId":1,"TimeCreated":"2024-10-10T23:56:29.3859839-07:00","RecordId":172565,"MachineName":"Win10","EventData":{"RuleName":"-","UtcTime":"2024-10-11 06:56:29.383","ProcessGuid":"{53968da7-cc1d-6708-5503-00000000fb00}","ProcessId":"9096","Image":"C:\\Program Files\\Mozilla Firefox\\firefox.exe","FileVersion":"131.0.2","Description":"Firefox","Product":"Firefox","Company":"Mozilla Corporation","OriginalFileName":"firefox.exe","CommandLine":"\"C:\\Program Files\\Mozilla Firefox\\firefox.exe\" -contentproc --channel=6304 -isForBrowser -prefsHandle 6384 -prefMapHandle 6380 -prefsLen 33637 -prefMapSize 263003 -jsInitHandle 1196 -jsInitLen 234840 -parentBuildID 20241008210941 -win32kLockedDown -appDir \"C:\\Program Files\\Mozilla Firefox\\browser\" - {30f561b5-1d74-44da-8e18-c1e9905fbee1} 1436 \"\\\\.\\pipe\\gecko-crash-server-pipe.1436\" 9 tab","CurrentDirectory":"C:\\Windows\\system32\\","User":"WIN10\\richard","LogonGuid":"{53968da7-b202-6708-c295-020000000000}","LogonId":"0x295c2","TerminalSessionId":"1","IntegrityLevel":"Low","Hashes":"MD5=571814A7939D001662BBA7760BD0B187,SHA256=9725AFC685C8EE135701E140A83B94FE7D958360A1F546215F7EAFDFF5E53A83,IMPHASH=BB4CE52E8306F88C0B1DA570553704E4","ParentProcessGuid":"{53968da7-cc1b-6708-4c03-00000000fb00}","ParentProcessId":"1436","ParentImage":"C:\\Program Files\\Mozilla Firefox\\firefox.exe","ParentCommandLine":"\"C:\\Program Files\\Mozilla Firefox\\firefox.exe\" https://www.netflix.com","ParentUser":"WIN10\\richard"}}
{"LogSource":"Microsoft-Windows-Sysmon/Operational","EventId":22,"TimeCreated":"2024-10-10T23:56:29.5415504-07:00","RecordId":172566,"MachineName":"Win10","EventData":{"RuleName":"-","UtcTime":"2024-10-11 06:56:27.301","ProcessGuid":"{53968da7-cc1b-6708-4c03-00000000fb00}","ProcessId":"1436","QueryName":"detectportal.firefox.com","QueryStatus":"0","QueryResults":"type:  5 detectportal.prod.mozaws.net;type:  5 prod.detectportal.prod.cloudops.mozgcp.net;2600:1901:0:38d7::;::ffff:34.107.221.82;","Image":"C:\\Program Files\\Mozilla Firefox\\firefox.exe","User":"WIN10\\richard"}}
{"LogSource":"Microsoft-Windows-Sysmon/Operational","EventId":22,"TimeCreated":"2024-10-10T23:56:29.5426688-07:00","RecordId":172567,"MachineName":"Win10","EventData":{"RuleName":"-","UtcTime":"2024-10-11 06:56:27.303","ProcessGuid":"{53968da7-cc1b-6708-4c03-00000000fb00}","ProcessId":"1436","QueryName":"detectportal.firefox.com","QueryStatus":"0","QueryResults":"type:  5 detectportal.prod.mozaws.net;type:  5 prod.detectportal.prod.cloudops.mozgcp.net;2600:1901:0:38d7::;::ffff:34.107.221.82;","Image":"C:\\Program Files\\Mozilla Firefox\\firefox.exe","User":"WIN10\\richard"}}
{"LogSource":"Microsoft-Windows-Sysmon/Operational","EventId":22,"TimeCreated":"2024-10-10T23:56:29.5438214-07:00","RecordId":172568,"MachineName":"Win10","EventData":{"RuleName":"-","UtcTime":"2024-10-11 06:56:27.303","ProcessGuid":"{53968da7-cc1b-6708-4c03-00000000fb00}","ProcessId":"1436","QueryName":"prod.detectportal.prod.cloudops.mozgcp.net","QueryStatus":"0","QueryResults":"34.107.221.82;","Image":"C:\\Program Files\\Mozilla Firefox\\firefox.exe","User":"WIN10\\richard"}}
{"LogSource":"Microsoft-Windows-Sysmon/Operational","EventId":22,"TimeCreated":"2024-10-10T23:56:29.5449158-07:00","RecordId":172569,"MachineName":"Win10","EventData":{"RuleName":"-","UtcTime":"2024-10-11 06:56:27.303","ProcessGuid":"{53968da7-cc1b-6708-4c03-00000000fb00}","ProcessId":"1436","QueryName":"prod.detectportal.prod.cloudops.mozgcp.net","QueryStatus":"0","QueryResults":"2600:1901:0:38d7::;","Image":"C:\\Program Files\\Mozilla Firefox\\firefox.exe","User":"WIN10\\richard"}}
{"LogSource":"Microsoft-Windows-Sysmon/Operational","EventId":22,"TimeCreated":"2024-10-10T23:56:29.5460640-07:00","RecordId":172570,"MachineName":"Win10","EventData":{"RuleName":"-","UtcTime":"2024-10-11 06:56:27.338","ProcessGuid":"{53968da7-cc1b-6708-4c03-00000000fb00}","ProcessId":"1436","QueryName":"private.canadianshield.cira.ca","QueryStatus":"0","QueryResults":"2620:10a:80bb::10;2620:10a:80bc::10;::ffff:149.112.122.10;::ffff:149.112.121.10;","Image":"C:\\Program Files\\Mozilla Firefox\\firefox.exe","User":"WIN10\\richard"}}
{"LogSource":"Microsoft-Windows-Sysmon/Operational","EventId":22,"TimeCreated":"2024-10-10T23:56:29.5472155-07:00","RecordId":172571,"MachineName":"Win10","EventData":{"RuleName":"-","UtcTime":"2024-10-11 06:56:27.338","ProcessGuid":"{53968da7-cc1b-6708-4c03-00000000fb00}","ProcessId":"1436","QueryName":"private.canadianshield.cira.ca","QueryStatus":"0","QueryResults":"2620:10a:80bb::10;2620:10a:80bc::10;::ffff:149.112.122.10;::ffff:149.112.121.10;","Image":"C:\\Program Files\\Mozilla Firefox\\firefox.exe","User":"WIN10\\richard"}}
{"LogSource":"Microsoft-Windows-Sysmon/Operational","EventId":22,"TimeCreated":"2024-10-10T23:56:29.5483854-07:00","RecordId":172572,"MachineName":"Win10","EventData":{"RuleName":"-","UtcTime":"2024-10-11 06:56:27.338","ProcessGuid":"{53968da7-cc1b-6708-4c03-00000000fb00}","ProcessId":"1436","QueryName":"private.canadianshield.cira.ca","QueryStatus":"0","QueryResults":"149.112.121.10;149.112.122.10;","Image":"C:\\Program Files\\Mozilla Firefox\\firefox.exe","User":"WIN10\\richard"}}
{"LogSource":"Microsoft-Windows-Sysmon/Operational","EventId":22,"TimeCreated":"2024-10-10T23:56:29.5495462-07:00","RecordId":172573,"MachineName":"Win10","EventData":{"RuleName":"-","UtcTime":"2024-10-11 06:56:27.338","ProcessGuid":"{53968da7-cc1b-6708-4c03-00000000fb00}","ProcessId":"1436","QueryName":"private.canadianshield.cira.ca","QueryStatus":"0","QueryResults":"2620:10a:80bc::10;2620:10a:80bb::10;","Image":"C:\\Program Files\\Mozilla Firefox\\firefox.exe","User":"WIN10\\richard"}}
{"LogSource":"Microsoft-Windows-Sysmon/Operational","EventId":22,"TimeCreated":"2024-10-10T23:56:29.5507033-07:00","RecordId":172574,"MachineName":"Win10","EventData":{"RuleName":"-","UtcTime":"2024-10-11 06:56:27.343","ProcessGuid":"{53968da7-cc1b-6708-4c03-00000000fb00}","ProcessId":"1436","QueryName":"example.org","QueryStatus":"0","QueryResults":"2606:2800:21f:cb07:6820:80da:af6b:8b2c;::ffff:93.184.215.14;","Image":"C:\\Program Files\\Mozilla Firefox\\firefox.exe","User":"WIN10\\richard"}}
{"LogSource":"Microsoft-Windows-Sysmon/Operational","EventId":22,"TimeCreated":"2024-10-10T23:56:29.5518440-07:00","RecordId":172575,"MachineName":"Win10","EventData":{"RuleName":"-","UtcTime":"2024-10-11 06:56:27.343","ProcessGuid":"{53968da7-cc1b-6708-4c03-00000000fb00}","ProcessId":"1436","QueryName":"example.org","QueryStatus":"0","QueryResults":"93.184.215.14;","Image":"C:\\Program Files\\Mozilla Firefox\\firefox.exe","User":"WIN10\\richard"}}
{"LogSource":"Microsoft-Windows-Sysmon/Operational","EventId":22,"TimeCreated":"2024-10-10T23:56:29.5530159-07:00","RecordId":172576,"MachineName":"Win10","EventData":{"RuleName":"-","UtcTime":"2024-10-11 06:56:27.344","ProcessGuid":"{53968da7-cc1b-6708-4c03-00000000fb00}","ProcessId":"1436","QueryName":"example.org","QueryStatus":"0","QueryResults":"2606:2800:21f:cb07:6820:80da:af6b:8b2c;::ffff:93.184.215.14;","Image":"C:\\Program Files\\Mozilla Firefox\\firefox.exe","User":"WIN10\\richard"}}
{"LogSource":"Microsoft-Windows-Sysmon/Operational","EventId":22,"TimeCreated":"2024-10-10T23:56:29.5542256-07:00","RecordId":172577,"MachineName":"Win10","EventData":{"RuleName":"-","UtcTime":"2024-10-11 06:56:27.344","ProcessGuid":"{53968da7-cc1b-6708-4c03-00000000fb00}","ProcessId":"1436","QueryName":"example.org","QueryStatus":"0","QueryResults":"2606:2800:21f:cb07:6820:80da:af6b:8b2c;","Image":"C:\\Program Files\\Mozilla Firefox\\firefox.exe","User":"WIN10\\richard"}}
{"LogSource":"Microsoft-Windows-Sysmon/Operational","EventId":22,"TimeCreated":"2024-10-10T23:56:29.5554085-07:00","RecordId":172578,"MachineName":"Win10","EventData":{"RuleName":"-","UtcTime":"2024-10-11 06:56:27.344","ProcessGuid":"{53968da7-cc1b-6708-4c03-00000000fb00}","ProcessId":"1436","QueryName":"example.org","QueryStatus":"0","QueryResults":"93.184.215.14;","Image":"C:\\Program Files\\Mozilla Firefox\\firefox.exe","User":"WIN10\\richard"}}
{"LogSource":"Microsoft-Windows-Sysmon/Operational","EventId":22,"TimeCreated":"2024-10-10T23:56:29.5567722-07:00","RecordId":172579,"MachineName":"Win10","EventData":{"RuleName":"-","UtcTime":"2024-10-11 06:56:27.344","ProcessGuid":"{53968da7-cc1b-6708-4c03-00000000fb00}","ProcessId":"1436","QueryName":"example.org","QueryStatus":"0","QueryResults":"93.184.215.14;","Image":"C:\\Program Files\\Mozilla Firefox\\firefox.exe","User":"WIN10\\richard"}}
{"LogSource":"Microsoft-Windows-Sysmon/Operational","EventId":22,"TimeCreated":"2024-10-10T23:56:29.5579477-07:00","RecordId":172580,"MachineName":"Win10","EventData":{"RuleName":"-","UtcTime":"2024-10-11 06:56:27.470","ProcessGuid":"{53968da7-cc1b-6708-4c03-00000000fb00}","ProcessId":"1436","QueryName":"forcesafesearch.google.com.","QueryStatus":"0","QueryResults":"216.239.38.120;","Image":"C:\\Program Files\\Mozilla Firefox\\firefox.exe","User":"WIN10\\richard"}}
{"LogSource":"Microsoft-Windows-Sysmon/Operational","EventId":22,"TimeCreated":"2024-10-10T23:56:29.5590989-07:00","RecordId":172581,"MachineName":"Win10","EventData":{"RuleName":"-","UtcTime":"2024-10-11 06:56:27.470","ProcessGuid":"{53968da7-cc1b-6708-4c03-00000000fb00}","ProcessId":"1436","QueryName":"www.google.com.","QueryStatus":"0","QueryResults":"142.251.215.228;","Image":"C:\\Program Files\\Mozilla Firefox\\firefox.exe","User":"WIN10\\richard"}}
{"LogSource":"Microsoft-Windows-Sysmon/Operational","EventId":22,"TimeCreated":"2024-10-10T23:56:29.5603205-07:00","RecordId":172582,"MachineName":"Win10","EventData":{"RuleName":"-","UtcTime":"2024-10-11 06:56:27.471","ProcessGuid":"{53968da7-cc1b-6708-4c03-00000000fb00}","ProcessId":"1436","QueryName":"www.youtube.com.","QueryStatus":"0","QueryResults":"type:  5 youtube-ui.l.google.com;142.250.217.78;142.250.217.110;142.251.215.238;142.250.69.206;142.251.33.110;142.251.211.238;142.251.33.78;","Image":"C:\\Program Files\\Mozilla Firefox\\firefox.exe","User":"WIN10\\richard"}}
{"LogSource":"Microsoft-Windows-Sysmon/Operational","EventId":22,"TimeCreated":"2024-10-10T23:56:29.5614695-07:00","RecordId":172583,"MachineName":"Win10","EventData":{"RuleName":"-","UtcTime":"2024-10-11 06:56:27.471","ProcessGuid":"{53968da7-cc1b-6708-4c03-00000000fb00}","ProcessId":"1436","QueryName":"google.com.","QueryStatus":"0","QueryResults":"142.251.33.110;","Image":"C:\\Program Files\\Mozilla Firefox\\firefox.exe","User":"WIN10\\richard"}}
{"LogSource":"Microsoft-Windows-Sysmon/Operational","EventId":22,"TimeCreated":"2024-10-10T23:56:29.5626490-07:00","RecordId":172584,"MachineName":"Win10","EventData":{"RuleName":"-","UtcTime":"2024-10-11 06:56:27.471","ProcessGuid":"{53968da7-cc1b-6708-4c03-00000000fb00}","ProcessId":"1436","QueryName":"youtubei.googleapis.com.","QueryStatus":"0","QueryResults":"142.250.217.74;142.250.217.106;142.251.215.234;172.217.14.202;172.217.14.234;142.250.69.202;142.251.33.106;142.251.211.234;142.251.33.74;","Image":"C:\\Program Files\\Mozilla Firefox\\firefox.exe","User":"WIN10\\richard"}}
{"LogSource":"Microsoft-Windows-Sysmon/Operational","EventId":22,"TimeCreated":"2024-10-10T23:56:29.5638311-07:00","RecordId":172585,"MachineName":"Win10","EventData":{"RuleName":"-","UtcTime":"2024-10-11 06:56:27.471","ProcessGuid":"{53968da7-cc1b-6708-4c03-00000000fb00}","ProcessId":"1436","QueryName":"youtube.googleapis.com.","QueryStatus":"0","QueryResults":"142.251.215.234;172.217.14.202;172.217.14.234;142.250.69.202;142.251.33.106;142.251.211.234;142.251.33.74;142.250.217.74;142.250.217.106;","Image":"C:\\Program Files\\Mozilla Firefox\\firefox.exe","User":"WIN10\\richard"}}
{"LogSource":"Microsoft-Windows-Sysmon/Operational","EventId":22,"TimeCreated":"2024-10-10T23:56:29.5649871-07:00","RecordId":172586,"MachineName":"Win10","EventData":{"RuleName":"-","UtcTime":"2024-10-11 06:56:27.471","ProcessGuid":"{53968da7-cc1b-6708-4c03-00000000fb00}","ProcessId":"1436","QueryName":"www.youtube-nocookie.com.","QueryStatus":"0","QueryResults":"type:  5 youtube-ui.l.google.com;142.251.215.238;172.217.14.238;142.250.69.206;142.251.33.110;142.251.211.238;142.251.33.78;142.250.217.78;142.250.217.110;","Image":"C:\\Program Files\\Mozilla Firefox\\firefox.exe","User":"WIN10\\richard"}}
{"LogSource":"Microsoft-Windows-Sysmon/Operational","EventId":22,"TimeCreated":"2024-10-10T23:56:29.5661369-07:00","RecordId":172587,"MachineName":"Win10","EventData":{"RuleName":"-","UtcTime":"2024-10-11 06:56:27.471","ProcessGuid":"{53968da7-cc1b-6708-4c03-00000000fb00}","ProcessId":"1436","QueryName":"restrict.youtube.com.","QueryStatus":"0","QueryResults":"216.239.38.120;","Image":"C:\\Program Files\\Mozilla Firefox\\firefox.exe","User":"WIN10\\richard"}}
{"LogSource":"Microsoft-Windows-Sysmon/Operational","EventId":22,"TimeCreated":"2024-10-10T23:56:29.5673325-07:00","RecordId":172588,"MachineName":"Win10","EventData":{"RuleName":"-","UtcTime":"2024-10-11 06:56:27.472","ProcessGuid":"{53968da7-cc1b-6708-4c03-00000000fb00}","ProcessId":"1436","QueryName":"sitereview.zscaler.com.","QueryStatus":"0","QueryResults":"104.129.193.93;","Image":"C:\\Program Files\\Mozilla Firefox\\firefox.exe","User":"WIN10\\richard"}}
{"LogSource":"Microsoft-Windows-Sysmon/Operational","EventId":22,"TimeCreated":"2024-10-10T23:56:29.5684766-07:00","RecordId":172589,"MachineName":"Win10","EventData":{"RuleName":"-","UtcTime":"2024-10-11 06:56:27.472","ProcessGuid":"{53968da7-cc1b-6708-4c03-00000000fb00}","ProcessId":"1436","QueryName":"use-application-dns.net.","QueryStatus":"0","QueryResults":"35.190.14.201;","Image":"C:\\Program Files\\Mozilla Firefox\\firefox.exe","User":"WIN10\\richard"}}
{"LogSource":"Microsoft-Windows-Sysmon/Operational","EventId":22,"TimeCreated":"2024-10-10T23:56:29.5696169-07:00","RecordId":172590,"MachineName":"Win10","EventData":{"RuleName":"-","UtcTime":"2024-10-11 06:56:27.472","ProcessGuid":"{53968da7-cc1b-6708-4c03-00000000fb00}","ProcessId":"1436","QueryName":"forcesafesearch.google.com.","QueryStatus":"0","QueryResults":"216.239.38.120;","Image":"C:\\Program Files\\Mozilla Firefox\\firefox.exe","User":"WIN10\\richard"}}
{"LogSource":"Microsoft-Windows-Sysmon/Operational","EventId":22,"TimeCreated":"2024-10-10T23:56:29.5707577-07:00","RecordId":172591,"MachineName":"Win10","EventData":{"RuleName":"-","UtcTime":"2024-10-11 06:56:27.473","ProcessGuid":"{53968da7-cc1b-6708-4c03-00000000fb00}","ProcessId":"1436","QueryName":"www.youtube.com.","QueryStatus":"0","QueryResults":"type:  5 youtube-ui.l.google.com;142.250.217.78;142.250.217.110;142.251.215.238;142.250.69.206;142.251.33.110;142.251.211.238;142.251.33.78;","Image":"C:\\Program Files\\Mozilla Firefox\\firefox.exe","User":"WIN10\\richard"}}
{"LogSource":"Microsoft-Windows-Sysmon/Operational","EventId":22,"TimeCreated":"2024-10-10T23:56:29.5731409-07:00","RecordId":172593,"MachineName":"Win10","EventData":{"RuleName":"-","UtcTime":"2024-10-11 06:56:27.473","ProcessGuid":"{53968da7-cc1b-6708-4c03-00000000fb00}","ProcessId":"1436","QueryName":"www.google.com.","QueryStatus":"0","QueryResults":"142.251.215.228;","Image":"C:\\Program Files\\Mozilla Firefox\\firefox.exe","User":"WIN10\\richard"}}
{"LogSource":"Microsoft-Windows-Sysmon/Operational","EventId":22,"TimeCreated":"2024-10-10T23:56:29.5743421-07:00","RecordId":172594,"MachineName":"Win10","EventData":{"RuleName":"-","UtcTime":"2024-10-11 06:56:27.473","ProcessGuid":"{53968da7-cc1b-6708-4c03-00000000fb00}","ProcessId":"1436","QueryName":"youtubei.googleapis.com.","QueryStatus":"0","QueryResults":"142.250.217.74;142.250.217.106;142.251.215.234;172.217.14.202;172.217.14.234;142.250.69.202;142.251.33.106;142.251.211.234;142.251.33.74;","Image":"C:\\Program Files\\Mozilla Firefox\\firefox.exe","User":"WIN10\\richard"}}
{"LogSource":"Microsoft-Windows-Sysmon/Operational","EventId":22,"TimeCreated":"2024-10-10T23:56:29.5755109-07:00","RecordId":172595,"MachineName":"Win10","EventData":{"RuleName":"-","UtcTime":"2024-10-11 06:56:27.474","ProcessGuid":"{53968da7-cc1b-6708-4c03-00000000fb00}","ProcessId":"1436","QueryName":"www.youtube-nocookie.com.","QueryStatus":"0","QueryResults":"type:  5 youtube-ui.l.google.com;142.251.215.238;172.217.14.238;142.250.69.206;142.251.33.110;142.251.211.238;142.251.33.78;142.250.217.78;142.250.217.110;","Image":"C:\\Program Files\\Mozilla Firefox\\firefox.exe","User":"WIN10\\richard"}}
{"LogSource":"Microsoft-Windows-Sysmon/Operational","EventId":22,"TimeCreated":"2024-10-10T23:56:29.5719659-07:00","RecordId":172592,"MachineName":"Win10","EventData":{"RuleName":"-","UtcTime":"2024-10-11 06:56:27.473","ProcessGuid":"{53968da7-cc1b-6708-4c03-00000000fb00}","ProcessId":"1436","QueryName":"google.com.","QueryStatus":"0","QueryResults":"142.251.33.110;","Image":"C:\\Program Files\\Mozilla Firefox\\firefox.exe","User":"WIN10\\richard"}}
{"LogSource":"Microsoft-Windows-Sysmon/Operational","EventId":22,"TimeCreated":"2024-10-10T23:56:29.5766588-07:00","RecordId":172596,"MachineName":"Win10","EventData":{"RuleName":"-","UtcTime":"2024-10-11 06:56:27.474","ProcessGuid":"{53968da7-cc1b-6708-4c03-00000000fb00}","ProcessId":"1436","QueryName":"youtube.googleapis.com.","QueryStatus":"0","QueryResults":"142.251.215.234;172.217.14.202;172.217.14.234;142.250.69.202;142.251.33.106;142.251.211.234;142.251.33.74;142.250.217.74;142.250.217.106;","Image":"C:\\Program Files\\Mozilla Firefox\\firefox.exe","User":"WIN10\\richard"}}
{"LogSource":"Microsoft-Windows-Sysmon/Operational","EventId":22,"TimeCreated":"2024-10-10T23:56:29.5778291-07:00","RecordId":172597,"MachineName":"Win10","EventData":{"RuleName":"-","UtcTime":"2024-10-11 06:56:27.474","ProcessGuid":"{53968da7-cc1b-6708-4c03-00000000fb00}","ProcessId":"1436","QueryName":"forcesafesearch.google.com","QueryStatus":"0","QueryResults":"216.239.38.120;","Image":"C:\\Program Files\\Mozilla Firefox\\firefox.exe","User":"WIN10\\richard"}}
{"LogSource":"Microsoft-Windows-Sysmon/Operational","EventId":22,"TimeCreated":"2024-10-10T23:56:29.5789979-07:00","RecordId":172598,"MachineName":"Win10","EventData":{"RuleName":"-","UtcTime":"2024-10-11 06:56:27.474","ProcessGuid":"{53968da7-cc1b-6708-4c03-00000000fb00}","ProcessId":"1436","QueryName":"restrict.youtube.com.","QueryStatus":"0","QueryResults":"216.239.38.120;","Image":"C:\\Program Files\\Mozilla Firefox\\firefox.exe","User":"WIN10\\richard"}}
{"LogSource":"Microsoft-Windows-Sysmon/Operational","EventId":22,"TimeCreated":"2024-10-10T23:56:29.5802694-07:00","RecordId":172599,"MachineName":"Win10","EventData":{"RuleName":"-","UtcTime":"2024-10-11 06:56:27.474","ProcessGuid":"{53968da7-cc1b-6708-4c03-00000000fb00}","ProcessId":"1436","QueryName":"youtube-ui.l.google.com","QueryStatus":"0","QueryResults":"142.250.217.110;142.251.215.238;172.217.14.238;142.250.69.206;142.251.33.110;142.251.211.238;142.251.33.78;142.250.217.78;","Image":"C:\\Program Files\\Mozilla Firefox\\firefox.exe","User":"WIN10\\richard"}}
{"LogSource":"Microsoft-Windows-Sysmon/Operational","EventId":22,"TimeCreated":"2024-10-10T23:56:29.5814496-07:00","RecordId":172600,"MachineName":"Win10","EventData":{"RuleName":"-","UtcTime":"2024-10-11 06:56:27.474","ProcessGuid":"{53968da7-cc1b-6708-4c03-00000000fb00}","ProcessId":"1436","QueryName":"google.com","QueryStatus":"0","QueryResults":"142.251.33.110;","Image":"C:\\Program Files\\Mozilla Firefox\\firefox.exe","User":"WIN10\\richard"}}
{"LogSource":"Microsoft-Windows-Sysmon/Operational","EventId":22,"TimeCreated":"2024-10-10T23:56:29.5826314-07:00","RecordId":172601,"MachineName":"Win10","EventData":{"RuleName":"-","UtcTime":"2024-10-11 06:56:27.474","ProcessGuid":"{53968da7-cc1b-6708-4c03-00000000fb00}","ProcessId":"1436","QueryName":"www.google.com","QueryStatus":"0","QueryResults":"142.251.215.228;","Image":"C:\\Program Files\\Mozilla Firefox\\firefox.exe","User":"WIN10\\richard"}}
{"LogSource":"Microsoft-Windows-Sysmon/Operational","EventId":22,"TimeCreated":"2024-10-10T23:56:29.5837912-07:00","RecordId":172602,"MachineName":"Win10","EventData":{"RuleName":"-","UtcTime":"2024-10-11 06:56:27.475","ProcessGuid":"{53968da7-cc1b-6708-4c03-00000000fb00}","ProcessId":"1436","QueryName":"youtubei.googleapis.com","QueryStatus":"0","QueryResults":"142.250.217.74;142.250.217.106;142.251.215.234;172.217.14.202;172.217.14.234;142.250.69.202;142.251.33.106;142.251.211.234;142.251.33.74;","Image":"C:\\Program Files\\Mozilla Firefox\\firefox.exe","User":"WIN10\\richard"}}
{"LogSource":"Microsoft-Windows-Sysmon/Operational","EventId":22,"TimeCreated":"2024-10-10T23:56:29.5860820-07:00","RecordId":172604,"MachineName":"Win10","EventData":{"RuleName":"-","UtcTime":"2024-10-11 06:56:27.475","ProcessGuid":"{53968da7-cc1b-6708-4c03-00000000fb00}","ProcessId":"1436","QueryName":"sitereview.zscaler.com.","QueryStatus":"0","QueryResults":"104.129.193.93;","Image":"C:\\Program Files\\Mozilla Firefox\\firefox.exe","User":"WIN10\\richard"}}
{"LogSource":"Microsoft-Windows-Sysmon/Operational","EventId":22,"TimeCreated":"2024-10-10T23:56:29.5849402-07:00","RecordId":172603,"MachineName":"Win10","EventData":{"RuleName":"-","UtcTime":"2024-10-11 06:56:27.475","ProcessGuid":"{53968da7-cc1b-6708-4c03-00000000fb00}","ProcessId":"1436","QueryName":"youtube-ui.l.google.com","QueryStatus":"0","QueryResults":"142.250.217.110;142.251.215.238;172.217.14.238;142.250.69.206;142.251.33.110;142.251.211.238;142.251.33.78;142.250.217.78;","Image":"C:\\Program Files\\Mozilla Firefox\\firefox.exe","User":"WIN10\\richard"}}
{"LogSource":"Microsoft-Windows-Sysmon/Operational","EventId":22,"TimeCreated":"2024-10-10T23:56:29.5884803-07:00","RecordId":172606,"MachineName":"Win10","EventData":{"RuleName":"-","UtcTime":"2024-10-11 06:56:27.475","ProcessGuid":"{53968da7-cc1b-6708-4c03-00000000fb00}","ProcessId":"1436","QueryName":"use-application-dns.net.","QueryStatus":"0","QueryResults":"35.190.14.201;","Image":"C:\\Program Files\\Mozilla Firefox\\firefox.exe","User":"WIN10\\richard"}}
{"LogSource":"Microsoft-Windows-Sysmon/Operational","EventId":22,"TimeCreated":"2024-10-10T23:56:29.5872666-07:00","RecordId":172605,"MachineName":"Win10","EventData":{"RuleName":"-","UtcTime":"2024-10-11 06:56:27.475","ProcessGuid":"{53968da7-cc1b-6708-4c03-00000000fb00}","ProcessId":"1436","QueryName":"youtube.googleapis.com","QueryStatus":"0","QueryResults":"142.251.215.234;172.217.14.202;172.217.14.234;142.250.69.202;142.251.33.106;142.251.211.234;142.251.33.74;142.250.217.74;142.250.217.106;","Image":"C:\\Program Files\\Mozilla Firefox\\firefox.exe","User":"WIN10\\richard"}}
{"LogSource":"Microsoft-Windows-Sysmon/Operational","EventId":22,"TimeCreated":"2024-10-10T23:56:29.5896205-07:00","RecordId":172607,"MachineName":"Win10","EventData":{"RuleName":"-","UtcTime":"2024-10-11 06:56:27.475","ProcessGuid":"{53968da7-cc1b-6708-4c03-00000000fb00}","ProcessId":"1436","QueryName":"restrict.youtube.com","QueryStatus":"0","QueryResults":"216.239.38.120;","Image":"C:\\Program Files\\Mozilla Firefox\\firefox.exe","User":"WIN10\\richard"}}
{"LogSource":"Microsoft-Windows-Sysmon/Operational","EventId":22,"TimeCreated":"2024-10-10T23:56:29.5907474-07:00","RecordId":172608,"MachineName":"Win10","EventData":{"RuleName":"-","UtcTime":"2024-10-11 06:56:27.475","ProcessGuid":"{53968da7-cc1b-6708-4c03-00000000fb00}","ProcessId":"1436","QueryName":"sitereview.zscaler.com","QueryStatus":"0","QueryResults":"104.129.193.93;","Image":"C:\\Program Files\\Mozilla Firefox\\firefox.exe","User":"WIN10\\richard"}}
{"LogSource":"Microsoft-Windows-Sysmon/Operational","EventId":22,"TimeCreated":"2024-10-10T23:56:29.5918737-07:00","RecordId":172609,"MachineName":"Win10","EventData":{"RuleName":"-","UtcTime":"2024-10-11 06:56:27.475","ProcessGuid":"{53968da7-cc1b-6708-4c03-00000000fb00}","ProcessId":"1436","QueryName":"use-application-dns.net","QueryStatus":"0","QueryResults":"35.190.14.201;","Image":"C:\\Program Files\\Mozilla Firefox\\firefox.exe","User":"WIN10\\richard"}}
{"LogSource":"Microsoft-Windows-Sysmon/Operational","EventId":22,"TimeCreated":"2024-10-10T23:56:29.5930284-07:00","RecordId":172610,"MachineName":"Win10","EventData":{"RuleName":"-","UtcTime":"2024-10-11 06:56:27.481","ProcessGuid":"{53968da7-cc1b-6708-4c03-00000000fb00}","ProcessId":"1436","QueryName":"m.youtube.com.","QueryStatus":"0","QueryResults":"142.250.69.206;","Image":"C:\\Program Files\\Mozilla Firefox\\firefox.exe","User":"WIN10\\richard"}}
{"LogSource":"Microsoft-Windows-Sysmon/Operational","EventId":22,"TimeCreated":"2024-10-10T23:56:29.5941774-07:00","RecordId":172611,"MachineName":"Win10","EventData":{"RuleName":"-","UtcTime":"2024-10-11 06:56:27.481","ProcessGuid":"{53968da7-cc1b-6708-4c03-00000000fb00}","ProcessId":"1436","QueryName":"m.youtube.com.","QueryStatus":"0","QueryResults":"142.250.69.206;","Image":"C:\\Program Files\\Mozilla Firefox\\firefox.exe","User":"WIN10\\richard"}}
{"LogSource":"Microsoft-Windows-Sysmon/Operational","EventId":22,"TimeCreated":"2024-10-10T23:56:29.5953463-07:00","RecordId":172612,"MachineName":"Win10","EventData":{"RuleName":"-","UtcTime":"2024-10-11 06:56:27.481","ProcessGuid":"{53968da7-cc1b-6708-4c03-00000000fb00}","ProcessId":"1436","QueryName":"m.youtube.com","QueryStatus":"0","QueryResults":"142.250.69.206;","Image":"C:\\Program Files\\Mozilla Firefox\\firefox.exe","User":"WIN10\\richard"}}
{"LogSource":"Microsoft-Windows-Sysmon/Operational","EventId":22,"TimeCreated":"2024-10-10T23:56:29.5964998-07:00","RecordId":172613,"MachineName":"Win10","EventData":{"RuleName":"-","UtcTime":"2024-10-11 06:56:27.483","ProcessGuid":"{53968da7-cc1b-6708-4c03-00000000fb00}","ProcessId":"1436","QueryName":"restrictmoderate.youtube.com.","QueryStatus":"0","QueryResults":"216.239.38.119;","Image":"C:\\Program Files\\Mozilla Firefox\\firefox.exe","User":"WIN10\\richard"}}
{"LogSource":"Microsoft-Windows-Sysmon/Operational","EventId":22,"TimeCreated":"2024-10-10T23:56:29.5976686-07:00","RecordId":172614,"MachineName":"Win10","EventData":{"RuleName":"-","UtcTime":"2024-10-11 06:56:27.483","ProcessGuid":"{53968da7-cc1b-6708-4c03-00000000fb00}","ProcessId":"1436","QueryName":"restrictmoderate.youtube.com.","QueryStatus":"0","QueryResults":"216.239.38.119;","Image":"C:\\Program Files\\Mozilla Firefox\\firefox.exe","User":"WIN10\\richard"}}
{"LogSource":"Microsoft-Windows-Sysmon/Operational","EventId":22,"TimeCreated":"2024-10-10T23:56:29.5988113-07:00","RecordId":172615,"MachineName":"Win10","EventData":{"RuleName":"-","UtcTime":"2024-10-11 06:56:27.483","ProcessGuid":"{53968da7-cc1b-6708-4c03-00000000fb00}","ProcessId":"1436","QueryName":"restrictmoderate.youtube.com","QueryStatus":"0","QueryResults":"216.239.38.119;","Image":"C:\\Program Files\\Mozilla Firefox\\firefox.exe","User":"WIN10\\richard"}}
{"LogSource":"Microsoft-Windows-Sysmon/Operational","EventId":22,"TimeCreated":"2024-10-10T23:56:29.5999857-07:00","RecordId":172616,"MachineName":"Win10","EventData":{"RuleName":"-","UtcTime":"2024-10-11 06:56:27.490","ProcessGuid":"{53968da7-cc1b-6708-4c03-00000000fb00}","ProcessId":"1436","QueryName":"mozilla.cloudflare-dns.com","QueryStatus":"0","QueryResults":"2a06:98c1:52::4;2803:f800:53::4;::ffff:172.64.41.4;::ffff:162.159.61.4;","Image":"C:\\Program Files\\Mozilla Firefox\\firefox.exe","User":"WIN10\\richard"}}
{"LogSource":"Microsoft-Windows-Sysmon/Operational","EventId":22,"TimeCreated":"2024-10-10T23:56:29.6011841-07:00","RecordId":172617,"MachineName":"Win10","EventData":{"RuleName":"-","UtcTime":"2024-10-11 06:56:27.490","ProcessGuid":"{53968da7-cc1b-6708-4c03-00000000fb00}","ProcessId":"1436","QueryName":"private.canadianshield.cira.ca","QueryStatus":"0","QueryResults":"2620:10a:80bb::10;2620:10a:80bc::10;::ffff:149.112.122.10;::ffff:149.112.121.10;","Image":"C:\\Program Files\\Mozilla Firefox\\firefox.exe","User":"WIN10\\richard"}}
{"LogSource":"Microsoft-Windows-Sysmon/Operational","EventId":22,"TimeCreated":"2024-10-10T23:56:29.6023602-07:00","RecordId":172618,"MachineName":"Win10","EventData":{"RuleName":"-","UtcTime":"2024-10-11 06:56:27.491","ProcessGuid":"{53968da7-cc1b-6708-4c03-00000000fb00}","ProcessId":"1436","QueryName":"mozilla.cloudflare-dns.com","QueryStatus":"0","QueryResults":"2a06:98c1:52::4;2803:f800:53::4;::ffff:172.64.41.4;::ffff:162.159.61.4;","Image":"C:\\Program Files\\Mozilla Firefox\\firefox.exe","User":"WIN10\\richard"}}
{"LogSource":"Microsoft-Windows-Sysmon/Operational","EventId":22,"TimeCreated":"2024-10-10T23:56:29.6035713-07:00","RecordId":172619,"MachineName":"Win10","EventData":{"RuleName":"-","UtcTime":"2024-10-11 06:56:27.491","ProcessGuid":"{53968da7-cc1b-6708-4c03-00000000fb00}","ProcessId":"1436","QueryName":"private.canadianshield.cira.ca","QueryStatus":"0","QueryResults":"2620:10a:80bb::10;2620:10a:80bc::10;::ffff:149.112.122.10;::ffff:149.112.121.10;","Image":"C:\\Program Files\\Mozilla Firefox\\firefox.exe","User":"WIN10\\richard"}}
{"LogSource":"Microsoft-Windows-Sysmon/Operational","EventId":22,"TimeCreated":"2024-10-10T23:56:29.6047514-07:00","RecordId":172620,"MachineName":"Win10","EventData":{"RuleName":"-","UtcTime":"2024-10-11 06:56:27.491","ProcessGuid":"{53968da7-cc1b-6708-4c03-00000000fb00}","ProcessId":"1436","QueryName":"mozilla.cloudflare-dns.com","QueryStatus":"0","QueryResults":"162.159.61.4;172.64.41.4;","Image":"C:\\Program Files\\Mozilla Firefox\\firefox.exe","User":"WIN10\\richard"}}
{"LogSource":"Microsoft-Windows-Sysmon/Operational","EventId":22,"TimeCreated":"2024-10-10T23:56:29.6058738-07:00","RecordId":172621,"MachineName":"Win10","EventData":{"RuleName":"-","UtcTime":"2024-10-11 06:56:27.494","ProcessGuid":"{53968da7-cc1b-6708-4c03-00000000fb00}","ProcessId":"1436","QueryName":"private.canadianshield.cira.ca","QueryStatus":"0","QueryResults":"149.112.121.10;149.112.122.10;","Image":"C:\\Program Files\\Mozilla Firefox\\firefox.exe","User":"WIN10\\richard"}}
{"LogSource":"Microsoft-Windows-Sysmon/Operational","EventId":22,"TimeCreated":"2024-10-10T23:56:29.6070301-07:00","RecordId":172622,"MachineName":"Win10","EventData":{"RuleName":"-","UtcTime":"2024-10-11 06:56:27.494","ProcessGuid":"{53968da7-cc1b-6708-4c03-00000000fb00}","ProcessId":"1436","QueryName":"mozilla.cloudflare-dns.com","QueryStatus":"0","QueryResults":"2803:f800:53::4;2a06:98c1:52::4;","Image":"C:\\Program Files\\Mozilla Firefox\\firefox.exe","User":"WIN10\\richard"}}
{"LogSource":"Microsoft-Windows-Sysmon/Operational","EventId":22,"TimeCreated":"2024-10-10T23:56:29.6081930-07:00","RecordId":172623,"MachineName":"Win10","EventData":{"RuleName":"-","UtcTime":"2024-10-11 06:56:27.495","ProcessGuid":"{53968da7-cc1b-6708-4c03-00000000fb00}","ProcessId":"1436","QueryName":"private.canadianshield.cira.ca","QueryStatus":"0","QueryResults":"2620:10a:80bc::10;2620:10a:80bb::10;","Image":"C:\\Program Files\\Mozilla Firefox\\firefox.exe","User":"WIN10\\richard"}}
