{"LogSource":"Microsoft-Windows-PowerShell/Operational","EventId":40962,"TimeCreated":"2024-10-10T22:05:14.4684862-07:00","RecordId":9087,"MachineName":"Win10","EventData":{}}
{"LogSource":"Microsoft-Windows-PowerShell/Operational","EventId":53504,"TimeCreated":"2024-10-10T22:57:07.4962173-07:00","RecordId":9088,"MachineName":"Win10","EventData":{"param1":"6876","param2":"DefaultAppDomain"}}
{"LogSource":"Microsoft-Windows-PowerShell/Operational","EventId":24577,"TimeCreated":"2024-10-10T22:57:15.2994307-07:00","RecordId":9089,"MachineName":"Win10","EventData":{"FileName":"C:\\Users\\richard\\Desktop\\automate.ps1"}}
{"LogSource":"Microsoft-Windows-PowerShell/Operational","EventId":40961,"TimeCreated":"2024-10-10T23:01:14.2723704-07:00","RecordId":9090,"MachineName":"Win10","EventData":{}}
{"LogSource":"Microsoft-Windows-PowerShell/Operational","EventId":53504,"TimeCreated":"2024-10-10T23:01:14.3170842-07:00","RecordId":9091,"MachineName":"Win10","EventData":{"param1":"7844","param2":"DefaultAppDomain"}}
{"LogSource":"Microsoft-Windows-PowerShell/Operational","EventId":40962,"TimeCreated":"2024-10-10T23:01:14.4477551-07:00","RecordId":9092,"MachineName":"Win10","EventData":{}}
{"LogSource":"Microsoft-Windows-PowerShell/Operational","EventId":40961,"TimeCreated":"2024-10-10T23:39:50.3940095-07:00","RecordId":9093,"MachineName":"Win10","EventData":{}}
{"LogSource":"Microsoft-Windows-PowerShell/Operational","EventId":53504,"TimeCreated":"2024-10-10T23:39:50.4502726-07:00","RecordId":9094,"MachineName":"Win10","EventData":{"param1":"2024","param2":"DefaultAppDomain"}}
{"LogSource":"Microsoft-Windows-PowerShell/Operational","EventId":40962,"TimeCreated":"2024-10-10T23:39:50.5899002-07:00","RecordId":9095,"MachineName":"Win10","EventData":{}}
{"LogSource":"Microsoft-Windows-PowerShell/Operational","EventId":40961,"TimeCreated":"2024-10-11T00:24:09.2052344-07:00","RecordId":9096,"MachineName":"Win10","EventData":{}}
{"LogSource":"Microsoft-Windows-PowerShell/Operational","EventId":53504,"TimeCreated":"2024-10-11T00:24:09.2436539-07:00","RecordId":9097,"MachineName":"Win10","EventData":{"param1":"3772","param2":"DefaultAppDomain"}}
{"LogSource":"Microsoft-Windows-PowerShell/Operational","EventId":40962,"TimeCreated":"2024-10-11T00:24:09.3564502-07:00","RecordId":9098,"MachineName":"Win10","EventData":{}}
{"LogSource":"Microsoft-Windows-PowerShell/Operational","EventId":40961,"TimeCreated":"2024-10-11T01:01:10.8166158-07:00","RecordId":9099,"MachineName":"Win10","EventData":{}}
{"LogSource":"Microsoft-Windows-PowerShell/Operational","EventId":53504,"TimeCreated":"2024-10-11T01:01:10.8528521-07:00","RecordId":9100,"MachineName":"Win10","EventData":{"param1":"8072","param2":"DefaultAppDomain"}}
{"LogSource":"Microsoft-Windows-PowerShell/Operational","EventId":40962,"TimeCreated":"2024-10-11T01:01:10.9638520-07:00","RecordId":9101,"MachineName":"Win10","EventData":{}}
{"LogSource":"Microsoft-Windows-PowerShell/Operational","EventId":40961,"TimeCreated":"2024-10-11T01:59:38.9880394-07:00","RecordId":9102,"MachineName":"Win10","EventData":{}}
{"LogSource":"Microsoft-Windows-PowerShell/Operational","EventId":53504,"TimeCreated":"2024-10-11T01:59:39.0238350-07:00","RecordId":9103,"MachineName":"Win10","EventData":{"param1":"5040","param2":"DefaultAppDomain"}}
{"LogSource":"Microsoft-Windows-PowerShell/Operational","EventId":40962,"TimeCreated":"2024-10-11T01:59:39.1367814-07:00","RecordId":9104,"MachineName":"Win10","EventData":{}}
{"LogSource":"Microsoft-Windows-PowerShell/Operational","EventId":40961,"TimeCreated":"2024-10-11T02:10:34.1374003-07:00","RecordId":9105,"MachineName":"Win10","EventData":{}}
{"LogSource":"Microsoft-Windows-PowerShell/Operational","EventId":53504,"TimeCreated":"2024-10-11T02:10:34.1743355-07:00","RecordId":9106,"MachineName":"Win10","EventData":{"param1":"5404","param2":"DefaultAppDomain"}}
{"LogSource":"Microsoft-Windows-PowerShell/Operational","EventId":40962,"TimeCreated":"2024-10-11T02:10:34.2854911-07:00","RecordId":9107,"MachineName":"Win10","EventData":{}}
{"LogSource":"Microsoft-Windows-PowerShell/Operational","EventId":53504,"TimeCreated":"2024-10-11T03:13:36.4403802-07:00","RecordId":9109,"MachineName":"Win10","EventData":{"param1":"3700","param2":"DefaultAppDomain"}}
{"LogSource":"Microsoft-Windows-PowerShell/Operational","EventId":40961,"TimeCreated":"2024-10-11T03:13:36.4032869-07:00","RecordId":9108,"MachineName":"Win10","EventData":{}}
{"LogSource":"Microsoft-Windows-PowerShell/Operational","EventId":40962,"TimeCreated":"2024-10-11T03:13:36.5495273-07:00","RecordId":9110,"MachineName":"Win10","EventData":{}}
{"LogSource":"Microsoft-Windows-PowerShell/Operational","EventId":40961,"TimeCreated":"2024-10-11T04:02:40.8127029-07:00","RecordId":9111,"MachineName":"Win10","EventData":{}}
{"LogSource":"Microsoft-Windows-PowerShell/Operational","EventId":53504,"TimeCreated":"2024-10-11T04:02:40.8491772-07:00","RecordId":9112,"MachineName":"Win10","EventData":{"param1":"6584","param2":"DefaultAppDomain"}}
{"LogSource":"Microsoft-Windows-PowerShell/Operational","EventId":40962,"TimeCreated":"2024-10-11T04:02:40.9589870-07:00","RecordId":9113,"MachineName":"Win10","EventData":{}}
{"LogSource":"Microsoft-Windows-PowerShell/Operational","EventId":40961,"TimeCreated":"2024-10-11T04:21:31.9088316-07:00","RecordId":9114,"MachineName":"Win10","EventData":{}}
{"LogSource":"Microsoft-Windows-PowerShell/Operational","EventId":40962,"TimeCreated":"2024-10-11T04:21:32.0544803-07:00","RecordId":9116,"MachineName":"Win10","EventData":{}}
{"LogSource":"Microsoft-Windows-PowerShell/Operational","EventId":53504,"TimeCreated":"2024-10-11T04:21:31.9438716-07:00","RecordId":9115,"MachineName":"Win10","EventData":{"param1":"4532","param2":"DefaultAppDomain"}}
{"LogSource":"Microsoft-Windows-PowerShell/Operational","EventId":53504,"TimeCreated":"2024-10-11T05:07:11.8671034-07:00","RecordId":9118,"MachineName":"Win10","EventData":{"param1":"588","param2":"DefaultAppDomain"}}
{"LogSource":"Microsoft-Windows-PowerShell/Operational","EventId":40961,"TimeCreated":"2024-10-11T05:07:11.8293963-07:00","RecordId":9117,"MachineName":"Win10","EventData":{}}
{"LogSource":"Microsoft-Windows-PowerShell/Operational","EventId":40962,"TimeCreated":"2024-10-11T05:07:11.9767167-07:00","RecordId":9119,"MachineName":"Win10","EventData":{}}
{"LogSource":"Microsoft-Windows-PowerShell/Operational","EventId":40961,"TimeCreated":"2024-10-11T05:59:56.1548707-07:00","RecordId":9120,"MachineName":"Win10","EventData":{}}
{"LogSource":"Microsoft-Windows-PowerShell/Operational","EventId":53504,"TimeCreated":"2024-10-11T05:59:56.1918444-07:00","RecordId":9121,"MachineName":"Win10","EventData":{"param1":"496","param2":"DefaultAppDomain"}}
{"LogSource":"Microsoft-Windows-PowerShell/Operational","EventId":40962,"TimeCreated":"2024-10-11T05:59:56.3083395-07:00","RecordId":9122,"MachineName":"Win10","EventData":{}}
{"LogSource":"Microsoft-Windows-PowerShell/Operational","EventId":40961,"TimeCreated":"2024-10-11T06:42:26.0124138-07:00","RecordId":9123,"MachineName":"Win10","EventData":{}}
{"LogSource":"Microsoft-Windows-PowerShell/Operational","EventId":53504,"TimeCreated":"2024-10-11T06:42:26.0560070-07:00","RecordId":9124,"MachineName":"Win10","EventData":{"param1":"3392","param2":"DefaultAppDomain"}}
{"LogSource":"Microsoft-Windows-PowerShell/Operational","EventId":40962,"TimeCreated":"2024-10-11T06:42:26.1667478-07:00","RecordId":9125,"MachineName":"Win10","EventData":{}}
{"LogSource":"Microsoft-Windows-PowerShell/Operational","EventId":40961,"TimeCreated":"2024-10-11T06:54:15.0284089-07:00","RecordId":9126,"MachineName":"Win10","EventData":{}}
{"LogSource":"Microsoft-Windows-PowerShell/Operational","EventId":53504,"TimeCreated":"2024-10-11T06:54:15.0638072-07:00","RecordId":9127,"MachineName":"Win10","EventData":{"param1":"7968","param2":"DefaultAppDomain"}}
{"LogSource":"Microsoft-Windows-PowerShell/Operational","EventId":40962,"TimeCreated":"2024-10-11T06:54:15.1723745-07:00","RecordId":9128,"MachineName":"Win10","EventData":{}}
{"LogSource":"Microsoft-Windows-PowerShell/Operational","EventId":40961,"TimeCreated":"2024-10-11T08:02:32.6648354-07:00","RecordId":9129,"MachineName":"Win10","EventData":{}}
{"LogSource":"Microsoft-Windows-PowerShell/Operational","EventId":53504,"TimeCreated":"2024-10-11T08:02:32.6977486-07:00","RecordId":9130,"MachineName":"Win10","EventData":{"param1":"4412","param2":"DefaultAppDomain"}}
{"LogSource":"Microsoft-Windows-PowerShell/Operational","EventId":40962,"TimeCreated":"2024-10-11T08:02:32.8089406-07:00","RecordId":9131,"MachineName":"Win10","EventData":{}}
