{"LogSource":"Microsoft-Windows-Sysmon/Operational","EventId":1,"TimeCreated":"2024-10-11T00:16:20.0681808-07:00","RecordId":172957,"MachineName":"Win10","EventData":{"RuleName":"-","UtcTime":"2024-10-11 07:16:20.066","ProcessGuid":"{53968da7-d0c4-6708-2504-00000000fb00}","ProcessId":"3516","Image":"C:\\Windows\\System32\\smartscreen.exe","FileVersion":"10.0.19041.5007 (WinBuild.160101.0800)","Description":"Windows Defender SmartScreen","Product":"Microsoft® Windows® Operating System","Company":"Microsoft Corporation","OriginalFileName":"smartscreen.exe","CommandLine":"C:\\Windows\\System32\\smartscreen.exe -Embedding","CurrentDirectory":"C:\\Windows\\system32\\","User":"WIN10\\richard","LogonGuid":"{53968da7-b202-6708-c295-020000000000}","LogonId":"0x295c2","TerminalSessionId":"1","IntegrityLevel":"Medium","Hashes":"MD5=C0F62FB7AD4A9C049D5AC3B737E1252D,SHA256=F4EAFC737F93186D563B198ED737C9C2F17A4B9A58D976D78D1C2E13C1EDA104,IMPHASH=9ECF7E989FB6561A51A731BC7991D274","ParentProcessGuid":"{53968da7-b200-6708-0d00-00000000fb00}","ParentProcessId":"884","ParentImage":"C:\\Windows\\System32\\svchost.exe","ParentCommandLine":"C:\\Windows\\system32\\svchost.exe -k DcomLaunch -p","ParentUser":"NT AUTHORITY\\SYSTEM"}}
{"LogSource":"Microsoft-Windows-Sysmon/Operational","EventId":1,"TimeCreated":"2024-10-11T00:16:20.1083150-07:00","RecordId":172958,"MachineName":"Win10","EventData":{"RuleName":"-","UtcTime":"2024-10-11 07:16:20.106","ProcessGuid":"{53968da7-d0c4-6708-2604-00000000fb00}","ProcessId":"5628","Image":"C:\\Program Files\\Mozilla Firefox\\firefox.exe","FileVersion":"131.0.2","Description":"Firefox","Product":"Firefox","Company":"Mozilla Corporation","OriginalFileName":"firefox.exe","CommandLine":"\"C:\\Program Files\\Mozilla Firefox\\firefox.exe\" https://www.khanacademy.org --attempting-deelevation","CurrentDirectory":"C:\\Windows\\system32\\","User":"WIN10\\richard","LogonGuid":"{53968da7-b202-6708-c295-020000000000}","LogonId":"0x295c2","TerminalSessionId":"1","IntegrityLevel":"Medium","Hashes":"MD5=571814A7939D001662BBA7760BD0B187,SHA256=9725AFC685C8EE135701E140A83B94FE7D958360A1F546215F7EAFDFF5E53A83,IMPHASH=BB4CE52E8306F88C0B1DA570553704E4","ParentProcessGuid":"{53968da7-b203-6708-4f00-00000000fb00}","ParentProcessId":"4396","ParentImage":"C:\\Windows\\explorer.exe","ParentCommandLine":"C:\\Windows\\Explorer.EXE","ParentUser":"WIN10\\richard"}}
{"LogSource":"Microsoft-Windows-Sysmon/Operational","EventId":1,"TimeCreated":"2024-10-11T00:16:20.1183372-07:00","RecordId":172959,"MachineName":"Win10","EventData":{"RuleName":"-","UtcTime":"2024-10-11 07:16:20.116","ProcessGuid":"{53968da7-d0c4-6708-2704-00000000fb00}","ProcessId":"2352","Image":"C:\\Program Files\\Mozilla Firefox\\firefox.exe","FileVersion":"131.0.2","Description":"Firefox","Product":"Firefox","Company":"Mozilla Corporation","OriginalFileName":"firefox.exe","CommandLine":"\"C:\\Program Files\\Mozilla Firefox\\firefox.exe\" https://www.khanacademy.org","CurrentDirectory":"C:\\Windows\\system32\\","User":"WIN10\\richard","LogonGuid":"{53968da7-b202-6708-c295-020000000000}","LogonId":"0x295c2","TerminalSessionId":"1","IntegrityLevel":"Medium","Hashes":"MD5=571814A7939D001662BBA7760BD0B187,SHA256=9725AFC685C8EE135701E140A83B94FE7D958360A1F546215F7EAFDFF5E53A83,IMPHASH=BB4CE52E8306F88C0B1DA570553704E4","ParentProcessGuid":"{53968da7-d0c4-6708-2604-00000000fb00}","ParentProcessId":"5628","ParentImage":"C:\\Program Files\\Mozilla Firefox\\firefox.exe","ParentCommandLine":"\"C:\\Program Files\\Mozilla Firefox\\firefox.exe\" https://www.khanacademy.org --attempting-deelevation","ParentUser":"WIN10\\richard"}}
{"LogSource":"Microsoft-Windows-Sysmon/Operational","EventId":1,"TimeCreated":"2024-10-11T00:16:20.3466680-07:00","RecordId":172960,"MachineName":"Win10","EventData":{"RuleName":"-","UtcTime":"2024-10-11 07:16:20.344","ProcessGuid":"{53968da7-d0c4-6708-2804-00000000fb00}","ProcessId":"1028","Image":"C:\\Program Files\\Mozilla Firefox\\firefox.exe","FileVersion":"131.0.2","Description":"Firefox","Product":"Firefox","Company":"Mozilla Corporation","OriginalFileName":"firefox.exe","CommandLine":"\"C:\\Program Files\\Mozilla Firefox\\firefox.exe\" -contentproc --channel=1916 -parentBuildID 20241008210941 -prefsHandle 1848 -prefMapHandle 1816 -prefsLen 30861 -prefMapSize 263055 -appDir \"C:\\Program Files\\Mozilla Firefox\\browser\" - {65c2727e-cbcc-4104-a824-a551e3eefba7} 2352 \"\\\\.\\pipe\\gecko-crash-server-pipe.2352\" 1 gpu","CurrentDirectory":"C:\\Windows\\system32\\","User":"WIN10\\richard","LogonGuid":"{53968da7-b202-6708-c295-020000000000}","LogonId":"0x295c2","TerminalSessionId":"1","IntegrityLevel":"Low","Hashes":"MD5=571814A7939D001662BBA7760BD0B187,SHA256=9725AFC685C8EE135701E140A83B94FE7D958360A1F546215F7EAFDFF5E53A83,IMPHASH=BB4CE52E8306F88C0B1DA570553704E4","ParentProcessGuid":"{53968da7-d0c4-6708-2704-00000000fb00}","ParentProcessId":"2352","ParentImage":"C:\\Program Files\\Mozilla Firefox\\firefox.exe","ParentCommandLine":"\"C:\\Program Files\\Mozilla Firefox\\firefox.exe\" https://www.khanacademy.org","ParentUser":"WIN10\\richard"}}
{"LogSource":"Microsoft-Windows-Sysmon/Operational","EventId":1,"TimeCreated":"2024-10-11T00:16:20.4265599-07:00","RecordId":172961,"MachineName":"Win10","EventData":{"RuleName":"-","UtcTime":"2024-10-11 07:16:20.424","ProcessGuid":"{53968da7-d0c4-6708-2904-00000000fb00}","ProcessId":"208","Image":"C:\\Program Files\\Mozilla Firefox\\firefox.exe","FileVersion":"131.0.2","Description":"Firefox","Product":"Firefox","Company":"Mozilla Corporation","OriginalFileName":"firefox.exe","CommandLine":"\"C:\\Program Files\\Mozilla Firefox\\firefox.exe\" -contentproc --channel=2288 -parentBuildID 20241008210941 -prefsHandle 2372 -prefMapHandle 2368 -prefsLen 30897 -prefMapSize 263055 -win32kLockedDown -appDir \"C:\\Program Files\\Mozilla Firefox\\browser\" - {303cc434-e4fd-415a-af5c-9d90907d205e} 2352 \"\\\\.\\pipe\\gecko-crash-server-pipe.2352\" 2 socket","CurrentDirectory":"C:\\Windows\\system32\\","User":"WIN10\\richard","LogonGuid":"{53968da7-b202-6708-c295-020000000000}","LogonId":"0x295c2","TerminalSessionId":"1","IntegrityLevel":"Low","Hashes":"MD5=571814A7939D001662BBA7760BD0B187,SHA256=9725AFC685C8EE135701E140A83B94FE7D958360A1F546215F7EAFDFF5E53A83,IMPHASH=BB4CE52E8306F88C0B1DA570553704E4","ParentProcessGuid":"{53968da7-d0c4-6708-2704-00000000fb00}","ParentProcessId":"2352","ParentImage":"C:\\Program Files\\Mozilla Firefox\\firefox.exe","ParentCommandLine":"\"C:\\Program Files\\Mozilla Firefox\\firefox.exe\" https://www.khanacademy.org","ParentUser":"WIN10\\richard"}}
{"LogSource":"Microsoft-Windows-Sysmon/Operational","EventId":1,"TimeCreated":"2024-10-11T00:16:20.7186564-07:00","RecordId":172962,"MachineName":"Win10","EventData":{"RuleName":"-","UtcTime":"2024-10-11 07:16:20.716","ProcessGuid":"{53968da7-d0c4-6708-2a04-00000000fb00}","ProcessId":"7220","Image":"C:\\Program Files\\Mozilla Firefox\\firefox.exe","FileVersion":"131.0.2","Description":"Firefox","Product":"Firefox","Company":"Mozilla Corporation","OriginalFileName":"firefox.exe","CommandLine":"\"C:\\Program Files\\Mozilla Firefox\\firefox.exe\" -contentproc --channel=3180 -isForBrowser -prefsHandle 3172 -prefMapHandle 3168 -prefsLen 27591 -prefMapSize 263055 -jsInitHandle 1428 -jsInitLen 234840 -parentBuildID 20241008210941 -win32kLockedDown -appDir \"C:\\Program Files\\Mozilla Firefox\\browser\" - {dcfa10ea-85aa-442c-b192-12b0d39a65c5} 2352 \"\\\\.\\pipe\\gecko-crash-server-pipe.2352\" 3 tab","CurrentDirectory":"C:\\Windows\\system32\\","User":"WIN10\\richard","LogonGuid":"{53968da7-b202-6708-c295-020000000000}","LogonId":"0x295c2","TerminalSessionId":"1","IntegrityLevel":"Low","Hashes":"MD5=571814A7939D001662BBA7760BD0B187,SHA256=9725AFC685C8EE135701E140A83B94FE7D958360A1F546215F7EAFDFF5E53A83,IMPHASH=BB4CE52E8306F88C0B1DA570553704E4","ParentProcessGuid":"{53968da7-d0c4-6708-2704-00000000fb00}","ParentProcessId":"2352","ParentImage":"C:\\Program Files\\Mozilla Firefox\\firefox.exe","ParentCommandLine":"\"C:\\Program Files\\Mozilla Firefox\\firefox.exe\" https://www.khanacademy.org","ParentUser":"WIN10\\richard"}}
{"LogSource":"Microsoft-Windows-Sysmon/Operational","EventId":22,"TimeCreated":"2024-10-11T00:16:21.1259331-07:00","RecordId":172963,"MachineName":"Win10","EventData":{"RuleName":"-","UtcTime":"2024-10-11 07:16:19.752","ProcessGuid":"{53968da7-d0c4-6708-2704-00000000fb00}","ProcessId":"2352","QueryName":"detectportal.firefox.com","QueryStatus":"0","QueryResults":"type:  5 detectportal.prod.mozaws.net;type:  5 prod.detectportal.prod.cloudops.mozgcp.net;2600:1901:0:38d7::;::ffff:34.107.221.82;","Image":"C:\\Program Files\\Mozilla Firefox\\firefox.exe","User":"WIN10\\richard"}}
{"LogSource":"Microsoft-Windows-Sysmon/Operational","EventId":22,"TimeCreated":"2024-10-11T00:16:21.1273207-07:00","RecordId":172964,"MachineName":"Win10","EventData":{"RuleName":"-","UtcTime":"2024-10-11 07:16:19.754","ProcessGuid":"{53968da7-d0c4-6708-2704-00000000fb00}","ProcessId":"2352","QueryName":"detectportal.firefox.com","QueryStatus":"0","QueryResults":"type:  5 detectportal.prod.mozaws.net;type:  5 prod.detectportal.prod.cloudops.mozgcp.net;2600:1901:0:38d7::;::ffff:34.107.221.82;","Image":"C:\\Program Files\\Mozilla Firefox\\firefox.exe","User":"WIN10\\richard"}}
{"LogSource":"Microsoft-Windows-Sysmon/Operational","EventId":22,"TimeCreated":"2024-10-11T00:16:21.1286385-07:00","RecordId":172965,"MachineName":"Win10","EventData":{"RuleName":"-","UtcTime":"2024-10-11 07:16:19.759","ProcessGuid":"{53968da7-d0c4-6708-2704-00000000fb00}","ProcessId":"2352","QueryName":"prod.detectportal.prod.cloudops.mozgcp.net","QueryStatus":"0","QueryResults":"34.107.221.82;","Image":"C:\\Program Files\\Mozilla Firefox\\firefox.exe","User":"WIN10\\richard"}}
{"LogSource":"Microsoft-Windows-Sysmon/Operational","EventId":22,"TimeCreated":"2024-10-11T00:16:21.1298432-07:00","RecordId":172966,"MachineName":"Win10","EventData":{"RuleName":"-","UtcTime":"2024-10-11 07:16:19.764","ProcessGuid":"{53968da7-d0c4-6708-2704-00000000fb00}","ProcessId":"2352","QueryName":"prod.detectportal.prod.cloudops.mozgcp.net","QueryStatus":"0","QueryResults":"2600:1901:0:38d7::;","Image":"C:\\Program Files\\Mozilla Firefox\\firefox.exe","User":"WIN10\\richard"}}
{"LogSource":"Microsoft-Windows-Sysmon/Operational","EventId":22,"TimeCreated":"2024-10-11T00:16:21.1309431-07:00","RecordId":172967,"MachineName":"Win10","EventData":{"RuleName":"-","UtcTime":"2024-10-11 07:16:19.788","ProcessGuid":"{53968da7-d0c4-6708-2704-00000000fb00}","ProcessId":"2352","QueryName":"private.canadianshield.cira.ca","QueryStatus":"0","QueryResults":"2620:10a:80bb::10;2620:10a:80bc::10;::ffff:149.112.122.10;::ffff:149.112.121.10;","Image":"C:\\Program Files\\Mozilla Firefox\\firefox.exe","User":"WIN10\\richard"}}
{"LogSource":"Microsoft-Windows-Sysmon/Operational","EventId":22,"TimeCreated":"2024-10-11T00:16:21.1320356-07:00","RecordId":172968,"MachineName":"Win10","EventData":{"RuleName":"-","UtcTime":"2024-10-11 07:16:19.789","ProcessGuid":"{53968da7-d0c4-6708-2704-00000000fb00}","ProcessId":"2352","QueryName":"private.canadianshield.cira.ca","QueryStatus":"0","QueryResults":"2620:10a:80bb::10;2620:10a:80bc::10;::ffff:149.112.122.10;::ffff:149.112.121.10;","Image":"C:\\Program Files\\Mozilla Firefox\\firefox.exe","User":"WIN10\\richard"}}
{"LogSource":"Microsoft-Windows-Sysmon/Operational","EventId":22,"TimeCreated":"2024-10-11T00:16:21.1331092-07:00","RecordId":172969,"MachineName":"Win10","EventData":{"RuleName":"-","UtcTime":"2024-10-11 07:16:19.789","ProcessGuid":"{53968da7-d0c4-6708-2704-00000000fb00}","ProcessId":"2352","QueryName":"private.canadianshield.cira.ca","QueryStatus":"0","QueryResults":"149.112.121.10;149.112.122.10;","Image":"C:\\Program Files\\Mozilla Firefox\\firefox.exe","User":"WIN10\\richard"}}
{"LogSource":"Microsoft-Windows-Sysmon/Operational","EventId":22,"TimeCreated":"2024-10-11T00:16:21.1347571-07:00","RecordId":172970,"MachineName":"Win10","EventData":{"RuleName":"-","UtcTime":"2024-10-11 07:16:19.789","ProcessGuid":"{53968da7-d0c4-6708-2704-00000000fb00}","ProcessId":"2352","QueryName":"private.canadianshield.cira.ca","QueryStatus":"0","QueryResults":"2620:10a:80bc::10;2620:10a:80bb::10;","Image":"C:\\Program Files\\Mozilla Firefox\\firefox.exe","User":"WIN10\\richard"}}
{"LogSource":"Microsoft-Windows-Sysmon/Operational","EventId":1,"TimeCreated":"2024-10-11T00:16:21.1348652-07:00","RecordId":172971,"MachineName":"Win10","EventData":{"RuleName":"-","UtcTime":"2024-10-11 07:16:21.132","ProcessGuid":"{53968da7-d0c5-6708-2b04-00000000fb00}","ProcessId":"4660","Image":"C:\\Program Files\\Mozilla Firefox\\firefox.exe","FileVersion":"131.0.2","Description":"Firefox","Product":"Firefox","Company":"Mozilla Corporation","OriginalFileName":"firefox.exe","CommandLine":"\"C:\\Program Files\\Mozilla Firefox\\firefox.exe\" -contentproc --channel=4256 -isForBrowser -prefsHandle 4248 -prefMapHandle 4240 -prefsLen 37035 -prefMapSize 263055 -jsInitHandle 1428 -jsInitLen 234840 -parentBuildID 20241008210941 -win32kLockedDown -appDir \"C:\\Program Files\\Mozilla Firefox\\browser\" - {aadcdc34-43b6-45cc-8e3a-a586395ed792} 2352 \"\\\\.\\pipe\\gecko-crash-server-pipe.2352\" 4 tab","CurrentDirectory":"C:\\Windows\\system32\\","User":"WIN10\\richard","LogonGuid":"{53968da7-b202-6708-c295-020000000000}","LogonId":"0x295c2","TerminalSessionId":"1","IntegrityLevel":"Low","Hashes":"MD5=571814A7939D001662BBA7760BD0B187,SHA256=9725AFC685C8EE135701E140A83B94FE7D958360A1F546215F7EAFDFF5E53A83,IMPHASH=BB4CE52E8306F88C0B1DA570553704E4","ParentProcessGuid":"{53968da7-d0c4-6708-2704-00000000fb00}","ParentProcessId":"2352","ParentImage":"C:\\Program Files\\Mozilla Firefox\\firefox.exe","ParentCommandLine":"\"C:\\Program Files\\Mozilla Firefox\\firefox.exe\" https://www.khanacademy.org","ParentUser":"WIN10\\richard"}}
{"LogSource":"Microsoft-Windows-Sysmon/Operational","EventId":22,"TimeCreated":"2024-10-11T00:16:21.1361508-07:00","RecordId":172972,"MachineName":"Win10","EventData":{"RuleName":"-","UtcTime":"2024-10-11 07:16:19.795","ProcessGuid":"{53968da7-d0c4-6708-2704-00000000fb00}","ProcessId":"2352","QueryName":"example.org","QueryStatus":"0","QueryResults":"2606:2800:21f:cb07:6820:80da:af6b:8b2c;::ffff:93.184.215.14;","Image":"C:\\Program Files\\Mozilla Firefox\\firefox.exe","User":"WIN10\\richard"}}
{"LogSource":"Microsoft-Windows-Sysmon/Operational","EventId":22,"TimeCreated":"2024-10-11T00:16:21.1390144-07:00","RecordId":172973,"MachineName":"Win10","EventData":{"RuleName":"-","UtcTime":"2024-10-11 07:16:19.795","ProcessGuid":"{53968da7-d0c4-6708-2704-00000000fb00}","ProcessId":"2352","QueryName":"example.org","QueryStatus":"0","QueryResults":"93.184.215.14;","Image":"C:\\Program Files\\Mozilla Firefox\\firefox.exe","User":"WIN10\\richard"}}
{"LogSource":"Microsoft-Windows-Sysmon/Operational","EventId":1,"TimeCreated":"2024-10-11T00:16:21.5938001-07:00","RecordId":172974,"MachineName":"Win10","EventData":{"RuleName":"-","UtcTime":"2024-10-11 07:16:21.589","ProcessGuid":"{53968da7-d0c5-6708-2c04-00000000fb00}","ProcessId":"2268","Image":"C:\\Program Files\\Mozilla Firefox\\firefox.exe","FileVersion":"131.0.2","Description":"Firefox","Product":"Firefox","Company":"Mozilla Corporation","OriginalFileName":"firefox.exe","CommandLine":"\"C:\\Program Files\\Mozilla Firefox\\firefox.exe\" -contentproc --channel=5204 -parentBuildID 20241008210941 -sandboxingKind 0 -prefsHandle 5192 -prefMapHandle 5232 -prefsLen 37084 -prefMapSize 263055 -win32kLockedDown -appDir \"C:\\Program Files\\Mozilla Firefox\\browser\" - {3e3c395f-4326-4de1-bd91-815b08f5c647} 2352 \"\\\\.\\pipe\\gecko-crash-server-pipe.2352\" 5 utility","CurrentDirectory":"C:\\Windows\\system32\\","User":"WIN10\\richard","LogonGuid":"{53968da7-b202-6708-c295-020000000000}","LogonId":"0x295c2","TerminalSessionId":"1","IntegrityLevel":"Low","Hashes":"MD5=571814A7939D001662BBA7760BD0B187,SHA256=9725AFC685C8EE135701E140A83B94FE7D958360A1F546215F7EAFDFF5E53A83,IMPHASH=BB4CE52E8306F88C0B1DA570553704E4","ParentProcessGuid":"{53968da7-d0c4-6708-2704-00000000fb00}","ParentProcessId":"2352","ParentImage":"C:\\Program Files\\Mozilla Firefox\\firefox.exe","ParentCommandLine":"\"C:\\Program Files\\Mozilla Firefox\\firefox.exe\" https://www.khanacademy.org","ParentUser":"WIN10\\richard"}}
{"LogSource":"Microsoft-Windows-Sysmon/Operational","EventId":1,"TimeCreated":"2024-10-11T00:16:21.7544681-07:00","RecordId":172976,"MachineName":"Win10","EventData":{"RuleName":"-","UtcTime":"2024-10-11 07:16:21.751","ProcessGuid":"{53968da7-d0c5-6708-2e04-00000000fb00}","ProcessId":"6804","Image":"C:\\Program Files\\Mozilla Firefox\\firefox.exe","FileVersion":"131.0.2","Description":"Firefox","Product":"Firefox","Company":"Mozilla Corporation","OriginalFileName":"firefox.exe","CommandLine":"\"C:\\Program Files\\Mozilla Firefox\\firefox.exe\" -contentproc --channel=5804 -isForBrowser -prefsHandle 5492 -prefMapHandle 5596 -prefsLen 33637 -prefMapSize 263055 -jsInitHandle 1428 -jsInitLen 234840 -parentBuildID 20241008210941 -win32kLockedDown -appDir \"C:\\Program Files\\Mozilla Firefox\\browser\" - {314e7918-063a-4cb3-b255-66f808f96bac} 2352 \"\\\\.\\pipe\\gecko-crash-server-pipe.2352\" 7 tab","CurrentDirectory":"C:\\Windows\\system32\\","User":"WIN10\\richard","LogonGuid":"{53968da7-b202-6708-c295-020000000000}","LogonId":"0x295c2","TerminalSessionId":"1","IntegrityLevel":"Low","Hashes":"MD5=571814A7939D001662BBA7760BD0B187,SHA256=9725AFC685C8EE135701E140A83B94FE7D958360A1F546215F7EAFDFF5E53A83,IMPHASH=BB4CE52E8306F88C0B1DA570553704E4","ParentProcessGuid":"{53968da7-d0c4-6708-2704-00000000fb00}","ParentProcessId":"2352","ParentImage":"C:\\Program Files\\Mozilla Firefox\\firefox.exe","ParentCommandLine":"\"C:\\Program Files\\Mozilla Firefox\\firefox.exe\" https://www.khanacademy.org","ParentUser":"WIN10\\richard"}}
{"LogSource":"Microsoft-Windows-Sysmon/Operational","EventId":1,"TimeCreated":"2024-10-11T00:16:21.7617689-07:00","RecordId":172977,"MachineName":"Win10","EventData":{"RuleName":"-","UtcTime":"2024-10-11 07:16:21.759","ProcessGuid":"{53968da7-d0c5-6708-2f04-00000000fb00}","ProcessId":"6100","Image":"C:\\Program Files\\Mozilla Firefox\\firefox.exe","FileVersion":"131.0.2","Description":"Firefox","Product":"Firefox","Company":"Mozilla Corporation","OriginalFileName":"firefox.exe","CommandLine":"\"C:\\Program Files\\Mozilla Firefox\\firefox.exe\" -contentproc --channel=5592 -isForBrowser -prefsHandle 6040 -prefMapHandle 6036 -prefsLen 33637 -prefMapSize 263055 -jsInitHandle 1428 -jsInitLen 234840 -parentBuildID 20241008210941 -win32kLockedDown -appDir \"C:\\Program Files\\Mozilla Firefox\\browser\" - {6339f81e-241b-49c4-8370-d93aaff4eeb6} 2352 \"\\\\.\\pipe\\gecko-crash-server-pipe.2352\" 8 tab","CurrentDirectory":"C:\\Windows\\system32\\","User":"WIN10\\richard","LogonGuid":"{53968da7-b202-6708-c295-020000000000}","LogonId":"0x295c2","TerminalSessionId":"1","IntegrityLevel":"Low","Hashes":"MD5=571814A7939D001662BBA7760BD0B187,SHA256=9725AFC685C8EE135701E140A83B94FE7D958360A1F546215F7EAFDFF5E53A83,IMPHASH=BB4CE52E8306F88C0B1DA570553704E4","ParentProcessGuid":"{53968da7-d0c4-6708-2704-00000000fb00}","ParentProcessId":"2352","ParentImage":"C:\\Program Files\\Mozilla Firefox\\firefox.exe","ParentCommandLine":"\"C:\\Program Files\\Mozilla Firefox\\firefox.exe\" https://www.khanacademy.org","ParentUser":"WIN10\\richard"}}
{"LogSource":"Microsoft-Windows-Sysmon/Operational","EventId":1,"TimeCreated":"2024-10-11T00:16:21.7709393-07:00","RecordId":172978,"MachineName":"Win10","EventData":{"RuleName":"-","UtcTime":"2024-10-11 07:16:21.766","ProcessGuid":"{53968da7-d0c5-6708-3004-00000000fb00}","ProcessId":"1968","Image":"C:\\Program Files\\Mozilla Firefox\\firefox.exe","FileVersion":"131.0.2","Description":"Firefox","Product":"Firefox","Company":"Mozilla Corporation","OriginalFileName":"firefox.exe","CommandLine":"\"C:\\Program Files\\Mozilla Firefox\\firefox.exe\" -contentproc --channel=6076 -isForBrowser -prefsHandle 6080 -prefMapHandle 6088 -prefsLen 33637 -prefMapSize 263055 -jsInitHandle 1428 -jsInitLen 234840 -parentBuildID 20241008210941 -win32kLockedDown -appDir \"C:\\Program Files\\Mozilla Firefox\\browser\" - {730ee98d-4783-4b14-8fa1-bca2fa05240c} 2352 \"\\\\.\\pipe\\gecko-crash-server-pipe.2352\" 9 tab","CurrentDirectory":"C:\\Windows\\system32\\","User":"WIN10\\richard","LogonGuid":"{53968da7-b202-6708-c295-020000000000}","LogonId":"0x295c2","TerminalSessionId":"1","IntegrityLevel":"Low","Hashes":"MD5=571814A7939D001662BBA7760BD0B187,SHA256=9725AFC685C8EE135701E140A83B94FE7D958360A1F546215F7EAFDFF5E53A83,IMPHASH=BB4CE52E8306F88C0B1DA570553704E4","ParentProcessGuid":"{53968da7-d0c4-6708-2704-00000000fb00}","ParentProcessId":"2352","ParentImage":"C:\\Program Files\\Mozilla Firefox\\firefox.exe","ParentCommandLine":"\"C:\\Program Files\\Mozilla Firefox\\firefox.exe\" https://www.khanacademy.org","ParentUser":"WIN10\\richard"}}
{"LogSource":"Microsoft-Windows-Sysmon/Operational","EventId":1,"TimeCreated":"2024-10-11T00:16:21.6424499-07:00","RecordId":172975,"MachineName":"Win10","EventData":{"RuleName":"-","UtcTime":"2024-10-11 07:16:21.640","ProcessGuid":"{53968da7-d0c5-6708-2d04-00000000fb00}","ProcessId":"8736","Image":"C:\\Program Files\\Mozilla Firefox\\firefox.exe","FileVersion":"131.0.2","Description":"Firefox","Product":"Firefox","Company":"Mozilla Corporation","OriginalFileName":"firefox.exe","CommandLine":"\"C:\\Program Files\\Mozilla Firefox\\firefox.exe\" -contentproc --channel=5436 -isForBrowser -prefsHandle 5460 -prefMapHandle 5456 -prefsLen 37084 -prefMapSize 263055 -jsInitHandle 1428 -jsInitLen 234840 -parentBuildID 20241008210941 -win32kLockedDown -appDir \"C:\\Program Files\\Mozilla Firefox\\browser\" - {03f265c5-8634-4719-a9fd-ebb5716ca555} 2352 \"\\\\.\\pipe\\gecko-crash-server-pipe.2352\" 6 tab","CurrentDirectory":"C:\\Windows\\system32\\","User":"WIN10\\richard","LogonGuid":"{53968da7-b202-6708-c295-020000000000}","LogonId":"0x295c2","TerminalSessionId":"1","IntegrityLevel":"Low","Hashes":"MD5=571814A7939D001662BBA7760BD0B187,SHA256=9725AFC685C8EE135701E140A83B94FE7D958360A1F546215F7EAFDFF5E53A83,IMPHASH=BB4CE52E8306F88C0B1DA570553704E4","ParentProcessGuid":"{53968da7-d0c4-6708-2704-00000000fb00}","ParentProcessId":"2352","ParentImage":"C:\\Program Files\\Mozilla Firefox\\firefox.exe","ParentCommandLine":"\"C:\\Program Files\\Mozilla Firefox\\firefox.exe\" https://www.khanacademy.org","ParentUser":"WIN10\\richard"}}
{"LogSource":"Microsoft-Windows-Sysmon/Operational","EventId":22,"TimeCreated":"2024-10-11T00:16:22.1345199-07:00","RecordId":172979,"MachineName":"Win10","EventData":{"RuleName":"-","UtcTime":"2024-10-11 07:16:19.796","ProcessGuid":"{53968da7-d0c4-6708-2704-00000000fb00}","ProcessId":"2352","QueryName":"example.org","QueryStatus":"0","QueryResults":"2606:2800:21f:cb07:6820:80da:af6b:8b2c;::ffff:93.184.215.14;","Image":"C:\\Program Files\\Mozilla Firefox\\firefox.exe","User":"WIN10\\richard"}}
{"LogSource":"Microsoft-Windows-Sysmon/Operational","EventId":22,"TimeCreated":"2024-10-11T00:16:22.1356569-07:00","RecordId":172980,"MachineName":"Win10","EventData":{"RuleName":"-","UtcTime":"2024-10-11 07:16:19.796","ProcessGuid":"{53968da7-d0c4-6708-2704-00000000fb00}","ProcessId":"2352","QueryName":"example.org","QueryStatus":"0","QueryResults":"2606:2800:21f:cb07:6820:80da:af6b:8b2c;","Image":"C:\\Program Files\\Mozilla Firefox\\firefox.exe","User":"WIN10\\richard"}}
{"LogSource":"Microsoft-Windows-Sysmon/Operational","EventId":22,"TimeCreated":"2024-10-11T00:16:22.1369040-07:00","RecordId":172981,"MachineName":"Win10","EventData":{"RuleName":"-","UtcTime":"2024-10-11 07:16:19.796","ProcessGuid":"{53968da7-d0c4-6708-2704-00000000fb00}","ProcessId":"2352","QueryName":"example.org","QueryStatus":"0","QueryResults":"93.184.215.14;","Image":"C:\\Program Files\\Mozilla Firefox\\firefox.exe","User":"WIN10\\richard"}}
{"LogSource":"Microsoft-Windows-Sysmon/Operational","EventId":22,"TimeCreated":"2024-10-11T00:16:22.1380982-07:00","RecordId":172982,"MachineName":"Win10","EventData":{"RuleName":"-","UtcTime":"2024-10-11 07:16:19.796","ProcessGuid":"{53968da7-d0c4-6708-2704-00000000fb00}","ProcessId":"2352","QueryName":"example.org","QueryStatus":"0","QueryResults":"93.184.215.14;","Image":"C:\\Program Files\\Mozilla Firefox\\firefox.exe","User":"WIN10\\richard"}}
{"LogSource":"Microsoft-Windows-Sysmon/Operational","EventId":22,"TimeCreated":"2024-10-11T00:16:22.1392735-07:00","RecordId":172983,"MachineName":"Win10","EventData":{"RuleName":"-","UtcTime":"2024-10-11 07:16:19.941","ProcessGuid":"{53968da7-d0c4-6708-2704-00000000fb00}","ProcessId":"2352","QueryName":"forcesafesearch.google.com.","QueryStatus":"0","QueryResults":"216.239.38.120;","Image":"C:\\Program Files\\Mozilla Firefox\\firefox.exe","User":"WIN10\\richard"}}
{"LogSource":"Microsoft-Windows-Sysmon/Operational","EventId":22,"TimeCreated":"2024-10-11T00:16:22.1404823-07:00","RecordId":172984,"MachineName":"Win10","EventData":{"RuleName":"-","UtcTime":"2024-10-11 07:16:19.942","ProcessGuid":"{53968da7-d0c4-6708-2704-00000000fb00}","ProcessId":"2352","QueryName":"forcesafesearch.google.com.","QueryStatus":"0","QueryResults":"216.239.38.120;","Image":"C:\\Program Files\\Mozilla Firefox\\firefox.exe","User":"WIN10\\richard"}}
{"LogSource":"Microsoft-Windows-Sysmon/Operational","EventId":22,"TimeCreated":"2024-10-11T00:16:22.1416647-07:00","RecordId":172985,"MachineName":"Win10","EventData":{"RuleName":"-","UtcTime":"2024-10-11 07:16:19.942","ProcessGuid":"{53968da7-d0c4-6708-2704-00000000fb00}","ProcessId":"2352","QueryName":"forcesafesearch.google.com","QueryStatus":"0","QueryResults":"216.239.38.120;","Image":"C:\\Program Files\\Mozilla Firefox\\firefox.exe","User":"WIN10\\richard"}}
{"LogSource":"Microsoft-Windows-Sysmon/Operational","EventId":22,"TimeCreated":"2024-10-11T00:16:22.1428565-07:00","RecordId":172986,"MachineName":"Win10","EventData":{"RuleName":"-","UtcTime":"2024-10-11 07:16:19.943","ProcessGuid":"{53968da7-d0c4-6708-2704-00000000fb00}","ProcessId":"2352","QueryName":"restrict.youtube.com.","QueryStatus":"0","QueryResults":"216.239.38.120;","Image":"C:\\Program Files\\Mozilla Firefox\\firefox.exe","User":"WIN10\\richard"}}
{"LogSource":"Microsoft-Windows-Sysmon/Operational","EventId":22,"TimeCreated":"2024-10-11T00:16:22.1440707-07:00","RecordId":172987,"MachineName":"Win10","EventData":{"RuleName":"-","UtcTime":"2024-10-11 07:16:19.944","ProcessGuid":"{53968da7-d0c4-6708-2704-00000000fb00}","ProcessId":"2352","QueryName":"restrict.youtube.com.","QueryStatus":"0","QueryResults":"216.239.38.120;","Image":"C:\\Program Files\\Mozilla Firefox\\firefox.exe","User":"WIN10\\richard"}}
{"LogSource":"Microsoft-Windows-Sysmon/Operational","EventId":22,"TimeCreated":"2024-10-11T00:16:22.1452764-07:00","RecordId":172988,"MachineName":"Win10","EventData":{"RuleName":"-","UtcTime":"2024-10-11 07:16:19.944","ProcessGuid":"{53968da7-d0c4-6708-2704-00000000fb00}","ProcessId":"2352","QueryName":"restrict.youtube.com","QueryStatus":"0","QueryResults":"216.239.38.120;","Image":"C:\\Program Files\\Mozilla Firefox\\firefox.exe","User":"WIN10\\richard"}}
{"LogSource":"Microsoft-Windows-Sysmon/Operational","EventId":22,"TimeCreated":"2024-10-11T00:16:22.1464331-07:00","RecordId":172989,"MachineName":"Win10","EventData":{"RuleName":"-","UtcTime":"2024-10-11 07:16:19.948","ProcessGuid":"{53968da7-d0c4-6708-2704-00000000fb00}","ProcessId":"2352","QueryName":"www.youtube.com.","QueryStatus":"0","QueryResults":"type:  5 youtube-ui.l.google.com;142.251.211.238;142.251.33.110;142.250.69.206;172.217.14.238;172.217.14.206;142.251.215.238;142.250.217.110;142.250.217.78;142.251.33.78;","Image":"C:\\Program Files\\Mozilla Firefox\\firefox.exe","User":"WIN10\\richard"}}
{"LogSource":"Microsoft-Windows-Sysmon/Operational","EventId":22,"TimeCreated":"2024-10-11T00:16:22.1476269-07:00","RecordId":172990,"MachineName":"Win10","EventData":{"RuleName":"-","UtcTime":"2024-10-11 07:16:19.948","ProcessGuid":"{53968da7-d0c4-6708-2704-00000000fb00}","ProcessId":"2352","QueryName":"www.youtube.com.","QueryStatus":"0","QueryResults":"type:  5 youtube-ui.l.google.com;142.251.211.238;142.251.33.110;142.250.69.206;172.217.14.238;172.217.14.206;142.251.215.238;142.250.217.110;142.250.217.78;142.251.33.78;","Image":"C:\\Program Files\\Mozilla Firefox\\firefox.exe","User":"WIN10\\richard"}}
{"LogSource":"Microsoft-Windows-Sysmon/Operational","EventId":22,"TimeCreated":"2024-10-11T00:16:22.1488213-07:00","RecordId":172991,"MachineName":"Win10","EventData":{"RuleName":"-","UtcTime":"2024-10-11 07:16:19.953","ProcessGuid":"{53968da7-d0c4-6708-2704-00000000fb00}","ProcessId":"2352","QueryName":"google.com.","QueryStatus":"0","QueryResults":"142.251.33.110;","Image":"C:\\Program Files\\Mozilla Firefox\\firefox.exe","User":"WIN10\\richard"}}
{"LogSource":"Microsoft-Windows-Sysmon/Operational","EventId":22,"TimeCreated":"2024-10-11T00:16:22.1512965-07:00","RecordId":172993,"MachineName":"Win10","EventData":{"RuleName":"-","UtcTime":"2024-10-11 07:16:19.953","ProcessGuid":"{53968da7-d0c4-6708-2704-00000000fb00}","ProcessId":"2352","QueryName":"google.com","QueryStatus":"0","QueryResults":"142.251.33.110;","Image":"C:\\Program Files\\Mozilla Firefox\\firefox.exe","User":"WIN10\\richard"}}
{"LogSource":"Microsoft-Windows-Sysmon/Operational","EventId":22,"TimeCreated":"2024-10-11T00:16:22.1525075-07:00","RecordId":172994,"MachineName":"Win10","EventData":{"RuleName":"-","UtcTime":"2024-10-11 07:16:19.953","ProcessGuid":"{53968da7-d0c4-6708-2704-00000000fb00}","ProcessId":"2352","QueryName":"youtubei.googleapis.com.","QueryStatus":"0","QueryResults":"142.251.33.74;142.250.217.74;142.250.217.106;142.251.215.234;172.217.14.202;172.217.14.234;142.250.69.202;142.251.33.106;142.251.211.234;","Image":"C:\\Program Files\\Mozilla Firefox\\firefox.exe","User":"WIN10\\richard"}}
{"LogSource":"Microsoft-Windows-Sysmon/Operational","EventId":22,"TimeCreated":"2024-10-11T00:16:22.1537493-07:00","RecordId":172995,"MachineName":"Win10","EventData":{"RuleName":"-","UtcTime":"2024-10-11 07:16:19.953","ProcessGuid":"{53968da7-d0c4-6708-2704-00000000fb00}","ProcessId":"2352","QueryName":"www.google.com.","QueryStatus":"0","QueryResults":"142.251.215.228;","Image":"C:\\Program Files\\Mozilla Firefox\\firefox.exe","User":"WIN10\\richard"}}
{"LogSource":"Microsoft-Windows-Sysmon/Operational","EventId":22,"TimeCreated":"2024-10-11T00:16:22.1500859-07:00","RecordId":172992,"MachineName":"Win10","EventData":{"RuleName":"-","UtcTime":"2024-10-11 07:16:19.953","ProcessGuid":"{53968da7-d0c4-6708-2704-00000000fb00}","ProcessId":"2352","QueryName":"google.com.","QueryStatus":"0","QueryResults":"142.251.33.110;","Image":"C:\\Program Files\\Mozilla Firefox\\firefox.exe","User":"WIN10\\richard"}}
{"LogSource":"Microsoft-Windows-Sysmon/Operational","EventId":22,"TimeCreated":"2024-10-11T00:16:22.1549565-07:00","RecordId":172996,"MachineName":"Win10","EventData":{"RuleName":"-","UtcTime":"2024-10-11 07:16:19.953","ProcessGuid":"{53968da7-d0c4-6708-2704-00000000fb00}","ProcessId":"2352","QueryName":"www.google.com.","QueryStatus":"0","QueryResults":"142.251.215.228;","Image":"C:\\Program Files\\Mozilla Firefox\\firefox.exe","User":"WIN10\\richard"}}
{"LogSource":"Microsoft-Windows-Sysmon/Operational","EventId":22,"TimeCreated":"2024-10-11T00:16:22.1561363-07:00","RecordId":172997,"MachineName":"Win10","EventData":{"RuleName":"-","UtcTime":"2024-10-11 07:16:19.953","ProcessGuid":"{53968da7-d0c4-6708-2704-00000000fb00}","ProcessId":"2352","QueryName":"m.youtube.com.","QueryStatus":"0","QueryResults":"142.251.33.78;","Image":"C:\\Program Files\\Mozilla Firefox\\firefox.exe","User":"WIN10\\richard"}}
{"LogSource":"Microsoft-Windows-Sysmon/Operational","EventId":22,"TimeCreated":"2024-10-11T00:16:22.1573352-07:00","RecordId":172998,"MachineName":"Win10","EventData":{"RuleName":"-","UtcTime":"2024-10-11 07:16:19.953","ProcessGuid":"{53968da7-d0c4-6708-2704-00000000fb00}","ProcessId":"2352","QueryName":"youtubei.googleapis.com.","QueryStatus":"0","QueryResults":"142.251.33.74;142.250.217.74;142.250.217.106;142.251.215.234;172.217.14.202;172.217.14.234;142.250.69.202;142.251.33.106;142.251.211.234;","Image":"C:\\Program Files\\Mozilla Firefox\\firefox.exe","User":"WIN10\\richard"}}
{"LogSource":"Microsoft-Windows-Sysmon/Operational","EventId":22,"TimeCreated":"2024-10-11T00:16:22.1585377-07:00","RecordId":172999,"MachineName":"Win10","EventData":{"RuleName":"-","UtcTime":"2024-10-11 07:16:19.954","ProcessGuid":"{53968da7-d0c4-6708-2704-00000000fb00}","ProcessId":"2352","QueryName":"www.google.com","QueryStatus":"0","QueryResults":"142.251.215.228;","Image":"C:\\Program Files\\Mozilla Firefox\\firefox.exe","User":"WIN10\\richard"}}
{"LogSource":"Microsoft-Windows-Sysmon/Operational","EventId":22,"TimeCreated":"2024-10-11T00:16:22.1597277-07:00","RecordId":173000,"MachineName":"Win10","EventData":{"RuleName":"-","UtcTime":"2024-10-11 07:16:19.954","ProcessGuid":"{53968da7-d0c4-6708-2704-00000000fb00}","ProcessId":"2352","QueryName":"m.youtube.com.","QueryStatus":"0","QueryResults":"142.251.33.78;","Image":"C:\\Program Files\\Mozilla Firefox\\firefox.exe","User":"WIN10\\richard"}}
{"LogSource":"Microsoft-Windows-Sysmon/Operational","EventId":22,"TimeCreated":"2024-10-11T00:16:22.1609295-07:00","RecordId":173001,"MachineName":"Win10","EventData":{"RuleName":"-","UtcTime":"2024-10-11 07:16:19.954","ProcessGuid":"{53968da7-d0c4-6708-2704-00000000fb00}","ProcessId":"2352","QueryName":"restrictmoderate.youtube.com.","QueryStatus":"0","QueryResults":"216.239.38.119;","Image":"C:\\Program Files\\Mozilla Firefox\\firefox.exe","User":"WIN10\\richard"}}
{"LogSource":"Microsoft-Windows-Sysmon/Operational","EventId":22,"TimeCreated":"2024-10-11T00:16:22.1633225-07:00","RecordId":173003,"MachineName":"Win10","EventData":{"RuleName":"-","UtcTime":"2024-10-11 07:16:19.954","ProcessGuid":"{53968da7-d0c4-6708-2704-00000000fb00}","ProcessId":"2352","QueryName":"m.youtube.com","QueryStatus":"0","QueryResults":"142.251.33.78;","Image":"C:\\Program Files\\Mozilla Firefox\\firefox.exe","User":"WIN10\\richard"}}
{"LogSource":"Microsoft-Windows-Sysmon/Operational","EventId":22,"TimeCreated":"2024-10-11T00:16:22.1645139-07:00","RecordId":173004,"MachineName":"Win10","EventData":{"RuleName":"-","UtcTime":"2024-10-11 07:16:19.954","ProcessGuid":"{53968da7-d0c4-6708-2704-00000000fb00}","ProcessId":"2352","QueryName":"youtubei.googleapis.com","QueryStatus":"0","QueryResults":"142.251.33.74;142.250.217.74;142.250.217.106;142.251.215.234;172.217.14.202;172.217.14.234;142.250.69.202;142.251.33.106;142.251.211.234;","Image":"C:\\Program Files\\Mozilla Firefox\\firefox.exe","User":"WIN10\\richard"}}
{"LogSource":"Microsoft-Windows-Sysmon/Operational","EventId":22,"TimeCreated":"2024-10-11T00:16:22.1621228-07:00","RecordId":173002,"MachineName":"Win10","EventData":{"RuleName":"-","UtcTime":"2024-10-11 07:16:19.954","ProcessGuid":"{53968da7-d0c4-6708-2704-00000000fb00}","ProcessId":"2352","QueryName":"www.youtube-nocookie.com.","QueryStatus":"0","QueryResults":"type:  5 youtube-ui.l.google.com;142.250.217.110;142.251.215.238;172.217.14.206;172.217.14.238;142.250.69.206;142.251.33.110;142.251.211.238;142.251.33.78;142.250.217.78;","Image":"C:\\Program Files\\Mozilla Firefox\\firefox.exe","User":"WIN10\\richard"}}
{"LogSource":"Microsoft-Windows-Sysmon/Operational","EventId":22,"TimeCreated":"2024-10-11T00:16:22.1657920-07:00","RecordId":173005,"MachineName":"Win10","EventData":{"RuleName":"-","UtcTime":"2024-10-11 07:16:19.954","ProcessGuid":"{53968da7-d0c4-6708-2704-00000000fb00}","ProcessId":"2352","QueryName":"restrictmoderate.youtube.com.","QueryStatus":"0","QueryResults":"216.239.38.119;","Image":"C:\\Program Files\\Mozilla Firefox\\firefox.exe","User":"WIN10\\richard"}}
{"LogSource":"Microsoft-Windows-Sysmon/Operational","EventId":22,"TimeCreated":"2024-10-11T00:16:22.1669110-07:00","RecordId":173006,"MachineName":"Win10","EventData":{"RuleName":"-","UtcTime":"2024-10-11 07:16:19.955","ProcessGuid":"{53968da7-d0c4-6708-2704-00000000fb00}","ProcessId":"2352","QueryName":"www.youtube-nocookie.com.","QueryStatus":"0","QueryResults":"type:  5 youtube-ui.l.google.com;142.250.217.110;142.251.215.238;172.217.14.206;172.217.14.238;142.250.69.206;142.251.33.110;142.251.211.238;142.251.33.78;142.250.217.78;","Image":"C:\\Program Files\\Mozilla Firefox\\firefox.exe","User":"WIN10\\richard"}}
{"LogSource":"Microsoft-Windows-Sysmon/Operational","EventId":22,"TimeCreated":"2024-10-11T00:16:22.1681071-07:00","RecordId":173007,"MachineName":"Win10","EventData":{"RuleName":"-","UtcTime":"2024-10-11 07:16:19.955","ProcessGuid":"{53968da7-d0c4-6708-2704-00000000fb00}","ProcessId":"2352","QueryName":"restrictmoderate.youtube.com","QueryStatus":"0","QueryResults":"216.239.38.119;","Image":"C:\\Program Files\\Mozilla Firefox\\firefox.exe","User":"WIN10\\richard"}}
{"LogSource":"Microsoft-Windows-Sysmon/Operational","EventId":22,"TimeCreated":"2024-10-11T00:16:22.1692797-07:00","RecordId":173008,"MachineName":"Win10","EventData":{"RuleName":"-","UtcTime":"2024-10-11 07:16:19.955","ProcessGuid":"{53968da7-d0c4-6708-2704-00000000fb00}","ProcessId":"2352","QueryName":"youtube-ui.l.google.com","QueryStatus":"0","QueryResults":"142.250.217.78;142.251.33.78;142.251.211.238;142.251.33.110;142.250.69.206;172.217.14.238;172.217.14.206;142.251.215.238;142.250.217.110;","Image":"C:\\Program Files\\Mozilla Firefox\\firefox.exe","User":"WIN10\\richard"}}
{"LogSource":"Microsoft-Windows-Sysmon/Operational","EventId":22,"TimeCreated":"2024-10-11T00:16:22.1705126-07:00","RecordId":173009,"MachineName":"Win10","EventData":{"RuleName":"-","UtcTime":"2024-10-11 07:16:19.955","ProcessGuid":"{53968da7-d0c4-6708-2704-00000000fb00}","ProcessId":"2352","QueryName":"sitereview.zscaler.com.","QueryStatus":"0","QueryResults":"104.129.193.93;","Image":"C:\\Program Files\\Mozilla Firefox\\firefox.exe","User":"WIN10\\richard"}}
{"LogSource":"Microsoft-Windows-Sysmon/Operational","EventId":22,"TimeCreated":"2024-10-11T00:16:22.1717142-07:00","RecordId":173010,"MachineName":"Win10","EventData":{"RuleName":"-","UtcTime":"2024-10-11 07:16:19.955","ProcessGuid":"{53968da7-d0c4-6708-2704-00000000fb00}","ProcessId":"2352","QueryName":"youtube.googleapis.com.","QueryStatus":"0","QueryResults":"142.251.215.234;172.217.14.202;172.217.14.234;142.250.69.202;142.251.33.106;142.251.211.234;142.251.33.74;142.250.217.74;142.250.217.106;","Image":"C:\\Program Files\\Mozilla Firefox\\firefox.exe","User":"WIN10\\richard"}}
{"LogSource":"Microsoft-Windows-Sysmon/Operational","EventId":22,"TimeCreated":"2024-10-11T00:16:22.1728495-07:00","RecordId":173011,"MachineName":"Win10","EventData":{"RuleName":"-","UtcTime":"2024-10-11 07:16:19.955","ProcessGuid":"{53968da7-d0c4-6708-2704-00000000fb00}","ProcessId":"2352","QueryName":"youtube-ui.l.google.com","QueryStatus":"0","QueryResults":"142.250.217.78;142.251.33.78;142.251.211.238;142.251.33.110;142.250.69.206;172.217.14.238;172.217.14.206;142.251.215.238;142.250.217.110;","Image":"C:\\Program Files\\Mozilla Firefox\\firefox.exe","User":"WIN10\\richard"}}
{"LogSource":"Microsoft-Windows-Sysmon/Operational","EventId":22,"TimeCreated":"2024-10-11T00:16:22.1740859-07:00","RecordId":173012,"MachineName":"Win10","EventData":{"RuleName":"-","UtcTime":"2024-10-11 07:16:19.955","ProcessGuid":"{53968da7-d0c4-6708-2704-00000000fb00}","ProcessId":"2352","QueryName":"sitereview.zscaler.com.","QueryStatus":"0","QueryResults":"104.129.193.93;","Image":"C:\\Program Files\\Mozilla Firefox\\firefox.exe","User":"WIN10\\richard"}}
{"LogSource":"Microsoft-Windows-Sysmon/Operational","EventId":22,"TimeCreated":"2024-10-11T00:16:22.1764417-07:00","RecordId":173014,"MachineName":"Win10","EventData":{"RuleName":"-","UtcTime":"2024-10-11 07:16:19.955","ProcessGuid":"{53968da7-d0c4-6708-2704-00000000fb00}","ProcessId":"2352","QueryName":"sitereview.zscaler.com","QueryStatus":"0","QueryResults":"104.129.193.93;","Image":"C:\\Program Files\\Mozilla Firefox\\firefox.exe","User":"WIN10\\richard"}}
{"LogSource":"Microsoft-Windows-Sysmon/Operational","EventId":22,"TimeCreated":"2024-10-11T00:16:22.1752870-07:00","RecordId":173013,"MachineName":"Win10","EventData":{"RuleName":"-","UtcTime":"2024-10-11 07:16:19.955","ProcessGuid":"{53968da7-d0c4-6708-2704-00000000fb00}","ProcessId":"2352","QueryName":"youtube.googleapis.com.","QueryStatus":"0","QueryResults":"142.251.215.234;172.217.14.202;172.217.14.234;142.250.69.202;142.251.33.106;142.251.211.234;142.251.33.74;142.250.217.74;142.250.217.106;","Image":"C:\\Program Files\\Mozilla Firefox\\firefox.exe","User":"WIN10\\richard"}}
{"LogSource":"Microsoft-Windows-Sysmon/Operational","EventId":22,"TimeCreated":"2024-10-11T00:16:22.1776728-07:00","RecordId":173015,"MachineName":"Win10","EventData":{"RuleName":"-","UtcTime":"2024-10-11 07:16:19.955","ProcessGuid":"{53968da7-d0c4-6708-2704-00000000fb00}","ProcessId":"2352","QueryName":"use-application-dns.net.","QueryStatus":"0","QueryResults":"35.190.14.201;","Image":"C:\\Program Files\\Mozilla Firefox\\firefox.exe","User":"WIN10\\richard"}}
{"LogSource":"Microsoft-Windows-Sysmon/Operational","EventId":22,"TimeCreated":"2024-10-11T00:16:22.1788729-07:00","RecordId":173016,"MachineName":"Win10","EventData":{"RuleName":"-","UtcTime":"2024-10-11 07:16:19.955","ProcessGuid":"{53968da7-d0c4-6708-2704-00000000fb00}","ProcessId":"2352","QueryName":"youtube.googleapis.com","QueryStatus":"0","QueryResults":"142.251.215.234;172.217.14.202;172.217.14.234;142.250.69.202;142.251.33.106;142.251.211.234;142.251.33.74;142.250.217.74;142.250.217.106;","Image":"C:\\Program Files\\Mozilla Firefox\\firefox.exe","User":"WIN10\\richard"}}
{"LogSource":"Microsoft-Windows-Sysmon/Operational","EventId":22,"TimeCreated":"2024-10-11T00:16:22.1800802-07:00","RecordId":173017,"MachineName":"Win10","EventData":{"RuleName":"-","UtcTime":"2024-10-11 07:16:19.956","ProcessGuid":"{53968da7-d0c4-6708-2704-00000000fb00}","ProcessId":"2352","QueryName":"use-application-dns.net.","QueryStatus":"0","QueryResults":"35.190.14.201;","Image":"C:\\Program Files\\Mozilla Firefox\\firefox.exe","User":"WIN10\\richard"}}
{"LogSource":"Microsoft-Windows-Sysmon/Operational","EventId":22,"TimeCreated":"2024-10-11T00:16:22.1812433-07:00","RecordId":173018,"MachineName":"Win10","EventData":{"RuleName":"-","UtcTime":"2024-10-11 07:16:19.956","ProcessGuid":"{53968da7-d0c4-6708-2704-00000000fb00}","ProcessId":"2352","QueryName":"use-application-dns.net","QueryStatus":"0","QueryResults":"35.190.14.201;","Image":"C:\\Program Files\\Mozilla Firefox\\firefox.exe","User":"WIN10\\richard"}}
{"LogSource":"Microsoft-Windows-Sysmon/Operational","EventId":22,"TimeCreated":"2024-10-11T00:16:22.1824661-07:00","RecordId":173019,"MachineName":"Win10","EventData":{"RuleName":"-","UtcTime":"2024-10-11 07:16:19.962","ProcessGuid":"{53968da7-d0c4-6708-2704-00000000fb00}","ProcessId":"2352","QueryName":"private.canadianshield.cira.ca","QueryStatus":"0","QueryResults":"2620:10a:80bb::10;2620:10a:80bc::10;::ffff:149.112.122.10;::ffff:149.112.121.10;","Image":"C:\\Program Files\\Mozilla Firefox\\firefox.exe","User":"WIN10\\richard"}}
{"LogSource":"Microsoft-Windows-Sysmon/Operational","EventId":22,"TimeCreated":"2024-10-11T00:16:22.1836758-07:00","RecordId":173020,"MachineName":"Win10","EventData":{"RuleName":"-","UtcTime":"2024-10-11 07:16:19.963","ProcessGuid":"{53968da7-d0c4-6708-2704-00000000fb00}","ProcessId":"2352","QueryName":"private.canadianshield.cira.ca","QueryStatus":"0","QueryResults":"2620:10a:80bb::10;2620:10a:80bc::10;::ffff:149.112.122.10;::ffff:149.112.121.10;","Image":"C:\\Program Files\\Mozilla Firefox\\firefox.exe","User":"WIN10\\richard"}}
{"LogSource":"Microsoft-Windows-Sysmon/Operational","EventId":22,"TimeCreated":"2024-10-11T00:16:22.1848652-07:00","RecordId":173021,"MachineName":"Win10","EventData":{"RuleName":"-","UtcTime":"2024-10-11 07:16:19.963","ProcessGuid":"{53968da7-d0c4-6708-2704-00000000fb00}","ProcessId":"2352","QueryName":"private.canadianshield.cira.ca","QueryStatus":"0","QueryResults":"149.112.121.10;149.112.122.10;","Image":"C:\\Program Files\\Mozilla Firefox\\firefox.exe","User":"WIN10\\richard"}}
{"LogSource":"Microsoft-Windows-Sysmon/Operational","EventId":22,"TimeCreated":"2024-10-11T00:16:22.1861796-07:00","RecordId":173022,"MachineName":"Win10","EventData":{"RuleName":"-","UtcTime":"2024-10-11 07:16:19.963","ProcessGuid":"{53968da7-d0c4-6708-2704-00000000fb00}","ProcessId":"2352","QueryName":"private.canadianshield.cira.ca","QueryStatus":"0","QueryResults":"2620:10a:80bc::10;2620:10a:80bb::10;","Image":"C:\\Program Files\\Mozilla Firefox\\firefox.exe","User":"WIN10\\richard"}}
{"LogSource":"Microsoft-Windows-Sysmon/Operational","EventId":22,"TimeCreated":"2024-10-11T00:16:22.1874384-07:00","RecordId":173023,"MachineName":"Win10","EventData":{"RuleName":"-","UtcTime":"2024-10-11 07:16:19.971","ProcessGuid":"{53968da7-d0c4-6708-2704-00000000fb00}","ProcessId":"2352","QueryName":"mozilla.cloudflare-dns.com","QueryStatus":"0","QueryResults":"2803:f800:53::4;2a06:98c1:52::4;::ffff:162.159.61.4;::ffff:172.64.41.4;","Image":"C:\\Program Files\\Mozilla Firefox\\firefox.exe","User":"WIN10\\richard"}}
{"LogSource":"Microsoft-Windows-Sysmon/Operational","EventId":22,"TimeCreated":"2024-10-11T00:16:22.1886375-07:00","RecordId":173024,"MachineName":"Win10","EventData":{"RuleName":"-","UtcTime":"2024-10-11 07:16:19.972","ProcessGuid":"{53968da7-d0c4-6708-2704-00000000fb00}","ProcessId":"2352","QueryName":"mozilla.cloudflare-dns.com","QueryStatus":"0","QueryResults":"2803:f800:53::4;2a06:98c1:52::4;::ffff:162.159.61.4;::ffff:172.64.41.4;","Image":"C:\\Program Files\\Mozilla Firefox\\firefox.exe","User":"WIN10\\richard"}}
{"LogSource":"Microsoft-Windows-Sysmon/Operational","EventId":22,"TimeCreated":"2024-10-11T00:16:22.1898784-07:00","RecordId":173025,"MachineName":"Win10","EventData":{"RuleName":"-","UtcTime":"2024-10-11 07:16:19.976","ProcessGuid":"{53968da7-d0c4-6708-2704-00000000fb00}","ProcessId":"2352","QueryName":"mozilla.cloudflare-dns.com","QueryStatus":"0","QueryResults":"172.64.41.4;162.159.61.4;","Image":"C:\\Program Files\\Mozilla Firefox\\firefox.exe","User":"WIN10\\richard"}}
{"LogSource":"Microsoft-Windows-Sysmon/Operational","EventId":22,"TimeCreated":"2024-10-11T00:16:22.1911142-07:00","RecordId":173026,"MachineName":"Win10","EventData":{"RuleName":"-","UtcTime":"2024-10-11 07:16:19.981","ProcessGuid":"{53968da7-d0c4-6708-2704-00000000fb00}","ProcessId":"2352","QueryName":"mozilla.cloudflare-dns.com","QueryStatus":"0","QueryResults":"2a06:98c1:52::4;2803:f800:53::4;","Image":"C:\\Program Files\\Mozilla Firefox\\firefox.exe","User":"WIN10\\richard"}}
{"LogSource":"Microsoft-Windows-Sysmon/Operational","EventId":22,"TimeCreated":"2024-10-11T00:16:22.1922886-07:00","RecordId":173027,"MachineName":"Win10","EventData":{"RuleName":"-","UtcTime":"2024-10-11 07:16:20.020","ProcessGuid":"{53968da7-d0c4-6708-2704-00000000fb00}","ProcessId":"2352","QueryName":"doh.test.","QueryStatus":"9003","QueryResults":"-","Image":"C:\\Program Files\\Mozilla Firefox\\firefox.exe","User":"WIN10\\richard"}}
{"LogSource":"Microsoft-Windows-Sysmon/Operational","EventId":22,"TimeCreated":"2024-10-11T00:16:22.1923243-07:00","RecordId":173028,"MachineName":"Win10","EventData":{"RuleName":"-","UtcTime":"2024-10-11 07:16:20.387","ProcessGuid":"{53968da7-d0c4-6708-2704-00000000fb00}","ProcessId":"2352","QueryName":"example.org","QueryStatus":"0","QueryResults":"93.184.215.14;","Image":"C:\\Program Files\\Mozilla Firefox\\firefox.exe","User":"WIN10\\richard"}}
{"LogSource":"Microsoft-Windows-Sysmon/Operational","EventId":22,"TimeCreated":"2024-10-11T00:16:22.1923530-07:00","RecordId":173029,"MachineName":"Win10","EventData":{"RuleName":"-","UtcTime":"2024-10-11 07:16:20.387","ProcessGuid":"{53968da7-d0c4-6708-2704-00000000fb00}","ProcessId":"2352","QueryName":"example.org","QueryStatus":"0","QueryResults":"2606:2800:21f:cb07:6820:80da:af6b:8b2c;::ffff:93.184.215.14;","Image":"C:\\Program Files\\Mozilla Firefox\\firefox.exe","User":"WIN10\\richard"}}
{"LogSource":"Microsoft-Windows-Sysmon/Operational","EventId":1,"TimeCreated":"2024-10-11T00:16:23.0775875-07:00","RecordId":173030,"MachineName":"Win10","EventData":{"RuleName":"-","UtcTime":"2024-10-11 07:16:23.072","ProcessGuid":"{53968da7-d0c7-6708-3104-00000000fb00}","ProcessId":"2640","Image":"C:\\Program Files\\Mozilla Firefox\\firefox.exe","FileVersion":"131.0.2","Description":"Firefox","Product":"Firefox","Company":"Mozilla Corporation","OriginalFileName":"firefox.exe","CommandLine":"\"C:\\Program Files\\Mozilla Firefox\\firefox.exe\" -contentproc --channel=2516 -parentBuildID 20241008210941 -prefsHandle 1976 -prefMapHandle 2544 -prefsLen 37084 -prefMapSize 263055 -appDir \"C:\\Program Files\\Mozilla Firefox\\browser\" - {7f8d1ce3-8dce-47e1-ab47-b150b2343ae3} 2352 \"\\\\.\\pipe\\gecko-crash-server-pipe.2352\" 10 gpu","CurrentDirectory":"C:\\Windows\\system32\\","User":"WIN10\\richard","LogonGuid":"{53968da7-b202-6708-c295-020000000000}","LogonId":"0x295c2","TerminalSessionId":"1","IntegrityLevel":"Low","Hashes":"MD5=571814A7939D001662BBA7760BD0B187,SHA256=9725AFC685C8EE135701E140A83B94FE7D958360A1F546215F7EAFDFF5E53A83,IMPHASH=BB4CE52E8306F88C0B1DA570553704E4","ParentProcessGuid":"{53968da7-d0c4-6708-2704-00000000fb00}","ParentProcessId":"2352","ParentImage":"C:\\Program Files\\Mozilla Firefox\\firefox.exe","ParentCommandLine":"\"C:\\Program Files\\Mozilla Firefox\\firefox.exe\" https://www.khanacademy.org","ParentUser":"WIN10\\richard"}}
