{"LogSource":"Microsoft-Windows-Sysmon/Operational","EventId":1,"TimeCreated":"2024-10-11T00:04:20.9540640-07:00","RecordId":172832,"MachineName":"Win10","EventData":{"RuleName":"-","UtcTime":"2024-10-11 07:04:20.952","ProcessGuid":"{53968da7-cdf4-6708-ac03-00000000fb00}","ProcessId":"2212","Image":"C:\\Program Files\\Google\\Chrome\\Application\\129.0.6668.100\\elevation_service.exe","FileVersion":"129.0.6668.100","Description":"Google Chrome","Product":"Google Chrome","Company":"Google LLC","OriginalFileName":"elevation_service.exe","CommandLine":"\"C:\\Program Files\\Google\\Chrome\\Application\\129.0.6668.100\\elevation_service.exe\"","CurrentDirectory":"C:\\Windows\\system32\\","User":"NT AUTHORITY\\SYSTEM","LogonGuid":"{53968da7-b200-6708-e703-000000000000}","LogonId":"0x3e7","TerminalSessionId":"0","IntegrityLevel":"System","Hashes":"MD5=472B2328D62FEC7E774166FD75C18FF6,SHA256=56291421DA56A296F3F0AEF18CA0FB3C0925779EEE7B4734A07A24E59348D9CE,IMPHASH=E2CE387C73E135211A0D2FF087A2F9F3","ParentProcessGuid":"{53968da7-b1ff-6708-0b00-00000000fb00}","ParentProcessId":"740","ParentImage":"C:\\Windows\\System32\\services.exe","ParentCommandLine":"C:\\Windows\\system32\\services.exe","ParentUser":"NT AUTHORITY\\SYSTEM"}}
{"LogSource":"Microsoft-Windows-Sysmon/Operational","EventId":22,"TimeCreated":"2024-10-11T00:04:23.1976299-07:00","RecordId":172833,"MachineName":"Win10","EventData":{"RuleName":"-","UtcTime":"2024-10-11 07:04:19.935","ProcessGuid":"{53968da7-cdf4-6708-ab03-00000000fb00}","ProcessId":"7796","QueryName":"wpad","QueryStatus":"9003","QueryResults":"-","Image":"C:\\Program Files\\Google\\Chrome\\Application\\chrome.exe","User":"WIN10\\richard"}}
{"LogSource":"Microsoft-Windows-Sysmon/Operational","EventId":22,"TimeCreated":"2024-10-11T00:04:23.1983081-07:00","RecordId":172834,"MachineName":"Win10","EventData":{"RuleName":"-","UtcTime":"2024-10-11 07:04:19.951","ProcessGuid":"{53968da7-cdf4-6708-ab03-00000000fb00}","ProcessId":"7796","QueryName":"wpad","QueryStatus":"9003","QueryResults":"-","Image":"C:\\Program Files\\Google\\Chrome\\Application\\chrome.exe","User":"WIN10\\richard"}}
{"LogSource":"Microsoft-Windows-Sysmon/Operational","EventId":22,"TimeCreated":"2024-10-11T00:04:23.1989933-07:00","RecordId":172835,"MachineName":"Win10","EventData":{"RuleName":"-","UtcTime":"2024-10-11 07:04:19.999","ProcessGuid":"{53968da7-cdf4-6708-ab03-00000000fb00}","ProcessId":"7796","QueryName":"wpad","QueryStatus":"9003","QueryResults":"-","Image":"C:\\Program Files\\Google\\Chrome\\Application\\chrome.exe","User":"WIN10\\richard"}}
{"LogSource":"Microsoft-Windows-Sysmon/Operational","EventId":22,"TimeCreated":"2024-10-11T00:04:31.2183914-07:00","RecordId":172836,"MachineName":"Win10","EventData":{"RuleName":"-","UtcTime":"2024-10-11 07:04:27.961","ProcessGuid":"{53968da7-cdf4-6708-ab03-00000000fb00}","ProcessId":"7796","QueryName":"wpad","QueryStatus":"9003","QueryResults":"-","Image":"C:\\Program Files\\Google\\Chrome\\Application\\chrome.exe","User":"WIN10\\richard"}}
{"LogSource":"Microsoft-Windows-Sysmon/Operational","EventId":1,"TimeCreated":"2024-10-11T00:04:39.8853096-07:00","RecordId":172837,"MachineName":"Win10","EventData":{"RuleName":"-","UtcTime":"2024-10-11 07:04:39.883","ProcessGuid":"{53968da7-ce07-6708-bb03-00000000fb00}","ProcessId":"5500","Image":"C:\\Program Files (x86)\\Google\\GoogleUpdater\\130.0.6679.0\\updater.exe","FileVersion":"130.0.6679.0","Description":"Google Updater","Product":"Google Updater","Company":"Google LLC","OriginalFileName":"updater.exe","CommandLine":"\"C:\\Program Files (x86)\\Google\\GoogleUpdater\\130.0.6679.0\\updater.exe\" --system --windows-service --service=update","CurrentDirectory":"C:\\Windows\\system32\\","User":"NT AUTHORITY\\SYSTEM","LogonGuid":"{53968da7-b200-6708-e703-000000000000}","LogonId":"0x3e7","TerminalSessionId":"0","IntegrityLevel":"System","Hashes":"MD5=C583E91DDEE7C0E8AC2A3D3AACAD2F4C,SHA256=7F67129760223E5DDF31219F0B2E247555FBAC85F4B6F933212AC091A21DEBF9,IMPHASH=20AB254B36A04EA3556F60145D061FED","ParentProcessGuid":"{53968da7-b1ff-6708-0b00-00000000fb00}","ParentProcessId":"740","ParentImage":"C:\\Windows\\System32\\services.exe","ParentCommandLine":"C:\\Windows\\system32\\services.exe","ParentUser":"NT AUTHORITY\\SYSTEM"}}
{"LogSource":"Microsoft-Windows-Sysmon/Operational","EventId":1,"TimeCreated":"2024-10-11T00:04:39.9041523-07:00","RecordId":172838,"MachineName":"Win10","EventData":{"RuleName":"-","UtcTime":"2024-10-11 07:04:39.902","ProcessGuid":"{53968da7-ce07-6708-bc03-00000000fb00}","ProcessId":"6928","Image":"C:\\Program Files (x86)\\Google\\GoogleUpdater\\130.0.6679.0\\updater.exe","FileVersion":"130.0.6679.0","Description":"Google Updater","Product":"Google Updater","Company":"Google LLC","OriginalFileName":"updater.exe","CommandLine":"\"C:\\Program Files (x86)\\Google\\GoogleUpdater\\130.0.6679.0\\updater.exe\" --crash-handler --system \"--database=C:\\Program Files (x86)\\Google\\GoogleUpdater\\130.0.6679.0\\Crashpad\" --url=https://clients2.google.com/cr/report --annotation=prod=Update4 --annotation=ver=130.0.6679.0 \"--attachment=C:\\Program Files (x86)\\Google\\GoogleUpdater\\updater.log\" --initial-client-data=0x2ac,0x2b0,0x2b4,0x288,0x2b8,0xdaa6cc,0xdaa6d8,0xdaa6e4","CurrentDirectory":"C:\\Windows\\system32\\","User":"NT AUTHORITY\\SYSTEM","LogonGuid":"{53968da7-b200-6708-e703-000000000000}","LogonId":"0x3e7","TerminalSessionId":"0","IntegrityLevel":"System","Hashes":"MD5=C583E91DDEE7C0E8AC2A3D3AACAD2F4C,SHA256=7F67129760223E5DDF31219F0B2E247555FBAC85F4B6F933212AC091A21DEBF9,IMPHASH=20AB254B36A04EA3556F60145D061FED","ParentProcessGuid":"{53968da7-ce07-6708-bb03-00000000fb00}","ParentProcessId":"5500","ParentImage":"C:\\Program Files (x86)\\Google\\GoogleUpdater\\130.0.6679.0\\updater.exe","ParentCommandLine":"\"C:\\Program Files (x86)\\Google\\GoogleUpdater\\130.0.6679.0\\updater.exe\" --system --windows-service --service=update","ParentUser":"NT AUTHORITY\\SYSTEM"}}
{"LogSource":"Microsoft-Windows-Sysmon/Operational","EventId":1,"TimeCreated":"2024-10-11T00:05:02.8722756-07:00","RecordId":172839,"MachineName":"Win10","EventData":{"RuleName":"-","UtcTime":"2024-10-11 07:05:02.867","ProcessGuid":"{53968da7-ce1e-6708-bd03-00000000fb00}","ProcessId":"9156","Image":"C:\\Windows\\System32\\mspaint.exe","FileVersion":"10.0.19041.4717 (WinBuild.160101.0800)","Description":"Paint","Product":"Microsoft® Windows® Operating System","Company":"Microsoft Corporation","OriginalFileName":"MSPAINT.EXE","CommandLine":"\"C:\\Windows\\system32\\mspaint.exe\" ","CurrentDirectory":"C:\\Windows\\system32\\","User":"WIN10\\richard","LogonGuid":"{53968da7-b202-6708-7195-020000000000}","LogonId":"0x29571","TerminalSessionId":"1","IntegrityLevel":"High","Hashes":"MD5=B77BBEF18AB33C9BF411C461463B1DA8,SHA256=CAD40CFBB57D831206F1F49AD5258EE815052F4694F801D5985B1D86B3AE24ED,IMPHASH=AD9649A74DB256ECAB874BD416C46A98","ParentProcessGuid":"{53968da7-be30-6708-5201-00000000fb00}","ParentProcessId":"6876","ParentImage":"C:\\Windows\\System32\\WindowsPowerShell\\v1.0\\powershell_ise.exe","ParentCommandLine":"\"C:\\Windows\\system32\\WindowsPowerShell\\v1.0\\PowerShell_ISE.exe\" ","ParentUser":"WIN10\\richard"}}
{"LogSource":"Microsoft-Windows-Sysmon/Operational","EventId":1,"TimeCreated":"2024-10-11T00:05:07.9929270-07:00","RecordId":172840,"MachineName":"Win10","EventData":{"RuleName":"-","UtcTime":"2024-10-11 07:05:07.972","ProcessGuid":"{53968da7-ce23-6708-bf03-00000000fb00}","ProcessId":"8904","Image":"C:\\Windows\\servicing\\TrustedInstaller.exe","FileVersion":"10.0.19041.4355 (WinBuild.160101.0800)","Description":"Windows Modules Installer","Product":"Microsoft® Windows® Operating System","Company":"Microsoft Corporation","OriginalFileName":"TrustedInstaller.exe","CommandLine":"C:\\Windows\\servicing\\TrustedInstaller.exe","CurrentDirectory":"C:\\Windows\\system32\\","User":"NT AUTHORITY\\SYSTEM","LogonGuid":"{53968da7-b200-6708-e703-000000000000}","LogonId":"0x3e7","TerminalSessionId":"0","IntegrityLevel":"System","Hashes":"MD5=8BFD0993E6AF9B71F6EC20967E7F4E66,SHA256=93995D019FAB5633DE86938FA84AC43A38951EE5DB9577B1651857E3880437EB,IMPHASH=B898664253FDA776233DB48555E7463B","ParentProcessGuid":"{53968da7-b1ff-6708-0b00-00000000fb00}","ParentProcessId":"740","ParentImage":"C:\\Windows\\System32\\services.exe","ParentCommandLine":"C:\\Windows\\system32\\services.exe","ParentUser":"NT AUTHORITY\\SYSTEM"}}
{"LogSource":"Microsoft-Windows-Sysmon/Operational","EventId":1,"TimeCreated":"2024-10-11T00:05:08.0167169-07:00","RecordId":172841,"MachineName":"Win10","EventData":{"RuleName":"-","UtcTime":"2024-10-11 07:05:08.010","ProcessGuid":"{53968da7-ce24-6708-c003-00000000fb00}","ProcessId":"6628","Image":"C:\\Windows\\WinSxS\\amd64_microsoft-windows-servicingstack_31bf3856ad364e35_10.0.19041.4950_none_7dd913727cb4d87c\\TiWorker.exe","FileVersion":"10.0.19041.4950 (WinBuild.160101.0800)","Description":"Windows Modules Installer Worker","Product":"Microsoft® Windows® Operating System","Company":"Microsoft Corporation","OriginalFileName":"TiWorker.exe","CommandLine":"C:\\Windows\\winsxs\\amd64_microsoft-windows-servicingstack_31bf3856ad364e35_10.0.19041.4950_none_7dd913727cb4d87c\\TiWorker.exe -Embedding","CurrentDirectory":"C:\\Windows\\system32\\","User":"NT AUTHORITY\\SYSTEM","LogonGuid":"{53968da7-b200-6708-e703-000000000000}","LogonId":"0x3e7","TerminalSessionId":"0","IntegrityLevel":"System","Hashes":"MD5=8BB8E0213FE25734849C99B14BF2D9FB,SHA256=4C73E3B1A99F00E9D24ABD2476B5F36AB0A4C6C46BC768CF38409BBEB08AA3BA,IMPHASH=C139ED9A7073C8648B89D9641D69031A","ParentProcessGuid":"{53968da7-b200-6708-0d00-00000000fb00}","ParentProcessId":"884","ParentImage":"C:\\Windows\\System32\\svchost.exe","ParentCommandLine":"C:\\Windows\\system32\\svchost.exe -k DcomLaunch -p","ParentUser":"NT AUTHORITY\\SYSTEM"}}
{"LogSource":"Microsoft-Windows-Sysmon/Operational","EventId":1,"TimeCreated":"2024-10-11T00:05:52.9914427-07:00","RecordId":172842,"MachineName":"Win10","EventData":{"RuleName":"-","UtcTime":"2024-10-11 07:05:52.988","ProcessGuid":"{53968da7-ce50-6708-c103-00000000fb00}","ProcessId":"1464","Image":"C:\\Program Files\\Google\\Chrome\\Application\\chrome.exe","FileVersion":"129.0.6668.100","Description":"Google Chrome","Product":"Google Chrome","Company":"Google LLC","OriginalFileName":"chrome.exe","CommandLine":"\"C:\\Program Files\\Google\\Chrome\\Application\\chrome.exe\" https://www.instagram.com ","CurrentDirectory":"C:\\Windows\\system32\\","User":"WIN10\\richard","LogonGuid":"{53968da7-b202-6708-7195-020000000000}","LogonId":"0x29571","TerminalSessionId":"1","IntegrityLevel":"High","Hashes":"MD5=47679449E8A738D8B1849668622E7C9E,SHA256=2D2A32CBCCED69610445D92965CA710EF2DA89C3788EBB98FF8612EBFFAC917B,IMPHASH=8AA69BFB46216FA413519FB53924B2F9","ParentProcessGuid":"{53968da7-be30-6708-5201-00000000fb00}","ParentProcessId":"6876","ParentImage":"C:\\Windows\\System32\\WindowsPowerShell\\v1.0\\powershell_ise.exe","ParentCommandLine":"\"C:\\Windows\\system32\\WindowsPowerShell\\v1.0\\PowerShell_ISE.exe\" ","ParentUser":"WIN10\\richard"}}
{"LogSource":"Microsoft-Windows-Sysmon/Operational","EventId":1,"TimeCreated":"2024-10-11T00:05:53.1180373-07:00","RecordId":172843,"MachineName":"Win10","EventData":{"RuleName":"-","UtcTime":"2024-10-11 07:05:53.116","ProcessGuid":"{53968da7-ce51-6708-c503-00000000fb00}","ProcessId":"5156","Image":"C:\\Program Files\\Google\\Chrome\\Application\\129.0.6668.100\\elevation_service.exe","FileVersion":"129.0.6668.100","Description":"Google Chrome","Product":"Google Chrome","Company":"Google LLC","OriginalFileName":"elevation_service.exe","CommandLine":"\"C:\\Program Files\\Google\\Chrome\\Application\\129.0.6668.100\\elevation_service.exe\"","CurrentDirectory":"C:\\Windows\\system32\\","User":"NT AUTHORITY\\SYSTEM","LogonGuid":"{53968da7-b200-6708-e703-000000000000}","LogonId":"0x3e7","TerminalSessionId":"0","IntegrityLevel":"System","Hashes":"MD5=472B2328D62FEC7E774166FD75C18FF6,SHA256=56291421DA56A296F3F0AEF18CA0FB3C0925779EEE7B4734A07A24E59348D9CE,IMPHASH=E2CE387C73E135211A0D2FF087A2F9F3","ParentProcessGuid":"{53968da7-b1ff-6708-0b00-00000000fb00}","ParentProcessId":"740","ParentImage":"C:\\Windows\\System32\\services.exe","ParentCommandLine":"C:\\Windows\\system32\\services.exe","ParentUser":"NT AUTHORITY\\SYSTEM"}}
{"LogSource":"Microsoft-Windows-Sysmon/Operational","EventId":22,"TimeCreated":"2024-10-11T00:05:54.4046887-07:00","RecordId":172844,"MachineName":"Win10","EventData":{"RuleName":"-","UtcTime":"2024-10-11 07:05:52.131","ProcessGuid":"{53968da7-ce51-6708-c403-00000000fb00}","ProcessId":"7868","QueryName":"wpad","QueryStatus":"9003","QueryResults":"-","Image":"C:\\Program Files\\Google\\Chrome\\Application\\chrome.exe","User":"WIN10\\richard"}}
{"LogSource":"Microsoft-Windows-Sysmon/Operational","EventId":22,"TimeCreated":"2024-10-11T00:05:55.4135326-07:00","RecordId":172845,"MachineName":"Win10","EventData":{"RuleName":"-","UtcTime":"2024-10-11 07:05:52.178","ProcessGuid":"{53968da7-ce51-6708-c403-00000000fb00}","ProcessId":"7868","QueryName":"wpad","QueryStatus":"9003","QueryResults":"-","Image":"C:\\Program Files\\Google\\Chrome\\Application\\chrome.exe","User":"WIN10\\richard"}}
{"LogSource":"Microsoft-Windows-Sysmon/Operational","EventId":22,"TimeCreated":"2024-10-11T00:05:55.4143543-07:00","RecordId":172846,"MachineName":"Win10","EventData":{"RuleName":"-","UtcTime":"2024-10-11 07:05:52.178","ProcessGuid":"{53968da7-ce51-6708-c403-00000000fb00}","ProcessId":"7868","QueryName":"wpad","QueryStatus":"9003","QueryResults":"-","Image":"C:\\Program Files\\Google\\Chrome\\Application\\chrome.exe","User":"WIN10\\richard"}}
{"LogSource":"Microsoft-Windows-Sysmon/Operational","EventId":22,"TimeCreated":"2024-10-11T00:06:02.4122488-07:00","RecordId":172847,"MachineName":"Win10","EventData":{"RuleName":"-","UtcTime":"2024-10-11 07:06:00.152","ProcessGuid":"{53968da7-ce51-6708-c403-00000000fb00}","ProcessId":"7868","QueryName":"wpad","QueryStatus":"9003","QueryResults":"-","Image":"C:\\Program Files\\Google\\Chrome\\Application\\chrome.exe","User":"WIN10\\richard"}}
{"LogSource":"Microsoft-Windows-Sysmon/Operational","EventId":1,"TimeCreated":"2024-10-11T00:06:12.1149434-07:00","RecordId":172848,"MachineName":"Win10","EventData":{"RuleName":"-","UtcTime":"2024-10-11 07:06:12.107","ProcessGuid":"{53968da7-ce64-6708-d203-00000000fb00}","ProcessId":"4056","Image":"C:\\Program Files (x86)\\Google\\GoogleUpdater\\130.0.6679.0\\updater.exe","FileVersion":"130.0.6679.0","Description":"Google Updater","Product":"Google Updater","Company":"Google LLC","OriginalFileName":"updater.exe","CommandLine":"\"C:\\Program Files (x86)\\Google\\GoogleUpdater\\130.0.6679.0\\updater.exe\" --system --windows-service --service=update","CurrentDirectory":"C:\\Windows\\system32\\","User":"NT AUTHORITY\\SYSTEM","LogonGuid":"{53968da7-b200-6708-e703-000000000000}","LogonId":"0x3e7","TerminalSessionId":"0","IntegrityLevel":"System","Hashes":"MD5=C583E91DDEE7C0E8AC2A3D3AACAD2F4C,SHA256=7F67129760223E5DDF31219F0B2E247555FBAC85F4B6F933212AC091A21DEBF9,IMPHASH=20AB254B36A04EA3556F60145D061FED","ParentProcessGuid":"{53968da7-b1ff-6708-0b00-00000000fb00}","ParentProcessId":"740","ParentImage":"C:\\Windows\\System32\\services.exe","ParentCommandLine":"C:\\Windows\\system32\\services.exe","ParentUser":"NT AUTHORITY\\SYSTEM"}}
{"LogSource":"Microsoft-Windows-Sysmon/Operational","EventId":1,"TimeCreated":"2024-10-11T00:06:12.1362373-07:00","RecordId":172849,"MachineName":"Win10","EventData":{"RuleName":"-","UtcTime":"2024-10-11 07:06:12.134","ProcessGuid":"{53968da7-ce64-6708-d303-00000000fb00}","ProcessId":"6268","Image":"C:\\Program Files (x86)\\Google\\GoogleUpdater\\130.0.6679.0\\updater.exe","FileVersion":"130.0.6679.0","Description":"Google Updater","Product":"Google Updater","Company":"Google LLC","OriginalFileName":"updater.exe","CommandLine":"\"C:\\Program Files (x86)\\Google\\GoogleUpdater\\130.0.6679.0\\updater.exe\" --crash-handler --system \"--database=C:\\Program Files (x86)\\Google\\GoogleUpdater\\130.0.6679.0\\Crashpad\" --url=https://clients2.google.com/cr/report --annotation=prod=Update4 --annotation=ver=130.0.6679.0 \"--attachment=C:\\Program Files (x86)\\Google\\GoogleUpdater\\updater.log\" --initial-client-data=0x2bc,0x2c0,0x2c4,0x298,0x2c8,0xdaa6cc,0xdaa6d8,0xdaa6e4","CurrentDirectory":"C:\\Windows\\system32\\","User":"NT AUTHORITY\\SYSTEM","LogonGuid":"{53968da7-b200-6708-e703-000000000000}","LogonId":"0x3e7","TerminalSessionId":"0","IntegrityLevel":"System","Hashes":"MD5=C583E91DDEE7C0E8AC2A3D3AACAD2F4C,SHA256=7F67129760223E5DDF31219F0B2E247555FBAC85F4B6F933212AC091A21DEBF9,IMPHASH=20AB254B36A04EA3556F60145D061FED","ParentProcessGuid":"{53968da7-ce64-6708-d203-00000000fb00}","ParentProcessId":"4056","ParentImage":"C:\\Program Files (x86)\\Google\\GoogleUpdater\\130.0.6679.0\\updater.exe","ParentCommandLine":"\"C:\\Program Files (x86)\\Google\\GoogleUpdater\\130.0.6679.0\\updater.exe\" --system --windows-service --service=update","ParentUser":"NT AUTHORITY\\SYSTEM"}}
{"LogSource":"Microsoft-Windows-Sysmon/Operational","EventId":1,"TimeCreated":"2024-10-11T00:06:41.1703440-07:00","RecordId":172850,"MachineName":"Win10","EventData":{"RuleName":"-","UtcTime":"2024-10-11 07:06:41.167","ProcessGuid":"{53968da7-ce81-6708-d403-00000000fb00}","ProcessId":"960","Image":"C:\\Program Files\\Mozilla Firefox\\firefox.exe","FileVersion":"131.0.2","Description":"Firefox","Product":"Firefox","Company":"Mozilla Corporation","OriginalFileName":"firefox.exe","CommandLine":"\"C:\\Program Files\\Mozilla Firefox\\firefox.exe\" https://www.instagram.com ","CurrentDirectory":"C:\\Windows\\system32\\","User":"WIN10\\richard","LogonGuid":"{53968da7-b202-6708-7195-020000000000}","LogonId":"0x29571","TerminalSessionId":"1","IntegrityLevel":"High","Hashes":"MD5=571814A7939D001662BBA7760BD0B187,SHA256=9725AFC685C8EE135701E140A83B94FE7D958360A1F546215F7EAFDFF5E53A83,IMPHASH=BB4CE52E8306F88C0B1DA570553704E4","ParentProcessGuid":"{53968da7-be30-6708-5201-00000000fb00}","ParentProcessId":"6876","ParentImage":"C:\\Windows\\System32\\WindowsPowerShell\\v1.0\\powershell_ise.exe","ParentCommandLine":"\"C:\\Windows\\system32\\WindowsPowerShell\\v1.0\\PowerShell_ISE.exe\" ","ParentUser":"WIN10\\richard"}}
{"LogSource":"Microsoft-Windows-Sysmon/Operational","EventId":1,"TimeCreated":"2024-10-11T00:06:41.2018540-07:00","RecordId":172851,"MachineName":"Win10","EventData":{"RuleName":"-","UtcTime":"2024-10-11 07:06:41.200","ProcessGuid":"{53968da7-ce81-6708-d503-00000000fb00}","ProcessId":"1168","Image":"C:\\Windows\\System32\\smartscreen.exe","FileVersion":"10.0.19041.5007 (WinBuild.160101.0800)","Description":"Windows Defender SmartScreen","Product":"Microsoft® Windows® Operating System","Company":"Microsoft Corporation","OriginalFileName":"smartscreen.exe","CommandLine":"C:\\Windows\\System32\\smartscreen.exe -Embedding","CurrentDirectory":"C:\\Windows\\system32\\","User":"WIN10\\richard","LogonGuid":"{53968da7-b202-6708-c295-020000000000}","LogonId":"0x295c2","TerminalSessionId":"1","IntegrityLevel":"Medium","Hashes":"MD5=C0F62FB7AD4A9C049D5AC3B737E1252D,SHA256=F4EAFC737F93186D563B198ED737C9C2F17A4B9A58D976D78D1C2E13C1EDA104,IMPHASH=9ECF7E989FB6561A51A731BC7991D274","ParentProcessGuid":"{53968da7-b200-6708-0d00-00000000fb00}","ParentProcessId":"884","ParentImage":"C:\\Windows\\System32\\svchost.exe","ParentCommandLine":"C:\\Windows\\system32\\svchost.exe -k DcomLaunch -p","ParentUser":"NT AUTHORITY\\SYSTEM"}}
{"LogSource":"Microsoft-Windows-Sysmon/Operational","EventId":1,"TimeCreated":"2024-10-11T00:06:41.2412193-07:00","RecordId":172852,"MachineName":"Win10","EventData":{"RuleName":"-","UtcTime":"2024-10-11 07:06:41.238","ProcessGuid":"{53968da7-ce81-6708-d603-00000000fb00}","ProcessId":"5152","Image":"C:\\Program Files\\Mozilla Firefox\\firefox.exe","FileVersion":"131.0.2","Description":"Firefox","Product":"Firefox","Company":"Mozilla Corporation","OriginalFileName":"firefox.exe","CommandLine":"\"C:\\Program Files\\Mozilla Firefox\\firefox.exe\" https://www.instagram.com --attempting-deelevation","CurrentDirectory":"C:\\Windows\\system32\\","User":"WIN10\\richard","LogonGuid":"{53968da7-b202-6708-c295-020000000000}","LogonId":"0x295c2","TerminalSessionId":"1","IntegrityLevel":"Medium","Hashes":"MD5=571814A7939D001662BBA7760BD0B187,SHA256=9725AFC685C8EE135701E140A83B94FE7D958360A1F546215F7EAFDFF5E53A83,IMPHASH=BB4CE52E8306F88C0B1DA570553704E4","ParentProcessGuid":"{53968da7-b203-6708-4f00-00000000fb00}","ParentProcessId":"4396","ParentImage":"C:\\Windows\\explorer.exe","ParentCommandLine":"C:\\Windows\\Explorer.EXE","ParentUser":"WIN10\\richard"}}
{"LogSource":"Microsoft-Windows-Sysmon/Operational","EventId":1,"TimeCreated":"2024-10-11T00:06:41.2517931-07:00","RecordId":172853,"MachineName":"Win10","EventData":{"RuleName":"-","UtcTime":"2024-10-11 07:06:41.249","ProcessGuid":"{53968da7-ce81-6708-d703-00000000fb00}","ProcessId":"2704","Image":"C:\\Program Files\\Mozilla Firefox\\firefox.exe","FileVersion":"131.0.2","Description":"Firefox","Product":"Firefox","Company":"Mozilla Corporation","OriginalFileName":"firefox.exe","CommandLine":"\"C:\\Program Files\\Mozilla Firefox\\firefox.exe\" https://www.instagram.com","CurrentDirectory":"C:\\Windows\\system32\\","User":"WIN10\\richard","LogonGuid":"{53968da7-b202-6708-c295-020000000000}","LogonId":"0x295c2","TerminalSessionId":"1","IntegrityLevel":"Medium","Hashes":"MD5=571814A7939D001662BBA7760BD0B187,SHA256=9725AFC685C8EE135701E140A83B94FE7D958360A1F546215F7EAFDFF5E53A83,IMPHASH=BB4CE52E8306F88C0B1DA570553704E4","ParentProcessGuid":"{53968da7-ce81-6708-d603-00000000fb00}","ParentProcessId":"5152","ParentImage":"C:\\Program Files\\Mozilla Firefox\\firefox.exe","ParentCommandLine":"\"C:\\Program Files\\Mozilla Firefox\\firefox.exe\" https://www.instagram.com --attempting-deelevation","ParentUser":"WIN10\\richard"}}
{"LogSource":"Microsoft-Windows-Sysmon/Operational","EventId":1,"TimeCreated":"2024-10-11T00:06:41.4731174-07:00","RecordId":172854,"MachineName":"Win10","EventData":{"RuleName":"-","UtcTime":"2024-10-11 07:06:41.471","ProcessGuid":"{53968da7-ce81-6708-d803-00000000fb00}","ProcessId":"1732","Image":"C:\\Program Files\\Mozilla Firefox\\firefox.exe","FileVersion":"131.0.2","Description":"Firefox","Product":"Firefox","Company":"Mozilla Corporation","OriginalFileName":"firefox.exe","CommandLine":"\"C:\\Program Files\\Mozilla Firefox\\firefox.exe\" -contentproc --channel=1936 -parentBuildID 20241008210941 -prefsHandle 1864 -prefMapHandle 1856 -prefsLen 30861 -prefMapSize 263055 -appDir \"C:\\Program Files\\Mozilla Firefox\\browser\" - {a5673eaa-90b3-4c17-a7cc-5bc2b4766956} 2704 \"\\\\.\\pipe\\gecko-crash-server-pipe.2704\" 1 gpu","CurrentDirectory":"C:\\Windows\\system32\\","User":"WIN10\\richard","LogonGuid":"{53968da7-b202-6708-c295-020000000000}","LogonId":"0x295c2","TerminalSessionId":"1","IntegrityLevel":"Low","Hashes":"MD5=571814A7939D001662BBA7760BD0B187,SHA256=9725AFC685C8EE135701E140A83B94FE7D958360A1F546215F7EAFDFF5E53A83,IMPHASH=BB4CE52E8306F88C0B1DA570553704E4","ParentProcessGuid":"{53968da7-ce81-6708-d703-00000000fb00}","ParentProcessId":"2704","ParentImage":"C:\\Program Files\\Mozilla Firefox\\firefox.exe","ParentCommandLine":"\"C:\\Program Files\\Mozilla Firefox\\firefox.exe\" https://www.instagram.com","ParentUser":"WIN10\\richard"}}
{"LogSource":"Microsoft-Windows-Sysmon/Operational","EventId":1,"TimeCreated":"2024-10-11T00:06:41.5529983-07:00","RecordId":172855,"MachineName":"Win10","EventData":{"RuleName":"-","UtcTime":"2024-10-11 07:06:41.550","ProcessGuid":"{53968da7-ce81-6708-d903-00000000fb00}","ProcessId":"8112","Image":"C:\\Program Files\\Mozilla Firefox\\firefox.exe","FileVersion":"131.0.2","Description":"Firefox","Product":"Firefox","Company":"Mozilla Corporation","OriginalFileName":"firefox.exe","CommandLine":"\"C:\\Program Files\\Mozilla Firefox\\firefox.exe\" -contentproc --channel=2248 -parentBuildID 20241008210941 -prefsHandle 2376 -prefMapHandle 2372 -prefsLen 30897 -prefMapSize 263055 -win32kLockedDown -appDir \"C:\\Program Files\\Mozilla Firefox\\browser\" - {250e134b-d888-4ac0-a9ea-7fdfe33ceb0a} 2704 \"\\\\.\\pipe\\gecko-crash-server-pipe.2704\" 2 socket","CurrentDirectory":"C:\\Windows\\system32\\","User":"WIN10\\richard","LogonGuid":"{53968da7-b202-6708-c295-020000000000}","LogonId":"0x295c2","TerminalSessionId":"1","IntegrityLevel":"Low","Hashes":"MD5=571814A7939D001662BBA7760BD0B187,SHA256=9725AFC685C8EE135701E140A83B94FE7D958360A1F546215F7EAFDFF5E53A83,IMPHASH=BB4CE52E8306F88C0B1DA570553704E4","ParentProcessGuid":"{53968da7-ce81-6708-d703-00000000fb00}","ParentProcessId":"2704","ParentImage":"C:\\Program Files\\Mozilla Firefox\\firefox.exe","ParentCommandLine":"\"C:\\Program Files\\Mozilla Firefox\\firefox.exe\" https://www.instagram.com","ParentUser":"WIN10\\richard"}}
{"LogSource":"Microsoft-Windows-Sysmon/Operational","EventId":1,"TimeCreated":"2024-10-11T00:06:41.8467217-07:00","RecordId":172856,"MachineName":"Win10","EventData":{"RuleName":"-","UtcTime":"2024-10-11 07:06:41.844","ProcessGuid":"{53968da7-ce81-6708-da03-00000000fb00}","ProcessId":"880","Image":"C:\\Program Files\\Mozilla Firefox\\firefox.exe","FileVersion":"131.0.2","Description":"Firefox","Product":"Firefox","Company":"Mozilla Corporation","OriginalFileName":"firefox.exe","CommandLine":"\"C:\\Program Files\\Mozilla Firefox\\firefox.exe\" -contentproc --channel=3136 -isForBrowser -prefsHandle 3128 -prefMapHandle 3124 -prefsLen 27591 -prefMapSize 263055 -jsInitHandle 1336 -jsInitLen 234840 -parentBuildID 20241008210941 -win32kLockedDown -appDir \"C:\\Program Files\\Mozilla Firefox\\browser\" - {d0a22644-e109-4f7d-af87-00bec465bef3} 2704 \"\\\\.\\pipe\\gecko-crash-server-pipe.2704\" 3 tab","CurrentDirectory":"C:\\Windows\\system32\\","User":"WIN10\\richard","LogonGuid":"{53968da7-b202-6708-c295-020000000000}","LogonId":"0x295c2","TerminalSessionId":"1","IntegrityLevel":"Low","Hashes":"MD5=571814A7939D001662BBA7760BD0B187,SHA256=9725AFC685C8EE135701E140A83B94FE7D958360A1F546215F7EAFDFF5E53A83,IMPHASH=BB4CE52E8306F88C0B1DA570553704E4","ParentProcessGuid":"{53968da7-ce81-6708-d703-00000000fb00}","ParentProcessId":"2704","ParentImage":"C:\\Program Files\\Mozilla Firefox\\firefox.exe","ParentCommandLine":"\"C:\\Program Files\\Mozilla Firefox\\firefox.exe\" https://www.instagram.com","ParentUser":"WIN10\\richard"}}
{"LogSource":"Microsoft-Windows-Sysmon/Operational","EventId":22,"TimeCreated":"2024-10-11T00:06:42.2559205-07:00","RecordId":172857,"MachineName":"Win10","EventData":{"RuleName":"-","UtcTime":"2024-10-11 07:06:40.862","ProcessGuid":"{53968da7-ce81-6708-d703-00000000fb00}","ProcessId":"2704","QueryName":"detectportal.firefox.com","QueryStatus":"0","QueryResults":"type:  5 detectportal.prod.mozaws.net;type:  5 prod.detectportal.prod.cloudops.mozgcp.net;2600:1901:0:38d7::;::ffff:34.107.221.82;","Image":"C:\\Program Files\\Mozilla Firefox\\firefox.exe","User":"WIN10\\richard"}}
{"LogSource":"Microsoft-Windows-Sysmon/Operational","EventId":1,"TimeCreated":"2024-10-11T00:06:42.2573124-07:00","RecordId":172858,"MachineName":"Win10","EventData":{"RuleName":"-","UtcTime":"2024-10-11 07:06:42.254","ProcessGuid":"{53968da7-ce82-6708-db03-00000000fb00}","ProcessId":"2108","Image":"C:\\Program Files\\Mozilla Firefox\\firefox.exe","FileVersion":"131.0.2","Description":"Firefox","Product":"Firefox","Company":"Mozilla Corporation","OriginalFileName":"firefox.exe","CommandLine":"\"C:\\Program Files\\Mozilla Firefox\\firefox.exe\" -contentproc --channel=4292 -isForBrowser -prefsHandle 4304 -prefMapHandle 4300 -prefsLen 36981 -prefMapSize 263055 -jsInitHandle 1336 -jsInitLen 234840 -parentBuildID 20241008210941 -win32kLockedDown -appDir \"C:\\Program Files\\Mozilla Firefox\\browser\" - {e3fddd11-7a55-4d61-9a64-c63b8815ef47} 2704 \"\\\\.\\pipe\\gecko-crash-server-pipe.2704\" 4 tab","CurrentDirectory":"C:\\Windows\\system32\\","User":"WIN10\\richard","LogonGuid":"{53968da7-b202-6708-c295-020000000000}","LogonId":"0x295c2","TerminalSessionId":"1","IntegrityLevel":"Low","Hashes":"MD5=571814A7939D001662BBA7760BD0B187,SHA256=9725AFC685C8EE135701E140A83B94FE7D958360A1F546215F7EAFDFF5E53A83,IMPHASH=BB4CE52E8306F88C0B1DA570553704E4","ParentProcessGuid":"{53968da7-ce81-6708-d703-00000000fb00}","ParentProcessId":"2704","ParentImage":"C:\\Program Files\\Mozilla Firefox\\firefox.exe","ParentCommandLine":"\"C:\\Program Files\\Mozilla Firefox\\firefox.exe\" https://www.instagram.com","ParentUser":"WIN10\\richard"}}
{"LogSource":"Microsoft-Windows-Sysmon/Operational","EventId":22,"TimeCreated":"2024-10-11T00:06:42.2574121-07:00","RecordId":172859,"MachineName":"Win10","EventData":{"RuleName":"-","UtcTime":"2024-10-11 07:06:40.863","ProcessGuid":"{53968da7-ce81-6708-d703-00000000fb00}","ProcessId":"2704","QueryName":"detectportal.firefox.com","QueryStatus":"0","QueryResults":"type:  5 detectportal.prod.mozaws.net;type:  5 prod.detectportal.prod.cloudops.mozgcp.net;2600:1901:0:38d7::;::ffff:34.107.221.82;","Image":"C:\\Program Files\\Mozilla Firefox\\firefox.exe","User":"WIN10\\richard"}}
{"LogSource":"Microsoft-Windows-Sysmon/Operational","EventId":22,"TimeCreated":"2024-10-11T00:06:42.2594214-07:00","RecordId":172860,"MachineName":"Win10","EventData":{"RuleName":"-","UtcTime":"2024-10-11 07:06:40.864","ProcessGuid":"{53968da7-ce81-6708-d703-00000000fb00}","ProcessId":"2704","QueryName":"prod.detectportal.prod.cloudops.mozgcp.net","QueryStatus":"0","QueryResults":"34.107.221.82;","Image":"C:\\Program Files\\Mozilla Firefox\\firefox.exe","User":"WIN10\\richard"}}
{"LogSource":"Microsoft-Windows-Sysmon/Operational","EventId":22,"TimeCreated":"2024-10-11T00:06:42.2615348-07:00","RecordId":172861,"MachineName":"Win10","EventData":{"RuleName":"-","UtcTime":"2024-10-11 07:06:40.864","ProcessGuid":"{53968da7-ce81-6708-d703-00000000fb00}","ProcessId":"2704","QueryName":"prod.detectportal.prod.cloudops.mozgcp.net","QueryStatus":"0","QueryResults":"2600:1901:0:38d7::;","Image":"C:\\Program Files\\Mozilla Firefox\\firefox.exe","User":"WIN10\\richard"}}
{"LogSource":"Microsoft-Windows-Sysmon/Operational","EventId":22,"TimeCreated":"2024-10-11T00:06:42.2637211-07:00","RecordId":172862,"MachineName":"Win10","EventData":{"RuleName":"-","UtcTime":"2024-10-11 07:06:40.903","ProcessGuid":"{53968da7-ce81-6708-d703-00000000fb00}","ProcessId":"2704","QueryName":"private.canadianshield.cira.ca","QueryStatus":"0","QueryResults":"2620:10a:80bb::10;2620:10a:80bc::10;::ffff:149.112.122.10;::ffff:149.112.121.10;","Image":"C:\\Program Files\\Mozilla Firefox\\firefox.exe","User":"WIN10\\richard"}}
{"LogSource":"Microsoft-Windows-Sysmon/Operational","EventId":22,"TimeCreated":"2024-10-11T00:06:42.2653273-07:00","RecordId":172863,"MachineName":"Win10","EventData":{"RuleName":"-","UtcTime":"2024-10-11 07:06:40.903","ProcessGuid":"{53968da7-ce81-6708-d703-00000000fb00}","ProcessId":"2704","QueryName":"private.canadianshield.cira.ca","QueryStatus":"0","QueryResults":"2620:10a:80bb::10;2620:10a:80bc::10;::ffff:149.112.122.10;::ffff:149.112.121.10;","Image":"C:\\Program Files\\Mozilla Firefox\\firefox.exe","User":"WIN10\\richard"}}
{"LogSource":"Microsoft-Windows-Sysmon/Operational","EventId":22,"TimeCreated":"2024-10-11T00:06:42.2667482-07:00","RecordId":172864,"MachineName":"Win10","EventData":{"RuleName":"-","UtcTime":"2024-10-11 07:06:40.903","ProcessGuid":"{53968da7-ce81-6708-d703-00000000fb00}","ProcessId":"2704","QueryName":"private.canadianshield.cira.ca","QueryStatus":"0","QueryResults":"149.112.121.10;149.112.122.10;","Image":"C:\\Program Files\\Mozilla Firefox\\firefox.exe","User":"WIN10\\richard"}}
{"LogSource":"Microsoft-Windows-Sysmon/Operational","EventId":22,"TimeCreated":"2024-10-11T00:06:42.2680975-07:00","RecordId":172865,"MachineName":"Win10","EventData":{"RuleName":"-","UtcTime":"2024-10-11 07:06:40.904","ProcessGuid":"{53968da7-ce81-6708-d703-00000000fb00}","ProcessId":"2704","QueryName":"private.canadianshield.cira.ca","QueryStatus":"0","QueryResults":"2620:10a:80bc::10;2620:10a:80bb::10;","Image":"C:\\Program Files\\Mozilla Firefox\\firefox.exe","User":"WIN10\\richard"}}
{"LogSource":"Microsoft-Windows-Sysmon/Operational","EventId":22,"TimeCreated":"2024-10-11T00:06:42.2714561-07:00","RecordId":172866,"MachineName":"Win10","EventData":{"RuleName":"-","UtcTime":"2024-10-11 07:06:40.910","ProcessGuid":"{53968da7-ce81-6708-d703-00000000fb00}","ProcessId":"2704","QueryName":"example.org","QueryStatus":"0","QueryResults":"93.184.215.14;","Image":"C:\\Program Files\\Mozilla Firefox\\firefox.exe","User":"WIN10\\richard"}}
{"LogSource":"Microsoft-Windows-Sysmon/Operational","EventId":22,"TimeCreated":"2024-10-11T00:06:42.2733564-07:00","RecordId":172867,"MachineName":"Win10","EventData":{"RuleName":"-","UtcTime":"2024-10-11 07:06:40.911","ProcessGuid":"{53968da7-ce81-6708-d703-00000000fb00}","ProcessId":"2704","QueryName":"example.org","QueryStatus":"0","QueryResults":"93.184.215.14;","Image":"C:\\Program Files\\Mozilla Firefox\\firefox.exe","User":"WIN10\\richard"}}
{"LogSource":"Microsoft-Windows-Sysmon/Operational","EventId":22,"TimeCreated":"2024-10-11T00:06:42.2780751-07:00","RecordId":172868,"MachineName":"Win10","EventData":{"RuleName":"-","UtcTime":"2024-10-11 07:06:40.911","ProcessGuid":"{53968da7-ce81-6708-d703-00000000fb00}","ProcessId":"2704","QueryName":"example.org","QueryStatus":"0","QueryResults":"93.184.215.14;","Image":"C:\\Program Files\\Mozilla Firefox\\firefox.exe","User":"WIN10\\richard"}}
{"LogSource":"Microsoft-Windows-Sysmon/Operational","EventId":1,"TimeCreated":"2024-10-11T00:06:42.7366452-07:00","RecordId":172869,"MachineName":"Win10","EventData":{"RuleName":"-","UtcTime":"2024-10-11 07:06:42.732","ProcessGuid":"{53968da7-ce82-6708-dc03-00000000fb00}","ProcessId":"2036","Image":"C:\\Program Files\\Mozilla Firefox\\firefox.exe","FileVersion":"131.0.2","Description":"Firefox","Product":"Firefox","Company":"Mozilla Corporation","OriginalFileName":"firefox.exe","CommandLine":"\"C:\\Program Files\\Mozilla Firefox\\firefox.exe\" -contentproc --channel=5336 -parentBuildID 20241008210941 -sandboxingKind 0 -prefsHandle 5316 -prefMapHandle 5328 -prefsLen 37030 -prefMapSize 263055 -win32kLockedDown -appDir \"C:\\Program Files\\Mozilla Firefox\\browser\" - {30e5e6e8-0ac9-4555-8e13-45238694705c} 2704 \"\\\\.\\pipe\\gecko-crash-server-pipe.2704\" 5 utility","CurrentDirectory":"C:\\Windows\\system32\\","User":"WIN10\\richard","LogonGuid":"{53968da7-b202-6708-c295-020000000000}","LogonId":"0x295c2","TerminalSessionId":"1","IntegrityLevel":"Low","Hashes":"MD5=571814A7939D001662BBA7760BD0B187,SHA256=9725AFC685C8EE135701E140A83B94FE7D958360A1F546215F7EAFDFF5E53A83,IMPHASH=BB4CE52E8306F88C0B1DA570553704E4","ParentProcessGuid":"{53968da7-ce81-6708-d703-00000000fb00}","ParentProcessId":"2704","ParentImage":"C:\\Program Files\\Mozilla Firefox\\firefox.exe","ParentCommandLine":"\"C:\\Program Files\\Mozilla Firefox\\firefox.exe\" https://www.instagram.com","ParentUser":"WIN10\\richard"}}
{"LogSource":"Microsoft-Windows-Sysmon/Operational","EventId":1,"TimeCreated":"2024-10-11T00:06:42.7972747-07:00","RecordId":172870,"MachineName":"Win10","EventData":{"RuleName":"-","UtcTime":"2024-10-11 07:06:42.795","ProcessGuid":"{53968da7-ce82-6708-dd03-00000000fb00}","ProcessId":"8352","Image":"C:\\Program Files\\Mozilla Firefox\\firefox.exe","FileVersion":"131.0.2","Description":"Firefox","Product":"Firefox","Company":"Mozilla Corporation","OriginalFileName":"firefox.exe","CommandLine":"\"C:\\Program Files\\Mozilla Firefox\\firefox.exe\" -contentproc --channel=5568 -isForBrowser -prefsHandle 5544 -prefMapHandle 5540 -prefsLen 37030 -prefMapSize 263055 -jsInitHandle 1336 -jsInitLen 234840 -parentBuildID 20241008210941 -win32kLockedDown -appDir \"C:\\Program Files\\Mozilla Firefox\\browser\" - {85d6353f-5ff4-4934-90ae-022e14a44508} 2704 \"\\\\.\\pipe\\gecko-crash-server-pipe.2704\" 6 tab","CurrentDirectory":"C:\\Windows\\system32\\","User":"WIN10\\richard","LogonGuid":"{53968da7-b202-6708-c295-020000000000}","LogonId":"0x295c2","TerminalSessionId":"1","IntegrityLevel":"Low","Hashes":"MD5=571814A7939D001662BBA7760BD0B187,SHA256=9725AFC685C8EE135701E140A83B94FE7D958360A1F546215F7EAFDFF5E53A83,IMPHASH=BB4CE52E8306F88C0B1DA570553704E4","ParentProcessGuid":"{53968da7-ce81-6708-d703-00000000fb00}","ParentProcessId":"2704","ParentImage":"C:\\Program Files\\Mozilla Firefox\\firefox.exe","ParentCommandLine":"\"C:\\Program Files\\Mozilla Firefox\\firefox.exe\" https://www.instagram.com","ParentUser":"WIN10\\richard"}}
{"LogSource":"Microsoft-Windows-Sysmon/Operational","EventId":1,"TimeCreated":"2024-10-11T00:06:42.9452954-07:00","RecordId":172871,"MachineName":"Win10","EventData":{"RuleName":"-","UtcTime":"2024-10-11 07:06:42.942","ProcessGuid":"{53968da7-ce82-6708-de03-00000000fb00}","ProcessId":"8472","Image":"C:\\Program Files\\Mozilla Firefox\\firefox.exe","FileVersion":"131.0.2","Description":"Firefox","Product":"Firefox","Company":"Mozilla Corporation","OriginalFileName":"firefox.exe","CommandLine":"\"C:\\Program Files\\Mozilla Firefox\\firefox.exe\" -contentproc --channel=5848 -isForBrowser -prefsHandle 5800 -prefMapHandle 5808 -prefsLen 33583 -prefMapSize 263055 -jsInitHandle 1336 -jsInitLen 234840 -parentBuildID 20241008210941 -win32kLockedDown -appDir \"C:\\Program Files\\Mozilla Firefox\\browser\" - {68fa2849-b16c-4bda-8860-6c6e76f3323a} 2704 \"\\\\.\\pipe\\gecko-crash-server-pipe.2704\" 7 tab","CurrentDirectory":"C:\\Windows\\system32\\","User":"WIN10\\richard","LogonGuid":"{53968da7-b202-6708-c295-020000000000}","LogonId":"0x295c2","TerminalSessionId":"1","IntegrityLevel":"Low","Hashes":"MD5=571814A7939D001662BBA7760BD0B187,SHA256=9725AFC685C8EE135701E140A83B94FE7D958360A1F546215F7EAFDFF5E53A83,IMPHASH=BB4CE52E8306F88C0B1DA570553704E4","ParentProcessGuid":"{53968da7-ce81-6708-d703-00000000fb00}","ParentProcessId":"2704","ParentImage":"C:\\Program Files\\Mozilla Firefox\\firefox.exe","ParentCommandLine":"\"C:\\Program Files\\Mozilla Firefox\\firefox.exe\" https://www.instagram.com","ParentUser":"WIN10\\richard"}}
{"LogSource":"Microsoft-Windows-Sysmon/Operational","EventId":1,"TimeCreated":"2024-10-11T00:06:42.9522723-07:00","RecordId":172872,"MachineName":"Win10","EventData":{"RuleName":"-","UtcTime":"2024-10-11 07:06:42.950","ProcessGuid":"{53968da7-ce82-6708-df03-00000000fb00}","ProcessId":"720","Image":"C:\\Program Files\\Mozilla Firefox\\firefox.exe","FileVersion":"131.0.2","Description":"Firefox","Product":"Firefox","Company":"Mozilla Corporation","OriginalFileName":"firefox.exe","CommandLine":"\"C:\\Program Files\\Mozilla Firefox\\firefox.exe\" -contentproc --channel=6004 -isForBrowser -prefsHandle 6008 -prefMapHandle 6016 -prefsLen 33583 -prefMapSize 263055 -jsInitHandle 1336 -jsInitLen 234840 -parentBuildID 20241008210941 -win32kLockedDown -appDir \"C:\\Program Files\\Mozilla Firefox\\browser\" - {e420c6bb-0d8d-4c82-96fd-306854d3a905} 2704 \"\\\\.\\pipe\\gecko-crash-server-pipe.2704\" 8 tab","CurrentDirectory":"C:\\Windows\\system32\\","User":"WIN10\\richard","LogonGuid":"{53968da7-b202-6708-c295-020000000000}","LogonId":"0x295c2","TerminalSessionId":"1","IntegrityLevel":"Low","Hashes":"MD5=571814A7939D001662BBA7760BD0B187,SHA256=9725AFC685C8EE135701E140A83B94FE7D958360A1F546215F7EAFDFF5E53A83,IMPHASH=BB4CE52E8306F88C0B1DA570553704E4","ParentProcessGuid":"{53968da7-ce81-6708-d703-00000000fb00}","ParentProcessId":"2704","ParentImage":"C:\\Program Files\\Mozilla Firefox\\firefox.exe","ParentCommandLine":"\"C:\\Program Files\\Mozilla Firefox\\firefox.exe\" https://www.instagram.com","ParentUser":"WIN10\\richard"}}
{"LogSource":"Microsoft-Windows-Sysmon/Operational","EventId":1,"TimeCreated":"2024-10-11T00:06:42.9721965-07:00","RecordId":172873,"MachineName":"Win10","EventData":{"RuleName":"-","UtcTime":"2024-10-11 07:06:42.957","ProcessGuid":"{53968da7-ce82-6708-e003-00000000fb00}","ProcessId":"7664","Image":"C:\\Program Files\\Mozilla Firefox\\firefox.exe","FileVersion":"131.0.2","Description":"Firefox","Product":"Firefox","Company":"Mozilla Corporation","OriginalFileName":"firefox.exe","CommandLine":"\"C:\\Program Files\\Mozilla Firefox\\firefox.exe\" -contentproc --channel=6180 -isForBrowser -prefsHandle 6188 -prefMapHandle 6192 -prefsLen 33583 -prefMapSize 263055 -jsInitHandle 1336 -jsInitLen 234840 -parentBuildID 20241008210941 -win32kLockedDown -appDir \"C:\\Program Files\\Mozilla Firefox\\browser\" - {14bf6e70-e075-4ee0-abc7-23f342261f17} 2704 \"\\\\.\\pipe\\gecko-crash-server-pipe.2704\" 9 tab","CurrentDirectory":"C:\\Windows\\system32\\","User":"WIN10\\richard","LogonGuid":"{53968da7-b202-6708-c295-020000000000}","LogonId":"0x295c2","TerminalSessionId":"1","IntegrityLevel":"Low","Hashes":"MD5=571814A7939D001662BBA7760BD0B187,SHA256=9725AFC685C8EE135701E140A83B94FE7D958360A1F546215F7EAFDFF5E53A83,IMPHASH=BB4CE52E8306F88C0B1DA570553704E4","ParentProcessGuid":"{53968da7-ce81-6708-d703-00000000fb00}","ParentProcessId":"2704","ParentImage":"C:\\Program Files\\Mozilla Firefox\\firefox.exe","ParentCommandLine":"\"C:\\Program Files\\Mozilla Firefox\\firefox.exe\" https://www.instagram.com","ParentUser":"WIN10\\richard"}}
{"LogSource":"Microsoft-Windows-Sysmon/Operational","EventId":22,"TimeCreated":"2024-10-11T00:06:43.2650451-07:00","RecordId":172874,"MachineName":"Win10","EventData":{"RuleName":"-","UtcTime":"2024-10-11 07:06:40.922","ProcessGuid":"{53968da7-ce81-6708-d703-00000000fb00}","ProcessId":"2704","QueryName":"example.org","QueryStatus":"0","QueryResults":"2606:2800:21f:cb07:6820:80da:af6b:8b2c;::ffff:93.184.215.14;","Image":"C:\\Program Files\\Mozilla Firefox\\firefox.exe","User":"WIN10\\richard"}}
{"LogSource":"Microsoft-Windows-Sysmon/Operational","EventId":22,"TimeCreated":"2024-10-11T00:06:43.2662027-07:00","RecordId":172875,"MachineName":"Win10","EventData":{"RuleName":"-","UtcTime":"2024-10-11 07:06:40.922","ProcessGuid":"{53968da7-ce81-6708-d703-00000000fb00}","ProcessId":"2704","QueryName":"example.org","QueryStatus":"0","QueryResults":"2606:2800:21f:cb07:6820:80da:af6b:8b2c;::ffff:93.184.215.14;","Image":"C:\\Program Files\\Mozilla Firefox\\firefox.exe","User":"WIN10\\richard"}}
{"LogSource":"Microsoft-Windows-Sysmon/Operational","EventId":22,"TimeCreated":"2024-10-11T00:06:43.2673126-07:00","RecordId":172876,"MachineName":"Win10","EventData":{"RuleName":"-","UtcTime":"2024-10-11 07:06:40.927","ProcessGuid":"{53968da7-ce81-6708-d703-00000000fb00}","ProcessId":"2704","QueryName":"example.org","QueryStatus":"0","QueryResults":"2606:2800:21f:cb07:6820:80da:af6b:8b2c;","Image":"C:\\Program Files\\Mozilla Firefox\\firefox.exe","User":"WIN10\\richard"}}
{"LogSource":"Microsoft-Windows-Sysmon/Operational","EventId":22,"TimeCreated":"2024-10-11T00:06:43.2684367-07:00","RecordId":172877,"MachineName":"Win10","EventData":{"RuleName":"-","UtcTime":"2024-10-11 07:06:41.078","ProcessGuid":"{53968da7-ce81-6708-d703-00000000fb00}","ProcessId":"2704","QueryName":"forcesafesearch.google.com.","QueryStatus":"0","QueryResults":"216.239.38.120;","Image":"C:\\Program Files\\Mozilla Firefox\\firefox.exe","User":"WIN10\\richard"}}
{"LogSource":"Microsoft-Windows-Sysmon/Operational","EventId":22,"TimeCreated":"2024-10-11T00:06:43.2696046-07:00","RecordId":172878,"MachineName":"Win10","EventData":{"RuleName":"-","UtcTime":"2024-10-11 07:06:41.078","ProcessGuid":"{53968da7-ce81-6708-d703-00000000fb00}","ProcessId":"2704","QueryName":"forcesafesearch.google.com.","QueryStatus":"0","QueryResults":"216.239.38.120;","Image":"C:\\Program Files\\Mozilla Firefox\\firefox.exe","User":"WIN10\\richard"}}
{"LogSource":"Microsoft-Windows-Sysmon/Operational","EventId":22,"TimeCreated":"2024-10-11T00:06:43.2718400-07:00","RecordId":172880,"MachineName":"Win10","EventData":{"RuleName":"-","UtcTime":"2024-10-11 07:06:41.079","ProcessGuid":"{53968da7-ce81-6708-d703-00000000fb00}","ProcessId":"2704","QueryName":"restrict.youtube.com.","QueryStatus":"0","QueryResults":"216.239.38.120;","Image":"C:\\Program Files\\Mozilla Firefox\\firefox.exe","User":"WIN10\\richard"}}
{"LogSource":"Microsoft-Windows-Sysmon/Operational","EventId":22,"TimeCreated":"2024-10-11T00:06:43.2729893-07:00","RecordId":172881,"MachineName":"Win10","EventData":{"RuleName":"-","UtcTime":"2024-10-11 07:06:41.080","ProcessGuid":"{53968da7-ce81-6708-d703-00000000fb00}","ProcessId":"2704","QueryName":"restrictmoderate.youtube.com.","QueryStatus":"0","QueryResults":"216.239.38.119;","Image":"C:\\Program Files\\Mozilla Firefox\\firefox.exe","User":"WIN10\\richard"}}
{"LogSource":"Microsoft-Windows-Sysmon/Operational","EventId":22,"TimeCreated":"2024-10-11T00:06:43.2741529-07:00","RecordId":172882,"MachineName":"Win10","EventData":{"RuleName":"-","UtcTime":"2024-10-11 07:06:41.080","ProcessGuid":"{53968da7-ce81-6708-d703-00000000fb00}","ProcessId":"2704","QueryName":"restrict.youtube.com.","QueryStatus":"0","QueryResults":"216.239.38.120;","Image":"C:\\Program Files\\Mozilla Firefox\\firefox.exe","User":"WIN10\\richard"}}
{"LogSource":"Microsoft-Windows-Sysmon/Operational","EventId":22,"TimeCreated":"2024-10-11T00:06:43.2753380-07:00","RecordId":172883,"MachineName":"Win10","EventData":{"RuleName":"-","UtcTime":"2024-10-11 07:06:41.080","ProcessGuid":"{53968da7-ce81-6708-d703-00000000fb00}","ProcessId":"2704","QueryName":"restrictmoderate.youtube.com.","QueryStatus":"0","QueryResults":"216.239.38.119;","Image":"C:\\Program Files\\Mozilla Firefox\\firefox.exe","User":"WIN10\\richard"}}
{"LogSource":"Microsoft-Windows-Sysmon/Operational","EventId":22,"TimeCreated":"2024-10-11T00:06:43.2765010-07:00","RecordId":172884,"MachineName":"Win10","EventData":{"RuleName":"-","UtcTime":"2024-10-11 07:06:41.081","ProcessGuid":"{53968da7-ce81-6708-d703-00000000fb00}","ProcessId":"2704","QueryName":"restrict.youtube.com","QueryStatus":"0","QueryResults":"216.239.38.120;","Image":"C:\\Program Files\\Mozilla Firefox\\firefox.exe","User":"WIN10\\richard"}}
{"LogSource":"Microsoft-Windows-Sysmon/Operational","EventId":22,"TimeCreated":"2024-10-11T00:06:43.2776242-07:00","RecordId":172885,"MachineName":"Win10","EventData":{"RuleName":"-","UtcTime":"2024-10-11 07:06:41.081","ProcessGuid":"{53968da7-ce81-6708-d703-00000000fb00}","ProcessId":"2704","QueryName":"restrictmoderate.youtube.com","QueryStatus":"0","QueryResults":"216.239.38.119;","Image":"C:\\Program Files\\Mozilla Firefox\\firefox.exe","User":"WIN10\\richard"}}
{"LogSource":"Microsoft-Windows-Sysmon/Operational","EventId":22,"TimeCreated":"2024-10-11T00:06:43.2787763-07:00","RecordId":172886,"MachineName":"Win10","EventData":{"RuleName":"-","UtcTime":"2024-10-11 07:06:41.085","ProcessGuid":"{53968da7-ce81-6708-d703-00000000fb00}","ProcessId":"2704","QueryName":"www.google.com.","QueryStatus":"0","QueryResults":"142.250.217.100;","Image":"C:\\Program Files\\Mozilla Firefox\\firefox.exe","User":"WIN10\\richard"}}
{"LogSource":"Microsoft-Windows-Sysmon/Operational","EventId":22,"TimeCreated":"2024-10-11T00:06:43.2801533-07:00","RecordId":172887,"MachineName":"Win10","EventData":{"RuleName":"-","UtcTime":"2024-10-11 07:06:41.085","ProcessGuid":"{53968da7-ce81-6708-d703-00000000fb00}","ProcessId":"2704","QueryName":"www.google.com.","QueryStatus":"0","QueryResults":"142.250.217.100;","Image":"C:\\Program Files\\Mozilla Firefox\\firefox.exe","User":"WIN10\\richard"}}
{"LogSource":"Microsoft-Windows-Sysmon/Operational","EventId":22,"TimeCreated":"2024-10-11T00:06:43.2812830-07:00","RecordId":172888,"MachineName":"Win10","EventData":{"RuleName":"-","UtcTime":"2024-10-11 07:06:41.086","ProcessGuid":"{53968da7-ce81-6708-d703-00000000fb00}","ProcessId":"2704","QueryName":"www.google.com","QueryStatus":"0","QueryResults":"142.250.217.100;","Image":"C:\\Program Files\\Mozilla Firefox\\firefox.exe","User":"WIN10\\richard"}}
{"LogSource":"Microsoft-Windows-Sysmon/Operational","EventId":22,"TimeCreated":"2024-10-11T00:06:43.2824039-07:00","RecordId":172889,"MachineName":"Win10","EventData":{"RuleName":"-","UtcTime":"2024-10-11 07:06:41.088","ProcessGuid":"{53968da7-ce81-6708-d703-00000000fb00}","ProcessId":"2704","QueryName":"m.youtube.com.","QueryStatus":"0","QueryResults":"142.251.33.78;","Image":"C:\\Program Files\\Mozilla Firefox\\firefox.exe","User":"WIN10\\richard"}}
{"LogSource":"Microsoft-Windows-Sysmon/Operational","EventId":22,"TimeCreated":"2024-10-11T00:06:43.2835094-07:00","RecordId":172890,"MachineName":"Win10","EventData":{"RuleName":"-","UtcTime":"2024-10-11 07:06:41.089","ProcessGuid":"{53968da7-ce81-6708-d703-00000000fb00}","ProcessId":"2704","QueryName":"m.youtube.com.","QueryStatus":"0","QueryResults":"142.251.33.78;","Image":"C:\\Program Files\\Mozilla Firefox\\firefox.exe","User":"WIN10\\richard"}}
{"LogSource":"Microsoft-Windows-Sysmon/Operational","EventId":22,"TimeCreated":"2024-10-11T00:06:43.2846516-07:00","RecordId":172891,"MachineName":"Win10","EventData":{"RuleName":"-","UtcTime":"2024-10-11 07:06:41.089","ProcessGuid":"{53968da7-ce81-6708-d703-00000000fb00}","ProcessId":"2704","QueryName":"m.youtube.com","QueryStatus":"0","QueryResults":"142.251.33.78;","Image":"C:\\Program Files\\Mozilla Firefox\\firefox.exe","User":"WIN10\\richard"}}
{"LogSource":"Microsoft-Windows-Sysmon/Operational","EventId":22,"TimeCreated":"2024-10-11T00:06:43.2858108-07:00","RecordId":172892,"MachineName":"Win10","EventData":{"RuleName":"-","UtcTime":"2024-10-11 07:06:41.089","ProcessGuid":"{53968da7-ce81-6708-d703-00000000fb00}","ProcessId":"2704","QueryName":"www.youtube.com.","QueryStatus":"0","QueryResults":"type:  5 youtube-ui.l.google.com;142.251.33.110;142.251.211.238;142.251.33.78;142.250.217.78;142.250.217.110;142.251.215.238;142.250.69.206;","Image":"C:\\Program Files\\Mozilla Firefox\\firefox.exe","User":"WIN10\\richard"}}
