{"LogSource":"Microsoft-Windows-Sysmon/Operational","EventId":1,"TimeCreated":"2024-10-11T02:04:14.5704040-07:00","RecordId":173489,"MachineName":"Win10","EventData":{"RuleName":"-","UtcTime":"2024-10-11 09:04:14.568","ProcessGuid":"{53968da7-ea0e-6708-6007-00000000fb00}","ProcessId":"4588","Image":"C:\\Program Files (x86)\\Google\\GoogleUpdater\\130.0.6679.0\\updater.exe","FileVersion":"130.0.6679.0","Description":"Google Updater","Product":"Google Updater","Company":"Google LLC","OriginalFileName":"updater.exe","CommandLine":"\"C:\\Program Files (x86)\\Google\\GoogleUpdater\\130.0.6679.0\\updater.exe\" --system --windows-service --service=update-internal","CurrentDirectory":"C:\\Windows\\system32\\","User":"NT AUTHORITY\\SYSTEM","LogonGuid":"{53968da7-b200-6708-e703-000000000000}","LogonId":"0x3e7","TerminalSessionId":"0","IntegrityLevel":"System","Hashes":"MD5=C583E91DDEE7C0E8AC2A3D3AACAD2F4C,SHA256=7F67129760223E5DDF31219F0B2E247555FBAC85F4B6F933212AC091A21DEBF9,IMPHASH=20AB254B36A04EA3556F60145D061FED","ParentProcessGuid":"{53968da7-b1ff-6708-0b00-00000000fb00}","ParentProcessId":"740","ParentImage":"C:\\Windows\\System32\\services.exe","ParentCommandLine":"C:\\Windows\\system32\\services.exe","ParentUser":"NT AUTHORITY\\SYSTEM"}}
{"LogSource":"Microsoft-Windows-Sysmon/Operational","EventId":1,"TimeCreated":"2024-10-11T02:04:14.6229015-07:00","RecordId":173491,"MachineName":"Win10","EventData":{"RuleName":"-","UtcTime":"2024-10-11 09:04:14.621","ProcessGuid":"{53968da7-ea0e-6708-6207-00000000fb00}","ProcessId":"4648","Image":"C:\\Program Files (x86)\\Google\\GoogleUpdater\\130.0.6679.0\\updater.exe","FileVersion":"130.0.6679.0","Description":"Google Updater","Product":"Google Updater","Company":"Google LLC","OriginalFileName":"updater.exe","CommandLine":"\"C:\\Program Files (x86)\\Google\\GoogleUpdater\\130.0.6679.0\\updater.exe\" --system --windows-service --service=update","CurrentDirectory":"C:\\Windows\\system32\\","User":"NT AUTHORITY\\SYSTEM","LogonGuid":"{53968da7-b200-6708-e703-000000000000}","LogonId":"0x3e7","TerminalSessionId":"0","IntegrityLevel":"System","Hashes":"MD5=C583E91DDEE7C0E8AC2A3D3AACAD2F4C,SHA256=7F67129760223E5DDF31219F0B2E247555FBAC85F4B6F933212AC091A21DEBF9,IMPHASH=20AB254B36A04EA3556F60145D061FED","ParentProcessGuid":"{53968da7-b1ff-6708-0b00-00000000fb00}","ParentProcessId":"740","ParentImage":"C:\\Windows\\System32\\services.exe","ParentCommandLine":"C:\\Windows\\system32\\services.exe","ParentUser":"NT AUTHORITY\\SYSTEM"}}
{"LogSource":"Microsoft-Windows-Sysmon/Operational","EventId":1,"TimeCreated":"2024-10-11T02:04:14.6410308-07:00","RecordId":173492,"MachineName":"Win10","EventData":{"RuleName":"-","UtcTime":"2024-10-11 09:04:14.638","ProcessGuid":"{53968da7-ea0e-6708-6307-00000000fb00}","ProcessId":"7484","Image":"C:\\Program Files (x86)\\Google\\GoogleUpdater\\130.0.6679.0\\updater.exe","FileVersion":"130.0.6679.0","Description":"Google Updater","Product":"Google Updater","Company":"Google LLC","OriginalFileName":"updater.exe","CommandLine":"\"C:\\Program Files (x86)\\Google\\GoogleUpdater\\130.0.6679.0\\updater.exe\" --crash-handler --system \"--database=C:\\Program Files (x86)\\Google\\GoogleUpdater\\130.0.6679.0\\Crashpad\" --url=https://clients2.google.com/cr/report --annotation=prod=Update4 --annotation=ver=130.0.6679.0 \"--attachment=C:\\Program Files (x86)\\Google\\GoogleUpdater\\updater.log\" --initial-client-data=0x2b0,0x2b4,0x2b8,0xdc,0x2bc,0xdaa6cc,0xdaa6d8,0xdaa6e4","CurrentDirectory":"C:\\Windows\\system32\\","User":"NT AUTHORITY\\SYSTEM","LogonGuid":"{53968da7-b200-6708-e703-000000000000}","LogonId":"0x3e7","TerminalSessionId":"0","IntegrityLevel":"System","Hashes":"MD5=C583E91DDEE7C0E8AC2A3D3AACAD2F4C,SHA256=7F67129760223E5DDF31219F0B2E247555FBAC85F4B6F933212AC091A21DEBF9,IMPHASH=20AB254B36A04EA3556F60145D061FED","ParentProcessGuid":"{53968da7-ea0e-6708-6207-00000000fb00}","ParentProcessId":"4648","ParentImage":"C:\\Program Files (x86)\\Google\\GoogleUpdater\\130.0.6679.0\\updater.exe","ParentCommandLine":"\"C:\\Program Files (x86)\\Google\\GoogleUpdater\\130.0.6679.0\\updater.exe\" --system --windows-service --service=update","ParentUser":"NT AUTHORITY\\SYSTEM"}}
{"LogSource":"Microsoft-Windows-Sysmon/Operational","EventId":1,"TimeCreated":"2024-10-11T02:04:14.5880771-07:00","RecordId":173490,"MachineName":"Win10","EventData":{"RuleName":"-","UtcTime":"2024-10-11 09:04:14.586","ProcessGuid":"{53968da7-ea0e-6708-6107-00000000fb00}","ProcessId":"2668","Image":"C:\\Program Files (x86)\\Google\\GoogleUpdater\\130.0.6679.0\\updater.exe","FileVersion":"130.0.6679.0","Description":"Google Updater","Product":"Google Updater","Company":"Google LLC","OriginalFileName":"updater.exe","CommandLine":"\"C:\\Program Files (x86)\\Google\\GoogleUpdater\\130.0.6679.0\\updater.exe\" --crash-handler --system \"--database=C:\\Program Files (x86)\\Google\\GoogleUpdater\\130.0.6679.0\\Crashpad\" --url=https://clients2.google.com/cr/report --annotation=prod=Update4 --annotation=ver=130.0.6679.0 \"--attachment=C:\\Program Files (x86)\\Google\\GoogleUpdater\\updater.log\" --initial-client-data=0x29c,0x2a0,0x2a4,0xcc,0x2a8,0xdaa6cc,0xdaa6d8,0xdaa6e4","CurrentDirectory":"C:\\Windows\\system32\\","User":"NT AUTHORITY\\SYSTEM","LogonGuid":"{53968da7-b200-6708-e703-000000000000}","LogonId":"0x3e7","TerminalSessionId":"0","IntegrityLevel":"System","Hashes":"MD5=C583E91DDEE7C0E8AC2A3D3AACAD2F4C,SHA256=7F67129760223E5DDF31219F0B2E247555FBAC85F4B6F933212AC091A21DEBF9,IMPHASH=20AB254B36A04EA3556F60145D061FED","ParentProcessGuid":"{53968da7-ea0e-6708-6007-00000000fb00}","ParentProcessId":"4588","ParentImage":"C:\\Program Files (x86)\\Google\\GoogleUpdater\\130.0.6679.0\\updater.exe","ParentCommandLine":"\"C:\\Program Files (x86)\\Google\\GoogleUpdater\\130.0.6679.0\\updater.exe\" --system --windows-service --service=update-internal","ParentUser":"NT AUTHORITY\\SYSTEM"}}
{"LogSource":"Microsoft-Windows-Sysmon/Operational","EventId":1,"TimeCreated":"2024-10-11T02:04:15.8849484-07:00","RecordId":173493,"MachineName":"Win10","EventData":{"RuleName":"-","UtcTime":"2024-10-11 09:04:15.878","ProcessGuid":"{53968da7-ea0f-6708-6507-00000000fb00}","ProcessId":"8440","Image":"C:\\Program Files (x86)\\Google\\GoogleUpdater\\130.0.6679.0\\updater.exe","FileVersion":"130.0.6679.0","Description":"Google Updater","Product":"Google Updater","Company":"Google LLC","OriginalFileName":"updater.exe","CommandLine":"\"C:\\Program Files (x86)\\Google\\GoogleUpdater\\130.0.6679.0\\updater.exe\" --wake --system","CurrentDirectory":"C:\\Windows\\system32\\","User":"NT AUTHORITY\\SYSTEM","LogonGuid":"{53968da7-b200-6708-e703-000000000000}","LogonId":"0x3e7","TerminalSessionId":"0","IntegrityLevel":"System","Hashes":"MD5=C583E91DDEE7C0E8AC2A3D3AACAD2F4C,SHA256=7F67129760223E5DDF31219F0B2E247555FBAC85F4B6F933212AC091A21DEBF9,IMPHASH=20AB254B36A04EA3556F60145D061FED","ParentProcessGuid":"{53968da7-b200-6708-1100-00000000fb00}","ParentProcessId":"492","ParentImage":"C:\\Windows\\System32\\svchost.exe","ParentCommandLine":"C:\\Windows\\system32\\svchost.exe -k netsvcs -p","ParentUser":"NT AUTHORITY\\SYSTEM"}}
{"LogSource":"Microsoft-Windows-Sysmon/Operational","EventId":1,"TimeCreated":"2024-10-11T02:04:15.9048094-07:00","RecordId":173494,"MachineName":"Win10","EventData":{"RuleName":"-","UtcTime":"2024-10-11 09:04:15.902","ProcessGuid":"{53968da7-ea0f-6708-6607-00000000fb00}","ProcessId":"8344","Image":"C:\\Program Files (x86)\\Google\\GoogleUpdater\\130.0.6679.0\\updater.exe","FileVersion":"130.0.6679.0","Description":"Google Updater","Product":"Google Updater","Company":"Google LLC","OriginalFileName":"updater.exe","CommandLine":"\"C:\\Program Files (x86)\\Google\\GoogleUpdater\\130.0.6679.0\\updater.exe\" --crash-handler --system \"--database=C:\\Program Files (x86)\\Google\\GoogleUpdater\\130.0.6679.0\\Crashpad\" --url=https://clients2.google.com/cr/report --annotation=prod=Update4 --annotation=ver=130.0.6679.0 \"--attachment=C:\\Program Files (x86)\\Google\\GoogleUpdater\\updater.log\" --initial-client-data=0x29c,0x2a0,0x2a4,0x278,0x2a8,0xdaa6cc,0xdaa6d8,0xdaa6e4","CurrentDirectory":"C:\\Windows\\system32\\","User":"NT AUTHORITY\\SYSTEM","LogonGuid":"{53968da7-b200-6708-e703-000000000000}","LogonId":"0x3e7","TerminalSessionId":"0","IntegrityLevel":"System","Hashes":"MD5=C583E91DDEE7C0E8AC2A3D3AACAD2F4C,SHA256=7F67129760223E5DDF31219F0B2E247555FBAC85F4B6F933212AC091A21DEBF9,IMPHASH=20AB254B36A04EA3556F60145D061FED","ParentProcessGuid":"{53968da7-ea0f-6708-6507-00000000fb00}","ParentProcessId":"8440","ParentImage":"C:\\Program Files (x86)\\Google\\GoogleUpdater\\130.0.6679.0\\updater.exe","ParentCommandLine":"\"C:\\Program Files (x86)\\Google\\GoogleUpdater\\130.0.6679.0\\updater.exe\" --wake --system","ParentUser":"NT AUTHORITY\\SYSTEM"}}
{"LogSource":"Microsoft-Windows-Sysmon/Operational","EventId":1,"TimeCreated":"2024-10-11T02:04:43.4257387-07:00","RecordId":173495,"MachineName":"Win10","EventData":{"RuleName":"-","UtcTime":"2024-10-11 09:04:43.423","ProcessGuid":"{53968da7-ea2b-6708-6707-00000000fb00}","ProcessId":"5372","Image":"C:\\Program Files\\Windows NT\\Accessories\\wordpad.exe","FileVersion":"10.0.19041.5007 (WinBuild.160101.0800)","Description":"Windows Wordpad Application","Product":"Microsoft® Windows® Operating System","Company":"Microsoft Corporation","OriginalFileName":"WORDPAD.EXE","CommandLine":"\"C:\\Program Files\\Windows NT\\Accessories\\wordpad.exe\" ","CurrentDirectory":"C:\\Windows\\system32\\","User":"WIN10\\richard","LogonGuid":"{53968da7-b202-6708-7195-020000000000}","LogonId":"0x29571","TerminalSessionId":"1","IntegrityLevel":"High","Hashes":"MD5=09B94F3F82679DAD1EB15827655D4754,SHA256=C91594A4539B971A59EC301154114F21D0FC86ECA43AE064FD4DA56D4856C009,IMPHASH=9315BEF4B5484B572936D208E8B654A0","ParentProcessGuid":"{53968da7-be30-6708-5201-00000000fb00}","ParentProcessId":"6876","ParentImage":"C:\\Windows\\System32\\WindowsPowerShell\\v1.0\\powershell_ise.exe","ParentCommandLine":"\"C:\\Windows\\system32\\WindowsPowerShell\\v1.0\\PowerShell_ISE.exe\" ","ParentUser":"WIN10\\richard"}}
{"LogSource":"Microsoft-Windows-Sysmon/Operational","EventId":1,"TimeCreated":"2024-10-11T02:05:13.0779263-07:00","RecordId":173496,"MachineName":"Win10","EventData":{"RuleName":"-","UtcTime":"2024-10-11 09:05:13.068","ProcessGuid":"{53968da7-ea49-6708-6807-00000000fb00}","ProcessId":"6204","Image":"C:\\Program Files\\RUXIM\\PLUGScheduler.exe","FileVersion":"10.0.19041.4466 (WinBuild.160101.0800)","Description":"Windows Update LifeCycle Component Scheduler","Product":"Microsoft® Windows® Operating System","Company":"Microsoft Corporation","OriginalFileName":"PLUGScheduler.exe","CommandLine":"\"C:\\Program Files\\RUXIM\\PLUGscheduler.exe\"","CurrentDirectory":"C:\\Program Files\\RUXIM\\","User":"NT AUTHORITY\\SYSTEM","LogonGuid":"{53968da7-b200-6708-e703-000000000000}","LogonId":"0x3e7","TerminalSessionId":"0","IntegrityLevel":"System","Hashes":"MD5=BBEFEBF320F880BED4CA966F5EFCF302,SHA256=9F978524CD6320FA9682FEA3AFB9C7DCD94A39C96E22F679FBA395412A31C1C3,IMPHASH=FAF82FE923B5805C0D2C99C64E8A681A","ParentProcessGuid":"{53968da7-b200-6708-1100-00000000fb00}","ParentProcessId":"492","ParentImage":"C:\\Windows\\System32\\svchost.exe","ParentCommandLine":"C:\\Windows\\system32\\svchost.exe -k netsvcs -p","ParentUser":"NT AUTHORITY\\SYSTEM"}}
{"LogSource":"Microsoft-Windows-Sysmon/Operational","EventId":1,"TimeCreated":"2024-10-11T02:05:21.5409041-07:00","RecordId":173497,"MachineName":"Win10","EventData":{"RuleName":"-","UtcTime":"2024-10-11 09:05:21.539","ProcessGuid":"{53968da7-ea51-6708-6907-00000000fb00}","ProcessId":"3696","Image":"C:\\Program Files\\Google\\Chrome\\Application\\chrome.exe","FileVersion":"129.0.6668.100","Description":"Google Chrome","Product":"Google Chrome","Company":"Google LLC","OriginalFileName":"chrome.exe","CommandLine":"\"C:\\Program Files\\Google\\Chrome\\Application\\chrome.exe\" https://www.netflix.com ","CurrentDirectory":"C:\\Windows\\system32\\","User":"WIN10\\richard","LogonGuid":"{53968da7-b202-6708-7195-020000000000}","LogonId":"0x29571","TerminalSessionId":"1","IntegrityLevel":"High","Hashes":"MD5=47679449E8A738D8B1849668622E7C9E,SHA256=2D2A32CBCCED69610445D92965CA710EF2DA89C3788EBB98FF8612EBFFAC917B,IMPHASH=8AA69BFB46216FA413519FB53924B2F9","ParentProcessGuid":"{53968da7-be30-6708-5201-00000000fb00}","ParentProcessId":"6876","ParentImage":"C:\\Windows\\System32\\WindowsPowerShell\\v1.0\\powershell_ise.exe","ParentCommandLine":"\"C:\\Windows\\system32\\WindowsPowerShell\\v1.0\\PowerShell_ISE.exe\" ","ParentUser":"WIN10\\richard"}}
{"LogSource":"Microsoft-Windows-Sysmon/Operational","EventId":1,"TimeCreated":"2024-10-11T02:05:21.6683247-07:00","RecordId":173498,"MachineName":"Win10","EventData":{"RuleName":"-","UtcTime":"2024-10-11 09:05:21.666","ProcessGuid":"{53968da7-ea51-6708-6d07-00000000fb00}","ProcessId":"8652","Image":"C:\\Program Files\\Google\\Chrome\\Application\\129.0.6668.100\\elevation_service.exe","FileVersion":"129.0.6668.100","Description":"Google Chrome","Product":"Google Chrome","Company":"Google LLC","OriginalFileName":"elevation_service.exe","CommandLine":"\"C:\\Program Files\\Google\\Chrome\\Application\\129.0.6668.100\\elevation_service.exe\"","CurrentDirectory":"C:\\Windows\\system32\\","User":"NT AUTHORITY\\SYSTEM","LogonGuid":"{53968da7-b200-6708-e703-000000000000}","LogonId":"0x3e7","TerminalSessionId":"0","IntegrityLevel":"System","Hashes":"MD5=472B2328D62FEC7E774166FD75C18FF6,SHA256=56291421DA56A296F3F0AEF18CA0FB3C0925779EEE7B4734A07A24E59348D9CE,IMPHASH=E2CE387C73E135211A0D2FF087A2F9F3","ParentProcessGuid":"{53968da7-b1ff-6708-0b00-00000000fb00}","ParentProcessId":"740","ParentImage":"C:\\Windows\\System32\\services.exe","ParentCommandLine":"C:\\Windows\\system32\\services.exe","ParentUser":"NT AUTHORITY\\SYSTEM"}}
{"LogSource":"Microsoft-Windows-Sysmon/Operational","EventId":22,"TimeCreated":"2024-10-11T02:05:23.7886187-07:00","RecordId":173499,"MachineName":"Win10","EventData":{"RuleName":"-","UtcTime":"2024-10-11 09:05:20.718","ProcessGuid":"{53968da7-ea51-6708-6c07-00000000fb00}","ProcessId":"5620","QueryName":"wpad","QueryStatus":"9003","QueryResults":"-","Image":"C:\\Program Files\\Google\\Chrome\\Application\\chrome.exe","User":"WIN10\\richard"}}
{"LogSource":"Microsoft-Windows-Sysmon/Operational","EventId":22,"TimeCreated":"2024-10-11T02:05:23.7896013-07:00","RecordId":173500,"MachineName":"Win10","EventData":{"RuleName":"-","UtcTime":"2024-10-11 09:05:20.756","ProcessGuid":"{53968da7-ea51-6708-6c07-00000000fb00}","ProcessId":"5620","QueryName":"wpad","QueryStatus":"9003","QueryResults":"-","Image":"C:\\Program Files\\Google\\Chrome\\Application\\chrome.exe","User":"WIN10\\richard"}}
{"LogSource":"Microsoft-Windows-Sysmon/Operational","EventId":22,"TimeCreated":"2024-10-11T02:05:23.7906067-07:00","RecordId":173501,"MachineName":"Win10","EventData":{"RuleName":"-","UtcTime":"2024-10-11 09:05:20.760","ProcessGuid":"{53968da7-ea51-6708-6c07-00000000fb00}","ProcessId":"5620","QueryName":"wpad","QueryStatus":"9003","QueryResults":"-","Image":"C:\\Program Files\\Google\\Chrome\\Application\\chrome.exe","User":"WIN10\\richard"}}
{"LogSource":"Microsoft-Windows-Sysmon/Operational","EventId":22,"TimeCreated":"2024-10-11T02:05:32.0167832-07:00","RecordId":173502,"MachineName":"Win10","EventData":{"RuleName":"-","UtcTime":"2024-10-11 09:05:28.740","ProcessGuid":"{53968da7-ea51-6708-6c07-00000000fb00}","ProcessId":"5620","QueryName":"wpad","QueryStatus":"9003","QueryResults":"-","Image":"C:\\Program Files\\Google\\Chrome\\Application\\chrome.exe","User":"WIN10\\richard"}}
{"LogSource":"Microsoft-Windows-Sysmon/Operational","EventId":1,"TimeCreated":"2024-10-11T02:05:40.6358028-07:00","RecordId":173503,"MachineName":"Win10","EventData":{"RuleName":"-","UtcTime":"2024-10-11 09:05:40.634","ProcessGuid":"{53968da7-ea64-6708-7a07-00000000fb00}","ProcessId":"6452","Image":"C:\\Program Files (x86)\\Google\\GoogleUpdater\\130.0.6679.0\\updater.exe","FileVersion":"130.0.6679.0","Description":"Google Updater","Product":"Google Updater","Company":"Google LLC","OriginalFileName":"updater.exe","CommandLine":"\"C:\\Program Files (x86)\\Google\\GoogleUpdater\\130.0.6679.0\\updater.exe\" --system --windows-service --service=update","CurrentDirectory":"C:\\Windows\\system32\\","User":"NT AUTHORITY\\SYSTEM","LogonGuid":"{53968da7-b200-6708-e703-000000000000}","LogonId":"0x3e7","TerminalSessionId":"0","IntegrityLevel":"System","Hashes":"MD5=C583E91DDEE7C0E8AC2A3D3AACAD2F4C,SHA256=7F67129760223E5DDF31219F0B2E247555FBAC85F4B6F933212AC091A21DEBF9,IMPHASH=20AB254B36A04EA3556F60145D061FED","ParentProcessGuid":"{53968da7-b1ff-6708-0b00-00000000fb00}","ParentProcessId":"740","ParentImage":"C:\\Windows\\System32\\services.exe","ParentCommandLine":"C:\\Windows\\system32\\services.exe","ParentUser":"NT AUTHORITY\\SYSTEM"}}
{"LogSource":"Microsoft-Windows-Sysmon/Operational","EventId":1,"TimeCreated":"2024-10-11T02:05:40.6543463-07:00","RecordId":173504,"MachineName":"Win10","EventData":{"RuleName":"-","UtcTime":"2024-10-11 09:05:40.652","ProcessGuid":"{53968da7-ea64-6708-7b07-00000000fb00}","ProcessId":"4136","Image":"C:\\Program Files (x86)\\Google\\GoogleUpdater\\130.0.6679.0\\updater.exe","FileVersion":"130.0.6679.0","Description":"Google Updater","Product":"Google Updater","Company":"Google LLC","OriginalFileName":"updater.exe","CommandLine":"\"C:\\Program Files (x86)\\Google\\GoogleUpdater\\130.0.6679.0\\updater.exe\" --crash-handler --system \"--database=C:\\Program Files (x86)\\Google\\GoogleUpdater\\130.0.6679.0\\Crashpad\" --url=https://clients2.google.com/cr/report --annotation=prod=Update4 --annotation=ver=130.0.6679.0 \"--attachment=C:\\Program Files (x86)\\Google\\GoogleUpdater\\updater.log\" --initial-client-data=0x29c,0x2a0,0x2a4,0x278,0x2a8,0xdaa6cc,0xdaa6d8,0xdaa6e4","CurrentDirectory":"C:\\Windows\\system32\\","User":"NT AUTHORITY\\SYSTEM","LogonGuid":"{53968da7-b200-6708-e703-000000000000}","LogonId":"0x3e7","TerminalSessionId":"0","IntegrityLevel":"System","Hashes":"MD5=C583E91DDEE7C0E8AC2A3D3AACAD2F4C,SHA256=7F67129760223E5DDF31219F0B2E247555FBAC85F4B6F933212AC091A21DEBF9,IMPHASH=20AB254B36A04EA3556F60145D061FED","ParentProcessGuid":"{53968da7-ea64-6708-7a07-00000000fb00}","ParentProcessId":"6452","ParentImage":"C:\\Program Files (x86)\\Google\\GoogleUpdater\\130.0.6679.0\\updater.exe","ParentCommandLine":"\"C:\\Program Files (x86)\\Google\\GoogleUpdater\\130.0.6679.0\\updater.exe\" --system --windows-service --service=update","ParentUser":"NT AUTHORITY\\SYSTEM"}}
{"LogSource":"Microsoft-Windows-Sysmon/Operational","EventId":1,"TimeCreated":"2024-10-11T02:06:29.7189590-07:00","RecordId":173505,"MachineName":"Win10","EventData":{"RuleName":"-","UtcTime":"2024-10-11 09:06:29.717","ProcessGuid":"{53968da7-ea95-6708-7c07-00000000fb00}","ProcessId":"8848","Image":"C:\\Program Files\\Mozilla Firefox\\firefox.exe","FileVersion":"131.0.2","Description":"Firefox","Product":"Firefox","Company":"Mozilla Corporation","OriginalFileName":"firefox.exe","CommandLine":"\"C:\\Program Files\\Mozilla Firefox\\firefox.exe\" https://www.instagram.com ","CurrentDirectory":"C:\\Windows\\system32\\","User":"WIN10\\richard","LogonGuid":"{53968da7-b202-6708-7195-020000000000}","LogonId":"0x29571","TerminalSessionId":"1","IntegrityLevel":"High","Hashes":"MD5=571814A7939D001662BBA7760BD0B187,SHA256=9725AFC685C8EE135701E140A83B94FE7D958360A1F546215F7EAFDFF5E53A83,IMPHASH=BB4CE52E8306F88C0B1DA570553704E4","ParentProcessGuid":"{53968da7-be30-6708-5201-00000000fb00}","ParentProcessId":"6876","ParentImage":"C:\\Windows\\System32\\WindowsPowerShell\\v1.0\\powershell_ise.exe","ParentCommandLine":"\"C:\\Windows\\system32\\WindowsPowerShell\\v1.0\\PowerShell_ISE.exe\" ","ParentUser":"WIN10\\richard"}}
{"LogSource":"Microsoft-Windows-Sysmon/Operational","EventId":1,"TimeCreated":"2024-10-11T02:06:29.7506720-07:00","RecordId":173506,"MachineName":"Win10","EventData":{"RuleName":"-","UtcTime":"2024-10-11 09:06:29.749","ProcessGuid":"{53968da7-ea95-6708-7d07-00000000fb00}","ProcessId":"4600","Image":"C:\\Program Files\\Mozilla Firefox\\firefox.exe","FileVersion":"131.0.2","Description":"Firefox","Product":"Firefox","Company":"Mozilla Corporation","OriginalFileName":"firefox.exe","CommandLine":"\"C:\\Program Files\\Mozilla Firefox\\firefox.exe\" https://www.instagram.com --attempting-deelevation","CurrentDirectory":"C:\\Windows\\system32\\","User":"WIN10\\richard","LogonGuid":"{53968da7-b202-6708-c295-020000000000}","LogonId":"0x295c2","TerminalSessionId":"1","IntegrityLevel":"Medium","Hashes":"MD5=571814A7939D001662BBA7760BD0B187,SHA256=9725AFC685C8EE135701E140A83B94FE7D958360A1F546215F7EAFDFF5E53A83,IMPHASH=BB4CE52E8306F88C0B1DA570553704E4","ParentProcessGuid":"{53968da7-b203-6708-4f00-00000000fb00}","ParentProcessId":"4396","ParentImage":"C:\\Windows\\explorer.exe","ParentCommandLine":"C:\\Windows\\Explorer.EXE","ParentUser":"WIN10\\richard"}}
{"LogSource":"Microsoft-Windows-Sysmon/Operational","EventId":1,"TimeCreated":"2024-10-11T02:06:29.7599966-07:00","RecordId":173507,"MachineName":"Win10","EventData":{"RuleName":"-","UtcTime":"2024-10-11 09:06:29.758","ProcessGuid":"{53968da7-ea95-6708-7e07-00000000fb00}","ProcessId":"2724","Image":"C:\\Program Files\\Mozilla Firefox\\firefox.exe","FileVersion":"131.0.2","Description":"Firefox","Product":"Firefox","Company":"Mozilla Corporation","OriginalFileName":"firefox.exe","CommandLine":"\"C:\\Program Files\\Mozilla Firefox\\firefox.exe\" https://www.instagram.com","CurrentDirectory":"C:\\Windows\\system32\\","User":"WIN10\\richard","LogonGuid":"{53968da7-b202-6708-c295-020000000000}","LogonId":"0x295c2","TerminalSessionId":"1","IntegrityLevel":"Medium","Hashes":"MD5=571814A7939D001662BBA7760BD0B187,SHA256=9725AFC685C8EE135701E140A83B94FE7D958360A1F546215F7EAFDFF5E53A83,IMPHASH=BB4CE52E8306F88C0B1DA570553704E4","ParentProcessGuid":"{53968da7-ea95-6708-7d07-00000000fb00}","ParentProcessId":"4600","ParentImage":"C:\\Program Files\\Mozilla Firefox\\firefox.exe","ParentCommandLine":"\"C:\\Program Files\\Mozilla Firefox\\firefox.exe\" https://www.instagram.com --attempting-deelevation","ParentUser":"WIN10\\richard"}}
{"LogSource":"Microsoft-Windows-Sysmon/Operational","EventId":1,"TimeCreated":"2024-10-11T02:06:29.9375897-07:00","RecordId":173508,"MachineName":"Win10","EventData":{"RuleName":"-","UtcTime":"2024-10-11 09:06:29.935","ProcessGuid":"{53968da7-ea95-6708-7f07-00000000fb00}","ProcessId":"6220","Image":"C:\\Program Files\\Mozilla Firefox\\firefox.exe","FileVersion":"131.0.2","Description":"Firefox","Product":"Firefox","Company":"Mozilla Corporation","OriginalFileName":"firefox.exe","CommandLine":"\"C:\\Program Files\\Mozilla Firefox\\firefox.exe\" -contentproc --channel=1652 -parentBuildID 20241008210941 -prefsHandle 1580 -prefMapHandle 1560 -prefsLen 30861 -prefMapSize 263055 -appDir \"C:\\Program Files\\Mozilla Firefox\\browser\" - {3e511396-57aa-4a2b-b02d-99178b9526cd} 2724 \"\\\\.\\pipe\\gecko-crash-server-pipe.2724\" 1 gpu","CurrentDirectory":"C:\\Windows\\system32\\","User":"WIN10\\richard","LogonGuid":"{53968da7-b202-6708-c295-020000000000}","LogonId":"0x295c2","TerminalSessionId":"1","IntegrityLevel":"Low","Hashes":"MD5=571814A7939D001662BBA7760BD0B187,SHA256=9725AFC685C8EE135701E140A83B94FE7D958360A1F546215F7EAFDFF5E53A83,IMPHASH=BB4CE52E8306F88C0B1DA570553704E4","ParentProcessGuid":"{53968da7-ea95-6708-7e07-00000000fb00}","ParentProcessId":"2724","ParentImage":"C:\\Program Files\\Mozilla Firefox\\firefox.exe","ParentCommandLine":"\"C:\\Program Files\\Mozilla Firefox\\firefox.exe\" https://www.instagram.com","ParentUser":"WIN10\\richard"}}
{"LogSource":"Microsoft-Windows-Sysmon/Operational","EventId":1,"TimeCreated":"2024-10-11T02:06:30.0040266-07:00","RecordId":173509,"MachineName":"Win10","EventData":{"RuleName":"-","UtcTime":"2024-10-11 09:06:30.002","ProcessGuid":"{53968da7-ea96-6708-8007-00000000fb00}","ProcessId":"1852","Image":"C:\\Program Files\\Mozilla Firefox\\firefox.exe","FileVersion":"131.0.2","Description":"Firefox","Product":"Firefox","Company":"Mozilla Corporation","OriginalFileName":"firefox.exe","CommandLine":"\"C:\\Program Files\\Mozilla Firefox\\firefox.exe\"","CurrentDirectory":"C:\\Windows\\system32\\","User":"WIN10\\richard","LogonGuid":"{53968da7-b202-6708-c295-020000000000}","LogonId":"0x295c2","TerminalSessionId":"1","IntegrityLevel":"Medium","Hashes":"MD5=571814A7939D001662BBA7760BD0B187,SHA256=9725AFC685C8EE135701E140A83B94FE7D958360A1F546215F7EAFDFF5E53A83,IMPHASH=BB4CE52E8306F88C0B1DA570553704E4","ParentProcessGuid":"{53968da7-ea95-6708-7e07-00000000fb00}","ParentProcessId":"2724","ParentImage":"C:\\Program Files\\Mozilla Firefox\\firefox.exe","ParentCommandLine":"\"C:\\Program Files\\Mozilla Firefox\\firefox.exe\" https://www.instagram.com","ParentUser":"WIN10\\richard"}}
{"LogSource":"Microsoft-Windows-Sysmon/Operational","EventId":1,"TimeCreated":"2024-10-11T02:06:30.0121944-07:00","RecordId":173510,"MachineName":"Win10","EventData":{"RuleName":"-","UtcTime":"2024-10-11 09:06:30.010","ProcessGuid":"{53968da7-ea96-6708-8107-00000000fb00}","ProcessId":"1648","Image":"C:\\Program Files\\Mozilla Firefox\\firefox.exe","FileVersion":"131.0.2","Description":"Firefox","Product":"Firefox","Company":"Mozilla Corporation","OriginalFileName":"firefox.exe","CommandLine":"\"C:\\Program Files\\Mozilla Firefox\\firefox.exe\"","CurrentDirectory":"C:\\Windows\\system32\\","User":"WIN10\\richard","LogonGuid":"{53968da7-b202-6708-c295-020000000000}","LogonId":"0x295c2","TerminalSessionId":"1","IntegrityLevel":"Medium","Hashes":"MD5=571814A7939D001662BBA7760BD0B187,SHA256=9725AFC685C8EE135701E140A83B94FE7D958360A1F546215F7EAFDFF5E53A83,IMPHASH=BB4CE52E8306F88C0B1DA570553704E4","ParentProcessGuid":"{53968da7-ea96-6708-8007-00000000fb00}","ParentProcessId":"1852","ParentImage":"C:\\Program Files\\Mozilla Firefox\\firefox.exe","ParentCommandLine":"\"C:\\Program Files\\Mozilla Firefox\\firefox.exe\"","ParentUser":"WIN10\\richard"}}
{"LogSource":"Microsoft-Windows-Sysmon/Operational","EventId":1,"TimeCreated":"2024-10-11T02:06:30.1894910-07:00","RecordId":173511,"MachineName":"Win10","EventData":{"RuleName":"-","UtcTime":"2024-10-11 09:06:30.187","ProcessGuid":"{53968da7-ea96-6708-8207-00000000fb00}","ProcessId":"7532","Image":"C:\\Program Files\\Mozilla Firefox\\firefox.exe","FileVersion":"131.0.2","Description":"Firefox","Product":"Firefox","Company":"Mozilla Corporation","OriginalFileName":"firefox.exe","CommandLine":"\"C:\\Program Files\\Mozilla Firefox\\firefox.exe\" -contentproc --channel=1912 -parentBuildID 20241008210941 -prefsHandle 1840 -prefMapHandle 1832 -prefsLen 30861 -prefMapSize 263055 -appDir \"C:\\Program Files\\Mozilla Firefox\\browser\" - {5dec892c-4243-4002-a7ad-21dd2b0b073d} 1648 \"\\\\.\\pipe\\gecko-crash-server-pipe.1648\" 1 gpu","CurrentDirectory":"C:\\Windows\\system32\\","User":"WIN10\\richard","LogonGuid":"{53968da7-b202-6708-c295-020000000000}","LogonId":"0x295c2","TerminalSessionId":"1","IntegrityLevel":"Low","Hashes":"MD5=571814A7939D001662BBA7760BD0B187,SHA256=9725AFC685C8EE135701E140A83B94FE7D958360A1F546215F7EAFDFF5E53A83,IMPHASH=BB4CE52E8306F88C0B1DA570553704E4","ParentProcessGuid":"{53968da7-ea96-6708-8107-00000000fb00}","ParentProcessId":"1648","ParentImage":"C:\\Program Files\\Mozilla Firefox\\firefox.exe","ParentCommandLine":"\"C:\\Program Files\\Mozilla Firefox\\firefox.exe\"","ParentUser":"WIN10\\richard"}}
{"LogSource":"Microsoft-Windows-Sysmon/Operational","EventId":1,"TimeCreated":"2024-10-11T02:06:30.2454414-07:00","RecordId":173512,"MachineName":"Win10","EventData":{"RuleName":"-","UtcTime":"2024-10-11 09:06:30.243","ProcessGuid":"{53968da7-ea96-6708-8307-00000000fb00}","ProcessId":"1680","Image":"C:\\Program Files\\Mozilla Firefox\\firefox.exe","FileVersion":"131.0.2","Description":"Firefox","Product":"Firefox","Company":"Mozilla Corporation","OriginalFileName":"firefox.exe","CommandLine":"\"C:\\Program Files\\Mozilla Firefox\\firefox.exe\" -contentproc --channel=2364 -parentBuildID 20241008210941 -prefsHandle 2356 -prefMapHandle 2352 -prefsLen 30897 -prefMapSize 263055 -win32kLockedDown -appDir \"C:\\Program Files\\Mozilla Firefox\\browser\" - {cf1e0353-1ca3-4767-8ac8-61f9ac319cfc} 1648 \"\\\\.\\pipe\\gecko-crash-server-pipe.1648\" 2 socket","CurrentDirectory":"C:\\Windows\\system32\\","User":"WIN10\\richard","LogonGuid":"{53968da7-b202-6708-c295-020000000000}","LogonId":"0x295c2","TerminalSessionId":"1","IntegrityLevel":"Low","Hashes":"MD5=571814A7939D001662BBA7760BD0B187,SHA256=9725AFC685C8EE135701E140A83B94FE7D958360A1F546215F7EAFDFF5E53A83,IMPHASH=BB4CE52E8306F88C0B1DA570553704E4","ParentProcessGuid":"{53968da7-ea96-6708-8107-00000000fb00}","ParentProcessId":"1648","ParentImage":"C:\\Program Files\\Mozilla Firefox\\firefox.exe","ParentCommandLine":"\"C:\\Program Files\\Mozilla Firefox\\firefox.exe\"","ParentUser":"WIN10\\richard"}}
{"LogSource":"Microsoft-Windows-Sysmon/Operational","EventId":1,"TimeCreated":"2024-10-11T02:08:41.9215107-07:00","RecordId":173513,"MachineName":"Win10","EventData":{"RuleName":"-","UtcTime":"2024-10-11 09:08:41.917","ProcessGuid":"{53968da7-eb19-6708-8507-00000000fb00}","ProcessId":"9104","Image":"C:\\Windows\\System32\\notepad.exe","FileVersion":"10.0.19041.4355 (WinBuild.160101.0800)","Description":"Notepad","Product":"Microsoft® Windows® Operating System","Company":"Microsoft Corporation","OriginalFileName":"NOTEPAD.EXE","CommandLine":"\"C:\\Windows\\system32\\notepad.exe\" ","CurrentDirectory":"C:\\Windows\\system32\\","User":"WIN10\\richard","LogonGuid":"{53968da7-b202-6708-7195-020000000000}","LogonId":"0x29571","TerminalSessionId":"1","IntegrityLevel":"High","Hashes":"MD5=BD33AA772F4751C5A79F94636088774E,SHA256=C286747D319818C1205FD487040840353C5F4542FAFFDABAE9131481BDFEB92A,IMPHASH=09ED737A03DB7295BF734A9953F6EB5E","ParentProcessGuid":"{53968da7-be30-6708-5201-00000000fb00}","ParentProcessId":"6876","ParentImage":"C:\\Windows\\System32\\WindowsPowerShell\\v1.0\\powershell_ise.exe","ParentCommandLine":"\"C:\\Windows\\system32\\WindowsPowerShell\\v1.0\\PowerShell_ISE.exe\" ","ParentUser":"WIN10\\richard"}}
{"LogSource":"Microsoft-Windows-Sysmon/Operational","EventId":1,"TimeCreated":"2024-10-11T02:10:33.9757995-07:00","RecordId":173514,"MachineName":"Win10","EventData":{"RuleName":"-","UtcTime":"2024-10-11 09:10:33.973","ProcessGuid":"{53968da7-eb89-6708-8607-00000000fb00}","ProcessId":"5404","Image":"C:\\Windows\\System32\\WindowsPowerShell\\v1.0\\powershell.exe","FileVersion":"10.0.19041.3996 (WinBuild.160101.0800)","Description":"Windows PowerShell","Product":"Microsoft® Windows® Operating System","Company":"Microsoft Corporation","OriginalFileName":"PowerShell.EXE","CommandLine":"\"C:\\Windows\\System32\\WindowsPowerShell\\v1.0\\powershell.exe\" ","CurrentDirectory":"C:\\Windows\\system32\\","User":"WIN10\\richard","LogonGuid":"{53968da7-b202-6708-7195-020000000000}","LogonId":"0x29571","TerminalSessionId":"1","IntegrityLevel":"High","Hashes":"MD5=2E5A8590CF6848968FC23DE3FA1E25F1,SHA256=9785001B0DCF755EDDB8AF294A373C0B87B2498660F724E76C4D53F9C217C7A3,IMPHASH=3D08F4848535206D772DE145804FF4B6","ParentProcessGuid":"{53968da7-be30-6708-5201-00000000fb00}","ParentProcessId":"6876","ParentImage":"C:\\Windows\\System32\\WindowsPowerShell\\v1.0\\powershell_ise.exe","ParentCommandLine":"\"C:\\Windows\\system32\\WindowsPowerShell\\v1.0\\PowerShell_ISE.exe\" ","ParentUser":"WIN10\\richard"}}
{"LogSource":"Microsoft-Windows-Sysmon/Operational","EventId":11,"TimeCreated":"2024-10-11T02:10:34.1440144-07:00","RecordId":173515,"MachineName":"Win10","EventData":{"RuleName":"-","UtcTime":"2024-10-11 09:10:34.143","ProcessGuid":"{53968da7-eb89-6708-8607-00000000fb00}","ProcessId":"5404","Image":"C:\\Windows\\System32\\WindowsPowerShell\\v1.0\\powershell.exe","TargetFilename":"C:\\Users\\richard\\AppData\\Local\\Temp\\__PSScriptPolicyTest_pgcd0lsb.3ga.ps1","CreationUtcTime":"2024-10-11 09:10:34.143","User":"WIN10\\richard"}}
{"LogSource":"Microsoft-Windows-Sysmon/Operational","EventId":1,"TimeCreated":"2024-10-11T02:12:52.2113638-07:00","RecordId":173517,"MachineName":"Win10","EventData":{"RuleName":"-","UtcTime":"2024-10-11 09:12:52.206","ProcessGuid":"{53968da7-ec14-6708-8c07-00000000fb00}","ProcessId":"8744","Image":"C:\\Program Files\\Google\\Chrome\\Application\\129.0.6668.100\\elevation_service.exe","FileVersion":"129.0.6668.100","Description":"Google Chrome","Product":"Google Chrome","Company":"Google LLC","OriginalFileName":"elevation_service.exe","CommandLine":"\"C:\\Program Files\\Google\\Chrome\\Application\\129.0.6668.100\\elevation_service.exe\"","CurrentDirectory":"C:\\Windows\\system32\\","User":"NT AUTHORITY\\SYSTEM","LogonGuid":"{53968da7-b200-6708-e703-000000000000}","LogonId":"0x3e7","TerminalSessionId":"0","IntegrityLevel":"System","Hashes":"MD5=472B2328D62FEC7E774166FD75C18FF6,SHA256=56291421DA56A296F3F0AEF18CA0FB3C0925779EEE7B4734A07A24E59348D9CE,IMPHASH=E2CE387C73E135211A0D2FF087A2F9F3","ParentProcessGuid":"{53968da7-b1ff-6708-0b00-00000000fb00}","ParentProcessId":"740","ParentImage":"C:\\Windows\\System32\\services.exe","ParentCommandLine":"C:\\Windows\\system32\\services.exe","ParentUser":"NT AUTHORITY\\SYSTEM"}}
{"LogSource":"Microsoft-Windows-Sysmon/Operational","EventId":1,"TimeCreated":"2024-10-11T02:12:52.0772094-07:00","RecordId":173516,"MachineName":"Win10","EventData":{"RuleName":"-","UtcTime":"2024-10-11 09:12:52.075","ProcessGuid":"{53968da7-ec14-6708-8807-00000000fb00}","ProcessId":"2892","Image":"C:\\Program Files\\Google\\Chrome\\Application\\chrome.exe","FileVersion":"129.0.6668.100","Description":"Google Chrome","Product":"Google Chrome","Company":"Google LLC","OriginalFileName":"chrome.exe","CommandLine":"\"C:\\Program Files\\Google\\Chrome\\Application\\chrome.exe\" https://www.bbc.com ","CurrentDirectory":"C:\\Windows\\system32\\","User":"WIN10\\richard","LogonGuid":"{53968da7-b202-6708-7195-020000000000}","LogonId":"0x29571","TerminalSessionId":"1","IntegrityLevel":"High","Hashes":"MD5=47679449E8A738D8B1849668622E7C9E,SHA256=2D2A32CBCCED69610445D92965CA710EF2DA89C3788EBB98FF8612EBFFAC917B,IMPHASH=8AA69BFB46216FA413519FB53924B2F9","ParentProcessGuid":"{53968da7-be30-6708-5201-00000000fb00}","ParentProcessId":"6876","ParentImage":"C:\\Windows\\System32\\WindowsPowerShell\\v1.0\\powershell_ise.exe","ParentCommandLine":"\"C:\\Windows\\system32\\WindowsPowerShell\\v1.0\\PowerShell_ISE.exe\" ","ParentUser":"WIN10\\richard"}}
{"LogSource":"Microsoft-Windows-Sysmon/Operational","EventId":22,"TimeCreated":"2024-10-11T02:12:53.4276558-07:00","RecordId":173518,"MachineName":"Win10","EventData":{"RuleName":"-","UtcTime":"2024-10-11 09:12:51.165","ProcessGuid":"{53968da7-ec14-6708-8b07-00000000fb00}","ProcessId":"7856","QueryName":"wpad","QueryStatus":"9003","QueryResults":"-","Image":"C:\\Program Files\\Google\\Chrome\\Application\\chrome.exe","User":"WIN10\\richard"}}
{"LogSource":"Microsoft-Windows-Sysmon/Operational","EventId":22,"TimeCreated":"2024-10-11T02:12:54.4288029-07:00","RecordId":173519,"MachineName":"Win10","EventData":{"RuleName":"-","UtcTime":"2024-10-11 09:12:51.217","ProcessGuid":"{53968da7-ec14-6708-8b07-00000000fb00}","ProcessId":"7856","QueryName":"wpad","QueryStatus":"9003","QueryResults":"-","Image":"C:\\Program Files\\Google\\Chrome\\Application\\chrome.exe","User":"WIN10\\richard"}}
{"LogSource":"Microsoft-Windows-Sysmon/Operational","EventId":22,"TimeCreated":"2024-10-11T02:12:54.4295523-07:00","RecordId":173520,"MachineName":"Win10","EventData":{"RuleName":"-","UtcTime":"2024-10-11 09:12:51.353","ProcessGuid":"{53968da7-ec14-6708-8b07-00000000fb00}","ProcessId":"7856","QueryName":"wpad","QueryStatus":"9003","QueryResults":"-","Image":"C:\\Program Files\\Google\\Chrome\\Application\\chrome.exe","User":"WIN10\\richard"}}
{"LogSource":"Microsoft-Windows-Sysmon/Operational","EventId":22,"TimeCreated":"2024-10-11T02:13:01.4483978-07:00","RecordId":173521,"MachineName":"Win10","EventData":{"RuleName":"-","UtcTime":"2024-10-11 09:12:59.182","ProcessGuid":"{53968da7-ec14-6708-8b07-00000000fb00}","ProcessId":"7856","QueryName":"wpad","QueryStatus":"9003","QueryResults":"-","Image":"C:\\Program Files\\Google\\Chrome\\Application\\chrome.exe","User":"WIN10\\richard"}}
{"LogSource":"Microsoft-Windows-Sysmon/Operational","EventId":1,"TimeCreated":"2024-10-11T02:13:12.2006723-07:00","RecordId":173522,"MachineName":"Win10","EventData":{"RuleName":"-","UtcTime":"2024-10-11 09:13:12.198","ProcessGuid":"{53968da7-ec28-6708-a007-00000000fb00}","ProcessId":"3928","Image":"C:\\Program Files\\Mozilla Firefox\\firefox.exe","FileVersion":"131.0.2","Description":"Firefox","Product":"Firefox","Company":"Mozilla Corporation","OriginalFileName":"firefox.exe","CommandLine":"\"C:\\Program Files\\Mozilla Firefox\\firefox.exe\" https://www.ted.com ","CurrentDirectory":"C:\\Windows\\system32\\","User":"WIN10\\richard","LogonGuid":"{53968da7-b202-6708-7195-020000000000}","LogonId":"0x29571","TerminalSessionId":"1","IntegrityLevel":"High","Hashes":"MD5=571814A7939D001662BBA7760BD0B187,SHA256=9725AFC685C8EE135701E140A83B94FE7D958360A1F546215F7EAFDFF5E53A83,IMPHASH=BB4CE52E8306F88C0B1DA570553704E4","ParentProcessGuid":"{53968da7-be30-6708-5201-00000000fb00}","ParentProcessId":"6876","ParentImage":"C:\\Windows\\System32\\WindowsPowerShell\\v1.0\\powershell_ise.exe","ParentCommandLine":"\"C:\\Windows\\system32\\WindowsPowerShell\\v1.0\\PowerShell_ISE.exe\" ","ParentUser":"WIN10\\richard"}}
{"LogSource":"Microsoft-Windows-Sysmon/Operational","EventId":1,"TimeCreated":"2024-10-11T02:13:12.2284998-07:00","RecordId":173523,"MachineName":"Win10","EventData":{"RuleName":"-","UtcTime":"2024-10-11 09:13:12.227","ProcessGuid":"{53968da7-ec28-6708-a107-00000000fb00}","ProcessId":"8500","Image":"C:\\Windows\\System32\\smartscreen.exe","FileVersion":"10.0.19041.5007 (WinBuild.160101.0800)","Description":"Windows Defender SmartScreen","Product":"Microsoft® Windows® Operating System","Company":"Microsoft Corporation","OriginalFileName":"smartscreen.exe","CommandLine":"C:\\Windows\\System32\\smartscreen.exe -Embedding","CurrentDirectory":"C:\\Windows\\system32\\","User":"WIN10\\richard","LogonGuid":"{53968da7-b202-6708-c295-020000000000}","LogonId":"0x295c2","TerminalSessionId":"1","IntegrityLevel":"Medium","Hashes":"MD5=C0F62FB7AD4A9C049D5AC3B737E1252D,SHA256=F4EAFC737F93186D563B198ED737C9C2F17A4B9A58D976D78D1C2E13C1EDA104,IMPHASH=9ECF7E989FB6561A51A731BC7991D274","ParentProcessGuid":"{53968da7-b200-6708-0d00-00000000fb00}","ParentProcessId":"884","ParentImage":"C:\\Windows\\System32\\svchost.exe","ParentCommandLine":"C:\\Windows\\system32\\svchost.exe -k DcomLaunch -p","ParentUser":"NT AUTHORITY\\SYSTEM"}}
{"LogSource":"Microsoft-Windows-Sysmon/Operational","EventId":1,"TimeCreated":"2024-10-11T02:13:12.2752253-07:00","RecordId":173525,"MachineName":"Win10","EventData":{"RuleName":"-","UtcTime":"2024-10-11 09:13:12.273","ProcessGuid":"{53968da7-ec28-6708-a307-00000000fb00}","ProcessId":"5104","Image":"C:\\Program Files\\Mozilla Firefox\\firefox.exe","FileVersion":"131.0.2","Description":"Firefox","Product":"Firefox","Company":"Mozilla Corporation","OriginalFileName":"firefox.exe","CommandLine":"\"C:\\Program Files\\Mozilla Firefox\\firefox.exe\" https://www.ted.com","CurrentDirectory":"C:\\Windows\\system32\\","User":"WIN10\\richard","LogonGuid":"{53968da7-b202-6708-c295-020000000000}","LogonId":"0x295c2","TerminalSessionId":"1","IntegrityLevel":"Medium","Hashes":"MD5=571814A7939D001662BBA7760BD0B187,SHA256=9725AFC685C8EE135701E140A83B94FE7D958360A1F546215F7EAFDFF5E53A83,IMPHASH=BB4CE52E8306F88C0B1DA570553704E4","ParentProcessGuid":"{53968da7-ec28-6708-a207-00000000fb00}","ParentProcessId":"5628","ParentImage":"C:\\Program Files\\Mozilla Firefox\\firefox.exe","ParentCommandLine":"\"C:\\Program Files\\Mozilla Firefox\\firefox.exe\" https://www.ted.com --attempting-deelevation","ParentUser":"WIN10\\richard"}}
{"LogSource":"Microsoft-Windows-Sysmon/Operational","EventId":1,"TimeCreated":"2024-10-11T02:13:12.4543110-07:00","RecordId":173526,"MachineName":"Win10","EventData":{"RuleName":"-","UtcTime":"2024-10-11 09:13:12.452","ProcessGuid":"{53968da7-ec28-6708-a407-00000000fb00}","ProcessId":"2832","Image":"C:\\Program Files\\Mozilla Firefox\\firefox.exe","FileVersion":"131.0.2","Description":"Firefox","Product":"Firefox","Company":"Mozilla Corporation","OriginalFileName":"firefox.exe","CommandLine":"\"C:\\Program Files\\Mozilla Firefox\\firefox.exe\" -contentproc --channel=1640 -parentBuildID 20241008210941 -prefsHandle 1580 -prefMapHandle 1572 -prefsLen 30861 -prefMapSize 263055 -appDir \"C:\\Program Files\\Mozilla Firefox\\browser\" - {7d7fa207-26e8-4394-8676-6e8d84d59ffa} 5104 \"\\\\.\\pipe\\gecko-crash-server-pipe.5104\" 1 gpu","CurrentDirectory":"C:\\Windows\\system32\\","User":"WIN10\\richard","LogonGuid":"{53968da7-b202-6708-c295-020000000000}","LogonId":"0x295c2","TerminalSessionId":"1","IntegrityLevel":"Low","Hashes":"MD5=571814A7939D001662BBA7760BD0B187,SHA256=9725AFC685C8EE135701E140A83B94FE7D958360A1F546215F7EAFDFF5E53A83,IMPHASH=BB4CE52E8306F88C0B1DA570553704E4","ParentProcessGuid":"{53968da7-ec28-6708-a307-00000000fb00}","ParentProcessId":"5104","ParentImage":"C:\\Program Files\\Mozilla Firefox\\firefox.exe","ParentCommandLine":"\"C:\\Program Files\\Mozilla Firefox\\firefox.exe\" https://www.ted.com","ParentUser":"WIN10\\richard"}}
{"LogSource":"Microsoft-Windows-Sysmon/Operational","EventId":1,"TimeCreated":"2024-10-11T02:13:12.5213450-07:00","RecordId":173527,"MachineName":"Win10","EventData":{"RuleName":"-","UtcTime":"2024-10-11 09:13:12.519","ProcessGuid":"{53968da7-ec28-6708-a507-00000000fb00}","ProcessId":"1348","Image":"C:\\Program Files\\Mozilla Firefox\\firefox.exe","FileVersion":"131.0.2","Description":"Firefox","Product":"Firefox","Company":"Mozilla Corporation","OriginalFileName":"firefox.exe","CommandLine":"\"C:\\Program Files\\Mozilla Firefox\\firefox.exe\"","CurrentDirectory":"C:\\Windows\\system32\\","User":"WIN10\\richard","LogonGuid":"{53968da7-b202-6708-c295-020000000000}","LogonId":"0x295c2","TerminalSessionId":"1","IntegrityLevel":"Medium","Hashes":"MD5=571814A7939D001662BBA7760BD0B187,SHA256=9725AFC685C8EE135701E140A83B94FE7D958360A1F546215F7EAFDFF5E53A83,IMPHASH=BB4CE52E8306F88C0B1DA570553704E4","ParentProcessGuid":"{53968da7-ec28-6708-a307-00000000fb00}","ParentProcessId":"5104","ParentImage":"C:\\Program Files\\Mozilla Firefox\\firefox.exe","ParentCommandLine":"\"C:\\Program Files\\Mozilla Firefox\\firefox.exe\" https://www.ted.com","ParentUser":"WIN10\\richard"}}
{"LogSource":"Microsoft-Windows-Sysmon/Operational","EventId":1,"TimeCreated":"2024-10-11T02:13:12.2660270-07:00","RecordId":173524,"MachineName":"Win10","EventData":{"RuleName":"-","UtcTime":"2024-10-11 09:13:12.264","ProcessGuid":"{53968da7-ec28-6708-a207-00000000fb00}","ProcessId":"5628","Image":"C:\\Program Files\\Mozilla Firefox\\firefox.exe","FileVersion":"131.0.2","Description":"Firefox","Product":"Firefox","Company":"Mozilla Corporation","OriginalFileName":"firefox.exe","CommandLine":"\"C:\\Program Files\\Mozilla Firefox\\firefox.exe\" https://www.ted.com --attempting-deelevation","CurrentDirectory":"C:\\Windows\\system32\\","User":"WIN10\\richard","LogonGuid":"{53968da7-b202-6708-c295-020000000000}","LogonId":"0x295c2","TerminalSessionId":"1","IntegrityLevel":"Medium","Hashes":"MD5=571814A7939D001662BBA7760BD0B187,SHA256=9725AFC685C8EE135701E140A83B94FE7D958360A1F546215F7EAFDFF5E53A83,IMPHASH=BB4CE52E8306F88C0B1DA570553704E4","ParentProcessGuid":"{53968da7-b203-6708-4f00-00000000fb00}","ParentProcessId":"4396","ParentImage":"C:\\Windows\\explorer.exe","ParentCommandLine":"C:\\Windows\\Explorer.EXE","ParentUser":"WIN10\\richard"}}
{"LogSource":"Microsoft-Windows-Sysmon/Operational","EventId":1,"TimeCreated":"2024-10-11T02:13:12.7137639-07:00","RecordId":173529,"MachineName":"Win10","EventData":{"RuleName":"-","UtcTime":"2024-10-11 09:13:12.711","ProcessGuid":"{53968da7-ec28-6708-a707-00000000fb00}","ProcessId":"2384","Image":"C:\\Program Files\\Mozilla Firefox\\firefox.exe","FileVersion":"131.0.2","Description":"Firefox","Product":"Firefox","Company":"Mozilla Corporation","OriginalFileName":"firefox.exe","CommandLine":"\"C:\\Program Files\\Mozilla Firefox\\firefox.exe\" -contentproc --channel=1808 -parentBuildID 20241008210941 -prefsHandle 1852 -prefMapHandle 1844 -prefsLen 30861 -prefMapSize 263055 -appDir \"C:\\Program Files\\Mozilla Firefox\\browser\" - {fafb47ca-39fa-40d7-b02e-bc2710ce34f8} 4652 \"\\\\.\\pipe\\gecko-crash-server-pipe.4652\" 1 gpu","CurrentDirectory":"C:\\Windows\\system32\\","User":"WIN10\\richard","LogonGuid":"{53968da7-b202-6708-c295-020000000000}","LogonId":"0x295c2","TerminalSessionId":"1","IntegrityLevel":"Low","Hashes":"MD5=571814A7939D001662BBA7760BD0B187,SHA256=9725AFC685C8EE135701E140A83B94FE7D958360A1F546215F7EAFDFF5E53A83,IMPHASH=BB4CE52E8306F88C0B1DA570553704E4","ParentProcessGuid":"{53968da7-ec28-6708-a607-00000000fb00}","ParentProcessId":"4652","ParentImage":"C:\\Program Files\\Mozilla Firefox\\firefox.exe","ParentCommandLine":"\"C:\\Program Files\\Mozilla Firefox\\firefox.exe\"","ParentUser":"WIN10\\richard"}}
{"LogSource":"Microsoft-Windows-Sysmon/Operational","EventId":1,"TimeCreated":"2024-10-11T02:13:12.7723063-07:00","RecordId":173530,"MachineName":"Win10","EventData":{"RuleName":"-","UtcTime":"2024-10-11 09:13:12.770","ProcessGuid":"{53968da7-ec28-6708-a807-00000000fb00}","ProcessId":"8020","Image":"C:\\Program Files\\Mozilla Firefox\\firefox.exe","FileVersion":"131.0.2","Description":"Firefox","Product":"Firefox","Company":"Mozilla Corporation","OriginalFileName":"firefox.exe","CommandLine":"\"C:\\Program Files\\Mozilla Firefox\\firefox.exe\" -contentproc --channel=2356 -parentBuildID 20241008210941 -prefsHandle 2344 -prefMapHandle 2340 -prefsLen 30897 -prefMapSize 263055 -win32kLockedDown -appDir \"C:\\Program Files\\Mozilla Firefox\\browser\" - {1fb1815d-6230-41fc-888a-f0b0e60e43b2} 4652 \"\\\\.\\pipe\\gecko-crash-server-pipe.4652\" 2 socket","CurrentDirectory":"C:\\Windows\\system32\\","User":"WIN10\\richard","LogonGuid":"{53968da7-b202-6708-c295-020000000000}","LogonId":"0x295c2","TerminalSessionId":"1","IntegrityLevel":"Low","Hashes":"MD5=571814A7939D001662BBA7760BD0B187,SHA256=9725AFC685C8EE135701E140A83B94FE7D958360A1F546215F7EAFDFF5E53A83,IMPHASH=BB4CE52E8306F88C0B1DA570553704E4","ParentProcessGuid":"{53968da7-ec28-6708-a607-00000000fb00}","ParentProcessId":"4652","ParentImage":"C:\\Program Files\\Mozilla Firefox\\firefox.exe","ParentCommandLine":"\"C:\\Program Files\\Mozilla Firefox\\firefox.exe\"","ParentUser":"WIN10\\richard"}}
{"LogSource":"Microsoft-Windows-Sysmon/Operational","EventId":1,"TimeCreated":"2024-10-11T02:13:12.5295269-07:00","RecordId":173528,"MachineName":"Win10","EventData":{"RuleName":"-","UtcTime":"2024-10-11 09:13:12.527","ProcessGuid":"{53968da7-ec28-6708-a607-00000000fb00}","ProcessId":"4652","Image":"C:\\Program Files\\Mozilla Firefox\\firefox.exe","FileVersion":"131.0.2","Description":"Firefox","Product":"Firefox","Company":"Mozilla Corporation","OriginalFileName":"firefox.exe","CommandLine":"\"C:\\Program Files\\Mozilla Firefox\\firefox.exe\"","CurrentDirectory":"C:\\Windows\\system32\\","User":"WIN10\\richard","LogonGuid":"{53968da7-b202-6708-c295-020000000000}","LogonId":"0x295c2","TerminalSessionId":"1","IntegrityLevel":"Medium","Hashes":"MD5=571814A7939D001662BBA7760BD0B187,SHA256=9725AFC685C8EE135701E140A83B94FE7D958360A1F546215F7EAFDFF5E53A83,IMPHASH=BB4CE52E8306F88C0B1DA570553704E4","ParentProcessGuid":"{53968da7-ec28-6708-a507-00000000fb00}","ParentProcessId":"1348","ParentImage":"C:\\Program Files\\Mozilla Firefox\\firefox.exe","ParentCommandLine":"\"C:\\Program Files\\Mozilla Firefox\\firefox.exe\"","ParentUser":"WIN10\\richard"}}
{"LogSource":"Microsoft-Windows-Sysmon/Operational","EventId":1,"TimeCreated":"2024-10-11T02:14:16.2606361-07:00","RecordId":173531,"MachineName":"Win10","EventData":{"RuleName":"-","UtcTime":"2024-10-11 09:14:16.258","ProcessGuid":"{53968da7-ec68-6708-a907-00000000fb00}","ProcessId":"8768","Image":"C:\\Windows\\System32\\control.exe","FileVersion":"10.0.19041.4355 (WinBuild.160101.0800)","Description":"Windows Control Panel","Product":"Microsoft® Windows® Operating System","Company":"Microsoft Corporation","OriginalFileName":"CONTROL.EXE","CommandLine":"\"C:\\Windows\\system32\\control.exe\" ","CurrentDirectory":"C:\\Windows\\system32\\","User":"WIN10\\richard","LogonGuid":"{53968da7-b202-6708-7195-020000000000}","LogonId":"0x29571","TerminalSessionId":"1","IntegrityLevel":"High","Hashes":"MD5=8132AE658079C0CACCF3D25ECFFA4ADC,SHA256=23DC40444364DE9E911579A301CF91BE3174045234713601F8E85A983AFC1107,IMPHASH=ED7ECF5DCE55D515F7FE036FCAEBFF1A","ParentProcessGuid":"{53968da7-be30-6708-5201-00000000fb00}","ParentProcessId":"6876","ParentImage":"C:\\Windows\\System32\\WindowsPowerShell\\v1.0\\powershell_ise.exe","ParentCommandLine":"\"C:\\Windows\\system32\\WindowsPowerShell\\v1.0\\PowerShell_ISE.exe\" ","ParentUser":"WIN10\\richard"}}
