{"LogSource":"Microsoft-Windows-Sysmon/Operational","EventId":1,"TimeCreated":"2024-10-10T22:15:23.4800697-07:00","RecordId":171376,"MachineName":"Win10","EventData":{"RuleName":"-","UtcTime":"2024-10-11 05:15:23.478","ProcessGuid":"{53968da7-b46b-6708-2401-00000000fb00}","ProcessId":"1168","Image":"C:\\Windows\\System32\\smartscreen.exe","FileVersion":"10.0.19041.5007 (WinBuild.160101.0800)","Description":"Windows Defender SmartScreen","Product":"Microsoft® Windows® Operating System","Company":"Microsoft Corporation","OriginalFileName":"smartscreen.exe","CommandLine":"C:\\Windows\\System32\\smartscreen.exe -Embedding","CurrentDirectory":"C:\\Windows\\system32\\","User":"WIN10\\richard","LogonGuid":"{53968da7-b202-6708-c295-020000000000}","LogonId":"0x295c2","TerminalSessionId":"1","IntegrityLevel":"Medium","Hashes":"MD5=C0F62FB7AD4A9C049D5AC3B737E1252D,SHA256=F4EAFC737F93186D563B198ED737C9C2F17A4B9A58D976D78D1C2E13C1EDA104,IMPHASH=9ECF7E989FB6561A51A731BC7991D274","ParentProcessGuid":"{53968da7-b200-6708-0d00-00000000fb00}","ParentProcessId":"884","ParentImage":"C:\\Windows\\System32\\svchost.exe","ParentCommandLine":"C:\\Windows\\system32\\svchost.exe -k DcomLaunch -p","ParentUser":"NT AUTHORITY\\SYSTEM"}}
{"LogSource":"Microsoft-Windows-Sysmon/Operational","EventId":5,"TimeCreated":"2024-10-10T22:15:32.5002127-07:00","RecordId":171377,"MachineName":"Win10","EventData":{"RuleName":"-","UtcTime":"2024-10-11 05:15:32.499","ProcessGuid":"{53968da7-b465-6708-2001-00000000fb00}","ProcessId":"4024","Image":"C:\\Users\\richard\\AppData\\Local\\Temp\\E10DFB1C-8F59-4F99-9172-2FF10281114C\\DismHost.exe","User":"WIN10\\richard"}}
{"LogSource":"Microsoft-Windows-Sysmon/Operational","EventId":2,"TimeCreated":"2024-10-10T22:15:32.5079693-07:00","RecordId":171378,"MachineName":"Win10","EventData":{"RuleName":"T1099","UtcTime":"2024-10-11 05:15:32.507","ProcessGuid":"{53968da7-b463-6708-f700-00000000fb00}","ProcessId":"4264","Image":"C:\\Windows\\system32\\cleanmgr.exe","TargetFilename":"C:\\Users\\richard\\AppData\\Local\\Temp\\E10DFB1C-8F59-4F99-9172-2FF10281114C\\DismHost.exe","CreationUtcTime":"2024-10-11 05:15:17.233","PreviousCreationUtcTime":"2024-10-11 05:15:17.233","User":"WIN10\\richard"}}
{"LogSource":"Microsoft-Windows-Sysmon/Operational","EventId":1,"TimeCreated":"2024-10-10T22:15:33.6054281-07:00","RecordId":171379,"MachineName":"Win10","EventData":{"RuleName":"-","UtcTime":"2024-10-11 05:15:33.603","ProcessGuid":"{53968da7-b475-6708-2501-00000000fb00}","ProcessId":"6492","Image":"C:\\Windows\\System32\\taskhostw.exe","FileVersion":"10.0.19041.4474 (WinBuild.160101.0800)","Description":"Host Process for Windows Tasks","Product":"Microsoft® Windows® Operating System","Company":"Microsoft Corporation","OriginalFileName":"taskhostw.exe","CommandLine":"taskhostw.exe","CurrentDirectory":"C:\\Windows\\system32\\","User":"NT AUTHORITY\\SYSTEM","LogonGuid":"{53968da7-b200-6708-e703-000000000000}","LogonId":"0x3e7","TerminalSessionId":"0","IntegrityLevel":"System","Hashes":"MD5=933581DCB7B289D61B63F08544540BA5,SHA256=1C7B7E7026EF8307BF33AFDADF1D49E7C1EE4C829260B4F6988185D22D7BCC3A,IMPHASH=3A0C6863CDE566AF997DB2DEFFF9D924","ParentProcessGuid":"{53968da7-b200-6708-1100-00000000fb00}","ParentProcessId":"492","ParentImage":"C:\\Windows\\System32\\svchost.exe","ParentCommandLine":"C:\\Windows\\system32\\svchost.exe -k netsvcs -p","ParentUser":"NT AUTHORITY\\SYSTEM"}}
{"LogSource":"Microsoft-Windows-Sysmon/Operational","EventId":1,"TimeCreated":"2024-10-10T22:15:41.2027218-07:00","RecordId":171380,"MachineName":"Win10","EventData":{"RuleName":"-","UtcTime":"2024-10-11 05:15:41.192","ProcessGuid":"{53968da7-b47d-6708-2601-00000000fb00}","ProcessId":"3520","Image":"C:\\Program Files\\Opera\\opera.exe","FileVersion":"113.0.5230.142","Description":"Opera Internet Browser","Product":"Opera Internet Browser","Company":"Opera Software","OriginalFileName":"-","CommandLine":"\"C:\\Program Files\\Opera\\opera.exe\" --version","CurrentDirectory":"C:\\Program Files\\Opera\\113.0.5230.142\\","User":"WIN10\\richard","LogonGuid":"{53968da7-b202-6708-c295-020000000000}","LogonId":"0x295c2","TerminalSessionId":"1","IntegrityLevel":"Medium","Hashes":"MD5=00886BEAC3A9EF1E6E0A4416B5D36364,SHA256=D821A30BA3F5444832E88FEBC920CFD4409C513920DD0072258E2AFEF426DBBB,IMPHASH=8D46F7C0404DD8927121BE5BD79354F5","ParentProcessGuid":"{53968da7-b217-6708-8e00-00000000fb00}","ParentProcessId":"5292","ParentImage":"C:\\Program Files\\Opera\\opera.exe","ParentCommandLine":"\"C:\\Program Files\\Opera\\opera.exe\" ","ParentUser":"WIN10\\richard"}}
{"LogSource":"Microsoft-Windows-Sysmon/Operational","EventId":1,"TimeCreated":"2024-10-10T22:15:41.2864345-07:00","RecordId":171381,"MachineName":"Win10","EventData":{"RuleName":"-","UtcTime":"2024-10-11 05:15:41.282","ProcessGuid":"{53968da7-b47d-6708-2701-00000000fb00}","ProcessId":"1680","Image":"C:\\Program Files\\Opera\\113.0.5230.142\\opera_crashreporter.exe","FileVersion":"113.0.5230.142","Description":"Opera crash-reporter","Product":"Opera crash-reporter","Company":"Opera Software","OriginalFileName":"-","CommandLine":"\"C:\\Program Files\\Opera\\113.0.5230.142\\opera_crashreporter.exe\" --type=crashpad-handler /prefetch:4 --monitor-self-annotation=ptype=crashpad-handler \"--database=C:\\Users\\richard\\AppData\\Roaming\\Opera Software\\Opera Stable\\Crash Reports\" \"--crash-count-file=C:\\Users\\richard\\AppData\\Roaming\\Opera Software\\Opera Stable\\crash_count.txt\" --url=https://crashstats-collector-2.opera.com/ --annotation=channel=Stable --annotation=plat=Win64 --annotation=prod=OperaDesktop --annotation=ver=113.0.5230.142 --initial-client-data=0x2c4,0x2c8,0x2cc,0x2b4,0x2d0,0x7ff8d8805488,0x7ff8d8805498,0x7ff8d88054a8","CurrentDirectory":"C:\\Program Files\\Opera\\113.0.5230.142\\","User":"WIN10\\richard","LogonGuid":"{53968da7-b202-6708-c295-020000000000}","LogonId":"0x295c2","TerminalSessionId":"1","IntegrityLevel":"Medium","Hashes":"MD5=4F9D3932D963B563C4D2D35E475C9C9E,SHA256=37BE71282CF0431667CE558795B5834F674134A00BE65177342D484203060970,IMPHASH=056FB95F36D8F2605C92055450336A88","ParentProcessGuid":"{53968da7-b47d-6708-2601-00000000fb00}","ParentProcessId":"3520","ParentImage":"C:\\Program Files\\Opera\\opera.exe","ParentCommandLine":"\"C:\\Program Files\\Opera\\opera.exe\" --version","ParentUser":"WIN10\\richard"}}
{"LogSource":"Microsoft-Windows-Sysmon/Operational","EventId":1,"TimeCreated":"2024-10-10T22:16:06.3526438-07:00","RecordId":171382,"MachineName":"Win10","EventData":{"RuleName":"-","UtcTime":"2024-10-11 05:16:06.349","ProcessGuid":"{53968da7-b496-6708-2901-00000000fb00}","ProcessId":"3544","Image":"C:\\Program Files\\Opera\\autoupdate\\opera_autoupdate.exe","FileVersion":"113.0.5230.142","Description":"Opera auto-updater","Product":"Opera auto-updater","Company":"Opera Software","OriginalFileName":"-","CommandLine":"\"C:\\Program Files\\Opera\\autoupdate\\opera_autoupdate.exe\" --enableipv6 --bypasslauncher --user-data-dir=\"C:\\Users\\richard\\AppData\\Roaming\\Opera Software\\Opera Stable\\Default\" --pipeid=oauc_pipeb683448645361e892536ca31c3e625de","CurrentDirectory":"C:\\Program Files\\Opera\\113.0.5230.142\\","User":"WIN10\\richard","LogonGuid":"{53968da7-b202-6708-c295-020000000000}","LogonId":"0x295c2","TerminalSessionId":"1","IntegrityLevel":"Medium","Hashes":"MD5=47850AB57010626D8693D28B99EF7573,SHA256=706841383A89918A7C4139378E12A7860F8B432B7ED11F46B2A66D435D77BBD2,IMPHASH=CF57677FCFC3AD5912B36DD5820FD035","ParentProcessGuid":"{53968da7-b217-6708-8e00-00000000fb00}","ParentProcessId":"5292","ParentImage":"C:\\Program Files\\Opera\\opera.exe","ParentCommandLine":"\"C:\\Program Files\\Opera\\opera.exe\" ","ParentUser":"WIN10\\richard"}}
{"LogSource":"Microsoft-Windows-Sysmon/Operational","EventId":1,"TimeCreated":"2024-10-10T22:16:06.3750709-07:00","RecordId":171383,"MachineName":"Win10","EventData":{"RuleName":"-","UtcTime":"2024-10-11 05:16:06.371","ProcessGuid":"{53968da7-b496-6708-2a01-00000000fb00}","ProcessId":"5372","Image":"C:\\Program Files\\Opera\\autoupdate\\opera_autoupdate.exe","FileVersion":"113.0.5230.142","Description":"Opera auto-updater","Product":"Opera auto-updater","Company":"Opera Software","OriginalFileName":"-","CommandLine":"\"C:\\Program Files\\Opera\\autoupdate\\opera_autoupdate.exe\" --type=crashpad-handler \"--user-data-dir=C:\\Users\\richard\\AppData\\Roaming\\Opera Software\\Opera Stable\\Default\" /prefetch:4 --monitor-self-annotation=ptype=crashpad-handler \"--database=C:\\Users\\richard\\AppData\\Roaming\\Opera Software\\Opera Stable\\Default\\Crash Reports\" \"--crash-count-file=C:\\Users\\richard\\AppData\\Roaming\\Opera Software\\Opera Stable\\Default\\crash_count.txt\" --url=https://crashstats-collector-2.opera.com/ --annotation=channel=Stable --annotation=plat=Win64 --annotation=prod=OperaDesktop --annotation=ver=113.0.5230.142 --initial-client-data=0x238,0x23c,0x240,0x214,0x244,0x7ff7e4f6872c,0x7ff7e4f68738,0x7ff7e4f68748","CurrentDirectory":"C:\\Program Files\\Opera\\113.0.5230.142\\","User":"WIN10\\richard","LogonGuid":"{53968da7-b202-6708-c295-020000000000}","LogonId":"0x295c2","TerminalSessionId":"1","IntegrityLevel":"Medium","Hashes":"MD5=47850AB57010626D8693D28B99EF7573,SHA256=706841383A89918A7C4139378E12A7860F8B432B7ED11F46B2A66D435D77BBD2,IMPHASH=CF57677FCFC3AD5912B36DD5820FD035","ParentProcessGuid":"{53968da7-b496-6708-2901-00000000fb00}","ParentProcessId":"3544","ParentImage":"C:\\Program Files\\Opera\\autoupdate\\opera_autoupdate.exe","ParentCommandLine":"\"C:\\Program Files\\Opera\\autoupdate\\opera_autoupdate.exe\" --enableipv6 --bypasslauncher --user-data-dir=\"C:\\Users\\richard\\AppData\\Roaming\\Opera Software\\Opera Stable\\Default\" --pipeid=oauc_pipeb683448645361e892536ca31c3e625de","ParentUser":"WIN10\\richard"}}
{"LogSource":"Microsoft-Windows-Sysmon/Operational","EventId":22,"TimeCreated":"2024-10-10T22:16:09.1330064-07:00","RecordId":171384,"MachineName":"Win10","EventData":{"RuleName":"-","UtcTime":"2024-10-11 05:16:05.857","ProcessGuid":"{53968da7-b496-6708-2901-00000000fb00}","ProcessId":"3544","QueryName":"autoupdate.geo.opera.com","QueryStatus":"0","QueryResults":"type:  5 na-autoupdate.opera.com;2620:117:c004:320:107:167:96:39;2620:117:c004:320:107:167:96:38;::ffff:107.167.96.39;::ffff:107.167.96.38;","Image":"\u003cunknown process\u003e","User":"WIN10\\richard"}}
{"LogSource":"Microsoft-Windows-Sysmon/Operational","EventId":22,"TimeCreated":"2024-10-10T22:16:18.8546268-07:00","RecordId":171385,"MachineName":"Win10","EventData":{"RuleName":"-","UtcTime":"2024-10-11 05:16:15.652","ProcessGuid":"{53968da7-b200-6708-1900-00000000fb00}","ProcessId":"1388","QueryName":"x1.c.lencr.org","QueryStatus":"0","QueryResults":"type:  5 crl.root-x1.letsencrypt.org.edgekey.net;type:  5 e8652.dscx.akamaiedge.net;2600:140a:1000:58a::21cc;2600:140a:1000:58d::21cc;::ffff:2.22.73.51;","Image":"C:\\Windows\\System32\\svchost.exe","User":"NT AUTHORITY\\NETWORK SERVICE"}}
{"LogSource":"Microsoft-Windows-Sysmon/Operational","EventId":1,"TimeCreated":"2024-10-10T22:17:14.7109662-07:00","RecordId":171386,"MachineName":"Win10","EventData":{"RuleName":"-","UtcTime":"2024-10-11 05:17:14.695","ProcessGuid":"{53968da7-b4da-6708-2b01-00000000fb00}","ProcessId":"3048","Image":"C:\\Windows\\System32\\DeviceCensus.exe","FileVersion":"10.0.19041.4957 (WinBuild.160101.0800)","Description":"Device Census","Product":"Microsoft® Windows® Operating System","Company":"Microsoft Corporation","OriginalFileName":"DeviceCensus.exe","CommandLine":"\"C:\\Windows\\system32\\devicecensus.exe\" UserCxt","CurrentDirectory":"C:\\Windows\\system32\\","User":"WIN10\\richard","LogonGuid":"{53968da7-b202-6708-c295-020000000000}","LogonId":"0x295c2","TerminalSessionId":"1","IntegrityLevel":"Medium","Hashes":"MD5=D6A68992D4E4A2652341355DCF53D09F,SHA256=38FFA0A7ABF3389C250BCEFFA47F08799CB59E36BB167AE405219F7A127F705C,IMPHASH=7AB8F891740FDE998C218C62AF784280","ParentProcessGuid":"{53968da7-b200-6708-1100-00000000fb00}","ParentProcessId":"492","ParentImage":"C:\\Windows\\System32\\svchost.exe","ParentCommandLine":"C:\\Windows\\system32\\svchost.exe -k netsvcs -p","ParentUser":"NT AUTHORITY\\SYSTEM"}}
{"LogSource":"Microsoft-Windows-Sysmon/Operational","EventId":1,"TimeCreated":"2024-10-10T22:20:05.7278914-07:00","RecordId":171387,"MachineName":"Win10","EventData":{"RuleName":"-","UtcTime":"2024-10-11 05:20:05.722","ProcessGuid":"{53968da7-b585-6708-2c01-00000000fb00}","ProcessId":"2788","Image":"C:\\Windows\\System32\\taskhostw.exe","FileVersion":"10.0.19041.4474 (WinBuild.160101.0800)","Description":"Host Process for Windows Tasks","Product":"Microsoft® Windows® Operating System","Company":"Microsoft Corporation","OriginalFileName":"taskhostw.exe","CommandLine":"taskhostw.exe","CurrentDirectory":"C:\\Windows\\system32\\","User":"NT AUTHORITY\\SYSTEM","LogonGuid":"{53968da7-b200-6708-e703-000000000000}","LogonId":"0x3e7","TerminalSessionId":"0","IntegrityLevel":"System","Hashes":"MD5=933581DCB7B289D61B63F08544540BA5,SHA256=1C7B7E7026EF8307BF33AFDADF1D49E7C1EE4C829260B4F6988185D22D7BCC3A,IMPHASH=3A0C6863CDE566AF997DB2DEFFF9D924","ParentProcessGuid":"{53968da7-b200-6708-1100-00000000fb00}","ParentProcessId":"492","ParentImage":"C:\\Windows\\System32\\svchost.exe","ParentCommandLine":"C:\\Windows\\system32\\svchost.exe -k netsvcs -p","ParentUser":"NT AUTHORITY\\SYSTEM"}}
{"LogSource":"Microsoft-Windows-Sysmon/Operational","EventId":1,"TimeCreated":"2024-10-10T22:20:07.9097362-07:00","RecordId":171388,"MachineName":"Win10","EventData":{"RuleName":"-","UtcTime":"2024-10-11 05:20:07.905","ProcessGuid":"{53968da7-b587-6708-2e01-00000000fb00}","ProcessId":"8836","Image":"C:\\Windows\\System32\\taskhostw.exe","FileVersion":"10.0.19041.4474 (WinBuild.160101.0800)","Description":"Host Process for Windows Tasks","Product":"Microsoft® Windows® Operating System","Company":"Microsoft Corporation","OriginalFileName":"taskhostw.exe","CommandLine":"taskhostw.exe -RegisterDevice -AccountChange","CurrentDirectory":"C:\\Windows\\system32\\","User":"NT AUTHORITY\\SYSTEM","LogonGuid":"{53968da7-b200-6708-e703-000000000000}","LogonId":"0x3e7","TerminalSessionId":"0","IntegrityLevel":"System","Hashes":"MD5=933581DCB7B289D61B63F08544540BA5,SHA256=1C7B7E7026EF8307BF33AFDADF1D49E7C1EE4C829260B4F6988185D22D7BCC3A,IMPHASH=3A0C6863CDE566AF997DB2DEFFF9D924","ParentProcessGuid":"{53968da7-b200-6708-1100-00000000fb00}","ParentProcessId":"492","ParentImage":"C:\\Windows\\System32\\svchost.exe","ParentCommandLine":"C:\\Windows\\system32\\svchost.exe -k netsvcs -p","ParentUser":"NT AUTHORITY\\SYSTEM"}}
{"LogSource":"Microsoft-Windows-Sysmon/Operational","EventId":1,"TimeCreated":"2024-10-10T22:20:07.9381031-07:00","RecordId":171390,"MachineName":"Win10","EventData":{"RuleName":"-","UtcTime":"2024-10-11 05:20:07.931","ProcessGuid":"{53968da7-b587-6708-2f01-00000000fb00}","ProcessId":"8552","Image":"C:\\Windows\\WinSxS\\amd64_microsoft-windows-servicingstack_31bf3856ad364e35_10.0.19041.4950_none_7dd913727cb4d87c\\TiWorker.exe","FileVersion":"10.0.19041.4950 (WinBuild.160101.0800)","Description":"Windows Modules Installer Worker","Product":"Microsoft® Windows® Operating System","Company":"Microsoft Corporation","OriginalFileName":"TiWorker.exe","CommandLine":"C:\\Windows\\winsxs\\amd64_microsoft-windows-servicingstack_31bf3856ad364e35_10.0.19041.4950_none_7dd913727cb4d87c\\TiWorker.exe -Embedding","CurrentDirectory":"C:\\Windows\\system32\\","User":"NT AUTHORITY\\SYSTEM","LogonGuid":"{53968da7-b200-6708-e703-000000000000}","LogonId":"0x3e7","TerminalSessionId":"0","IntegrityLevel":"System","Hashes":"MD5=8BB8E0213FE25734849C99B14BF2D9FB,SHA256=4C73E3B1A99F00E9D24ABD2476B5F36AB0A4C6C46BC768CF38409BBEB08AA3BA,IMPHASH=C139ED9A7073C8648B89D9641D69031A","ParentProcessGuid":"{53968da7-b200-6708-0d00-00000000fb00}","ParentProcessId":"884","ParentImage":"C:\\Windows\\System32\\svchost.exe","ParentCommandLine":"C:\\Windows\\system32\\svchost.exe -k DcomLaunch -p","ParentUser":"NT AUTHORITY\\SYSTEM"}}
{"LogSource":"Microsoft-Windows-Sysmon/Operational","EventId":1,"TimeCreated":"2024-10-10T22:20:07.9122691-07:00","RecordId":171389,"MachineName":"Win10","EventData":{"RuleName":"-","UtcTime":"2024-10-11 05:20:07.895","ProcessGuid":"{53968da7-b587-6708-2d01-00000000fb00}","ProcessId":"6276","Image":"C:\\Windows\\servicing\\TrustedInstaller.exe","FileVersion":"10.0.19041.4355 (WinBuild.160101.0800)","Description":"Windows Modules Installer","Product":"Microsoft® Windows® Operating System","Company":"Microsoft Corporation","OriginalFileName":"TrustedInstaller.exe","CommandLine":"C:\\Windows\\servicing\\TrustedInstaller.exe","CurrentDirectory":"C:\\Windows\\system32\\","User":"NT AUTHORITY\\SYSTEM","LogonGuid":"{53968da7-b200-6708-e703-000000000000}","LogonId":"0x3e7","TerminalSessionId":"0","IntegrityLevel":"System","Hashes":"MD5=8BFD0993E6AF9B71F6EC20967E7F4E66,SHA256=93995D019FAB5633DE86938FA84AC43A38951EE5DB9577B1651857E3880437EB,IMPHASH=B898664253FDA776233DB48555E7463B","ParentProcessGuid":"{53968da7-b1ff-6708-0b00-00000000fb00}","ParentProcessId":"740","ParentImage":"C:\\Windows\\System32\\services.exe","ParentCommandLine":"C:\\Windows\\system32\\services.exe","ParentUser":"NT AUTHORITY\\SYSTEM"}}
{"LogSource":"Microsoft-Windows-Sysmon/Operational","EventId":1,"TimeCreated":"2024-10-10T22:23:33.5260734-07:00","RecordId":171391,"MachineName":"Win10","EventData":{"RuleName":"-","UtcTime":"2024-10-11 05:23:33.516","ProcessGuid":"{53968da7-b655-6708-3001-00000000fb00}","ProcessId":"9024","Image":"C:\\Program Files (x86)\\Microsoft\\EdgeUpdate\\MicrosoftEdgeUpdate.exe","FileVersion":"1.3.147.37","Description":"Microsoft Edge Update","Product":"Microsoft Edge Update","Company":"Microsoft Corporation","OriginalFileName":"msedgeupdate.dll","CommandLine":"\"C:\\Program Files (x86)\\Microsoft\\EdgeUpdate\\MicrosoftEdgeUpdate.exe\" /ua /installsource scheduler","CurrentDirectory":"C:\\Windows\\system32\\","User":"NT AUTHORITY\\SYSTEM","LogonGuid":"{53968da7-b200-6708-e703-000000000000}","LogonId":"0x3e7","TerminalSessionId":"0","IntegrityLevel":"System","Hashes":"MD5=C019E421D9F897108E51666CBAE2C8B0,SHA256=3096D8E82917A9B73F322F4B1743E52E9B0C8B3C5933A957E73E29D6973CDD5B,IMPHASH=E00D60405A249A05D3B09AA7FE924B17","ParentProcessGuid":"{53968da7-b200-6708-1100-00000000fb00}","ParentProcessId":"492","ParentImage":"C:\\Windows\\System32\\svchost.exe","ParentCommandLine":"C:\\Windows\\system32\\svchost.exe -k netsvcs -p","ParentUser":"NT AUTHORITY\\SYSTEM"}}
{"LogSource":"Microsoft-Windows-Sysmon/Operational","EventId":1,"TimeCreated":"2024-10-10T22:35:08.8168650-07:00","RecordId":171392,"MachineName":"Win10","EventData":{"RuleName":"-","UtcTime":"2024-10-11 05:35:08.814","ProcessGuid":"{53968da7-b90c-6708-3101-00000000fb00}","ProcessId":"8712","Image":"C:\\Windows\\System32\\svchost.exe","FileVersion":"10.0.19041.4355 (WinBuild.160101.0800)","Description":"Host Process for Windows Services","Product":"Microsoft® Windows® Operating System","Company":"Microsoft Corporation","OriginalFileName":"svchost.exe","CommandLine":"C:\\Windows\\system32\\svchost.exe -k wsappx -p","CurrentDirectory":"C:\\Windows\\system32\\","User":"NT AUTHORITY\\SYSTEM","LogonGuid":"{53968da7-b200-6708-e703-000000000000}","LogonId":"0x3e7","TerminalSessionId":"0","IntegrityLevel":"System","Hashes":"MD5=7469CC568AD6821FD9D925542730A7D8,SHA256=6FC3BF1FDFD76860BE782554F8D25BD32F108DB934D70F4253F1E5F23522E503,IMPHASH=F9BBD96FAE53B7A31264A703CAFA0666","ParentProcessGuid":"{53968da7-b1ff-6708-0b00-00000000fb00}","ParentProcessId":"740","ParentImage":"C:\\Windows\\System32\\services.exe","ParentCommandLine":"C:\\Windows\\system32\\services.exe","ParentUser":"NT AUTHORITY\\SYSTEM"}}
{"LogSource":"Microsoft-Windows-Sysmon/Operational","EventId":1,"TimeCreated":"2024-10-10T22:42:00.1580379-07:00","RecordId":171393,"MachineName":"Win10","EventData":{"RuleName":"-","UtcTime":"2024-10-11 05:42:00.154","ProcessGuid":"{53968da7-baa8-6708-3901-00000000fb00}","ProcessId":"3036","Image":"C:\\Windows\\System32\\svchost.exe","FileVersion":"10.0.19041.4355 (WinBuild.160101.0800)","Description":"Host Process for Windows Services","Product":"Microsoft® Windows® Operating System","Company":"Microsoft Corporation","OriginalFileName":"svchost.exe","CommandLine":"C:\\Windows\\system32\\svchost.exe -k wsappx -p","CurrentDirectory":"C:\\Windows\\system32\\","User":"NT AUTHORITY\\SYSTEM","LogonGuid":"{53968da7-b200-6708-e703-000000000000}","LogonId":"0x3e7","TerminalSessionId":"0","IntegrityLevel":"System","Hashes":"MD5=7469CC568AD6821FD9D925542730A7D8,SHA256=6FC3BF1FDFD76860BE782554F8D25BD32F108DB934D70F4253F1E5F23522E503,IMPHASH=F9BBD96FAE53B7A31264A703CAFA0666","ParentProcessGuid":"{53968da7-b1ff-6708-0b00-00000000fb00}","ParentProcessId":"740","ParentImage":"C:\\Windows\\System32\\services.exe","ParentCommandLine":"C:\\Windows\\system32\\services.exe","ParentUser":"NT AUTHORITY\\SYSTEM"}}
{"LogSource":"Microsoft-Windows-Sysmon/Operational","EventId":1,"TimeCreated":"2024-10-10T22:43:35.7843598-07:00","RecordId":171394,"MachineName":"Win10","EventData":{"RuleName":"-","UtcTime":"2024-10-11 05:43:35.782","ProcessGuid":"{53968da7-bb07-6708-3f01-00000000fb00}","ProcessId":"2728","Image":"C:\\Windows\\System32\\backgroundTaskHost.exe","FileVersion":"10.0.19041.3636 (WinBuild.160101.0800)","Description":"Background Task Host","Product":"Microsoft® Windows® Operating System","Company":"Microsoft Corporation","OriginalFileName":"backgroundTaskHost.exe","CommandLine":"\"C:\\Windows\\system32\\backgroundTaskHost.exe\" -ServerName:WindowsBackup.AppXnn6fnh4raxtmg45ba8k2f4ykb7n0k3y4.mca","CurrentDirectory":"C:\\Windows\\SystemApps\\MicrosoftWindows.Client.CBS_cw5n1h2txyewy\\","User":"WIN10\\richard","LogonGuid":"{53968da7-b202-6708-c295-020000000000}","LogonId":"0x295c2","TerminalSessionId":"1","IntegrityLevel":"Medium","Hashes":"MD5=D4F3D9A5EC7B4EE9E7C9694E7C72DD45,SHA256=7077CBF56490C86FC74C0CC6C0379AB679F06A066E71906AD23458F664836449,IMPHASH=D2ACF1CBC4A6DB14A34C687B9362D66B","ParentProcessGuid":"{53968da7-b200-6708-0d00-00000000fb00}","ParentProcessId":"884","ParentImage":"C:\\Windows\\System32\\svchost.exe","ParentCommandLine":"C:\\Windows\\system32\\svchost.exe -k DcomLaunch -p","ParentUser":"NT AUTHORITY\\SYSTEM"}}
{"LogSource":"Microsoft-Windows-Sysmon/Operational","EventId":1,"TimeCreated":"2024-10-10T22:43:38.5121765-07:00","RecordId":171396,"MachineName":"Win10","EventData":{"RuleName":"-","UtcTime":"2024-10-11 05:43:38.504","ProcessGuid":"{53968da7-bb0a-6708-4101-00000000fb00}","ProcessId":"528","Image":"C:\\Program Files\\Opera\\autoupdate\\opera_autoupdate.exe","FileVersion":"113.0.5230.142","Description":"Opera auto-updater","Product":"Opera auto-updater","Company":"Opera Software","OriginalFileName":"-","CommandLine":"\"C:\\Program Files\\Opera\\autoupdate\\opera_autoupdate.exe\" --type=crashpad-handler \"--user-data-dir=C:\\Users\\richard\\AppData\\Roaming\\Opera Software\\Opera Stable\\Default\" /prefetch:4 --monitor-self-annotation=ptype=crashpad-handler \"--database=C:\\Users\\richard\\AppData\\Roaming\\Opera Software\\Opera Stable\\Default\\Crash Reports\" \"--crash-count-file=C:\\Users\\richard\\AppData\\Roaming\\Opera Software\\Opera Stable\\Default\\crash_count.txt\" --url=https://crashstats-collector-2.opera.com/ --annotation=channel=Stable --annotation=plat=Win64 --annotation=prod=OperaDesktop --annotation=ver=113.0.5230.142 --initial-client-data=0x234,0x238,0x23c,0x210,0x240,0x7ff7e4f6872c,0x7ff7e4f68738,0x7ff7e4f68748","CurrentDirectory":"C:\\Program Files\\Opera\\113.0.5230.142\\","User":"WIN10\\richard","LogonGuid":"{53968da7-b202-6708-c295-020000000000}","LogonId":"0x295c2","TerminalSessionId":"1","IntegrityLevel":"Medium","Hashes":"MD5=47850AB57010626D8693D28B99EF7573,SHA256=706841383A89918A7C4139378E12A7860F8B432B7ED11F46B2A66D435D77BBD2,IMPHASH=CF57677FCFC3AD5912B36DD5820FD035","ParentProcessGuid":"{53968da7-bb0a-6708-4001-00000000fb00}","ParentProcessId":"4452","ParentImage":"C:\\Program Files\\Opera\\autoupdate\\opera_autoupdate.exe","ParentCommandLine":"\"C:\\Program Files\\Opera\\autoupdate\\opera_autoupdate.exe\" --edition --host=https://autoupdate.geo.opera.com/ --installationdatadir=\"C:\\Program Files\\Opera\" --installdir=\"C:\\Program Files\\Opera\" --lang=en-US --pipeid --producttype --requesttype=shutdown --version=113.0.5230.142 --enableipv6 --bypasslauncher --user-data-dir=\"C:\\Users\\richard\\AppData\\Roaming\\Opera Software\\Opera Stable\\Default\" --firstrunver=99.0.4788.47 --firstrunts=1686064732 --consent-info=eyJzdGF0aXN0aWNzX2NvbGxlY3Rpb25fZW5hYmxlZCI6dHJ1ZSwidXNlcl9leHBlcmllbmNlX21ldHJpY3NfcmVwb3J0aW5nX2VuYWJsZWQiOnRydWV9","ParentUser":"WIN10\\richard"}}
{"LogSource":"Microsoft-Windows-Sysmon/Operational","EventId":1,"TimeCreated":"2024-10-10T22:43:38.4803867-07:00","RecordId":171395,"MachineName":"Win10","EventData":{"RuleName":"-","UtcTime":"2024-10-11 05:43:38.474","ProcessGuid":"{53968da7-bb0a-6708-4001-00000000fb00}","ProcessId":"4452","Image":"C:\\Program Files\\Opera\\autoupdate\\opera_autoupdate.exe","FileVersion":"113.0.5230.142","Description":"Opera auto-updater","Product":"Opera auto-updater","Company":"Opera Software","OriginalFileName":"-","CommandLine":"\"C:\\Program Files\\Opera\\autoupdate\\opera_autoupdate.exe\" --edition --host=https://autoupdate.geo.opera.com/ --installationdatadir=\"C:\\Program Files\\Opera\" --installdir=\"C:\\Program Files\\Opera\" --lang=en-US --pipeid --producttype --requesttype=shutdown --version=113.0.5230.142 --enableipv6 --bypasslauncher --user-data-dir=\"C:\\Users\\richard\\AppData\\Roaming\\Opera Software\\Opera Stable\\Default\" --firstrunver=99.0.4788.47 --firstrunts=1686064732 --consent-info=eyJzdGF0aXN0aWNzX2NvbGxlY3Rpb25fZW5hYmxlZCI6dHJ1ZSwidXNlcl9leHBlcmllbmNlX21ldHJpY3NfcmVwb3J0aW5nX2VuYWJsZWQiOnRydWV9","CurrentDirectory":"C:\\Program Files\\Opera\\113.0.5230.142\\","User":"WIN10\\richard","LogonGuid":"{53968da7-b202-6708-c295-020000000000}","LogonId":"0x295c2","TerminalSessionId":"1","IntegrityLevel":"Medium","Hashes":"MD5=47850AB57010626D8693D28B99EF7573,SHA256=706841383A89918A7C4139378E12A7860F8B432B7ED11F46B2A66D435D77BBD2,IMPHASH=CF57677FCFC3AD5912B36DD5820FD035","ParentProcessGuid":"{53968da7-b217-6708-8e00-00000000fb00}","ParentProcessId":"5292","ParentImage":"C:\\Program Files\\Opera\\opera.exe","ParentCommandLine":"\"C:\\Program Files\\Opera\\opera.exe\" ","ParentUser":"WIN10\\richard"}}
{"LogSource":"Microsoft-Windows-Sysmon/Operational","EventId":22,"TimeCreated":"2024-10-10T22:43:40.5635942-07:00","RecordId":171397,"MachineName":"Win10","EventData":{"RuleName":"-","UtcTime":"2024-10-11 05:43:37.532","ProcessGuid":"{00000000-0000-0000-0000-000000000000}","ProcessId":"4452","QueryName":"autoupdate.geo.opera.com","QueryStatus":"0","QueryResults":"type:  5 na-autoupdate.opera.com;2620:117:c004:320:107:167:96:38;2620:117:c004:320:107:167:96:39;::ffff:107.167.96.39;::ffff:107.167.96.38;","Image":"\u003cunknown process\u003e","User":"WIN10\\richard"}}
{"LogSource":"Microsoft-Windows-Sysmon/Operational","EventId":1,"TimeCreated":"2024-10-10T22:47:45.9701568-07:00","RecordId":171400,"MachineName":"Win10","EventData":{"RuleName":"-","UtcTime":"2024-10-11 05:47:45.963","ProcessGuid":"{53968da7-bc01-6708-4601-00000000fb00}","ProcessId":"6260","Image":"C:\\Windows\\WinSxS\\amd64_microsoft-windows-servicingstack_31bf3856ad364e35_10.0.19041.4950_none_7dd913727cb4d87c\\TiWorker.exe","FileVersion":"10.0.19041.4950 (WinBuild.160101.0800)","Description":"Windows Modules Installer Worker","Product":"Microsoft® Windows® Operating System","Company":"Microsoft Corporation","OriginalFileName":"TiWorker.exe","CommandLine":"C:\\Windows\\winsxs\\amd64_microsoft-windows-servicingstack_31bf3856ad364e35_10.0.19041.4950_none_7dd913727cb4d87c\\TiWorker.exe -Embedding","CurrentDirectory":"C:\\Windows\\system32\\","User":"NT AUTHORITY\\SYSTEM","LogonGuid":"{53968da7-b200-6708-e703-000000000000}","LogonId":"0x3e7","TerminalSessionId":"0","IntegrityLevel":"System","Hashes":"MD5=8BB8E0213FE25734849C99B14BF2D9FB,SHA256=4C73E3B1A99F00E9D24ABD2476B5F36AB0A4C6C46BC768CF38409BBEB08AA3BA,IMPHASH=C139ED9A7073C8648B89D9641D69031A","ParentProcessGuid":"{53968da7-b200-6708-0d00-00000000fb00}","ParentProcessId":"884","ParentImage":"C:\\Windows\\System32\\svchost.exe","ParentCommandLine":"C:\\Windows\\system32\\svchost.exe -k DcomLaunch -p","ParentUser":"NT AUTHORITY\\SYSTEM"}}
{"LogSource":"Microsoft-Windows-Sysmon/Operational","EventId":1,"TimeCreated":"2024-10-10T22:47:45.8490318-07:00","RecordId":171398,"MachineName":"Win10","EventData":{"RuleName":"-","UtcTime":"2024-10-11 05:47:45.846","ProcessGuid":"{53968da7-bc01-6708-4301-00000000fb00}","ProcessId":"3176","Image":"C:\\Windows\\System32\\MoUsoCoreWorker.exe","FileVersion":"10.0.19041.4957 (WinBuild.160101.0800)","Description":"MoUSO Core Worker Process","Product":"Microsoft® Windows® Operating System","Company":"Microsoft Corporation","OriginalFileName":"MoUSOCoreWorker.exe","CommandLine":"C:\\Windows\\System32\\mousocoreworker.exe -Embedding","CurrentDirectory":"C:\\Windows\\system32\\","User":"NT AUTHORITY\\SYSTEM","LogonGuid":"{53968da7-b200-6708-e703-000000000000}","LogonId":"0x3e7","TerminalSessionId":"0","IntegrityLevel":"System","Hashes":"MD5=F26685B9958880A9F738D9549803E53A,SHA256=9972C3232AA8BD10CB24B9C64085140C2A7AC94927785E293AE09A26FFF92F93,IMPHASH=517D061733F6C6DD355EF860B4AF63BE","ParentProcessGuid":"{53968da7-b200-6708-0d00-00000000fb00}","ParentProcessId":"884","ParentImage":"C:\\Windows\\System32\\svchost.exe","ParentCommandLine":"C:\\Windows\\system32\\svchost.exe -k DcomLaunch -p","ParentUser":"NT AUTHORITY\\SYSTEM"}}
{"LogSource":"Microsoft-Windows-Sysmon/Operational","EventId":1,"TimeCreated":"2024-10-10T22:47:45.9475946-07:00","RecordId":171399,"MachineName":"Win10","EventData":{"RuleName":"-","UtcTime":"2024-10-11 05:47:45.939","ProcessGuid":"{53968da7-bc01-6708-4401-00000000fb00}","ProcessId":"8728","Image":"C:\\Windows\\servicing\\TrustedInstaller.exe","FileVersion":"10.0.19041.4355 (WinBuild.160101.0800)","Description":"Windows Modules Installer","Product":"Microsoft® Windows® Operating System","Company":"Microsoft Corporation","OriginalFileName":"TrustedInstaller.exe","CommandLine":"C:\\Windows\\servicing\\TrustedInstaller.exe","CurrentDirectory":"C:\\Windows\\system32\\","User":"NT AUTHORITY\\SYSTEM","LogonGuid":"{53968da7-b200-6708-e703-000000000000}","LogonId":"0x3e7","TerminalSessionId":"0","IntegrityLevel":"System","Hashes":"MD5=8BFD0993E6AF9B71F6EC20967E7F4E66,SHA256=93995D019FAB5633DE86938FA84AC43A38951EE5DB9577B1651857E3880437EB,IMPHASH=B898664253FDA776233DB48555E7463B","ParentProcessGuid":"{53968da7-b1ff-6708-0b00-00000000fb00}","ParentProcessId":"740","ParentImage":"C:\\Windows\\System32\\services.exe","ParentCommandLine":"C:\\Windows\\system32\\services.exe","ParentUser":"NT AUTHORITY\\SYSTEM"}}
{"LogSource":"Microsoft-Windows-Sysmon/Operational","EventId":1,"TimeCreated":"2024-10-10T22:47:47.1407186-07:00","RecordId":171401,"MachineName":"Win10","EventData":{"RuleName":"-","UtcTime":"2024-10-11 05:47:47.139","ProcessGuid":"{53968da7-bc03-6708-4701-00000000fb00}","ProcessId":"9188","Image":"C:\\Windows\\System32\\svchost.exe","FileVersion":"10.0.19041.4355 (WinBuild.160101.0800)","Description":"Host Process for Windows Services","Product":"Microsoft® Windows® Operating System","Company":"Microsoft Corporation","OriginalFileName":"svchost.exe","CommandLine":"C:\\Windows\\system32\\svchost.exe -k wusvcs -p","CurrentDirectory":"C:\\Windows\\system32\\","User":"NT AUTHORITY\\SYSTEM","LogonGuid":"{53968da7-b200-6708-e703-000000000000}","LogonId":"0x3e7","TerminalSessionId":"0","IntegrityLevel":"System","Hashes":"MD5=7469CC568AD6821FD9D925542730A7D8,SHA256=6FC3BF1FDFD76860BE782554F8D25BD32F108DB934D70F4253F1E5F23522E503,IMPHASH=F9BBD96FAE53B7A31264A703CAFA0666","ParentProcessGuid":"{53968da7-b1ff-6708-0b00-00000000fb00}","ParentProcessId":"740","ParentImage":"C:\\Windows\\System32\\services.exe","ParentCommandLine":"C:\\Windows\\system32\\services.exe","ParentUser":"NT AUTHORITY\\SYSTEM"}}
{"LogSource":"Microsoft-Windows-Sysmon/Operational","EventId":1,"TimeCreated":"2024-10-10T22:56:59.3530804-07:00","RecordId":171402,"MachineName":"Win10","EventData":{"RuleName":"-","UtcTime":"2024-10-11 05:56:59.350","ProcessGuid":"{53968da7-be2b-6708-4901-00000000fb00}","ProcessId":"7304","Image":"C:\\Windows\\System32\\svchost.exe","FileVersion":"10.0.19041.4355 (WinBuild.160101.0800)","Description":"Host Process for Windows Services","Product":"Microsoft® Windows® Operating System","Company":"Microsoft Corporation","OriginalFileName":"svchost.exe","CommandLine":"C:\\Windows\\system32\\svchost.exe -k wsappx -p","CurrentDirectory":"C:\\Windows\\system32\\","User":"NT AUTHORITY\\SYSTEM","LogonGuid":"{53968da7-b200-6708-e703-000000000000}","LogonId":"0x3e7","TerminalSessionId":"0","IntegrityLevel":"System","Hashes":"MD5=7469CC568AD6821FD9D925542730A7D8,SHA256=6FC3BF1FDFD76860BE782554F8D25BD32F108DB934D70F4253F1E5F23522E503,IMPHASH=F9BBD96FAE53B7A31264A703CAFA0666","ParentProcessGuid":"{53968da7-b1ff-6708-0b00-00000000fb00}","ParentProcessId":"740","ParentImage":"C:\\Windows\\System32\\services.exe","ParentCommandLine":"C:\\Windows\\system32\\services.exe","ParentUser":"NT AUTHORITY\\SYSTEM"}}
{"LogSource":"Microsoft-Windows-Sysmon/Operational","EventId":1,"TimeCreated":"2024-10-10T22:57:02.9007100-07:00","RecordId":171403,"MachineName":"Win10","EventData":{"RuleName":"-","UtcTime":"2024-10-11 05:57:02.898","ProcessGuid":"{53968da7-be2e-6708-4f01-00000000fb00}","ProcessId":"6708","Image":"C:\\Windows\\System32\\smartscreen.exe","FileVersion":"10.0.19041.5007 (WinBuild.160101.0800)","Description":"Windows Defender SmartScreen","Product":"Microsoft® Windows® Operating System","Company":"Microsoft Corporation","OriginalFileName":"smartscreen.exe","CommandLine":"C:\\Windows\\System32\\smartscreen.exe -Embedding","CurrentDirectory":"C:\\Windows\\system32\\","User":"WIN10\\richard","LogonGuid":"{53968da7-b202-6708-c295-020000000000}","LogonId":"0x295c2","TerminalSessionId":"1","IntegrityLevel":"Medium","Hashes":"MD5=C0F62FB7AD4A9C049D5AC3B737E1252D,SHA256=F4EAFC737F93186D563B198ED737C9C2F17A4B9A58D976D78D1C2E13C1EDA104,IMPHASH=9ECF7E989FB6561A51A731BC7991D274","ParentProcessGuid":"{53968da7-b200-6708-0d00-00000000fb00}","ParentProcessId":"884","ParentImage":"C:\\Windows\\System32\\svchost.exe","ParentCommandLine":"C:\\Windows\\system32\\svchost.exe -k DcomLaunch -p","ParentUser":"NT AUTHORITY\\SYSTEM"}}
{"LogSource":"Microsoft-Windows-Sysmon/Operational","EventId":1,"TimeCreated":"2024-10-10T22:57:02.9996390-07:00","RecordId":171404,"MachineName":"Win10","EventData":{"RuleName":"-","UtcTime":"2024-10-11 05:57:02.994","ProcessGuid":"{53968da7-be2e-6708-5001-00000000fb00}","ProcessId":"7204","Image":"C:\\Windows\\System32\\consent.exe","FileVersion":"10.0.19041.4355 (WinBuild.160101.0800)","Description":"Consent UI for administrative applications","Product":"Microsoft® Windows® Operating System","Company":"Microsoft Corporation","OriginalFileName":"consent.exe","CommandLine":"consent.exe 492 492 000001FD01E6FB90","CurrentDirectory":"C:\\Windows\\system32\\","User":"NT AUTHORITY\\SYSTEM","LogonGuid":"{53968da7-b200-6708-e703-000000000000}","LogonId":"0x3e7","TerminalSessionId":"1","IntegrityLevel":"System","Hashes":"MD5=07EB4249E014F417A48BEAD8592BA686,SHA256=26DE462FC57F7F99CB5105AB6278594B6390F4EC8DAF3CF400DB46EA60538312,IMPHASH=7001337914CFB426620F508E54CDF72F","ParentProcessGuid":"{53968da7-b200-6708-1100-00000000fb00}","ParentProcessId":"492","ParentImage":"C:\\Windows\\System32\\svchost.exe","ParentCommandLine":"C:\\Windows\\system32\\svchost.exe -k netsvcs -p","ParentUser":"NT AUTHORITY\\SYSTEM"}}
{"LogSource":"Microsoft-Windows-Sysmon/Operational","EventId":1,"TimeCreated":"2024-10-10T22:57:04.6351006-07:00","RecordId":171405,"MachineName":"Win10","EventData":{"RuleName":"-","UtcTime":"2024-10-11 05:57:04.631","ProcessGuid":"{53968da7-be30-6708-5201-00000000fb00}","ProcessId":"6876","Image":"C:\\Windows\\System32\\WindowsPowerShell\\v1.0\\powershell_ise.exe","FileVersion":"10.0.19041.1 (WinBuild.160101.0800)","Description":"Windows PowerShell ISE","Product":"Microsoft® Windows® Operating System","Company":"Microsoft Corporation","OriginalFileName":"powershell_ise.EXE","CommandLine":"\"C:\\Windows\\system32\\WindowsPowerShell\\v1.0\\PowerShell_ISE.exe\" ","CurrentDirectory":"C:\\Windows\\system32\\","User":"WIN10\\richard","LogonGuid":"{53968da7-b202-6708-7195-020000000000}","LogonId":"0x29571","TerminalSessionId":"1","IntegrityLevel":"High","Hashes":"MD5=E05920670516CC96822699E5688A79FA,SHA256=1172951D8B1AA4CF9D0AC9F72AE344C5896CE4286C790A1F0DFF8A6F71A5772E,IMPHASH=00000000000000000000000000000000","ParentProcessGuid":"{53968da7-b203-6708-4f00-00000000fb00}","ParentProcessId":"4396","ParentImage":"C:\\Windows\\explorer.exe","ParentCommandLine":"C:\\Windows\\Explorer.EXE","ParentUser":"WIN10\\richard"}}
{"LogSource":"Microsoft-Windows-Sysmon/Operational","EventId":11,"TimeCreated":"2024-10-10T22:57:07.4776036-07:00","RecordId":171406,"MachineName":"Win10","EventData":{"RuleName":"-","UtcTime":"2024-10-11 05:57:07.467","ProcessGuid":"{53968da7-be30-6708-5201-00000000fb00}","ProcessId":"6876","Image":"C:\\Windows\\system32\\WindowsPowerShell\\v1.0\\PowerShell_ISE.exe","TargetFilename":"C:\\Users\\richard\\AppData\\Local\\Temp\\__PSScriptPolicyTest_wenhyv5m.sff.ps1","CreationUtcTime":"2024-10-11 05:57:07.467","User":"WIN10\\richard"}}
{"LogSource":"Microsoft-Windows-Sysmon/Operational","EventId":1,"TimeCreated":"2024-10-10T22:57:15.5901786-07:00","RecordId":171407,"MachineName":"Win10","EventData":{"RuleName":"-","UtcTime":"2024-10-11 05:57:15.566","ProcessGuid":"{53968da7-be3b-6708-5301-00000000fb00}","ProcessId":"2312","Image":"C:\\Program Files\\Google\\Chrome\\Application\\chrome.exe","FileVersion":"129.0.6668.100","Description":"Google Chrome","Product":"Google Chrome","Company":"Google LLC","OriginalFileName":"chrome.exe","CommandLine":"\"C:\\Program Files\\Google\\Chrome\\Application\\chrome.exe\" https://www.forbes.com ","CurrentDirectory":"C:\\Windows\\system32\\","User":"WIN10\\richard","LogonGuid":"{53968da7-b202-6708-7195-020000000000}","LogonId":"0x29571","TerminalSessionId":"1","IntegrityLevel":"High","Hashes":"MD5=47679449E8A738D8B1849668622E7C9E,SHA256=2D2A32CBCCED69610445D92965CA710EF2DA89C3788EBB98FF8612EBFFAC917B,IMPHASH=8AA69BFB46216FA413519FB53924B2F9","ParentProcessGuid":"{53968da7-be30-6708-5201-00000000fb00}","ParentProcessId":"6876","ParentImage":"C:\\Windows\\System32\\WindowsPowerShell\\v1.0\\powershell_ise.exe","ParentCommandLine":"\"C:\\Windows\\system32\\WindowsPowerShell\\v1.0\\PowerShell_ISE.exe\" ","ParentUser":"WIN10\\richard"}}
{"LogSource":"Microsoft-Windows-Sysmon/Operational","EventId":1,"TimeCreated":"2024-10-10T22:57:15.9419221-07:00","RecordId":171408,"MachineName":"Win10","EventData":{"RuleName":"-","UtcTime":"2024-10-11 05:57:15.922","ProcessGuid":"{53968da7-be3b-6708-5701-00000000fb00}","ProcessId":"1016","Image":"C:\\Program Files\\Google\\Chrome\\Application\\129.0.6668.100\\elevation_service.exe","FileVersion":"129.0.6668.100","Description":"Google Chrome","Product":"Google Chrome","Company":"Google LLC","OriginalFileName":"elevation_service.exe","CommandLine":"\"C:\\Program Files\\Google\\Chrome\\Application\\129.0.6668.100\\elevation_service.exe\"","CurrentDirectory":"C:\\Windows\\system32\\","User":"NT AUTHORITY\\SYSTEM","LogonGuid":"{53968da7-b200-6708-e703-000000000000}","LogonId":"0x3e7","TerminalSessionId":"0","IntegrityLevel":"System","Hashes":"MD5=472B2328D62FEC7E774166FD75C18FF6,SHA256=56291421DA56A296F3F0AEF18CA0FB3C0925779EEE7B4734A07A24E59348D9CE,IMPHASH=E2CE387C73E135211A0D2FF087A2F9F3","ParentProcessGuid":"{53968da7-b1ff-6708-0b00-00000000fb00}","ParentProcessId":"740","ParentImage":"C:\\Windows\\System32\\services.exe","ParentCommandLine":"C:\\Windows\\system32\\services.exe","ParentUser":"NT AUTHORITY\\SYSTEM"}}
{"LogSource":"Microsoft-Windows-Sysmon/Operational","EventId":22,"TimeCreated":"2024-10-10T22:57:17.3105558-07:00","RecordId":171409,"MachineName":"Win10","EventData":{"RuleName":"-","UtcTime":"2024-10-11 05:57:15.069","ProcessGuid":"{53968da7-be3b-6708-5601-00000000fb00}","ProcessId":"2812","QueryName":"wpad","QueryStatus":"9003","QueryResults":"-","Image":"C:\\Program Files\\Google\\Chrome\\Application\\chrome.exe","User":"WIN10\\richard"}}
{"LogSource":"Microsoft-Windows-Sysmon/Operational","EventId":22,"TimeCreated":"2024-10-10T22:57:17.3117029-07:00","RecordId":171410,"MachineName":"Win10","EventData":{"RuleName":"-","UtcTime":"2024-10-11 05:57:15.084","ProcessGuid":"{53968da7-be3b-6708-5601-00000000fb00}","ProcessId":"2812","QueryName":"wpad","QueryStatus":"9003","QueryResults":"-","Image":"C:\\Program Files\\Google\\Chrome\\Application\\chrome.exe","User":"WIN10\\richard"}}
{"LogSource":"Microsoft-Windows-Sysmon/Operational","EventId":22,"TimeCreated":"2024-10-10T22:57:17.3153289-07:00","RecordId":171411,"MachineName":"Win10","EventData":{"RuleName":"-","UtcTime":"2024-10-11 05:57:15.093","ProcessGuid":"{53968da7-be3b-6708-5601-00000000fb00}","ProcessId":"2812","QueryName":"wpad","QueryStatus":"9003","QueryResults":"-","Image":"C:\\Program Files\\Google\\Chrome\\Application\\chrome.exe","User":"WIN10\\richard"}}
{"LogSource":"Microsoft-Windows-Sysmon/Operational","EventId":22,"TimeCreated":"2024-10-10T22:57:18.3241387-07:00","RecordId":171412,"MachineName":"Win10","EventData":{"RuleName":"-","UtcTime":"2024-10-11 05:57:16.380","ProcessGuid":"{53968da7-be3b-6708-5601-00000000fb00}","ProcessId":"2812","QueryName":"s.thebrighttag.com","QueryStatus":"9003","QueryResults":"-","Image":"C:\\Program Files\\Google\\Chrome\\Application\\chrome.exe","User":"WIN10\\richard"}}
{"LogSource":"Microsoft-Windows-Sysmon/Operational","EventId":22,"TimeCreated":"2024-10-10T22:57:24.3956165-07:00","RecordId":171413,"MachineName":"Win10","EventData":{"RuleName":"-","UtcTime":"2024-10-11 05:57:23.087","ProcessGuid":"{53968da7-be3b-6708-5601-00000000fb00}","ProcessId":"2812","QueryName":"wpad","QueryStatus":"9003","QueryResults":"-","Image":"C:\\Program Files\\Google\\Chrome\\Application\\chrome.exe","User":"WIN10\\richard"}}
{"LogSource":"Microsoft-Windows-Sysmon/Operational","EventId":1,"TimeCreated":"2024-10-10T22:57:34.9000402-07:00","RecordId":171414,"MachineName":"Win10","EventData":{"RuleName":"-","UtcTime":"2024-10-11 05:57:34.897","ProcessGuid":"{53968da7-be4e-6708-7101-00000000fb00}","ProcessId":"6256","Image":"C:\\Program Files (x86)\\Google\\GoogleUpdater\\130.0.6679.0\\updater.exe","FileVersion":"130.0.6679.0","Description":"Google Updater","Product":"Google Updater","Company":"Google LLC","OriginalFileName":"updater.exe","CommandLine":"\"C:\\Program Files (x86)\\Google\\GoogleUpdater\\130.0.6679.0\\updater.exe\" --system --windows-service --service=update","CurrentDirectory":"C:\\Windows\\system32\\","User":"NT AUTHORITY\\SYSTEM","LogonGuid":"{53968da7-b200-6708-e703-000000000000}","LogonId":"0x3e7","TerminalSessionId":"0","IntegrityLevel":"System","Hashes":"MD5=C583E91DDEE7C0E8AC2A3D3AACAD2F4C,SHA256=7F67129760223E5DDF31219F0B2E247555FBAC85F4B6F933212AC091A21DEBF9,IMPHASH=20AB254B36A04EA3556F60145D061FED","ParentProcessGuid":"{53968da7-b1ff-6708-0b00-00000000fb00}","ParentProcessId":"740","ParentImage":"C:\\Windows\\System32\\services.exe","ParentCommandLine":"C:\\Windows\\system32\\services.exe","ParentUser":"NT AUTHORITY\\SYSTEM"}}
{"LogSource":"Microsoft-Windows-Sysmon/Operational","EventId":1,"TimeCreated":"2024-10-10T22:57:34.9185730-07:00","RecordId":171415,"MachineName":"Win10","EventData":{"RuleName":"-","UtcTime":"2024-10-11 05:57:34.916","ProcessGuid":"{53968da7-be4e-6708-7201-00000000fb00}","ProcessId":"868","Image":"C:\\Program Files (x86)\\Google\\GoogleUpdater\\130.0.6679.0\\updater.exe","FileVersion":"130.0.6679.0","Description":"Google Updater","Product":"Google Updater","Company":"Google LLC","OriginalFileName":"updater.exe","CommandLine":"\"C:\\Program Files (x86)\\Google\\GoogleUpdater\\130.0.6679.0\\updater.exe\" --crash-handler --system \"--database=C:\\Program Files (x86)\\Google\\GoogleUpdater\\130.0.6679.0\\Crashpad\" --url=https://clients2.google.com/cr/report --annotation=prod=Update4 --annotation=ver=130.0.6679.0 \"--attachment=C:\\Program Files (x86)\\Google\\GoogleUpdater\\updater.log\" --initial-client-data=0x2a4,0x2a8,0x2ac,0x280,0x2b0,0xdaa6cc,0xdaa6d8,0xdaa6e4","CurrentDirectory":"C:\\Windows\\system32\\","User":"NT AUTHORITY\\SYSTEM","LogonGuid":"{53968da7-b200-6708-e703-000000000000}","LogonId":"0x3e7","TerminalSessionId":"0","IntegrityLevel":"System","Hashes":"MD5=C583E91DDEE7C0E8AC2A3D3AACAD2F4C,SHA256=7F67129760223E5DDF31219F0B2E247555FBAC85F4B6F933212AC091A21DEBF9,IMPHASH=20AB254B36A04EA3556F60145D061FED","ParentProcessGuid":"{53968da7-be4e-6708-7101-00000000fb00}","ParentProcessId":"6256","ParentImage":"C:\\Program Files (x86)\\Google\\GoogleUpdater\\130.0.6679.0\\updater.exe","ParentCommandLine":"\"C:\\Program Files (x86)\\Google\\GoogleUpdater\\130.0.6679.0\\updater.exe\" --system --windows-service --service=update","ParentUser":"NT AUTHORITY\\SYSTEM"}}
{"LogSource":"Microsoft-Windows-Sysmon/Operational","EventId":1,"TimeCreated":"2024-10-10T22:59:27.7582113-07:00","RecordId":171416,"MachineName":"Win10","EventData":{"RuleName":"-","UtcTime":"2024-10-11 05:59:27.756","ProcessGuid":"{53968da7-bebf-6708-7501-00000000fb00}","ProcessId":"7600","Image":"C:\\Program Files\\Google\\Chrome\\Application\\chrome.exe","FileVersion":"129.0.6668.100","Description":"Google Chrome","Product":"Google Chrome","Company":"Google LLC","OriginalFileName":"chrome.exe","CommandLine":"\"C:\\Program Files\\Google\\Chrome\\Application\\chrome.exe\" https://www.forbes.com ","CurrentDirectory":"C:\\Windows\\system32\\","User":"WIN10\\richard","LogonGuid":"{53968da7-b202-6708-7195-020000000000}","LogonId":"0x29571","TerminalSessionId":"1","IntegrityLevel":"High","Hashes":"MD5=47679449E8A738D8B1849668622E7C9E,SHA256=2D2A32CBCCED69610445D92965CA710EF2DA89C3788EBB98FF8612EBFFAC917B,IMPHASH=8AA69BFB46216FA413519FB53924B2F9","ParentProcessGuid":"{53968da7-be30-6708-5201-00000000fb00}","ParentProcessId":"6876","ParentImage":"C:\\Windows\\System32\\WindowsPowerShell\\v1.0\\powershell_ise.exe","ParentCommandLine":"\"C:\\Windows\\system32\\WindowsPowerShell\\v1.0\\PowerShell_ISE.exe\" ","ParentUser":"WIN10\\richard"}}
{"LogSource":"Microsoft-Windows-Sysmon/Operational","EventId":1,"TimeCreated":"2024-10-10T22:59:27.9401490-07:00","RecordId":171417,"MachineName":"Win10","EventData":{"RuleName":"-","UtcTime":"2024-10-11 05:59:27.935","ProcessGuid":"{53968da7-bebf-6708-7901-00000000fb00}","ProcessId":"9016","Image":"C:\\Program Files\\Google\\Chrome\\Application\\129.0.6668.100\\elevation_service.exe","FileVersion":"129.0.6668.100","Description":"Google Chrome","Product":"Google Chrome","Company":"Google LLC","OriginalFileName":"elevation_service.exe","CommandLine":"\"C:\\Program Files\\Google\\Chrome\\Application\\129.0.6668.100\\elevation_service.exe\"","CurrentDirectory":"C:\\Windows\\system32\\","User":"NT AUTHORITY\\SYSTEM","LogonGuid":"{53968da7-b200-6708-e703-000000000000}","LogonId":"0x3e7","TerminalSessionId":"0","IntegrityLevel":"System","Hashes":"MD5=472B2328D62FEC7E774166FD75C18FF6,SHA256=56291421DA56A296F3F0AEF18CA0FB3C0925779EEE7B4734A07A24E59348D9CE,IMPHASH=E2CE387C73E135211A0D2FF087A2F9F3","ParentProcessGuid":"{53968da7-b1ff-6708-0b00-00000000fb00}","ParentProcessId":"740","ParentImage":"C:\\Windows\\System32\\services.exe","ParentCommandLine":"C:\\Windows\\system32\\services.exe","ParentUser":"NT AUTHORITY\\SYSTEM"}}
{"LogSource":"Microsoft-Windows-Sysmon/Operational","EventId":22,"TimeCreated":"2024-10-10T22:59:30.2874895-07:00","RecordId":171418,"MachineName":"Win10","EventData":{"RuleName":"-","UtcTime":"2024-10-11 05:59:27.018","ProcessGuid":"{53968da7-bebf-6708-7801-00000000fb00}","ProcessId":"8148","QueryName":"wpad","QueryStatus":"9003","QueryResults":"-","Image":"C:\\Program Files\\Google\\Chrome\\Application\\chrome.exe","User":"WIN10\\richard"}}
{"LogSource":"Microsoft-Windows-Sysmon/Operational","EventId":22,"TimeCreated":"2024-10-10T22:59:30.2888038-07:00","RecordId":171419,"MachineName":"Win10","EventData":{"RuleName":"-","UtcTime":"2024-10-11 05:59:27.041","ProcessGuid":"{53968da7-bebf-6708-7801-00000000fb00}","ProcessId":"8148","QueryName":"wpad","QueryStatus":"9003","QueryResults":"-","Image":"C:\\Program Files\\Google\\Chrome\\Application\\chrome.exe","User":"WIN10\\richard"}}
{"LogSource":"Microsoft-Windows-Sysmon/Operational","EventId":22,"TimeCreated":"2024-10-10T22:59:30.2895801-07:00","RecordId":171420,"MachineName":"Win10","EventData":{"RuleName":"-","UtcTime":"2024-10-11 05:59:27.051","ProcessGuid":"{53968da7-bebf-6708-7801-00000000fb00}","ProcessId":"8148","QueryName":"wpad","QueryStatus":"9003","QueryResults":"-","Image":"C:\\Program Files\\Google\\Chrome\\Application\\chrome.exe","User":"WIN10\\richard"}}
