{"LogSource":"Microsoft-Windows-Sysmon/Operational","EventId":1,"TimeCreated":"2024-10-11T01:29:08.1098051-07:00","RecordId":173357,"MachineName":"Win10","EventData":{"RuleName":"-","UtcTime":"2024-10-11 08:29:08.106","ProcessGuid":"{53968da7-e1d4-6708-5e06-00000000fb00}","ProcessId":"7764","Image":"C:\\Program Files\\Google\\Chrome\\Application\\129.0.6668.100\\elevation_service.exe","FileVersion":"129.0.6668.100","Description":"Google Chrome","Product":"Google Chrome","Company":"Google LLC","OriginalFileName":"elevation_service.exe","CommandLine":"\"C:\\Program Files\\Google\\Chrome\\Application\\129.0.6668.100\\elevation_service.exe\"","CurrentDirectory":"C:\\Windows\\system32\\","User":"NT AUTHORITY\\SYSTEM","LogonGuid":"{53968da7-b200-6708-e703-000000000000}","LogonId":"0x3e7","TerminalSessionId":"0","IntegrityLevel":"System","Hashes":"MD5=472B2328D62FEC7E774166FD75C18FF6,SHA256=56291421DA56A296F3F0AEF18CA0FB3C0925779EEE7B4734A07A24E59348D9CE,IMPHASH=E2CE387C73E135211A0D2FF087A2F9F3","ParentProcessGuid":"{53968da7-b1ff-6708-0b00-00000000fb00}","ParentProcessId":"740","ParentImage":"C:\\Windows\\System32\\services.exe","ParentCommandLine":"C:\\Windows\\system32\\services.exe","ParentUser":"NT AUTHORITY\\SYSTEM"}}
{"LogSource":"Microsoft-Windows-Sysmon/Operational","EventId":1,"TimeCreated":"2024-10-11T01:29:09.2273308-07:00","RecordId":173358,"MachineName":"Win10","EventData":{"RuleName":"-","UtcTime":"2024-10-11 08:29:09.225","ProcessGuid":"{53968da7-e1d5-6708-6806-00000000fb00}","ProcessId":"7352","Image":"C:\\Windows\\System32\\svchost.exe","FileVersion":"10.0.19041.4355 (WinBuild.160101.0800)","Description":"Host Process for Windows Services","Product":"Microsoft® Windows® Operating System","Company":"Microsoft Corporation","OriginalFileName":"svchost.exe","CommandLine":"C:\\Windows\\system32\\svchost.exe -k wsappx -p","CurrentDirectory":"C:\\Windows\\system32\\","User":"NT AUTHORITY\\SYSTEM","LogonGuid":"{53968da7-b200-6708-e703-000000000000}","LogonId":"0x3e7","TerminalSessionId":"0","IntegrityLevel":"System","Hashes":"MD5=7469CC568AD6821FD9D925542730A7D8,SHA256=6FC3BF1FDFD76860BE782554F8D25BD32F108DB934D70F4253F1E5F23522E503,IMPHASH=F9BBD96FAE53B7A31264A703CAFA0666","ParentProcessGuid":"{53968da7-b1ff-6708-0b00-00000000fb00}","ParentProcessId":"740","ParentImage":"C:\\Windows\\System32\\services.exe","ParentCommandLine":"C:\\Windows\\system32\\services.exe","ParentUser":"NT AUTHORITY\\SYSTEM"}}
{"LogSource":"Microsoft-Windows-Sysmon/Operational","EventId":22,"TimeCreated":"2024-10-11T01:29:10.4510094-07:00","RecordId":173359,"MachineName":"Win10","EventData":{"RuleName":"-","UtcTime":"2024-10-11 08:29:07.158","ProcessGuid":"{53968da7-e1d4-6708-5d06-00000000fb00}","ProcessId":"6856","QueryName":"wpad","QueryStatus":"9003","QueryResults":"-","Image":"C:\\Program Files\\Google\\Chrome\\Application\\chrome.exe","User":"WIN10\\richard"}}
{"LogSource":"Microsoft-Windows-Sysmon/Operational","EventId":22,"TimeCreated":"2024-10-11T01:29:10.4540927-07:00","RecordId":173360,"MachineName":"Win10","EventData":{"RuleName":"-","UtcTime":"2024-10-11 08:29:07.181","ProcessGuid":"{53968da7-e1d4-6708-5d06-00000000fb00}","ProcessId":"6856","QueryName":"wpad","QueryStatus":"9003","QueryResults":"-","Image":"C:\\Program Files\\Google\\Chrome\\Application\\chrome.exe","User":"WIN10\\richard"}}
{"LogSource":"Microsoft-Windows-Sysmon/Operational","EventId":22,"TimeCreated":"2024-10-11T01:29:10.4571255-07:00","RecordId":173361,"MachineName":"Win10","EventData":{"RuleName":"-","UtcTime":"2024-10-11 08:29:07.181","ProcessGuid":"{53968da7-e1d4-6708-5d06-00000000fb00}","ProcessId":"6856","QueryName":"wpad","QueryStatus":"9003","QueryResults":"-","Image":"C:\\Program Files\\Google\\Chrome\\Application\\chrome.exe","User":"WIN10\\richard"}}
{"LogSource":"Microsoft-Windows-Sysmon/Operational","EventId":22,"TimeCreated":"2024-10-11T01:29:18.4513746-07:00","RecordId":173362,"MachineName":"Win10","EventData":{"RuleName":"-","UtcTime":"2024-10-11 08:29:15.186","ProcessGuid":"{53968da7-e1d4-6708-5d06-00000000fb00}","ProcessId":"6856","QueryName":"wpad","QueryStatus":"9003","QueryResults":"-","Image":"C:\\Program Files\\Google\\Chrome\\Application\\chrome.exe","User":"WIN10\\richard"}}
{"LogSource":"Microsoft-Windows-Sysmon/Operational","EventId":1,"TimeCreated":"2024-10-11T01:29:27.0771563-07:00","RecordId":173363,"MachineName":"Win10","EventData":{"RuleName":"-","UtcTime":"2024-10-11 08:29:27.070","ProcessGuid":"{53968da7-e1e7-6708-6e06-00000000fb00}","ProcessId":"2812","Image":"C:\\Program Files (x86)\\Google\\GoogleUpdater\\130.0.6679.0\\updater.exe","FileVersion":"130.0.6679.0","Description":"Google Updater","Product":"Google Updater","Company":"Google LLC","OriginalFileName":"updater.exe","CommandLine":"\"C:\\Program Files (x86)\\Google\\GoogleUpdater\\130.0.6679.0\\updater.exe\" --system --windows-service --service=update","CurrentDirectory":"C:\\Windows\\system32\\","User":"NT AUTHORITY\\SYSTEM","LogonGuid":"{53968da7-b200-6708-e703-000000000000}","LogonId":"0x3e7","TerminalSessionId":"0","IntegrityLevel":"System","Hashes":"MD5=C583E91DDEE7C0E8AC2A3D3AACAD2F4C,SHA256=7F67129760223E5DDF31219F0B2E247555FBAC85F4B6F933212AC091A21DEBF9,IMPHASH=20AB254B36A04EA3556F60145D061FED","ParentProcessGuid":"{53968da7-b1ff-6708-0b00-00000000fb00}","ParentProcessId":"740","ParentImage":"C:\\Windows\\System32\\services.exe","ParentCommandLine":"C:\\Windows\\system32\\services.exe","ParentUser":"NT AUTHORITY\\SYSTEM"}}
{"LogSource":"Microsoft-Windows-Sysmon/Operational","EventId":1,"TimeCreated":"2024-10-11T01:29:27.1194547-07:00","RecordId":173364,"MachineName":"Win10","EventData":{"RuleName":"-","UtcTime":"2024-10-11 08:29:27.116","ProcessGuid":"{53968da7-e1e7-6708-6f06-00000000fb00}","ProcessId":"692","Image":"C:\\Program Files (x86)\\Google\\GoogleUpdater\\130.0.6679.0\\updater.exe","FileVersion":"130.0.6679.0","Description":"Google Updater","Product":"Google Updater","Company":"Google LLC","OriginalFileName":"updater.exe","CommandLine":"\"C:\\Program Files (x86)\\Google\\GoogleUpdater\\130.0.6679.0\\updater.exe\" --crash-handler --system \"--database=C:\\Program Files (x86)\\Google\\GoogleUpdater\\130.0.6679.0\\Crashpad\" --url=https://clients2.google.com/cr/report --annotation=prod=Update4 --annotation=ver=130.0.6679.0 \"--attachment=C:\\Program Files (x86)\\Google\\GoogleUpdater\\updater.log\" --initial-client-data=0x29c,0x2a0,0x2a4,0x278,0x2a8,0xdaa6cc,0xdaa6d8,0xdaa6e4","CurrentDirectory":"C:\\Windows\\system32\\","User":"NT AUTHORITY\\SYSTEM","LogonGuid":"{53968da7-b200-6708-e703-000000000000}","LogonId":"0x3e7","TerminalSessionId":"0","IntegrityLevel":"System","Hashes":"MD5=C583E91DDEE7C0E8AC2A3D3AACAD2F4C,SHA256=7F67129760223E5DDF31219F0B2E247555FBAC85F4B6F933212AC091A21DEBF9,IMPHASH=20AB254B36A04EA3556F60145D061FED","ParentProcessGuid":"{53968da7-e1e7-6708-6e06-00000000fb00}","ParentProcessId":"2812","ParentImage":"C:\\Program Files (x86)\\Google\\GoogleUpdater\\130.0.6679.0\\updater.exe","ParentCommandLine":"\"C:\\Program Files (x86)\\Google\\GoogleUpdater\\130.0.6679.0\\updater.exe\" --system --windows-service --service=update","ParentUser":"NT AUTHORITY\\SYSTEM"}}
{"LogSource":"Microsoft-Windows-Sysmon/Operational","EventId":1,"TimeCreated":"2024-10-11T01:29:52.0651394-07:00","RecordId":173365,"MachineName":"Win10","EventData":{"RuleName":"-","UtcTime":"2024-10-11 08:29:52.060","ProcessGuid":"{53968da7-e200-6708-7006-00000000fb00}","ProcessId":"4304","Image":"C:\\Windows\\System32\\control.exe","FileVersion":"10.0.19041.4355 (WinBuild.160101.0800)","Description":"Windows Control Panel","Product":"Microsoft® Windows® Operating System","Company":"Microsoft Corporation","OriginalFileName":"CONTROL.EXE","CommandLine":"\"C:\\Windows\\system32\\control.exe\" ","CurrentDirectory":"C:\\Windows\\system32\\","User":"WIN10\\richard","LogonGuid":"{53968da7-b202-6708-7195-020000000000}","LogonId":"0x29571","TerminalSessionId":"1","IntegrityLevel":"High","Hashes":"MD5=8132AE658079C0CACCF3D25ECFFA4ADC,SHA256=23DC40444364DE9E911579A301CF91BE3174045234713601F8E85A983AFC1107,IMPHASH=ED7ECF5DCE55D515F7FE036FCAEBFF1A","ParentProcessGuid":"{53968da7-be30-6708-5201-00000000fb00}","ParentProcessId":"6876","ParentImage":"C:\\Windows\\System32\\WindowsPowerShell\\v1.0\\powershell_ise.exe","ParentCommandLine":"\"C:\\Windows\\system32\\WindowsPowerShell\\v1.0\\PowerShell_ISE.exe\" ","ParentUser":"WIN10\\richard"}}
{"LogSource":"Microsoft-Windows-Sysmon/Operational","EventId":1,"TimeCreated":"2024-10-11T01:32:02.1589883-07:00","RecordId":173366,"MachineName":"Win10","EventData":{"RuleName":"-","UtcTime":"2024-10-11 08:32:02.157","ProcessGuid":"{53968da7-e282-6708-7106-00000000fb00}","ProcessId":"9084","Image":"C:\\Program Files\\Google\\Chrome\\Application\\chrome.exe","FileVersion":"129.0.6668.100","Description":"Google Chrome","Product":"Google Chrome","Company":"Google LLC","OriginalFileName":"chrome.exe","CommandLine":"\"C:\\Program Files\\Google\\Chrome\\Application\\chrome.exe\" https://www.nationalgeographic.com ","CurrentDirectory":"C:\\Windows\\system32\\","User":"WIN10\\richard","LogonGuid":"{53968da7-b202-6708-7195-020000000000}","LogonId":"0x29571","TerminalSessionId":"1","IntegrityLevel":"High","Hashes":"MD5=47679449E8A738D8B1849668622E7C9E,SHA256=2D2A32CBCCED69610445D92965CA710EF2DA89C3788EBB98FF8612EBFFAC917B,IMPHASH=8AA69BFB46216FA413519FB53924B2F9","ParentProcessGuid":"{53968da7-be30-6708-5201-00000000fb00}","ParentProcessId":"6876","ParentImage":"C:\\Windows\\System32\\WindowsPowerShell\\v1.0\\powershell_ise.exe","ParentCommandLine":"\"C:\\Windows\\system32\\WindowsPowerShell\\v1.0\\PowerShell_ISE.exe\" ","ParentUser":"WIN10\\richard"}}
{"LogSource":"Microsoft-Windows-Sysmon/Operational","EventId":1,"TimeCreated":"2024-10-11T01:32:02.2913982-07:00","RecordId":173367,"MachineName":"Win10","EventData":{"RuleName":"-","UtcTime":"2024-10-11 08:32:02.289","ProcessGuid":"{53968da7-e282-6708-7506-00000000fb00}","ProcessId":"6256","Image":"C:\\Program Files\\Google\\Chrome\\Application\\129.0.6668.100\\elevation_service.exe","FileVersion":"129.0.6668.100","Description":"Google Chrome","Product":"Google Chrome","Company":"Google LLC","OriginalFileName":"elevation_service.exe","CommandLine":"\"C:\\Program Files\\Google\\Chrome\\Application\\129.0.6668.100\\elevation_service.exe\"","CurrentDirectory":"C:\\Windows\\system32\\","User":"NT AUTHORITY\\SYSTEM","LogonGuid":"{53968da7-b200-6708-e703-000000000000}","LogonId":"0x3e7","TerminalSessionId":"0","IntegrityLevel":"System","Hashes":"MD5=472B2328D62FEC7E774166FD75C18FF6,SHA256=56291421DA56A296F3F0AEF18CA0FB3C0925779EEE7B4734A07A24E59348D9CE,IMPHASH=E2CE387C73E135211A0D2FF087A2F9F3","ParentProcessGuid":"{53968da7-b1ff-6708-0b00-00000000fb00}","ParentProcessId":"740","ParentImage":"C:\\Windows\\System32\\services.exe","ParentCommandLine":"C:\\Windows\\system32\\services.exe","ParentUser":"NT AUTHORITY\\SYSTEM"}}
{"LogSource":"Microsoft-Windows-Sysmon/Operational","EventId":22,"TimeCreated":"2024-10-11T01:32:04.5111724-07:00","RecordId":173368,"MachineName":"Win10","EventData":{"RuleName":"-","UtcTime":"2024-10-11 08:32:01.245","ProcessGuid":"{53968da7-e282-6708-7406-00000000fb00}","ProcessId":"4436","QueryName":"wpad","QueryStatus":"9003","QueryResults":"-","Image":"C:\\Program Files\\Google\\Chrome\\Application\\chrome.exe","User":"WIN10\\richard"}}
{"LogSource":"Microsoft-Windows-Sysmon/Operational","EventId":22,"TimeCreated":"2024-10-11T01:32:04.5117789-07:00","RecordId":173369,"MachineName":"Win10","EventData":{"RuleName":"-","UtcTime":"2024-10-11 08:32:01.301","ProcessGuid":"{53968da7-e282-6708-7406-00000000fb00}","ProcessId":"4436","QueryName":"wpad","QueryStatus":"9003","QueryResults":"-","Image":"C:\\Program Files\\Google\\Chrome\\Application\\chrome.exe","User":"WIN10\\richard"}}
{"LogSource":"Microsoft-Windows-Sysmon/Operational","EventId":22,"TimeCreated":"2024-10-11T01:32:04.5125859-07:00","RecordId":173370,"MachineName":"Win10","EventData":{"RuleName":"-","UtcTime":"2024-10-11 08:32:01.319","ProcessGuid":"{53968da7-e282-6708-7406-00000000fb00}","ProcessId":"4436","QueryName":"wpad","QueryStatus":"9003","QueryResults":"-","Image":"C:\\Program Files\\Google\\Chrome\\Application\\chrome.exe","User":"WIN10\\richard"}}
{"LogSource":"Microsoft-Windows-Sysmon/Operational","EventId":22,"TimeCreated":"2024-10-11T01:32:11.0926321-07:00","RecordId":173371,"MachineName":"Win10","EventData":{"RuleName":"-","UtcTime":"2024-10-11 08:32:09.274","ProcessGuid":"{53968da7-e282-6708-7406-00000000fb00}","ProcessId":"4436","QueryName":"wpad","QueryStatus":"9003","QueryResults":"-","Image":"C:\\Program Files\\Google\\Chrome\\Application\\chrome.exe","User":"WIN10\\richard"}}
{"LogSource":"Microsoft-Windows-Sysmon/Operational","EventId":1,"TimeCreated":"2024-10-11T01:32:21.2705542-07:00","RecordId":173372,"MachineName":"Win10","EventData":{"RuleName":"-","UtcTime":"2024-10-11 08:32:21.266","ProcessGuid":"{53968da7-e295-6708-8a06-00000000fb00}","ProcessId":"4772","Image":"C:\\Program Files (x86)\\Google\\GoogleUpdater\\130.0.6679.0\\updater.exe","FileVersion":"130.0.6679.0","Description":"Google Updater","Product":"Google Updater","Company":"Google LLC","OriginalFileName":"updater.exe","CommandLine":"\"C:\\Program Files (x86)\\Google\\GoogleUpdater\\130.0.6679.0\\updater.exe\" --system --windows-service --service=update","CurrentDirectory":"C:\\Windows\\system32\\","User":"NT AUTHORITY\\SYSTEM","LogonGuid":"{53968da7-b200-6708-e703-000000000000}","LogonId":"0x3e7","TerminalSessionId":"0","IntegrityLevel":"System","Hashes":"MD5=C583E91DDEE7C0E8AC2A3D3AACAD2F4C,SHA256=7F67129760223E5DDF31219F0B2E247555FBAC85F4B6F933212AC091A21DEBF9,IMPHASH=20AB254B36A04EA3556F60145D061FED","ParentProcessGuid":"{53968da7-b1ff-6708-0b00-00000000fb00}","ParentProcessId":"740","ParentImage":"C:\\Windows\\System32\\services.exe","ParentCommandLine":"C:\\Windows\\system32\\services.exe","ParentUser":"NT AUTHORITY\\SYSTEM"}}
{"LogSource":"Microsoft-Windows-Sysmon/Operational","EventId":1,"TimeCreated":"2024-10-11T01:32:21.3039796-07:00","RecordId":173373,"MachineName":"Win10","EventData":{"RuleName":"-","UtcTime":"2024-10-11 08:32:21.301","ProcessGuid":"{53968da7-e295-6708-8b06-00000000fb00}","ProcessId":"4968","Image":"C:\\Program Files (x86)\\Google\\GoogleUpdater\\130.0.6679.0\\updater.exe","FileVersion":"130.0.6679.0","Description":"Google Updater","Product":"Google Updater","Company":"Google LLC","OriginalFileName":"updater.exe","CommandLine":"\"C:\\Program Files (x86)\\Google\\GoogleUpdater\\130.0.6679.0\\updater.exe\" --crash-handler --system \"--database=C:\\Program Files (x86)\\Google\\GoogleUpdater\\130.0.6679.0\\Crashpad\" --url=https://clients2.google.com/cr/report --annotation=prod=Update4 --annotation=ver=130.0.6679.0 \"--attachment=C:\\Program Files (x86)\\Google\\GoogleUpdater\\updater.log\" --initial-client-data=0x2a8,0x2ac,0x2b0,0x284,0x2b4,0xdaa6cc,0xdaa6d8,0xdaa6e4","CurrentDirectory":"C:\\Windows\\system32\\","User":"NT AUTHORITY\\SYSTEM","LogonGuid":"{53968da7-b200-6708-e703-000000000000}","LogonId":"0x3e7","TerminalSessionId":"0","IntegrityLevel":"System","Hashes":"MD5=C583E91DDEE7C0E8AC2A3D3AACAD2F4C,SHA256=7F67129760223E5DDF31219F0B2E247555FBAC85F4B6F933212AC091A21DEBF9,IMPHASH=20AB254B36A04EA3556F60145D061FED","ParentProcessGuid":"{53968da7-e295-6708-8a06-00000000fb00}","ParentProcessId":"4772","ParentImage":"C:\\Program Files (x86)\\Google\\GoogleUpdater\\130.0.6679.0\\updater.exe","ParentCommandLine":"\"C:\\Program Files (x86)\\Google\\GoogleUpdater\\130.0.6679.0\\updater.exe\" --system --windows-service --service=update","ParentUser":"NT AUTHORITY\\SYSTEM"}}
{"LogSource":"Microsoft-Windows-Sysmon/Operational","EventId":1,"TimeCreated":"2024-10-11T01:32:56.3085253-07:00","RecordId":173374,"MachineName":"Win10","EventData":{"RuleName":"-","UtcTime":"2024-10-11 08:32:56.306","ProcessGuid":"{53968da7-e2b8-6708-8c06-00000000fb00}","ProcessId":"6156","Image":"C:\\Program Files\\Windows NT\\Accessories\\wordpad.exe","FileVersion":"10.0.19041.5007 (WinBuild.160101.0800)","Description":"Windows Wordpad Application","Product":"Microsoft® Windows® Operating System","Company":"Microsoft Corporation","OriginalFileName":"WORDPAD.EXE","CommandLine":"\"C:\\Program Files\\Windows NT\\Accessories\\wordpad.exe\" ","CurrentDirectory":"C:\\Windows\\system32\\","User":"WIN10\\richard","LogonGuid":"{53968da7-b202-6708-7195-020000000000}","LogonId":"0x29571","TerminalSessionId":"1","IntegrityLevel":"High","Hashes":"MD5=09B94F3F82679DAD1EB15827655D4754,SHA256=C91594A4539B971A59EC301154114F21D0FC86ECA43AE064FD4DA56D4856C009,IMPHASH=9315BEF4B5484B572936D208E8B654A0","ParentProcessGuid":"{53968da7-be30-6708-5201-00000000fb00}","ParentProcessId":"6876","ParentImage":"C:\\Windows\\System32\\WindowsPowerShell\\v1.0\\powershell_ise.exe","ParentCommandLine":"\"C:\\Windows\\system32\\WindowsPowerShell\\v1.0\\PowerShell_ISE.exe\" ","ParentUser":"WIN10\\richard"}}
{"LogSource":"Microsoft-Windows-Sysmon/Operational","EventId":1,"TimeCreated":"2024-10-11T01:33:58.4522440-07:00","RecordId":173375,"MachineName":"Win10","EventData":{"RuleName":"-","UtcTime":"2024-10-11 08:33:58.449","ProcessGuid":"{53968da7-e2f6-6708-8d06-00000000fb00}","ProcessId":"424","Image":"C:\\Program Files\\Google\\Chrome\\Application\\chrome.exe","FileVersion":"129.0.6668.100","Description":"Google Chrome","Product":"Google Chrome","Company":"Google LLC","OriginalFileName":"chrome.exe","CommandLine":"\"C:\\Program Files\\Google\\Chrome\\Application\\chrome.exe\" https://www.youtube.com ","CurrentDirectory":"C:\\Windows\\system32\\","User":"WIN10\\richard","LogonGuid":"{53968da7-b202-6708-7195-020000000000}","LogonId":"0x29571","TerminalSessionId":"1","IntegrityLevel":"High","Hashes":"MD5=47679449E8A738D8B1849668622E7C9E,SHA256=2D2A32CBCCED69610445D92965CA710EF2DA89C3788EBB98FF8612EBFFAC917B,IMPHASH=8AA69BFB46216FA413519FB53924B2F9","ParentProcessGuid":"{53968da7-be30-6708-5201-00000000fb00}","ParentProcessId":"6876","ParentImage":"C:\\Windows\\System32\\WindowsPowerShell\\v1.0\\powershell_ise.exe","ParentCommandLine":"\"C:\\Windows\\system32\\WindowsPowerShell\\v1.0\\PowerShell_ISE.exe\" ","ParentUser":"WIN10\\richard"}}
{"LogSource":"Microsoft-Windows-Sysmon/Operational","EventId":1,"TimeCreated":"2024-10-11T01:33:58.5878333-07:00","RecordId":173376,"MachineName":"Win10","EventData":{"RuleName":"-","UtcTime":"2024-10-11 08:33:58.580","ProcessGuid":"{53968da7-e2f6-6708-9106-00000000fb00}","ProcessId":"6296","Image":"C:\\Program Files\\Google\\Chrome\\Application\\129.0.6668.100\\elevation_service.exe","FileVersion":"129.0.6668.100","Description":"Google Chrome","Product":"Google Chrome","Company":"Google LLC","OriginalFileName":"elevation_service.exe","CommandLine":"\"C:\\Program Files\\Google\\Chrome\\Application\\129.0.6668.100\\elevation_service.exe\"","CurrentDirectory":"C:\\Windows\\system32\\","User":"NT AUTHORITY\\SYSTEM","LogonGuid":"{53968da7-b200-6708-e703-000000000000}","LogonId":"0x3e7","TerminalSessionId":"0","IntegrityLevel":"System","Hashes":"MD5=472B2328D62FEC7E774166FD75C18FF6,SHA256=56291421DA56A296F3F0AEF18CA0FB3C0925779EEE7B4734A07A24E59348D9CE,IMPHASH=E2CE387C73E135211A0D2FF087A2F9F3","ParentProcessGuid":"{53968da7-b1ff-6708-0b00-00000000fb00}","ParentProcessId":"740","ParentImage":"C:\\Windows\\System32\\services.exe","ParentCommandLine":"C:\\Windows\\system32\\services.exe","ParentUser":"NT AUTHORITY\\SYSTEM"}}
{"LogSource":"Microsoft-Windows-Sysmon/Operational","EventId":22,"TimeCreated":"2024-10-11T01:34:00.8586421-07:00","RecordId":173377,"MachineName":"Win10","EventData":{"RuleName":"-","UtcTime":"2024-10-11 08:33:57.597","ProcessGuid":"{00000000-0000-0000-0000-000000000000}","ProcessId":"7484","QueryName":"wpad","QueryStatus":"9003","QueryResults":"-","Image":"\u003cunknown process\u003e","User":"WIN10\\richard"}}
{"LogSource":"Microsoft-Windows-Sysmon/Operational","EventId":1,"TimeCreated":"2024-10-11T01:34:04.5819233-07:00","RecordId":173378,"MachineName":"Win10","EventData":{"RuleName":"-","UtcTime":"2024-10-11 08:34:04.580","ProcessGuid":"{53968da7-e2fc-6708-9706-00000000fb00}","ProcessId":"588","Image":"C:\\Program Files\\Google\\Chrome\\Application\\chrome.exe","FileVersion":"129.0.6668.100","Description":"Google Chrome","Product":"Google Chrome","Company":"Google LLC","OriginalFileName":"chrome.exe","CommandLine":"\"C:\\Program Files\\Google\\Chrome\\Application\\chrome.exe\" https://www.nytimes.com ","CurrentDirectory":"C:\\Windows\\system32\\","User":"WIN10\\richard","LogonGuid":"{53968da7-b202-6708-7195-020000000000}","LogonId":"0x29571","TerminalSessionId":"1","IntegrityLevel":"High","Hashes":"MD5=47679449E8A738D8B1849668622E7C9E,SHA256=2D2A32CBCCED69610445D92965CA710EF2DA89C3788EBB98FF8612EBFFAC917B,IMPHASH=8AA69BFB46216FA413519FB53924B2F9","ParentProcessGuid":"{53968da7-be30-6708-5201-00000000fb00}","ParentProcessId":"6876","ParentImage":"C:\\Windows\\System32\\WindowsPowerShell\\v1.0\\powershell_ise.exe","ParentCommandLine":"\"C:\\Windows\\system32\\WindowsPowerShell\\v1.0\\PowerShell_ISE.exe\" ","ParentUser":"WIN10\\richard"}}
{"LogSource":"Microsoft-Windows-Sysmon/Operational","EventId":1,"TimeCreated":"2024-10-11T01:34:04.7063922-07:00","RecordId":173379,"MachineName":"Win10","EventData":{"RuleName":"-","UtcTime":"2024-10-11 08:34:04.704","ProcessGuid":"{53968da7-e2fc-6708-9a06-00000000fb00}","ProcessId":"6812","Image":"C:\\Program Files\\Google\\Chrome\\Application\\129.0.6668.100\\elevation_service.exe","FileVersion":"129.0.6668.100","Description":"Google Chrome","Product":"Google Chrome","Company":"Google LLC","OriginalFileName":"elevation_service.exe","CommandLine":"\"C:\\Program Files\\Google\\Chrome\\Application\\129.0.6668.100\\elevation_service.exe\"","CurrentDirectory":"C:\\Windows\\system32\\","User":"NT AUTHORITY\\SYSTEM","LogonGuid":"{53968da7-b200-6708-e703-000000000000}","LogonId":"0x3e7","TerminalSessionId":"0","IntegrityLevel":"System","Hashes":"MD5=472B2328D62FEC7E774166FD75C18FF6,SHA256=56291421DA56A296F3F0AEF18CA0FB3C0925779EEE7B4734A07A24E59348D9CE,IMPHASH=E2CE387C73E135211A0D2FF087A2F9F3","ParentProcessGuid":"{53968da7-b1ff-6708-0b00-00000000fb00}","ParentProcessId":"740","ParentImage":"C:\\Windows\\System32\\services.exe","ParentCommandLine":"C:\\Windows\\system32\\services.exe","ParentUser":"NT AUTHORITY\\SYSTEM"}}
{"LogSource":"Microsoft-Windows-Sysmon/Operational","EventId":22,"TimeCreated":"2024-10-11T01:34:06.4608858-07:00","RecordId":173380,"MachineName":"Win10","EventData":{"RuleName":"-","UtcTime":"2024-10-11 08:34:03.686","ProcessGuid":"{53968da7-e2fc-6708-9b06-00000000fb00}","ProcessId":"2316","QueryName":"wpad","QueryStatus":"9003","QueryResults":"-","Image":"C:\\Program Files\\Google\\Chrome\\Application\\chrome.exe","User":"WIN10\\richard"}}
{"LogSource":"Microsoft-Windows-Sysmon/Operational","EventId":22,"TimeCreated":"2024-10-11T01:34:06.4620044-07:00","RecordId":173381,"MachineName":"Win10","EventData":{"RuleName":"-","UtcTime":"2024-10-11 08:34:03.734","ProcessGuid":"{53968da7-e2fc-6708-9b06-00000000fb00}","ProcessId":"2316","QueryName":"wpad","QueryStatus":"9003","QueryResults":"-","Image":"C:\\Program Files\\Google\\Chrome\\Application\\chrome.exe","User":"WIN10\\richard"}}
{"LogSource":"Microsoft-Windows-Sysmon/Operational","EventId":22,"TimeCreated":"2024-10-11T01:34:06.4628507-07:00","RecordId":173382,"MachineName":"Win10","EventData":{"RuleName":"-","UtcTime":"2024-10-11 08:34:03.782","ProcessGuid":"{53968da7-e2fc-6708-9b06-00000000fb00}","ProcessId":"2316","QueryName":"wpad","QueryStatus":"9003","QueryResults":"-","Image":"C:\\Program Files\\Google\\Chrome\\Application\\chrome.exe","User":"WIN10\\richard"}}
{"LogSource":"Microsoft-Windows-Sysmon/Operational","EventId":22,"TimeCreated":"2024-10-11T01:34:15.0250096-07:00","RecordId":173383,"MachineName":"Win10","EventData":{"RuleName":"-","UtcTime":"2024-10-11 08:34:11.704","ProcessGuid":"{53968da7-e2fc-6708-9b06-00000000fb00}","ProcessId":"2316","QueryName":"wpad","QueryStatus":"9003","QueryResults":"-","Image":"C:\\Program Files\\Google\\Chrome\\Application\\chrome.exe","User":"WIN10\\richard"}}
{"LogSource":"Microsoft-Windows-Sysmon/Operational","EventId":1,"TimeCreated":"2024-10-11T01:34:23.6988789-07:00","RecordId":173384,"MachineName":"Win10","EventData":{"RuleName":"-","UtcTime":"2024-10-11 08:34:23.691","ProcessGuid":"{53968da7-e30f-6708-b406-00000000fb00}","ProcessId":"3368","Image":"C:\\Program Files (x86)\\Google\\GoogleUpdater\\130.0.6679.0\\updater.exe","FileVersion":"130.0.6679.0","Description":"Google Updater","Product":"Google Updater","Company":"Google LLC","OriginalFileName":"updater.exe","CommandLine":"\"C:\\Program Files (x86)\\Google\\GoogleUpdater\\130.0.6679.0\\updater.exe\" --system --windows-service --service=update","CurrentDirectory":"C:\\Windows\\system32\\","User":"NT AUTHORITY\\SYSTEM","LogonGuid":"{53968da7-b200-6708-e703-000000000000}","LogonId":"0x3e7","TerminalSessionId":"0","IntegrityLevel":"System","Hashes":"MD5=C583E91DDEE7C0E8AC2A3D3AACAD2F4C,SHA256=7F67129760223E5DDF31219F0B2E247555FBAC85F4B6F933212AC091A21DEBF9,IMPHASH=20AB254B36A04EA3556F60145D061FED","ParentProcessGuid":"{53968da7-b1ff-6708-0b00-00000000fb00}","ParentProcessId":"740","ParentImage":"C:\\Windows\\System32\\services.exe","ParentCommandLine":"C:\\Windows\\system32\\services.exe","ParentUser":"NT AUTHORITY\\SYSTEM"}}
{"LogSource":"Microsoft-Windows-Sysmon/Operational","EventId":1,"TimeCreated":"2024-10-11T01:34:23.7324376-07:00","RecordId":173385,"MachineName":"Win10","EventData":{"RuleName":"-","UtcTime":"2024-10-11 08:34:23.729","ProcessGuid":"{53968da7-e30f-6708-b506-00000000fb00}","ProcessId":"6196","Image":"C:\\Program Files (x86)\\Google\\GoogleUpdater\\130.0.6679.0\\updater.exe","FileVersion":"130.0.6679.0","Description":"Google Updater","Product":"Google Updater","Company":"Google LLC","OriginalFileName":"updater.exe","CommandLine":"\"C:\\Program Files (x86)\\Google\\GoogleUpdater\\130.0.6679.0\\updater.exe\" --crash-handler --system \"--database=C:\\Program Files (x86)\\Google\\GoogleUpdater\\130.0.6679.0\\Crashpad\" --url=https://clients2.google.com/cr/report --annotation=prod=Update4 --annotation=ver=130.0.6679.0 \"--attachment=C:\\Program Files (x86)\\Google\\GoogleUpdater\\updater.log\" --initial-client-data=0x2a0,0x2a4,0x2a8,0x27c,0x2ac,0xdaa6cc,0xdaa6d8,0xdaa6e4","CurrentDirectory":"C:\\Windows\\system32\\","User":"NT AUTHORITY\\SYSTEM","LogonGuid":"{53968da7-b200-6708-e703-000000000000}","LogonId":"0x3e7","TerminalSessionId":"0","IntegrityLevel":"System","Hashes":"MD5=C583E91DDEE7C0E8AC2A3D3AACAD2F4C,SHA256=7F67129760223E5DDF31219F0B2E247555FBAC85F4B6F933212AC091A21DEBF9,IMPHASH=20AB254B36A04EA3556F60145D061FED","ParentProcessGuid":"{53968da7-e30f-6708-b406-00000000fb00}","ParentProcessId":"3368","ParentImage":"C:\\Program Files (x86)\\Google\\GoogleUpdater\\130.0.6679.0\\updater.exe","ParentCommandLine":"\"C:\\Program Files (x86)\\Google\\GoogleUpdater\\130.0.6679.0\\updater.exe\" --system --windows-service --service=update","ParentUser":"NT AUTHORITY\\SYSTEM"}}
{"LogSource":"Microsoft-Windows-Sysmon/Operational","EventId":1,"TimeCreated":"2024-10-11T01:34:54.7390978-07:00","RecordId":173386,"MachineName":"Win10","EventData":{"RuleName":"-","UtcTime":"2024-10-11 08:34:54.737","ProcessGuid":"{53968da7-e32e-6708-b606-00000000fb00}","ProcessId":"8332","Image":"C:\\Program Files\\Mozilla Firefox\\firefox.exe","FileVersion":"131.0.2","Description":"Firefox","Product":"Firefox","Company":"Mozilla Corporation","OriginalFileName":"firefox.exe","CommandLine":"\"C:\\Program Files\\Mozilla Firefox\\firefox.exe\" https://www.amazon.com ","CurrentDirectory":"C:\\Windows\\system32\\","User":"WIN10\\richard","LogonGuid":"{53968da7-b202-6708-7195-020000000000}","LogonId":"0x29571","TerminalSessionId":"1","IntegrityLevel":"High","Hashes":"MD5=571814A7939D001662BBA7760BD0B187,SHA256=9725AFC685C8EE135701E140A83B94FE7D958360A1F546215F7EAFDFF5E53A83,IMPHASH=BB4CE52E8306F88C0B1DA570553704E4","ParentProcessGuid":"{53968da7-be30-6708-5201-00000000fb00}","ParentProcessId":"6876","ParentImage":"C:\\Windows\\System32\\WindowsPowerShell\\v1.0\\powershell_ise.exe","ParentCommandLine":"\"C:\\Windows\\system32\\WindowsPowerShell\\v1.0\\PowerShell_ISE.exe\" ","ParentUser":"WIN10\\richard"}}
{"LogSource":"Microsoft-Windows-Sysmon/Operational","EventId":1,"TimeCreated":"2024-10-11T01:34:54.7722839-07:00","RecordId":173387,"MachineName":"Win10","EventData":{"RuleName":"-","UtcTime":"2024-10-11 08:34:54.770","ProcessGuid":"{53968da7-e32e-6708-b706-00000000fb00}","ProcessId":"1196","Image":"C:\\Windows\\System32\\smartscreen.exe","FileVersion":"10.0.19041.5007 (WinBuild.160101.0800)","Description":"Windows Defender SmartScreen","Product":"Microsoft® Windows® Operating System","Company":"Microsoft Corporation","OriginalFileName":"smartscreen.exe","CommandLine":"C:\\Windows\\System32\\smartscreen.exe -Embedding","CurrentDirectory":"C:\\Windows\\system32\\","User":"WIN10\\richard","LogonGuid":"{53968da7-b202-6708-c295-020000000000}","LogonId":"0x295c2","TerminalSessionId":"1","IntegrityLevel":"Medium","Hashes":"MD5=C0F62FB7AD4A9C049D5AC3B737E1252D,SHA256=F4EAFC737F93186D563B198ED737C9C2F17A4B9A58D976D78D1C2E13C1EDA104,IMPHASH=9ECF7E989FB6561A51A731BC7991D274","ParentProcessGuid":"{53968da7-b200-6708-0d00-00000000fb00}","ParentProcessId":"884","ParentImage":"C:\\Windows\\System32\\svchost.exe","ParentCommandLine":"C:\\Windows\\system32\\svchost.exe -k DcomLaunch -p","ParentUser":"NT AUTHORITY\\SYSTEM"}}
{"LogSource":"Microsoft-Windows-Sysmon/Operational","EventId":1,"TimeCreated":"2024-10-11T01:34:54.8130228-07:00","RecordId":173388,"MachineName":"Win10","EventData":{"RuleName":"-","UtcTime":"2024-10-11 08:34:54.811","ProcessGuid":"{53968da7-e32e-6708-b806-00000000fb00}","ProcessId":"7040","Image":"C:\\Program Files\\Mozilla Firefox\\firefox.exe","FileVersion":"131.0.2","Description":"Firefox","Product":"Firefox","Company":"Mozilla Corporation","OriginalFileName":"firefox.exe","CommandLine":"\"C:\\Program Files\\Mozilla Firefox\\firefox.exe\" https://www.amazon.com --attempting-deelevation","CurrentDirectory":"C:\\Windows\\system32\\","User":"WIN10\\richard","LogonGuid":"{53968da7-b202-6708-c295-020000000000}","LogonId":"0x295c2","TerminalSessionId":"1","IntegrityLevel":"Medium","Hashes":"MD5=571814A7939D001662BBA7760BD0B187,SHA256=9725AFC685C8EE135701E140A83B94FE7D958360A1F546215F7EAFDFF5E53A83,IMPHASH=BB4CE52E8306F88C0B1DA570553704E4","ParentProcessGuid":"{53968da7-b203-6708-4f00-00000000fb00}","ParentProcessId":"4396","ParentImage":"C:\\Windows\\explorer.exe","ParentCommandLine":"C:\\Windows\\Explorer.EXE","ParentUser":"WIN10\\richard"}}
{"LogSource":"Microsoft-Windows-Sysmon/Operational","EventId":1,"TimeCreated":"2024-10-11T01:34:54.8228100-07:00","RecordId":173389,"MachineName":"Win10","EventData":{"RuleName":"-","UtcTime":"2024-10-11 08:34:54.820","ProcessGuid":"{53968da7-e32e-6708-b906-00000000fb00}","ProcessId":"8020","Image":"C:\\Program Files\\Mozilla Firefox\\firefox.exe","FileVersion":"131.0.2","Description":"Firefox","Product":"Firefox","Company":"Mozilla Corporation","OriginalFileName":"firefox.exe","CommandLine":"\"C:\\Program Files\\Mozilla Firefox\\firefox.exe\" https://www.amazon.com","CurrentDirectory":"C:\\Windows\\system32\\","User":"WIN10\\richard","LogonGuid":"{53968da7-b202-6708-c295-020000000000}","LogonId":"0x295c2","TerminalSessionId":"1","IntegrityLevel":"Medium","Hashes":"MD5=571814A7939D001662BBA7760BD0B187,SHA256=9725AFC685C8EE135701E140A83B94FE7D958360A1F546215F7EAFDFF5E53A83,IMPHASH=BB4CE52E8306F88C0B1DA570553704E4","ParentProcessGuid":"{53968da7-e32e-6708-b806-00000000fb00}","ParentProcessId":"7040","ParentImage":"C:\\Program Files\\Mozilla Firefox\\firefox.exe","ParentCommandLine":"\"C:\\Program Files\\Mozilla Firefox\\firefox.exe\" https://www.amazon.com --attempting-deelevation","ParentUser":"WIN10\\richard"}}
{"LogSource":"Microsoft-Windows-Sysmon/Operational","EventId":1,"TimeCreated":"2024-10-11T01:34:55.0895820-07:00","RecordId":173391,"MachineName":"Win10","EventData":{"RuleName":"-","UtcTime":"2024-10-11 08:34:55.087","ProcessGuid":"{53968da7-e32f-6708-bb06-00000000fb00}","ProcessId":"1532","Image":"C:\\Program Files\\Mozilla Firefox\\firefox.exe","FileVersion":"131.0.2","Description":"Firefox","Product":"Firefox","Company":"Mozilla Corporation","OriginalFileName":"firefox.exe","CommandLine":"\"C:\\Program Files\\Mozilla Firefox\\firefox.exe\"","CurrentDirectory":"C:\\Windows\\system32\\","User":"WIN10\\richard","LogonGuid":"{53968da7-b202-6708-c295-020000000000}","LogonId":"0x295c2","TerminalSessionId":"1","IntegrityLevel":"Medium","Hashes":"MD5=571814A7939D001662BBA7760BD0B187,SHA256=9725AFC685C8EE135701E140A83B94FE7D958360A1F546215F7EAFDFF5E53A83,IMPHASH=BB4CE52E8306F88C0B1DA570553704E4","ParentProcessGuid":"{53968da7-e32e-6708-b906-00000000fb00}","ParentProcessId":"8020","ParentImage":"C:\\Program Files\\Mozilla Firefox\\firefox.exe","ParentCommandLine":"\"C:\\Program Files\\Mozilla Firefox\\firefox.exe\" https://www.amazon.com","ParentUser":"WIN10\\richard"}}
{"LogSource":"Microsoft-Windows-Sysmon/Operational","EventId":1,"TimeCreated":"2024-10-11T01:34:55.0125109-07:00","RecordId":173390,"MachineName":"Win10","EventData":{"RuleName":"-","UtcTime":"2024-10-11 08:34:55.008","ProcessGuid":"{53968da7-e32f-6708-ba06-00000000fb00}","ProcessId":"6452","Image":"C:\\Program Files\\Mozilla Firefox\\firefox.exe","FileVersion":"131.0.2","Description":"Firefox","Product":"Firefox","Company":"Mozilla Corporation","OriginalFileName":"firefox.exe","CommandLine":"\"C:\\Program Files\\Mozilla Firefox\\firefox.exe\" -contentproc --channel=1668 -parentBuildID 20241008210941 -prefsHandle 1596 -prefMapHandle 1588 -prefsLen 30861 -prefMapSize 263055 -appDir \"C:\\Program Files\\Mozilla Firefox\\browser\" - {6981bc90-bcd4-4f57-b33e-cca51b567dfe} 8020 \"\\\\.\\pipe\\gecko-crash-server-pipe.8020\" 1 gpu","CurrentDirectory":"C:\\Windows\\system32\\","User":"WIN10\\richard","LogonGuid":"{53968da7-b202-6708-c295-020000000000}","LogonId":"0x295c2","TerminalSessionId":"1","IntegrityLevel":"Low","Hashes":"MD5=571814A7939D001662BBA7760BD0B187,SHA256=9725AFC685C8EE135701E140A83B94FE7D958360A1F546215F7EAFDFF5E53A83,IMPHASH=BB4CE52E8306F88C0B1DA570553704E4","ParentProcessGuid":"{53968da7-e32e-6708-b906-00000000fb00}","ParentProcessId":"8020","ParentImage":"C:\\Program Files\\Mozilla Firefox\\firefox.exe","ParentCommandLine":"\"C:\\Program Files\\Mozilla Firefox\\firefox.exe\" https://www.amazon.com","ParentUser":"WIN10\\richard"}}
{"LogSource":"Microsoft-Windows-Sysmon/Operational","EventId":1,"TimeCreated":"2024-10-11T01:34:55.0979913-07:00","RecordId":173392,"MachineName":"Win10","EventData":{"RuleName":"-","UtcTime":"2024-10-11 08:34:55.096","ProcessGuid":"{53968da7-e32f-6708-bc06-00000000fb00}","ProcessId":"4600","Image":"C:\\Program Files\\Mozilla Firefox\\firefox.exe","FileVersion":"131.0.2","Description":"Firefox","Product":"Firefox","Company":"Mozilla Corporation","OriginalFileName":"firefox.exe","CommandLine":"\"C:\\Program Files\\Mozilla Firefox\\firefox.exe\"","CurrentDirectory":"C:\\Windows\\system32\\","User":"WIN10\\richard","LogonGuid":"{53968da7-b202-6708-c295-020000000000}","LogonId":"0x295c2","TerminalSessionId":"1","IntegrityLevel":"Medium","Hashes":"MD5=571814A7939D001662BBA7760BD0B187,SHA256=9725AFC685C8EE135701E140A83B94FE7D958360A1F546215F7EAFDFF5E53A83,IMPHASH=BB4CE52E8306F88C0B1DA570553704E4","ParentProcessGuid":"{53968da7-e32f-6708-bb06-00000000fb00}","ParentProcessId":"1532","ParentImage":"C:\\Program Files\\Mozilla Firefox\\firefox.exe","ParentCommandLine":"\"C:\\Program Files\\Mozilla Firefox\\firefox.exe\"","ParentUser":"WIN10\\richard"}}
{"LogSource":"Microsoft-Windows-Sysmon/Operational","EventId":1,"TimeCreated":"2024-10-11T01:34:55.2778904-07:00","RecordId":173393,"MachineName":"Win10","EventData":{"RuleName":"-","UtcTime":"2024-10-11 08:34:55.275","ProcessGuid":"{53968da7-e32f-6708-bd06-00000000fb00}","ProcessId":"9028","Image":"C:\\Program Files\\Mozilla Firefox\\firefox.exe","FileVersion":"131.0.2","Description":"Firefox","Product":"Firefox","Company":"Mozilla Corporation","OriginalFileName":"firefox.exe","CommandLine":"\"C:\\Program Files\\Mozilla Firefox\\firefox.exe\" -contentproc --channel=1904 -parentBuildID 20241008210941 -prefsHandle 1832 -prefMapHandle 1824 -prefsLen 30861 -prefMapSize 263055 -appDir \"C:\\Program Files\\Mozilla Firefox\\browser\" - {c595becb-2326-495e-8826-d6e3dfabe96b} 4600 \"\\\\.\\pipe\\gecko-crash-server-pipe.4600\" 1 gpu","CurrentDirectory":"C:\\Windows\\system32\\","User":"WIN10\\richard","LogonGuid":"{53968da7-b202-6708-c295-020000000000}","LogonId":"0x295c2","TerminalSessionId":"1","IntegrityLevel":"Low","Hashes":"MD5=571814A7939D001662BBA7760BD0B187,SHA256=9725AFC685C8EE135701E140A83B94FE7D958360A1F546215F7EAFDFF5E53A83,IMPHASH=BB4CE52E8306F88C0B1DA570553704E4","ParentProcessGuid":"{53968da7-e32f-6708-bc06-00000000fb00}","ParentProcessId":"4600","ParentImage":"C:\\Program Files\\Mozilla Firefox\\firefox.exe","ParentCommandLine":"\"C:\\Program Files\\Mozilla Firefox\\firefox.exe\"","ParentUser":"WIN10\\richard"}}
{"LogSource":"Microsoft-Windows-Sysmon/Operational","EventId":1,"TimeCreated":"2024-10-11T01:34:55.3401437-07:00","RecordId":173394,"MachineName":"Win10","EventData":{"RuleName":"-","UtcTime":"2024-10-11 08:34:55.338","ProcessGuid":"{53968da7-e32f-6708-be06-00000000fb00}","ProcessId":"3496","Image":"C:\\Program Files\\Mozilla Firefox\\firefox.exe","FileVersion":"131.0.2","Description":"Firefox","Product":"Firefox","Company":"Mozilla Corporation","OriginalFileName":"firefox.exe","CommandLine":"\"C:\\Program Files\\Mozilla Firefox\\firefox.exe\" -contentproc --channel=2348 -parentBuildID 20241008210941 -prefsHandle 2340 -prefMapHandle 2336 -prefsLen 30897 -prefMapSize 263055 -win32kLockedDown -appDir \"C:\\Program Files\\Mozilla Firefox\\browser\" - {43af6167-6aef-427d-8cab-0e5fe54715cf} 4600 \"\\\\.\\pipe\\gecko-crash-server-pipe.4600\" 2 socket","CurrentDirectory":"C:\\Windows\\system32\\","User":"WIN10\\richard","LogonGuid":"{53968da7-b202-6708-c295-020000000000}","LogonId":"0x295c2","TerminalSessionId":"1","IntegrityLevel":"Low","Hashes":"MD5=571814A7939D001662BBA7760BD0B187,SHA256=9725AFC685C8EE135701E140A83B94FE7D958360A1F546215F7EAFDFF5E53A83,IMPHASH=BB4CE52E8306F88C0B1DA570553704E4","ParentProcessGuid":"{53968da7-e32f-6708-bc06-00000000fb00}","ParentProcessId":"4600","ParentImage":"C:\\Program Files\\Mozilla Firefox\\firefox.exe","ParentCommandLine":"\"C:\\Program Files\\Mozilla Firefox\\firefox.exe\"","ParentUser":"WIN10\\richard"}}
{"LogSource":"Microsoft-Windows-Sysmon/Operational","EventId":1,"TimeCreated":"2024-10-11T01:36:14.8368719-07:00","RecordId":173395,"MachineName":"Win10","EventData":{"RuleName":"-","UtcTime":"2024-10-11 08:36:14.835","ProcessGuid":"{53968da7-e37e-6708-bf06-00000000fb00}","ProcessId":"1896","Image":"C:\\Program Files\\Mozilla Firefox\\firefox.exe","FileVersion":"131.0.2","Description":"Firefox","Product":"Firefox","Company":"Mozilla Corporation","OriginalFileName":"firefox.exe","CommandLine":"\"C:\\Program Files\\Mozilla Firefox\\firefox.exe\" https://www.nytimes.com ","CurrentDirectory":"C:\\Windows\\system32\\","User":"WIN10\\richard","LogonGuid":"{53968da7-b202-6708-7195-020000000000}","LogonId":"0x29571","TerminalSessionId":"1","IntegrityLevel":"High","Hashes":"MD5=571814A7939D001662BBA7760BD0B187,SHA256=9725AFC685C8EE135701E140A83B94FE7D958360A1F546215F7EAFDFF5E53A83,IMPHASH=BB4CE52E8306F88C0B1DA570553704E4","ParentProcessGuid":"{53968da7-be30-6708-5201-00000000fb00}","ParentProcessId":"6876","ParentImage":"C:\\Windows\\System32\\WindowsPowerShell\\v1.0\\powershell_ise.exe","ParentCommandLine":"\"C:\\Windows\\system32\\WindowsPowerShell\\v1.0\\PowerShell_ISE.exe\" ","ParentUser":"WIN10\\richard"}}
{"LogSource":"Microsoft-Windows-Sysmon/Operational","EventId":1,"TimeCreated":"2024-10-11T01:36:14.8669341-07:00","RecordId":173396,"MachineName":"Win10","EventData":{"RuleName":"-","UtcTime":"2024-10-11 08:36:14.865","ProcessGuid":"{53968da7-e37e-6708-c006-00000000fb00}","ProcessId":"8072","Image":"C:\\Program Files\\Mozilla Firefox\\firefox.exe","FileVersion":"131.0.2","Description":"Firefox","Product":"Firefox","Company":"Mozilla Corporation","OriginalFileName":"firefox.exe","CommandLine":"\"C:\\Program Files\\Mozilla Firefox\\firefox.exe\" https://www.nytimes.com --attempting-deelevation","CurrentDirectory":"C:\\Windows\\system32\\","User":"WIN10\\richard","LogonGuid":"{53968da7-b202-6708-c295-020000000000}","LogonId":"0x295c2","TerminalSessionId":"1","IntegrityLevel":"Medium","Hashes":"MD5=571814A7939D001662BBA7760BD0B187,SHA256=9725AFC685C8EE135701E140A83B94FE7D958360A1F546215F7EAFDFF5E53A83,IMPHASH=BB4CE52E8306F88C0B1DA570553704E4","ParentProcessGuid":"{53968da7-b203-6708-4f00-00000000fb00}","ParentProcessId":"4396","ParentImage":"C:\\Windows\\explorer.exe","ParentCommandLine":"C:\\Windows\\Explorer.EXE","ParentUser":"WIN10\\richard"}}
{"LogSource":"Microsoft-Windows-Sysmon/Operational","EventId":1,"TimeCreated":"2024-10-11T01:36:14.8763415-07:00","RecordId":173397,"MachineName":"Win10","EventData":{"RuleName":"-","UtcTime":"2024-10-11 08:36:14.874","ProcessGuid":"{53968da7-e37e-6708-c106-00000000fb00}","ProcessId":"7072","Image":"C:\\Program Files\\Mozilla Firefox\\firefox.exe","FileVersion":"131.0.2","Description":"Firefox","Product":"Firefox","Company":"Mozilla Corporation","OriginalFileName":"firefox.exe","CommandLine":"\"C:\\Program Files\\Mozilla Firefox\\firefox.exe\" https://www.nytimes.com","CurrentDirectory":"C:\\Windows\\system32\\","User":"WIN10\\richard","LogonGuid":"{53968da7-b202-6708-c295-020000000000}","LogonId":"0x295c2","TerminalSessionId":"1","IntegrityLevel":"Medium","Hashes":"MD5=571814A7939D001662BBA7760BD0B187,SHA256=9725AFC685C8EE135701E140A83B94FE7D958360A1F546215F7EAFDFF5E53A83,IMPHASH=BB4CE52E8306F88C0B1DA570553704E4","ParentProcessGuid":"{53968da7-e37e-6708-c006-00000000fb00}","ParentProcessId":"8072","ParentImage":"C:\\Program Files\\Mozilla Firefox\\firefox.exe","ParentCommandLine":"\"C:\\Program Files\\Mozilla Firefox\\firefox.exe\" https://www.nytimes.com --attempting-deelevation","ParentUser":"WIN10\\richard"}}
{"LogSource":"Microsoft-Windows-Sysmon/Operational","EventId":1,"TimeCreated":"2024-10-11T01:36:15.1270851-07:00","RecordId":173399,"MachineName":"Win10","EventData":{"RuleName":"-","UtcTime":"2024-10-11 08:36:15.124","ProcessGuid":"{53968da7-e37f-6708-c306-00000000fb00}","ProcessId":"6092","Image":"C:\\Program Files\\Mozilla Firefox\\firefox.exe","FileVersion":"131.0.2","Description":"Firefox","Product":"Firefox","Company":"Mozilla Corporation","OriginalFileName":"firefox.exe","CommandLine":"\"C:\\Program Files\\Mozilla Firefox\\firefox.exe\"","CurrentDirectory":"C:\\Windows\\system32\\","User":"WIN10\\richard","LogonGuid":"{53968da7-b202-6708-c295-020000000000}","LogonId":"0x295c2","TerminalSessionId":"1","IntegrityLevel":"Medium","Hashes":"MD5=571814A7939D001662BBA7760BD0B187,SHA256=9725AFC685C8EE135701E140A83B94FE7D958360A1F546215F7EAFDFF5E53A83,IMPHASH=BB4CE52E8306F88C0B1DA570553704E4","ParentProcessGuid":"{53968da7-e37e-6708-c106-00000000fb00}","ParentProcessId":"7072","ParentImage":"C:\\Program Files\\Mozilla Firefox\\firefox.exe","ParentCommandLine":"\"C:\\Program Files\\Mozilla Firefox\\firefox.exe\" https://www.nytimes.com","ParentUser":"WIN10\\richard"}}
{"LogSource":"Microsoft-Windows-Sysmon/Operational","EventId":1,"TimeCreated":"2024-10-11T01:36:15.0561993-07:00","RecordId":173398,"MachineName":"Win10","EventData":{"RuleName":"-","UtcTime":"2024-10-11 08:36:15.053","ProcessGuid":"{53968da7-e37f-6708-c206-00000000fb00}","ProcessId":"1376","Image":"C:\\Program Files\\Mozilla Firefox\\firefox.exe","FileVersion":"131.0.2","Description":"Firefox","Product":"Firefox","Company":"Mozilla Corporation","OriginalFileName":"firefox.exe","CommandLine":"\"C:\\Program Files\\Mozilla Firefox\\firefox.exe\" -contentproc --channel=1644 -parentBuildID 20241008210941 -prefsHandle 1572 -prefMapHandle 1564 -prefsLen 30861 -prefMapSize 263055 -appDir \"C:\\Program Files\\Mozilla Firefox\\browser\" - {5d4694b7-313d-40b5-9205-d483c0de4ed6} 7072 \"\\\\.\\pipe\\gecko-crash-server-pipe.7072\" 1 gpu","CurrentDirectory":"C:\\Windows\\system32\\","User":"WIN10\\richard","LogonGuid":"{53968da7-b202-6708-c295-020000000000}","LogonId":"0x295c2","TerminalSessionId":"1","IntegrityLevel":"Low","Hashes":"MD5=571814A7939D001662BBA7760BD0B187,SHA256=9725AFC685C8EE135701E140A83B94FE7D958360A1F546215F7EAFDFF5E53A83,IMPHASH=BB4CE52E8306F88C0B1DA570553704E4","ParentProcessGuid":"{53968da7-e37e-6708-c106-00000000fb00}","ParentProcessId":"7072","ParentImage":"C:\\Program Files\\Mozilla Firefox\\firefox.exe","ParentCommandLine":"\"C:\\Program Files\\Mozilla Firefox\\firefox.exe\" https://www.nytimes.com","ParentUser":"WIN10\\richard"}}
{"LogSource":"Microsoft-Windows-Sysmon/Operational","EventId":1,"TimeCreated":"2024-10-11T01:36:15.1354498-07:00","RecordId":173400,"MachineName":"Win10","EventData":{"RuleName":"-","UtcTime":"2024-10-11 08:36:15.133","ProcessGuid":"{53968da7-e37f-6708-c406-00000000fb00}","ProcessId":"2796","Image":"C:\\Program Files\\Mozilla Firefox\\firefox.exe","FileVersion":"131.0.2","Description":"Firefox","Product":"Firefox","Company":"Mozilla Corporation","OriginalFileName":"firefox.exe","CommandLine":"\"C:\\Program Files\\Mozilla Firefox\\firefox.exe\"","CurrentDirectory":"C:\\Windows\\system32\\","User":"WIN10\\richard","LogonGuid":"{53968da7-b202-6708-c295-020000000000}","LogonId":"0x295c2","TerminalSessionId":"1","IntegrityLevel":"Medium","Hashes":"MD5=571814A7939D001662BBA7760BD0B187,SHA256=9725AFC685C8EE135701E140A83B94FE7D958360A1F546215F7EAFDFF5E53A83,IMPHASH=BB4CE52E8306F88C0B1DA570553704E4","ParentProcessGuid":"{53968da7-e37f-6708-c306-00000000fb00}","ParentProcessId":"6092","ParentImage":"C:\\Program Files\\Mozilla Firefox\\firefox.exe","ParentCommandLine":"\"C:\\Program Files\\Mozilla Firefox\\firefox.exe\"","ParentUser":"WIN10\\richard"}}
{"LogSource":"Microsoft-Windows-Sysmon/Operational","EventId":1,"TimeCreated":"2024-10-11T01:36:15.3676178-07:00","RecordId":173402,"MachineName":"Win10","EventData":{"RuleName":"-","UtcTime":"2024-10-11 08:36:15.365","ProcessGuid":"{53968da7-e37f-6708-c606-00000000fb00}","ProcessId":"7484","Image":"C:\\Program Files\\Mozilla Firefox\\firefox.exe","FileVersion":"131.0.2","Description":"Firefox","Product":"Firefox","Company":"Mozilla Corporation","OriginalFileName":"firefox.exe","CommandLine":"\"C:\\Program Files\\Mozilla Firefox\\firefox.exe\" -contentproc --channel=2344 -parentBuildID 20241008210941 -prefsHandle 2336 -prefMapHandle 2332 -prefsLen 30897 -prefMapSize 263055 -win32kLockedDown -appDir \"C:\\Program Files\\Mozilla Firefox\\browser\" - {7cac3837-7246-45b9-9fe2-bfef21cc9318} 2796 \"\\\\.\\pipe\\gecko-crash-server-pipe.2796\" 2 socket","CurrentDirectory":"C:\\Windows\\system32\\","User":"WIN10\\richard","LogonGuid":"{53968da7-b202-6708-c295-020000000000}","LogonId":"0x295c2","TerminalSessionId":"1","IntegrityLevel":"Low","Hashes":"MD5=571814A7939D001662BBA7760BD0B187,SHA256=9725AFC685C8EE135701E140A83B94FE7D958360A1F546215F7EAFDFF5E53A83,IMPHASH=BB4CE52E8306F88C0B1DA570553704E4","ParentProcessGuid":"{53968da7-e37f-6708-c406-00000000fb00}","ParentProcessId":"2796","ParentImage":"C:\\Program Files\\Mozilla Firefox\\firefox.exe","ParentCommandLine":"\"C:\\Program Files\\Mozilla Firefox\\firefox.exe\"","ParentUser":"WIN10\\richard"}}
{"LogSource":"Microsoft-Windows-Sysmon/Operational","EventId":1,"TimeCreated":"2024-10-11T01:36:15.3155571-07:00","RecordId":173401,"MachineName":"Win10","EventData":{"RuleName":"-","UtcTime":"2024-10-11 08:36:15.313","ProcessGuid":"{53968da7-e37f-6708-c506-00000000fb00}","ProcessId":"7140","Image":"C:\\Program Files\\Mozilla Firefox\\firefox.exe","FileVersion":"131.0.2","Description":"Firefox","Product":"Firefox","Company":"Mozilla Corporation","OriginalFileName":"firefox.exe","CommandLine":"\"C:\\Program Files\\Mozilla Firefox\\firefox.exe\" -contentproc --channel=1912 -parentBuildID 20241008210941 -prefsHandle 1840 -prefMapHandle 1832 -prefsLen 30861 -prefMapSize 263055 -appDir \"C:\\Program Files\\Mozilla Firefox\\browser\" - {12d1589a-3598-48c6-82cd-db6b7846c934} 2796 \"\\\\.\\pipe\\gecko-crash-server-pipe.2796\" 1 gpu","CurrentDirectory":"C:\\Windows\\system32\\","User":"WIN10\\richard","LogonGuid":"{53968da7-b202-6708-c295-020000000000}","LogonId":"0x295c2","TerminalSessionId":"1","IntegrityLevel":"Low","Hashes":"MD5=571814A7939D001662BBA7760BD0B187,SHA256=9725AFC685C8EE135701E140A83B94FE7D958360A1F546215F7EAFDFF5E53A83,IMPHASH=BB4CE52E8306F88C0B1DA570553704E4","ParentProcessGuid":"{53968da7-e37f-6708-c406-00000000fb00}","ParentProcessId":"2796","ParentImage":"C:\\Program Files\\Mozilla Firefox\\firefox.exe","ParentCommandLine":"\"C:\\Program Files\\Mozilla Firefox\\firefox.exe\"","ParentUser":"WIN10\\richard"}}
