{"LogSource":"Microsoft-Windows-Sysmon/Operational","EventId":1,"TimeCreated":"2024-10-10T23:10:09.2461112-07:00","RecordId":171549,"MachineName":"Win10","EventData":{"RuleName":"-","UtcTime":"2024-10-11 06:10:09.243","ProcessGuid":"{53968da7-c141-6708-d801-00000000fb00}","ProcessId":"5252","Image":"C:\\Program Files\\Mozilla Firefox\\firefox.exe","FileVersion":"131.0.2","Description":"Firefox","Product":"Firefox","Company":"Mozilla Corporation","OriginalFileName":"firefox.exe","CommandLine":"\"C:\\Program Files\\Mozilla Firefox\\firefox.exe\" -contentproc --channel=1960 -parentBuildID 20241008210941 -prefsHandle 1888 -prefMapHandle 1880 -prefsLen 30861 -prefMapSize 263003 -appDir \"C:\\Program Files\\Mozilla Firefox\\browser\" - {dbf5737e-1e88-4b2c-8976-d466df9e8e57} 3744 \"\\\\.\\pipe\\gecko-crash-server-pipe.3744\" 1 gpu","CurrentDirectory":"C:\\Windows\\system32\\","User":"WIN10\\richard","LogonGuid":"{53968da7-b202-6708-c295-020000000000}","LogonId":"0x295c2","TerminalSessionId":"1","IntegrityLevel":"Low","Hashes":"MD5=571814A7939D001662BBA7760BD0B187,SHA256=9725AFC685C8EE135701E140A83B94FE7D958360A1F546215F7EAFDFF5E53A83,IMPHASH=BB4CE52E8306F88C0B1DA570553704E4","ParentProcessGuid":"{53968da7-c141-6708-d701-00000000fb00}","ParentProcessId":"3744","ParentImage":"C:\\Program Files\\Mozilla Firefox\\firefox.exe","ParentCommandLine":"\"C:\\Program Files\\Mozilla Firefox\\firefox.exe\" https://www.nationalgeographic.com","ParentUser":"WIN10\\richard"}}
{"LogSource":"Microsoft-Windows-Sysmon/Operational","EventId":1,"TimeCreated":"2024-10-10T23:10:09.2917356-07:00","RecordId":171550,"MachineName":"Win10","EventData":{"RuleName":"-","UtcTime":"2024-10-11 06:10:09.289","ProcessGuid":"{53968da7-c141-6708-d901-00000000fb00}","ProcessId":"7380","Image":"C:\\Program Files\\Mozilla Firefox\\firefox.exe","FileVersion":"131.0.2","Description":"Firefox","Product":"Firefox","Company":"Mozilla Corporation","OriginalFileName":"firefox.exe","CommandLine":"\"C:\\Program Files\\Mozilla Firefox\\firefox.exe\" -contentproc --channel=2400 -parentBuildID 20241008210941 -prefsHandle 2392 -prefMapHandle 2388 -prefsLen 30897 -prefMapSize 263003 -win32kLockedDown -appDir \"C:\\Program Files\\Mozilla Firefox\\browser\" - {90b2bca2-ad99-4e6b-992e-16cf59f9ec46} 3744 \"\\\\.\\pipe\\gecko-crash-server-pipe.3744\" 2 socket","CurrentDirectory":"C:\\Windows\\system32\\","User":"WIN10\\richard","LogonGuid":"{53968da7-b202-6708-c295-020000000000}","LogonId":"0x295c2","TerminalSessionId":"1","IntegrityLevel":"Low","Hashes":"MD5=571814A7939D001662BBA7760BD0B187,SHA256=9725AFC685C8EE135701E140A83B94FE7D958360A1F546215F7EAFDFF5E53A83,IMPHASH=BB4CE52E8306F88C0B1DA570553704E4","ParentProcessGuid":"{53968da7-c141-6708-d701-00000000fb00}","ParentProcessId":"3744","ParentImage":"C:\\Program Files\\Mozilla Firefox\\firefox.exe","ParentCommandLine":"\"C:\\Program Files\\Mozilla Firefox\\firefox.exe\" https://www.nationalgeographic.com","ParentUser":"WIN10\\richard"}}
{"LogSource":"Microsoft-Windows-Sysmon/Operational","EventId":1,"TimeCreated":"2024-10-10T23:10:09.4567811-07:00","RecordId":171551,"MachineName":"Win10","EventData":{"RuleName":"-","UtcTime":"2024-10-11 06:10:09.454","ProcessGuid":"{53968da7-c141-6708-da01-00000000fb00}","ProcessId":"7928","Image":"C:\\Program Files\\Mozilla Firefox\\firefox.exe","FileVersion":"131.0.2","Description":"Firefox","Product":"Firefox","Company":"Mozilla Corporation","OriginalFileName":"firefox.exe","CommandLine":"\"C:\\Program Files\\Mozilla Firefox\\firefox.exe\" -contentproc --channel=3052 -isForBrowser -prefsHandle 3044 -prefMapHandle 3040 -prefsLen 27591 -prefMapSize 263003 -jsInitHandle 1444 -jsInitLen 234840 -parentBuildID 20241008210941 -win32kLockedDown -appDir \"C:\\Program Files\\Mozilla Firefox\\browser\" - {b8af1fa5-4e69-4878-a563-f47d70ebcb2d} 3744 \"\\\\.\\pipe\\gecko-crash-server-pipe.3744\" 3 tab","CurrentDirectory":"C:\\Windows\\system32\\","User":"WIN10\\richard","LogonGuid":"{53968da7-b202-6708-c295-020000000000}","LogonId":"0x295c2","TerminalSessionId":"1","IntegrityLevel":"Low","Hashes":"MD5=571814A7939D001662BBA7760BD0B187,SHA256=9725AFC685C8EE135701E140A83B94FE7D958360A1F546215F7EAFDFF5E53A83,IMPHASH=BB4CE52E8306F88C0B1DA570553704E4","ParentProcessGuid":"{53968da7-c141-6708-d701-00000000fb00}","ParentProcessId":"3744","ParentImage":"C:\\Program Files\\Mozilla Firefox\\firefox.exe","ParentCommandLine":"\"C:\\Program Files\\Mozilla Firefox\\firefox.exe\" https://www.nationalgeographic.com","ParentUser":"WIN10\\richard"}}
{"LogSource":"Microsoft-Windows-Sysmon/Operational","EventId":1,"TimeCreated":"2024-10-10T23:10:09.7243904-07:00","RecordId":171552,"MachineName":"Win10","EventData":{"RuleName":"-","UtcTime":"2024-10-11 06:10:09.721","ProcessGuid":"{53968da7-c141-6708-db01-00000000fb00}","ProcessId":"7476","Image":"C:\\Program Files\\Mozilla Firefox\\firefox.exe","FileVersion":"131.0.2","Description":"Firefox","Product":"Firefox","Company":"Mozilla Corporation","OriginalFileName":"firefox.exe","CommandLine":"\"C:\\Program Files\\Mozilla Firefox\\firefox.exe\" -contentproc --channel=4172 -isForBrowser -prefsHandle 4164 -prefMapHandle 4160 -prefsLen 37035 -prefMapSize 263003 -jsInitHandle 1444 -jsInitLen 234840 -parentBuildID 20241008210941 -win32kLockedDown -appDir \"C:\\Program Files\\Mozilla Firefox\\browser\" - {fe35cb45-f963-45da-b1c4-652323ffedc0} 3744 \"\\\\.\\pipe\\gecko-crash-server-pipe.3744\" 4 tab","CurrentDirectory":"C:\\Windows\\system32\\","User":"WIN10\\richard","LogonGuid":"{53968da7-b202-6708-c295-020000000000}","LogonId":"0x295c2","TerminalSessionId":"1","IntegrityLevel":"Low","Hashes":"MD5=571814A7939D001662BBA7760BD0B187,SHA256=9725AFC685C8EE135701E140A83B94FE7D958360A1F546215F7EAFDFF5E53A83,IMPHASH=BB4CE52E8306F88C0B1DA570553704E4","ParentProcessGuid":"{53968da7-c141-6708-d701-00000000fb00}","ParentProcessId":"3744","ParentImage":"C:\\Program Files\\Mozilla Firefox\\firefox.exe","ParentCommandLine":"\"C:\\Program Files\\Mozilla Firefox\\firefox.exe\" https://www.nationalgeographic.com","ParentUser":"WIN10\\richard"}}
{"LogSource":"Microsoft-Windows-Sysmon/Operational","EventId":1,"TimeCreated":"2024-10-10T23:10:10.1297531-07:00","RecordId":171553,"MachineName":"Win10","EventData":{"RuleName":"-","UtcTime":"2024-10-11 06:10:10.117","ProcessGuid":"{53968da7-c142-6708-dc01-00000000fb00}","ProcessId":"5036","Image":"C:\\Program Files\\Mozilla Firefox\\firefox.exe","FileVersion":"131.0.2","Description":"Firefox","Product":"Firefox","Company":"Mozilla Corporation","OriginalFileName":"firefox.exe","CommandLine":"\"C:\\Program Files\\Mozilla Firefox\\firefox.exe\" -contentproc --channel=5192 -parentBuildID 20241008210941 -sandboxingKind 0 -prefsHandle 5164 -prefMapHandle 5160 -prefsLen 37084 -prefMapSize 263003 -win32kLockedDown -appDir \"C:\\Program Files\\Mozilla Firefox\\browser\" - {a2fae834-8e47-499e-8105-429b90075613} 3744 \"\\\\.\\pipe\\gecko-crash-server-pipe.3744\" 5 utility","CurrentDirectory":"C:\\Windows\\system32\\","User":"WIN10\\richard","LogonGuid":"{53968da7-b202-6708-c295-020000000000}","LogonId":"0x295c2","TerminalSessionId":"1","IntegrityLevel":"Low","Hashes":"MD5=571814A7939D001662BBA7760BD0B187,SHA256=9725AFC685C8EE135701E140A83B94FE7D958360A1F546215F7EAFDFF5E53A83,IMPHASH=BB4CE52E8306F88C0B1DA570553704E4","ParentProcessGuid":"{53968da7-c141-6708-d701-00000000fb00}","ParentProcessId":"3744","ParentImage":"C:\\Program Files\\Mozilla Firefox\\firefox.exe","ParentCommandLine":"\"C:\\Program Files\\Mozilla Firefox\\firefox.exe\" https://www.nationalgeographic.com","ParentUser":"WIN10\\richard"}}
{"LogSource":"Microsoft-Windows-Sysmon/Operational","EventId":1,"TimeCreated":"2024-10-10T23:10:10.1647467-07:00","RecordId":171554,"MachineName":"Win10","EventData":{"RuleName":"-","UtcTime":"2024-10-11 06:10:10.162","ProcessGuid":"{53968da7-c142-6708-dd01-00000000fb00}","ProcessId":"4200","Image":"C:\\Program Files\\Mozilla Firefox\\firefox.exe","FileVersion":"131.0.2","Description":"Firefox","Product":"Firefox","Company":"Mozilla Corporation","OriginalFileName":"firefox.exe","CommandLine":"\"C:\\Program Files\\Mozilla Firefox\\firefox.exe\" -contentproc --channel=5348 -isForBrowser -prefsHandle 5176 -prefMapHandle 5336 -prefsLen 37084 -prefMapSize 263003 -jsInitHandle 1444 -jsInitLen 234840 -parentBuildID 20241008210941 -win32kLockedDown -appDir \"C:\\Program Files\\Mozilla Firefox\\browser\" - {f0a499ad-4c95-4c57-b089-0fe4a09735ea} 3744 \"\\\\.\\pipe\\gecko-crash-server-pipe.3744\" 6 tab","CurrentDirectory":"C:\\Windows\\system32\\","User":"WIN10\\richard","LogonGuid":"{53968da7-b202-6708-c295-020000000000}","LogonId":"0x295c2","TerminalSessionId":"1","IntegrityLevel":"Low","Hashes":"MD5=571814A7939D001662BBA7760BD0B187,SHA256=9725AFC685C8EE135701E140A83B94FE7D958360A1F546215F7EAFDFF5E53A83,IMPHASH=BB4CE52E8306F88C0B1DA570553704E4","ParentProcessGuid":"{53968da7-c141-6708-d701-00000000fb00}","ParentProcessId":"3744","ParentImage":"C:\\Program Files\\Mozilla Firefox\\firefox.exe","ParentCommandLine":"\"C:\\Program Files\\Mozilla Firefox\\firefox.exe\" https://www.nationalgeographic.com","ParentUser":"WIN10\\richard"}}
{"LogSource":"Microsoft-Windows-Sysmon/Operational","EventId":1,"TimeCreated":"2024-10-10T23:10:10.4575020-07:00","RecordId":171555,"MachineName":"Win10","EventData":{"RuleName":"-","UtcTime":"2024-10-11 06:10:10.455","ProcessGuid":"{53968da7-c142-6708-de01-00000000fb00}","ProcessId":"7072","Image":"C:\\Program Files\\Mozilla Firefox\\firefox.exe","FileVersion":"131.0.2","Description":"Firefox","Product":"Firefox","Company":"Mozilla Corporation","OriginalFileName":"firefox.exe","CommandLine":"\"C:\\Program Files\\Mozilla Firefox\\firefox.exe\" -contentproc --channel=5844 -isForBrowser -prefsHandle 5856 -prefMapHandle 5852 -prefsLen 33637 -prefMapSize 263003 -jsInitHandle 1444 -jsInitLen 234840 -parentBuildID 20241008210941 -win32kLockedDown -appDir \"C:\\Program Files\\Mozilla Firefox\\browser\" - {0682c505-43ae-4b73-903e-c637413b3886} 3744 \"\\\\.\\pipe\\gecko-crash-server-pipe.3744\" 7 tab","CurrentDirectory":"C:\\Windows\\system32\\","User":"WIN10\\richard","LogonGuid":"{53968da7-b202-6708-c295-020000000000}","LogonId":"0x295c2","TerminalSessionId":"1","IntegrityLevel":"Low","Hashes":"MD5=571814A7939D001662BBA7760BD0B187,SHA256=9725AFC685C8EE135701E140A83B94FE7D958360A1F546215F7EAFDFF5E53A83,IMPHASH=BB4CE52E8306F88C0B1DA570553704E4","ParentProcessGuid":"{53968da7-c141-6708-d701-00000000fb00}","ParentProcessId":"3744","ParentImage":"C:\\Program Files\\Mozilla Firefox\\firefox.exe","ParentCommandLine":"\"C:\\Program Files\\Mozilla Firefox\\firefox.exe\" https://www.nationalgeographic.com","ParentUser":"WIN10\\richard"}}
{"LogSource":"Microsoft-Windows-Sysmon/Operational","EventId":1,"TimeCreated":"2024-10-10T23:10:10.4691293-07:00","RecordId":171556,"MachineName":"Win10","EventData":{"RuleName":"-","UtcTime":"2024-10-11 06:10:10.463","ProcessGuid":"{53968da7-c142-6708-df01-00000000fb00}","ProcessId":"6732","Image":"C:\\Program Files\\Mozilla Firefox\\firefox.exe","FileVersion":"131.0.2","Description":"Firefox","Product":"Firefox","Company":"Mozilla Corporation","OriginalFileName":"firefox.exe","CommandLine":"\"C:\\Program Files\\Mozilla Firefox\\firefox.exe\" -contentproc --channel=5916 -isForBrowser -prefsHandle 5808 -prefMapHandle 5832 -prefsLen 33637 -prefMapSize 263003 -jsInitHandle 1444 -jsInitLen 234840 -parentBuildID 20241008210941 -win32kLockedDown -appDir \"C:\\Program Files\\Mozilla Firefox\\browser\" - {790a8f34-db36-4dc1-abc7-e14beed8322e} 3744 \"\\\\.\\pipe\\gecko-crash-server-pipe.3744\" 8 tab","CurrentDirectory":"C:\\Windows\\system32\\","User":"WIN10\\richard","LogonGuid":"{53968da7-b202-6708-c295-020000000000}","LogonId":"0x295c2","TerminalSessionId":"1","IntegrityLevel":"Low","Hashes":"MD5=571814A7939D001662BBA7760BD0B187,SHA256=9725AFC685C8EE135701E140A83B94FE7D958360A1F546215F7EAFDFF5E53A83,IMPHASH=BB4CE52E8306F88C0B1DA570553704E4","ParentProcessGuid":"{53968da7-c141-6708-d701-00000000fb00}","ParentProcessId":"3744","ParentImage":"C:\\Program Files\\Mozilla Firefox\\firefox.exe","ParentCommandLine":"\"C:\\Program Files\\Mozilla Firefox\\firefox.exe\" https://www.nationalgeographic.com","ParentUser":"WIN10\\richard"}}
{"LogSource":"Microsoft-Windows-Sysmon/Operational","EventId":22,"TimeCreated":"2024-10-10T23:10:10.6189618-07:00","RecordId":171558,"MachineName":"Win10","EventData":{"RuleName":"-","UtcTime":"2024-10-11 06:10:08.370","ProcessGuid":"{53968da7-c141-6708-d701-00000000fb00}","ProcessId":"3744","QueryName":"detectportal.firefox.com","QueryStatus":"0","QueryResults":"type:  5 detectportal.prod.mozaws.net;type:  5 prod.detectportal.prod.cloudops.mozgcp.net;2600:1901:0:38d7::;::ffff:34.107.221.82;","Image":"C:\\Program Files\\Mozilla Firefox\\firefox.exe","User":"WIN10\\richard"}}
{"LogSource":"Microsoft-Windows-Sysmon/Operational","EventId":22,"TimeCreated":"2024-10-10T23:10:10.6201058-07:00","RecordId":171559,"MachineName":"Win10","EventData":{"RuleName":"-","UtcTime":"2024-10-11 06:10:08.371","ProcessGuid":"{53968da7-c141-6708-d701-00000000fb00}","ProcessId":"3744","QueryName":"detectportal.firefox.com","QueryStatus":"0","QueryResults":"type:  5 detectportal.prod.mozaws.net;type:  5 prod.detectportal.prod.cloudops.mozgcp.net;2600:1901:0:38d7::;::ffff:34.107.221.82;","Image":"C:\\Program Files\\Mozilla Firefox\\firefox.exe","User":"WIN10\\richard"}}
{"LogSource":"Microsoft-Windows-Sysmon/Operational","EventId":22,"TimeCreated":"2024-10-10T23:10:10.6212713-07:00","RecordId":171560,"MachineName":"Win10","EventData":{"RuleName":"-","UtcTime":"2024-10-11 06:10:08.371","ProcessGuid":"{53968da7-c141-6708-d701-00000000fb00}","ProcessId":"3744","QueryName":"prod.detectportal.prod.cloudops.mozgcp.net","QueryStatus":"0","QueryResults":"34.107.221.82;","Image":"C:\\Program Files\\Mozilla Firefox\\firefox.exe","User":"WIN10\\richard"}}
{"LogSource":"Microsoft-Windows-Sysmon/Operational","EventId":22,"TimeCreated":"2024-10-10T23:10:10.6224423-07:00","RecordId":171561,"MachineName":"Win10","EventData":{"RuleName":"-","UtcTime":"2024-10-11 06:10:08.371","ProcessGuid":"{53968da7-c141-6708-d701-00000000fb00}","ProcessId":"3744","QueryName":"prod.detectportal.prod.cloudops.mozgcp.net","QueryStatus":"0","QueryResults":"2600:1901:0:38d7::;","Image":"C:\\Program Files\\Mozilla Firefox\\firefox.exe","User":"WIN10\\richard"}}
{"LogSource":"Microsoft-Windows-Sysmon/Operational","EventId":22,"TimeCreated":"2024-10-10T23:10:10.6236080-07:00","RecordId":171562,"MachineName":"Win10","EventData":{"RuleName":"-","UtcTime":"2024-10-11 06:10:08.387","ProcessGuid":"{53968da7-c141-6708-d701-00000000fb00}","ProcessId":"3744","QueryName":"private.canadianshield.cira.ca","QueryStatus":"0","QueryResults":"2620:10a:80bb::10;2620:10a:80bc::10;::ffff:149.112.122.10;::ffff:149.112.121.10;","Image":"C:\\Program Files\\Mozilla Firefox\\firefox.exe","User":"WIN10\\richard"}}
{"LogSource":"Microsoft-Windows-Sysmon/Operational","EventId":22,"TimeCreated":"2024-10-10T23:10:10.6247828-07:00","RecordId":171563,"MachineName":"Win10","EventData":{"RuleName":"-","UtcTime":"2024-10-11 06:10:08.387","ProcessGuid":"{53968da7-c141-6708-d701-00000000fb00}","ProcessId":"3744","QueryName":"private.canadianshield.cira.ca","QueryStatus":"0","QueryResults":"2620:10a:80bb::10;2620:10a:80bc::10;::ffff:149.112.122.10;::ffff:149.112.121.10;","Image":"C:\\Program Files\\Mozilla Firefox\\firefox.exe","User":"WIN10\\richard"}}
{"LogSource":"Microsoft-Windows-Sysmon/Operational","EventId":22,"TimeCreated":"2024-10-10T23:10:10.6258931-07:00","RecordId":171564,"MachineName":"Win10","EventData":{"RuleName":"-","UtcTime":"2024-10-11 06:10:08.387","ProcessGuid":"{53968da7-c141-6708-d701-00000000fb00}","ProcessId":"3744","QueryName":"private.canadianshield.cira.ca","QueryStatus":"0","QueryResults":"149.112.121.10;149.112.122.10;","Image":"C:\\Program Files\\Mozilla Firefox\\firefox.exe","User":"WIN10\\richard"}}
{"LogSource":"Microsoft-Windows-Sysmon/Operational","EventId":22,"TimeCreated":"2024-10-10T23:10:10.6270598-07:00","RecordId":171565,"MachineName":"Win10","EventData":{"RuleName":"-","UtcTime":"2024-10-11 06:10:08.387","ProcessGuid":"{53968da7-c141-6708-d701-00000000fb00}","ProcessId":"3744","QueryName":"private.canadianshield.cira.ca","QueryStatus":"0","QueryResults":"2620:10a:80bc::10;2620:10a:80bb::10;","Image":"C:\\Program Files\\Mozilla Firefox\\firefox.exe","User":"WIN10\\richard"}}
{"LogSource":"Microsoft-Windows-Sysmon/Operational","EventId":22,"TimeCreated":"2024-10-10T23:10:10.6282489-07:00","RecordId":171566,"MachineName":"Win10","EventData":{"RuleName":"-","UtcTime":"2024-10-11 06:10:08.445","ProcessGuid":"{53968da7-c141-6708-d701-00000000fb00}","ProcessId":"3744","QueryName":"example.org","QueryStatus":"0","QueryResults":"93.184.215.14;","Image":"C:\\Program Files\\Mozilla Firefox\\firefox.exe","User":"WIN10\\richard"}}
{"LogSource":"Microsoft-Windows-Sysmon/Operational","EventId":22,"TimeCreated":"2024-10-10T23:10:10.6294062-07:00","RecordId":171567,"MachineName":"Win10","EventData":{"RuleName":"-","UtcTime":"2024-10-11 06:10:08.445","ProcessGuid":"{53968da7-c141-6708-d701-00000000fb00}","ProcessId":"3744","QueryName":"example.org","QueryStatus":"0","QueryResults":"2606:2800:21f:cb07:6820:80da:af6b:8b2c;::ffff:93.184.215.14;","Image":"C:\\Program Files\\Mozilla Firefox\\firefox.exe","User":"WIN10\\richard"}}
{"LogSource":"Microsoft-Windows-Sysmon/Operational","EventId":1,"TimeCreated":"2024-10-10T23:10:10.4839365-07:00","RecordId":171557,"MachineName":"Win10","EventData":{"RuleName":"-","UtcTime":"2024-10-11 06:10:10.474","ProcessGuid":"{53968da7-c142-6708-e001-00000000fb00}","ProcessId":"2608","Image":"C:\\Program Files\\Mozilla Firefox\\firefox.exe","FileVersion":"131.0.2","Description":"Firefox","Product":"Firefox","Company":"Mozilla Corporation","OriginalFileName":"firefox.exe","CommandLine":"\"C:\\Program Files\\Mozilla Firefox\\firefox.exe\" -contentproc --channel=6196 -isForBrowser -prefsHandle 6188 -prefMapHandle 6184 -prefsLen 33637 -prefMapSize 263003 -jsInitHandle 1444 -jsInitLen 234840 -parentBuildID 20241008210941 -win32kLockedDown -appDir \"C:\\Program Files\\Mozilla Firefox\\browser\" - {8afb3360-0227-42b2-8459-3a4831f07faa} 3744 \"\\\\.\\pipe\\gecko-crash-server-pipe.3744\" 9 tab","CurrentDirectory":"C:\\Windows\\system32\\","User":"WIN10\\richard","LogonGuid":"{53968da7-b202-6708-c295-020000000000}","LogonId":"0x295c2","TerminalSessionId":"1","IntegrityLevel":"Low","Hashes":"MD5=571814A7939D001662BBA7760BD0B187,SHA256=9725AFC685C8EE135701E140A83B94FE7D958360A1F546215F7EAFDFF5E53A83,IMPHASH=BB4CE52E8306F88C0B1DA570553704E4","ParentProcessGuid":"{53968da7-c141-6708-d701-00000000fb00}","ParentProcessId":"3744","ParentImage":"C:\\Program Files\\Mozilla Firefox\\firefox.exe","ParentCommandLine":"\"C:\\Program Files\\Mozilla Firefox\\firefox.exe\" https://www.nationalgeographic.com","ParentUser":"WIN10\\richard"}}
{"LogSource":"Microsoft-Windows-Sysmon/Operational","EventId":22,"TimeCreated":"2024-10-10T23:10:10.6317860-07:00","RecordId":171569,"MachineName":"Win10","EventData":{"RuleName":"-","UtcTime":"2024-10-11 06:10:08.446","ProcessGuid":"{53968da7-c141-6708-d701-00000000fb00}","ProcessId":"3744","QueryName":"example.org","QueryStatus":"0","QueryResults":"93.184.215.14;","Image":"C:\\Program Files\\Mozilla Firefox\\firefox.exe","User":"WIN10\\richard"}}
{"LogSource":"Microsoft-Windows-Sysmon/Operational","EventId":22,"TimeCreated":"2024-10-10T23:10:10.6305938-07:00","RecordId":171568,"MachineName":"Win10","EventData":{"RuleName":"-","UtcTime":"2024-10-11 06:10:08.445","ProcessGuid":"{53968da7-c141-6708-d701-00000000fb00}","ProcessId":"3744","QueryName":"example.org","QueryStatus":"0","QueryResults":"93.184.215.14;","Image":"C:\\Program Files\\Mozilla Firefox\\firefox.exe","User":"WIN10\\richard"}}
{"LogSource":"Microsoft-Windows-Sysmon/Operational","EventId":22,"TimeCreated":"2024-10-10T23:10:10.6329855-07:00","RecordId":171570,"MachineName":"Win10","EventData":{"RuleName":"-","UtcTime":"2024-10-11 06:10:08.446","ProcessGuid":"{53968da7-c141-6708-d701-00000000fb00}","ProcessId":"3744","QueryName":"example.org","QueryStatus":"0","QueryResults":"2606:2800:21f:cb07:6820:80da:af6b:8b2c;::ffff:93.184.215.14;","Image":"C:\\Program Files\\Mozilla Firefox\\firefox.exe","User":"WIN10\\richard"}}
{"LogSource":"Microsoft-Windows-Sysmon/Operational","EventId":22,"TimeCreated":"2024-10-10T23:10:10.6344764-07:00","RecordId":171571,"MachineName":"Win10","EventData":{"RuleName":"-","UtcTime":"2024-10-11 06:10:08.446","ProcessGuid":"{53968da7-c141-6708-d701-00000000fb00}","ProcessId":"3744","QueryName":"example.org","QueryStatus":"0","QueryResults":"2606:2800:21f:cb07:6820:80da:af6b:8b2c;","Image":"C:\\Program Files\\Mozilla Firefox\\firefox.exe","User":"WIN10\\richard"}}
{"LogSource":"Microsoft-Windows-Sysmon/Operational","EventId":22,"TimeCreated":"2024-10-10T23:10:10.6356025-07:00","RecordId":171572,"MachineName":"Win10","EventData":{"RuleName":"-","UtcTime":"2024-10-11 06:10:08.522","ProcessGuid":"{53968da7-c141-6708-d701-00000000fb00}","ProcessId":"3744","QueryName":"forcesafesearch.google.com.","QueryStatus":"0","QueryResults":"216.239.38.120;","Image":"C:\\Program Files\\Mozilla Firefox\\firefox.exe","User":"WIN10\\richard"}}
{"LogSource":"Microsoft-Windows-Sysmon/Operational","EventId":22,"TimeCreated":"2024-10-10T23:10:10.6367176-07:00","RecordId":171573,"MachineName":"Win10","EventData":{"RuleName":"-","UtcTime":"2024-10-11 06:10:08.522","ProcessGuid":"{53968da7-c141-6708-d701-00000000fb00}","ProcessId":"3744","QueryName":"m.youtube.com.","QueryStatus":"0","QueryResults":"142.251.33.78;","Image":"C:\\Program Files\\Mozilla Firefox\\firefox.exe","User":"WIN10\\richard"}}
{"LogSource":"Microsoft-Windows-Sysmon/Operational","EventId":22,"TimeCreated":"2024-10-10T23:10:10.6378744-07:00","RecordId":171574,"MachineName":"Win10","EventData":{"RuleName":"-","UtcTime":"2024-10-11 06:10:08.522","ProcessGuid":"{53968da7-c141-6708-d701-00000000fb00}","ProcessId":"3744","QueryName":"youtube.googleapis.com.","QueryStatus":"0","QueryResults":"142.251.211.234;142.251.33.74;142.250.217.74;142.250.217.106;142.251.215.234;172.217.14.202;172.217.14.234;142.250.69.202;142.251.33.106;","Image":"C:\\Program Files\\Mozilla Firefox\\firefox.exe","User":"WIN10\\richard"}}
{"LogSource":"Microsoft-Windows-Sysmon/Operational","EventId":22,"TimeCreated":"2024-10-10T23:10:10.6389909-07:00","RecordId":171575,"MachineName":"Win10","EventData":{"RuleName":"-","UtcTime":"2024-10-11 06:10:08.523","ProcessGuid":"{53968da7-c141-6708-d701-00000000fb00}","ProcessId":"3744","QueryName":"restrict.youtube.com.","QueryStatus":"0","QueryResults":"216.239.38.120;","Image":"C:\\Program Files\\Mozilla Firefox\\firefox.exe","User":"WIN10\\richard"}}
{"LogSource":"Microsoft-Windows-Sysmon/Operational","EventId":22,"TimeCreated":"2024-10-10T23:10:10.6401103-07:00","RecordId":171576,"MachineName":"Win10","EventData":{"RuleName":"-","UtcTime":"2024-10-11 06:10:08.523","ProcessGuid":"{53968da7-c141-6708-d701-00000000fb00}","ProcessId":"3744","QueryName":"restrictmoderate.youtube.com.","QueryStatus":"0","QueryResults":"216.239.38.119;","Image":"C:\\Program Files\\Mozilla Firefox\\firefox.exe","User":"WIN10\\richard"}}
{"LogSource":"Microsoft-Windows-Sysmon/Operational","EventId":22,"TimeCreated":"2024-10-10T23:10:10.6412704-07:00","RecordId":171577,"MachineName":"Win10","EventData":{"RuleName":"-","UtcTime":"2024-10-11 06:10:08.524","ProcessGuid":"{53968da7-c141-6708-d701-00000000fb00}","ProcessId":"3744","QueryName":"forcesafesearch.google.com.","QueryStatus":"0","QueryResults":"216.239.38.120;","Image":"C:\\Program Files\\Mozilla Firefox\\firefox.exe","User":"WIN10\\richard"}}
{"LogSource":"Microsoft-Windows-Sysmon/Operational","EventId":22,"TimeCreated":"2024-10-10T23:10:10.6424110-07:00","RecordId":171578,"MachineName":"Win10","EventData":{"RuleName":"-","UtcTime":"2024-10-11 06:10:08.524","ProcessGuid":"{53968da7-c141-6708-d701-00000000fb00}","ProcessId":"3744","QueryName":"m.youtube.com.","QueryStatus":"0","QueryResults":"142.251.33.78;","Image":"C:\\Program Files\\Mozilla Firefox\\firefox.exe","User":"WIN10\\richard"}}
{"LogSource":"Microsoft-Windows-Sysmon/Operational","EventId":22,"TimeCreated":"2024-10-10T23:10:10.6435628-07:00","RecordId":171579,"MachineName":"Win10","EventData":{"RuleName":"-","UtcTime":"2024-10-11 06:10:08.524","ProcessGuid":"{53968da7-c141-6708-d701-00000000fb00}","ProcessId":"3744","QueryName":"forcesafesearch.google.com","QueryStatus":"0","QueryResults":"216.239.38.120;","Image":"C:\\Program Files\\Mozilla Firefox\\firefox.exe","User":"WIN10\\richard"}}
{"LogSource":"Microsoft-Windows-Sysmon/Operational","EventId":22,"TimeCreated":"2024-10-10T23:10:10.6447302-07:00","RecordId":171580,"MachineName":"Win10","EventData":{"RuleName":"-","UtcTime":"2024-10-11 06:10:08.524","ProcessGuid":"{53968da7-c141-6708-d701-00000000fb00}","ProcessId":"3744","QueryName":"m.youtube.com","QueryStatus":"0","QueryResults":"142.251.33.78;","Image":"C:\\Program Files\\Mozilla Firefox\\firefox.exe","User":"WIN10\\richard"}}
{"LogSource":"Microsoft-Windows-Sysmon/Operational","EventId":22,"TimeCreated":"2024-10-10T23:10:10.6458743-07:00","RecordId":171581,"MachineName":"Win10","EventData":{"RuleName":"-","UtcTime":"2024-10-11 06:10:08.524","ProcessGuid":"{53968da7-c141-6708-d701-00000000fb00}","ProcessId":"3744","QueryName":"restrict.youtube.com.","QueryStatus":"0","QueryResults":"216.239.38.120;","Image":"C:\\Program Files\\Mozilla Firefox\\firefox.exe","User":"WIN10\\richard"}}
{"LogSource":"Microsoft-Windows-Sysmon/Operational","EventId":22,"TimeCreated":"2024-10-10T23:10:10.6470466-07:00","RecordId":171582,"MachineName":"Win10","EventData":{"RuleName":"-","UtcTime":"2024-10-11 06:10:08.524","ProcessGuid":"{53968da7-c141-6708-d701-00000000fb00}","ProcessId":"3744","QueryName":"youtube.googleapis.com.","QueryStatus":"0","QueryResults":"142.251.211.234;142.251.33.74;142.250.217.74;142.250.217.106;142.251.215.234;172.217.14.202;172.217.14.234;142.250.69.202;142.251.33.106;","Image":"C:\\Program Files\\Mozilla Firefox\\firefox.exe","User":"WIN10\\richard"}}
{"LogSource":"Microsoft-Windows-Sysmon/Operational","EventId":22,"TimeCreated":"2024-10-10T23:10:10.6482345-07:00","RecordId":171583,"MachineName":"Win10","EventData":{"RuleName":"-","UtcTime":"2024-10-11 06:10:08.524","ProcessGuid":"{53968da7-c141-6708-d701-00000000fb00}","ProcessId":"3744","QueryName":"restrict.youtube.com","QueryStatus":"0","QueryResults":"216.239.38.120;","Image":"C:\\Program Files\\Mozilla Firefox\\firefox.exe","User":"WIN10\\richard"}}
{"LogSource":"Microsoft-Windows-Sysmon/Operational","EventId":22,"TimeCreated":"2024-10-10T23:10:10.6494428-07:00","RecordId":171584,"MachineName":"Win10","EventData":{"RuleName":"-","UtcTime":"2024-10-11 06:10:08.524","ProcessGuid":"{53968da7-c141-6708-d701-00000000fb00}","ProcessId":"3744","QueryName":"youtube.googleapis.com","QueryStatus":"0","QueryResults":"142.251.211.234;142.251.33.74;142.250.217.74;142.250.217.106;142.251.215.234;172.217.14.202;172.217.14.234;142.250.69.202;142.251.33.106;","Image":"C:\\Program Files\\Mozilla Firefox\\firefox.exe","User":"WIN10\\richard"}}
{"LogSource":"Microsoft-Windows-Sysmon/Operational","EventId":22,"TimeCreated":"2024-10-10T23:10:10.6505674-07:00","RecordId":171585,"MachineName":"Win10","EventData":{"RuleName":"-","UtcTime":"2024-10-11 06:10:08.524","ProcessGuid":"{53968da7-c141-6708-d701-00000000fb00}","ProcessId":"3744","QueryName":"restrictmoderate.youtube.com.","QueryStatus":"0","QueryResults":"216.239.38.119;","Image":"C:\\Program Files\\Mozilla Firefox\\firefox.exe","User":"WIN10\\richard"}}
{"LogSource":"Microsoft-Windows-Sysmon/Operational","EventId":22,"TimeCreated":"2024-10-10T23:10:10.6517428-07:00","RecordId":171586,"MachineName":"Win10","EventData":{"RuleName":"-","UtcTime":"2024-10-11 06:10:08.524","ProcessGuid":"{53968da7-c141-6708-d701-00000000fb00}","ProcessId":"3744","QueryName":"restrictmoderate.youtube.com","QueryStatus":"0","QueryResults":"216.239.38.119;","Image":"C:\\Program Files\\Mozilla Firefox\\firefox.exe","User":"WIN10\\richard"}}
{"LogSource":"Microsoft-Windows-Sysmon/Operational","EventId":22,"TimeCreated":"2024-10-10T23:10:10.6528920-07:00","RecordId":171587,"MachineName":"Win10","EventData":{"RuleName":"-","UtcTime":"2024-10-11 06:10:08.533","ProcessGuid":"{53968da7-c141-6708-d701-00000000fb00}","ProcessId":"3744","QueryName":"google.com.","QueryStatus":"0","QueryResults":"142.251.215.238;","Image":"C:\\Program Files\\Mozilla Firefox\\firefox.exe","User":"WIN10\\richard"}}
{"LogSource":"Microsoft-Windows-Sysmon/Operational","EventId":22,"TimeCreated":"2024-10-10T23:10:10.6540825-07:00","RecordId":171588,"MachineName":"Win10","EventData":{"RuleName":"-","UtcTime":"2024-10-11 06:10:08.533","ProcessGuid":"{53968da7-c141-6708-d701-00000000fb00}","ProcessId":"3744","QueryName":"www.google.com.","QueryStatus":"0","QueryResults":"142.250.69.196;","Image":"C:\\Program Files\\Mozilla Firefox\\firefox.exe","User":"WIN10\\richard"}}
{"LogSource":"Microsoft-Windows-Sysmon/Operational","EventId":22,"TimeCreated":"2024-10-10T23:10:10.6553050-07:00","RecordId":171589,"MachineName":"Win10","EventData":{"RuleName":"-","UtcTime":"2024-10-11 06:10:08.533","ProcessGuid":"{53968da7-c141-6708-d701-00000000fb00}","ProcessId":"3744","QueryName":"www.google.com.","QueryStatus":"0","QueryResults":"142.250.69.196;","Image":"C:\\Program Files\\Mozilla Firefox\\firefox.exe","User":"WIN10\\richard"}}
{"LogSource":"Microsoft-Windows-Sysmon/Operational","EventId":22,"TimeCreated":"2024-10-10T23:10:10.6564688-07:00","RecordId":171590,"MachineName":"Win10","EventData":{"RuleName":"-","UtcTime":"2024-10-11 06:10:08.533","ProcessGuid":"{53968da7-c141-6708-d701-00000000fb00}","ProcessId":"3744","QueryName":"google.com.","QueryStatus":"0","QueryResults":"142.251.215.238;","Image":"C:\\Program Files\\Mozilla Firefox\\firefox.exe","User":"WIN10\\richard"}}
{"LogSource":"Microsoft-Windows-Sysmon/Operational","EventId":22,"TimeCreated":"2024-10-10T23:10:10.6576159-07:00","RecordId":171591,"MachineName":"Win10","EventData":{"RuleName":"-","UtcTime":"2024-10-11 06:10:08.533","ProcessGuid":"{53968da7-c141-6708-d701-00000000fb00}","ProcessId":"3744","QueryName":"www.google.com","QueryStatus":"0","QueryResults":"142.250.69.196;","Image":"C:\\Program Files\\Mozilla Firefox\\firefox.exe","User":"WIN10\\richard"}}
{"LogSource":"Microsoft-Windows-Sysmon/Operational","EventId":22,"TimeCreated":"2024-10-10T23:10:10.6588106-07:00","RecordId":171592,"MachineName":"Win10","EventData":{"RuleName":"-","UtcTime":"2024-10-11 06:10:08.533","ProcessGuid":"{53968da7-c141-6708-d701-00000000fb00}","ProcessId":"3744","QueryName":"google.com","QueryStatus":"0","QueryResults":"142.251.215.238;","Image":"C:\\Program Files\\Mozilla Firefox\\firefox.exe","User":"WIN10\\richard"}}
{"LogSource":"Microsoft-Windows-Sysmon/Operational","EventId":22,"TimeCreated":"2024-10-10T23:10:10.6599872-07:00","RecordId":171593,"MachineName":"Win10","EventData":{"RuleName":"-","UtcTime":"2024-10-11 06:10:08.534","ProcessGuid":"{53968da7-c141-6708-d701-00000000fb00}","ProcessId":"3744","QueryName":"www.youtube.com.","QueryStatus":"0","QueryResults":"type:  5 youtube-ui.l.google.com;142.251.211.238;142.251.33.78;142.250.217.78;142.250.217.110;142.251.215.238;172.217.14.206;172.217.14.238;142.250.69.206;142.251.33.110;","Image":"C:\\Program Files\\Mozilla Firefox\\firefox.exe","User":"WIN10\\richard"}}
{"LogSource":"Microsoft-Windows-Sysmon/Operational","EventId":22,"TimeCreated":"2024-10-10T23:10:10.6611101-07:00","RecordId":171594,"MachineName":"Win10","EventData":{"RuleName":"-","UtcTime":"2024-10-11 06:10:08.534","ProcessGuid":"{53968da7-c141-6708-d701-00000000fb00}","ProcessId":"3744","QueryName":"www.youtube.com.","QueryStatus":"0","QueryResults":"type:  5 youtube-ui.l.google.com;142.251.211.238;142.251.33.78;142.250.217.78;142.250.217.110;142.251.215.238;172.217.14.206;172.217.14.238;142.250.69.206;142.251.33.110;","Image":"C:\\Program Files\\Mozilla Firefox\\firefox.exe","User":"WIN10\\richard"}}
{"LogSource":"Microsoft-Windows-Sysmon/Operational","EventId":22,"TimeCreated":"2024-10-10T23:10:10.6622730-07:00","RecordId":171595,"MachineName":"Win10","EventData":{"RuleName":"-","UtcTime":"2024-10-11 06:10:08.534","ProcessGuid":"{53968da7-c141-6708-d701-00000000fb00}","ProcessId":"3744","QueryName":"youtubei.googleapis.com.","QueryStatus":"0","QueryResults":"172.217.14.202;142.250.69.202;142.251.33.106;142.251.211.234;142.251.33.74;142.250.217.74;142.250.217.106;142.251.215.234;","Image":"C:\\Program Files\\Mozilla Firefox\\firefox.exe","User":"WIN10\\richard"}}
{"LogSource":"Microsoft-Windows-Sysmon/Operational","EventId":22,"TimeCreated":"2024-10-10T23:10:10.6634389-07:00","RecordId":171596,"MachineName":"Win10","EventData":{"RuleName":"-","UtcTime":"2024-10-11 06:10:08.534","ProcessGuid":"{53968da7-c141-6708-d701-00000000fb00}","ProcessId":"3744","QueryName":"youtubei.googleapis.com.","QueryStatus":"0","QueryResults":"172.217.14.202;142.250.69.202;142.251.33.106;142.251.211.234;142.251.33.74;142.250.217.74;142.250.217.106;142.251.215.234;","Image":"C:\\Program Files\\Mozilla Firefox\\firefox.exe","User":"WIN10\\richard"}}
{"LogSource":"Microsoft-Windows-Sysmon/Operational","EventId":22,"TimeCreated":"2024-10-10T23:10:10.6646616-07:00","RecordId":171597,"MachineName":"Win10","EventData":{"RuleName":"-","UtcTime":"2024-10-11 06:10:08.534","ProcessGuid":"{53968da7-c141-6708-d701-00000000fb00}","ProcessId":"3744","QueryName":"youtubei.googleapis.com","QueryStatus":"0","QueryResults":"172.217.14.202;142.250.69.202;142.251.33.106;142.251.211.234;142.251.33.74;142.250.217.74;142.250.217.106;142.251.215.234;","Image":"C:\\Program Files\\Mozilla Firefox\\firefox.exe","User":"WIN10\\richard"}}
{"LogSource":"Microsoft-Windows-Sysmon/Operational","EventId":22,"TimeCreated":"2024-10-10T23:10:10.6659612-07:00","RecordId":171598,"MachineName":"Win10","EventData":{"RuleName":"-","UtcTime":"2024-10-11 06:10:08.535","ProcessGuid":"{53968da7-c141-6708-d701-00000000fb00}","ProcessId":"3744","QueryName":"sitereview.zscaler.com.","QueryStatus":"0","QueryResults":"104.129.193.93;","Image":"C:\\Program Files\\Mozilla Firefox\\firefox.exe","User":"WIN10\\richard"}}
{"LogSource":"Microsoft-Windows-Sysmon/Operational","EventId":22,"TimeCreated":"2024-10-10T23:10:10.6671838-07:00","RecordId":171599,"MachineName":"Win10","EventData":{"RuleName":"-","UtcTime":"2024-10-11 06:10:08.535","ProcessGuid":"{53968da7-c141-6708-d701-00000000fb00}","ProcessId":"3744","QueryName":"use-application-dns.net.","QueryStatus":"0","QueryResults":"35.190.14.201;","Image":"C:\\Program Files\\Mozilla Firefox\\firefox.exe","User":"WIN10\\richard"}}
{"LogSource":"Microsoft-Windows-Sysmon/Operational","EventId":22,"TimeCreated":"2024-10-10T23:10:10.6683739-07:00","RecordId":171600,"MachineName":"Win10","EventData":{"RuleName":"-","UtcTime":"2024-10-11 06:10:08.535","ProcessGuid":"{53968da7-c141-6708-d701-00000000fb00}","ProcessId":"3744","QueryName":"www.youtube-nocookie.com.","QueryStatus":"0","QueryResults":"type:  5 youtube-ui.l.google.com;142.251.33.78;142.250.217.78;142.250.217.110;142.251.215.238;172.217.14.238;142.250.69.206;142.251.33.110;142.251.211.238;","Image":"C:\\Program Files\\Mozilla Firefox\\firefox.exe","User":"WIN10\\richard"}}
{"LogSource":"Microsoft-Windows-Sysmon/Operational","EventId":22,"TimeCreated":"2024-10-10T23:10:10.6695268-07:00","RecordId":171601,"MachineName":"Win10","EventData":{"RuleName":"-","UtcTime":"2024-10-11 06:10:08.535","ProcessGuid":"{53968da7-c141-6708-d701-00000000fb00}","ProcessId":"3744","QueryName":"sitereview.zscaler.com.","QueryStatus":"0","QueryResults":"104.129.193.93;","Image":"C:\\Program Files\\Mozilla Firefox\\firefox.exe","User":"WIN10\\richard"}}
{"LogSource":"Microsoft-Windows-Sysmon/Operational","EventId":22,"TimeCreated":"2024-10-10T23:10:10.6707238-07:00","RecordId":171602,"MachineName":"Win10","EventData":{"RuleName":"-","UtcTime":"2024-10-11 06:10:08.535","ProcessGuid":"{53968da7-c141-6708-d701-00000000fb00}","ProcessId":"3744","QueryName":"use-application-dns.net.","QueryStatus":"0","QueryResults":"35.190.14.201;","Image":"C:\\Program Files\\Mozilla Firefox\\firefox.exe","User":"WIN10\\richard"}}
{"LogSource":"Microsoft-Windows-Sysmon/Operational","EventId":22,"TimeCreated":"2024-10-10T23:10:10.6719292-07:00","RecordId":171603,"MachineName":"Win10","EventData":{"RuleName":"-","UtcTime":"2024-10-11 06:10:08.535","ProcessGuid":"{53968da7-c141-6708-d701-00000000fb00}","ProcessId":"3744","QueryName":"sitereview.zscaler.com","QueryStatus":"0","QueryResults":"104.129.193.93;","Image":"C:\\Program Files\\Mozilla Firefox\\firefox.exe","User":"WIN10\\richard"}}
{"LogSource":"Microsoft-Windows-Sysmon/Operational","EventId":22,"TimeCreated":"2024-10-10T23:10:10.6731263-07:00","RecordId":171604,"MachineName":"Win10","EventData":{"RuleName":"-","UtcTime":"2024-10-11 06:10:08.535","ProcessGuid":"{53968da7-c141-6708-d701-00000000fb00}","ProcessId":"3744","QueryName":"use-application-dns.net","QueryStatus":"0","QueryResults":"35.190.14.201;","Image":"C:\\Program Files\\Mozilla Firefox\\firefox.exe","User":"WIN10\\richard"}}
{"LogSource":"Microsoft-Windows-Sysmon/Operational","EventId":22,"TimeCreated":"2024-10-10T23:10:10.6743190-07:00","RecordId":171605,"MachineName":"Win10","EventData":{"RuleName":"-","UtcTime":"2024-10-11 06:10:08.535","ProcessGuid":"{53968da7-c141-6708-d701-00000000fb00}","ProcessId":"3744","QueryName":"www.youtube-nocookie.com.","QueryStatus":"0","QueryResults":"type:  5 youtube-ui.l.google.com;142.251.33.78;142.250.217.78;142.250.217.110;142.251.215.238;172.217.14.238;142.250.69.206;142.251.33.110;142.251.211.238;","Image":"C:\\Program Files\\Mozilla Firefox\\firefox.exe","User":"WIN10\\richard"}}
{"LogSource":"Microsoft-Windows-Sysmon/Operational","EventId":22,"TimeCreated":"2024-10-10T23:10:10.6755307-07:00","RecordId":171606,"MachineName":"Win10","EventData":{"RuleName":"-","UtcTime":"2024-10-11 06:10:08.539","ProcessGuid":"{53968da7-c141-6708-d701-00000000fb00}","ProcessId":"3744","QueryName":"youtube-ui.l.google.com","QueryStatus":"0","QueryResults":"142.251.211.238;142.251.33.110;142.250.69.206;172.217.14.238;142.251.215.238;142.250.217.110;142.250.217.78;142.251.33.78;","Image":"C:\\Program Files\\Mozilla Firefox\\firefox.exe","User":"WIN10\\richard"}}
{"LogSource":"Microsoft-Windows-Sysmon/Operational","EventId":22,"TimeCreated":"2024-10-10T23:10:10.6767227-07:00","RecordId":171607,"MachineName":"Win10","EventData":{"RuleName":"-","UtcTime":"2024-10-11 06:10:08.539","ProcessGuid":"{53968da7-c141-6708-d701-00000000fb00}","ProcessId":"3744","QueryName":"youtube-ui.l.google.com","QueryStatus":"0","QueryResults":"142.251.211.238;142.251.33.110;142.250.69.206;172.217.14.238;142.251.215.238;142.250.217.110;142.250.217.78;142.251.33.78;","Image":"C:\\Program Files\\Mozilla Firefox\\firefox.exe","User":"WIN10\\richard"}}
{"LogSource":"Microsoft-Windows-Sysmon/Operational","EventId":22,"TimeCreated":"2024-10-10T23:10:10.6779321-07:00","RecordId":171608,"MachineName":"Win10","EventData":{"RuleName":"-","UtcTime":"2024-10-11 06:10:08.541","ProcessGuid":"{53968da7-c141-6708-d701-00000000fb00}","ProcessId":"3744","QueryName":"private.canadianshield.cira.ca","QueryStatus":"0","QueryResults":"2620:10a:80bb::10;2620:10a:80bc::10;::ffff:149.112.122.10;::ffff:149.112.121.10;","Image":"C:\\Program Files\\Mozilla Firefox\\firefox.exe","User":"WIN10\\richard"}}
{"LogSource":"Microsoft-Windows-Sysmon/Operational","EventId":22,"TimeCreated":"2024-10-10T23:10:10.6791377-07:00","RecordId":171609,"MachineName":"Win10","EventData":{"RuleName":"-","UtcTime":"2024-10-11 06:10:08.542","ProcessGuid":"{53968da7-c141-6708-d701-00000000fb00}","ProcessId":"3744","QueryName":"private.canadianshield.cira.ca","QueryStatus":"0","QueryResults":"2620:10a:80bb::10;2620:10a:80bc::10;::ffff:149.112.122.10;::ffff:149.112.121.10;","Image":"C:\\Program Files\\Mozilla Firefox\\firefox.exe","User":"WIN10\\richard"}}
{"LogSource":"Microsoft-Windows-Sysmon/Operational","EventId":22,"TimeCreated":"2024-10-10T23:10:10.6803312-07:00","RecordId":171610,"MachineName":"Win10","EventData":{"RuleName":"-","UtcTime":"2024-10-11 06:10:08.542","ProcessGuid":"{53968da7-c141-6708-d701-00000000fb00}","ProcessId":"3744","QueryName":"private.canadianshield.cira.ca","QueryStatus":"0","QueryResults":"149.112.121.10;149.112.122.10;","Image":"C:\\Program Files\\Mozilla Firefox\\firefox.exe","User":"WIN10\\richard"}}
{"LogSource":"Microsoft-Windows-Sysmon/Operational","EventId":22,"TimeCreated":"2024-10-10T23:10:10.6815472-07:00","RecordId":171611,"MachineName":"Win10","EventData":{"RuleName":"-","UtcTime":"2024-10-11 06:10:08.542","ProcessGuid":"{53968da7-c141-6708-d701-00000000fb00}","ProcessId":"3744","QueryName":"private.canadianshield.cira.ca","QueryStatus":"0","QueryResults":"2620:10a:80bc::10;2620:10a:80bb::10;","Image":"C:\\Program Files\\Mozilla Firefox\\firefox.exe","User":"WIN10\\richard"}}
{"LogSource":"Microsoft-Windows-Sysmon/Operational","EventId":22,"TimeCreated":"2024-10-10T23:10:10.6827541-07:00","RecordId":171612,"MachineName":"Win10","EventData":{"RuleName":"-","UtcTime":"2024-10-11 06:10:08.551","ProcessGuid":"{53968da7-c141-6708-d701-00000000fb00}","ProcessId":"3744","QueryName":"mozilla.cloudflare-dns.com","QueryStatus":"0","QueryResults":"2803:f800:53::4;2a06:98c1:52::4;::ffff:162.159.61.4;::ffff:172.64.41.4;","Image":"C:\\Program Files\\Mozilla Firefox\\firefox.exe","User":"WIN10\\richard"}}
{"LogSource":"Microsoft-Windows-Sysmon/Operational","EventId":22,"TimeCreated":"2024-10-10T23:10:10.6839579-07:00","RecordId":171613,"MachineName":"Win10","EventData":{"RuleName":"-","UtcTime":"2024-10-11 06:10:08.552","ProcessGuid":"{53968da7-c141-6708-d701-00000000fb00}","ProcessId":"3744","QueryName":"mozilla.cloudflare-dns.com","QueryStatus":"0","QueryResults":"2803:f800:53::4;2a06:98c1:52::4;::ffff:162.159.61.4;::ffff:172.64.41.4;","Image":"C:\\Program Files\\Mozilla Firefox\\firefox.exe","User":"WIN10\\richard"}}
{"LogSource":"Microsoft-Windows-Sysmon/Operational","EventId":22,"TimeCreated":"2024-10-10T23:10:10.6851141-07:00","RecordId":171614,"MachineName":"Win10","EventData":{"RuleName":"-","UtcTime":"2024-10-11 06:10:08.557","ProcessGuid":"{53968da7-c141-6708-d701-00000000fb00}","ProcessId":"3744","QueryName":"mozilla.cloudflare-dns.com","QueryStatus":"0","QueryResults":"172.64.41.4;162.159.61.4;","Image":"C:\\Program Files\\Mozilla Firefox\\firefox.exe","User":"WIN10\\richard"}}
{"LogSource":"Microsoft-Windows-Sysmon/Operational","EventId":22,"TimeCreated":"2024-10-10T23:10:10.6863186-07:00","RecordId":171615,"MachineName":"Win10","EventData":{"RuleName":"-","UtcTime":"2024-10-11 06:10:08.562","ProcessGuid":"{53968da7-c141-6708-d701-00000000fb00}","ProcessId":"3744","QueryName":"mozilla.cloudflare-dns.com","QueryStatus":"0","QueryResults":"2a06:98c1:52::4;2803:f800:53::4;","Image":"C:\\Program Files\\Mozilla Firefox\\firefox.exe","User":"WIN10\\richard"}}
{"LogSource":"Microsoft-Windows-Sysmon/Operational","EventId":22,"TimeCreated":"2024-10-10T23:10:10.6875224-07:00","RecordId":171616,"MachineName":"Win10","EventData":{"RuleName":"-","UtcTime":"2024-10-11 06:10:08.600","ProcessGuid":"{53968da7-c141-6708-d701-00000000fb00}","ProcessId":"3744","QueryName":"doh.test.","QueryStatus":"9003","QueryResults":"-","Image":"C:\\Program Files\\Mozilla Firefox\\firefox.exe","User":"WIN10\\richard"}}
{"LogSource":"Microsoft-Windows-Sysmon/Operational","EventId":22,"TimeCreated":"2024-10-10T23:10:10.6887441-07:00","RecordId":171617,"MachineName":"Win10","EventData":{"RuleName":"-","UtcTime":"2024-10-11 06:10:08.922","ProcessGuid":"{53968da7-c141-6708-d701-00000000fb00}","ProcessId":"3744","QueryName":"example.org","QueryStatus":"0","QueryResults":"93.184.215.14;","Image":"C:\\Program Files\\Mozilla Firefox\\firefox.exe","User":"WIN10\\richard"}}
{"LogSource":"Microsoft-Windows-Sysmon/Operational","EventId":22,"TimeCreated":"2024-10-10T23:10:10.6899589-07:00","RecordId":171618,"MachineName":"Win10","EventData":{"RuleName":"-","UtcTime":"2024-10-11 06:10:08.922","ProcessGuid":"{53968da7-c141-6708-d701-00000000fb00}","ProcessId":"3744","QueryName":"example.org","QueryStatus":"0","QueryResults":"2606:2800:21f:cb07:6820:80da:af6b:8b2c;::ffff:93.184.215.14;","Image":"C:\\Program Files\\Mozilla Firefox\\firefox.exe","User":"WIN10\\richard"}}
{"LogSource":"Microsoft-Windows-Sysmon/Operational","EventId":22,"TimeCreated":"2024-10-10T23:10:11.6274278-07:00","RecordId":171619,"MachineName":"Win10","EventData":{"RuleName":"-","UtcTime":"2024-10-11 06:10:08.922","ProcessGuid":"{53968da7-c141-6708-d701-00000000fb00}","ProcessId":"3744","QueryName":"example.org","QueryStatus":"0","QueryResults":"93.184.215.14;","Image":"\u003cunknown process\u003e","User":"WIN10\\richard"}}
{"LogSource":"Microsoft-Windows-Sysmon/Operational","EventId":22,"TimeCreated":"2024-10-10T23:10:11.6282252-07:00","RecordId":171620,"MachineName":"Win10","EventData":{"RuleName":"-","UtcTime":"2024-10-11 06:10:08.922","ProcessGuid":"{53968da7-c141-6708-d701-00000000fb00}","ProcessId":"3744","QueryName":"example.org","QueryStatus":"0","QueryResults":"2606:2800:21f:cb07:6820:80da:af6b:8b2c;::ffff:93.184.215.14;","Image":"\u003cunknown process\u003e","User":"WIN10\\richard"}}
{"LogSource":"Microsoft-Windows-Sysmon/Operational","EventId":22,"TimeCreated":"2024-10-10T23:10:11.6293064-07:00","RecordId":171621,"MachineName":"Win10","EventData":{"RuleName":"-","UtcTime":"2024-10-11 06:10:08.925","ProcessGuid":"{53968da7-c141-6708-d701-00000000fb00}","ProcessId":"3744","QueryName":"example.org","QueryStatus":"0","QueryResults":"93.184.215.14;","Image":"\u003cunknown process\u003e","User":"WIN10\\richard"}}
{"LogSource":"Microsoft-Windows-Sysmon/Operational","EventId":22,"TimeCreated":"2024-10-10T23:10:11.6304413-07:00","RecordId":171622,"MachineName":"Win10","EventData":{"RuleName":"-","UtcTime":"2024-10-11 06:10:08.925","ProcessGuid":"{53968da7-c141-6708-d701-00000000fb00}","ProcessId":"3744","QueryName":"example.org","QueryStatus":"0","QueryResults":"2606:2800:21f:cb07:6820:80da:af6b:8b2c;","Image":"\u003cunknown process\u003e","User":"WIN10\\richard"}}
{"LogSource":"Microsoft-Windows-Sysmon/Operational","EventId":22,"TimeCreated":"2024-10-10T23:10:11.6315021-07:00","RecordId":171623,"MachineName":"Win10","EventData":{"RuleName":"-","UtcTime":"2024-10-11 06:10:08.926","ProcessGuid":"{53968da7-c141-6708-d701-00000000fb00}","ProcessId":"3744","QueryName":"detectportal.firefox.com","QueryStatus":"0","QueryResults":"type:  5 detectportal.prod.mozaws.net;type:  5 prod.detectportal.prod.cloudops.mozgcp.net;2600:1901:0:38d7::;::ffff:34.107.221.82;","Image":"\u003cunknown process\u003e","User":"WIN10\\richard"}}
{"LogSource":"Microsoft-Windows-Sysmon/Operational","EventId":22,"TimeCreated":"2024-10-10T23:10:11.6323755-07:00","RecordId":171624,"MachineName":"Win10","EventData":{"RuleName":"-","UtcTime":"2024-10-11 06:10:08.926","ProcessGuid":"{53968da7-c141-6708-d701-00000000fb00}","ProcessId":"3744","QueryName":"detectportal.firefox.com","QueryStatus":"0","QueryResults":"type:  5 detectportal.prod.mozaws.net;type:  5 prod.detectportal.prod.cloudops.mozgcp.net;2600:1901:0:38d7::;::ffff:34.107.221.82;","Image":"\u003cunknown process\u003e","User":"WIN10\\richard"}}
{"LogSource":"Microsoft-Windows-Sysmon/Operational","EventId":22,"TimeCreated":"2024-10-10T23:10:11.6333072-07:00","RecordId":171625,"MachineName":"Win10","EventData":{"RuleName":"-","UtcTime":"2024-10-11 06:10:08.926","ProcessGuid":"{53968da7-c141-6708-d701-00000000fb00}","ProcessId":"3744","QueryName":"detectportal.firefox.com","QueryStatus":"0","QueryResults":"type:  5 detectportal.prod.mozaws.net;type:  5 prod.detectportal.prod.cloudops.mozgcp.net;2600:1901:0:38d7::;::ffff:34.107.221.82;","Image":"\u003cunknown process\u003e","User":"WIN10\\richard"}}
{"LogSource":"Microsoft-Windows-Sysmon/Operational","EventId":22,"TimeCreated":"2024-10-10T23:10:11.6343358-07:00","RecordId":171626,"MachineName":"Win10","EventData":{"RuleName":"-","UtcTime":"2024-10-11 06:10:08.926","ProcessGuid":"{53968da7-c141-6708-d701-00000000fb00}","ProcessId":"3744","QueryName":"detectportal.firefox.com","QueryStatus":"0","QueryResults":"type:  5 detectportal.prod.mozaws.net;type:  5 prod.detectportal.prod.cloudops.mozgcp.net;2600:1901:0:38d7::;::ffff:34.107.221.82;","Image":"\u003cunknown process\u003e","User":"WIN10\\richard"}}
{"LogSource":"Microsoft-Windows-Sysmon/Operational","EventId":22,"TimeCreated":"2024-10-10T23:10:11.6352780-07:00","RecordId":171627,"MachineName":"Win10","EventData":{"RuleName":"-","UtcTime":"2024-10-11 06:10:08.926","ProcessGuid":"{53968da7-c141-6708-d701-00000000fb00}","ProcessId":"3744","QueryName":"prod.detectportal.prod.cloudops.mozgcp.net","QueryStatus":"0","QueryResults":"34.107.221.82;","Image":"\u003cunknown process\u003e","User":"WIN10\\richard"}}
{"LogSource":"Microsoft-Windows-Sysmon/Operational","EventId":22,"TimeCreated":"2024-10-10T23:10:11.6361561-07:00","RecordId":171628,"MachineName":"Win10","EventData":{"RuleName":"-","UtcTime":"2024-10-11 06:10:08.926","ProcessGuid":"{53968da7-c141-6708-d701-00000000fb00}","ProcessId":"3744","QueryName":"prod.detectportal.prod.cloudops.mozgcp.net","QueryStatus":"0","QueryResults":"2600:1901:0:38d7::;","Image":"\u003cunknown process\u003e","User":"WIN10\\richard"}}
{"LogSource":"Microsoft-Windows-Sysmon/Operational","EventId":22,"TimeCreated":"2024-10-10T23:10:11.6369919-07:00","RecordId":171629,"MachineName":"Win10","EventData":{"RuleName":"-","UtcTime":"2024-10-11 06:10:08.926","ProcessGuid":"{53968da7-c141-6708-d701-00000000fb00}","ProcessId":"3744","QueryName":"prod.detectportal.prod.cloudops.mozgcp.net","QueryStatus":"0","QueryResults":"2600:1901:0:38d7::;","Image":"\u003cunknown process\u003e","User":"WIN10\\richard"}}
