{"LogSource":"Microsoft-Windows-Sysmon/Operational","EventId":1,"TimeCreated":"2024-10-10T23:52:16.6802118-07:00","RecordId":172312,"MachineName":"Win10","EventData":{"RuleName":"-","UtcTime":"2024-10-11 06:52:16.677","ProcessGuid":"{53968da7-cb20-6708-2903-00000000fb00}","ProcessId":"7160","Image":"C:\\Program Files\\Mozilla Firefox\\firefox.exe","FileVersion":"131.0.2","Description":"Firefox","Product":"Firefox","Company":"Mozilla Corporation","OriginalFileName":"firefox.exe","CommandLine":"\"C:\\Program Files\\Mozilla Firefox\\firefox.exe\" -contentproc --channel=5520 -isForBrowser -prefsHandle 5496 -prefMapHandle 5504 -prefsLen 37084 -prefMapSize 263003 -jsInitHandle 1292 -jsInitLen 234840 -parentBuildID 20241008210941 -win32kLockedDown -appDir \"C:\\Program Files\\Mozilla Firefox\\browser\" - {6565b7af-3bef-4b2b-9f3c-95f740e0d671} 6388 \"\\\\.\\pipe\\gecko-crash-server-pipe.6388\" 6 tab","CurrentDirectory":"C:\\Windows\\system32\\","User":"WIN10\\richard","LogonGuid":"{53968da7-b202-6708-c295-020000000000}","LogonId":"0x295c2","TerminalSessionId":"1","IntegrityLevel":"Low","Hashes":"MD5=571814A7939D001662BBA7760BD0B187,SHA256=9725AFC685C8EE135701E140A83B94FE7D958360A1F546215F7EAFDFF5E53A83,IMPHASH=BB4CE52E8306F88C0B1DA570553704E4","ParentProcessGuid":"{53968da7-cb1f-6708-2303-00000000fb00}","ParentProcessId":"6388","ParentImage":"C:\\Program Files\\Mozilla Firefox\\firefox.exe","ParentCommandLine":"\"C:\\Program Files\\Mozilla Firefox\\firefox.exe\" https://www.reddit.com","ParentUser":"WIN10\\richard"}}
{"LogSource":"Microsoft-Windows-Sysmon/Operational","EventId":1,"TimeCreated":"2024-10-10T23:52:16.8659360-07:00","RecordId":172314,"MachineName":"Win10","EventData":{"RuleName":"-","UtcTime":"2024-10-11 06:52:16.853","ProcessGuid":"{53968da7-cb20-6708-2b03-00000000fb00}","ProcessId":"2476","Image":"C:\\Program Files\\Mozilla Firefox\\firefox.exe","FileVersion":"131.0.2","Description":"Firefox","Product":"Firefox","Company":"Mozilla Corporation","OriginalFileName":"firefox.exe","CommandLine":"\"C:\\Program Files\\Mozilla Firefox\\firefox.exe\" -contentproc --channel=5948 -isForBrowser -prefsHandle 6140 -prefMapHandle 6132 -prefsLen 33637 -prefMapSize 263003 -jsInitHandle 1292 -jsInitLen 234840 -parentBuildID 20241008210941 -win32kLockedDown -appDir \"C:\\Program Files\\Mozilla Firefox\\browser\" - {d017e33c-83f8-41b2-af34-1891b4027160} 6388 \"\\\\.\\pipe\\gecko-crash-server-pipe.6388\" 8 tab","CurrentDirectory":"C:\\Windows\\system32\\","User":"WIN10\\richard","LogonGuid":"{53968da7-b202-6708-c295-020000000000}","LogonId":"0x295c2","TerminalSessionId":"1","IntegrityLevel":"Low","Hashes":"MD5=571814A7939D001662BBA7760BD0B187,SHA256=9725AFC685C8EE135701E140A83B94FE7D958360A1F546215F7EAFDFF5E53A83,IMPHASH=BB4CE52E8306F88C0B1DA570553704E4","ParentProcessGuid":"{53968da7-cb1f-6708-2303-00000000fb00}","ParentProcessId":"6388","ParentImage":"C:\\Program Files\\Mozilla Firefox\\firefox.exe","ParentCommandLine":"\"C:\\Program Files\\Mozilla Firefox\\firefox.exe\" https://www.reddit.com","ParentUser":"WIN10\\richard"}}
{"LogSource":"Microsoft-Windows-Sysmon/Operational","EventId":1,"TimeCreated":"2024-10-10T23:52:16.8678263-07:00","RecordId":172315,"MachineName":"Win10","EventData":{"RuleName":"-","UtcTime":"2024-10-11 06:52:16.865","ProcessGuid":"{53968da7-cb20-6708-2c03-00000000fb00}","ProcessId":"1648","Image":"C:\\Program Files\\Mozilla Firefox\\firefox.exe","FileVersion":"131.0.2","Description":"Firefox","Product":"Firefox","Company":"Mozilla Corporation","OriginalFileName":"firefox.exe","CommandLine":"\"C:\\Program Files\\Mozilla Firefox\\firefox.exe\" -contentproc --channel=6360 -isForBrowser -prefsHandle 6160 -prefMapHandle 6264 -prefsLen 33637 -prefMapSize 263003 -jsInitHandle 1292 -jsInitLen 234840 -parentBuildID 20241008210941 -win32kLockedDown -appDir \"C:\\Program Files\\Mozilla Firefox\\browser\" - {5f5f7149-f037-4e13-a345-36a56e763c37} 6388 \"\\\\.\\pipe\\gecko-crash-server-pipe.6388\" 9 tab","CurrentDirectory":"C:\\Windows\\system32\\","User":"WIN10\\richard","LogonGuid":"{53968da7-b202-6708-c295-020000000000}","LogonId":"0x295c2","TerminalSessionId":"1","IntegrityLevel":"Low","Hashes":"MD5=571814A7939D001662BBA7760BD0B187,SHA256=9725AFC685C8EE135701E140A83B94FE7D958360A1F546215F7EAFDFF5E53A83,IMPHASH=BB4CE52E8306F88C0B1DA570553704E4","ParentProcessGuid":"{53968da7-cb1f-6708-2303-00000000fb00}","ParentProcessId":"6388","ParentImage":"C:\\Program Files\\Mozilla Firefox\\firefox.exe","ParentCommandLine":"\"C:\\Program Files\\Mozilla Firefox\\firefox.exe\" https://www.reddit.com","ParentUser":"WIN10\\richard"}}
{"LogSource":"Microsoft-Windows-Sysmon/Operational","EventId":22,"TimeCreated":"2024-10-10T23:52:17.0040944-07:00","RecordId":172316,"MachineName":"Win10","EventData":{"RuleName":"-","UtcTime":"2024-10-11 06:52:14.758","ProcessGuid":"{53968da7-cb1f-6708-2303-00000000fb00}","ProcessId":"6388","QueryName":"detectportal.firefox.com","QueryStatus":"0","QueryResults":"type:  5 detectportal.prod.mozaws.net;type:  5 prod.detectportal.prod.cloudops.mozgcp.net;2600:1901:0:38d7::;::ffff:34.107.221.82;","Image":"C:\\Program Files\\Mozilla Firefox\\firefox.exe","User":"WIN10\\richard"}}
{"LogSource":"Microsoft-Windows-Sysmon/Operational","EventId":22,"TimeCreated":"2024-10-10T23:52:17.0066408-07:00","RecordId":172317,"MachineName":"Win10","EventData":{"RuleName":"-","UtcTime":"2024-10-11 06:52:14.759","ProcessGuid":"{53968da7-cb1f-6708-2303-00000000fb00}","ProcessId":"6388","QueryName":"detectportal.firefox.com","QueryStatus":"0","QueryResults":"type:  5 detectportal.prod.mozaws.net;type:  5 prod.detectportal.prod.cloudops.mozgcp.net;2600:1901:0:38d7::;::ffff:34.107.221.82;","Image":"C:\\Program Files\\Mozilla Firefox\\firefox.exe","User":"WIN10\\richard"}}
{"LogSource":"Microsoft-Windows-Sysmon/Operational","EventId":22,"TimeCreated":"2024-10-10T23:52:17.0078243-07:00","RecordId":172318,"MachineName":"Win10","EventData":{"RuleName":"-","UtcTime":"2024-10-11 06:52:14.760","ProcessGuid":"{53968da7-cb1f-6708-2303-00000000fb00}","ProcessId":"6388","QueryName":"prod.detectportal.prod.cloudops.mozgcp.net","QueryStatus":"0","QueryResults":"34.107.221.82;","Image":"C:\\Program Files\\Mozilla Firefox\\firefox.exe","User":"WIN10\\richard"}}
{"LogSource":"Microsoft-Windows-Sysmon/Operational","EventId":22,"TimeCreated":"2024-10-10T23:52:17.0089245-07:00","RecordId":172319,"MachineName":"Win10","EventData":{"RuleName":"-","UtcTime":"2024-10-11 06:52:14.760","ProcessGuid":"{53968da7-cb1f-6708-2303-00000000fb00}","ProcessId":"6388","QueryName":"prod.detectportal.prod.cloudops.mozgcp.net","QueryStatus":"0","QueryResults":"2600:1901:0:38d7::;","Image":"C:\\Program Files\\Mozilla Firefox\\firefox.exe","User":"WIN10\\richard"}}
{"LogSource":"Microsoft-Windows-Sysmon/Operational","EventId":22,"TimeCreated":"2024-10-10T23:52:17.0101386-07:00","RecordId":172320,"MachineName":"Win10","EventData":{"RuleName":"-","UtcTime":"2024-10-11 06:52:14.790","ProcessGuid":"{53968da7-cb1f-6708-2303-00000000fb00}","ProcessId":"6388","QueryName":"private.canadianshield.cira.ca","QueryStatus":"0","QueryResults":"2620:10a:80bb::10;2620:10a:80bc::10;::ffff:149.112.122.10;::ffff:149.112.121.10;","Image":"C:\\Program Files\\Mozilla Firefox\\firefox.exe","User":"WIN10\\richard"}}
{"LogSource":"Microsoft-Windows-Sysmon/Operational","EventId":22,"TimeCreated":"2024-10-10T23:52:17.0112906-07:00","RecordId":172321,"MachineName":"Win10","EventData":{"RuleName":"-","UtcTime":"2024-10-11 06:52:14.791","ProcessGuid":"{53968da7-cb1f-6708-2303-00000000fb00}","ProcessId":"6388","QueryName":"private.canadianshield.cira.ca","QueryStatus":"0","QueryResults":"2620:10a:80bb::10;2620:10a:80bc::10;::ffff:149.112.122.10;::ffff:149.112.121.10;","Image":"C:\\Program Files\\Mozilla Firefox\\firefox.exe","User":"WIN10\\richard"}}
{"LogSource":"Microsoft-Windows-Sysmon/Operational","EventId":22,"TimeCreated":"2024-10-10T23:52:17.0124811-07:00","RecordId":172322,"MachineName":"Win10","EventData":{"RuleName":"-","UtcTime":"2024-10-11 06:52:14.791","ProcessGuid":"{53968da7-cb1f-6708-2303-00000000fb00}","ProcessId":"6388","QueryName":"private.canadianshield.cira.ca","QueryStatus":"0","QueryResults":"149.112.121.10;149.112.122.10;","Image":"C:\\Program Files\\Mozilla Firefox\\firefox.exe","User":"WIN10\\richard"}}
{"LogSource":"Microsoft-Windows-Sysmon/Operational","EventId":22,"TimeCreated":"2024-10-10T23:52:17.0136651-07:00","RecordId":172323,"MachineName":"Win10","EventData":{"RuleName":"-","UtcTime":"2024-10-11 06:52:14.791","ProcessGuid":"{53968da7-cb1f-6708-2303-00000000fb00}","ProcessId":"6388","QueryName":"private.canadianshield.cira.ca","QueryStatus":"0","QueryResults":"2620:10a:80bc::10;2620:10a:80bb::10;","Image":"C:\\Program Files\\Mozilla Firefox\\firefox.exe","User":"WIN10\\richard"}}
{"LogSource":"Microsoft-Windows-Sysmon/Operational","EventId":22,"TimeCreated":"2024-10-10T23:52:17.0148370-07:00","RecordId":172324,"MachineName":"Win10","EventData":{"RuleName":"-","UtcTime":"2024-10-11 06:52:14.810","ProcessGuid":"{53968da7-cb1f-6708-2303-00000000fb00}","ProcessId":"6388","QueryName":"example.org","QueryStatus":"0","QueryResults":"93.184.215.14;","Image":"C:\\Program Files\\Mozilla Firefox\\firefox.exe","User":"WIN10\\richard"}}
{"LogSource":"Microsoft-Windows-Sysmon/Operational","EventId":22,"TimeCreated":"2024-10-10T23:52:17.0159922-07:00","RecordId":172325,"MachineName":"Win10","EventData":{"RuleName":"-","UtcTime":"2024-10-11 06:52:14.810","ProcessGuid":"{53968da7-cb1f-6708-2303-00000000fb00}","ProcessId":"6388","QueryName":"example.org","QueryStatus":"0","QueryResults":"2606:2800:21f:cb07:6820:80da:af6b:8b2c;::ffff:93.184.215.14;","Image":"C:\\Program Files\\Mozilla Firefox\\firefox.exe","User":"WIN10\\richard"}}
{"LogSource":"Microsoft-Windows-Sysmon/Operational","EventId":22,"TimeCreated":"2024-10-10T23:52:17.0171817-07:00","RecordId":172326,"MachineName":"Win10","EventData":{"RuleName":"-","UtcTime":"2024-10-11 06:52:14.811","ProcessGuid":"{53968da7-cb1f-6708-2303-00000000fb00}","ProcessId":"6388","QueryName":"example.org","QueryStatus":"0","QueryResults":"93.184.215.14;","Image":"C:\\Program Files\\Mozilla Firefox\\firefox.exe","User":"WIN10\\richard"}}
{"LogSource":"Microsoft-Windows-Sysmon/Operational","EventId":22,"TimeCreated":"2024-10-10T23:52:17.0183443-07:00","RecordId":172327,"MachineName":"Win10","EventData":{"RuleName":"-","UtcTime":"2024-10-11 06:52:14.811","ProcessGuid":"{53968da7-cb1f-6708-2303-00000000fb00}","ProcessId":"6388","QueryName":"example.org","QueryStatus":"0","QueryResults":"93.184.215.14;","Image":"C:\\Program Files\\Mozilla Firefox\\firefox.exe","User":"WIN10\\richard"}}
{"LogSource":"Microsoft-Windows-Sysmon/Operational","EventId":22,"TimeCreated":"2024-10-10T23:52:17.0196170-07:00","RecordId":172328,"MachineName":"Win10","EventData":{"RuleName":"-","UtcTime":"2024-10-11 06:52:14.811","ProcessGuid":"{53968da7-cb1f-6708-2303-00000000fb00}","ProcessId":"6388","QueryName":"example.org","QueryStatus":"0","QueryResults":"2606:2800:21f:cb07:6820:80da:af6b:8b2c;::ffff:93.184.215.14;","Image":"C:\\Program Files\\Mozilla Firefox\\firefox.exe","User":"WIN10\\richard"}}
{"LogSource":"Microsoft-Windows-Sysmon/Operational","EventId":22,"TimeCreated":"2024-10-10T23:52:17.0207739-07:00","RecordId":172329,"MachineName":"Win10","EventData":{"RuleName":"-","UtcTime":"2024-10-11 06:52:14.816","ProcessGuid":"{53968da7-cb1f-6708-2303-00000000fb00}","ProcessId":"6388","QueryName":"example.org","QueryStatus":"0","QueryResults":"2606:2800:21f:cb07:6820:80da:af6b:8b2c;","Image":"C:\\Program Files\\Mozilla Firefox\\firefox.exe","User":"WIN10\\richard"}}
{"LogSource":"Microsoft-Windows-Sysmon/Operational","EventId":22,"TimeCreated":"2024-10-10T23:52:17.0219060-07:00","RecordId":172330,"MachineName":"Win10","EventData":{"RuleName":"-","UtcTime":"2024-10-11 06:52:14.946","ProcessGuid":"{53968da7-cb1f-6708-2303-00000000fb00}","ProcessId":"6388","QueryName":"forcesafesearch.google.com.","QueryStatus":"0","QueryResults":"216.239.38.120;","Image":"C:\\Program Files\\Mozilla Firefox\\firefox.exe","User":"WIN10\\richard"}}
{"LogSource":"Microsoft-Windows-Sysmon/Operational","EventId":22,"TimeCreated":"2024-10-10T23:52:17.0230258-07:00","RecordId":172331,"MachineName":"Win10","EventData":{"RuleName":"-","UtcTime":"2024-10-11 06:52:14.946","ProcessGuid":"{53968da7-cb1f-6708-2303-00000000fb00}","ProcessId":"6388","QueryName":"forcesafesearch.google.com.","QueryStatus":"0","QueryResults":"216.239.38.120;","Image":"C:\\Program Files\\Mozilla Firefox\\firefox.exe","User":"WIN10\\richard"}}
{"LogSource":"Microsoft-Windows-Sysmon/Operational","EventId":22,"TimeCreated":"2024-10-10T23:52:17.0241727-07:00","RecordId":172332,"MachineName":"Win10","EventData":{"RuleName":"-","UtcTime":"2024-10-11 06:52:14.946","ProcessGuid":"{53968da7-cb1f-6708-2303-00000000fb00}","ProcessId":"6388","QueryName":"forcesafesearch.google.com","QueryStatus":"0","QueryResults":"216.239.38.120;","Image":"C:\\Program Files\\Mozilla Firefox\\firefox.exe","User":"WIN10\\richard"}}
{"LogSource":"Microsoft-Windows-Sysmon/Operational","EventId":22,"TimeCreated":"2024-10-10T23:52:17.0252853-07:00","RecordId":172333,"MachineName":"Win10","EventData":{"RuleName":"-","UtcTime":"2024-10-11 06:52:14.947","ProcessGuid":"{53968da7-cb1f-6708-2303-00000000fb00}","ProcessId":"6388","QueryName":"restrict.youtube.com.","QueryStatus":"0","QueryResults":"216.239.38.120;","Image":"C:\\Program Files\\Mozilla Firefox\\firefox.exe","User":"WIN10\\richard"}}
{"LogSource":"Microsoft-Windows-Sysmon/Operational","EventId":22,"TimeCreated":"2024-10-10T23:52:17.0264305-07:00","RecordId":172334,"MachineName":"Win10","EventData":{"RuleName":"-","UtcTime":"2024-10-11 06:52:14.947","ProcessGuid":"{53968da7-cb1f-6708-2303-00000000fb00}","ProcessId":"6388","QueryName":"restrictmoderate.youtube.com.","QueryStatus":"0","QueryResults":"216.239.38.119;","Image":"C:\\Program Files\\Mozilla Firefox\\firefox.exe","User":"WIN10\\richard"}}
{"LogSource":"Microsoft-Windows-Sysmon/Operational","EventId":22,"TimeCreated":"2024-10-10T23:52:17.0298630-07:00","RecordId":172337,"MachineName":"Win10","EventData":{"RuleName":"-","UtcTime":"2024-10-11 06:52:14.947","ProcessGuid":"{53968da7-cb1f-6708-2303-00000000fb00}","ProcessId":"6388","QueryName":"restrictmoderate.youtube.com.","QueryStatus":"0","QueryResults":"216.239.38.119;","Image":"C:\\Program Files\\Mozilla Firefox\\firefox.exe","User":"WIN10\\richard"}}
{"LogSource":"Microsoft-Windows-Sysmon/Operational","EventId":22,"TimeCreated":"2024-10-10T23:52:17.0275832-07:00","RecordId":172335,"MachineName":"Win10","EventData":{"RuleName":"-","UtcTime":"2024-10-11 06:52:14.947","ProcessGuid":"{53968da7-cb1f-6708-2303-00000000fb00}","ProcessId":"6388","QueryName":"sitereview.zscaler.com.","QueryStatus":"0","QueryResults":"104.129.193.93;","Image":"C:\\Program Files\\Mozilla Firefox\\firefox.exe","User":"WIN10\\richard"}}
{"LogSource":"Microsoft-Windows-Sysmon/Operational","EventId":22,"TimeCreated":"2024-10-10T23:52:17.0309697-07:00","RecordId":172338,"MachineName":"Win10","EventData":{"RuleName":"-","UtcTime":"2024-10-11 06:52:14.947","ProcessGuid":"{53968da7-cb1f-6708-2303-00000000fb00}","ProcessId":"6388","QueryName":"restrict.youtube.com","QueryStatus":"0","QueryResults":"216.239.38.120;","Image":"C:\\Program Files\\Mozilla Firefox\\firefox.exe","User":"WIN10\\richard"}}
{"LogSource":"Microsoft-Windows-Sysmon/Operational","EventId":22,"TimeCreated":"2024-10-10T23:52:17.0321045-07:00","RecordId":172339,"MachineName":"Win10","EventData":{"RuleName":"-","UtcTime":"2024-10-11 06:52:14.948","ProcessGuid":"{53968da7-cb1f-6708-2303-00000000fb00}","ProcessId":"6388","QueryName":"restrictmoderate.youtube.com","QueryStatus":"0","QueryResults":"216.239.38.119;","Image":"C:\\Program Files\\Mozilla Firefox\\firefox.exe","User":"WIN10\\richard"}}
{"LogSource":"Microsoft-Windows-Sysmon/Operational","EventId":22,"TimeCreated":"2024-10-10T23:52:17.0333096-07:00","RecordId":172340,"MachineName":"Win10","EventData":{"RuleName":"-","UtcTime":"2024-10-11 06:52:14.948","ProcessGuid":"{53968da7-cb1f-6708-2303-00000000fb00}","ProcessId":"6388","QueryName":"sitereview.zscaler.com.","QueryStatus":"0","QueryResults":"104.129.193.93;","Image":"C:\\Program Files\\Mozilla Firefox\\firefox.exe","User":"WIN10\\richard"}}
{"LogSource":"Microsoft-Windows-Sysmon/Operational","EventId":22,"TimeCreated":"2024-10-10T23:52:17.0345214-07:00","RecordId":172341,"MachineName":"Win10","EventData":{"RuleName":"-","UtcTime":"2024-10-11 06:52:14.948","ProcessGuid":"{53968da7-cb1f-6708-2303-00000000fb00}","ProcessId":"6388","QueryName":"sitereview.zscaler.com","QueryStatus":"0","QueryResults":"104.129.193.93;","Image":"C:\\Program Files\\Mozilla Firefox\\firefox.exe","User":"WIN10\\richard"}}
{"LogSource":"Microsoft-Windows-Sysmon/Operational","EventId":22,"TimeCreated":"2024-10-10T23:52:17.0287306-07:00","RecordId":172336,"MachineName":"Win10","EventData":{"RuleName":"-","UtcTime":"2024-10-11 06:52:14.947","ProcessGuid":"{53968da7-cb1f-6708-2303-00000000fb00}","ProcessId":"6388","QueryName":"restrict.youtube.com.","QueryStatus":"0","QueryResults":"216.239.38.120;","Image":"C:\\Program Files\\Mozilla Firefox\\firefox.exe","User":"WIN10\\richard"}}
{"LogSource":"Microsoft-Windows-Sysmon/Operational","EventId":22,"TimeCreated":"2024-10-10T23:52:17.0356507-07:00","RecordId":172342,"MachineName":"Win10","EventData":{"RuleName":"-","UtcTime":"2024-10-11 06:52:14.950","ProcessGuid":"{53968da7-cb1f-6708-2303-00000000fb00}","ProcessId":"6388","QueryName":"www.google.com.","QueryStatus":"0","QueryResults":"172.217.14.228;","Image":"C:\\Program Files\\Mozilla Firefox\\firefox.exe","User":"WIN10\\richard"}}
{"LogSource":"Microsoft-Windows-Sysmon/Operational","EventId":22,"TimeCreated":"2024-10-10T23:52:17.0367679-07:00","RecordId":172343,"MachineName":"Win10","EventData":{"RuleName":"-","UtcTime":"2024-10-11 06:52:14.950","ProcessGuid":"{53968da7-cb1f-6708-2303-00000000fb00}","ProcessId":"6388","QueryName":"www.google.com.","QueryStatus":"0","QueryResults":"172.217.14.228;","Image":"C:\\Program Files\\Mozilla Firefox\\firefox.exe","User":"WIN10\\richard"}}
{"LogSource":"Microsoft-Windows-Sysmon/Operational","EventId":22,"TimeCreated":"2024-10-10T23:52:17.0378950-07:00","RecordId":172344,"MachineName":"Win10","EventData":{"RuleName":"-","UtcTime":"2024-10-11 06:52:14.951","ProcessGuid":"{53968da7-cb1f-6708-2303-00000000fb00}","ProcessId":"6388","QueryName":"www.google.com","QueryStatus":"0","QueryResults":"172.217.14.228;","Image":"C:\\Program Files\\Mozilla Firefox\\firefox.exe","User":"WIN10\\richard"}}
{"LogSource":"Microsoft-Windows-Sysmon/Operational","EventId":22,"TimeCreated":"2024-10-10T23:52:17.0401740-07:00","RecordId":172346,"MachineName":"Win10","EventData":{"RuleName":"-","UtcTime":"2024-10-11 06:52:14.956","ProcessGuid":"{53968da7-cb1f-6708-2303-00000000fb00}","ProcessId":"6388","QueryName":"private.canadianshield.cira.ca","QueryStatus":"0","QueryResults":"2620:10a:80bb::10;2620:10a:80bc::10;::ffff:149.112.122.10;::ffff:149.112.121.10;","Image":"C:\\Program Files\\Mozilla Firefox\\firefox.exe","User":"WIN10\\richard"}}
{"LogSource":"Microsoft-Windows-Sysmon/Operational","EventId":22,"TimeCreated":"2024-10-10T23:52:17.0412893-07:00","RecordId":172347,"MachineName":"Win10","EventData":{"RuleName":"-","UtcTime":"2024-10-11 06:52:14.956","ProcessGuid":"{53968da7-cb1f-6708-2303-00000000fb00}","ProcessId":"6388","QueryName":"private.canadianshield.cira.ca","QueryStatus":"0","QueryResults":"149.112.121.10;149.112.122.10;","Image":"C:\\Program Files\\Mozilla Firefox\\firefox.exe","User":"WIN10\\richard"}}
{"LogSource":"Microsoft-Windows-Sysmon/Operational","EventId":22,"TimeCreated":"2024-10-10T23:52:17.0424296-07:00","RecordId":172348,"MachineName":"Win10","EventData":{"RuleName":"-","UtcTime":"2024-10-11 06:52:14.957","ProcessGuid":"{53968da7-cb1f-6708-2303-00000000fb00}","ProcessId":"6388","QueryName":"private.canadianshield.cira.ca","QueryStatus":"0","QueryResults":"2620:10a:80bc::10;2620:10a:80bb::10;","Image":"C:\\Program Files\\Mozilla Firefox\\firefox.exe","User":"WIN10\\richard"}}
{"LogSource":"Microsoft-Windows-Sysmon/Operational","EventId":22,"TimeCreated":"2024-10-10T23:52:17.0435569-07:00","RecordId":172349,"MachineName":"Win10","EventData":{"RuleName":"-","UtcTime":"2024-10-11 06:52:14.957","ProcessGuid":"{53968da7-cb1f-6708-2303-00000000fb00}","ProcessId":"6388","QueryName":"m.youtube.com.","QueryStatus":"0","QueryResults":"142.250.217.78;","Image":"C:\\Program Files\\Mozilla Firefox\\firefox.exe","User":"WIN10\\richard"}}
{"LogSource":"Microsoft-Windows-Sysmon/Operational","EventId":22,"TimeCreated":"2024-10-10T23:52:17.0447001-07:00","RecordId":172350,"MachineName":"Win10","EventData":{"RuleName":"-","UtcTime":"2024-10-11 06:52:14.957","ProcessGuid":"{53968da7-cb1f-6708-2303-00000000fb00}","ProcessId":"6388","QueryName":"youtube.googleapis.com.","QueryStatus":"0","QueryResults":"142.251.215.234;172.217.14.202;172.217.14.234;142.250.69.202;142.251.33.106;142.251.211.234;142.251.33.74;142.250.217.74;142.250.217.106;","Image":"C:\\Program Files\\Mozilla Firefox\\firefox.exe","User":"WIN10\\richard"}}
{"LogSource":"Microsoft-Windows-Sysmon/Operational","EventId":22,"TimeCreated":"2024-10-10T23:52:17.0458122-07:00","RecordId":172351,"MachineName":"Win10","EventData":{"RuleName":"-","UtcTime":"2024-10-11 06:52:14.958","ProcessGuid":"{53968da7-cb1f-6708-2303-00000000fb00}","ProcessId":"6388","QueryName":"m.youtube.com.","QueryStatus":"0","QueryResults":"142.250.217.78;","Image":"C:\\Program Files\\Mozilla Firefox\\firefox.exe","User":"WIN10\\richard"}}
{"LogSource":"Microsoft-Windows-Sysmon/Operational","EventId":22,"TimeCreated":"2024-10-10T23:52:17.0469575-07:00","RecordId":172352,"MachineName":"Win10","EventData":{"RuleName":"-","UtcTime":"2024-10-11 06:52:14.958","ProcessGuid":"{53968da7-cb1f-6708-2303-00000000fb00}","ProcessId":"6388","QueryName":"youtube.googleapis.com.","QueryStatus":"0","QueryResults":"142.251.215.234;172.217.14.202;172.217.14.234;142.250.69.202;142.251.33.106;142.251.211.234;142.251.33.74;142.250.217.74;142.250.217.106;","Image":"C:\\Program Files\\Mozilla Firefox\\firefox.exe","User":"WIN10\\richard"}}
{"LogSource":"Microsoft-Windows-Sysmon/Operational","EventId":22,"TimeCreated":"2024-10-10T23:52:17.0481486-07:00","RecordId":172353,"MachineName":"Win10","EventData":{"RuleName":"-","UtcTime":"2024-10-11 06:52:14.958","ProcessGuid":"{53968da7-cb1f-6708-2303-00000000fb00}","ProcessId":"6388","QueryName":"m.youtube.com","QueryStatus":"0","QueryResults":"142.250.217.78;","Image":"C:\\Program Files\\Mozilla Firefox\\firefox.exe","User":"WIN10\\richard"}}
{"LogSource":"Microsoft-Windows-Sysmon/Operational","EventId":22,"TimeCreated":"2024-10-10T23:52:17.0494048-07:00","RecordId":172354,"MachineName":"Win10","EventData":{"RuleName":"-","UtcTime":"2024-10-11 06:52:14.958","ProcessGuid":"{53968da7-cb1f-6708-2303-00000000fb00}","ProcessId":"6388","QueryName":"youtube.googleapis.com","QueryStatus":"0","QueryResults":"142.251.215.234;172.217.14.202;172.217.14.234;142.250.69.202;142.251.33.106;142.251.211.234;142.251.33.74;142.250.217.74;142.250.217.106;","Image":"C:\\Program Files\\Mozilla Firefox\\firefox.exe","User":"WIN10\\richard"}}
{"LogSource":"Microsoft-Windows-Sysmon/Operational","EventId":22,"TimeCreated":"2024-10-10T23:52:17.0505334-07:00","RecordId":172355,"MachineName":"Win10","EventData":{"RuleName":"-","UtcTime":"2024-10-11 06:52:14.958","ProcessGuid":"{53968da7-cb1f-6708-2303-00000000fb00}","ProcessId":"6388","QueryName":"youtubei.googleapis.com.","QueryStatus":"0","QueryResults":"142.251.33.106;142.251.211.234;142.251.33.74;142.250.217.74;142.250.217.106;142.251.215.234;172.217.14.202;142.250.69.202;","Image":"C:\\Program Files\\Mozilla Firefox\\firefox.exe","User":"WIN10\\richard"}}
{"LogSource":"Microsoft-Windows-Sysmon/Operational","EventId":22,"TimeCreated":"2024-10-10T23:52:17.0517044-07:00","RecordId":172356,"MachineName":"Win10","EventData":{"RuleName":"-","UtcTime":"2024-10-11 06:52:14.959","ProcessGuid":"{53968da7-cb1f-6708-2303-00000000fb00}","ProcessId":"6388","QueryName":"use-application-dns.net.","QueryStatus":"0","QueryResults":"35.190.14.201;","Image":"C:\\Program Files\\Mozilla Firefox\\firefox.exe","User":"WIN10\\richard"}}
{"LogSource":"Microsoft-Windows-Sysmon/Operational","EventId":22,"TimeCreated":"2024-10-10T23:52:17.0528647-07:00","RecordId":172357,"MachineName":"Win10","EventData":{"RuleName":"-","UtcTime":"2024-10-11 06:52:14.959","ProcessGuid":"{53968da7-cb1f-6708-2303-00000000fb00}","ProcessId":"6388","QueryName":"www.youtube-nocookie.com.","QueryStatus":"0","QueryResults":"type:  5 youtube-ui.l.google.com;142.250.217.110;142.251.215.238;172.217.14.206;142.250.69.206;142.251.33.110;142.251.211.238;142.251.33.78;142.250.217.78;","Image":"C:\\Program Files\\Mozilla Firefox\\firefox.exe","User":"WIN10\\richard"}}
{"LogSource":"Microsoft-Windows-Sysmon/Operational","EventId":22,"TimeCreated":"2024-10-10T23:52:17.0540260-07:00","RecordId":172358,"MachineName":"Win10","EventData":{"RuleName":"-","UtcTime":"2024-10-11 06:52:14.959","ProcessGuid":"{53968da7-cb1f-6708-2303-00000000fb00}","ProcessId":"6388","QueryName":"youtubei.googleapis.com.","QueryStatus":"0","QueryResults":"142.251.33.106;142.251.211.234;142.251.33.74;142.250.217.74;142.250.217.106;142.251.215.234;172.217.14.202;142.250.69.202;","Image":"C:\\Program Files\\Mozilla Firefox\\firefox.exe","User":"WIN10\\richard"}}
{"LogSource":"Microsoft-Windows-Sysmon/Operational","EventId":22,"TimeCreated":"2024-10-10T23:52:17.0551345-07:00","RecordId":172359,"MachineName":"Win10","EventData":{"RuleName":"-","UtcTime":"2024-10-11 06:52:14.959","ProcessGuid":"{53968da7-cb1f-6708-2303-00000000fb00}","ProcessId":"6388","QueryName":"google.com.","QueryStatus":"0","QueryResults":"142.251.211.238;","Image":"C:\\Program Files\\Mozilla Firefox\\firefox.exe","User":"WIN10\\richard"}}
{"LogSource":"Microsoft-Windows-Sysmon/Operational","EventId":22,"TimeCreated":"2024-10-10T23:52:17.0562708-07:00","RecordId":172360,"MachineName":"Win10","EventData":{"RuleName":"-","UtcTime":"2024-10-11 06:52:14.959","ProcessGuid":"{53968da7-cb1f-6708-2303-00000000fb00}","ProcessId":"6388","QueryName":"www.youtube.com.","QueryStatus":"0","QueryResults":"type:  5 youtube-ui.l.google.com;142.251.211.238;142.251.33.78;142.250.217.78;142.250.217.110;142.251.215.238;172.217.14.238;142.250.69.206;142.251.33.110;","Image":"C:\\Program Files\\Mozilla Firefox\\firefox.exe","User":"WIN10\\richard"}}
{"LogSource":"Microsoft-Windows-Sysmon/Operational","EventId":22,"TimeCreated":"2024-10-10T23:52:17.0574296-07:00","RecordId":172361,"MachineName":"Win10","EventData":{"RuleName":"-","UtcTime":"2024-10-11 06:52:14.959","ProcessGuid":"{53968da7-cb1f-6708-2303-00000000fb00}","ProcessId":"6388","QueryName":"use-application-dns.net.","QueryStatus":"0","QueryResults":"35.190.14.201;","Image":"C:\\Program Files\\Mozilla Firefox\\firefox.exe","User":"WIN10\\richard"}}
{"LogSource":"Microsoft-Windows-Sysmon/Operational","EventId":22,"TimeCreated":"2024-10-10T23:52:17.0597588-07:00","RecordId":172363,"MachineName":"Win10","EventData":{"RuleName":"-","UtcTime":"2024-10-11 06:52:14.960","ProcessGuid":"{53968da7-cb1f-6708-2303-00000000fb00}","ProcessId":"6388","QueryName":"google.com.","QueryStatus":"0","QueryResults":"142.251.211.238;","Image":"C:\\Program Files\\Mozilla Firefox\\firefox.exe","User":"WIN10\\richard"}}
{"LogSource":"Microsoft-Windows-Sysmon/Operational","EventId":22,"TimeCreated":"2024-10-10T23:52:17.0609299-07:00","RecordId":172364,"MachineName":"Win10","EventData":{"RuleName":"-","UtcTime":"2024-10-11 06:52:14.960","ProcessGuid":"{53968da7-cb1f-6708-2303-00000000fb00}","ProcessId":"6388","QueryName":"youtubei.googleapis.com","QueryStatus":"0","QueryResults":"142.251.33.106;142.251.211.234;142.251.33.74;142.250.217.74;142.250.217.106;142.251.215.234;172.217.14.202;142.250.69.202;","Image":"C:\\Program Files\\Mozilla Firefox\\firefox.exe","User":"WIN10\\richard"}}
{"LogSource":"Microsoft-Windows-Sysmon/Operational","EventId":22,"TimeCreated":"2024-10-10T23:52:17.0621083-07:00","RecordId":172365,"MachineName":"Win10","EventData":{"RuleName":"-","UtcTime":"2024-10-11 06:52:14.960","ProcessGuid":"{53968da7-cb1f-6708-2303-00000000fb00}","ProcessId":"6388","QueryName":"www.youtube.com.","QueryStatus":"0","QueryResults":"type:  5 youtube-ui.l.google.com;142.251.211.238;142.251.33.78;142.250.217.78;142.250.217.110;142.251.215.238;172.217.14.238;142.250.69.206;142.251.33.110;","Image":"C:\\Program Files\\Mozilla Firefox\\firefox.exe","User":"WIN10\\richard"}}
{"LogSource":"Microsoft-Windows-Sysmon/Operational","EventId":22,"TimeCreated":"2024-10-10T23:52:17.0632938-07:00","RecordId":172366,"MachineName":"Win10","EventData":{"RuleName":"-","UtcTime":"2024-10-11 06:52:14.960","ProcessGuid":"{53968da7-cb1f-6708-2303-00000000fb00}","ProcessId":"6388","QueryName":"use-application-dns.net","QueryStatus":"0","QueryResults":"35.190.14.201;","Image":"C:\\Program Files\\Mozilla Firefox\\firefox.exe","User":"WIN10\\richard"}}
{"LogSource":"Microsoft-Windows-Sysmon/Operational","EventId":22,"TimeCreated":"2024-10-10T23:52:17.0585828-07:00","RecordId":172362,"MachineName":"Win10","EventData":{"RuleName":"-","UtcTime":"2024-10-11 06:52:14.959","ProcessGuid":"{53968da7-cb1f-6708-2303-00000000fb00}","ProcessId":"6388","QueryName":"www.youtube-nocookie.com.","QueryStatus":"0","QueryResults":"type:  5 youtube-ui.l.google.com;142.250.217.110;142.251.215.238;172.217.14.206;142.250.69.206;142.251.33.110;142.251.211.238;142.251.33.78;142.250.217.78;","Image":"C:\\Program Files\\Mozilla Firefox\\firefox.exe","User":"WIN10\\richard"}}
{"LogSource":"Microsoft-Windows-Sysmon/Operational","EventId":22,"TimeCreated":"2024-10-10T23:52:17.0390225-07:00","RecordId":172345,"MachineName":"Win10","EventData":{"RuleName":"-","UtcTime":"2024-10-11 06:52:14.956","ProcessGuid":"{53968da7-cb1f-6708-2303-00000000fb00}","ProcessId":"6388","QueryName":"private.canadianshield.cira.ca","QueryStatus":"0","QueryResults":"2620:10a:80bb::10;2620:10a:80bc::10;::ffff:149.112.122.10;::ffff:149.112.121.10;","Image":"C:\\Program Files\\Mozilla Firefox\\firefox.exe","User":"WIN10\\richard"}}
{"LogSource":"Microsoft-Windows-Sysmon/Operational","EventId":22,"TimeCreated":"2024-10-10T23:52:17.0645464-07:00","RecordId":172367,"MachineName":"Win10","EventData":{"RuleName":"-","UtcTime":"2024-10-11 06:52:14.960","ProcessGuid":"{53968da7-cb1f-6708-2303-00000000fb00}","ProcessId":"6388","QueryName":"google.com","QueryStatus":"0","QueryResults":"142.251.211.238;","Image":"C:\\Program Files\\Mozilla Firefox\\firefox.exe","User":"WIN10\\richard"}}
{"LogSource":"Microsoft-Windows-Sysmon/Operational","EventId":22,"TimeCreated":"2024-10-10T23:52:17.0657139-07:00","RecordId":172368,"MachineName":"Win10","EventData":{"RuleName":"-","UtcTime":"2024-10-11 06:52:14.964","ProcessGuid":"{53968da7-cb1f-6708-2303-00000000fb00}","ProcessId":"6388","QueryName":"mozilla.cloudflare-dns.com","QueryStatus":"0","QueryResults":"2a06:98c1:52::4;2803:f800:53::4;::ffff:172.64.41.4;::ffff:162.159.61.4;","Image":"C:\\Program Files\\Mozilla Firefox\\firefox.exe","User":"WIN10\\richard"}}
{"LogSource":"Microsoft-Windows-Sysmon/Operational","EventId":22,"TimeCreated":"2024-10-10T23:52:17.0668805-07:00","RecordId":172369,"MachineName":"Win10","EventData":{"RuleName":"-","UtcTime":"2024-10-11 06:52:14.964","ProcessGuid":"{53968da7-cb1f-6708-2303-00000000fb00}","ProcessId":"6388","QueryName":"mozilla.cloudflare-dns.com","QueryStatus":"0","QueryResults":"2a06:98c1:52::4;2803:f800:53::4;::ffff:172.64.41.4;::ffff:162.159.61.4;","Image":"C:\\Program Files\\Mozilla Firefox\\firefox.exe","User":"WIN10\\richard"}}
{"LogSource":"Microsoft-Windows-Sysmon/Operational","EventId":22,"TimeCreated":"2024-10-10T23:52:17.0680326-07:00","RecordId":172370,"MachineName":"Win10","EventData":{"RuleName":"-","UtcTime":"2024-10-11 06:52:14.964","ProcessGuid":"{53968da7-cb1f-6708-2303-00000000fb00}","ProcessId":"6388","QueryName":"mozilla.cloudflare-dns.com","QueryStatus":"0","QueryResults":"162.159.61.4;172.64.41.4;","Image":"C:\\Program Files\\Mozilla Firefox\\firefox.exe","User":"WIN10\\richard"}}
{"LogSource":"Microsoft-Windows-Sysmon/Operational","EventId":22,"TimeCreated":"2024-10-10T23:52:17.0692011-07:00","RecordId":172371,"MachineName":"Win10","EventData":{"RuleName":"-","UtcTime":"2024-10-11 06:52:14.965","ProcessGuid":"{53968da7-cb1f-6708-2303-00000000fb00}","ProcessId":"6388","QueryName":"youtube-ui.l.google.com","QueryStatus":"0","QueryResults":"142.250.217.78;142.251.33.78;142.251.211.238;142.251.33.110;142.250.69.206;172.217.14.206;142.251.215.238;142.250.217.110;","Image":"C:\\Program Files\\Mozilla Firefox\\firefox.exe","User":"WIN10\\richard"}}
{"LogSource":"Microsoft-Windows-Sysmon/Operational","EventId":22,"TimeCreated":"2024-10-10T23:52:17.0703443-07:00","RecordId":172372,"MachineName":"Win10","EventData":{"RuleName":"-","UtcTime":"2024-10-11 06:52:14.965","ProcessGuid":"{53968da7-cb1f-6708-2303-00000000fb00}","ProcessId":"6388","QueryName":"youtube-ui.l.google.com","QueryStatus":"0","QueryResults":"142.250.217.78;142.251.33.78;142.251.211.238;142.251.33.110;142.250.69.206;172.217.14.206;142.251.215.238;142.250.217.110;","Image":"C:\\Program Files\\Mozilla Firefox\\firefox.exe","User":"WIN10\\richard"}}
{"LogSource":"Microsoft-Windows-Sysmon/Operational","EventId":22,"TimeCreated":"2024-10-10T23:52:17.0726946-07:00","RecordId":172374,"MachineName":"Win10","EventData":{"RuleName":"-","UtcTime":"2024-10-11 06:52:15.027","ProcessGuid":"{53968da7-cb1f-6708-2303-00000000fb00}","ProcessId":"6388","QueryName":"doh.test.","QueryStatus":"9003","QueryResults":"-","Image":"C:\\Program Files\\Mozilla Firefox\\firefox.exe","User":"WIN10\\richard"}}
{"LogSource":"Microsoft-Windows-Sysmon/Operational","EventId":22,"TimeCreated":"2024-10-10T23:52:17.0750050-07:00","RecordId":172376,"MachineName":"Win10","EventData":{"RuleName":"-","UtcTime":"2024-10-11 06:52:15.425","ProcessGuid":"{53968da7-cb1f-6708-2303-00000000fb00}","ProcessId":"6388","QueryName":"example.org","QueryStatus":"0","QueryResults":"93.184.215.14;","Image":"C:\\Program Files\\Mozilla Firefox\\firefox.exe","User":"WIN10\\richard"}}
{"LogSource":"Microsoft-Windows-Sysmon/Operational","EventId":22,"TimeCreated":"2024-10-10T23:52:17.0761572-07:00","RecordId":172377,"MachineName":"Win10","EventData":{"RuleName":"-","UtcTime":"2024-10-11 06:52:15.425","ProcessGuid":"{53968da7-cb1f-6708-2303-00000000fb00}","ProcessId":"6388","QueryName":"example.org","QueryStatus":"0","QueryResults":"2606:2800:21f:cb07:6820:80da:af6b:8b2c;::ffff:93.184.215.14;","Image":"C:\\Program Files\\Mozilla Firefox\\firefox.exe","User":"WIN10\\richard"}}
{"LogSource":"Microsoft-Windows-Sysmon/Operational","EventId":22,"TimeCreated":"2024-10-10T23:52:17.0738525-07:00","RecordId":172375,"MachineName":"Win10","EventData":{"RuleName":"-","UtcTime":"2024-10-11 06:52:15.425","ProcessGuid":"{53968da7-cb1f-6708-2303-00000000fb00}","ProcessId":"6388","QueryName":"example.org","QueryStatus":"0","QueryResults":"2606:2800:21f:cb07:6820:80da:af6b:8b2c;::ffff:93.184.215.14;","Image":"C:\\Program Files\\Mozilla Firefox\\firefox.exe","User":"WIN10\\richard"}}
{"LogSource":"Microsoft-Windows-Sysmon/Operational","EventId":22,"TimeCreated":"2024-10-10T23:52:17.0773026-07:00","RecordId":172378,"MachineName":"Win10","EventData":{"RuleName":"-","UtcTime":"2024-10-11 06:52:15.425","ProcessGuid":"{53968da7-cb1f-6708-2303-00000000fb00}","ProcessId":"6388","QueryName":"example.org","QueryStatus":"0","QueryResults":"93.184.215.14;","Image":"C:\\Program Files\\Mozilla Firefox\\firefox.exe","User":"WIN10\\richard"}}
{"LogSource":"Microsoft-Windows-Sysmon/Operational","EventId":22,"TimeCreated":"2024-10-10T23:52:17.0784657-07:00","RecordId":172379,"MachineName":"Win10","EventData":{"RuleName":"-","UtcTime":"2024-10-11 06:52:15.431","ProcessGuid":"{53968da7-cb1f-6708-2303-00000000fb00}","ProcessId":"6388","QueryName":"example.org","QueryStatus":"0","QueryResults":"2606:2800:21f:cb07:6820:80da:af6b:8b2c;","Image":"C:\\Program Files\\Mozilla Firefox\\firefox.exe","User":"WIN10\\richard"}}
{"LogSource":"Microsoft-Windows-Sysmon/Operational","EventId":22,"TimeCreated":"2024-10-10T23:52:17.0796352-07:00","RecordId":172380,"MachineName":"Win10","EventData":{"RuleName":"-","UtcTime":"2024-10-11 06:52:15.431","ProcessGuid":"{53968da7-cb1f-6708-2303-00000000fb00}","ProcessId":"6388","QueryName":"example.org","QueryStatus":"0","QueryResults":"93.184.215.14;","Image":"C:\\Program Files\\Mozilla Firefox\\firefox.exe","User":"WIN10\\richard"}}
{"LogSource":"Microsoft-Windows-Sysmon/Operational","EventId":22,"TimeCreated":"2024-10-10T23:52:17.0808456-07:00","RecordId":172381,"MachineName":"Win10","EventData":{"RuleName":"-","UtcTime":"2024-10-11 06:52:15.431","ProcessGuid":"{53968da7-cb1f-6708-2303-00000000fb00}","ProcessId":"6388","QueryName":"detectportal.firefox.com","QueryStatus":"0","QueryResults":"type:  5 detectportal.prod.mozaws.net;type:  5 prod.detectportal.prod.cloudops.mozgcp.net;2600:1901:0:38d7::;::ffff:34.107.221.82;","Image":"C:\\Program Files\\Mozilla Firefox\\firefox.exe","User":"WIN10\\richard"}}
{"LogSource":"Microsoft-Windows-Sysmon/Operational","EventId":22,"TimeCreated":"2024-10-10T23:52:17.0819530-07:00","RecordId":172382,"MachineName":"Win10","EventData":{"RuleName":"-","UtcTime":"2024-10-11 06:52:15.431","ProcessGuid":"{53968da7-cb1f-6708-2303-00000000fb00}","ProcessId":"6388","QueryName":"detectportal.firefox.com","QueryStatus":"0","QueryResults":"type:  5 detectportal.prod.mozaws.net;type:  5 prod.detectportal.prod.cloudops.mozgcp.net;2600:1901:0:38d7::;::ffff:34.107.221.82;","Image":"C:\\Program Files\\Mozilla Firefox\\firefox.exe","User":"WIN10\\richard"}}
{"LogSource":"Microsoft-Windows-Sysmon/Operational","EventId":22,"TimeCreated":"2024-10-10T23:52:17.0715245-07:00","RecordId":172373,"MachineName":"Win10","EventData":{"RuleName":"-","UtcTime":"2024-10-11 06:52:14.969","ProcessGuid":"{53968da7-cb1f-6708-2303-00000000fb00}","ProcessId":"6388","QueryName":"mozilla.cloudflare-dns.com","QueryStatus":"0","QueryResults":"2803:f800:53::4;2a06:98c1:52::4;","Image":"C:\\Program Files\\Mozilla Firefox\\firefox.exe","User":"WIN10\\richard"}}
{"LogSource":"Microsoft-Windows-Sysmon/Operational","EventId":22,"TimeCreated":"2024-10-10T23:52:18.0085534-07:00","RecordId":172383,"MachineName":"Win10","EventData":{"RuleName":"-","UtcTime":"2024-10-11 06:52:15.432","ProcessGuid":"{53968da7-cb1f-6708-2303-00000000fb00}","ProcessId":"6388","QueryName":"detectportal.firefox.com","QueryStatus":"0","QueryResults":"type:  5 detectportal.prod.mozaws.net;type:  5 prod.detectportal.prod.cloudops.mozgcp.net;2600:1901:0:38d7::;::ffff:34.107.221.82;","Image":"C:\\Program Files\\Mozilla Firefox\\firefox.exe","User":"WIN10\\richard"}}
{"LogSource":"Microsoft-Windows-Sysmon/Operational","EventId":22,"TimeCreated":"2024-10-10T23:52:18.0101597-07:00","RecordId":172384,"MachineName":"Win10","EventData":{"RuleName":"-","UtcTime":"2024-10-11 06:52:15.432","ProcessGuid":"{53968da7-cb1f-6708-2303-00000000fb00}","ProcessId":"6388","QueryName":"prod.detectportal.prod.cloudops.mozgcp.net","QueryStatus":"0","QueryResults":"34.107.221.82;","Image":"C:\\Program Files\\Mozilla Firefox\\firefox.exe","User":"WIN10\\richard"}}
{"LogSource":"Microsoft-Windows-Sysmon/Operational","EventId":22,"TimeCreated":"2024-10-10T23:52:18.0116647-07:00","RecordId":172385,"MachineName":"Win10","EventData":{"RuleName":"-","UtcTime":"2024-10-11 06:52:15.432","ProcessGuid":"{53968da7-cb1f-6708-2303-00000000fb00}","ProcessId":"6388","QueryName":"detectportal.firefox.com","QueryStatus":"0","QueryResults":"type:  5 detectportal.prod.mozaws.net;type:  5 prod.detectportal.prod.cloudops.mozgcp.net;2600:1901:0:38d7::;::ffff:34.107.221.82;","Image":"C:\\Program Files\\Mozilla Firefox\\firefox.exe","User":"WIN10\\richard"}}
{"LogSource":"Microsoft-Windows-Sysmon/Operational","EventId":22,"TimeCreated":"2024-10-10T23:52:18.0131561-07:00","RecordId":172386,"MachineName":"Win10","EventData":{"RuleName":"-","UtcTime":"2024-10-11 06:52:15.433","ProcessGuid":"{53968da7-cb1f-6708-2303-00000000fb00}","ProcessId":"6388","QueryName":"prod.detectportal.prod.cloudops.mozgcp.net","QueryStatus":"0","QueryResults":"2600:1901:0:38d7::;","Image":"C:\\Program Files\\Mozilla Firefox\\firefox.exe","User":"WIN10\\richard"}}
{"LogSource":"Microsoft-Windows-Sysmon/Operational","EventId":22,"TimeCreated":"2024-10-10T23:52:18.0145875-07:00","RecordId":172387,"MachineName":"Win10","EventData":{"RuleName":"-","UtcTime":"2024-10-11 06:52:15.433","ProcessGuid":"{53968da7-cb1f-6708-2303-00000000fb00}","ProcessId":"6388","QueryName":"prod.detectportal.prod.cloudops.mozgcp.net","QueryStatus":"0","QueryResults":"2600:1901:0:38d7::;","Image":"C:\\Program Files\\Mozilla Firefox\\firefox.exe","User":"WIN10\\richard"}}
{"LogSource":"Microsoft-Windows-Sysmon/Operational","EventId":1,"TimeCreated":"2024-10-10T23:52:19.8667030-07:00","RecordId":172388,"MachineName":"Win10","EventData":{"RuleName":"-","UtcTime":"2024-10-11 06:52:19.859","ProcessGuid":"{53968da7-cb23-6708-2d03-00000000fb00}","ProcessId":"7308","Image":"C:\\Program Files\\Mozilla Firefox\\firefox.exe","FileVersion":"131.0.2","Description":"Firefox","Product":"Firefox","Company":"Mozilla Corporation","OriginalFileName":"firefox.exe","CommandLine":"\"C:\\Program Files\\Mozilla Firefox\\firefox.exe\" -contentproc --channel=6340 -parentBuildID 20241008210941 -prefsHandle 5928 -prefMapHandle 4072 -prefsLen 37121 -prefMapSize 263003 -appDir \"C:\\Program Files\\Mozilla Firefox\\browser\" - {7d9fb974-9036-4c7f-a544-42e69d80dad2} 6388 \"\\\\.\\pipe\\gecko-crash-server-pipe.6388\" 10 rdd","CurrentDirectory":"C:\\Windows\\system32\\","User":"WIN10\\richard","LogonGuid":"{53968da7-b202-6708-c295-020000000000}","LogonId":"0x295c2","TerminalSessionId":"1","IntegrityLevel":"Low","Hashes":"MD5=571814A7939D001662BBA7760BD0B187,SHA256=9725AFC685C8EE135701E140A83B94FE7D958360A1F546215F7EAFDFF5E53A83,IMPHASH=BB4CE52E8306F88C0B1DA570553704E4","ParentProcessGuid":"{53968da7-cb1f-6708-2303-00000000fb00}","ParentProcessId":"6388","ParentImage":"C:\\Program Files\\Mozilla Firefox\\firefox.exe","ParentCommandLine":"\"C:\\Program Files\\Mozilla Firefox\\firefox.exe\" https://www.reddit.com","ParentUser":"WIN10\\richard"}}
{"LogSource":"Microsoft-Windows-Sysmon/Operational","EventId":1,"TimeCreated":"2024-10-10T23:52:19.9877376-07:00","RecordId":172389,"MachineName":"Win10","EventData":{"RuleName":"-","UtcTime":"2024-10-11 06:52:19.984","ProcessGuid":"{53968da7-cb23-6708-2e03-00000000fb00}","ProcessId":"6784","Image":"C:\\Program Files\\Mozilla Firefox\\firefox.exe","FileVersion":"131.0.2","Description":"Firefox","Product":"Firefox","Company":"Mozilla Corporation","OriginalFileName":"firefox.exe","CommandLine":"\"C:\\Program Files\\Mozilla Firefox\\firefox.exe\" -contentproc --channel=6812 -parentBuildID 20241008210941 -sandboxingKind 1 -prefsHandle 6800 -prefMapHandle 6808 -prefsLen 37121 -prefMapSize 263003 -win32kLockedDown -appDir \"C:\\Program Files\\Mozilla Firefox\\browser\" - {4ca7f9a3-0d96-488a-bfc0-603019b3b2f2} 6388 \"\\\\.\\pipe\\gecko-crash-server-pipe.6388\" 11 utility","CurrentDirectory":"C:\\Windows\\system32\\","User":"WIN10\\richard","LogonGuid":"{53968da7-b202-6708-c295-020000000000}","LogonId":"0x295c2","TerminalSessionId":"1","IntegrityLevel":"Low","Hashes":"MD5=571814A7939D001662BBA7760BD0B187,SHA256=9725AFC685C8EE135701E140A83B94FE7D958360A1F546215F7EAFDFF5E53A83,IMPHASH=BB4CE52E8306F88C0B1DA570553704E4","ParentProcessGuid":"{53968da7-cb1f-6708-2303-00000000fb00}","ParentProcessId":"6388","ParentImage":"C:\\Program Files\\Mozilla Firefox\\firefox.exe","ParentCommandLine":"\"C:\\Program Files\\Mozilla Firefox\\firefox.exe\" https://www.reddit.com","ParentUser":"WIN10\\richard"}}
{"LogSource":"Microsoft-Windows-Sysmon/Operational","EventId":1,"TimeCreated":"2024-10-10T23:52:20.2346540-07:00","RecordId":172390,"MachineName":"Win10","EventData":{"RuleName":"-","UtcTime":"2024-10-11 06:52:20.232","ProcessGuid":"{53968da7-cb24-6708-2f03-00000000fb00}","ProcessId":"7084","Image":"C:\\Program Files\\Mozilla Firefox\\firefox.exe","FileVersion":"131.0.2","Description":"Firefox","Product":"Firefox","Company":"Mozilla Corporation","OriginalFileName":"firefox.exe","CommandLine":"\"C:\\Program Files\\Mozilla Firefox\\firefox.exe\" -contentproc --channel=4048 -isForBrowser -prefsHandle 4032 -prefMapHandle 4108 -prefsLen 33674 -prefMapSize 263003 -jsInitHandle 1292 -jsInitLen 234840 -parentBuildID 20241008210941 -win32kLockedDown -appDir \"C:\\Program Files\\Mozilla Firefox\\browser\" - {7dff7bb5-c9f5-46f8-96c7-2745f3f02e79} 6388 \"\\\\.\\pipe\\gecko-crash-server-pipe.6388\" 12 tab","CurrentDirectory":"C:\\Windows\\system32\\","User":"WIN10\\richard","LogonGuid":"{53968da7-b202-6708-c295-020000000000}","LogonId":"0x295c2","TerminalSessionId":"1","IntegrityLevel":"Low","Hashes":"MD5=571814A7939D001662BBA7760BD0B187,SHA256=9725AFC685C8EE135701E140A83B94FE7D958360A1F546215F7EAFDFF5E53A83,IMPHASH=BB4CE52E8306F88C0B1DA570553704E4","ParentProcessGuid":"{53968da7-cb1f-6708-2303-00000000fb00}","ParentProcessId":"6388","ParentImage":"C:\\Program Files\\Mozilla Firefox\\firefox.exe","ParentCommandLine":"\"C:\\Program Files\\Mozilla Firefox\\firefox.exe\" https://www.reddit.com","ParentUser":"WIN10\\richard"}}
{"LogSource":"Microsoft-Windows-Sysmon/Operational","EventId":1,"TimeCreated":"2024-10-10T23:52:21.3458585-07:00","RecordId":172391,"MachineName":"Win10","EventData":{"RuleName":"-","UtcTime":"2024-10-11 06:52:21.342","ProcessGuid":"{53968da7-cb25-6708-3003-00000000fb00}","ProcessId":"2368","Image":"C:\\Program Files\\Mozilla Firefox\\firefox.exe","FileVersion":"131.0.2","Description":"Firefox","Product":"Firefox","Company":"Mozilla Corporation","OriginalFileName":"firefox.exe","CommandLine":"\"C:\\Program Files\\Mozilla Firefox\\firefox.exe\" -contentproc --channel=7092 -isForBrowser -prefsHandle 1240 -prefMapHandle 4308 -prefsLen 33674 -prefMapSize 263003 -jsInitHandle 1292 -jsInitLen 234840 -parentBuildID 20241008210941 -win32kLockedDown -appDir \"C:\\Program Files\\Mozilla Firefox\\browser\" - {9c9890a0-41a2-466d-a5c1-17d8dfa0f122} 6388 \"\\\\.\\pipe\\gecko-crash-server-pipe.6388\" 13 tab","CurrentDirectory":"C:\\Windows\\system32\\","User":"WIN10\\richard","LogonGuid":"{53968da7-b202-6708-c295-020000000000}","LogonId":"0x295c2","TerminalSessionId":"1","IntegrityLevel":"Low","Hashes":"MD5=571814A7939D001662BBA7760BD0B187,SHA256=9725AFC685C8EE135701E140A83B94FE7D958360A1F546215F7EAFDFF5E53A83,IMPHASH=BB4CE52E8306F88C0B1DA570553704E4","ParentProcessGuid":"{53968da7-cb1f-6708-2303-00000000fb00}","ParentProcessId":"6388","ParentImage":"C:\\Program Files\\Mozilla Firefox\\firefox.exe","ParentCommandLine":"\"C:\\Program Files\\Mozilla Firefox\\firefox.exe\" https://www.reddit.com","ParentUser":"WIN10\\richard"}}
{"LogSource":"Microsoft-Windows-Sysmon/Operational","EventId":1,"TimeCreated":"2024-10-10T23:53:37.5367543-07:00","RecordId":172392,"MachineName":"Win10","EventData":{"RuleName":"-","UtcTime":"2024-10-11 06:53:37.534","ProcessGuid":"{53968da7-cb71-6708-3103-00000000fb00}","ProcessId":"4420","Image":"C:\\Program Files\\Windows NT\\Accessories\\wordpad.exe","FileVersion":"10.0.19041.5007 (WinBuild.160101.0800)","Description":"Windows Wordpad Application","Product":"Microsoft® Windows® Operating System","Company":"Microsoft Corporation","OriginalFileName":"WORDPAD.EXE","CommandLine":"\"C:\\Program Files\\Windows NT\\Accessories\\wordpad.exe\" ","CurrentDirectory":"C:\\Windows\\system32\\","User":"WIN10\\richard","LogonGuid":"{53968da7-b202-6708-7195-020000000000}","LogonId":"0x29571","TerminalSessionId":"1","IntegrityLevel":"High","Hashes":"MD5=09B94F3F82679DAD1EB15827655D4754,SHA256=C91594A4539B971A59EC301154114F21D0FC86ECA43AE064FD4DA56D4856C009,IMPHASH=9315BEF4B5484B572936D208E8B654A0","ParentProcessGuid":"{53968da7-be30-6708-5201-00000000fb00}","ParentProcessId":"6876","ParentImage":"C:\\Windows\\System32\\WindowsPowerShell\\v1.0\\powershell_ise.exe","ParentCommandLine":"\"C:\\Windows\\system32\\WindowsPowerShell\\v1.0\\PowerShell_ISE.exe\" ","ParentUser":"WIN10\\richard"}}
{"LogSource":"Microsoft-Windows-Sysmon/Operational","EventId":1,"TimeCreated":"2024-10-10T23:54:39.6806368-07:00","RecordId":172393,"MachineName":"Win10","EventData":{"RuleName":"-","UtcTime":"2024-10-11 06:54:39.677","ProcessGuid":"{53968da7-cbaf-6708-3203-00000000fb00}","ProcessId":"8084","Image":"C:\\Program Files\\Mozilla Firefox\\firefox.exe","FileVersion":"131.0.2","Description":"Firefox","Product":"Firefox","Company":"Mozilla Corporation","OriginalFileName":"firefox.exe","CommandLine":"\"C:\\Program Files\\Mozilla Firefox\\firefox.exe\" https://www.apple.com ","CurrentDirectory":"C:\\Windows\\system32\\","User":"WIN10\\richard","LogonGuid":"{53968da7-b202-6708-7195-020000000000}","LogonId":"0x29571","TerminalSessionId":"1","IntegrityLevel":"High","Hashes":"MD5=571814A7939D001662BBA7760BD0B187,SHA256=9725AFC685C8EE135701E140A83B94FE7D958360A1F546215F7EAFDFF5E53A83,IMPHASH=BB4CE52E8306F88C0B1DA570553704E4","ParentProcessGuid":"{53968da7-be30-6708-5201-00000000fb00}","ParentProcessId":"6876","ParentImage":"C:\\Windows\\System32\\WindowsPowerShell\\v1.0\\powershell_ise.exe","ParentCommandLine":"\"C:\\Windows\\system32\\WindowsPowerShell\\v1.0\\PowerShell_ISE.exe\" ","ParentUser":"WIN10\\richard"}}
