{"LogSource":"Microsoft-Windows-Sysmon/Operational","EventId":1,"TimeCreated":"2024-10-10T22:05:32.7890593-07:00","RecordId":171224,"MachineName":"Win10","EventData":{"RuleName":"-","UtcTime":"2024-10-11 05:05:32.785","ProcessGuid":"{53968da7-b21c-6708-a800-00000000fb00}","ProcessId":"3492","Image":"C:\\Program Files\\Opera\\autoupdate\\opera_autoupdate.exe","FileVersion":"113.0.5230.142","Description":"Opera auto-updater","Product":"Opera auto-updater","Company":"Opera Software","OriginalFileName":"-","CommandLine":"\"C:\\Program Files\\Opera\\autoupdate\\opera_autoupdate.exe\" --type=crashpad-handler \"--user-data-dir=C:\\Users\\richard\\AppData\\Roaming\\Opera Software\\Opera Stable\\Default\" /prefetch:4 --monitor-self-annotation=ptype=crashpad-handler \"--database=C:\\Users\\richard\\AppData\\Roaming\\Opera Software\\Opera Stable\\Default\\Crash Reports\" \"--crash-count-file=C:\\Users\\richard\\AppData\\Roaming\\Opera Software\\Opera Stable\\Default\\crash_count.txt\" --url=https://crashstats-collector-2.opera.com/ --annotation=channel=Stable --annotation=plat=Win64 --annotation=prod=OperaDesktop --annotation=ver=113.0.5230.142 --initial-client-data=0x234,0x238,0x23c,0x88,0x240,0x7ff7e4f6872c,0x7ff7e4f68738,0x7ff7e4f68748","CurrentDirectory":"C:\\Program Files\\Opera\\113.0.5230.142\\","User":"WIN10\\richard","LogonGuid":"{53968da7-b202-6708-c295-020000000000}","LogonId":"0x295c2","TerminalSessionId":"1","IntegrityLevel":"Medium","Hashes":"MD5=47850AB57010626D8693D28B99EF7573,SHA256=706841383A89918A7C4139378E12A7860F8B432B7ED11F46B2A66D435D77BBD2,IMPHASH=CF57677FCFC3AD5912B36DD5820FD035","ParentProcessGuid":"{53968da7-b21c-6708-a700-00000000fb00}","ParentProcessId":"7764","ParentImage":"C:\\Program Files\\Opera\\autoupdate\\opera_autoupdate.exe","ParentCommandLine":"\"C:\\Program Files\\Opera\\autoupdate\\opera_autoupdate.exe\" --enableipv6 --bypasslauncher --user-data-dir=\"C:\\Users\\richard\\AppData\\Roaming\\Opera Software\\Opera Stable\\Default\" --pipeid=oauc_pipeb683448645361e892536ca31c3e625de","ParentUser":"WIN10\\richard"}}
{"LogSource":"Microsoft-Windows-Sysmon/Operational","EventId":1,"TimeCreated":"2024-10-10T22:05:33.5742082-07:00","RecordId":171225,"MachineName":"Win10","EventData":{"RuleName":"-","UtcTime":"2024-10-11 05:05:33.570","ProcessGuid":"{53968da7-b21d-6708-a900-00000000fb00}","ProcessId":"4252","Image":"C:\\Program Files\\Opera\\opera.exe","FileVersion":"113.0.5230.142","Description":"Opera Internet Browser","Product":"Opera Internet Browser","Company":"Opera Software","OriginalFileName":"-","CommandLine":"\"C:\\Program Files\\Opera\\opera.exe\" --type=renderer --with-feature:address-bar-dropdown-autocompleted-domains=off --with-feature:address-bar-dropdown-cities=on --with-feature:address-bar-keywords-monetization=on --with-feature:amazon-new-ids=on --with-feature:amp-requests-stats=on --with-feature:aria-command-line-in-extension=on --with-feature:aria-command-line-react=on --with-feature:capital-one-cashback-protection=on --with-feature:cashback-assistant=off --with-feature:continue-on-booking=on --with-feature:continue-on-shopping-via-amp=off --with-feature:continue-shopping=on --with-feature:continue-shopping-2=on --with-feature:continue-shopping-5=on --with-feature:continue-shopping-structured-partners=on --with-feature:feature-remote-disable-updates-testing-flag=off --with-feature:feature-remote-updates-testing-flag=on --with-feature:lucid-mode-hide-text=on --with-feature:native-crypto-wallet=on --with-feature:opera-startpage-special=on --with-feature:password-generator=off --with-feature:sd-suggestions-external=on --with-feature:session-restore-attribution=on --with-feature:sitecheck-age=on --with-feature:specific-keywords=on --with-feature:startpage-content-phase-1=off --with-feature:startpage-opening-animation=off --with-feature:startpage-sync-banner-ref=on --with-feature:installer-experiment-test=off --with-feature:installer-bypass-launcher=on --disable-gpu-compositing --video-capture-use-gpu-memory-buffer --lang=en-US --device-scale-factor=1 --num-raster-threads=2 --enable-main-frame-before-activation --renderer-client-id=16 --time-ticks-at-unix-epoch=-1728623104277356 --launch-time-ticks=28665908 --field-trial-handle=6480,i,336352263411213086,7753158056796434756,262144 --disable-features=CertificateTransparencyAskBeforeEnabling --variations-seed-version --mojo-platform-channel-handle=7396 /prefetch:1","CurrentDirectory":"C:\\Program Files\\Opera\\113.0.5230.142\\","User":"WIN10\\richard","LogonGuid":"{53968da7-b202-6708-c295-020000000000}","LogonId":"0x295c2","TerminalSessionId":"1","IntegrityLevel":"Low","Hashes":"MD5=00886BEAC3A9EF1E6E0A4416B5D36364,SHA256=D821A30BA3F5444832E88FEBC920CFD4409C513920DD0072258E2AFEF426DBBB,IMPHASH=8D46F7C0404DD8927121BE5BD79354F5","ParentProcessGuid":"{53968da7-b217-6708-8e00-00000000fb00}","ParentProcessId":"5292","ParentImage":"C:\\Program Files\\Opera\\opera.exe","ParentCommandLine":"\"C:\\Program Files\\Opera\\opera.exe\" ","ParentUser":"WIN10\\richard"}}
{"LogSource":"Microsoft-Windows-Sysmon/Operational","EventId":1,"TimeCreated":"2024-10-10T22:05:33.7692053-07:00","RecordId":171226,"MachineName":"Win10","EventData":{"RuleName":"-","UtcTime":"2024-10-11 05:05:33.766","ProcessGuid":"{53968da7-b21d-6708-aa00-00000000fb00}","ProcessId":"4740","Image":"C:\\Program Files\\Opera\\opera.exe","FileVersion":"113.0.5230.142","Description":"Opera Internet Browser","Product":"Opera Internet Browser","Company":"Opera Software","OriginalFileName":"-","CommandLine":"\"C:\\Program Files\\Opera\\opera.exe\" --type=renderer --extension-process --init-isolate-as-foreground --with-feature:address-bar-dropdown-autocompleted-domains=off --with-feature:address-bar-dropdown-cities=on --with-feature:address-bar-keywords-monetization=on --with-feature:amazon-new-ids=on --with-feature:amp-requests-stats=on --with-feature:aria-command-line-in-extension=on --with-feature:aria-command-line-react=on --with-feature:capital-one-cashback-protection=on --with-feature:cashback-assistant=off --with-feature:continue-on-booking=on --with-feature:continue-on-shopping-via-amp=off --with-feature:continue-shopping=on --with-feature:continue-shopping-2=on --with-feature:continue-shopping-5=on --with-feature:continue-shopping-structured-partners=on --with-feature:feature-remote-disable-updates-testing-flag=off --with-feature:feature-remote-updates-testing-flag=on --with-feature:lucid-mode-hide-text=on --with-feature:native-crypto-wallet=on --with-feature:opera-startpage-special=on --with-feature:password-generator=off --with-feature:sd-suggestions-external=on --with-feature:session-restore-attribution=on --with-feature:sitecheck-age=on --with-feature:specific-keywords=on --with-feature:startpage-content-phase-1=off --with-feature:startpage-opening-animation=off --with-feature:startpage-sync-banner-ref=on --with-feature:installer-experiment-test=off --with-feature:installer-bypass-launcher=on --disable-gpu-compositing --video-capture-use-gpu-memory-buffer --lang=en-US --device-scale-factor=1 --num-raster-threads=2 --enable-main-frame-before-activation --renderer-client-id=26 --time-ticks-at-unix-epoch=-1728623104277356 --launch-time-ticks=28845098 --field-trial-handle=7372,i,336352263411213086,7753158056796434756,262144 --disable-features=CertificateTransparencyAskBeforeEnabling --variations-seed-version --mojo-platform-channel-handle=6964 /prefetch:2","CurrentDirectory":"C:\\Program Files\\Opera\\113.0.5230.142\\","User":"WIN10\\richard","LogonGuid":"{53968da7-b202-6708-c295-020000000000}","LogonId":"0x295c2","TerminalSessionId":"1","IntegrityLevel":"Low","Hashes":"MD5=00886BEAC3A9EF1E6E0A4416B5D36364,SHA256=D821A30BA3F5444832E88FEBC920CFD4409C513920DD0072258E2AFEF426DBBB,IMPHASH=8D46F7C0404DD8927121BE5BD79354F5","ParentProcessGuid":"{53968da7-b217-6708-8e00-00000000fb00}","ParentProcessId":"5292","ParentImage":"C:\\Program Files\\Opera\\opera.exe","ParentCommandLine":"\"C:\\Program Files\\Opera\\opera.exe\" ","ParentUser":"WIN10\\richard"}}
{"LogSource":"Microsoft-Windows-Sysmon/Operational","EventId":1,"TimeCreated":"2024-10-10T22:05:34.0613557-07:00","RecordId":171227,"MachineName":"Win10","EventData":{"RuleName":"-","UtcTime":"2024-10-11 05:05:34.050","ProcessGuid":"{53968da7-b21e-6708-ab00-00000000fb00}","ProcessId":"7956","Image":"C:\\Program Files\\Opera\\opera.exe","FileVersion":"113.0.5230.142","Description":"Opera Internet Browser","Product":"Opera Internet Browser","Company":"Opera Software","OriginalFileName":"-","CommandLine":"\"C:\\Program Files\\Opera\\opera.exe\" --type=renderer --with-feature:address-bar-dropdown-autocompleted-domains=off --with-feature:address-bar-dropdown-cities=on --with-feature:address-bar-keywords-monetization=on --with-feature:amazon-new-ids=on --with-feature:amp-requests-stats=on --with-feature:aria-command-line-in-extension=on --with-feature:aria-command-line-react=on --with-feature:capital-one-cashback-protection=on --with-feature:cashback-assistant=off --with-feature:continue-on-booking=on --with-feature:continue-on-shopping-via-amp=off --with-feature:continue-shopping=on --with-feature:continue-shopping-2=on --with-feature:continue-shopping-5=on --with-feature:continue-shopping-structured-partners=on --with-feature:feature-remote-disable-updates-testing-flag=off --with-feature:feature-remote-updates-testing-flag=on --with-feature:lucid-mode-hide-text=on --with-feature:native-crypto-wallet=on --with-feature:opera-startpage-special=on --with-feature:password-generator=off --with-feature:sd-suggestions-external=on --with-feature:session-restore-attribution=on --with-feature:sitecheck-age=on --with-feature:specific-keywords=on --with-feature:startpage-content-phase-1=off --with-feature:startpage-opening-animation=off --with-feature:startpage-sync-banner-ref=on --with-feature:installer-experiment-test=off --with-feature:installer-bypass-launcher=on --pdf-renderer --disable-gpu-compositing --video-capture-use-gpu-memory-buffer --lang=en-US --js-flags=--jitless --device-scale-factor=1 --num-raster-threads=2 --enable-main-frame-before-activation --renderer-client-id=27 --time-ticks-at-unix-epoch=-1728623104277356 --launch-time-ticks=29105918 --field-trial-handle=7280,i,336352263411213086,7753158056796434756,262144 --disable-features=CertificateTransparencyAskBeforeEnabling --variations-seed-version --mojo-platform-channel-handle=7624 /prefetch:1","CurrentDirectory":"C:\\Program Files\\Opera\\113.0.5230.142\\","User":"WIN10\\richard","LogonGuid":"{53968da7-b202-6708-c295-020000000000}","LogonId":"0x295c2","TerminalSessionId":"1","IntegrityLevel":"Low","Hashes":"MD5=00886BEAC3A9EF1E6E0A4416B5D36364,SHA256=D821A30BA3F5444832E88FEBC920CFD4409C513920DD0072258E2AFEF426DBBB,IMPHASH=8D46F7C0404DD8927121BE5BD79354F5","ParentProcessGuid":"{53968da7-b217-6708-8e00-00000000fb00}","ParentProcessId":"5292","ParentImage":"C:\\Program Files\\Opera\\opera.exe","ParentCommandLine":"\"C:\\Program Files\\Opera\\opera.exe\" ","ParentUser":"WIN10\\richard"}}
{"LogSource":"Microsoft-Windows-Sysmon/Operational","EventId":22,"TimeCreated":"2024-10-10T22:05:34.5514824-07:00","RecordId":171229,"MachineName":"Win10","EventData":{"RuleName":"-","UtcTime":"2024-10-11 05:05:30.733","ProcessGuid":"{53968da7-b21c-6708-a700-00000000fb00}","ProcessId":"7764","QueryName":"autoupdate.geo.opera.com","QueryStatus":"0","QueryResults":"type:  5 na-autoupdate.opera.com;2620:117:c004:320:107:167:96:38;2620:117:c004:320:107:167:96:39;::ffff:107.167.96.38;::ffff:107.167.96.39;","Image":"C:\\Program Files\\Opera\\autoupdate\\opera_autoupdate.exe","User":"WIN10\\richard"}}
{"LogSource":"Microsoft-Windows-Sysmon/Operational","EventId":1,"TimeCreated":"2024-10-10T22:05:34.2989232-07:00","RecordId":171228,"MachineName":"Win10","EventData":{"RuleName":"-","UtcTime":"2024-10-11 05:05:34.295","ProcessGuid":"{53968da7-b21e-6708-ac00-00000000fb00}","ProcessId":"7940","Image":"C:\\Program Files\\Opera\\opera.exe","FileVersion":"113.0.5230.142","Description":"Opera Internet Browser","Product":"Opera Internet Browser","Company":"Opera Software","OriginalFileName":"-","CommandLine":"\"C:\\Program Files\\Opera\\opera.exe\" --type=renderer --with-feature:address-bar-dropdown-autocompleted-domains=off --with-feature:address-bar-dropdown-cities=on --with-feature:address-bar-keywords-monetization=on --with-feature:amazon-new-ids=on --with-feature:amp-requests-stats=on --with-feature:aria-command-line-in-extension=on --with-feature:aria-command-line-react=on --with-feature:capital-one-cashback-protection=on --with-feature:cashback-assistant=off --with-feature:continue-on-booking=on --with-feature:continue-on-shopping-via-amp=off --with-feature:continue-shopping=on --with-feature:continue-shopping-2=on --with-feature:continue-shopping-5=on --with-feature:continue-shopping-structured-partners=on --with-feature:feature-remote-disable-updates-testing-flag=off --with-feature:feature-remote-updates-testing-flag=on --with-feature:lucid-mode-hide-text=on --with-feature:native-crypto-wallet=on --with-feature:opera-startpage-special=on --with-feature:password-generator=off --with-feature:sd-suggestions-external=on --with-feature:session-restore-attribution=on --with-feature:sitecheck-age=on --with-feature:specific-keywords=on --with-feature:startpage-content-phase-1=off --with-feature:startpage-opening-animation=off --with-feature:startpage-sync-banner-ref=on --with-feature:installer-experiment-test=off --with-feature:installer-bypass-launcher=on --disable-gpu-compositing --video-capture-use-gpu-memory-buffer --lang=en-US --device-scale-factor=1 --num-raster-threads=2 --enable-main-frame-before-activation --renderer-client-id=28 --time-ticks-at-unix-epoch=-1728623104277356 --launch-time-ticks=29330830 --field-trial-handle=7744,i,336352263411213086,7753158056796434756,262144 --disable-features=CertificateTransparencyAskBeforeEnabling --variations-seed-version --mojo-platform-channel-handle=7772 /prefetch:1","CurrentDirectory":"C:\\Program Files\\Opera\\113.0.5230.142\\","User":"WIN10\\richard","LogonGuid":"{53968da7-b202-6708-c295-020000000000}","LogonId":"0x295c2","TerminalSessionId":"1","IntegrityLevel":"Low","Hashes":"MD5=00886BEAC3A9EF1E6E0A4416B5D36364,SHA256=D821A30BA3F5444832E88FEBC920CFD4409C513920DD0072258E2AFEF426DBBB,IMPHASH=8D46F7C0404DD8927121BE5BD79354F5","ParentProcessGuid":"{53968da7-b217-6708-8e00-00000000fb00}","ParentProcessId":"5292","ParentImage":"C:\\Program Files\\Opera\\opera.exe","ParentCommandLine":"\"C:\\Program Files\\Opera\\opera.exe\" ","ParentUser":"WIN10\\richard"}}
{"LogSource":"Microsoft-Windows-Sysmon/Operational","EventId":1,"TimeCreated":"2024-10-10T22:05:34.7384195-07:00","RecordId":171230,"MachineName":"Win10","EventData":{"RuleName":"-","UtcTime":"2024-10-11 05:05:34.735","ProcessGuid":"{53968da7-b21e-6708-ad00-00000000fb00}","ProcessId":"4424","Image":"C:\\Program Files\\Opera\\opera.exe","FileVersion":"113.0.5230.142","Description":"Opera Internet Browser","Product":"Opera Internet Browser","Company":"Opera Software","OriginalFileName":"-","CommandLine":"\"C:\\Program Files\\Opera\\opera.exe\" --type=renderer --with-feature:address-bar-dropdown-autocompleted-domains=off --with-feature:address-bar-dropdown-cities=on --with-feature:address-bar-keywords-monetization=on --with-feature:amazon-new-ids=on --with-feature:amp-requests-stats=on --with-feature:aria-command-line-in-extension=on --with-feature:aria-command-line-react=on --with-feature:capital-one-cashback-protection=on --with-feature:cashback-assistant=off --with-feature:continue-on-booking=on --with-feature:continue-on-shopping-via-amp=off --with-feature:continue-shopping=on --with-feature:continue-shopping-2=on --with-feature:continue-shopping-5=on --with-feature:continue-shopping-structured-partners=on --with-feature:feature-remote-disable-updates-testing-flag=off --with-feature:feature-remote-updates-testing-flag=on --with-feature:lucid-mode-hide-text=on --with-feature:native-crypto-wallet=on --with-feature:opera-startpage-special=on --with-feature:password-generator=off --with-feature:sd-suggestions-external=on --with-feature:session-restore-attribution=on --with-feature:sitecheck-age=on --with-feature:specific-keywords=on --with-feature:startpage-content-phase-1=off --with-feature:startpage-opening-animation=off --with-feature:startpage-sync-banner-ref=on --with-feature:installer-experiment-test=off --with-feature:installer-bypass-launcher=on --disable-gpu-compositing --video-capture-use-gpu-memory-buffer --lang=en-US --device-scale-factor=1 --num-raster-threads=2 --enable-main-frame-before-activation --renderer-client-id=29 --time-ticks-at-unix-epoch=-1728623104277356 --launch-time-ticks=29735348 --field-trial-handle=7892,i,336352263411213086,7753158056796434756,262144 --disable-features=CertificateTransparencyAskBeforeEnabling --variations-seed-version --mojo-platform-channel-handle=7884 /prefetch:1","CurrentDirectory":"C:\\Program Files\\Opera\\113.0.5230.142\\","User":"WIN10\\richard","LogonGuid":"{53968da7-b202-6708-c295-020000000000}","LogonId":"0x295c2","TerminalSessionId":"1","IntegrityLevel":"Low","Hashes":"MD5=00886BEAC3A9EF1E6E0A4416B5D36364,SHA256=D821A30BA3F5444832E88FEBC920CFD4409C513920DD0072258E2AFEF426DBBB,IMPHASH=8D46F7C0404DD8927121BE5BD79354F5","ParentProcessGuid":"{53968da7-b217-6708-8e00-00000000fb00}","ParentProcessId":"5292","ParentImage":"C:\\Program Files\\Opera\\opera.exe","ParentCommandLine":"\"C:\\Program Files\\Opera\\opera.exe\" ","ParentUser":"WIN10\\richard"}}
{"LogSource":"Microsoft-Windows-Sysmon/Operational","EventId":1,"TimeCreated":"2024-10-10T22:05:37.0569905-07:00","RecordId":171231,"MachineName":"Win10","EventData":{"RuleName":"-","UtcTime":"2024-10-11 05:05:37.051","ProcessGuid":"{53968da7-b221-6708-ae00-00000000fb00}","ProcessId":"8292","Image":"C:\\Program Files\\Opera\\opera.exe","FileVersion":"113.0.5230.142","Description":"Opera Internet Browser","Product":"Opera Internet Browser","Company":"Opera Software","OriginalFileName":"-","CommandLine":"\"C:\\Program Files\\Opera\\opera.exe\" --type=renderer --start-stack-profiler --with-feature:address-bar-dropdown-autocompleted-domains=off --with-feature:address-bar-dropdown-cities=on --with-feature:address-bar-keywords-monetization=on --with-feature:amazon-new-ids=on --with-feature:amp-requests-stats=on --with-feature:aria-command-line-in-extension=on --with-feature:aria-command-line-react=on --with-feature:capital-one-cashback-protection=on --with-feature:cashback-assistant=off --with-feature:continue-on-booking=on --with-feature:continue-on-shopping-via-amp=off --with-feature:continue-shopping=on --with-feature:continue-shopping-2=on --with-feature:continue-shopping-5=on --with-feature:continue-shopping-structured-partners=on --with-feature:feature-remote-disable-updates-testing-flag=off --with-feature:feature-remote-updates-testing-flag=on --with-feature:lucid-mode-hide-text=on --with-feature:native-crypto-wallet=on --with-feature:opera-startpage-special=on --with-feature:password-generator=off --with-feature:sd-suggestions-external=on --with-feature:session-restore-attribution=on --with-feature:sitecheck-age=on --with-feature:specific-keywords=on --with-feature:startpage-content-phase-1=off --with-feature:startpage-opening-animation=off --with-feature:startpage-sync-banner-ref=on --with-feature:installer-experiment-test=off --with-feature:installer-bypass-launcher=on --disable-gpu-compositing --video-capture-use-gpu-memory-buffer --lang=en-US --device-scale-factor=1 --num-raster-threads=2 --enable-main-frame-before-activation --renderer-client-id=30 --time-ticks-at-unix-epoch=-1728623104277356 --launch-time-ticks=31861202 --field-trial-handle=7024,i,336352263411213086,7753158056796434756,262144 --disable-features=CertificateTransparencyAskBeforeEnabling --variations-seed-version --mojo-platform-channel-handle=7968 /prefetch:1","CurrentDirectory":"C:\\Program Files\\Opera\\113.0.5230.142\\","User":"WIN10\\richard","LogonGuid":"{53968da7-b202-6708-c295-020000000000}","LogonId":"0x295c2","TerminalSessionId":"1","IntegrityLevel":"Low","Hashes":"MD5=00886BEAC3A9EF1E6E0A4416B5D36364,SHA256=D821A30BA3F5444832E88FEBC920CFD4409C513920DD0072258E2AFEF426DBBB,IMPHASH=8D46F7C0404DD8927121BE5BD79354F5","ParentProcessGuid":"{53968da7-b217-6708-8e00-00000000fb00}","ParentProcessId":"5292","ParentImage":"C:\\Program Files\\Opera\\opera.exe","ParentCommandLine":"\"C:\\Program Files\\Opera\\opera.exe\" ","ParentUser":"WIN10\\richard"}}
{"LogSource":"Microsoft-Windows-Sysmon/Operational","EventId":22,"TimeCreated":"2024-10-10T22:05:37.8344703-07:00","RecordId":171232,"MachineName":"Win10","EventData":{"RuleName":"-","UtcTime":"2024-10-11 05:05:33.657","ProcessGuid":"{53968da7-b217-6708-9100-00000000fb00}","ProcessId":"3764","QueryName":"wpad","QueryStatus":"9003","QueryResults":"-","Image":"C:\\Program Files\\Opera\\opera.exe","User":"WIN10\\richard"}}
{"LogSource":"Microsoft-Windows-Sysmon/Operational","EventId":1,"TimeCreated":"2024-10-10T22:05:38.1313278-07:00","RecordId":171233,"MachineName":"Win10","EventData":{"RuleName":"-","UtcTime":"2024-10-11 05:05:38.126","ProcessGuid":"{53968da7-b222-6708-af00-00000000fb00}","ProcessId":"8412","Image":"C:\\Windows\\SysWOW64\\runonce.exe","FileVersion":"10.0.19041.4355 (WinBuild.160101.0800)","Description":"Run Once Wrapper","Product":"Microsoft® Windows® Operating System","Company":"Microsoft Corporation","OriginalFileName":"RUNONCE.EXE","CommandLine":"C:\\Windows\\SysWOW64\\runonce.exe /Run6432","CurrentDirectory":"C:\\Windows\\SysWOW64\\","User":"WIN10\\richard","LogonGuid":"{53968da7-b202-6708-c295-020000000000}","LogonId":"0x295c2","TerminalSessionId":"1","IntegrityLevel":"Medium","Hashes":"MD5=7801A2F01B7F0163DA0088B1E666A573,SHA256=62B4D125AE01FD97C91AFC55238E15D643CC4DB92F990D9D5C40C0C62FA270F3,IMPHASH=97CC98DB681CF599B4F85D3B9CF8A780","ParentProcessGuid":"{53968da7-b203-6708-4f00-00000000fb00}","ParentProcessId":"4396","ParentImage":"C:\\Windows\\explorer.exe","ParentCommandLine":"C:\\Windows\\Explorer.EXE","ParentUser":"WIN10\\richard"}}
{"LogSource":"Microsoft-Windows-Sysmon/Operational","EventId":1,"TimeCreated":"2024-10-10T22:05:38.4703864-07:00","RecordId":171234,"MachineName":"Win10","EventData":{"RuleName":"-","UtcTime":"2024-10-11 05:05:38.465","ProcessGuid":"{53968da7-b222-6708-b000-00000000fb00}","ProcessId":"8456","Image":"C:\\Program Files (x86)\\VMware\\VMware Workstation\\vmware-tray.exe","FileVersion":"16.2.5 build-20904516","Description":"VMware Tray Process","Product":"VMware Workstation","Company":"VMware, Inc.","OriginalFileName":"vmware-tray.exe","CommandLine":"\"C:\\Program Files (x86)\\VMware\\VMware Workstation\\vmware-tray.exe\" ","CurrentDirectory":"C:\\Windows\\SysWOW64\\","User":"WIN10\\richard","LogonGuid":"{53968da7-b202-6708-c295-020000000000}","LogonId":"0x295c2","TerminalSessionId":"1","IntegrityLevel":"Medium","Hashes":"MD5=842C0F927CB9D0534AC4235570EA1857,SHA256=84261CB99CA49675696465D2B84073458E4B1309ADB9D5D1BA1319D9E5100433,IMPHASH=9D6FE33E66D3C007AB8473651138B3E0","ParentProcessGuid":"{53968da7-b222-6708-af00-00000000fb00}","ParentProcessId":"8412","ParentImage":"C:\\Windows\\SysWOW64\\runonce.exe","ParentCommandLine":"C:\\Windows\\SysWOW64\\runonce.exe /Run6432","ParentUser":"WIN10\\richard"}}
{"LogSource":"Microsoft-Windows-Sysmon/Operational","EventId":1,"TimeCreated":"2024-10-10T22:05:41.4403854-07:00","RecordId":171235,"MachineName":"Win10","EventData":{"RuleName":"-","UtcTime":"2024-10-11 05:05:41.426","ProcessGuid":"{53968da7-b225-6708-b100-00000000fb00}","ProcessId":"8576","Image":"C:\\Windows\\System32\\wlrmdr.exe","FileVersion":"10.0.19041.3636 (WinBuild.160101.0800)","Description":"Windows logon reminder","Product":"Microsoft® Windows® Operating System","Company":"Microsoft Corporation","OriginalFileName":"WLRMNDR.EXE","CommandLine":" -c -s 0 -f 0 -t Empty -m Empty -a 0 -u Empty","CurrentDirectory":"C:\\Windows\\system32\\","User":"WIN10\\richard","LogonGuid":"{53968da7-b202-6708-c295-020000000000}","LogonId":"0x295c2","TerminalSessionId":"1","IntegrityLevel":"Medium","Hashes":"MD5=59BD6F822956E54CDEDD0C441372C289,SHA256=2F89115E1081C91BABAF2961CEF0BCF9C8F4EE803D3BE6E88ACE23B383FE7324,IMPHASH=0C029EF03BE0DFE4324558843609A28E","ParentProcessGuid":"{53968da7-b1ff-6708-0a00-00000000fb00}","ParentProcessId":"668","ParentImage":"C:\\Windows\\System32\\winlogon.exe","ParentCommandLine":"winlogon.exe","ParentUser":"NT AUTHORITY\\SYSTEM"}}
{"LogSource":"Microsoft-Windows-Sysmon/Operational","EventId":11,"TimeCreated":"2024-10-10T22:05:43.0057064-07:00","RecordId":171236,"MachineName":"Win10","EventData":{"RuleName":"EXE","UtcTime":"2024-10-11 05:05:43.004","ProcessGuid":"{53968da7-b21c-6708-a500-00000000fb00}","ProcessId":"8172","Image":"C:\\Program Files\\Opera\\autoupdate\\opera_autoupdate.exe","TargetFilename":"C:\\Windows\\Temp\\.opera\\8D91583AECBF\\installer.exe","CreationUtcTime":"2024-10-11 05:05:43.004","User":"NT AUTHORITY\\SYSTEM"}}
{"LogSource":"Microsoft-Windows-Sysmon/Operational","EventId":1,"TimeCreated":"2024-10-10T22:05:43.1777817-07:00","RecordId":171237,"MachineName":"Win10","EventData":{"RuleName":"-","UtcTime":"2024-10-11 05:05:43.136","ProcessGuid":"{53968da7-b227-6708-b200-00000000fb00}","ProcessId":"8636","Image":"C:\\Windows\\Temp\\.opera\\8D91583AECBF\\installer.exe","FileVersion":"113.0.5230.142","Description":"Opera Installer","Product":"Opera Installer","Company":"Opera Software","OriginalFileName":"-","CommandLine":"\"C:\\Windows\\TEMP\\.opera\\8D91583AECBF\\installer.exe\" --version","CurrentDirectory":"C:\\Windows\\system32\\","User":"NT AUTHORITY\\SYSTEM","LogonGuid":"{53968da7-b200-6708-e703-000000000000}","LogonId":"0x3e7","TerminalSessionId":"0","IntegrityLevel":"System","Hashes":"MD5=BF73C8EC9C0358A6BE5FF9D3A3735688,SHA256=A0DE823248EC0B54BA902040151EC47CFBB7012EE50ACE9D53DF405F8C8E12C7,IMPHASH=4D977853212987A29751D842E08132CF","ParentProcessGuid":"{53968da7-b21c-6708-a500-00000000fb00}","ParentProcessId":"8172","ParentImage":"C:\\Program Files\\Opera\\autoupdate\\opera_autoupdate.exe","ParentCommandLine":"\"C:\\Program Files\\Opera\\autoupdate\\opera_autoupdate.exe\" --scheduledtask --bypasslauncher --requesttype=automatic --scheduledtask --enableipv6 --bypasslauncher --pipeid=oauc_task_pipe6e959c4fc09b82620d84389eff2a227a","ParentUser":"NT AUTHORITY\\SYSTEM"}}
{"LogSource":"Microsoft-Windows-Sysmon/Operational","EventId":11,"TimeCreated":"2024-10-10T22:05:43.1866095-07:00","RecordId":171238,"MachineName":"Win10","EventData":{"RuleName":"DLL","UtcTime":"2024-10-11 05:05:43.186","ProcessGuid":"{53968da7-b227-6708-b200-00000000fb00}","ProcessId":"8636","Image":"C:\\Windows\\TEMP\\.opera\\8D91583AECBF\\installer.exe","TargetFilename":"C:\\Windows\\Temp\\Opera_installer_2410110505431858636.dll","CreationUtcTime":"2024-10-11 05:05:43.186","User":"NT AUTHORITY\\SYSTEM"}}
{"LogSource":"Microsoft-Windows-Sysmon/Operational","EventId":22,"TimeCreated":"2024-10-10T22:05:44.8688287-07:00","RecordId":171239,"MachineName":"Win10","EventData":{"RuleName":"-","UtcTime":"2024-10-11 05:05:39.577","ProcessGuid":"{53968da7-b21c-6708-a500-00000000fb00}","ProcessId":"8172","QueryName":"autoupdate.geo.opera.com","QueryStatus":"0","QueryResults":"type:  5 na-autoupdate.opera.com;2620:117:c004:320:107:167:96:38;2620:117:c004:320:107:167:96:39;::ffff:107.167.96.38;::ffff:107.167.96.39;","Image":"C:\\Program Files\\Opera\\autoupdate\\opera_autoupdate.exe","User":"NT AUTHORITY\\SYSTEM"}}
{"LogSource":"Microsoft-Windows-Sysmon/Operational","EventId":1,"TimeCreated":"2024-10-10T22:06:05.7009958-07:00","RecordId":171240,"MachineName":"Win10","EventData":{"RuleName":"-","UtcTime":"2024-10-11 05:06:05.696","ProcessGuid":"{53968da7-b23d-6708-b300-00000000fb00}","ProcessId":"8756","Image":"C:\\Windows\\System32\\notepad.exe","FileVersion":"10.0.19041.4355 (WinBuild.160101.0800)","Description":"Notepad","Product":"Microsoft® Windows® Operating System","Company":"Microsoft Corporation","OriginalFileName":"NOTEPAD.EXE","CommandLine":"\"C:\\Windows\\System32\\notepad.exe\" \"C:\\Users\\richard\\Desktop\\evenlistenkkk.ps1\"","CurrentDirectory":"C:\\Users\\richard\\Desktop\\","User":"WIN10\\richard","LogonGuid":"{53968da7-b202-6708-c295-020000000000}","LogonId":"0x295c2","TerminalSessionId":"1","IntegrityLevel":"Medium","Hashes":"MD5=BD33AA772F4751C5A79F94636088774E,SHA256=C286747D319818C1205FD487040840353C5F4542FAFFDABAE9131481BDFEB92A,IMPHASH=09ED737A03DB7295BF734A9953F6EB5E","ParentProcessGuid":"{53968da7-b203-6708-4f00-00000000fb00}","ParentProcessId":"4396","ParentImage":"C:\\Windows\\explorer.exe","ParentCommandLine":"C:\\Windows\\Explorer.EXE","ParentUser":"WIN10\\richard"}}
{"LogSource":"Microsoft-Windows-Sysmon/Operational","EventId":1,"TimeCreated":"2024-10-10T22:06:13.9542133-07:00","RecordId":171241,"MachineName":"Win10","EventData":{"RuleName":"-","UtcTime":"2024-10-11 05:06:13.952","ProcessGuid":"{53968da7-b245-6708-b500-00000000fb00}","ProcessId":"8856","Image":"C:\\Windows\\System32\\backgroundTaskHost.exe","FileVersion":"10.0.19041.3636 (WinBuild.160101.0800)","Description":"Background Task Host","Product":"Microsoft® Windows® Operating System","Company":"Microsoft Corporation","OriginalFileName":"backgroundTaskHost.exe","CommandLine":"\"C:\\Windows\\system32\\backgroundTaskHost.exe\" -ServerName:WindowsBackup.AppXnn6fnh4raxtmg45ba8k2f4ykb7n0k3y4.mca","CurrentDirectory":"C:\\Windows\\SystemApps\\MicrosoftWindows.Client.CBS_cw5n1h2txyewy\\","User":"WIN10\\richard","LogonGuid":"{53968da7-b202-6708-c295-020000000000}","LogonId":"0x295c2","TerminalSessionId":"1","IntegrityLevel":"Medium","Hashes":"MD5=D4F3D9A5EC7B4EE9E7C9694E7C72DD45,SHA256=7077CBF56490C86FC74C0CC6C0379AB679F06A066E71906AD23458F664836449,IMPHASH=D2ACF1CBC4A6DB14A34C687B9362D66B","ParentProcessGuid":"{53968da7-b200-6708-0d00-00000000fb00}","ParentProcessId":"884","ParentImage":"C:\\Windows\\System32\\svchost.exe","ParentCommandLine":"C:\\Windows\\system32\\svchost.exe -k DcomLaunch -p","ParentUser":"NT AUTHORITY\\SYSTEM"}}
{"LogSource":"Microsoft-Windows-Sysmon/Operational","EventId":1,"TimeCreated":"2024-10-10T22:06:14.1397661-07:00","RecordId":171242,"MachineName":"Win10","EventData":{"RuleName":"-","UtcTime":"2024-10-11 05:06:14.136","ProcessGuid":"{53968da7-b246-6708-b800-00000000fb00}","ProcessId":"9044","Image":"C:\\Windows\\System32\\oobe\\UserOOBEBroker.exe","FileVersion":"10.0.19041.4355 (WinBuild.160101.0800)","Description":"User OOBE Broker","Product":"Microsoft® Windows® Operating System","Company":"Microsoft Corporation","OriginalFileName":"UserOOBEBroker.exe","CommandLine":"C:\\Windows\\System32\\oobe\\UserOOBEBroker.exe -Embedding","CurrentDirectory":"C:\\Windows\\system32\\","User":"WIN10\\richard","LogonGuid":"{53968da7-b202-6708-c295-020000000000}","LogonId":"0x295c2","TerminalSessionId":"1","IntegrityLevel":"Medium","Hashes":"MD5=340B782D4C7FF9A2C5248FE3BDF7C7FD,SHA256=094A94052376352FD2FAD2CC666E6B52178842202F8147BC3596B5B78A7D0837,IMPHASH=DB3D54E6C0B9C0E728AB62733514AC86","ParentProcessGuid":"{53968da7-b200-6708-0d00-00000000fb00}","ParentProcessId":"884","ParentImage":"C:\\Windows\\System32\\svchost.exe","ParentCommandLine":"C:\\Windows\\system32\\svchost.exe -k DcomLaunch -p","ParentUser":"NT AUTHORITY\\SYSTEM"}}
{"LogSource":"Microsoft-Windows-Sysmon/Operational","EventId":1,"TimeCreated":"2024-10-10T22:06:15.4135336-07:00","RecordId":171243,"MachineName":"Win10","EventData":{"RuleName":"-","UtcTime":"2024-10-11 05:06:15.405","ProcessGuid":"{53968da7-b247-6708-bb00-00000000fb00}","ProcessId":"8244","Image":"C:\\Program Files\\WindowsApps\\Microsoft.YourPhone_1.24091.88.0_x64__8wekyb3d8bbwe\\PhoneExperienceHost.exe","FileVersion":"1.24091.88.0","Description":"Microsoft Phone Link","Product":"Microsoft Phone Link","Company":"Microsoft Corporation","OriginalFileName":"PhoneExperienceHost.dll","CommandLine":"\"C:\\Program Files\\WindowsApps\\Microsoft.YourPhone_1.24091.88.0_x64__8wekyb3d8bbwe\\PhoneExperienceHost.exe\" -ComServer:Background -Embedding","CurrentDirectory":"C:\\Windows\\system32\\","User":"WIN10\\richard","LogonGuid":"{53968da7-b202-6708-c295-020000000000}","LogonId":"0x295c2","TerminalSessionId":"1","IntegrityLevel":"Medium","Hashes":"MD5=E33D5E8351B09497650B3ECB299F61DD,SHA256=0360FB64BABF3FCF7EF1020272616D8D53307D01CA784892871C1691A1F0B098,IMPHASH=6A91EB82BFD19D2706C7D43C46F7064E","ParentProcessGuid":"{53968da7-b200-6708-0d00-00000000fb00}","ParentProcessId":"884","ParentImage":"C:\\Windows\\System32\\svchost.exe","ParentCommandLine":"C:\\Windows\\system32\\svchost.exe -k DcomLaunch -p","ParentUser":"NT AUTHORITY\\SYSTEM"}}
{"LogSource":"Microsoft-Windows-Sysmon/Operational","EventId":22,"TimeCreated":"2024-10-10T22:06:19.4905173-07:00","RecordId":171244,"MachineName":"Win10","EventData":{"RuleName":"-","UtcTime":"2024-10-11 05:06:19.489","ProcessGuid":"{53968da7-b247-6708-bb00-00000000fb00}","ProcessId":"8244","QueryName":"default.exp-tas.com","QueryStatus":"0","QueryResults":"::;::ffff:0:0;","Image":"C:\\Program Files\\WindowsApps\\Microsoft.YourPhone_1.24091.88.0_x64__8wekyb3d8bbwe\\PhoneExperienceHost.exe","User":"WIN10\\richard"}}
{"LogSource":"Microsoft-Windows-Sysmon/Operational","EventId":1,"TimeCreated":"2024-10-10T22:07:12.0269019-07:00","RecordId":171245,"MachineName":"Win10","EventData":{"RuleName":"-","UtcTime":"2024-10-11 05:07:12.024","ProcessGuid":"{53968da7-b280-6708-be00-00000000fb00}","ProcessId":"8100","Image":"C:\\Program Files (x86)\\Microsoft\\EdgeUpdate\\MicrosoftEdgeUpdate.exe","FileVersion":"1.3.147.37","Description":"Microsoft Edge Update","Product":"Microsoft Edge Update","Company":"Microsoft Corporation","OriginalFileName":"msedgeupdate.dll","CommandLine":"\"C:\\Program Files (x86)\\Microsoft\\EdgeUpdate\\MicrosoftEdgeUpdate.exe\" /svc","CurrentDirectory":"C:\\Windows\\system32\\","User":"NT AUTHORITY\\SYSTEM","LogonGuid":"{53968da7-b200-6708-e703-000000000000}","LogonId":"0x3e7","TerminalSessionId":"0","IntegrityLevel":"System","Hashes":"MD5=C019E421D9F897108E51666CBAE2C8B0,SHA256=3096D8E82917A9B73F322F4B1743E52E9B0C8B3C5933A957E73E29D6973CDD5B,IMPHASH=E00D60405A249A05D3B09AA7FE924B17","ParentProcessGuid":"{53968da7-b1ff-6708-0b00-00000000fb00}","ParentProcessId":"740","ParentImage":"C:\\Windows\\System32\\services.exe","ParentCommandLine":"C:\\Windows\\system32\\services.exe","ParentUser":"NT AUTHORITY\\SYSTEM"}}
{"LogSource":"Microsoft-Windows-Sysmon/Operational","EventId":1,"TimeCreated":"2024-10-10T22:07:12.0709249-07:00","RecordId":171246,"MachineName":"Win10","EventData":{"RuleName":"-","UtcTime":"2024-10-11 05:07:12.068","ProcessGuid":"{53968da7-b280-6708-bf00-00000000fb00}","ProcessId":"8248","Image":"C:\\Program Files (x86)\\Microsoft\\EdgeUpdate\\MicrosoftEdgeUpdate.exe","FileVersion":"1.3.147.37","Description":"Microsoft Edge Update","Product":"Microsoft Edge Update","Company":"Microsoft Corporation","OriginalFileName":"msedgeupdate.dll","CommandLine":"\"C:\\Program Files (x86)\\Microsoft\\EdgeUpdate\\MicrosoftEdgeUpdate.exe\" /c","CurrentDirectory":"C:\\Program Files (x86)\\Microsoft\\EdgeUpdate\\1.3.195.25\\","User":"NT AUTHORITY\\SYSTEM","LogonGuid":"{53968da7-b200-6708-e703-000000000000}","LogonId":"0x3e7","TerminalSessionId":"0","IntegrityLevel":"System","Hashes":"MD5=C019E421D9F897108E51666CBAE2C8B0,SHA256=3096D8E82917A9B73F322F4B1743E52E9B0C8B3C5933A957E73E29D6973CDD5B,IMPHASH=E00D60405A249A05D3B09AA7FE924B17","ParentProcessGuid":"{53968da7-b280-6708-be00-00000000fb00}","ParentProcessId":"8100","ParentImage":"C:\\Program Files (x86)\\Microsoft\\EdgeUpdate\\MicrosoftEdgeUpdate.exe","ParentCommandLine":"\"C:\\Program Files (x86)\\Microsoft\\EdgeUpdate\\MicrosoftEdgeUpdate.exe\" /svc","ParentUser":"NT AUTHORITY\\SYSTEM"}}
{"LogSource":"Microsoft-Windows-Sysmon/Operational","EventId":1,"TimeCreated":"2024-10-10T22:07:12.2199769-07:00","RecordId":171247,"MachineName":"Win10","EventData":{"RuleName":"-","UtcTime":"2024-10-11 05:07:12.213","ProcessGuid":"{53968da7-b280-6708-c000-00000000fb00}","ProcessId":"8556","Image":"C:\\Windows\\System32\\SgrmBroker.exe","FileVersion":"10.0.19041.4355 (WinBuild.160101.0800)","Description":"System Guard Runtime Monitor Broker Service","Product":"Microsoft® Windows® Operating System","Company":"Microsoft Corporation","OriginalFileName":"SgrmBroker.exe","CommandLine":"C:\\Windows\\system32\\SgrmBroker.exe","CurrentDirectory":"C:\\Windows","User":"NT AUTHORITY\\SYSTEM","LogonGuid":"{53968da7-b200-6708-e703-000000000000}","LogonId":"0x3e7","TerminalSessionId":"0","IntegrityLevel":"System","Hashes":"MD5=66757F23140AC0776C86A259BAE23F9D,SHA256=798D49A8E6984EC3C559C40A6D6E7BBA1DE1272816157AA4E90B41A2BA6A4635,IMPHASH=A1CEC4880519264E008442D1427A48FB","ParentProcessGuid":"{53968da7-b1ff-6708-0b00-00000000fb00}","ParentProcessId":"740","ParentImage":"C:\\Windows\\System32\\services.exe","ParentCommandLine":"C:\\Windows\\system32\\services.exe","ParentUser":"NT AUTHORITY\\SYSTEM"}}
{"LogSource":"Microsoft-Windows-Sysmon/Operational","EventId":1,"TimeCreated":"2024-10-10T22:07:12.8782656-07:00","RecordId":171248,"MachineName":"Win10","EventData":{"RuleName":"-","UtcTime":"2024-10-11 05:07:12.861","ProcessGuid":"{53968da7-b280-6708-c200-00000000fb00}","ProcessId":"8576","Image":"C:\\Windows\\System32\\MoUsoCoreWorker.exe","FileVersion":"10.0.19041.4957 (WinBuild.160101.0800)","Description":"MoUSO Core Worker Process","Product":"Microsoft® Windows® Operating System","Company":"Microsoft Corporation","OriginalFileName":"MoUSOCoreWorker.exe","CommandLine":"C:\\Windows\\System32\\mousocoreworker.exe -Embedding","CurrentDirectory":"C:\\Windows\\system32\\","User":"NT AUTHORITY\\SYSTEM","LogonGuid":"{53968da7-b200-6708-e703-000000000000}","LogonId":"0x3e7","TerminalSessionId":"0","IntegrityLevel":"System","Hashes":"MD5=F26685B9958880A9F738D9549803E53A,SHA256=9972C3232AA8BD10CB24B9C64085140C2A7AC94927785E293AE09A26FFF92F93,IMPHASH=517D061733F6C6DD355EF860B4AF63BE","ParentProcessGuid":"{53968da7-b200-6708-0d00-00000000fb00}","ParentProcessId":"884","ParentImage":"C:\\Windows\\System32\\svchost.exe","ParentCommandLine":"C:\\Windows\\system32\\svchost.exe -k DcomLaunch -p","ParentUser":"NT AUTHORITY\\SYSTEM"}}
{"LogSource":"Microsoft-Windows-Sysmon/Operational","EventId":1,"TimeCreated":"2024-10-10T22:07:12.9231329-07:00","RecordId":171249,"MachineName":"Win10","EventData":{"RuleName":"-","UtcTime":"2024-10-11 05:07:12.920","ProcessGuid":"{53968da7-b280-6708-c300-00000000fb00}","ProcessId":"8400","Image":"C:\\Windows\\System32\\svchost.exe","FileVersion":"10.0.19041.4355 (WinBuild.160101.0800)","Description":"Host Process for Windows Services","Product":"Microsoft® Windows® Operating System","Company":"Microsoft Corporation","OriginalFileName":"svchost.exe","CommandLine":"C:\\Windows\\system32\\svchost.exe -k LocalService","CurrentDirectory":"C:\\Windows\\system32\\","User":"NT AUTHORITY\\LOCAL SERVICE","LogonGuid":"{53968da7-b200-6708-e503-000000000000}","LogonId":"0x3e5","TerminalSessionId":"0","IntegrityLevel":"System","Hashes":"MD5=7469CC568AD6821FD9D925542730A7D8,SHA256=6FC3BF1FDFD76860BE782554F8D25BD32F108DB934D70F4253F1E5F23522E503,IMPHASH=F9BBD96FAE53B7A31264A703CAFA0666","ParentProcessGuid":"{53968da7-b1ff-6708-0b00-00000000fb00}","ParentProcessId":"740","ParentImage":"C:\\Windows\\System32\\services.exe","ParentCommandLine":"C:\\Windows\\system32\\services.exe","ParentUser":"NT AUTHORITY\\SYSTEM"}}
{"LogSource":"Microsoft-Windows-Sysmon/Operational","EventId":1,"TimeCreated":"2024-10-10T22:07:13.8499144-07:00","RecordId":171250,"MachineName":"Win10","EventData":{"RuleName":"-","UtcTime":"2024-10-11 05:07:13.274","ProcessGuid":"{53968da7-b281-6708-c400-00000000fb00}","ProcessId":"7740","Image":"C:\\Users\\richard\\Desktop\\winlogbeat-8.12.2-windows-x86_64\\winlogbeat.exe","FileVersion":"8.12.2","Description":"Winlogbeat ships Windows event logs to Elasticsearch or Logstash.","Product":"Winlogbeat","Company":"Elastic","OriginalFileName":"winlogbeat.exe","CommandLine":"\"C:\\Users\\richard\\Desktop\\winlogbeat-8.12.2-windows-x86_64\\winlogbeat.exe\" --environment=windows_service -c \"C:\\Users\\richard\\Desktop\\winlogbeat-8.12.2-windows-x86_64\\winlogbeat.yml\" --path.home \"C:\\Users\\richard\\Desktop\\winlogbeat-8.12.2-windows-x86_64\" --path.data \"C:\\ProgramData\\winlogbeat\" --path.logs \"C:\\ProgramData\\winlogbeat\\logs\" -E logging.files.redirect_stderr=true","CurrentDirectory":"C:\\Windows\\system32\\","User":"NT AUTHORITY\\SYSTEM","LogonGuid":"{53968da7-b200-6708-e703-000000000000}","LogonId":"0x3e7","TerminalSessionId":"0","IntegrityLevel":"System","Hashes":"MD5=2BAD8EFC0D506E67BCDA160ABADD017F,SHA256=D62624145B8FDD20DDB070C9EB4D7F5EC4F3224332A59A9A6517E26E6E350DAD,IMPHASH=65892A964106B5E0C6C363FDF21975EB","ParentProcessGuid":"{53968da7-b1ff-6708-0b00-00000000fb00}","ParentProcessId":"740","ParentImage":"C:\\Windows\\System32\\services.exe","ParentCommandLine":"C:\\Windows\\system32\\services.exe","ParentUser":"NT AUTHORITY\\SYSTEM"}}
{"LogSource":"Microsoft-Windows-Sysmon/Operational","EventId":1,"TimeCreated":"2024-10-10T22:07:14.2160389-07:00","RecordId":171252,"MachineName":"Win10","EventData":{"RuleName":"-","UtcTime":"2024-10-11 05:07:14.213","ProcessGuid":"{53968da7-b282-6708-c600-00000000fb00}","ProcessId":"5092","Image":"C:\\Windows\\System32\\svchost.exe","FileVersion":"10.0.19041.4355 (WinBuild.160101.0800)","Description":"Host Process for Windows Services","Product":"Microsoft® Windows® Operating System","Company":"Microsoft Corporation","OriginalFileName":"svchost.exe","CommandLine":"C:\\Windows\\System32\\svchost.exe -k LocalServiceNetworkRestricted -p","CurrentDirectory":"C:\\Windows\\system32\\","User":"NT AUTHORITY\\LOCAL SERVICE","LogonGuid":"{53968da7-b200-6708-e503-000000000000}","LogonId":"0x3e5","TerminalSessionId":"0","IntegrityLevel":"System","Hashes":"MD5=7469CC568AD6821FD9D925542730A7D8,SHA256=6FC3BF1FDFD76860BE782554F8D25BD32F108DB934D70F4253F1E5F23522E503,IMPHASH=F9BBD96FAE53B7A31264A703CAFA0666","ParentProcessGuid":"{53968da7-b1ff-6708-0b00-00000000fb00}","ParentProcessId":"740","ParentImage":"C:\\Windows\\System32\\services.exe","ParentCommandLine":"C:\\Windows\\system32\\services.exe","ParentUser":"NT AUTHORITY\\SYSTEM"}}
{"LogSource":"Microsoft-Windows-Sysmon/Operational","EventId":22,"TimeCreated":"2024-10-10T22:07:14.7138593-07:00","RecordId":171253,"MachineName":"Win10","EventData":{"RuleName":"-","UtcTime":"2024-10-11 05:07:08.692","ProcessGuid":"{53968da7-b200-6708-1900-00000000fb00}","ProcessId":"1388","QueryName":"NT AUTHORITY","QueryStatus":"9560","QueryResults":"-","Image":"C:\\Windows\\System32\\svchost.exe","User":"NT AUTHORITY\\NETWORK SERVICE"}}
{"LogSource":"Microsoft-Windows-Sysmon/Operational","EventId":1,"TimeCreated":"2024-10-10T22:07:13.8634177-07:00","RecordId":171251,"MachineName":"Win10","EventData":{"RuleName":"-","UtcTime":"2024-10-11 05:07:13.861","ProcessGuid":"{53968da7-b281-6708-c500-00000000fb00}","ProcessId":"5976","Image":"C:\\Windows\\System32\\svchost.exe","FileVersion":"10.0.19041.4355 (WinBuild.160101.0800)","Description":"Host Process for Windows Services","Product":"Microsoft® Windows® Operating System","Company":"Microsoft Corporation","OriginalFileName":"svchost.exe","CommandLine":"C:\\Windows\\system32\\svchost.exe -k wusvcs -p","CurrentDirectory":"C:\\Windows\\system32\\","User":"NT AUTHORITY\\SYSTEM","LogonGuid":"{53968da7-b200-6708-e703-000000000000}","LogonId":"0x3e7","TerminalSessionId":"0","IntegrityLevel":"System","Hashes":"MD5=7469CC568AD6821FD9D925542730A7D8,SHA256=6FC3BF1FDFD76860BE782554F8D25BD32F108DB934D70F4253F1E5F23522E503,IMPHASH=F9BBD96FAE53B7A31264A703CAFA0666","ParentProcessGuid":"{53968da7-b1ff-6708-0b00-00000000fb00}","ParentProcessId":"740","ParentImage":"C:\\Windows\\System32\\services.exe","ParentCommandLine":"C:\\Windows\\system32\\services.exe","ParentUser":"NT AUTHORITY\\SYSTEM"}}
{"LogSource":"Microsoft-Windows-Sysmon/Operational","EventId":1,"TimeCreated":"2024-10-10T22:07:21.3610372-07:00","RecordId":171254,"MachineName":"Win10","EventData":{"RuleName":"-","UtcTime":"2024-10-11 05:07:21.352","ProcessGuid":"{53968da7-b289-6708-c700-00000000fb00}","ProcessId":"6964","Image":"C:\\Windows\\System32\\taskhostw.exe","FileVersion":"10.0.19041.4474 (WinBuild.160101.0800)","Description":"Host Process for Windows Tasks","Product":"Microsoft® Windows® Operating System","Company":"Microsoft Corporation","OriginalFileName":"taskhostw.exe","CommandLine":"taskhostw.exe $(Arg0)","CurrentDirectory":"C:\\Windows\\system32\\","User":"WIN10\\richard","LogonGuid":"{53968da7-b202-6708-7195-020000000000}","LogonId":"0x29571","TerminalSessionId":"1","IntegrityLevel":"High","Hashes":"MD5=933581DCB7B289D61B63F08544540BA5,SHA256=1C7B7E7026EF8307BF33AFDADF1D49E7C1EE4C829260B4F6988185D22D7BCC3A,IMPHASH=3A0C6863CDE566AF997DB2DEFFF9D924","ParentProcessGuid":"{53968da7-b200-6708-1100-00000000fb00}","ParentProcessId":"492","ParentImage":"C:\\Windows\\System32\\svchost.exe","ParentCommandLine":"C:\\Windows\\system32\\svchost.exe -k netsvcs -p","ParentUser":"NT AUTHORITY\\SYSTEM"}}
{"LogSource":"Microsoft-Windows-Sysmon/Operational","EventId":1,"TimeCreated":"2024-10-10T22:07:25.3644257-07:00","RecordId":171255,"MachineName":"Win10","EventData":{"RuleName":"-","UtcTime":"2024-10-11 05:07:25.361","ProcessGuid":"{53968da7-b28d-6708-c800-00000000fb00}","ProcessId":"7940","Image":"C:\\Program Files\\Opera\\opera.exe","FileVersion":"113.0.5230.142","Description":"Opera Internet Browser","Product":"Opera Internet Browser","Company":"Opera Software","OriginalFileName":"-","CommandLine":"\"C:\\Program Files\\Opera\\opera.exe\" --type=gpu-process --disable-gpu-sandbox --use-gl=disabled --gpu-vendor-id=5140 --gpu-device-id=140 --gpu-sub-system-id=0 --gpu-revision=0 --gpu-driver-version=10.0.19041.4355 --start-stack-profiler --with-feature:address-bar-dropdown-autocompleted-domains=off --with-feature:address-bar-dropdown-cities=on --with-feature:address-bar-keywords-monetization=on --with-feature:amazon-new-ids=on --with-feature:amp-requests-stats=on --with-feature:aria-command-line-in-extension=on --with-feature:aria-command-line-react=on --with-feature:capital-one-cashback-protection=on --with-feature:cashback-assistant=off --with-feature:continue-on-booking=on --with-feature:continue-on-shopping-via-amp=off --with-feature:continue-shopping=on --with-feature:continue-shopping-2=on --with-feature:continue-shopping-5=on --with-feature:continue-shopping-structured-partners=on --with-feature:feature-remote-disable-updates-testing-flag=off --with-feature:feature-remote-updates-testing-flag=on --with-feature:lucid-mode-hide-text=on --with-feature:native-crypto-wallet=on --with-feature:opera-startpage-special=on --with-feature:password-generator=off --with-feature:sd-suggestions-external=on --with-feature:session-restore-attribution=on --with-feature:sitecheck-age=on --with-feature:specific-keywords=on --with-feature:startpage-content-phase-1=off --with-feature:startpage-opening-animation=off --with-feature:startpage-sync-banner-ref=on --with-feature:installer-experiment-test=off --with-feature:installer-bypass-launcher=on --gpu-preferences=WAAAAAAAAADoAAAMAAAAAAAAAAAAAAAAAABgAAEAAAA4AAAAAAAAAAAAAACEAAAAAAAAAAAAAAAAAAAAAAAAAAAAAAAAAAAAGAAAAAAAAAAYAAAAAAAAAAgAAAAAAAAACAAAAAAAAAAIAAAAAAAAAA== --field-trial-handle=7756,i,336352263411213086,7753158056796434756,262144 --disable-features=CertificateTransparencyAskBeforeEnabling --variations-seed-version --mojo-platform-channel-handle=8796 /prefetch:8","CurrentDirectory":"C:\\Program Files\\Opera\\113.0.5230.142\\","User":"WIN10\\richard","LogonGuid":"{53968da7-b202-6708-c295-020000000000}","LogonId":"0x295c2","TerminalSessionId":"1","IntegrityLevel":"Medium","Hashes":"MD5=00886BEAC3A9EF1E6E0A4416B5D36364,SHA256=D821A30BA3F5444832E88FEBC920CFD4409C513920DD0072258E2AFEF426DBBB,IMPHASH=8D46F7C0404DD8927121BE5BD79354F5","ParentProcessGuid":"{53968da7-b217-6708-8e00-00000000fb00}","ParentProcessId":"5292","ParentImage":"C:\\Program Files\\Opera\\opera.exe","ParentCommandLine":"\"C:\\Program Files\\Opera\\opera.exe\" ","ParentUser":"WIN10\\richard"}}
{"LogSource":"Microsoft-Windows-Sysmon/Operational","EventId":1,"TimeCreated":"2024-10-10T22:08:05.3647303-07:00","RecordId":171256,"MachineName":"Win10","EventData":{"RuleName":"-","UtcTime":"2024-10-11 05:08:05.359","ProcessGuid":"{53968da7-b2b5-6708-c900-00000000fb00}","ProcessId":"2368","Image":"C:\\Windows\\System32\\taskhostw.exe","FileVersion":"10.0.19041.4474 (WinBuild.160101.0800)","Description":"Host Process for Windows Tasks","Product":"Microsoft® Windows® Operating System","Company":"Microsoft Corporation","OriginalFileName":"taskhostw.exe","CommandLine":"taskhostw.exe","CurrentDirectory":"C:\\Windows\\system32\\","User":"NT AUTHORITY\\SYSTEM","LogonGuid":"{53968da7-b200-6708-e703-000000000000}","LogonId":"0x3e7","TerminalSessionId":"0","IntegrityLevel":"System","Hashes":"MD5=933581DCB7B289D61B63F08544540BA5,SHA256=1C7B7E7026EF8307BF33AFDADF1D49E7C1EE4C829260B4F6988185D22D7BCC3A,IMPHASH=3A0C6863CDE566AF997DB2DEFFF9D924","ParentProcessGuid":"{53968da7-b200-6708-1100-00000000fb00}","ParentProcessId":"492","ParentImage":"C:\\Windows\\System32\\svchost.exe","ParentCommandLine":"C:\\Windows\\system32\\svchost.exe -k netsvcs -p","ParentUser":"NT AUTHORITY\\SYSTEM"}}
