{"LogSource":"Microsoft-Windows-Sysmon/Operational","EventId":1,"TimeCreated":"2024-10-10T22:15:14.1513317-07:00","RecordId":171322,"MachineName":"Win10","EventData":{"RuleName":"-","UtcTime":"2024-10-11 05:15:14.143","ProcessGuid":"{53968da7-b462-6708-e100-00000000fb00}","ProcessId":"6372","Image":"C:\\Windows\\System32\\UCPDMgr.exe","FileVersion":"3.0.0.494779","Description":"User Choice Protection Manager","Product":"Microsoft® Windows® Operating System","Company":"Microsoft Corporation","OriginalFileName":"UCPDMgr.exe","CommandLine":"\"C:\\Windows\\system32\\UCPDMgr.exe\"","CurrentDirectory":"C:\\Windows\\system32\\","User":"NT AUTHORITY\\SYSTEM","LogonGuid":"{53968da7-b200-6708-e703-000000000000}","LogonId":"0x3e7","TerminalSessionId":"0","IntegrityLevel":"System","Hashes":"MD5=C09CC52610FA7C908A4B9670092C4F39,SHA256=3CC069B5AFB589E83501C81EDEC21B31C970291645B39E2EB93721D9E34EF715,IMPHASH=2BEFA395D86CAC3ACB020B08F8DC53AA","ParentProcessGuid":"{53968da7-b200-6708-1100-00000000fb00}","ParentProcessId":"492","ParentImage":"C:\\Windows\\System32\\svchost.exe","ParentCommandLine":"C:\\Windows\\system32\\svchost.exe -k netsvcs -p","ParentUser":"NT AUTHORITY\\SYSTEM"}}
{"LogSource":"Microsoft-Windows-Sysmon/Operational","EventId":1,"TimeCreated":"2024-10-10T22:15:14.1997235-07:00","RecordId":171324,"MachineName":"Win10","EventData":{"RuleName":"-","UtcTime":"2024-10-11 05:15:14.185","ProcessGuid":"{53968da7-b462-6708-e400-00000000fb00}","ProcessId":"1968","Image":"C:\\Windows\\servicing\\TrustedInstaller.exe","FileVersion":"10.0.19041.4355 (WinBuild.160101.0800)","Description":"Windows Modules Installer","Product":"Microsoft® Windows® Operating System","Company":"Microsoft Corporation","OriginalFileName":"TrustedInstaller.exe","CommandLine":"C:\\Windows\\servicing\\TrustedInstaller.exe","CurrentDirectory":"C:\\Windows\\system32\\","User":"NT AUTHORITY\\SYSTEM","LogonGuid":"{53968da7-b200-6708-e703-000000000000}","LogonId":"0x3e7","TerminalSessionId":"0","IntegrityLevel":"System","Hashes":"MD5=8BFD0993E6AF9B71F6EC20967E7F4E66,SHA256=93995D019FAB5633DE86938FA84AC43A38951EE5DB9577B1651857E3880437EB,IMPHASH=B898664253FDA776233DB48555E7463B","ParentProcessGuid":"{53968da7-b1ff-6708-0b00-00000000fb00}","ParentProcessId":"740","ParentImage":"C:\\Windows\\System32\\services.exe","ParentCommandLine":"C:\\Windows\\system32\\services.exe","ParentUser":"NT AUTHORITY\\SYSTEM"}}
{"LogSource":"Microsoft-Windows-Sysmon/Operational","EventId":1,"TimeCreated":"2024-10-10T22:15:14.1703117-07:00","RecordId":171323,"MachineName":"Win10","EventData":{"RuleName":"-","UtcTime":"2024-10-11 05:15:14.161","ProcessGuid":"{53968da7-b462-6708-e300-00000000fb00}","ProcessId":"772","Image":"C:\\Windows\\System32\\provtool.exe","FileVersion":"10.0.19041.4355 (WinBuild.160101.0800)","Description":"Provisioning package runtime processing tool","Product":"Microsoft® Windows® Operating System","Company":"Microsoft Corporation","OriginalFileName":"provtool","CommandLine":"\"C:\\Windows\\system32\\ProvTool.exe\" /turn 5 /source LogonIdleTask","CurrentDirectory":"C:\\Windows\\system32\\","User":"NT AUTHORITY\\SYSTEM","LogonGuid":"{53968da7-b200-6708-e703-000000000000}","LogonId":"0x3e7","TerminalSessionId":"0","IntegrityLevel":"System","Hashes":"MD5=0EC192DA77FC5321EA4F23AA63E4E4CA,SHA256=083504121D400709E7262C8E118E1D68B23C1B86BB12A93F4C733671C180C9BF,IMPHASH=CAEB128D8391C47393ACE4DC25CDCF6B","ParentProcessGuid":"{53968da7-b200-6708-1100-00000000fb00}","ParentProcessId":"492","ParentImage":"C:\\Windows\\System32\\svchost.exe","ParentCommandLine":"C:\\Windows\\system32\\svchost.exe -k netsvcs -p","ParentUser":"NT AUTHORITY\\SYSTEM"}}
{"LogSource":"Microsoft-Windows-Sysmon/Operational","EventId":1,"TimeCreated":"2024-10-10T22:15:14.2477274-07:00","RecordId":171325,"MachineName":"Win10","EventData":{"RuleName":"-","UtcTime":"2024-10-11 05:15:14.236","ProcessGuid":"{53968da7-b462-6708-e500-00000000fb00}","ProcessId":"4764","Image":"C:\\Windows\\WinSxS\\amd64_microsoft-windows-servicingstack_31bf3856ad364e35_10.0.19041.4950_none_7dd913727cb4d87c\\TiWorker.exe","FileVersion":"10.0.19041.4950 (WinBuild.160101.0800)","Description":"Windows Modules Installer Worker","Product":"Microsoft® Windows® Operating System","Company":"Microsoft Corporation","OriginalFileName":"TiWorker.exe","CommandLine":"C:\\Windows\\winsxs\\amd64_microsoft-windows-servicingstack_31bf3856ad364e35_10.0.19041.4950_none_7dd913727cb4d87c\\TiWorker.exe -Embedding","CurrentDirectory":"C:\\Windows\\system32\\","User":"NT AUTHORITY\\SYSTEM","LogonGuid":"{53968da7-b200-6708-e703-000000000000}","LogonId":"0x3e7","TerminalSessionId":"0","IntegrityLevel":"System","Hashes":"MD5=8BB8E0213FE25734849C99B14BF2D9FB,SHA256=4C73E3B1A99F00E9D24ABD2476B5F36AB0A4C6C46BC768CF38409BBEB08AA3BA,IMPHASH=C139ED9A7073C8648B89D9641D69031A","ParentProcessGuid":"{53968da7-b200-6708-0d00-00000000fb00}","ParentProcessId":"884","ParentImage":"C:\\Windows\\System32\\svchost.exe","ParentCommandLine":"C:\\Windows\\system32\\svchost.exe -k DcomLaunch -p","ParentUser":"NT AUTHORITY\\SYSTEM"}}
{"LogSource":"Microsoft-Windows-Sysmon/Operational","EventId":1,"TimeCreated":"2024-10-10T22:15:14.6663594-07:00","RecordId":171326,"MachineName":"Win10","EventData":{"RuleName":"-","UtcTime":"2024-10-11 05:15:14.663","ProcessGuid":"{53968da7-b462-6708-e600-00000000fb00}","ProcessId":"2312","Image":"C:\\Windows\\System32\\svchost.exe","FileVersion":"10.0.19041.4355 (WinBuild.160101.0800)","Description":"Host Process for Windows Services","Product":"Microsoft® Windows® Operating System","Company":"Microsoft Corporation","OriginalFileName":"svchost.exe","CommandLine":"C:\\Windows\\system32\\svchost.exe -k netsvcs -p","CurrentDirectory":"C:\\Windows\\system32\\","User":"NT AUTHORITY\\SYSTEM","LogonGuid":"{53968da7-b200-6708-e703-000000000000}","LogonId":"0x3e7","TerminalSessionId":"0","IntegrityLevel":"System","Hashes":"MD5=7469CC568AD6821FD9D925542730A7D8,SHA256=6FC3BF1FDFD76860BE782554F8D25BD32F108DB934D70F4253F1E5F23522E503,IMPHASH=F9BBD96FAE53B7A31264A703CAFA0666","ParentProcessGuid":"{53968da7-b1ff-6708-0b00-00000000fb00}","ParentProcessId":"740","ParentImage":"C:\\Windows\\System32\\services.exe","ParentCommandLine":"C:\\Windows\\system32\\services.exe","ParentUser":"NT AUTHORITY\\SYSTEM"}}
{"LogSource":"Microsoft-Windows-Sysmon/Operational","EventId":1,"TimeCreated":"2024-10-10T22:15:15.1634058-07:00","RecordId":171327,"MachineName":"Win10","EventData":{"RuleName":"-","UtcTime":"2024-10-11 05:15:15.161","ProcessGuid":"{53968da7-b463-6708-e700-00000000fb00}","ProcessId":"9100","Image":"C:\\Windows\\System32\\taskhostw.exe","FileVersion":"10.0.19041.4474 (WinBuild.160101.0800)","Description":"Host Process for Windows Tasks","Product":"Microsoft® Windows® Operating System","Company":"Microsoft Corporation","OriginalFileName":"taskhostw.exe","CommandLine":"taskhostw.exe","CurrentDirectory":"C:\\Windows\\system32\\","User":"NT AUTHORITY\\SYSTEM","LogonGuid":"{53968da7-b200-6708-e703-000000000000}","LogonId":"0x3e7","TerminalSessionId":"0","IntegrityLevel":"System","Hashes":"MD5=933581DCB7B289D61B63F08544540BA5,SHA256=1C7B7E7026EF8307BF33AFDADF1D49E7C1EE4C829260B4F6988185D22D7BCC3A,IMPHASH=3A0C6863CDE566AF997DB2DEFFF9D924","ParentProcessGuid":"{53968da7-b200-6708-1100-00000000fb00}","ParentProcessId":"492","ParentImage":"C:\\Windows\\System32\\svchost.exe","ParentCommandLine":"C:\\Windows\\system32\\svchost.exe -k netsvcs -p","ParentUser":"NT AUTHORITY\\SYSTEM"}}
{"LogSource":"Microsoft-Windows-Sysmon/Operational","EventId":1,"TimeCreated":"2024-10-10T22:15:15.1722326-07:00","RecordId":171328,"MachineName":"Win10","EventData":{"RuleName":"-","UtcTime":"2024-10-11 05:15:15.167","ProcessGuid":"{53968da7-b463-6708-e800-00000000fb00}","ProcessId":"1220","Image":"C:\\Windows\\System32\\Defrag.exe","FileVersion":"10.0.19041.3636 (WinBuild.160101.0800)","Description":"Disk Defragmenter Module","Product":"Windows Drive Optimizer","Company":"Microsoft Corp.","OriginalFileName":"Defrag.EXE","CommandLine":"\"C:\\Windows\\system32\\defrag.exe\" -c -h -o -$","CurrentDirectory":"C:\\Windows\\system32\\","User":"NT AUTHORITY\\SYSTEM","LogonGuid":"{53968da7-b200-6708-e703-000000000000}","LogonId":"0x3e7","TerminalSessionId":"0","IntegrityLevel":"System","Hashes":"MD5=073A737F87D42A79FE66F75496E4C7C1,SHA256=4EAE5E09C798D4435F88E4B4131EA04F81C3B0095753F436DD10D054130795C3,IMPHASH=9233D07CE8B477A0DE3511C3B6B4B24D","ParentProcessGuid":"{53968da7-b200-6708-1100-00000000fb00}","ParentProcessId":"492","ParentImage":"C:\\Windows\\System32\\svchost.exe","ParentCommandLine":"C:\\Windows\\system32\\svchost.exe -k netsvcs -p","ParentUser":"NT AUTHORITY\\SYSTEM"}}
{"LogSource":"Microsoft-Windows-Sysmon/Operational","EventId":1,"TimeCreated":"2024-10-10T22:15:15.1789502-07:00","RecordId":171329,"MachineName":"Win10","EventData":{"RuleName":"-","UtcTime":"2024-10-11 05:15:15.174","ProcessGuid":"{53968da7-b463-6708-e900-00000000fb00}","ProcessId":"1424","Image":"C:\\Windows\\System32\\lpremove.exe","FileVersion":"10.0.19041.4355 (WinBuild.160101.0800)","Description":"MUI Language pack cleanup","Product":"Microsoft® Windows® Operating System","Company":"Microsoft Corporation","OriginalFileName":"lpremove.exe","CommandLine":"\"C:\\Windows\\system32\\lpremove.exe\"","CurrentDirectory":"C:\\Windows\\system32\\","User":"NT AUTHORITY\\SYSTEM","LogonGuid":"{53968da7-b200-6708-e703-000000000000}","LogonId":"0x3e7","TerminalSessionId":"0","IntegrityLevel":"System","Hashes":"MD5=622C122775628AA268DDDAAFEE621D96,SHA256=ADBA6D8A0218EE647CE826932DCD3591B25ABF84C62F13B07D2E10F37834A476,IMPHASH=2CE3B69EDF64B3D3627C181D0422215F","ParentProcessGuid":"{53968da7-b200-6708-1100-00000000fb00}","ParentProcessId":"492","ParentImage":"C:\\Windows\\System32\\svchost.exe","ParentCommandLine":"C:\\Windows\\system32\\svchost.exe -k netsvcs -p","ParentUser":"NT AUTHORITY\\SYSTEM"}}
{"LogSource":"Microsoft-Windows-Sysmon/Operational","EventId":1,"TimeCreated":"2024-10-10T22:15:15.1899964-07:00","RecordId":171330,"MachineName":"Win10","EventData":{"RuleName":"-","UtcTime":"2024-10-11 05:15:15.182","ProcessGuid":"{53968da7-b463-6708-eb00-00000000fb00}","ProcessId":"7684","Image":"C:\\Windows\\System32\\rundll32.exe","FileVersion":"10.0.19041.4648 (WinBuild.160101.0800)","Description":"Windows host process (Rundll32)","Product":"Microsoft® Windows® Operating System","Company":"Microsoft Corporation","OriginalFileName":"RUNDLL32.EXE","CommandLine":"\"C:\\Windows\\system32\\rundll32.exe\" Startupscan.dll,SusRunTask","CurrentDirectory":"C:\\Windows\\system32\\","User":"WIN10\\richard","LogonGuid":"{53968da7-b202-6708-c295-020000000000}","LogonId":"0x295c2","TerminalSessionId":"1","IntegrityLevel":"Medium","Hashes":"MD5=D28778D07C8F7CA59B7569E4EDA54512,SHA256=770832DA77324F205306B4D89C02BA2B98DCE87207A82D4BF9B1D076608862D6,IMPHASH=F207A867D6098266EE63A3CA677EB0FF","ParentProcessGuid":"{53968da7-b200-6708-1100-00000000fb00}","ParentProcessId":"492","ParentImage":"C:\\Windows\\System32\\svchost.exe","ParentCommandLine":"C:\\Windows\\system32\\svchost.exe -k netsvcs -p","ParentUser":"NT AUTHORITY\\SYSTEM"}}
{"LogSource":"Microsoft-Windows-Sysmon/Operational","EventId":1,"TimeCreated":"2024-10-10T22:15:15.1946025-07:00","RecordId":171331,"MachineName":"Win10","EventData":{"RuleName":"-","UtcTime":"2024-10-11 05:15:15.192","ProcessGuid":"{53968da7-b463-6708-ed00-00000000fb00}","ProcessId":"1772","Image":"C:\\Windows\\System32\\taskhostw.exe","FileVersion":"10.0.19041.4474 (WinBuild.160101.0800)","Description":"Host Process for Windows Tasks","Product":"Microsoft® Windows® Operating System","Company":"Microsoft Corporation","OriginalFileName":"taskhostw.exe","CommandLine":"taskhostw.exe","CurrentDirectory":"C:\\Windows\\system32\\","User":"WIN10\\richard","LogonGuid":"{53968da7-b202-6708-7195-020000000000}","LogonId":"0x29571","TerminalSessionId":"1","IntegrityLevel":"High","Hashes":"MD5=933581DCB7B289D61B63F08544540BA5,SHA256=1C7B7E7026EF8307BF33AFDADF1D49E7C1EE4C829260B4F6988185D22D7BCC3A,IMPHASH=3A0C6863CDE566AF997DB2DEFFF9D924","ParentProcessGuid":"{53968da7-b200-6708-1100-00000000fb00}","ParentProcessId":"492","ParentImage":"C:\\Windows\\System32\\svchost.exe","ParentCommandLine":"C:\\Windows\\system32\\svchost.exe -k netsvcs -p","ParentUser":"NT AUTHORITY\\SYSTEM"}}
{"LogSource":"Microsoft-Windows-Sysmon/Operational","EventId":1,"TimeCreated":"2024-10-10T22:15:15.2009418-07:00","RecordId":171332,"MachineName":"Win10","EventData":{"RuleName":"-","UtcTime":"2024-10-11 05:15:15.198","ProcessGuid":"{53968da7-b463-6708-ee00-00000000fb00}","ProcessId":"8224","Image":"C:\\Windows\\System32\\sc.exe","FileVersion":"10.0.19041.1 (WinBuild.160101.0800)","Description":"Service Control Manager Configuration Tool","Product":"Microsoft® Windows® Operating System","Company":"Microsoft Corporation","OriginalFileName":"sc.exe","CommandLine":"\"C:\\Windows\\system32\\sc.exe\" start w32time task_started","CurrentDirectory":"C:\\Windows\\system32\\","User":"NT AUTHORITY\\LOCAL SERVICE","LogonGuid":"{53968da7-b200-6708-e503-000000000000}","LogonId":"0x3e5","TerminalSessionId":"0","IntegrityLevel":"System","Hashes":"MD5=3FB5CF71F7E7EB49790CB0E663434D80,SHA256=41F067C3A11B02FE39947F9EBA68AE5C7CB5BD1872A6009A4CD1506554A9ABA9,IMPHASH=803254E010814E69947095A2725B2AFD","ParentProcessGuid":"{53968da7-b200-6708-1100-00000000fb00}","ParentProcessId":"492","ParentImage":"C:\\Windows\\System32\\svchost.exe","ParentCommandLine":"C:\\Windows\\system32\\svchost.exe -k netsvcs -p","ParentUser":"NT AUTHORITY\\SYSTEM"}}
{"LogSource":"Microsoft-Windows-Sysmon/Operational","EventId":1,"TimeCreated":"2024-10-10T22:15:15.2071822-07:00","RecordId":171333,"MachineName":"Win10","EventData":{"RuleName":"-","UtcTime":"2024-10-11 05:15:15.204","ProcessGuid":"{53968da7-b463-6708-ef00-00000000fb00}","ProcessId":"3744","Image":"C:\\Windows\\System32\\taskhostw.exe","FileVersion":"10.0.19041.4474 (WinBuild.160101.0800)","Description":"Host Process for Windows Tasks","Product":"Microsoft® Windows® Operating System","Company":"Microsoft Corporation","OriginalFileName":"taskhostw.exe","CommandLine":"taskhostw.exe WimHashValidation","CurrentDirectory":"C:\\Windows\\system32\\","User":"NT AUTHORITY\\SYSTEM","LogonGuid":"{53968da7-b200-6708-e703-000000000000}","LogonId":"0x3e7","TerminalSessionId":"0","IntegrityLevel":"System","Hashes":"MD5=933581DCB7B289D61B63F08544540BA5,SHA256=1C7B7E7026EF8307BF33AFDADF1D49E7C1EE4C829260B4F6988185D22D7BCC3A,IMPHASH=3A0C6863CDE566AF997DB2DEFFF9D924","ParentProcessGuid":"{53968da7-b200-6708-1100-00000000fb00}","ParentProcessId":"492","ParentImage":"C:\\Windows\\System32\\svchost.exe","ParentCommandLine":"C:\\Windows\\system32\\svchost.exe -k netsvcs -p","ParentUser":"NT AUTHORITY\\SYSTEM"}}
{"LogSource":"Microsoft-Windows-Sysmon/Operational","EventId":1,"TimeCreated":"2024-10-10T22:15:15.2182059-07:00","RecordId":171334,"MachineName":"Win10","EventData":{"RuleName":"-","UtcTime":"2024-10-11 05:15:15.210","ProcessGuid":"{53968da7-b463-6708-f000-00000000fb00}","ProcessId":"7664","Image":"C:\\Windows\\System32\\rundll32.exe","FileVersion":"10.0.19041.4648 (WinBuild.160101.0800)","Description":"Windows host process (Rundll32)","Product":"Microsoft® Windows® Operating System","Company":"Microsoft Corporation","OriginalFileName":"RUNDLL32.EXE","CommandLine":"\"C:\\Windows\\system32\\rundll32.exe\" C:\\Windows\\system32\\Windows.StateRepositoryClient.dll,StateRepositoryDoMaintenanceTasks","CurrentDirectory":"C:\\Windows\\system32\\","User":"NT AUTHORITY\\SYSTEM","LogonGuid":"{53968da7-b200-6708-e703-000000000000}","LogonId":"0x3e7","TerminalSessionId":"0","IntegrityLevel":"System","Hashes":"MD5=D28778D07C8F7CA59B7569E4EDA54512,SHA256=770832DA77324F205306B4D89C02BA2B98DCE87207A82D4BF9B1D076608862D6,IMPHASH=F207A867D6098266EE63A3CA677EB0FF","ParentProcessGuid":"{53968da7-b200-6708-1100-00000000fb00}","ParentProcessId":"492","ParentImage":"C:\\Windows\\System32\\svchost.exe","ParentCommandLine":"C:\\Windows\\system32\\svchost.exe -k netsvcs -p","ParentUser":"NT AUTHORITY\\SYSTEM"}}
{"LogSource":"Microsoft-Windows-Sysmon/Operational","EventId":1,"TimeCreated":"2024-10-10T22:15:15.2247677-07:00","RecordId":171335,"MachineName":"Win10","EventData":{"RuleName":"-","UtcTime":"2024-10-11 05:15:15.223","ProcessGuid":"{53968da7-b463-6708-f100-00000000fb00}","ProcessId":"3548","Image":"C:\\Windows\\System32\\taskhostw.exe","FileVersion":"10.0.19041.4474 (WinBuild.160101.0800)","Description":"Host Process for Windows Tasks","Product":"Microsoft® Windows® Operating System","Company":"Microsoft Corporation","OriginalFileName":"taskhostw.exe","CommandLine":"taskhostw.exe","CurrentDirectory":"C:\\Windows\\system32\\","User":"NT AUTHORITY\\LOCAL SERVICE","LogonGuid":"{53968da7-b200-6708-e503-000000000000}","LogonId":"0x3e5","TerminalSessionId":"0","IntegrityLevel":"System","Hashes":"MD5=933581DCB7B289D61B63F08544540BA5,SHA256=1C7B7E7026EF8307BF33AFDADF1D49E7C1EE4C829260B4F6988185D22D7BCC3A,IMPHASH=3A0C6863CDE566AF997DB2DEFFF9D924","ParentProcessGuid":"{53968da7-b200-6708-1100-00000000fb00}","ParentProcessId":"492","ParentImage":"C:\\Windows\\System32\\svchost.exe","ParentCommandLine":"C:\\Windows\\system32\\svchost.exe -k netsvcs -p","ParentUser":"NT AUTHORITY\\SYSTEM"}}
{"LogSource":"Microsoft-Windows-Sysmon/Operational","EventId":1,"TimeCreated":"2024-10-10T22:15:15.2347262-07:00","RecordId":171336,"MachineName":"Win10","EventData":{"RuleName":"-","UtcTime":"2024-10-11 05:15:15.230","ProcessGuid":"{53968da7-b463-6708-f200-00000000fb00}","ProcessId":"4728","Image":"C:\\Windows\\System32\\DiskSnapshot.exe","FileVersion":"10.0.19041.3636 (WinBuild.160101.0800)","Description":"DiskSnapshot.exe","Product":"Microsoft® Windows® Operating System","Company":"Microsoft Corporation","OriginalFileName":"DiskSnapshot.exe","CommandLine":"\"C:\\Windows\\system32\\disksnapshot.exe\" -z","CurrentDirectory":"C:\\Windows\\system32\\","User":"NT AUTHORITY\\SYSTEM","LogonGuid":"{53968da7-b200-6708-e703-000000000000}","LogonId":"0x3e7","TerminalSessionId":"0","IntegrityLevel":"System","Hashes":"MD5=BAF48DA90F984A04A0DB198193C9D613,SHA256=1BBD9E2931A62767D69320442ED2144310BC84EBFD42B32845DC7B2D819A5548,IMPHASH=FE7AD8466575A5FBEB55263575F8CCF9","ParentProcessGuid":"{53968da7-b200-6708-1100-00000000fb00}","ParentProcessId":"492","ParentImage":"C:\\Windows\\System32\\svchost.exe","ParentCommandLine":"C:\\Windows\\system32\\svchost.exe -k netsvcs -p","ParentUser":"NT AUTHORITY\\SYSTEM"}}
{"LogSource":"Microsoft-Windows-Sysmon/Operational","EventId":1,"TimeCreated":"2024-10-10T22:15:15.2428786-07:00","RecordId":171337,"MachineName":"Win10","EventData":{"RuleName":"-","UtcTime":"2024-10-11 05:15:15.238","ProcessGuid":"{53968da7-b463-6708-f300-00000000fb00}","ProcessId":"9092","Image":"C:\\Windows\\System32\\AppHostRegistrationVerifier.exe","FileVersion":"10.0.19041.4355 (WinBuild.160101.0800)","Description":"App Uri Handlers Registration Verifier","Product":"Microsoft® Windows® Operating System","Company":"Microsoft Corporation","OriginalFileName":"AppHostNameRegistrationVerifier.exe","CommandLine":"\"C:\\Windows\\system32\\AppHostRegistrationVerifier.exe\"","CurrentDirectory":"C:\\Windows\\system32\\","User":"WIN10\\richard","LogonGuid":"{53968da7-b202-6708-c295-020000000000}","LogonId":"0x295c2","TerminalSessionId":"1","IntegrityLevel":"Medium","Hashes":"MD5=825BBDBE835887CEDA7936680B948903,SHA256=B4A5ACEF4BAAA25C730B2D8CF67879C2C229076036BE637A003C9AF4AC6DACEF,IMPHASH=BC98DE83C852774D36E8A23873E33A68","ParentProcessGuid":"{53968da7-b200-6708-1100-00000000fb00}","ParentProcessId":"492","ParentImage":"C:\\Windows\\System32\\svchost.exe","ParentCommandLine":"C:\\Windows\\system32\\svchost.exe -k netsvcs -p","ParentUser":"NT AUTHORITY\\SYSTEM"}}
{"LogSource":"Microsoft-Windows-Sysmon/Operational","EventId":1,"TimeCreated":"2024-10-10T22:15:15.2493501-07:00","RecordId":171338,"MachineName":"Win10","EventData":{"RuleName":"-","UtcTime":"2024-10-11 05:15:15.246","ProcessGuid":"{53968da7-b463-6708-f400-00000000fb00}","ProcessId":"4032","Image":"C:\\Windows\\System32\\dstokenclean.exe","FileVersion":"10.0.19041.3636 (WinBuild.160101.0800)","Description":"Data Sharing Service Maintenance Driver","Product":"Microsoft® Windows® Operating System","Company":"Microsoft Corporation","OriginalFileName":"dstokenclean.exe","CommandLine":"\"C:\\Windows\\system32\\dstokenclean.exe\"","CurrentDirectory":"C:\\Windows\\system32\\","User":"NT AUTHORITY\\SYSTEM","LogonGuid":"{53968da7-b200-6708-e703-000000000000}","LogonId":"0x3e7","TerminalSessionId":"0","IntegrityLevel":"System","Hashes":"MD5=9CB602258D4432668D887C3F3C86ECA3,SHA256=4E9E55EBE7190C55574C33652AD21D84AE702E83E024D7652773EFFBC1481A6E,IMPHASH=F1D06B8C52F369E9C51A17B21E2BD700","ParentProcessGuid":"{53968da7-b200-6708-1100-00000000fb00}","ParentProcessId":"492","ParentImage":"C:\\Windows\\System32\\svchost.exe","ParentCommandLine":"C:\\Windows\\system32\\svchost.exe -k netsvcs -p","ParentUser":"NT AUTHORITY\\SYSTEM"}}
{"LogSource":"Microsoft-Windows-Sysmon/Operational","EventId":1,"TimeCreated":"2024-10-10T22:15:15.2588339-07:00","RecordId":171339,"MachineName":"Win10","EventData":{"RuleName":"-","UtcTime":"2024-10-11 05:15:15.255","ProcessGuid":"{53968da7-b463-6708-f500-00000000fb00}","ProcessId":"8708","Image":"C:\\Windows\\System32\\svchost.exe","FileVersion":"10.0.19041.4355 (WinBuild.160101.0800)","Description":"Host Process for Windows Services","Product":"Microsoft® Windows® Operating System","Company":"Microsoft Corporation","OriginalFileName":"svchost.exe","CommandLine":"C:\\Windows\\System32\\svchost.exe -k wsappx -p","CurrentDirectory":"C:\\Windows\\system32\\","User":"NT AUTHORITY\\SYSTEM","LogonGuid":"{53968da7-b200-6708-e703-000000000000}","LogonId":"0x3e7","TerminalSessionId":"0","IntegrityLevel":"System","Hashes":"MD5=7469CC568AD6821FD9D925542730A7D8,SHA256=6FC3BF1FDFD76860BE782554F8D25BD32F108DB934D70F4253F1E5F23522E503,IMPHASH=F9BBD96FAE53B7A31264A703CAFA0666","ParentProcessGuid":"{53968da7-b1ff-6708-0b00-00000000fb00}","ParentProcessId":"740","ParentImage":"C:\\Windows\\System32\\services.exe","ParentCommandLine":"C:\\Windows\\system32\\services.exe","ParentUser":"NT AUTHORITY\\SYSTEM"}}
{"LogSource":"Microsoft-Windows-Sysmon/Operational","EventId":1,"TimeCreated":"2024-10-10T22:15:15.2657621-07:00","RecordId":171340,"MachineName":"Win10","EventData":{"RuleName":"-","UtcTime":"2024-10-11 05:15:15.257","ProcessGuid":"{53968da7-b463-6708-f700-00000000fb00}","ProcessId":"4264","Image":"C:\\Windows\\System32\\cleanmgr.exe","FileVersion":"10.0.19041.4355 (WinBuild.160101.0800)","Description":"Disk Space Cleanup Manager for Windows","Product":"Microsoft® Windows® Operating System","Company":"Microsoft Corporation","OriginalFileName":"CLEANMGR.DLL","CommandLine":"\"C:\\Windows\\system32\\cleanmgr.exe\" /autoclean /d C:","CurrentDirectory":"C:\\Windows\\system32\\","User":"WIN10\\richard","LogonGuid":"{53968da7-b202-6708-7195-020000000000}","LogonId":"0x29571","TerminalSessionId":"1","IntegrityLevel":"High","Hashes":"MD5=4056D1E394727C39B6822BF633D45129,SHA256=F88A9E185A8F5D29FB2B45B20DE9DE44AA7C98411805E44B44697645B0C4B9FC,IMPHASH=E87FE0E719AEBF64A395EDE5A983E9B7","ParentProcessGuid":"{53968da7-b200-6708-1100-00000000fb00}","ParentProcessId":"492","ParentImage":"C:\\Windows\\System32\\svchost.exe","ParentCommandLine":"C:\\Windows\\system32\\svchost.exe -k netsvcs -p","ParentUser":"NT AUTHORITY\\SYSTEM"}}
{"LogSource":"Microsoft-Windows-Sysmon/Operational","EventId":1,"TimeCreated":"2024-10-10T22:15:15.4763866-07:00","RecordId":171341,"MachineName":"Win10","EventData":{"RuleName":"-","UtcTime":"2024-10-11 05:15:15.469","ProcessGuid":"{53968da7-b463-6708-fb00-00000000fb00}","ProcessId":"544","Image":"C:\\Windows\\Microsoft.NET\\Framework\\v4.0.30319\\ngentask.exe","FileVersion":"4.8.9037.0 built by: NET481REL1","Description":"Microsoft .NET Framework optimization service","Product":"Microsoft® .NET Framework","Company":"Microsoft Corporation","OriginalFileName":"NGenTask.exe","CommandLine":"\"C:\\Windows\\Microsoft.NET\\Framework\\v4.0.30319\\NGenTask.exe\" /RuntimeWide /StopEvent:584","CurrentDirectory":"C:\\Windows\\system32\\","User":"NT AUTHORITY\\SYSTEM","LogonGuid":"{53968da7-b200-6708-e703-000000000000}","LogonId":"0x3e7","TerminalSessionId":"0","IntegrityLevel":"System","Hashes":"MD5=BE0B8EA3D78CC5BD93B77ACCEDEFBB3C,SHA256=6B63BD59BF04B307AF820F2C828B532A6FA0FEAB6328851F16AAFCAD91994B93,IMPHASH=F34D5F2D4577ED6D9CEEC516C1F5A744","ParentProcessGuid":"{53968da7-b463-6708-ef00-00000000fb00}","ParentProcessId":"3744","ParentImage":"C:\\Windows\\System32\\taskhostw.exe","ParentCommandLine":"taskhostw.exe WimHashValidation","ParentUser":"NT AUTHORITY\\SYSTEM"}}
{"LogSource":"Microsoft-Windows-Sysmon/Operational","EventId":1,"TimeCreated":"2024-10-10T22:15:15.4959479-07:00","RecordId":171342,"MachineName":"Win10","EventData":{"RuleName":"-","UtcTime":"2024-10-11 05:15:15.482","ProcessGuid":"{53968da7-b463-6708-fc00-00000000fb00}","ProcessId":"2400","Image":"C:\\Windows\\Microsoft.NET\\Framework64\\v4.0.30319\\ngentask.exe","FileVersion":"4.8.9037.0 built by: NET481REL1","Description":"Microsoft .NET Framework optimization service","Product":"Microsoft® .NET Framework","Company":"Microsoft Corporation","OriginalFileName":"NGenTask.exe","CommandLine":"\"C:\\Windows\\Microsoft.NET\\Framework64\\v4.0.30319\\NGenTask.exe\" /RuntimeWide /StopEvent:572","CurrentDirectory":"C:\\Windows\\system32\\","User":"NT AUTHORITY\\SYSTEM","LogonGuid":"{53968da7-b200-6708-e703-000000000000}","LogonId":"0x3e7","TerminalSessionId":"0","IntegrityLevel":"System","Hashes":"MD5=390DE384BAA6EA040EA9AD438B4DBCB8,SHA256=63E0C69D9761745F85F3A744297E1D2CE3EEC79D4F0F97B000E9F5AA915D161C,IMPHASH=00000000000000000000000000000000","ParentProcessGuid":"{53968da7-b463-6708-ef00-00000000fb00}","ParentProcessId":"3744","ParentImage":"C:\\Windows\\System32\\taskhostw.exe","ParentCommandLine":"taskhostw.exe WimHashValidation","ParentUser":"NT AUTHORITY\\SYSTEM"}}
{"LogSource":"Microsoft-Windows-Sysmon/Operational","EventId":1,"TimeCreated":"2024-10-10T22:15:16.6012048-07:00","RecordId":171343,"MachineName":"Win10","EventData":{"RuleName":"-","UtcTime":"2024-10-11 05:15:16.577","ProcessGuid":"{53968da7-b464-6708-0a01-00000000fb00}","ProcessId":"1860","Image":"C:\\ProgramData\\Microsoft\\Windows Defender\\Platform\\4.18.24080.9-0\\MpCmdRun.exe","FileVersion":"4.18.24080.9 (f49fb7de0d838aeebbdbd940314a35a90705840e)","Description":"Microsoft Malware Protection Command Line Utility","Product":"Microsoft® Windows® Operating System","Company":"Microsoft Corporation","OriginalFileName":"MpCmdRun.exe","CommandLine":"\"C:\\ProgramData\\Microsoft\\Windows Defender\\Platform\\4.18.24080.9-0\\MpCmdRun.exe\" SignatureUpdate -ScheduleJob -RestrictPrivileges","CurrentDirectory":"C:\\Windows\\system32\\","User":"NT AUTHORITY\\SYSTEM","LogonGuid":"{53968da7-b200-6708-e703-000000000000}","LogonId":"0x3e7","TerminalSessionId":"0","IntegrityLevel":"System","Hashes":"MD5=19DA255387711A7278AAC9C1A797085F,SHA256=F7B024FDED173C322CA0A5D62FDC5CC1F96D3A9EBBE7E9F0FCE2C265BC0275B3,IMPHASH=7E57B35F8B07B5BB60E304FABA509A3A","ParentProcessGuid":"{53968da7-b201-6708-3300-00000000fb00}","ParentProcessId":"2756","ParentImage":"C:\\ProgramData\\Microsoft\\Windows Defender\\Platform\\4.18.24080.9-0\\MsMpEng.exe","ParentCommandLine":"\"C:\\ProgramData\\Microsoft\\Windows Defender\\Platform\\4.18.24080.9-0\\MsMpEng.exe\"","ParentUser":"NT AUTHORITY\\SYSTEM"}}
{"LogSource":"Microsoft-Windows-Sysmon/Operational","EventId":1,"TimeCreated":"2024-10-10T22:15:16.6781227-07:00","RecordId":171344,"MachineName":"Win10","EventData":{"RuleName":"-","UtcTime":"2024-10-11 05:15:16.675","ProcessGuid":"{53968da7-b464-6708-0c01-00000000fb00}","ProcessId":"1732","Image":"C:\\ProgramData\\Microsoft\\Windows Defender\\Platform\\4.18.24080.9-0\\MpCmdRun.exe","FileVersion":"4.18.24080.9 (f49fb7de0d838aeebbdbd940314a35a90705840e)","Description":"Microsoft Malware Protection Command Line Utility","Product":"Microsoft® Windows® Operating System","Company":"Microsoft Corporation","OriginalFileName":"MpCmdRun.exe","CommandLine":"\"C:\\ProgramData\\Microsoft\\Windows Defender\\Platform\\4.18.24080.9-0\\MpCmdRun.exe\" SignaturesUpdateService -ScheduleJob -UnmanagedUpdate","CurrentDirectory":"C:\\Windows\\system32\\","User":"NT AUTHORITY\\SYSTEM","LogonGuid":"{53968da7-b200-6708-e703-000000000000}","LogonId":"0x3e7","TerminalSessionId":"0","IntegrityLevel":"System","Hashes":"MD5=19DA255387711A7278AAC9C1A797085F,SHA256=F7B024FDED173C322CA0A5D62FDC5CC1F96D3A9EBBE7E9F0FCE2C265BC0275B3,IMPHASH=7E57B35F8B07B5BB60E304FABA509A3A","ParentProcessGuid":"{53968da7-b201-6708-3300-00000000fb00}","ParentProcessId":"2756","ParentImage":"C:\\ProgramData\\Microsoft\\Windows Defender\\Platform\\4.18.24080.9-0\\MsMpEng.exe","ParentCommandLine":"\"C:\\ProgramData\\Microsoft\\Windows Defender\\Platform\\4.18.24080.9-0\\MsMpEng.exe\"","ParentUser":"NT AUTHORITY\\SYSTEM"}}
{"LogSource":"Microsoft-Windows-Sysmon/Operational","EventId":1,"TimeCreated":"2024-10-10T22:15:16.9741370-07:00","RecordId":171345,"MachineName":"Win10","EventData":{"RuleName":"-","UtcTime":"2024-10-11 05:15:16.971","ProcessGuid":"{53968da7-b464-6708-1101-00000000fb00}","ProcessId":"7272","Image":"C:\\Windows\\System32\\taskhostw.exe","FileVersion":"10.0.19041.4474 (WinBuild.160101.0800)","Description":"Host Process for Windows Tasks","Product":"Microsoft® Windows® Operating System","Company":"Microsoft Corporation","OriginalFileName":"taskhostw.exe","CommandLine":"taskhostw.exe /RuntimeWide","CurrentDirectory":"C:\\Windows\\system32\\","User":"NT AUTHORITY\\SYSTEM","LogonGuid":"{53968da7-b200-6708-e703-000000000000}","LogonId":"0x3e7","TerminalSessionId":"0","IntegrityLevel":"System","Hashes":"MD5=933581DCB7B289D61B63F08544540BA5,SHA256=1C7B7E7026EF8307BF33AFDADF1D49E7C1EE4C829260B4F6988185D22D7BCC3A,IMPHASH=3A0C6863CDE566AF997DB2DEFFF9D924","ParentProcessGuid":"{53968da7-b200-6708-1100-00000000fb00}","ParentProcessId":"492","ParentImage":"C:\\Windows\\System32\\svchost.exe","ParentCommandLine":"C:\\Windows\\system32\\svchost.exe -k netsvcs -p","ParentUser":"NT AUTHORITY\\SYSTEM"}}
{"LogSource":"Microsoft-Windows-Sysmon/Operational","EventId":1,"TimeCreated":"2024-10-10T22:15:17.0239765-07:00","RecordId":171346,"MachineName":"Win10","EventData":{"RuleName":"-","UtcTime":"2024-10-11 05:15:17.021","ProcessGuid":"{53968da7-b465-6708-1201-00000000fb00}","ProcessId":"1120","Image":"C:\\Windows\\Microsoft.NET\\Framework64\\v4.0.30319\\ngentask.exe","FileVersion":"4.8.9037.0 built by: NET481REL1","Description":"Microsoft .NET Framework optimization service","Product":"Microsoft® .NET Framework","Company":"Microsoft Corporation","OriginalFileName":"NGenTask.exe","CommandLine":"\"C:\\Windows\\Microsoft.NET\\Framework64\\v4.0.30319\\NGenTask.exe\" /RuntimeWide /StopEvent:1008","CurrentDirectory":"C:\\Windows\\system32\\","User":"NT AUTHORITY\\SYSTEM","LogonGuid":"{53968da7-b200-6708-e703-000000000000}","LogonId":"0x3e7","TerminalSessionId":"0","IntegrityLevel":"System","Hashes":"MD5=390DE384BAA6EA040EA9AD438B4DBCB8,SHA256=63E0C69D9761745F85F3A744297E1D2CE3EEC79D4F0F97B000E9F5AA915D161C,IMPHASH=00000000000000000000000000000000","ParentProcessGuid":"{53968da7-b464-6708-1101-00000000fb00}","ParentProcessId":"7272","ParentImage":"C:\\Windows\\System32\\taskhostw.exe","ParentCommandLine":"taskhostw.exe /RuntimeWide","ParentUser":"NT AUTHORITY\\SYSTEM"}}
{"LogSource":"Microsoft-Windows-Sysmon/Operational","EventId":1,"TimeCreated":"2024-10-10T22:15:17.0293473-07:00","RecordId":171347,"MachineName":"Win10","EventData":{"RuleName":"-","UtcTime":"2024-10-11 05:15:17.025","ProcessGuid":"{53968da7-b465-6708-1301-00000000fb00}","ProcessId":"8088","Image":"C:\\Windows\\Microsoft.NET\\Framework\\v4.0.30319\\ngentask.exe","FileVersion":"4.8.9037.0 built by: NET481REL1","Description":"Microsoft .NET Framework optimization service","Product":"Microsoft® .NET Framework","Company":"Microsoft Corporation","OriginalFileName":"NGenTask.exe","CommandLine":"\"C:\\Windows\\Microsoft.NET\\Framework\\v4.0.30319\\NGenTask.exe\" /RuntimeWide /StopEvent:1004","CurrentDirectory":"C:\\Windows\\system32\\","User":"NT AUTHORITY\\SYSTEM","LogonGuid":"{53968da7-b200-6708-e703-000000000000}","LogonId":"0x3e7","TerminalSessionId":"0","IntegrityLevel":"System","Hashes":"MD5=BE0B8EA3D78CC5BD93B77ACCEDEFBB3C,SHA256=6B63BD59BF04B307AF820F2C828B532A6FA0FEAB6328851F16AAFCAD91994B93,IMPHASH=F34D5F2D4577ED6D9CEEC516C1F5A744","ParentProcessGuid":"{53968da7-b464-6708-1101-00000000fb00}","ParentProcessId":"7272","ParentImage":"C:\\Windows\\System32\\taskhostw.exe","ParentCommandLine":"taskhostw.exe /RuntimeWide","ParentUser":"NT AUTHORITY\\SYSTEM"}}
{"LogSource":"Microsoft-Windows-Sysmon/Operational","EventId":11,"TimeCreated":"2024-10-10T22:15:17.1635040-07:00","RecordId":171348,"MachineName":"Win10","EventData":{"RuleName":"DLL","UtcTime":"2024-10-11 05:15:17.163","ProcessGuid":"{53968da7-b463-6708-f700-00000000fb00}","ProcessId":"4264","Image":"C:\\Windows\\system32\\cleanmgr.exe","TargetFilename":"C:\\Users\\richard\\AppData\\Local\\Temp\\E10DFB1C-8F59-4F99-9172-2FF10281114C\\AppxProvider.dll","CreationUtcTime":"2024-10-11 05:15:17.163","User":"WIN10\\richard"}}
{"LogSource":"Microsoft-Windows-Sysmon/Operational","EventId":11,"TimeCreated":"2024-10-10T22:15:17.1710644-07:00","RecordId":171349,"MachineName":"Win10","EventData":{"RuleName":"DLL","UtcTime":"2024-10-11 05:15:17.170","ProcessGuid":"{53968da7-b463-6708-f700-00000000fb00}","ProcessId":"4264","Image":"C:\\Windows\\system32\\cleanmgr.exe","TargetFilename":"C:\\Users\\richard\\AppData\\Local\\Temp\\E10DFB1C-8F59-4F99-9172-2FF10281114C\\AssocProvider.dll","CreationUtcTime":"2024-10-11 05:15:17.170","User":"WIN10\\richard"}}
{"LogSource":"Microsoft-Windows-Sysmon/Operational","EventId":11,"TimeCreated":"2024-10-10T22:15:17.1899480-07:00","RecordId":171350,"MachineName":"Win10","EventData":{"RuleName":"DLL","UtcTime":"2024-10-11 05:15:17.188","ProcessGuid":"{53968da7-b463-6708-f700-00000000fb00}","ProcessId":"4264","Image":"C:\\Windows\\system32\\cleanmgr.exe","TargetFilename":"C:\\Users\\richard\\AppData\\Local\\Temp\\E10DFB1C-8F59-4F99-9172-2FF10281114C\\CbsProvider.dll","CreationUtcTime":"2024-10-11 05:15:17.188","User":"WIN10\\richard"}}
{"LogSource":"Microsoft-Windows-Sysmon/Operational","EventId":11,"TimeCreated":"2024-10-10T22:15:17.2171263-07:00","RecordId":171351,"MachineName":"Win10","EventData":{"RuleName":"DLL","UtcTime":"2024-10-11 05:15:17.216","ProcessGuid":"{53968da7-b463-6708-f700-00000000fb00}","ProcessId":"4264","Image":"C:\\Windows\\system32\\cleanmgr.exe","TargetFilename":"C:\\Users\\richard\\AppData\\Local\\Temp\\E10DFB1C-8F59-4F99-9172-2FF10281114C\\DismCore.dll","CreationUtcTime":"2024-10-11 05:15:17.216","User":"WIN10\\richard"}}
{"LogSource":"Microsoft-Windows-Sysmon/Operational","EventId":11,"TimeCreated":"2024-10-10T22:15:17.2290802-07:00","RecordId":171352,"MachineName":"Win10","EventData":{"RuleName":"DLL","UtcTime":"2024-10-11 05:15:17.228","ProcessGuid":"{53968da7-b463-6708-f700-00000000fb00}","ProcessId":"4264","Image":"C:\\Windows\\system32\\cleanmgr.exe","TargetFilename":"C:\\Users\\richard\\AppData\\Local\\Temp\\E10DFB1C-8F59-4F99-9172-2FF10281114C\\DismCorePS.dll","CreationUtcTime":"2024-10-11 05:15:17.220","User":"WIN10\\richard"}}
{"LogSource":"Microsoft-Windows-Sysmon/Operational","EventId":11,"TimeCreated":"2024-10-10T22:15:17.2343943-07:00","RecordId":171353,"MachineName":"Win10","EventData":{"RuleName":"EXE","UtcTime":"2024-10-11 05:15:17.233","ProcessGuid":"{53968da7-b463-6708-f700-00000000fb00}","ProcessId":"4264","Image":"C:\\Windows\\system32\\cleanmgr.exe","TargetFilename":"C:\\Users\\richard\\AppData\\Local\\Temp\\E10DFB1C-8F59-4F99-9172-2FF10281114C\\DismHost.exe","CreationUtcTime":"2024-10-11 05:15:17.233","User":"WIN10\\richard"}}
{"LogSource":"Microsoft-Windows-Sysmon/Operational","EventId":11,"TimeCreated":"2024-10-10T22:15:17.2356745-07:00","RecordId":171354,"MachineName":"Win10","EventData":{"RuleName":"DLL","UtcTime":"2024-10-11 05:15:17.235","ProcessGuid":"{53968da7-b463-6708-f700-00000000fb00}","ProcessId":"4264","Image":"C:\\Windows\\system32\\cleanmgr.exe","TargetFilename":"C:\\Users\\richard\\AppData\\Local\\Temp\\E10DFB1C-8F59-4F99-9172-2FF10281114C\\DismProv.dll","CreationUtcTime":"2024-10-11 05:15:17.235","User":"WIN10\\richard"}}
{"LogSource":"Microsoft-Windows-Sysmon/Operational","EventId":11,"TimeCreated":"2024-10-10T22:15:17.2492436-07:00","RecordId":171355,"MachineName":"Win10","EventData":{"RuleName":"DLL","UtcTime":"2024-10-11 05:15:17.248","ProcessGuid":"{53968da7-b463-6708-f700-00000000fb00}","ProcessId":"4264","Image":"C:\\Windows\\system32\\cleanmgr.exe","TargetFilename":"C:\\Users\\richard\\AppData\\Local\\Temp\\E10DFB1C-8F59-4F99-9172-2FF10281114C\\DmiProvider.dll","CreationUtcTime":"2024-10-11 05:15:17.248","User":"WIN10\\richard"}}
{"LogSource":"Microsoft-Windows-Sysmon/Operational","EventId":11,"TimeCreated":"2024-10-10T22:15:17.3725371-07:00","RecordId":171356,"MachineName":"Win10","EventData":{"RuleName":"DLL","UtcTime":"2024-10-11 05:15:17.371","ProcessGuid":"{53968da7-b463-6708-f700-00000000fb00}","ProcessId":"4264","Image":"C:\\Windows\\system32\\cleanmgr.exe","TargetFilename":"C:\\Users\\richard\\AppData\\Local\\Temp\\E10DFB1C-8F59-4F99-9172-2FF10281114C\\FfuProvider.dll","CreationUtcTime":"2024-10-11 05:15:17.371","User":"WIN10\\richard"}}
{"LogSource":"Microsoft-Windows-Sysmon/Operational","EventId":11,"TimeCreated":"2024-10-10T22:15:17.3894073-07:00","RecordId":171357,"MachineName":"Win10","EventData":{"RuleName":"DLL","UtcTime":"2024-10-11 05:15:17.388","ProcessGuid":"{53968da7-b463-6708-f700-00000000fb00}","ProcessId":"4264","Image":"C:\\Windows\\system32\\cleanmgr.exe","TargetFilename":"C:\\Users\\richard\\AppData\\Local\\Temp\\E10DFB1C-8F59-4F99-9172-2FF10281114C\\FolderProvider.dll","CreationUtcTime":"2024-10-11 05:15:17.388","User":"WIN10\\richard"}}
{"LogSource":"Microsoft-Windows-Sysmon/Operational","EventId":11,"TimeCreated":"2024-10-10T22:15:17.3958746-07:00","RecordId":171358,"MachineName":"Win10","EventData":{"RuleName":"DLL","UtcTime":"2024-10-11 05:15:17.394","ProcessGuid":"{53968da7-b463-6708-f700-00000000fb00}","ProcessId":"4264","Image":"C:\\Windows\\system32\\cleanmgr.exe","TargetFilename":"C:\\Users\\richard\\AppData\\Local\\Temp\\E10DFB1C-8F59-4F99-9172-2FF10281114C\\GenericProvider.dll","CreationUtcTime":"2024-10-11 05:15:17.394","User":"WIN10\\richard"}}
{"LogSource":"Microsoft-Windows-Sysmon/Operational","EventId":11,"TimeCreated":"2024-10-10T22:15:17.4211386-07:00","RecordId":171359,"MachineName":"Win10","EventData":{"RuleName":"DLL","UtcTime":"2024-10-11 05:15:17.420","ProcessGuid":"{53968da7-b463-6708-f700-00000000fb00}","ProcessId":"4264","Image":"C:\\Windows\\system32\\cleanmgr.exe","TargetFilename":"C:\\Users\\richard\\AppData\\Local\\Temp\\E10DFB1C-8F59-4F99-9172-2FF10281114C\\IBSProvider.dll","CreationUtcTime":"2024-10-11 05:15:17.420","User":"WIN10\\richard"}}
{"LogSource":"Microsoft-Windows-Sysmon/Operational","EventId":11,"TimeCreated":"2024-10-10T22:15:17.4225722-07:00","RecordId":171360,"MachineName":"Win10","EventData":{"RuleName":"DLL","UtcTime":"2024-10-11 05:15:17.421","ProcessGuid":"{53968da7-b463-6708-f700-00000000fb00}","ProcessId":"4264","Image":"C:\\Windows\\system32\\cleanmgr.exe","TargetFilename":"C:\\Users\\richard\\AppData\\Local\\Temp\\E10DFB1C-8F59-4F99-9172-2FF10281114C\\ImagingProvider.dll","CreationUtcTime":"2024-10-11 05:15:17.421","User":"WIN10\\richard"}}
{"LogSource":"Microsoft-Windows-Sysmon/Operational","EventId":11,"TimeCreated":"2024-10-10T22:15:17.4268813-07:00","RecordId":171361,"MachineName":"Win10","EventData":{"RuleName":"DLL","UtcTime":"2024-10-11 05:15:17.426","ProcessGuid":"{53968da7-b463-6708-f700-00000000fb00}","ProcessId":"4264","Image":"C:\\Windows\\system32\\cleanmgr.exe","TargetFilename":"C:\\Users\\richard\\AppData\\Local\\Temp\\E10DFB1C-8F59-4F99-9172-2FF10281114C\\IntlProvider.dll","CreationUtcTime":"2024-10-11 05:15:17.426","User":"WIN10\\richard"}}
{"LogSource":"Microsoft-Windows-Sysmon/Operational","EventId":11,"TimeCreated":"2024-10-10T22:15:17.4519722-07:00","RecordId":171362,"MachineName":"Win10","EventData":{"RuleName":"DLL","UtcTime":"2024-10-11 05:15:17.451","ProcessGuid":"{53968da7-b463-6708-f700-00000000fb00}","ProcessId":"4264","Image":"C:\\Windows\\system32\\cleanmgr.exe","TargetFilename":"C:\\Users\\richard\\AppData\\Local\\Temp\\E10DFB1C-8F59-4F99-9172-2FF10281114C\\LogProvider.dll","CreationUtcTime":"2024-10-11 05:15:17.450","User":"WIN10\\richard"}}
{"LogSource":"Microsoft-Windows-Sysmon/Operational","EventId":11,"TimeCreated":"2024-10-10T22:15:17.4534947-07:00","RecordId":171363,"MachineName":"Win10","EventData":{"RuleName":"DLL","UtcTime":"2024-10-11 05:15:17.452","ProcessGuid":"{53968da7-b463-6708-f700-00000000fb00}","ProcessId":"4264","Image":"C:\\Windows\\system32\\cleanmgr.exe","TargetFilename":"C:\\Users\\richard\\AppData\\Local\\Temp\\E10DFB1C-8F59-4F99-9172-2FF10281114C\\MsiProvider.dll","CreationUtcTime":"2024-10-11 05:15:17.452","User":"WIN10\\richard"}}
{"LogSource":"Microsoft-Windows-Sysmon/Operational","EventId":11,"TimeCreated":"2024-10-10T22:15:17.4574764-07:00","RecordId":171364,"MachineName":"Win10","EventData":{"RuleName":"DLL","UtcTime":"2024-10-11 05:15:17.456","ProcessGuid":"{53968da7-b463-6708-f700-00000000fb00}","ProcessId":"4264","Image":"C:\\Windows\\system32\\cleanmgr.exe","TargetFilename":"C:\\Users\\richard\\AppData\\Local\\Temp\\E10DFB1C-8F59-4F99-9172-2FF10281114C\\OfflineSetupProvider.dll","CreationUtcTime":"2024-10-11 05:15:17.456","User":"WIN10\\richard"}}
{"LogSource":"Microsoft-Windows-Sysmon/Operational","EventId":11,"TimeCreated":"2024-10-10T22:15:17.4594361-07:00","RecordId":171365,"MachineName":"Win10","EventData":{"RuleName":"DLL","UtcTime":"2024-10-11 05:15:17.459","ProcessGuid":"{53968da7-b463-6708-f700-00000000fb00}","ProcessId":"4264","Image":"C:\\Windows\\system32\\cleanmgr.exe","TargetFilename":"C:\\Users\\richard\\AppData\\Local\\Temp\\E10DFB1C-8F59-4F99-9172-2FF10281114C\\OSProvider.dll","CreationUtcTime":"2024-10-11 05:15:17.459","User":"WIN10\\richard"}}
{"LogSource":"Microsoft-Windows-Sysmon/Operational","EventId":11,"TimeCreated":"2024-10-10T22:15:17.4617398-07:00","RecordId":171366,"MachineName":"Win10","EventData":{"RuleName":"DLL","UtcTime":"2024-10-11 05:15:17.461","ProcessGuid":"{53968da7-b463-6708-f700-00000000fb00}","ProcessId":"4264","Image":"C:\\Windows\\system32\\cleanmgr.exe","TargetFilename":"C:\\Users\\richard\\AppData\\Local\\Temp\\E10DFB1C-8F59-4F99-9172-2FF10281114C\\ProvProvider.dll","CreationUtcTime":"2024-10-11 05:15:17.460","User":"WIN10\\richard"}}
{"LogSource":"Microsoft-Windows-Sysmon/Operational","EventId":11,"TimeCreated":"2024-10-10T22:15:17.4641195-07:00","RecordId":171367,"MachineName":"Win10","EventData":{"RuleName":"DLL","UtcTime":"2024-10-11 05:15:17.463","ProcessGuid":"{53968da7-b463-6708-f700-00000000fb00}","ProcessId":"4264","Image":"C:\\Windows\\system32\\cleanmgr.exe","TargetFilename":"C:\\Users\\richard\\AppData\\Local\\Temp\\E10DFB1C-8F59-4F99-9172-2FF10281114C\\SetupPlatformProvider.dll","CreationUtcTime":"2024-10-11 05:15:17.463","User":"WIN10\\richard"}}
{"LogSource":"Microsoft-Windows-Sysmon/Operational","EventId":11,"TimeCreated":"2024-10-10T22:15:17.4659580-07:00","RecordId":171368,"MachineName":"Win10","EventData":{"RuleName":"DLL","UtcTime":"2024-10-11 05:15:17.465","ProcessGuid":"{53968da7-b463-6708-f700-00000000fb00}","ProcessId":"4264","Image":"C:\\Windows\\system32\\cleanmgr.exe","TargetFilename":"C:\\Users\\richard\\AppData\\Local\\Temp\\E10DFB1C-8F59-4F99-9172-2FF10281114C\\SmiProvider.dll","CreationUtcTime":"2024-10-11 05:15:17.465","User":"WIN10\\richard"}}
{"LogSource":"Microsoft-Windows-Sysmon/Operational","EventId":11,"TimeCreated":"2024-10-10T22:15:17.4832726-07:00","RecordId":171369,"MachineName":"Win10","EventData":{"RuleName":"DLL","UtcTime":"2024-10-11 05:15:17.482","ProcessGuid":"{53968da7-b463-6708-f700-00000000fb00}","ProcessId":"4264","Image":"C:\\Windows\\system32\\cleanmgr.exe","TargetFilename":"C:\\Users\\richard\\AppData\\Local\\Temp\\E10DFB1C-8F59-4F99-9172-2FF10281114C\\SysprepProvider.dll","CreationUtcTime":"2024-10-11 05:15:17.482","User":"WIN10\\richard"}}
{"LogSource":"Microsoft-Windows-Sysmon/Operational","EventId":11,"TimeCreated":"2024-10-10T22:15:17.4983997-07:00","RecordId":171370,"MachineName":"Win10","EventData":{"RuleName":"DLL","UtcTime":"2024-10-11 05:15:17.498","ProcessGuid":"{53968da7-b463-6708-f700-00000000fb00}","ProcessId":"4264","Image":"C:\\Windows\\system32\\cleanmgr.exe","TargetFilename":"C:\\Users\\richard\\AppData\\Local\\Temp\\E10DFB1C-8F59-4F99-9172-2FF10281114C\\TransmogProvider.dll","CreationUtcTime":"2024-10-11 05:15:17.498","User":"WIN10\\richard"}}
{"LogSource":"Microsoft-Windows-Sysmon/Operational","EventId":11,"TimeCreated":"2024-10-10T22:15:17.5047776-07:00","RecordId":171371,"MachineName":"Win10","EventData":{"RuleName":"DLL","UtcTime":"2024-10-11 05:15:17.504","ProcessGuid":"{53968da7-b463-6708-f700-00000000fb00}","ProcessId":"4264","Image":"C:\\Windows\\system32\\cleanmgr.exe","TargetFilename":"C:\\Users\\richard\\AppData\\Local\\Temp\\E10DFB1C-8F59-4F99-9172-2FF10281114C\\UnattendProvider.dll","CreationUtcTime":"2024-10-11 05:15:17.504","User":"WIN10\\richard"}}
{"LogSource":"Microsoft-Windows-Sysmon/Operational","EventId":11,"TimeCreated":"2024-10-10T22:15:17.5312756-07:00","RecordId":171372,"MachineName":"Win10","EventData":{"RuleName":"DLL","UtcTime":"2024-10-11 05:15:17.530","ProcessGuid":"{53968da7-b463-6708-f700-00000000fb00}","ProcessId":"4264","Image":"C:\\Windows\\system32\\cleanmgr.exe","TargetFilename":"C:\\Users\\richard\\AppData\\Local\\Temp\\E10DFB1C-8F59-4F99-9172-2FF10281114C\\VhdProvider.dll","CreationUtcTime":"2024-10-11 05:15:17.530","User":"WIN10\\richard"}}
{"LogSource":"Microsoft-Windows-Sysmon/Operational","EventId":11,"TimeCreated":"2024-10-10T22:15:17.5333322-07:00","RecordId":171373,"MachineName":"Win10","EventData":{"RuleName":"DLL","UtcTime":"2024-10-11 05:15:17.532","ProcessGuid":"{53968da7-b463-6708-f700-00000000fb00}","ProcessId":"4264","Image":"C:\\Windows\\system32\\cleanmgr.exe","TargetFilename":"C:\\Users\\richard\\AppData\\Local\\Temp\\E10DFB1C-8F59-4F99-9172-2FF10281114C\\WimProvider.dll","CreationUtcTime":"2024-10-11 05:15:17.532","User":"WIN10\\richard"}}
{"LogSource":"Microsoft-Windows-Sysmon/Operational","EventId":1,"TimeCreated":"2024-10-10T22:15:17.5663825-07:00","RecordId":171374,"MachineName":"Win10","EventData":{"RuleName":"-","UtcTime":"2024-10-11 05:15:17.560","ProcessGuid":"{53968da7-b465-6708-2001-00000000fb00}","ProcessId":"4024","Image":"C:\\Users\\richard\\AppData\\Local\\Temp\\E10DFB1C-8F59-4F99-9172-2FF10281114C\\DismHost.exe","FileVersion":"10.0.19041.3636 (WinBuild.160101.0800)","Description":"Dism Host Servicing Process","Product":"Microsoft® Windows® Operating System","Company":"Microsoft Corporation","OriginalFileName":"DismHost.exe","CommandLine":"C:\\Users\\richard\\AppData\\Local\\Temp\\E10DFB1C-8F59-4F99-9172-2FF10281114C\\dismhost.exe {D6B3F1ED-517A-4109-980E-1D622773CA4F}","CurrentDirectory":"C:\\Windows\\system32\\","User":"WIN10\\richard","LogonGuid":"{53968da7-b202-6708-7195-020000000000}","LogonId":"0x29571","TerminalSessionId":"1","IntegrityLevel":"High","Hashes":"MD5=97CB1E2FCAB378421C4B91DF0C9F8310,SHA256=E36BCF02BC11F560761E943D0FAD37417078F6CBB473F85C72FCBC89E2600C58,IMPHASH=D204EB506D6ABBEB4C51A54E8F6C1789","ParentProcessGuid":"{53968da7-b463-6708-f700-00000000fb00}","ParentProcessId":"4264","ParentImage":"C:\\Windows\\System32\\cleanmgr.exe","ParentCommandLine":"\"C:\\Windows\\system32\\cleanmgr.exe\" /autoclean /d C:","ParentUser":"WIN10\\richard"}}
{"LogSource":"Microsoft-Windows-Sysmon/Operational","EventId":1,"TimeCreated":"2024-10-10T22:15:23.3415152-07:00","RecordId":171375,"MachineName":"Win10","EventData":{"RuleName":"-","UtcTime":"2024-10-11 05:15:23.338","ProcessGuid":"{53968da7-b46b-6708-2301-00000000fb00}","ProcessId":"3376","Image":"C:\\Windows\\System32\\taskhostw.exe","FileVersion":"10.0.19041.4474 (WinBuild.160101.0800)","Description":"Host Process for Windows Tasks","Product":"Microsoft® Windows® Operating System","Company":"Microsoft Corporation","OriginalFileName":"taskhostw.exe","CommandLine":"taskhostw.exe -RegisterDevice -ProtectionStateChanged -FreeNetworkOnly","CurrentDirectory":"C:\\Windows\\system32\\","User":"NT AUTHORITY\\SYSTEM","LogonGuid":"{53968da7-b200-6708-e703-000000000000}","LogonId":"0x3e7","TerminalSessionId":"0","IntegrityLevel":"System","Hashes":"MD5=933581DCB7B289D61B63F08544540BA5,SHA256=1C7B7E7026EF8307BF33AFDADF1D49E7C1EE4C829260B4F6988185D22D7BCC3A,IMPHASH=3A0C6863CDE566AF997DB2DEFFF9D924","ParentProcessGuid":"{53968da7-b200-6708-1100-00000000fb00}","ParentProcessId":"492","ParentImage":"C:\\Windows\\System32\\svchost.exe","ParentCommandLine":"C:\\Windows\\system32\\svchost.exe -k netsvcs -p","ParentUser":"NT AUTHORITY\\SYSTEM"}}
