{"LogSource":"Microsoft-Windows-Sysmon/Operational","EventId":1,"TimeCreated":"2024-10-10T23:33:21.5983361-07:00","RecordId":172191,"MachineName":"Win10","EventData":{"RuleName":"-","UtcTime":"2024-10-11 06:33:21.591","ProcessGuid":"{53968da7-c6b1-6708-db02-00000000fb00}","ProcessId":"4852","Image":"C:\\Program Files\\Mozilla Firefox\\firefox.exe","FileVersion":"131.0.2","Description":"Firefox","Product":"Firefox","Company":"Mozilla Corporation","OriginalFileName":"firefox.exe","CommandLine":"\"C:\\Program Files\\Mozilla Firefox\\firefox.exe\" -contentproc --channel=6784 -isForBrowser -prefsHandle 6808 -prefMapHandle 6804 -prefsLen 33674 -prefMapSize 263003 -jsInitHandle 1432 -jsInitLen 234840 -parentBuildID 20241008210941 -win32kLockedDown -appDir \"C:\\Program Files\\Mozilla Firefox\\browser\" - {7eb844f2-20b9-4096-a59e-4e5e74165067} 1868 \"\\\\.\\pipe\\gecko-crash-server-pipe.1868\" 10 tab","CurrentDirectory":"C:\\Windows\\system32\\","User":"WIN10\\richard","LogonGuid":"{53968da7-b202-6708-c295-020000000000}","LogonId":"0x295c2","TerminalSessionId":"1","IntegrityLevel":"Low","Hashes":"MD5=571814A7939D001662BBA7760BD0B187,SHA256=9725AFC685C8EE135701E140A83B94FE7D958360A1F546215F7EAFDFF5E53A83,IMPHASH=BB4CE52E8306F88C0B1DA570553704E4","ParentProcessGuid":"{53968da7-c6ab-6708-d102-00000000fb00}","ParentProcessId":"1868","ParentImage":"C:\\Program Files\\Mozilla Firefox\\firefox.exe","ParentCommandLine":"\"C:\\Program Files\\Mozilla Firefox\\firefox.exe\" https://www.netflix.com","ParentUser":"WIN10\\richard"}}
{"LogSource":"Microsoft-Windows-Sysmon/Operational","EventId":1,"TimeCreated":"2024-10-10T23:35:01.9066155-07:00","RecordId":172192,"MachineName":"Win10","EventData":{"RuleName":"-","UtcTime":"2024-10-11 06:35:01.894","ProcessGuid":"{53968da7-c715-6708-dc02-00000000fb00}","ProcessId":"2580","Image":"C:\\Windows\\explorer.exe","FileVersion":"10.0.19041.4957 (WinBuild.160101.0800)","Description":"Windows Explorer","Product":"Microsoft® Windows® Operating System","Company":"Microsoft Corporation","OriginalFileName":"EXPLORER.EXE","CommandLine":"\"C:\\Windows\\explorer.exe\" ","CurrentDirectory":"C:\\Windows\\system32\\","User":"WIN10\\richard","LogonGuid":"{53968da7-b202-6708-7195-020000000000}","LogonId":"0x29571","TerminalSessionId":"1","IntegrityLevel":"High","Hashes":"MD5=F1846BB7F670919E97C2196F5EB6FAA6,SHA256=B25EEC93B5321286E93B749EFDD41C8BAE7E0FF51F15576391C475F90B84A79C,IMPHASH=E920B289433516FD504D5C5DEE4AF8C8","ParentProcessGuid":"{53968da7-be30-6708-5201-00000000fb00}","ParentProcessId":"6876","ParentImage":"C:\\Windows\\System32\\WindowsPowerShell\\v1.0\\powershell_ise.exe","ParentCommandLine":"\"C:\\Windows\\system32\\WindowsPowerShell\\v1.0\\PowerShell_ISE.exe\" ","ParentUser":"WIN10\\richard"}}
{"LogSource":"Microsoft-Windows-Sysmon/Operational","EventId":1,"TimeCreated":"2024-10-10T23:37:05.9868020-07:00","RecordId":172193,"MachineName":"Win10","EventData":{"RuleName":"-","UtcTime":"2024-10-11 06:37:05.980","ProcessGuid":"{53968da7-c791-6708-de02-00000000fb00}","ProcessId":"8372","Image":"C:\\Windows\\System32\\notepad.exe","FileVersion":"10.0.19041.4355 (WinBuild.160101.0800)","Description":"Notepad","Product":"Microsoft® Windows® Operating System","Company":"Microsoft Corporation","OriginalFileName":"NOTEPAD.EXE","CommandLine":"\"C:\\Windows\\system32\\notepad.exe\" ","CurrentDirectory":"C:\\Windows\\system32\\","User":"WIN10\\richard","LogonGuid":"{53968da7-b202-6708-7195-020000000000}","LogonId":"0x29571","TerminalSessionId":"1","IntegrityLevel":"High","Hashes":"MD5=BD33AA772F4751C5A79F94636088774E,SHA256=C286747D319818C1205FD487040840353C5F4542FAFFDABAE9131481BDFEB92A,IMPHASH=09ED737A03DB7295BF734A9953F6EB5E","ParentProcessGuid":"{53968da7-be30-6708-5201-00000000fb00}","ParentProcessId":"6876","ParentImage":"C:\\Windows\\System32\\WindowsPowerShell\\v1.0\\powershell_ise.exe","ParentCommandLine":"\"C:\\Windows\\system32\\WindowsPowerShell\\v1.0\\PowerShell_ISE.exe\" ","ParentUser":"WIN10\\richard"}}
{"LogSource":"Microsoft-Windows-Sysmon/Operational","EventId":1,"TimeCreated":"2024-10-10T23:39:02.0887299-07:00","RecordId":172194,"MachineName":"Win10","EventData":{"RuleName":"-","UtcTime":"2024-10-11 06:39:02.085","ProcessGuid":"{53968da7-c806-6708-df02-00000000fb00}","ProcessId":"1288","Image":"C:\\Windows\\System32\\mspaint.exe","FileVersion":"10.0.19041.4717 (WinBuild.160101.0800)","Description":"Paint","Product":"Microsoft® Windows® Operating System","Company":"Microsoft Corporation","OriginalFileName":"MSPAINT.EXE","CommandLine":"\"C:\\Windows\\system32\\mspaint.exe\" ","CurrentDirectory":"C:\\Windows\\system32\\","User":"WIN10\\richard","LogonGuid":"{53968da7-b202-6708-7195-020000000000}","LogonId":"0x29571","TerminalSessionId":"1","IntegrityLevel":"High","Hashes":"MD5=B77BBEF18AB33C9BF411C461463B1DA8,SHA256=CAD40CFBB57D831206F1F49AD5258EE815052F4694F801D5985B1D86B3AE24ED,IMPHASH=AD9649A74DB256ECAB874BD416C46A98","ParentProcessGuid":"{53968da7-be30-6708-5201-00000000fb00}","ParentProcessId":"6876","ParentImage":"C:\\Windows\\System32\\WindowsPowerShell\\v1.0\\powershell_ise.exe","ParentCommandLine":"\"C:\\Windows\\system32\\WindowsPowerShell\\v1.0\\PowerShell_ISE.exe\" ","ParentUser":"WIN10\\richard"}}
{"LogSource":"Microsoft-Windows-Sysmon/Operational","EventId":1,"TimeCreated":"2024-10-10T23:39:50.1585366-07:00","RecordId":172195,"MachineName":"Win10","EventData":{"RuleName":"-","UtcTime":"2024-10-11 06:39:50.151","ProcessGuid":"{53968da7-c836-6708-e102-00000000fb00}","ProcessId":"2024","Image":"C:\\Windows\\System32\\WindowsPowerShell\\v1.0\\powershell.exe","FileVersion":"10.0.19041.3996 (WinBuild.160101.0800)","Description":"Windows PowerShell","Product":"Microsoft® Windows® Operating System","Company":"Microsoft Corporation","OriginalFileName":"PowerShell.EXE","CommandLine":"\"C:\\Windows\\System32\\WindowsPowerShell\\v1.0\\powershell.exe\" ","CurrentDirectory":"C:\\Windows\\system32\\","User":"WIN10\\richard","LogonGuid":"{53968da7-b202-6708-7195-020000000000}","LogonId":"0x29571","TerminalSessionId":"1","IntegrityLevel":"High","Hashes":"MD5=2E5A8590CF6848968FC23DE3FA1E25F1,SHA256=9785001B0DCF755EDDB8AF294A373C0B87B2498660F724E76C4D53F9C217C7A3,IMPHASH=3D08F4848535206D772DE145804FF4B6","ParentProcessGuid":"{53968da7-be30-6708-5201-00000000fb00}","ParentProcessId":"6876","ParentImage":"C:\\Windows\\System32\\WindowsPowerShell\\v1.0\\powershell_ise.exe","ParentCommandLine":"\"C:\\Windows\\system32\\WindowsPowerShell\\v1.0\\PowerShell_ISE.exe\" ","ParentUser":"WIN10\\richard"}}
{"LogSource":"Microsoft-Windows-Sysmon/Operational","EventId":11,"TimeCreated":"2024-10-10T23:39:50.4011892-07:00","RecordId":172196,"MachineName":"Win10","EventData":{"RuleName":"-","UtcTime":"2024-10-11 06:39:50.388","ProcessGuid":"{53968da7-c836-6708-e102-00000000fb00}","ProcessId":"2024","Image":"C:\\Windows\\System32\\WindowsPowerShell\\v1.0\\powershell.exe","TargetFilename":"C:\\Users\\richard\\AppData\\Local\\Temp\\__PSScriptPolicyTest_pxiur0s2.n4e.ps1","CreationUtcTime":"2024-10-11 06:39:50.388","User":"WIN10\\richard"}}
{"LogSource":"Microsoft-Windows-Sysmon/Operational","EventId":1,"TimeCreated":"2024-10-10T23:40:08.2272659-07:00","RecordId":172197,"MachineName":"Win10","EventData":{"RuleName":"-","UtcTime":"2024-10-11 06:40:08.225","ProcessGuid":"{53968da7-c848-6708-e302-00000000fb00}","ProcessId":"6988","Image":"C:\\Windows\\System32\\mspaint.exe","FileVersion":"10.0.19041.4717 (WinBuild.160101.0800)","Description":"Paint","Product":"Microsoft® Windows® Operating System","Company":"Microsoft Corporation","OriginalFileName":"MSPAINT.EXE","CommandLine":"\"C:\\Windows\\system32\\mspaint.exe\" ","CurrentDirectory":"C:\\Windows\\system32\\","User":"WIN10\\richard","LogonGuid":"{53968da7-b202-6708-7195-020000000000}","LogonId":"0x29571","TerminalSessionId":"1","IntegrityLevel":"High","Hashes":"MD5=B77BBEF18AB33C9BF411C461463B1DA8,SHA256=CAD40CFBB57D831206F1F49AD5258EE815052F4694F801D5985B1D86B3AE24ED,IMPHASH=AD9649A74DB256ECAB874BD416C46A98","ParentProcessGuid":"{53968da7-be30-6708-5201-00000000fb00}","ParentProcessId":"6876","ParentImage":"C:\\Windows\\System32\\WindowsPowerShell\\v1.0\\powershell_ise.exe","ParentCommandLine":"\"C:\\Windows\\system32\\WindowsPowerShell\\v1.0\\PowerShell_ISE.exe\" ","ParentUser":"WIN10\\richard"}}
{"LogSource":"Microsoft-Windows-Sysmon/Operational","EventId":1,"TimeCreated":"2024-10-10T23:40:16.3229728-07:00","RecordId":172198,"MachineName":"Win10","EventData":{"RuleName":"-","UtcTime":"2024-10-11 06:40:16.315","ProcessGuid":"{53968da7-c850-6708-e502-00000000fb00}","ProcessId":"5152","Image":"C:\\Windows\\System32\\notepad.exe","FileVersion":"10.0.19041.4355 (WinBuild.160101.0800)","Description":"Notepad","Product":"Microsoft® Windows® Operating System","Company":"Microsoft Corporation","OriginalFileName":"NOTEPAD.EXE","CommandLine":"\"C:\\Windows\\system32\\notepad.exe\" ","CurrentDirectory":"C:\\Windows\\system32\\","User":"WIN10\\richard","LogonGuid":"{53968da7-b202-6708-7195-020000000000}","LogonId":"0x29571","TerminalSessionId":"1","IntegrityLevel":"High","Hashes":"MD5=BD33AA772F4751C5A79F94636088774E,SHA256=C286747D319818C1205FD487040840353C5F4542FAFFDABAE9131481BDFEB92A,IMPHASH=09ED737A03DB7295BF734A9953F6EB5E","ParentProcessGuid":"{53968da7-be30-6708-5201-00000000fb00}","ParentProcessId":"6876","ParentImage":"C:\\Windows\\System32\\WindowsPowerShell\\v1.0\\powershell_ise.exe","ParentCommandLine":"\"C:\\Windows\\system32\\WindowsPowerShell\\v1.0\\PowerShell_ISE.exe\" ","ParentUser":"WIN10\\richard"}}
{"LogSource":"Microsoft-Windows-Sysmon/Operational","EventId":1,"TimeCreated":"2024-10-10T23:41:40.3921520-07:00","RecordId":172199,"MachineName":"Win10","EventData":{"RuleName":"-","UtcTime":"2024-10-11 06:41:40.385","ProcessGuid":"{53968da7-c8a4-6708-e602-00000000fb00}","ProcessId":"3216","Image":"C:\\Windows\\System32\\Taskmgr.exe","FileVersion":"10.0.19041.4957 (WinBuild.160101.0800)","Description":"Task Manager","Product":"Microsoft® Windows® Operating System","Company":"Microsoft Corporation","OriginalFileName":"Taskmgr.exe","CommandLine":"\"C:\\Windows\\system32\\Taskmgr.exe\" ","CurrentDirectory":"C:\\Windows\\system32\\","User":"WIN10\\richard","LogonGuid":"{53968da7-b202-6708-7195-020000000000}","LogonId":"0x29571","TerminalSessionId":"1","IntegrityLevel":"High","Hashes":"MD5=6CD99EFAF34D7A7448D3B58189C10FD8,SHA256=BA1253EEFED7F3DAA117A1AF423BDDE45A8ED2F9C875CF03F30C34141CBAE54E,IMPHASH=565193F4BCB561BB8F24349EEFAF2436","ParentProcessGuid":"{53968da7-be30-6708-5201-00000000fb00}","ParentProcessId":"6876","ParentImage":"C:\\Windows\\System32\\WindowsPowerShell\\v1.0\\powershell_ise.exe","ParentCommandLine":"\"C:\\Windows\\system32\\WindowsPowerShell\\v1.0\\PowerShell_ISE.exe\" ","ParentUser":"WIN10\\richard"}}
{"LogSource":"Microsoft-Windows-Sysmon/Operational","EventId":1,"TimeCreated":"2024-10-10T23:43:44.4757580-07:00","RecordId":172200,"MachineName":"Win10","EventData":{"RuleName":"-","UtcTime":"2024-10-11 06:43:44.469","ProcessGuid":"{53968da7-c920-6708-e702-00000000fb00}","ProcessId":"7480","Image":"C:\\Windows\\System32\\SnippingTool.exe","FileVersion":"10.0.19041.4597 (WinBuild.160101.0800)","Description":"Snipping Tool","Product":"Microsoft® Windows® Operating System","Company":"Microsoft Corporation","OriginalFileName":"SnippingTool.exe","CommandLine":"\"C:\\Windows\\system32\\SnippingTool.exe\" ","CurrentDirectory":"C:\\Windows\\system32\\","User":"WIN10\\richard","LogonGuid":"{53968da7-b202-6708-7195-020000000000}","LogonId":"0x29571","TerminalSessionId":"1","IntegrityLevel":"High","Hashes":"MD5=17AE360827B663DFE1D72810B33CA2E7,SHA256=B6BD1CA8B699FEE3F5102BEC55BBA035119C7F1BC078774A49FF0090D2910F8B,IMPHASH=76178B4CA9BA97EF1BC9B4909BE07C56","ParentProcessGuid":"{53968da7-be30-6708-5201-00000000fb00}","ParentProcessId":"6876","ParentImage":"C:\\Windows\\System32\\WindowsPowerShell\\v1.0\\powershell_ise.exe","ParentCommandLine":"\"C:\\Windows\\system32\\WindowsPowerShell\\v1.0\\PowerShell_ISE.exe\" ","ParentUser":"WIN10\\richard"}}
{"LogSource":"Microsoft-Windows-Sysmon/Operational","EventId":1,"TimeCreated":"2024-10-10T23:45:40.5666020-07:00","RecordId":172201,"MachineName":"Win10","EventData":{"RuleName":"-","UtcTime":"2024-10-11 06:45:40.564","ProcessGuid":"{53968da7-c994-6708-e802-00000000fb00}","ProcessId":"5044","Image":"C:\\Windows\\explorer.exe","FileVersion":"10.0.19041.4957 (WinBuild.160101.0800)","Description":"Windows Explorer","Product":"Microsoft® Windows® Operating System","Company":"Microsoft Corporation","OriginalFileName":"EXPLORER.EXE","CommandLine":"\"C:\\Windows\\explorer.exe\" ","CurrentDirectory":"C:\\Windows\\system32\\","User":"WIN10\\richard","LogonGuid":"{53968da7-b202-6708-7195-020000000000}","LogonId":"0x29571","TerminalSessionId":"1","IntegrityLevel":"High","Hashes":"MD5=F1846BB7F670919E97C2196F5EB6FAA6,SHA256=B25EEC93B5321286E93B749EFDD41C8BAE7E0FF51F15576391C475F90B84A79C,IMPHASH=E920B289433516FD504D5C5DEE4AF8C8","ParentProcessGuid":"{53968da7-be30-6708-5201-00000000fb00}","ParentProcessId":"6876","ParentImage":"C:\\Windows\\System32\\WindowsPowerShell\\v1.0\\powershell_ise.exe","ParentCommandLine":"\"C:\\Windows\\system32\\WindowsPowerShell\\v1.0\\PowerShell_ISE.exe\" ","ParentUser":"WIN10\\richard"}}
{"LogSource":"Microsoft-Windows-Sysmon/Operational","EventId":1,"TimeCreated":"2024-10-10T23:45:48.6791216-07:00","RecordId":172202,"MachineName":"Win10","EventData":{"RuleName":"-","UtcTime":"2024-10-11 06:45:48.677","ProcessGuid":"{53968da7-c99c-6708-ea02-00000000fb00}","ProcessId":"8412","Image":"C:\\Program Files\\Windows NT\\Accessories\\wordpad.exe","FileVersion":"10.0.19041.5007 (WinBuild.160101.0800)","Description":"Windows Wordpad Application","Product":"Microsoft® Windows® Operating System","Company":"Microsoft Corporation","OriginalFileName":"WORDPAD.EXE","CommandLine":"\"C:\\Program Files\\Windows NT\\Accessories\\wordpad.exe\" ","CurrentDirectory":"C:\\Windows\\system32\\","User":"WIN10\\richard","LogonGuid":"{53968da7-b202-6708-7195-020000000000}","LogonId":"0x29571","TerminalSessionId":"1","IntegrityLevel":"High","Hashes":"MD5=09B94F3F82679DAD1EB15827655D4754,SHA256=C91594A4539B971A59EC301154114F21D0FC86ECA43AE064FD4DA56D4856C009,IMPHASH=9315BEF4B5484B572936D208E8B654A0","ParentProcessGuid":"{53968da7-be30-6708-5201-00000000fb00}","ParentProcessId":"6876","ParentImage":"C:\\Windows\\System32\\WindowsPowerShell\\v1.0\\powershell_ise.exe","ParentCommandLine":"\"C:\\Windows\\system32\\WindowsPowerShell\\v1.0\\PowerShell_ISE.exe\" ","ParentUser":"WIN10\\richard"}}
{"LogSource":"Microsoft-Windows-Sysmon/Operational","EventId":1,"TimeCreated":"2024-10-10T23:47:14.8313159-07:00","RecordId":172203,"MachineName":"Win10","EventData":{"RuleName":"-","UtcTime":"2024-10-11 06:47:14.828","ProcessGuid":"{53968da7-c9f2-6708-eb02-00000000fb00}","ProcessId":"3360","Image":"C:\\Program Files\\Google\\Chrome\\Application\\chrome.exe","FileVersion":"129.0.6668.100","Description":"Google Chrome","Product":"Google Chrome","Company":"Google LLC","OriginalFileName":"chrome.exe","CommandLine":"\"C:\\Program Files\\Google\\Chrome\\Application\\chrome.exe\" https://www.amazon.com ","CurrentDirectory":"C:\\Windows\\system32\\","User":"WIN10\\richard","LogonGuid":"{53968da7-b202-6708-7195-020000000000}","LogonId":"0x29571","TerminalSessionId":"1","IntegrityLevel":"High","Hashes":"MD5=47679449E8A738D8B1849668622E7C9E,SHA256=2D2A32CBCCED69610445D92965CA710EF2DA89C3788EBB98FF8612EBFFAC917B,IMPHASH=8AA69BFB46216FA413519FB53924B2F9","ParentProcessGuid":"{53968da7-be30-6708-5201-00000000fb00}","ParentProcessId":"6876","ParentImage":"C:\\Windows\\System32\\WindowsPowerShell\\v1.0\\powershell_ise.exe","ParentCommandLine":"\"C:\\Windows\\system32\\WindowsPowerShell\\v1.0\\PowerShell_ISE.exe\" ","ParentUser":"WIN10\\richard"}}
{"LogSource":"Microsoft-Windows-Sysmon/Operational","EventId":1,"TimeCreated":"2024-10-10T23:47:14.9688612-07:00","RecordId":172204,"MachineName":"Win10","EventData":{"RuleName":"-","UtcTime":"2024-10-11 06:47:14.963","ProcessGuid":"{53968da7-c9f2-6708-ef02-00000000fb00}","ProcessId":"6156","Image":"C:\\Program Files\\Google\\Chrome\\Application\\129.0.6668.100\\elevation_service.exe","FileVersion":"129.0.6668.100","Description":"Google Chrome","Product":"Google Chrome","Company":"Google LLC","OriginalFileName":"elevation_service.exe","CommandLine":"\"C:\\Program Files\\Google\\Chrome\\Application\\129.0.6668.100\\elevation_service.exe\"","CurrentDirectory":"C:\\Windows\\system32\\","User":"NT AUTHORITY\\SYSTEM","LogonGuid":"{53968da7-b200-6708-e703-000000000000}","LogonId":"0x3e7","TerminalSessionId":"0","IntegrityLevel":"System","Hashes":"MD5=472B2328D62FEC7E774166FD75C18FF6,SHA256=56291421DA56A296F3F0AEF18CA0FB3C0925779EEE7B4734A07A24E59348D9CE,IMPHASH=E2CE387C73E135211A0D2FF087A2F9F3","ParentProcessGuid":"{53968da7-b1ff-6708-0b00-00000000fb00}","ParentProcessId":"740","ParentImage":"C:\\Windows\\System32\\services.exe","ParentCommandLine":"C:\\Windows\\system32\\services.exe","ParentUser":"NT AUTHORITY\\SYSTEM"}}
{"LogSource":"Microsoft-Windows-Sysmon/Operational","EventId":22,"TimeCreated":"2024-10-10T23:47:16.1758531-07:00","RecordId":172205,"MachineName":"Win10","EventData":{"RuleName":"-","UtcTime":"2024-10-11 06:47:13.925","ProcessGuid":"{53968da7-c9f2-6708-ee02-00000000fb00}","ProcessId":"7232","QueryName":"wpad","QueryStatus":"9003","QueryResults":"-","Image":"C:\\Program Files\\Google\\Chrome\\Application\\chrome.exe","User":"WIN10\\richard"}}
{"LogSource":"Microsoft-Windows-Sysmon/Operational","EventId":22,"TimeCreated":"2024-10-10T23:47:17.1990741-07:00","RecordId":172206,"MachineName":"Win10","EventData":{"RuleName":"-","UtcTime":"2024-10-11 06:47:13.965","ProcessGuid":"{53968da7-c9f2-6708-ee02-00000000fb00}","ProcessId":"7232","QueryName":"wpad","QueryStatus":"9003","QueryResults":"-","Image":"C:\\Program Files\\Google\\Chrome\\Application\\chrome.exe","User":"WIN10\\richard"}}
{"LogSource":"Microsoft-Windows-Sysmon/Operational","EventId":22,"TimeCreated":"2024-10-10T23:47:17.2010366-07:00","RecordId":172207,"MachineName":"Win10","EventData":{"RuleName":"-","UtcTime":"2024-10-11 06:47:14.007","ProcessGuid":"{53968da7-c9f2-6708-ee02-00000000fb00}","ProcessId":"7232","QueryName":"wpad","QueryStatus":"9003","QueryResults":"-","Image":"C:\\Program Files\\Google\\Chrome\\Application\\chrome.exe","User":"WIN10\\richard"}}
{"LogSource":"Microsoft-Windows-Sysmon/Operational","EventId":22,"TimeCreated":"2024-10-10T23:47:24.2906560-07:00","RecordId":172208,"MachineName":"Win10","EventData":{"RuleName":"-","UtcTime":"2024-10-11 06:47:21.943","ProcessGuid":"{53968da7-c9f2-6708-ee02-00000000fb00}","ProcessId":"7232","QueryName":"wpad","QueryStatus":"9003","QueryResults":"-","Image":"C:\\Program Files\\Google\\Chrome\\Application\\chrome.exe","User":"WIN10\\richard"}}
{"LogSource":"Microsoft-Windows-Sysmon/Operational","EventId":1,"TimeCreated":"2024-10-10T23:47:33.9631149-07:00","RecordId":172209,"MachineName":"Win10","EventData":{"RuleName":"-","UtcTime":"2024-10-11 06:47:33.955","ProcessGuid":"{53968da7-ca05-6708-fc02-00000000fb00}","ProcessId":"4816","Image":"C:\\Program Files (x86)\\Google\\GoogleUpdater\\130.0.6679.0\\updater.exe","FileVersion":"130.0.6679.0","Description":"Google Updater","Product":"Google Updater","Company":"Google LLC","OriginalFileName":"updater.exe","CommandLine":"\"C:\\Program Files (x86)\\Google\\GoogleUpdater\\130.0.6679.0\\updater.exe\" --system --windows-service --service=update","CurrentDirectory":"C:\\Windows\\system32\\","User":"NT AUTHORITY\\SYSTEM","LogonGuid":"{53968da7-b200-6708-e703-000000000000}","LogonId":"0x3e7","TerminalSessionId":"0","IntegrityLevel":"System","Hashes":"MD5=C583E91DDEE7C0E8AC2A3D3AACAD2F4C,SHA256=7F67129760223E5DDF31219F0B2E247555FBAC85F4B6F933212AC091A21DEBF9,IMPHASH=20AB254B36A04EA3556F60145D061FED","ParentProcessGuid":"{53968da7-b1ff-6708-0b00-00000000fb00}","ParentProcessId":"740","ParentImage":"C:\\Windows\\System32\\services.exe","ParentCommandLine":"C:\\Windows\\system32\\services.exe","ParentUser":"NT AUTHORITY\\SYSTEM"}}
{"LogSource":"Microsoft-Windows-Sysmon/Operational","EventId":1,"TimeCreated":"2024-10-10T23:47:34.0007908-07:00","RecordId":172210,"MachineName":"Win10","EventData":{"RuleName":"-","UtcTime":"2024-10-11 06:47:33.998","ProcessGuid":"{53968da7-ca05-6708-fd02-00000000fb00}","ProcessId":"1808","Image":"C:\\Program Files (x86)\\Google\\GoogleUpdater\\130.0.6679.0\\updater.exe","FileVersion":"130.0.6679.0","Description":"Google Updater","Product":"Google Updater","Company":"Google LLC","OriginalFileName":"updater.exe","CommandLine":"\"C:\\Program Files (x86)\\Google\\GoogleUpdater\\130.0.6679.0\\updater.exe\" --crash-handler --system \"--database=C:\\Program Files (x86)\\Google\\GoogleUpdater\\130.0.6679.0\\Crashpad\" --url=https://clients2.google.com/cr/report --annotation=prod=Update4 --annotation=ver=130.0.6679.0 \"--attachment=C:\\Program Files (x86)\\Google\\GoogleUpdater\\updater.log\" --initial-client-data=0x29c,0x2a0,0x2a4,0x27c,0x2a8,0xdaa6cc,0xdaa6d8,0xdaa6e4","CurrentDirectory":"C:\\Windows\\system32\\","User":"NT AUTHORITY\\SYSTEM","LogonGuid":"{53968da7-b200-6708-e703-000000000000}","LogonId":"0x3e7","TerminalSessionId":"0","IntegrityLevel":"System","Hashes":"MD5=C583E91DDEE7C0E8AC2A3D3AACAD2F4C,SHA256=7F67129760223E5DDF31219F0B2E247555FBAC85F4B6F933212AC091A21DEBF9,IMPHASH=20AB254B36A04EA3556F60145D061FED","ParentProcessGuid":"{53968da7-ca05-6708-fc02-00000000fb00}","ParentProcessId":"4816","ParentImage":"C:\\Program Files (x86)\\Google\\GoogleUpdater\\130.0.6679.0\\updater.exe","ParentCommandLine":"\"C:\\Program Files (x86)\\Google\\GoogleUpdater\\130.0.6679.0\\updater.exe\" --system --windows-service --service=update","ParentUser":"NT AUTHORITY\\SYSTEM"}}
{"LogSource":"Microsoft-Windows-Sysmon/Operational","EventId":1,"TimeCreated":"2024-10-10T23:48:38.9677222-07:00","RecordId":172211,"MachineName":"Win10","EventData":{"RuleName":"-","UtcTime":"2024-10-11 06:48:38.965","ProcessGuid":"{53968da7-ca46-6708-fe02-00000000fb00}","ProcessId":"7284","Image":"C:\\Program Files\\Mozilla Firefox\\firefox.exe","FileVersion":"131.0.2","Description":"Firefox","Product":"Firefox","Company":"Mozilla Corporation","OriginalFileName":"firefox.exe","CommandLine":"\"C:\\Program Files\\Mozilla Firefox\\firefox.exe\" https://www.google.com ","CurrentDirectory":"C:\\Windows\\system32\\","User":"WIN10\\richard","LogonGuid":"{53968da7-b202-6708-7195-020000000000}","LogonId":"0x29571","TerminalSessionId":"1","IntegrityLevel":"High","Hashes":"MD5=571814A7939D001662BBA7760BD0B187,SHA256=9725AFC685C8EE135701E140A83B94FE7D958360A1F546215F7EAFDFF5E53A83,IMPHASH=BB4CE52E8306F88C0B1DA570553704E4","ParentProcessGuid":"{53968da7-be30-6708-5201-00000000fb00}","ParentProcessId":"6876","ParentImage":"C:\\Windows\\System32\\WindowsPowerShell\\v1.0\\powershell_ise.exe","ParentCommandLine":"\"C:\\Windows\\system32\\WindowsPowerShell\\v1.0\\PowerShell_ISE.exe\" ","ParentUser":"WIN10\\richard"}}
{"LogSource":"Microsoft-Windows-Sysmon/Operational","EventId":1,"TimeCreated":"2024-10-10T23:48:38.9982393-07:00","RecordId":172212,"MachineName":"Win10","EventData":{"RuleName":"-","UtcTime":"2024-10-11 06:48:38.996","ProcessGuid":"{53968da7-ca46-6708-ff02-00000000fb00}","ProcessId":"5076","Image":"C:\\Windows\\System32\\smartscreen.exe","FileVersion":"10.0.19041.5007 (WinBuild.160101.0800)","Description":"Windows Defender SmartScreen","Product":"Microsoft® Windows® Operating System","Company":"Microsoft Corporation","OriginalFileName":"smartscreen.exe","CommandLine":"C:\\Windows\\System32\\smartscreen.exe -Embedding","CurrentDirectory":"C:\\Windows\\system32\\","User":"WIN10\\richard","LogonGuid":"{53968da7-b202-6708-c295-020000000000}","LogonId":"0x295c2","TerminalSessionId":"1","IntegrityLevel":"Medium","Hashes":"MD5=C0F62FB7AD4A9C049D5AC3B737E1252D,SHA256=F4EAFC737F93186D563B198ED737C9C2F17A4B9A58D976D78D1C2E13C1EDA104,IMPHASH=9ECF7E989FB6561A51A731BC7991D274","ParentProcessGuid":"{53968da7-b200-6708-0d00-00000000fb00}","ParentProcessId":"884","ParentImage":"C:\\Windows\\System32\\svchost.exe","ParentCommandLine":"C:\\Windows\\system32\\svchost.exe -k DcomLaunch -p","ParentUser":"NT AUTHORITY\\SYSTEM"}}
{"LogSource":"Microsoft-Windows-Sysmon/Operational","EventId":1,"TimeCreated":"2024-10-10T23:48:39.0376129-07:00","RecordId":172213,"MachineName":"Win10","EventData":{"RuleName":"-","UtcTime":"2024-10-11 06:48:39.035","ProcessGuid":"{53968da7-ca47-6708-0003-00000000fb00}","ProcessId":"1452","Image":"C:\\Program Files\\Mozilla Firefox\\firefox.exe","FileVersion":"131.0.2","Description":"Firefox","Product":"Firefox","Company":"Mozilla Corporation","OriginalFileName":"firefox.exe","CommandLine":"\"C:\\Program Files\\Mozilla Firefox\\firefox.exe\" https://www.google.com --attempting-deelevation","CurrentDirectory":"C:\\Windows\\system32\\","User":"WIN10\\richard","LogonGuid":"{53968da7-b202-6708-c295-020000000000}","LogonId":"0x295c2","TerminalSessionId":"1","IntegrityLevel":"Medium","Hashes":"MD5=571814A7939D001662BBA7760BD0B187,SHA256=9725AFC685C8EE135701E140A83B94FE7D958360A1F546215F7EAFDFF5E53A83,IMPHASH=BB4CE52E8306F88C0B1DA570553704E4","ParentProcessGuid":"{53968da7-b203-6708-4f00-00000000fb00}","ParentProcessId":"4396","ParentImage":"C:\\Windows\\explorer.exe","ParentCommandLine":"C:\\Windows\\Explorer.EXE","ParentUser":"WIN10\\richard"}}
{"LogSource":"Microsoft-Windows-Sysmon/Operational","EventId":1,"TimeCreated":"2024-10-10T23:48:39.0462271-07:00","RecordId":172214,"MachineName":"Win10","EventData":{"RuleName":"-","UtcTime":"2024-10-11 06:48:39.044","ProcessGuid":"{53968da7-ca47-6708-0103-00000000fb00}","ProcessId":"5396","Image":"C:\\Program Files\\Mozilla Firefox\\firefox.exe","FileVersion":"131.0.2","Description":"Firefox","Product":"Firefox","Company":"Mozilla Corporation","OriginalFileName":"firefox.exe","CommandLine":"\"C:\\Program Files\\Mozilla Firefox\\firefox.exe\" https://www.google.com","CurrentDirectory":"C:\\Windows\\system32\\","User":"WIN10\\richard","LogonGuid":"{53968da7-b202-6708-c295-020000000000}","LogonId":"0x295c2","TerminalSessionId":"1","IntegrityLevel":"Medium","Hashes":"MD5=571814A7939D001662BBA7760BD0B187,SHA256=9725AFC685C8EE135701E140A83B94FE7D958360A1F546215F7EAFDFF5E53A83,IMPHASH=BB4CE52E8306F88C0B1DA570553704E4","ParentProcessGuid":"{53968da7-ca47-6708-0003-00000000fb00}","ParentProcessId":"1452","ParentImage":"C:\\Program Files\\Mozilla Firefox\\firefox.exe","ParentCommandLine":"\"C:\\Program Files\\Mozilla Firefox\\firefox.exe\" https://www.google.com --attempting-deelevation","ParentUser":"WIN10\\richard"}}
{"LogSource":"Microsoft-Windows-Sysmon/Operational","EventId":1,"TimeCreated":"2024-10-10T23:48:39.2011465-07:00","RecordId":172215,"MachineName":"Win10","EventData":{"RuleName":"-","UtcTime":"2024-10-11 06:48:39.199","ProcessGuid":"{53968da7-ca47-6708-0203-00000000fb00}","ProcessId":"7468","Image":"C:\\Program Files\\Mozilla Firefox\\firefox.exe","FileVersion":"131.0.2","Description":"Firefox","Product":"Firefox","Company":"Mozilla Corporation","OriginalFileName":"firefox.exe","CommandLine":"\"C:\\Program Files\\Mozilla Firefox\\firefox.exe\" -contentproc --channel=1932 -parentBuildID 20241008210941 -prefsHandle 1872 -prefMapHandle 1864 -prefsLen 30861 -prefMapSize 263003 -appDir \"C:\\Program Files\\Mozilla Firefox\\browser\" - {aec830cf-d5b3-4049-a490-7029bca4dfcf} 5396 \"\\\\.\\pipe\\gecko-crash-server-pipe.5396\" 1 gpu","CurrentDirectory":"C:\\Windows\\system32\\","User":"WIN10\\richard","LogonGuid":"{53968da7-b202-6708-c295-020000000000}","LogonId":"0x295c2","TerminalSessionId":"1","IntegrityLevel":"Low","Hashes":"MD5=571814A7939D001662BBA7760BD0B187,SHA256=9725AFC685C8EE135701E140A83B94FE7D958360A1F546215F7EAFDFF5E53A83,IMPHASH=BB4CE52E8306F88C0B1DA570553704E4","ParentProcessGuid":"{53968da7-ca47-6708-0103-00000000fb00}","ParentProcessId":"5396","ParentImage":"C:\\Program Files\\Mozilla Firefox\\firefox.exe","ParentCommandLine":"\"C:\\Program Files\\Mozilla Firefox\\firefox.exe\" https://www.google.com","ParentUser":"WIN10\\richard"}}
{"LogSource":"Microsoft-Windows-Sysmon/Operational","EventId":1,"TimeCreated":"2024-10-10T23:48:39.2469351-07:00","RecordId":172216,"MachineName":"Win10","EventData":{"RuleName":"-","UtcTime":"2024-10-11 06:48:39.244","ProcessGuid":"{53968da7-ca47-6708-0303-00000000fb00}","ProcessId":"6732","Image":"C:\\Program Files\\Mozilla Firefox\\firefox.exe","FileVersion":"131.0.2","Description":"Firefox","Product":"Firefox","Company":"Mozilla Corporation","OriginalFileName":"firefox.exe","CommandLine":"\"C:\\Program Files\\Mozilla Firefox\\firefox.exe\" -contentproc --channel=2384 -parentBuildID 20241008210941 -prefsHandle 2376 -prefMapHandle 2372 -prefsLen 30897 -prefMapSize 263003 -win32kLockedDown -appDir \"C:\\Program Files\\Mozilla Firefox\\browser\" - {b09c6c27-e3a1-4758-bc54-61d9eee769ae} 5396 \"\\\\.\\pipe\\gecko-crash-server-pipe.5396\" 2 socket","CurrentDirectory":"C:\\Windows\\system32\\","User":"WIN10\\richard","LogonGuid":"{53968da7-b202-6708-c295-020000000000}","LogonId":"0x295c2","TerminalSessionId":"1","IntegrityLevel":"Low","Hashes":"MD5=571814A7939D001662BBA7760BD0B187,SHA256=9725AFC685C8EE135701E140A83B94FE7D958360A1F546215F7EAFDFF5E53A83,IMPHASH=BB4CE52E8306F88C0B1DA570553704E4","ParentProcessGuid":"{53968da7-ca47-6708-0103-00000000fb00}","ParentProcessId":"5396","ParentImage":"C:\\Program Files\\Mozilla Firefox\\firefox.exe","ParentCommandLine":"\"C:\\Program Files\\Mozilla Firefox\\firefox.exe\" https://www.google.com","ParentUser":"WIN10\\richard"}}
{"LogSource":"Microsoft-Windows-Sysmon/Operational","EventId":1,"TimeCreated":"2024-10-10T23:48:39.4275406-07:00","RecordId":172217,"MachineName":"Win10","EventData":{"RuleName":"-","UtcTime":"2024-10-11 06:48:39.425","ProcessGuid":"{53968da7-ca47-6708-0403-00000000fb00}","ProcessId":"2724","Image":"C:\\Program Files\\Mozilla Firefox\\firefox.exe","FileVersion":"131.0.2","Description":"Firefox","Product":"Firefox","Company":"Mozilla Corporation","OriginalFileName":"firefox.exe","CommandLine":"\"C:\\Program Files\\Mozilla Firefox\\firefox.exe\" -contentproc --channel=3188 -isForBrowser -prefsHandle 3240 -prefMapHandle 3236 -prefsLen 27591 -prefMapSize 263003 -jsInitHandle 1392 -jsInitLen 234840 -parentBuildID 20241008210941 -win32kLockedDown -appDir \"C:\\Program Files\\Mozilla Firefox\\browser\" - {613a7c6a-bd3c-4c96-8a70-568624c0db36} 5396 \"\\\\.\\pipe\\gecko-crash-server-pipe.5396\" 3 tab","CurrentDirectory":"C:\\Windows\\system32\\","User":"WIN10\\richard","LogonGuid":"{53968da7-b202-6708-c295-020000000000}","LogonId":"0x295c2","TerminalSessionId":"1","IntegrityLevel":"Low","Hashes":"MD5=571814A7939D001662BBA7760BD0B187,SHA256=9725AFC685C8EE135701E140A83B94FE7D958360A1F546215F7EAFDFF5E53A83,IMPHASH=BB4CE52E8306F88C0B1DA570553704E4","ParentProcessGuid":"{53968da7-ca47-6708-0103-00000000fb00}","ParentProcessId":"5396","ParentImage":"C:\\Program Files\\Mozilla Firefox\\firefox.exe","ParentCommandLine":"\"C:\\Program Files\\Mozilla Firefox\\firefox.exe\" https://www.google.com","ParentUser":"WIN10\\richard"}}
{"LogSource":"Microsoft-Windows-Sysmon/Operational","EventId":1,"TimeCreated":"2024-10-10T23:48:39.7436795-07:00","RecordId":172218,"MachineName":"Win10","EventData":{"RuleName":"-","UtcTime":"2024-10-11 06:48:39.740","ProcessGuid":"{53968da7-ca47-6708-0503-00000000fb00}","ProcessId":"5040","Image":"C:\\Program Files\\Mozilla Firefox\\firefox.exe","FileVersion":"131.0.2","Description":"Firefox","Product":"Firefox","Company":"Mozilla Corporation","OriginalFileName":"firefox.exe","CommandLine":"\"C:\\Program Files\\Mozilla Firefox\\firefox.exe\" -contentproc --channel=4352 -isForBrowser -prefsHandle 4344 -prefMapHandle 4340 -prefsLen 36981 -prefMapSize 263003 -jsInitHandle 1392 -jsInitLen 234840 -parentBuildID 20241008210941 -win32kLockedDown -appDir \"C:\\Program Files\\Mozilla Firefox\\browser\" - {1cb0242c-41fb-49d9-b52b-ffaa48ae7e4a} 5396 \"\\\\.\\pipe\\gecko-crash-server-pipe.5396\" 4 tab","CurrentDirectory":"C:\\Windows\\system32\\","User":"WIN10\\richard","LogonGuid":"{53968da7-b202-6708-c295-020000000000}","LogonId":"0x295c2","TerminalSessionId":"1","IntegrityLevel":"Low","Hashes":"MD5=571814A7939D001662BBA7760BD0B187,SHA256=9725AFC685C8EE135701E140A83B94FE7D958360A1F546215F7EAFDFF5E53A83,IMPHASH=BB4CE52E8306F88C0B1DA570553704E4","ParentProcessGuid":"{53968da7-ca47-6708-0103-00000000fb00}","ParentProcessId":"5396","ParentImage":"C:\\Program Files\\Mozilla Firefox\\firefox.exe","ParentCommandLine":"\"C:\\Program Files\\Mozilla Firefox\\firefox.exe\" https://www.google.com","ParentUser":"WIN10\\richard"}}
{"LogSource":"Microsoft-Windows-Sysmon/Operational","EventId":1,"TimeCreated":"2024-10-10T23:48:40.2528499-07:00","RecordId":172220,"MachineName":"Win10","EventData":{"RuleName":"-","UtcTime":"2024-10-11 06:48:40.250","ProcessGuid":"{53968da7-ca48-6708-0703-00000000fb00}","ProcessId":"6884","Image":"C:\\Program Files\\Mozilla Firefox\\firefox.exe","FileVersion":"131.0.2","Description":"Firefox","Product":"Firefox","Company":"Mozilla Corporation","OriginalFileName":"firefox.exe","CommandLine":"\"C:\\Program Files\\Mozilla Firefox\\firefox.exe\" -contentproc --channel=5428 -isForBrowser -prefsHandle 5220 -prefMapHandle 5360 -prefsLen 37030 -prefMapSize 263003 -jsInitHandle 1392 -jsInitLen 234840 -parentBuildID 20241008210941 -win32kLockedDown -appDir \"C:\\Program Files\\Mozilla Firefox\\browser\" - {3adc643c-ea08-4867-904d-45a5e629dd17} 5396 \"\\\\.\\pipe\\gecko-crash-server-pipe.5396\" 6 tab","CurrentDirectory":"C:\\Windows\\system32\\","User":"WIN10\\richard","LogonGuid":"{53968da7-b202-6708-c295-020000000000}","LogonId":"0x295c2","TerminalSessionId":"1","IntegrityLevel":"Low","Hashes":"MD5=571814A7939D001662BBA7760BD0B187,SHA256=9725AFC685C8EE135701E140A83B94FE7D958360A1F546215F7EAFDFF5E53A83,IMPHASH=BB4CE52E8306F88C0B1DA570553704E4","ParentProcessGuid":"{53968da7-ca47-6708-0103-00000000fb00}","ParentProcessId":"5396","ParentImage":"C:\\Program Files\\Mozilla Firefox\\firefox.exe","ParentCommandLine":"\"C:\\Program Files\\Mozilla Firefox\\firefox.exe\" https://www.google.com","ParentUser":"WIN10\\richard"}}
{"LogSource":"Microsoft-Windows-Sysmon/Operational","EventId":1,"TimeCreated":"2024-10-10T23:48:40.2041483-07:00","RecordId":172219,"MachineName":"Win10","EventData":{"RuleName":"-","UtcTime":"2024-10-11 06:48:40.200","ProcessGuid":"{53968da7-ca48-6708-0603-00000000fb00}","ProcessId":"9012","Image":"C:\\Program Files\\Mozilla Firefox\\firefox.exe","FileVersion":"131.0.2","Description":"Firefox","Product":"Firefox","Company":"Mozilla Corporation","OriginalFileName":"firefox.exe","CommandLine":"\"C:\\Program Files\\Mozilla Firefox\\firefox.exe\" -contentproc --channel=5236 -parentBuildID 20241008210941 -sandboxingKind 0 -prefsHandle 5200 -prefMapHandle 5196 -prefsLen 37030 -prefMapSize 263003 -win32kLockedDown -appDir \"C:\\Program Files\\Mozilla Firefox\\browser\" - {57edb68a-c4aa-41ec-ad23-8bed5fa8cb45} 5396 \"\\\\.\\pipe\\gecko-crash-server-pipe.5396\" 5 utility","CurrentDirectory":"C:\\Windows\\system32\\","User":"WIN10\\richard","LogonGuid":"{53968da7-b202-6708-c295-020000000000}","LogonId":"0x295c2","TerminalSessionId":"1","IntegrityLevel":"Low","Hashes":"MD5=571814A7939D001662BBA7760BD0B187,SHA256=9725AFC685C8EE135701E140A83B94FE7D958360A1F546215F7EAFDFF5E53A83,IMPHASH=BB4CE52E8306F88C0B1DA570553704E4","ParentProcessGuid":"{53968da7-ca47-6708-0103-00000000fb00}","ParentProcessId":"5396","ParentImage":"C:\\Program Files\\Mozilla Firefox\\firefox.exe","ParentCommandLine":"\"C:\\Program Files\\Mozilla Firefox\\firefox.exe\" https://www.google.com","ParentUser":"WIN10\\richard"}}
{"LogSource":"Microsoft-Windows-Sysmon/Operational","EventId":22,"TimeCreated":"2024-10-10T23:48:40.3551411-07:00","RecordId":172222,"MachineName":"Win10","EventData":{"RuleName":"-","UtcTime":"2024-10-11 06:48:38.370","ProcessGuid":"{53968da7-ca47-6708-0103-00000000fb00}","ProcessId":"5396","QueryName":"detectportal.firefox.com","QueryStatus":"0","QueryResults":"type:  5 detectportal.prod.mozaws.net;type:  5 prod.detectportal.prod.cloudops.mozgcp.net;2600:1901:0:38d7::;::ffff:34.107.221.82;","Image":"C:\\Program Files\\Mozilla Firefox\\firefox.exe","User":"WIN10\\richard"}}
{"LogSource":"Microsoft-Windows-Sysmon/Operational","EventId":22,"TimeCreated":"2024-10-10T23:48:40.3538697-07:00","RecordId":172221,"MachineName":"Win10","EventData":{"RuleName":"-","UtcTime":"2024-10-11 06:48:38.369","ProcessGuid":"{53968da7-ca47-6708-0103-00000000fb00}","ProcessId":"5396","QueryName":"detectportal.firefox.com","QueryStatus":"0","QueryResults":"type:  5 detectportal.prod.mozaws.net;type:  5 prod.detectportal.prod.cloudops.mozgcp.net;2600:1901:0:38d7::;::ffff:34.107.221.82;","Image":"C:\\Program Files\\Mozilla Firefox\\firefox.exe","User":"WIN10\\richard"}}
{"LogSource":"Microsoft-Windows-Sysmon/Operational","EventId":22,"TimeCreated":"2024-10-10T23:48:40.3563043-07:00","RecordId":172223,"MachineName":"Win10","EventData":{"RuleName":"-","UtcTime":"2024-10-11 06:48:38.376","ProcessGuid":"{53968da7-ca47-6708-0103-00000000fb00}","ProcessId":"5396","QueryName":"prod.detectportal.prod.cloudops.mozgcp.net","QueryStatus":"0","QueryResults":"34.107.221.82;","Image":"C:\\Program Files\\Mozilla Firefox\\firefox.exe","User":"WIN10\\richard"}}
{"LogSource":"Microsoft-Windows-Sysmon/Operational","EventId":22,"TimeCreated":"2024-10-10T23:48:40.3586289-07:00","RecordId":172225,"MachineName":"Win10","EventData":{"RuleName":"-","UtcTime":"2024-10-11 06:48:38.407","ProcessGuid":"{53968da7-ca47-6708-0103-00000000fb00}","ProcessId":"5396","QueryName":"private.canadianshield.cira.ca","QueryStatus":"0","QueryResults":"2620:10a:80bb::10;2620:10a:80bc::10;::ffff:149.112.122.10;::ffff:149.112.121.10;","Image":"C:\\Program Files\\Mozilla Firefox\\firefox.exe","User":"WIN10\\richard"}}
{"LogSource":"Microsoft-Windows-Sysmon/Operational","EventId":22,"TimeCreated":"2024-10-10T23:48:40.3598006-07:00","RecordId":172226,"MachineName":"Win10","EventData":{"RuleName":"-","UtcTime":"2024-10-11 06:48:38.407","ProcessGuid":"{53968da7-ca47-6708-0103-00000000fb00}","ProcessId":"5396","QueryName":"private.canadianshield.cira.ca","QueryStatus":"0","QueryResults":"2620:10a:80bb::10;2620:10a:80bc::10;::ffff:149.112.122.10;::ffff:149.112.121.10;","Image":"C:\\Program Files\\Mozilla Firefox\\firefox.exe","User":"WIN10\\richard"}}
{"LogSource":"Microsoft-Windows-Sysmon/Operational","EventId":22,"TimeCreated":"2024-10-10T23:48:40.3610076-07:00","RecordId":172227,"MachineName":"Win10","EventData":{"RuleName":"-","UtcTime":"2024-10-11 06:48:38.407","ProcessGuid":"{53968da7-ca47-6708-0103-00000000fb00}","ProcessId":"5396","QueryName":"private.canadianshield.cira.ca","QueryStatus":"0","QueryResults":"149.112.121.10;149.112.122.10;","Image":"C:\\Program Files\\Mozilla Firefox\\firefox.exe","User":"WIN10\\richard"}}
{"LogSource":"Microsoft-Windows-Sysmon/Operational","EventId":22,"TimeCreated":"2024-10-10T23:48:40.3622066-07:00","RecordId":172228,"MachineName":"Win10","EventData":{"RuleName":"-","UtcTime":"2024-10-11 06:48:38.408","ProcessGuid":"{53968da7-ca47-6708-0103-00000000fb00}","ProcessId":"5396","QueryName":"private.canadianshield.cira.ca","QueryStatus":"0","QueryResults":"2620:10a:80bc::10;2620:10a:80bb::10;","Image":"C:\\Program Files\\Mozilla Firefox\\firefox.exe","User":"WIN10\\richard"}}
{"LogSource":"Microsoft-Windows-Sysmon/Operational","EventId":22,"TimeCreated":"2024-10-10T23:48:40.3634071-07:00","RecordId":172229,"MachineName":"Win10","EventData":{"RuleName":"-","UtcTime":"2024-10-11 06:48:38.413","ProcessGuid":"{53968da7-ca47-6708-0103-00000000fb00}","ProcessId":"5396","QueryName":"example.org","QueryStatus":"0","QueryResults":"93.184.215.14;","Image":"C:\\Program Files\\Mozilla Firefox\\firefox.exe","User":"WIN10\\richard"}}
{"LogSource":"Microsoft-Windows-Sysmon/Operational","EventId":22,"TimeCreated":"2024-10-10T23:48:40.3654756-07:00","RecordId":172230,"MachineName":"Win10","EventData":{"RuleName":"-","UtcTime":"2024-10-11 06:48:38.414","ProcessGuid":"{53968da7-ca47-6708-0103-00000000fb00}","ProcessId":"5396","QueryName":"example.org","QueryStatus":"0","QueryResults":"2606:2800:21f:cb07:6820:80da:af6b:8b2c;::ffff:93.184.215.14;","Image":"C:\\Program Files\\Mozilla Firefox\\firefox.exe","User":"WIN10\\richard"}}
{"LogSource":"Microsoft-Windows-Sysmon/Operational","EventId":22,"TimeCreated":"2024-10-10T23:48:40.3671457-07:00","RecordId":172231,"MachineName":"Win10","EventData":{"RuleName":"-","UtcTime":"2024-10-11 06:48:38.414","ProcessGuid":"{53968da7-ca47-6708-0103-00000000fb00}","ProcessId":"5396","QueryName":"example.org","QueryStatus":"0","QueryResults":"93.184.215.14;","Image":"C:\\Program Files\\Mozilla Firefox\\firefox.exe","User":"WIN10\\richard"}}
{"LogSource":"Microsoft-Windows-Sysmon/Operational","EventId":22,"TimeCreated":"2024-10-10T23:48:40.3687517-07:00","RecordId":172232,"MachineName":"Win10","EventData":{"RuleName":"-","UtcTime":"2024-10-11 06:48:38.414","ProcessGuid":"{53968da7-ca47-6708-0103-00000000fb00}","ProcessId":"5396","QueryName":"example.org","QueryStatus":"0","QueryResults":"93.184.215.14;","Image":"C:\\Program Files\\Mozilla Firefox\\firefox.exe","User":"WIN10\\richard"}}
{"LogSource":"Microsoft-Windows-Sysmon/Operational","EventId":22,"TimeCreated":"2024-10-10T23:48:40.3700884-07:00","RecordId":172233,"MachineName":"Win10","EventData":{"RuleName":"-","UtcTime":"2024-10-11 06:48:38.414","ProcessGuid":"{53968da7-ca47-6708-0103-00000000fb00}","ProcessId":"5396","QueryName":"example.org","QueryStatus":"0","QueryResults":"2606:2800:21f:cb07:6820:80da:af6b:8b2c;::ffff:93.184.215.14;","Image":"C:\\Program Files\\Mozilla Firefox\\firefox.exe","User":"WIN10\\richard"}}
{"LogSource":"Microsoft-Windows-Sysmon/Operational","EventId":22,"TimeCreated":"2024-10-10T23:48:40.3725386-07:00","RecordId":172234,"MachineName":"Win10","EventData":{"RuleName":"-","UtcTime":"2024-10-11 06:48:38.414","ProcessGuid":"{53968da7-ca47-6708-0103-00000000fb00}","ProcessId":"5396","QueryName":"example.org","QueryStatus":"0","QueryResults":"2606:2800:21f:cb07:6820:80da:af6b:8b2c;","Image":"C:\\Program Files\\Mozilla Firefox\\firefox.exe","User":"WIN10\\richard"}}
{"LogSource":"Microsoft-Windows-Sysmon/Operational","EventId":22,"TimeCreated":"2024-10-10T23:48:40.3769027-07:00","RecordId":172235,"MachineName":"Win10","EventData":{"RuleName":"-","UtcTime":"2024-10-11 06:48:38.538","ProcessGuid":"{53968da7-ca47-6708-0103-00000000fb00}","ProcessId":"5396","QueryName":"forcesafesearch.google.com.","QueryStatus":"0","QueryResults":"216.239.38.120;","Image":"C:\\Program Files\\Mozilla Firefox\\firefox.exe","User":"WIN10\\richard"}}
{"LogSource":"Microsoft-Windows-Sysmon/Operational","EventId":22,"TimeCreated":"2024-10-10T23:48:40.3782544-07:00","RecordId":172236,"MachineName":"Win10","EventData":{"RuleName":"-","UtcTime":"2024-10-11 06:48:38.539","ProcessGuid":"{53968da7-ca47-6708-0103-00000000fb00}","ProcessId":"5396","QueryName":"restrict.youtube.com.","QueryStatus":"0","QueryResults":"216.239.38.120;","Image":"C:\\Program Files\\Mozilla Firefox\\firefox.exe","User":"WIN10\\richard"}}
{"LogSource":"Microsoft-Windows-Sysmon/Operational","EventId":22,"TimeCreated":"2024-10-10T23:48:40.3794424-07:00","RecordId":172237,"MachineName":"Win10","EventData":{"RuleName":"-","UtcTime":"2024-10-11 06:48:38.539","ProcessGuid":"{53968da7-ca47-6708-0103-00000000fb00}","ProcessId":"5396","QueryName":"restrictmoderate.youtube.com.","QueryStatus":"0","QueryResults":"216.239.38.119;","Image":"C:\\Program Files\\Mozilla Firefox\\firefox.exe","User":"WIN10\\richard"}}
{"LogSource":"Microsoft-Windows-Sysmon/Operational","EventId":22,"TimeCreated":"2024-10-10T23:48:40.3806140-07:00","RecordId":172238,"MachineName":"Win10","EventData":{"RuleName":"-","UtcTime":"2024-10-11 06:48:38.539","ProcessGuid":"{53968da7-ca47-6708-0103-00000000fb00}","ProcessId":"5396","QueryName":"forcesafesearch.google.com.","QueryStatus":"0","QueryResults":"216.239.38.120;","Image":"C:\\Program Files\\Mozilla Firefox\\firefox.exe","User":"WIN10\\richard"}}
{"LogSource":"Microsoft-Windows-Sysmon/Operational","EventId":22,"TimeCreated":"2024-10-10T23:48:40.3820628-07:00","RecordId":172239,"MachineName":"Win10","EventData":{"RuleName":"-","UtcTime":"2024-10-11 06:48:38.539","ProcessGuid":"{53968da7-ca47-6708-0103-00000000fb00}","ProcessId":"5396","QueryName":"forcesafesearch.google.com","QueryStatus":"0","QueryResults":"216.239.38.120;","Image":"C:\\Program Files\\Mozilla Firefox\\firefox.exe","User":"WIN10\\richard"}}
{"LogSource":"Microsoft-Windows-Sysmon/Operational","EventId":22,"TimeCreated":"2024-10-10T23:48:40.3834113-07:00","RecordId":172240,"MachineName":"Win10","EventData":{"RuleName":"-","UtcTime":"2024-10-11 06:48:38.540","ProcessGuid":"{53968da7-ca47-6708-0103-00000000fb00}","ProcessId":"5396","QueryName":"restrict.youtube.com.","QueryStatus":"0","QueryResults":"216.239.38.120;","Image":"C:\\Program Files\\Mozilla Firefox\\firefox.exe","User":"WIN10\\richard"}}
{"LogSource":"Microsoft-Windows-Sysmon/Operational","EventId":22,"TimeCreated":"2024-10-10T23:48:40.3845929-07:00","RecordId":172241,"MachineName":"Win10","EventData":{"RuleName":"-","UtcTime":"2024-10-11 06:48:38.540","ProcessGuid":"{53968da7-ca47-6708-0103-00000000fb00}","ProcessId":"5396","QueryName":"restrict.youtube.com","QueryStatus":"0","QueryResults":"216.239.38.120;","Image":"C:\\Program Files\\Mozilla Firefox\\firefox.exe","User":"WIN10\\richard"}}
{"LogSource":"Microsoft-Windows-Sysmon/Operational","EventId":22,"TimeCreated":"2024-10-10T23:48:40.3857577-07:00","RecordId":172242,"MachineName":"Win10","EventData":{"RuleName":"-","UtcTime":"2024-10-11 06:48:38.540","ProcessGuid":"{53968da7-ca47-6708-0103-00000000fb00}","ProcessId":"5396","QueryName":"restrictmoderate.youtube.com.","QueryStatus":"0","QueryResults":"216.239.38.119;","Image":"C:\\Program Files\\Mozilla Firefox\\firefox.exe","User":"WIN10\\richard"}}
{"LogSource":"Microsoft-Windows-Sysmon/Operational","EventId":22,"TimeCreated":"2024-10-10T23:48:40.3574528-07:00","RecordId":172224,"MachineName":"Win10","EventData":{"RuleName":"-","UtcTime":"2024-10-11 06:48:38.381","ProcessGuid":"{53968da7-ca47-6708-0103-00000000fb00}","ProcessId":"5396","QueryName":"prod.detectportal.prod.cloudops.mozgcp.net","QueryStatus":"0","QueryResults":"2600:1901:0:38d7::;","Image":"C:\\Program Files\\Mozilla Firefox\\firefox.exe","User":"WIN10\\richard"}}
{"LogSource":"Microsoft-Windows-Sysmon/Operational","EventId":22,"TimeCreated":"2024-10-10T23:48:40.3881311-07:00","RecordId":172244,"MachineName":"Win10","EventData":{"RuleName":"-","UtcTime":"2024-10-11 06:48:38.543","ProcessGuid":"{53968da7-ca47-6708-0103-00000000fb00}","ProcessId":"5396","QueryName":"www.google.com.","QueryStatus":"0","QueryResults":"142.250.217.100;","Image":"C:\\Program Files\\Mozilla Firefox\\firefox.exe","User":"WIN10\\richard"}}
{"LogSource":"Microsoft-Windows-Sysmon/Operational","EventId":22,"TimeCreated":"2024-10-10T23:48:40.3898105-07:00","RecordId":172245,"MachineName":"Win10","EventData":{"RuleName":"-","UtcTime":"2024-10-11 06:48:38.543","ProcessGuid":"{53968da7-ca47-6708-0103-00000000fb00}","ProcessId":"5396","QueryName":"www.google.com.","QueryStatus":"0","QueryResults":"142.250.217.100;","Image":"C:\\Program Files\\Mozilla Firefox\\firefox.exe","User":"WIN10\\richard"}}
{"LogSource":"Microsoft-Windows-Sysmon/Operational","EventId":22,"TimeCreated":"2024-10-10T23:48:40.3910298-07:00","RecordId":172246,"MachineName":"Win10","EventData":{"RuleName":"-","UtcTime":"2024-10-11 06:48:38.543","ProcessGuid":"{53968da7-ca47-6708-0103-00000000fb00}","ProcessId":"5396","QueryName":"www.google.com","QueryStatus":"0","QueryResults":"142.250.217.100;","Image":"C:\\Program Files\\Mozilla Firefox\\firefox.exe","User":"WIN10\\richard"}}
{"LogSource":"Microsoft-Windows-Sysmon/Operational","EventId":22,"TimeCreated":"2024-10-10T23:48:40.3921954-07:00","RecordId":172247,"MachineName":"Win10","EventData":{"RuleName":"-","UtcTime":"2024-10-11 06:48:38.549","ProcessGuid":"{53968da7-ca47-6708-0103-00000000fb00}","ProcessId":"5396","QueryName":"m.youtube.com.","QueryStatus":"0","QueryResults":"142.250.69.206;","Image":"C:\\Program Files\\Mozilla Firefox\\firefox.exe","User":"WIN10\\richard"}}
{"LogSource":"Microsoft-Windows-Sysmon/Operational","EventId":22,"TimeCreated":"2024-10-10T23:48:40.3869371-07:00","RecordId":172243,"MachineName":"Win10","EventData":{"RuleName":"-","UtcTime":"2024-10-11 06:48:38.540","ProcessGuid":"{53968da7-ca47-6708-0103-00000000fb00}","ProcessId":"5396","QueryName":"restrictmoderate.youtube.com","QueryStatus":"0","QueryResults":"216.239.38.119;","Image":"C:\\Program Files\\Mozilla Firefox\\firefox.exe","User":"WIN10\\richard"}}
{"LogSource":"Microsoft-Windows-Sysmon/Operational","EventId":22,"TimeCreated":"2024-10-10T23:48:40.3933472-07:00","RecordId":172248,"MachineName":"Win10","EventData":{"RuleName":"-","UtcTime":"2024-10-11 06:48:38.549","ProcessGuid":"{53968da7-ca47-6708-0103-00000000fb00}","ProcessId":"5396","QueryName":"youtubei.googleapis.com.","QueryStatus":"0","QueryResults":"142.251.33.106;142.251.211.234;142.251.33.74;142.250.217.74;142.250.217.106;142.251.215.234;172.217.14.202;142.250.69.202;","Image":"C:\\Program Files\\Mozilla Firefox\\firefox.exe","User":"WIN10\\richard"}}
{"LogSource":"Microsoft-Windows-Sysmon/Operational","EventId":22,"TimeCreated":"2024-10-10T23:48:40.3958095-07:00","RecordId":172250,"MachineName":"Win10","EventData":{"RuleName":"-","UtcTime":"2024-10-11 06:48:38.549","ProcessGuid":"{53968da7-ca47-6708-0103-00000000fb00}","ProcessId":"5396","QueryName":"google.com.","QueryStatus":"0","QueryResults":"142.251.215.238;","Image":"C:\\Program Files\\Mozilla Firefox\\firefox.exe","User":"WIN10\\richard"}}
