{"LogSource":"Microsoft-Windows-Sysmon/Operational","EventId":22,"TimeCreated":"2024-10-10T23:48:40.3971247-07:00","RecordId":172251,"MachineName":"Win10","EventData":{"RuleName":"-","UtcTime":"2024-10-11 06:48:38.549","ProcessGuid":"{53968da7-ca47-6708-0103-00000000fb00}","ProcessId":"5396","QueryName":"m.youtube.com.","QueryStatus":"0","QueryResults":"142.250.69.206;","Image":"C:\\Program Files\\Mozilla Firefox\\firefox.exe","User":"WIN10\\richard"}}
{"LogSource":"Microsoft-Windows-Sysmon/Operational","EventId":22,"TimeCreated":"2024-10-10T23:48:40.3945932-07:00","RecordId":172249,"MachineName":"Win10","EventData":{"RuleName":"-","UtcTime":"2024-10-11 06:48:38.549","ProcessGuid":"{53968da7-ca47-6708-0103-00000000fb00}","ProcessId":"5396","QueryName":"www.youtube.com.","QueryStatus":"0","QueryResults":"type:  5 youtube-ui.l.google.com;142.250.217.78;142.250.217.110;142.251.215.238;172.217.14.206;142.250.69.206;142.251.33.110;142.251.211.238;142.251.33.78;","Image":"C:\\Program Files\\Mozilla Firefox\\firefox.exe","User":"WIN10\\richard"}}
{"LogSource":"Microsoft-Windows-Sysmon/Operational","EventId":22,"TimeCreated":"2024-10-10T23:48:40.3995371-07:00","RecordId":172253,"MachineName":"Win10","EventData":{"RuleName":"-","UtcTime":"2024-10-11 06:48:38.549","ProcessGuid":"{53968da7-ca47-6708-0103-00000000fb00}","ProcessId":"5396","QueryName":"google.com.","QueryStatus":"0","QueryResults":"142.251.215.238;","Image":"C:\\Program Files\\Mozilla Firefox\\firefox.exe","User":"WIN10\\richard"}}
{"LogSource":"Microsoft-Windows-Sysmon/Operational","EventId":22,"TimeCreated":"2024-10-10T23:48:40.4010135-07:00","RecordId":172254,"MachineName":"Win10","EventData":{"RuleName":"-","UtcTime":"2024-10-11 06:48:38.549","ProcessGuid":"{53968da7-ca47-6708-0103-00000000fb00}","ProcessId":"5396","QueryName":"www.youtube.com.","QueryStatus":"0","QueryResults":"type:  5 youtube-ui.l.google.com;142.250.217.78;142.250.217.110;142.251.215.238;172.217.14.206;142.250.69.206;142.251.33.110;142.251.211.238;142.251.33.78;","Image":"C:\\Program Files\\Mozilla Firefox\\firefox.exe","User":"WIN10\\richard"}}
{"LogSource":"Microsoft-Windows-Sysmon/Operational","EventId":22,"TimeCreated":"2024-10-10T23:48:40.3983651-07:00","RecordId":172252,"MachineName":"Win10","EventData":{"RuleName":"-","UtcTime":"2024-10-11 06:48:38.549","ProcessGuid":"{53968da7-ca47-6708-0103-00000000fb00}","ProcessId":"5396","QueryName":"youtubei.googleapis.com.","QueryStatus":"0","QueryResults":"142.251.33.106;142.251.211.234;142.251.33.74;142.250.217.74;142.250.217.106;142.251.215.234;172.217.14.202;142.250.69.202;","Image":"C:\\Program Files\\Mozilla Firefox\\firefox.exe","User":"WIN10\\richard"}}
{"LogSource":"Microsoft-Windows-Sysmon/Operational","EventId":22,"TimeCreated":"2024-10-10T23:48:40.4040738-07:00","RecordId":172256,"MachineName":"Win10","EventData":{"RuleName":"-","UtcTime":"2024-10-11 06:48:38.549","ProcessGuid":"{53968da7-ca47-6708-0103-00000000fb00}","ProcessId":"5396","QueryName":"google.com","QueryStatus":"0","QueryResults":"142.251.215.238;","Image":"C:\\Program Files\\Mozilla Firefox\\firefox.exe","User":"WIN10\\richard"}}
{"LogSource":"Microsoft-Windows-Sysmon/Operational","EventId":22,"TimeCreated":"2024-10-10T23:48:40.4026373-07:00","RecordId":172255,"MachineName":"Win10","EventData":{"RuleName":"-","UtcTime":"2024-10-11 06:48:38.549","ProcessGuid":"{53968da7-ca47-6708-0103-00000000fb00}","ProcessId":"5396","QueryName":"m.youtube.com","QueryStatus":"0","QueryResults":"142.250.69.206;","Image":"C:\\Program Files\\Mozilla Firefox\\firefox.exe","User":"WIN10\\richard"}}
{"LogSource":"Microsoft-Windows-Sysmon/Operational","EventId":22,"TimeCreated":"2024-10-10T23:48:40.4072354-07:00","RecordId":172258,"MachineName":"Win10","EventData":{"RuleName":"-","UtcTime":"2024-10-11 06:48:38.550","ProcessGuid":"{53968da7-ca47-6708-0103-00000000fb00}","ProcessId":"5396","QueryName":"www.youtube-nocookie.com.","QueryStatus":"0","QueryResults":"type:  5 youtube-ui.l.google.com;142.250.217.110;142.251.215.238;172.217.14.206;172.217.14.238;142.250.69.206;142.251.33.110;142.251.211.238;142.251.33.78;142.250.217.78;","Image":"C:\\Program Files\\Mozilla Firefox\\firefox.exe","User":"WIN10\\richard"}}
{"LogSource":"Microsoft-Windows-Sysmon/Operational","EventId":22,"TimeCreated":"2024-10-10T23:48:40.4086778-07:00","RecordId":172259,"MachineName":"Win10","EventData":{"RuleName":"-","UtcTime":"2024-10-11 06:48:38.550","ProcessGuid":"{53968da7-ca47-6708-0103-00000000fb00}","ProcessId":"5396","QueryName":"youtube.googleapis.com.","QueryStatus":"0","QueryResults":"142.251.211.234;142.251.33.74;142.250.217.74;142.250.217.106;142.251.215.234;172.217.14.234;142.250.69.202;142.251.33.106;","Image":"C:\\Program Files\\Mozilla Firefox\\firefox.exe","User":"WIN10\\richard"}}
{"LogSource":"Microsoft-Windows-Sysmon/Operational","EventId":22,"TimeCreated":"2024-10-10T23:48:40.4099304-07:00","RecordId":172260,"MachineName":"Win10","EventData":{"RuleName":"-","UtcTime":"2024-10-11 06:48:38.550","ProcessGuid":"{53968da7-ca47-6708-0103-00000000fb00}","ProcessId":"5396","QueryName":"sitereview.zscaler.com.","QueryStatus":"0","QueryResults":"104.129.193.93;","Image":"C:\\Program Files\\Mozilla Firefox\\firefox.exe","User":"WIN10\\richard"}}
{"LogSource":"Microsoft-Windows-Sysmon/Operational","EventId":22,"TimeCreated":"2024-10-10T23:48:40.4112315-07:00","RecordId":172261,"MachineName":"Win10","EventData":{"RuleName":"-","UtcTime":"2024-10-11 06:48:38.550","ProcessGuid":"{53968da7-ca47-6708-0103-00000000fb00}","ProcessId":"5396","QueryName":"www.youtube-nocookie.com.","QueryStatus":"0","QueryResults":"type:  5 youtube-ui.l.google.com;142.250.217.110;142.251.215.238;172.217.14.206;172.217.14.238;142.250.69.206;142.251.33.110;142.251.211.238;142.251.33.78;142.250.217.78;","Image":"C:\\Program Files\\Mozilla Firefox\\firefox.exe","User":"WIN10\\richard"}}
{"LogSource":"Microsoft-Windows-Sysmon/Operational","EventId":22,"TimeCreated":"2024-10-10T23:48:40.4149585-07:00","RecordId":172262,"MachineName":"Win10","EventData":{"RuleName":"-","UtcTime":"2024-10-11 06:48:38.550","ProcessGuid":"{53968da7-ca47-6708-0103-00000000fb00}","ProcessId":"5396","QueryName":"sitereview.zscaler.com.","QueryStatus":"0","QueryResults":"104.129.193.93;","Image":"C:\\Program Files\\Mozilla Firefox\\firefox.exe","User":"WIN10\\richard"}}
{"LogSource":"Microsoft-Windows-Sysmon/Operational","EventId":22,"TimeCreated":"2024-10-10T23:48:40.4165430-07:00","RecordId":172263,"MachineName":"Win10","EventData":{"RuleName":"-","UtcTime":"2024-10-11 06:48:38.550","ProcessGuid":"{53968da7-ca47-6708-0103-00000000fb00}","ProcessId":"5396","QueryName":"youtube.googleapis.com.","QueryStatus":"0","QueryResults":"142.251.211.234;142.251.33.74;142.250.217.74;142.250.217.106;142.251.215.234;172.217.14.234;142.250.69.202;142.251.33.106;","Image":"C:\\Program Files\\Mozilla Firefox\\firefox.exe","User":"WIN10\\richard"}}
{"LogSource":"Microsoft-Windows-Sysmon/Operational","EventId":22,"TimeCreated":"2024-10-10T23:48:40.4184714-07:00","RecordId":172264,"MachineName":"Win10","EventData":{"RuleName":"-","UtcTime":"2024-10-11 06:48:38.550","ProcessGuid":"{53968da7-ca47-6708-0103-00000000fb00}","ProcessId":"5396","QueryName":"sitereview.zscaler.com","QueryStatus":"0","QueryResults":"104.129.193.93;","Image":"C:\\Program Files\\Mozilla Firefox\\firefox.exe","User":"WIN10\\richard"}}
{"LogSource":"Microsoft-Windows-Sysmon/Operational","EventId":22,"TimeCreated":"2024-10-10T23:48:40.4203692-07:00","RecordId":172265,"MachineName":"Win10","EventData":{"RuleName":"-","UtcTime":"2024-10-11 06:48:38.550","ProcessGuid":"{53968da7-ca47-6708-0103-00000000fb00}","ProcessId":"5396","QueryName":"youtube.googleapis.com","QueryStatus":"0","QueryResults":"142.251.211.234;142.251.33.74;142.250.217.74;142.250.217.106;142.251.215.234;172.217.14.234;142.250.69.202;142.251.33.106;","Image":"C:\\Program Files\\Mozilla Firefox\\firefox.exe","User":"WIN10\\richard"}}
{"LogSource":"Microsoft-Windows-Sysmon/Operational","EventId":22,"TimeCreated":"2024-10-10T23:48:40.4222113-07:00","RecordId":172266,"MachineName":"Win10","EventData":{"RuleName":"-","UtcTime":"2024-10-11 06:48:38.550","ProcessGuid":"{53968da7-ca47-6708-0103-00000000fb00}","ProcessId":"5396","QueryName":"use-application-dns.net.","QueryStatus":"0","QueryResults":"35.190.14.201;","Image":"C:\\Program Files\\Mozilla Firefox\\firefox.exe","User":"WIN10\\richard"}}
{"LogSource":"Microsoft-Windows-Sysmon/Operational","EventId":22,"TimeCreated":"2024-10-10T23:48:40.4252793-07:00","RecordId":172267,"MachineName":"Win10","EventData":{"RuleName":"-","UtcTime":"2024-10-11 06:48:38.551","ProcessGuid":"{53968da7-ca47-6708-0103-00000000fb00}","ProcessId":"5396","QueryName":"use-application-dns.net.","QueryStatus":"0","QueryResults":"35.190.14.201;","Image":"C:\\Program Files\\Mozilla Firefox\\firefox.exe","User":"WIN10\\richard"}}
{"LogSource":"Microsoft-Windows-Sysmon/Operational","EventId":22,"TimeCreated":"2024-10-10T23:48:40.4292955-07:00","RecordId":172268,"MachineName":"Win10","EventData":{"RuleName":"-","UtcTime":"2024-10-11 06:48:38.551","ProcessGuid":"{53968da7-ca47-6708-0103-00000000fb00}","ProcessId":"5396","QueryName":"use-application-dns.net","QueryStatus":"0","QueryResults":"35.190.14.201;","Image":"C:\\Program Files\\Mozilla Firefox\\firefox.exe","User":"WIN10\\richard"}}
{"LogSource":"Microsoft-Windows-Sysmon/Operational","EventId":1,"TimeCreated":"2024-10-10T23:48:40.4306477-07:00","RecordId":172269,"MachineName":"Win10","EventData":{"RuleName":"-","UtcTime":"2024-10-11 06:48:40.425","ProcessGuid":"{53968da7-ca48-6708-0803-00000000fb00}","ProcessId":"8828","Image":"C:\\Program Files\\Mozilla Firefox\\firefox.exe","FileVersion":"131.0.2","Description":"Firefox","Product":"Firefox","Company":"Mozilla Corporation","OriginalFileName":"firefox.exe","CommandLine":"\"C:\\Program Files\\Mozilla Firefox\\firefox.exe\" -contentproc --channel=3132 -isForBrowser -prefsHandle 5640 -prefMapHandle 3040 -prefsLen 33583 -prefMapSize 263003 -jsInitHandle 1392 -jsInitLen 234840 -parentBuildID 20241008210941 -win32kLockedDown -appDir \"C:\\Program Files\\Mozilla Firefox\\browser\" - {a7e54a42-25e6-4636-8962-876e90cd4d36} 5396 \"\\\\.\\pipe\\gecko-crash-server-pipe.5396\" 7 tab","CurrentDirectory":"C:\\Windows\\system32\\","User":"WIN10\\richard","LogonGuid":"{53968da7-b202-6708-c295-020000000000}","LogonId":"0x295c2","TerminalSessionId":"1","IntegrityLevel":"Low","Hashes":"MD5=571814A7939D001662BBA7760BD0B187,SHA256=9725AFC685C8EE135701E140A83B94FE7D958360A1F546215F7EAFDFF5E53A83,IMPHASH=BB4CE52E8306F88C0B1DA570553704E4","ParentProcessGuid":"{53968da7-ca47-6708-0103-00000000fb00}","ParentProcessId":"5396","ParentImage":"C:\\Program Files\\Mozilla Firefox\\firefox.exe","ParentCommandLine":"\"C:\\Program Files\\Mozilla Firefox\\firefox.exe\" https://www.google.com","ParentUser":"WIN10\\richard"}}
{"LogSource":"Microsoft-Windows-Sysmon/Operational","EventId":22,"TimeCreated":"2024-10-10T23:48:40.4312336-07:00","RecordId":172270,"MachineName":"Win10","EventData":{"RuleName":"-","UtcTime":"2024-10-11 06:48:38.553","ProcessGuid":"{53968da7-ca47-6708-0103-00000000fb00}","ProcessId":"5396","QueryName":"youtube-ui.l.google.com","QueryStatus":"0","QueryResults":"142.250.217.78;142.251.33.78;142.251.211.238;142.251.33.110;142.250.69.206;172.217.14.238;172.217.14.206;142.251.215.238;142.250.217.110;","Image":"C:\\Program Files\\Mozilla Firefox\\firefox.exe","User":"WIN10\\richard"}}
{"LogSource":"Microsoft-Windows-Sysmon/Operational","EventId":22,"TimeCreated":"2024-10-10T23:48:40.4350855-07:00","RecordId":172271,"MachineName":"Win10","EventData":{"RuleName":"-","UtcTime":"2024-10-11 06:48:38.554","ProcessGuid":"{53968da7-ca47-6708-0103-00000000fb00}","ProcessId":"5396","QueryName":"youtube-ui.l.google.com","QueryStatus":"0","QueryResults":"142.250.217.78;142.251.33.78;142.251.211.238;142.251.33.110;142.250.69.206;172.217.14.238;172.217.14.206;142.251.215.238;142.250.217.110;","Image":"C:\\Program Files\\Mozilla Firefox\\firefox.exe","User":"WIN10\\richard"}}
{"LogSource":"Microsoft-Windows-Sysmon/Operational","EventId":22,"TimeCreated":"2024-10-10T23:48:40.4370156-07:00","RecordId":172272,"MachineName":"Win10","EventData":{"RuleName":"-","UtcTime":"2024-10-11 06:48:38.558","ProcessGuid":"{53968da7-ca47-6708-0103-00000000fb00}","ProcessId":"5396","QueryName":"private.canadianshield.cira.ca","QueryStatus":"0","QueryResults":"2620:10a:80bb::10;2620:10a:80bc::10;::ffff:149.112.122.10;::ffff:149.112.121.10;","Image":"C:\\Program Files\\Mozilla Firefox\\firefox.exe","User":"WIN10\\richard"}}
{"LogSource":"Microsoft-Windows-Sysmon/Operational","EventId":1,"TimeCreated":"2024-10-10T23:48:40.4373374-07:00","RecordId":172273,"MachineName":"Win10","EventData":{"RuleName":"-","UtcTime":"2024-10-11 06:48:40.434","ProcessGuid":"{53968da7-ca48-6708-0903-00000000fb00}","ProcessId":"3140","Image":"C:\\Program Files\\Mozilla Firefox\\firefox.exe","FileVersion":"131.0.2","Description":"Firefox","Product":"Firefox","Company":"Mozilla Corporation","OriginalFileName":"firefox.exe","CommandLine":"\"C:\\Program Files\\Mozilla Firefox\\firefox.exe\" -contentproc --channel=5908 -isForBrowser -prefsHandle 5920 -prefMapHandle 5924 -prefsLen 33583 -prefMapSize 263003 -jsInitHandle 1392 -jsInitLen 234840 -parentBuildID 20241008210941 -win32kLockedDown -appDir \"C:\\Program Files\\Mozilla Firefox\\browser\" - {86c5e044-b9a6-498a-93ea-1d02b17ad8d2} 5396 \"\\\\.\\pipe\\gecko-crash-server-pipe.5396\" 8 tab","CurrentDirectory":"C:\\Windows\\system32\\","User":"WIN10\\richard","LogonGuid":"{53968da7-b202-6708-c295-020000000000}","LogonId":"0x295c2","TerminalSessionId":"1","IntegrityLevel":"Low","Hashes":"MD5=571814A7939D001662BBA7760BD0B187,SHA256=9725AFC685C8EE135701E140A83B94FE7D958360A1F546215F7EAFDFF5E53A83,IMPHASH=BB4CE52E8306F88C0B1DA570553704E4","ParentProcessGuid":"{53968da7-ca47-6708-0103-00000000fb00}","ParentProcessId":"5396","ParentImage":"C:\\Program Files\\Mozilla Firefox\\firefox.exe","ParentCommandLine":"\"C:\\Program Files\\Mozilla Firefox\\firefox.exe\" https://www.google.com","ParentUser":"WIN10\\richard"}}
{"LogSource":"Microsoft-Windows-Sysmon/Operational","EventId":22,"TimeCreated":"2024-10-10T23:48:40.4392216-07:00","RecordId":172274,"MachineName":"Win10","EventData":{"RuleName":"-","UtcTime":"2024-10-11 06:48:38.558","ProcessGuid":"{53968da7-ca47-6708-0103-00000000fb00}","ProcessId":"5396","QueryName":"private.canadianshield.cira.ca","QueryStatus":"0","QueryResults":"2620:10a:80bb::10;2620:10a:80bc::10;::ffff:149.112.122.10;::ffff:149.112.121.10;","Image":"C:\\Program Files\\Mozilla Firefox\\firefox.exe","User":"WIN10\\richard"}}
{"LogSource":"Microsoft-Windows-Sysmon/Operational","EventId":22,"TimeCreated":"2024-10-10T23:48:40.4445125-07:00","RecordId":172275,"MachineName":"Win10","EventData":{"RuleName":"-","UtcTime":"2024-10-11 06:48:38.558","ProcessGuid":"{53968da7-ca47-6708-0103-00000000fb00}","ProcessId":"5396","QueryName":"private.canadianshield.cira.ca","QueryStatus":"0","QueryResults":"149.112.121.10;149.112.122.10;","Image":"C:\\Program Files\\Mozilla Firefox\\firefox.exe","User":"WIN10\\richard"}}
{"LogSource":"Microsoft-Windows-Sysmon/Operational","EventId":22,"TimeCreated":"2024-10-10T23:48:40.4459693-07:00","RecordId":172276,"MachineName":"Win10","EventData":{"RuleName":"-","UtcTime":"2024-10-11 06:48:38.558","ProcessGuid":"{53968da7-ca47-6708-0103-00000000fb00}","ProcessId":"5396","QueryName":"private.canadianshield.cira.ca","QueryStatus":"0","QueryResults":"2620:10a:80bc::10;2620:10a:80bb::10;","Image":"C:\\Program Files\\Mozilla Firefox\\firefox.exe","User":"WIN10\\richard"}}
{"LogSource":"Microsoft-Windows-Sysmon/Operational","EventId":22,"TimeCreated":"2024-10-10T23:48:40.4488650-07:00","RecordId":172277,"MachineName":"Win10","EventData":{"RuleName":"-","UtcTime":"2024-10-11 06:48:38.571","ProcessGuid":"{53968da7-ca47-6708-0103-00000000fb00}","ProcessId":"5396","QueryName":"mozilla.cloudflare-dns.com","QueryStatus":"0","QueryResults":"2803:f800:53::4;2a06:98c1:52::4;::ffff:172.64.41.4;::ffff:162.159.61.4;","Image":"C:\\Program Files\\Mozilla Firefox\\firefox.exe","User":"WIN10\\richard"}}
{"LogSource":"Microsoft-Windows-Sysmon/Operational","EventId":22,"TimeCreated":"2024-10-10T23:48:40.4507836-07:00","RecordId":172278,"MachineName":"Win10","EventData":{"RuleName":"-","UtcTime":"2024-10-11 06:48:38.572","ProcessGuid":"{53968da7-ca47-6708-0103-00000000fb00}","ProcessId":"5396","QueryName":"mozilla.cloudflare-dns.com","QueryStatus":"0","QueryResults":"2803:f800:53::4;2a06:98c1:52::4;::ffff:172.64.41.4;::ffff:162.159.61.4;","Image":"C:\\Program Files\\Mozilla Firefox\\firefox.exe","User":"WIN10\\richard"}}
{"LogSource":"Microsoft-Windows-Sysmon/Operational","EventId":22,"TimeCreated":"2024-10-10T23:48:40.4522641-07:00","RecordId":172279,"MachineName":"Win10","EventData":{"RuleName":"-","UtcTime":"2024-10-11 06:48:38.577","ProcessGuid":"{53968da7-ca47-6708-0103-00000000fb00}","ProcessId":"5396","QueryName":"mozilla.cloudflare-dns.com","QueryStatus":"0","QueryResults":"162.159.61.4;172.64.41.4;","Image":"C:\\Program Files\\Mozilla Firefox\\firefox.exe","User":"WIN10\\richard"}}
{"LogSource":"Microsoft-Windows-Sysmon/Operational","EventId":22,"TimeCreated":"2024-10-10T23:48:40.4558614-07:00","RecordId":172280,"MachineName":"Win10","EventData":{"RuleName":"-","UtcTime":"2024-10-11 06:48:38.582","ProcessGuid":"{53968da7-ca47-6708-0103-00000000fb00}","ProcessId":"5396","QueryName":"mozilla.cloudflare-dns.com","QueryStatus":"0","QueryResults":"2a06:98c1:52::4;2803:f800:53::4;","Image":"C:\\Program Files\\Mozilla Firefox\\firefox.exe","User":"WIN10\\richard"}}
{"LogSource":"Microsoft-Windows-Sysmon/Operational","EventId":22,"TimeCreated":"2024-10-10T23:48:40.4572720-07:00","RecordId":172281,"MachineName":"Win10","EventData":{"RuleName":"-","UtcTime":"2024-10-11 06:48:38.612","ProcessGuid":"{53968da7-ca47-6708-0103-00000000fb00}","ProcessId":"5396","QueryName":"doh.test.","QueryStatus":"9003","QueryResults":"-","Image":"C:\\Program Files\\Mozilla Firefox\\firefox.exe","User":"WIN10\\richard"}}
{"LogSource":"Microsoft-Windows-Sysmon/Operational","EventId":22,"TimeCreated":"2024-10-10T23:48:40.4606943-07:00","RecordId":172282,"MachineName":"Win10","EventData":{"RuleName":"-","UtcTime":"2024-10-11 06:48:38.998","ProcessGuid":"{53968da7-ca47-6708-0103-00000000fb00}","ProcessId":"5396","QueryName":"example.org","QueryStatus":"0","QueryResults":"93.184.215.14;","Image":"C:\\Program Files\\Mozilla Firefox\\firefox.exe","User":"WIN10\\richard"}}
{"LogSource":"Microsoft-Windows-Sysmon/Operational","EventId":1,"TimeCreated":"2024-10-10T23:48:40.4624688-07:00","RecordId":172283,"MachineName":"Win10","EventData":{"RuleName":"-","UtcTime":"2024-10-11 06:48:40.441","ProcessGuid":"{53968da7-ca48-6708-0a03-00000000fb00}","ProcessId":"7248","Image":"C:\\Program Files\\Mozilla Firefox\\firefox.exe","FileVersion":"131.0.2","Description":"Firefox","Product":"Firefox","Company":"Mozilla Corporation","OriginalFileName":"firefox.exe","CommandLine":"\"C:\\Program Files\\Mozilla Firefox\\firefox.exe\" -contentproc --channel=5940 -isForBrowser -prefsHandle 6220 -prefMapHandle 6216 -prefsLen 33583 -prefMapSize 263003 -jsInitHandle 1392 -jsInitLen 234840 -parentBuildID 20241008210941 -win32kLockedDown -appDir \"C:\\Program Files\\Mozilla Firefox\\browser\" - {e4eec17f-1146-4a48-94e5-df4259026c6e} 5396 \"\\\\.\\pipe\\gecko-crash-server-pipe.5396\" 9 tab","CurrentDirectory":"C:\\Windows\\system32\\","User":"WIN10\\richard","LogonGuid":"{53968da7-b202-6708-c295-020000000000}","LogonId":"0x295c2","TerminalSessionId":"1","IntegrityLevel":"Low","Hashes":"MD5=571814A7939D001662BBA7760BD0B187,SHA256=9725AFC685C8EE135701E140A83B94FE7D958360A1F546215F7EAFDFF5E53A83,IMPHASH=BB4CE52E8306F88C0B1DA570553704E4","ParentProcessGuid":"{53968da7-ca47-6708-0103-00000000fb00}","ParentProcessId":"5396","ParentImage":"C:\\Program Files\\Mozilla Firefox\\firefox.exe","ParentCommandLine":"\"C:\\Program Files\\Mozilla Firefox\\firefox.exe\" https://www.google.com","ParentUser":"WIN10\\richard"}}
{"LogSource":"Microsoft-Windows-Sysmon/Operational","EventId":22,"TimeCreated":"2024-10-10T23:48:40.4642699-07:00","RecordId":172284,"MachineName":"Win10","EventData":{"RuleName":"-","UtcTime":"2024-10-11 06:48:38.998","ProcessGuid":"{53968da7-ca47-6708-0103-00000000fb00}","ProcessId":"5396","QueryName":"example.org","QueryStatus":"0","QueryResults":"2606:2800:21f:cb07:6820:80da:af6b:8b2c;::ffff:93.184.215.14;","Image":"C:\\Program Files\\Mozilla Firefox\\firefox.exe","User":"WIN10\\richard"}}
{"LogSource":"Microsoft-Windows-Sysmon/Operational","EventId":22,"TimeCreated":"2024-10-10T23:48:40.4669207-07:00","RecordId":172285,"MachineName":"Win10","EventData":{"RuleName":"-","UtcTime":"2024-10-11 06:48:38.998","ProcessGuid":"{53968da7-ca47-6708-0103-00000000fb00}","ProcessId":"5396","QueryName":"example.org","QueryStatus":"0","QueryResults":"2606:2800:21f:cb07:6820:80da:af6b:8b2c;::ffff:93.184.215.14;","Image":"C:\\Program Files\\Mozilla Firefox\\firefox.exe","User":"WIN10\\richard"}}
{"LogSource":"Microsoft-Windows-Sysmon/Operational","EventId":22,"TimeCreated":"2024-10-10T23:48:40.4686434-07:00","RecordId":172286,"MachineName":"Win10","EventData":{"RuleName":"-","UtcTime":"2024-10-11 06:48:38.998","ProcessGuid":"{53968da7-ca47-6708-0103-00000000fb00}","ProcessId":"5396","QueryName":"example.org","QueryStatus":"0","QueryResults":"93.184.215.14;","Image":"C:\\Program Files\\Mozilla Firefox\\firefox.exe","User":"WIN10\\richard"}}
{"LogSource":"Microsoft-Windows-Sysmon/Operational","EventId":22,"TimeCreated":"2024-10-10T23:48:40.4701646-07:00","RecordId":172287,"MachineName":"Win10","EventData":{"RuleName":"-","UtcTime":"2024-10-11 06:48:39.003","ProcessGuid":"{53968da7-ca47-6708-0103-00000000fb00}","ProcessId":"5396","QueryName":"example.org","QueryStatus":"0","QueryResults":"2606:2800:21f:cb07:6820:80da:af6b:8b2c;","Image":"C:\\Program Files\\Mozilla Firefox\\firefox.exe","User":"WIN10\\richard"}}
{"LogSource":"Microsoft-Windows-Sysmon/Operational","EventId":22,"TimeCreated":"2024-10-10T23:48:40.4721800-07:00","RecordId":172288,"MachineName":"Win10","EventData":{"RuleName":"-","UtcTime":"2024-10-11 06:48:39.003","ProcessGuid":"{53968da7-ca47-6708-0103-00000000fb00}","ProcessId":"5396","QueryName":"example.org","QueryStatus":"0","QueryResults":"93.184.215.14;","Image":"C:\\Program Files\\Mozilla Firefox\\firefox.exe","User":"WIN10\\richard"}}
{"LogSource":"Microsoft-Windows-Sysmon/Operational","EventId":22,"TimeCreated":"2024-10-10T23:48:40.4058986-07:00","RecordId":172257,"MachineName":"Win10","EventData":{"RuleName":"-","UtcTime":"2024-10-11 06:48:38.549","ProcessGuid":"{53968da7-ca47-6708-0103-00000000fb00}","ProcessId":"5396","QueryName":"youtubei.googleapis.com","QueryStatus":"0","QueryResults":"142.251.33.106;142.251.211.234;142.251.33.74;142.250.217.74;142.250.217.106;142.251.215.234;172.217.14.202;142.250.69.202;","Image":"C:\\Program Files\\Mozilla Firefox\\firefox.exe","User":"WIN10\\richard"}}
{"LogSource":"Microsoft-Windows-Sysmon/Operational","EventId":22,"TimeCreated":"2024-10-10T23:48:41.3599651-07:00","RecordId":172289,"MachineName":"Win10","EventData":{"RuleName":"-","UtcTime":"2024-10-11 06:48:39.003","ProcessGuid":"{53968da7-ca47-6708-0103-00000000fb00}","ProcessId":"5396","QueryName":"detectportal.firefox.com","QueryStatus":"0","QueryResults":"type:  5 detectportal.prod.mozaws.net;type:  5 prod.detectportal.prod.cloudops.mozgcp.net;2600:1901:0:38d7::;::ffff:34.107.221.82;","Image":"C:\\Program Files\\Mozilla Firefox\\firefox.exe","User":"WIN10\\richard"}}
{"LogSource":"Microsoft-Windows-Sysmon/Operational","EventId":22,"TimeCreated":"2024-10-10T23:48:41.3611979-07:00","RecordId":172290,"MachineName":"Win10","EventData":{"RuleName":"-","UtcTime":"2024-10-11 06:48:39.003","ProcessGuid":"{53968da7-ca47-6708-0103-00000000fb00}","ProcessId":"5396","QueryName":"detectportal.firefox.com","QueryStatus":"0","QueryResults":"type:  5 detectportal.prod.mozaws.net;type:  5 prod.detectportal.prod.cloudops.mozgcp.net;2600:1901:0:38d7::;::ffff:34.107.221.82;","Image":"C:\\Program Files\\Mozilla Firefox\\firefox.exe","User":"WIN10\\richard"}}
{"LogSource":"Microsoft-Windows-Sysmon/Operational","EventId":22,"TimeCreated":"2024-10-10T23:48:41.3624317-07:00","RecordId":172291,"MachineName":"Win10","EventData":{"RuleName":"-","UtcTime":"2024-10-11 06:48:39.003","ProcessGuid":"{53968da7-ca47-6708-0103-00000000fb00}","ProcessId":"5396","QueryName":"prod.detectportal.prod.cloudops.mozgcp.net","QueryStatus":"0","QueryResults":"34.107.221.82;","Image":"C:\\Program Files\\Mozilla Firefox\\firefox.exe","User":"WIN10\\richard"}}
{"LogSource":"Microsoft-Windows-Sysmon/Operational","EventId":22,"TimeCreated":"2024-10-10T23:48:41.3637373-07:00","RecordId":172292,"MachineName":"Win10","EventData":{"RuleName":"-","UtcTime":"2024-10-11 06:48:39.003","ProcessGuid":"{53968da7-ca47-6708-0103-00000000fb00}","ProcessId":"5396","QueryName":"prod.detectportal.prod.cloudops.mozgcp.net","QueryStatus":"0","QueryResults":"2600:1901:0:38d7::;","Image":"C:\\Program Files\\Mozilla Firefox\\firefox.exe","User":"WIN10\\richard"}}
{"LogSource":"Microsoft-Windows-Sysmon/Operational","EventId":1,"TimeCreated":"2024-10-10T23:50:06.1160660-07:00","RecordId":172293,"MachineName":"Win10","EventData":{"RuleName":"-","UtcTime":"2024-10-11 06:50:06.113","ProcessGuid":"{53968da7-ca9e-6708-0b03-00000000fb00}","ProcessId":"7180","Image":"C:\\Windows\\System32\\svchost.exe","FileVersion":"10.0.19041.4355 (WinBuild.160101.0800)","Description":"Host Process for Windows Services","Product":"Microsoft® Windows® Operating System","Company":"Microsoft Corporation","OriginalFileName":"svchost.exe","CommandLine":"C:\\Windows\\system32\\svchost.exe -k wsappx -p","CurrentDirectory":"C:\\Windows\\system32\\","User":"NT AUTHORITY\\SYSTEM","LogonGuid":"{53968da7-b200-6708-e703-000000000000}","LogonId":"0x3e7","TerminalSessionId":"0","IntegrityLevel":"System","Hashes":"MD5=7469CC568AD6821FD9D925542730A7D8,SHA256=6FC3BF1FDFD76860BE782554F8D25BD32F108DB934D70F4253F1E5F23522E503,IMPHASH=F9BBD96FAE53B7A31264A703CAFA0666","ParentProcessGuid":"{53968da7-b1ff-6708-0b00-00000000fb00}","ParentProcessId":"740","ParentImage":"C:\\Windows\\System32\\services.exe","ParentCommandLine":"C:\\Windows\\system32\\services.exe","ParentUser":"NT AUTHORITY\\SYSTEM"}}
{"LogSource":"Microsoft-Windows-Sysmon/Operational","EventId":1,"TimeCreated":"2024-10-10T23:50:06.1958921-07:00","RecordId":172294,"MachineName":"Win10","EventData":{"RuleName":"-","UtcTime":"2024-10-11 06:50:06.193","ProcessGuid":"{53968da7-ca9e-6708-0c03-00000000fb00}","ProcessId":"1032","Image":"C:\\Windows\\System32\\backgroundTaskHost.exe","FileVersion":"10.0.19041.3636 (WinBuild.160101.0800)","Description":"Background Task Host","Product":"Microsoft® Windows® Operating System","Company":"Microsoft Corporation","OriginalFileName":"backgroundTaskHost.exe","CommandLine":"\"C:\\Windows\\system32\\backgroundTaskHost.exe\" -ServerName:WindowsBackup.AppXnn6fnh4raxtmg45ba8k2f4ykb7n0k3y4.mca","CurrentDirectory":"C:\\Windows\\SystemApps\\MicrosoftWindows.Client.CBS_cw5n1h2txyewy\\","User":"WIN10\\richard","LogonGuid":"{53968da7-b202-6708-c295-020000000000}","LogonId":"0x295c2","TerminalSessionId":"1","IntegrityLevel":"Medium","Hashes":"MD5=D4F3D9A5EC7B4EE9E7C9694E7C72DD45,SHA256=7077CBF56490C86FC74C0CC6C0379AB679F06A066E71906AD23458F664836449,IMPHASH=D2ACF1CBC4A6DB14A34C687B9362D66B","ParentProcessGuid":"{53968da7-b200-6708-0d00-00000000fb00}","ParentProcessId":"884","ParentImage":"C:\\Windows\\System32\\svchost.exe","ParentCommandLine":"C:\\Windows\\system32\\svchost.exe -k DcomLaunch -p","ParentUser":"NT AUTHORITY\\SYSTEM"}}
{"LogSource":"Microsoft-Windows-Sysmon/Operational","EventId":1,"TimeCreated":"2024-10-10T23:50:41.1089662-07:00","RecordId":172295,"MachineName":"Win10","EventData":{"RuleName":"-","UtcTime":"2024-10-11 06:50:41.107","ProcessGuid":"{53968da7-cac1-6708-0d03-00000000fb00}","ProcessId":"4848","Image":"C:\\Program Files (x86)\\Windows Media Player\\wmplayer.exe","FileVersion":"12.0.19041.3636 (WinBuild.160101.0800)","Description":"Windows Media Player","Product":"Microsoft® Windows® Operating System","Company":"Microsoft Corporation","OriginalFileName":"wmplayer.exe","CommandLine":"\"C:\\Program Files (x86)\\Windows Media Player\\wmplayer.exe\" ","CurrentDirectory":"C:\\Windows\\system32\\","User":"WIN10\\richard","LogonGuid":"{53968da7-b202-6708-7195-020000000000}","LogonId":"0x29571","TerminalSessionId":"1","IntegrityLevel":"High","Hashes":"MD5=AB48E42633B738E114DB94CD99E919B7,SHA256=407E3AAE5E533719998055A1A949AB2EC6224EA42918A000596225E30C8D2BF8,IMPHASH=4C7D471D886B447BB6DF2D2962D0414C","ParentProcessGuid":"{53968da7-be30-6708-5201-00000000fb00}","ParentProcessId":"6876","ParentImage":"C:\\Windows\\System32\\WindowsPowerShell\\v1.0\\powershell_ise.exe","ParentCommandLine":"\"C:\\Windows\\system32\\WindowsPowerShell\\v1.0\\PowerShell_ISE.exe\" ","ParentUser":"WIN10\\richard"}}
{"LogSource":"Microsoft-Windows-Sysmon/Operational","EventId":1,"TimeCreated":"2024-10-10T23:51:25.2437747-07:00","RecordId":172296,"MachineName":"Win10","EventData":{"RuleName":"-","UtcTime":"2024-10-11 06:51:25.241","ProcessGuid":"{53968da7-caed-6708-0e03-00000000fb00}","ProcessId":"240","Image":"C:\\Program Files\\Google\\Chrome\\Application\\chrome.exe","FileVersion":"129.0.6668.100","Description":"Google Chrome","Product":"Google Chrome","Company":"Google LLC","OriginalFileName":"chrome.exe","CommandLine":"\"C:\\Program Files\\Google\\Chrome\\Application\\chrome.exe\" https://www.wikipedia.org ","CurrentDirectory":"C:\\Windows\\system32\\","User":"WIN10\\richard","LogonGuid":"{53968da7-b202-6708-7195-020000000000}","LogonId":"0x29571","TerminalSessionId":"1","IntegrityLevel":"High","Hashes":"MD5=47679449E8A738D8B1849668622E7C9E,SHA256=2D2A32CBCCED69610445D92965CA710EF2DA89C3788EBB98FF8612EBFFAC917B,IMPHASH=8AA69BFB46216FA413519FB53924B2F9","ParentProcessGuid":"{53968da7-be30-6708-5201-00000000fb00}","ParentProcessId":"6876","ParentImage":"C:\\Windows\\System32\\WindowsPowerShell\\v1.0\\powershell_ise.exe","ParentCommandLine":"\"C:\\Windows\\system32\\WindowsPowerShell\\v1.0\\PowerShell_ISE.exe\" ","ParentUser":"WIN10\\richard"}}
{"LogSource":"Microsoft-Windows-Sysmon/Operational","EventId":1,"TimeCreated":"2024-10-10T23:51:25.3839418-07:00","RecordId":172297,"MachineName":"Win10","EventData":{"RuleName":"-","UtcTime":"2024-10-11 06:51:25.381","ProcessGuid":"{53968da7-caed-6708-1203-00000000fb00}","ProcessId":"4032","Image":"C:\\Program Files\\Google\\Chrome\\Application\\129.0.6668.100\\elevation_service.exe","FileVersion":"129.0.6668.100","Description":"Google Chrome","Product":"Google Chrome","Company":"Google LLC","OriginalFileName":"elevation_service.exe","CommandLine":"\"C:\\Program Files\\Google\\Chrome\\Application\\129.0.6668.100\\elevation_service.exe\"","CurrentDirectory":"C:\\Windows\\system32\\","User":"NT AUTHORITY\\SYSTEM","LogonGuid":"{53968da7-b200-6708-e703-000000000000}","LogonId":"0x3e7","TerminalSessionId":"0","IntegrityLevel":"System","Hashes":"MD5=472B2328D62FEC7E774166FD75C18FF6,SHA256=56291421DA56A296F3F0AEF18CA0FB3C0925779EEE7B4734A07A24E59348D9CE,IMPHASH=E2CE387C73E135211A0D2FF087A2F9F3","ParentProcessGuid":"{53968da7-b1ff-6708-0b00-00000000fb00}","ParentProcessId":"740","ParentImage":"C:\\Windows\\System32\\services.exe","ParentCommandLine":"C:\\Windows\\system32\\services.exe","ParentUser":"NT AUTHORITY\\SYSTEM"}}
{"LogSource":"Microsoft-Windows-Sysmon/Operational","EventId":22,"TimeCreated":"2024-10-10T23:51:27.7101992-07:00","RecordId":172298,"MachineName":"Win10","EventData":{"RuleName":"-","UtcTime":"2024-10-11 06:51:24.410","ProcessGuid":"{53968da7-caed-6708-1103-00000000fb00}","ProcessId":"3880","QueryName":"wpad","QueryStatus":"9003","QueryResults":"-","Image":"C:\\Program Files\\Google\\Chrome\\Application\\chrome.exe","User":"WIN10\\richard"}}
{"LogSource":"Microsoft-Windows-Sysmon/Operational","EventId":22,"TimeCreated":"2024-10-10T23:51:27.7108479-07:00","RecordId":172299,"MachineName":"Win10","EventData":{"RuleName":"-","UtcTime":"2024-10-11 06:51:24.428","ProcessGuid":"{53968da7-caed-6708-1103-00000000fb00}","ProcessId":"3880","QueryName":"wpad","QueryStatus":"9003","QueryResults":"-","Image":"C:\\Program Files\\Google\\Chrome\\Application\\chrome.exe","User":"WIN10\\richard"}}
{"LogSource":"Microsoft-Windows-Sysmon/Operational","EventId":22,"TimeCreated":"2024-10-10T23:51:27.7114527-07:00","RecordId":172300,"MachineName":"Win10","EventData":{"RuleName":"-","UtcTime":"2024-10-11 06:51:24.459","ProcessGuid":"{53968da7-caed-6708-1103-00000000fb00}","ProcessId":"3880","QueryName":"wpad","QueryStatus":"9003","QueryResults":"-","Image":"C:\\Program Files\\Google\\Chrome\\Application\\chrome.exe","User":"WIN10\\richard"}}
{"LogSource":"Microsoft-Windows-Sysmon/Operational","EventId":22,"TimeCreated":"2024-10-10T23:51:35.7484136-07:00","RecordId":172301,"MachineName":"Win10","EventData":{"RuleName":"-","UtcTime":"2024-10-11 06:51:32.446","ProcessGuid":"{53968da7-caed-6708-1103-00000000fb00}","ProcessId":"3880","QueryName":"wpad","QueryStatus":"9003","QueryResults":"-","Image":"C:\\Program Files\\Google\\Chrome\\Application\\chrome.exe","User":"WIN10\\richard"}}
{"LogSource":"Microsoft-Windows-Sysmon/Operational","EventId":1,"TimeCreated":"2024-10-10T23:51:44.3602515-07:00","RecordId":172302,"MachineName":"Win10","EventData":{"RuleName":"-","UtcTime":"2024-10-11 06:51:44.353","ProcessGuid":"{53968da7-cb00-6708-1f03-00000000fb00}","ProcessId":"3356","Image":"C:\\Program Files (x86)\\Google\\GoogleUpdater\\130.0.6679.0\\updater.exe","FileVersion":"130.0.6679.0","Description":"Google Updater","Product":"Google Updater","Company":"Google LLC","OriginalFileName":"updater.exe","CommandLine":"\"C:\\Program Files (x86)\\Google\\GoogleUpdater\\130.0.6679.0\\updater.exe\" --system --windows-service --service=update","CurrentDirectory":"C:\\Windows\\system32\\","User":"NT AUTHORITY\\SYSTEM","LogonGuid":"{53968da7-b200-6708-e703-000000000000}","LogonId":"0x3e7","TerminalSessionId":"0","IntegrityLevel":"System","Hashes":"MD5=C583E91DDEE7C0E8AC2A3D3AACAD2F4C,SHA256=7F67129760223E5DDF31219F0B2E247555FBAC85F4B6F933212AC091A21DEBF9,IMPHASH=20AB254B36A04EA3556F60145D061FED","ParentProcessGuid":"{53968da7-b1ff-6708-0b00-00000000fb00}","ParentProcessId":"740","ParentImage":"C:\\Windows\\System32\\services.exe","ParentCommandLine":"C:\\Windows\\system32\\services.exe","ParentUser":"NT AUTHORITY\\SYSTEM"}}
{"LogSource":"Microsoft-Windows-Sysmon/Operational","EventId":1,"TimeCreated":"2024-10-10T23:51:44.4067269-07:00","RecordId":172303,"MachineName":"Win10","EventData":{"RuleName":"-","UtcTime":"2024-10-11 06:51:44.403","ProcessGuid":"{53968da7-cb00-6708-2003-00000000fb00}","ProcessId":"5080","Image":"C:\\Program Files (x86)\\Google\\GoogleUpdater\\130.0.6679.0\\updater.exe","FileVersion":"130.0.6679.0","Description":"Google Updater","Product":"Google Updater","Company":"Google LLC","OriginalFileName":"updater.exe","CommandLine":"\"C:\\Program Files (x86)\\Google\\GoogleUpdater\\130.0.6679.0\\updater.exe\" --crash-handler --system \"--database=C:\\Program Files (x86)\\Google\\GoogleUpdater\\130.0.6679.0\\Crashpad\" --url=https://clients2.google.com/cr/report --annotation=prod=Update4 --annotation=ver=130.0.6679.0 \"--attachment=C:\\Program Files (x86)\\Google\\GoogleUpdater\\updater.log\" --initial-client-data=0x2a4,0x2a8,0x2ac,0x278,0x2b0,0xdaa6cc,0xdaa6d8,0xdaa6e4","CurrentDirectory":"C:\\Windows\\system32\\","User":"NT AUTHORITY\\SYSTEM","LogonGuid":"{53968da7-b200-6708-e703-000000000000}","LogonId":"0x3e7","TerminalSessionId":"0","IntegrityLevel":"System","Hashes":"MD5=C583E91DDEE7C0E8AC2A3D3AACAD2F4C,SHA256=7F67129760223E5DDF31219F0B2E247555FBAC85F4B6F933212AC091A21DEBF9,IMPHASH=20AB254B36A04EA3556F60145D061FED","ParentProcessGuid":"{53968da7-cb00-6708-1f03-00000000fb00}","ParentProcessId":"3356","ParentImage":"C:\\Program Files (x86)\\Google\\GoogleUpdater\\130.0.6679.0\\updater.exe","ParentCommandLine":"\"C:\\Program Files (x86)\\Google\\GoogleUpdater\\130.0.6679.0\\updater.exe\" --system --windows-service --service=update","ParentUser":"NT AUTHORITY\\SYSTEM"}}
{"LogSource":"Microsoft-Windows-Sysmon/Operational","EventId":1,"TimeCreated":"2024-10-10T23:52:15.4011000-07:00","RecordId":172304,"MachineName":"Win10","EventData":{"RuleName":"-","UtcTime":"2024-10-11 06:52:15.398","ProcessGuid":"{53968da7-cb1f-6708-2103-00000000fb00}","ProcessId":"3928","Image":"C:\\Program Files\\Mozilla Firefox\\firefox.exe","FileVersion":"131.0.2","Description":"Firefox","Product":"Firefox","Company":"Mozilla Corporation","OriginalFileName":"firefox.exe","CommandLine":"\"C:\\Program Files\\Mozilla Firefox\\firefox.exe\" https://www.reddit.com ","CurrentDirectory":"C:\\Windows\\system32\\","User":"WIN10\\richard","LogonGuid":"{53968da7-b202-6708-7195-020000000000}","LogonId":"0x29571","TerminalSessionId":"1","IntegrityLevel":"High","Hashes":"MD5=571814A7939D001662BBA7760BD0B187,SHA256=9725AFC685C8EE135701E140A83B94FE7D958360A1F546215F7EAFDFF5E53A83,IMPHASH=BB4CE52E8306F88C0B1DA570553704E4","ParentProcessGuid":"{53968da7-be30-6708-5201-00000000fb00}","ParentProcessId":"6876","ParentImage":"C:\\Windows\\System32\\WindowsPowerShell\\v1.0\\powershell_ise.exe","ParentCommandLine":"\"C:\\Windows\\system32\\WindowsPowerShell\\v1.0\\PowerShell_ISE.exe\" ","ParentUser":"WIN10\\richard"}}
{"LogSource":"Microsoft-Windows-Sysmon/Operational","EventId":1,"TimeCreated":"2024-10-10T23:52:15.4356162-07:00","RecordId":172305,"MachineName":"Win10","EventData":{"RuleName":"-","UtcTime":"2024-10-11 06:52:15.433","ProcessGuid":"{53968da7-cb1f-6708-2203-00000000fb00}","ProcessId":"4528","Image":"C:\\Program Files\\Mozilla Firefox\\firefox.exe","FileVersion":"131.0.2","Description":"Firefox","Product":"Firefox","Company":"Mozilla Corporation","OriginalFileName":"firefox.exe","CommandLine":"\"C:\\Program Files\\Mozilla Firefox\\firefox.exe\" https://www.reddit.com --attempting-deelevation","CurrentDirectory":"C:\\Windows\\system32\\","User":"WIN10\\richard","LogonGuid":"{53968da7-b202-6708-c295-020000000000}","LogonId":"0x295c2","TerminalSessionId":"1","IntegrityLevel":"Medium","Hashes":"MD5=571814A7939D001662BBA7760BD0B187,SHA256=9725AFC685C8EE135701E140A83B94FE7D958360A1F546215F7EAFDFF5E53A83,IMPHASH=BB4CE52E8306F88C0B1DA570553704E4","ParentProcessGuid":"{53968da7-b203-6708-4f00-00000000fb00}","ParentProcessId":"4396","ParentImage":"C:\\Windows\\explorer.exe","ParentCommandLine":"C:\\Windows\\Explorer.EXE","ParentUser":"WIN10\\richard"}}
{"LogSource":"Microsoft-Windows-Sysmon/Operational","EventId":1,"TimeCreated":"2024-10-10T23:52:15.4450215-07:00","RecordId":172306,"MachineName":"Win10","EventData":{"RuleName":"-","UtcTime":"2024-10-11 06:52:15.443","ProcessGuid":"{53968da7-cb1f-6708-2303-00000000fb00}","ProcessId":"6388","Image":"C:\\Program Files\\Mozilla Firefox\\firefox.exe","FileVersion":"131.0.2","Description":"Firefox","Product":"Firefox","Company":"Mozilla Corporation","OriginalFileName":"firefox.exe","CommandLine":"\"C:\\Program Files\\Mozilla Firefox\\firefox.exe\" https://www.reddit.com","CurrentDirectory":"C:\\Windows\\system32\\","User":"WIN10\\richard","LogonGuid":"{53968da7-b202-6708-c295-020000000000}","LogonId":"0x295c2","TerminalSessionId":"1","IntegrityLevel":"Medium","Hashes":"MD5=571814A7939D001662BBA7760BD0B187,SHA256=9725AFC685C8EE135701E140A83B94FE7D958360A1F546215F7EAFDFF5E53A83,IMPHASH=BB4CE52E8306F88C0B1DA570553704E4","ParentProcessGuid":"{53968da7-cb1f-6708-2203-00000000fb00}","ParentProcessId":"4528","ParentImage":"C:\\Program Files\\Mozilla Firefox\\firefox.exe","ParentCommandLine":"\"C:\\Program Files\\Mozilla Firefox\\firefox.exe\" https://www.reddit.com --attempting-deelevation","ParentUser":"WIN10\\richard"}}
{"LogSource":"Microsoft-Windows-Sysmon/Operational","EventId":1,"TimeCreated":"2024-10-10T23:52:15.5957537-07:00","RecordId":172307,"MachineName":"Win10","EventData":{"RuleName":"-","UtcTime":"2024-10-11 06:52:15.593","ProcessGuid":"{53968da7-cb1f-6708-2403-00000000fb00}","ProcessId":"6348","Image":"C:\\Program Files\\Mozilla Firefox\\firefox.exe","FileVersion":"131.0.2","Description":"Firefox","Product":"Firefox","Company":"Mozilla Corporation","OriginalFileName":"firefox.exe","CommandLine":"\"C:\\Program Files\\Mozilla Firefox\\firefox.exe\" -contentproc --channel=1924 -parentBuildID 20241008210941 -prefsHandle 1696 -prefMapHandle 1840 -prefsLen 30861 -prefMapSize 263003 -appDir \"C:\\Program Files\\Mozilla Firefox\\browser\" - {88b66092-3138-466f-94c8-89018311ad2a} 6388 \"\\\\.\\pipe\\gecko-crash-server-pipe.6388\" 1 gpu","CurrentDirectory":"C:\\Windows\\system32\\","User":"WIN10\\richard","LogonGuid":"{53968da7-b202-6708-c295-020000000000}","LogonId":"0x295c2","TerminalSessionId":"1","IntegrityLevel":"Low","Hashes":"MD5=571814A7939D001662BBA7760BD0B187,SHA256=9725AFC685C8EE135701E140A83B94FE7D958360A1F546215F7EAFDFF5E53A83,IMPHASH=BB4CE52E8306F88C0B1DA570553704E4","ParentProcessGuid":"{53968da7-cb1f-6708-2303-00000000fb00}","ParentProcessId":"6388","ParentImage":"C:\\Program Files\\Mozilla Firefox\\firefox.exe","ParentCommandLine":"\"C:\\Program Files\\Mozilla Firefox\\firefox.exe\" https://www.reddit.com","ParentUser":"WIN10\\richard"}}
{"LogSource":"Microsoft-Windows-Sysmon/Operational","EventId":1,"TimeCreated":"2024-10-10T23:52:15.6417478-07:00","RecordId":172308,"MachineName":"Win10","EventData":{"RuleName":"-","UtcTime":"2024-10-11 06:52:15.639","ProcessGuid":"{53968da7-cb1f-6708-2503-00000000fb00}","ProcessId":"7512","Image":"C:\\Program Files\\Mozilla Firefox\\firefox.exe","FileVersion":"131.0.2","Description":"Firefox","Product":"Firefox","Company":"Mozilla Corporation","OriginalFileName":"firefox.exe","CommandLine":"\"C:\\Program Files\\Mozilla Firefox\\firefox.exe\" -contentproc --channel=2376 -parentBuildID 20241008210941 -prefsHandle 2368 -prefMapHandle 2364 -prefsLen 30897 -prefMapSize 263003 -win32kLockedDown -appDir \"C:\\Program Files\\Mozilla Firefox\\browser\" - {51c52f25-b2d5-4401-aa47-a6d7592b9c06} 6388 \"\\\\.\\pipe\\gecko-crash-server-pipe.6388\" 2 socket","CurrentDirectory":"C:\\Windows\\system32\\","User":"WIN10\\richard","LogonGuid":"{53968da7-b202-6708-c295-020000000000}","LogonId":"0x295c2","TerminalSessionId":"1","IntegrityLevel":"Low","Hashes":"MD5=571814A7939D001662BBA7760BD0B187,SHA256=9725AFC685C8EE135701E140A83B94FE7D958360A1F546215F7EAFDFF5E53A83,IMPHASH=BB4CE52E8306F88C0B1DA570553704E4","ParentProcessGuid":"{53968da7-cb1f-6708-2303-00000000fb00}","ParentProcessId":"6388","ParentImage":"C:\\Program Files\\Mozilla Firefox\\firefox.exe","ParentCommandLine":"\"C:\\Program Files\\Mozilla Firefox\\firefox.exe\" https://www.reddit.com","ParentUser":"WIN10\\richard"}}
{"LogSource":"Microsoft-Windows-Sysmon/Operational","EventId":1,"TimeCreated":"2024-10-10T23:52:15.8224686-07:00","RecordId":172309,"MachineName":"Win10","EventData":{"RuleName":"-","UtcTime":"2024-10-11 06:52:15.820","ProcessGuid":"{53968da7-cb1f-6708-2603-00000000fb00}","ProcessId":"4244","Image":"C:\\Program Files\\Mozilla Firefox\\firefox.exe","FileVersion":"131.0.2","Description":"Firefox","Product":"Firefox","Company":"Mozilla Corporation","OriginalFileName":"firefox.exe","CommandLine":"\"C:\\Program Files\\Mozilla Firefox\\firefox.exe\" -contentproc --channel=3044 -isForBrowser -prefsHandle 3036 -prefMapHandle 3032 -prefsLen 27591 -prefMapSize 263003 -jsInitHandle 1292 -jsInitLen 234840 -parentBuildID 20241008210941 -win32kLockedDown -appDir \"C:\\Program Files\\Mozilla Firefox\\browser\" - {5109644f-f2f1-432c-b143-be83c5219f8e} 6388 \"\\\\.\\pipe\\gecko-crash-server-pipe.6388\" 3 tab","CurrentDirectory":"C:\\Windows\\system32\\","User":"WIN10\\richard","LogonGuid":"{53968da7-b202-6708-c295-020000000000}","LogonId":"0x295c2","TerminalSessionId":"1","IntegrityLevel":"Low","Hashes":"MD5=571814A7939D001662BBA7760BD0B187,SHA256=9725AFC685C8EE135701E140A83B94FE7D958360A1F546215F7EAFDFF5E53A83,IMPHASH=BB4CE52E8306F88C0B1DA570553704E4","ParentProcessGuid":"{53968da7-cb1f-6708-2303-00000000fb00}","ParentProcessId":"6388","ParentImage":"C:\\Program Files\\Mozilla Firefox\\firefox.exe","ParentCommandLine":"\"C:\\Program Files\\Mozilla Firefox\\firefox.exe\" https://www.reddit.com","ParentUser":"WIN10\\richard"}}
{"LogSource":"Microsoft-Windows-Sysmon/Operational","EventId":1,"TimeCreated":"2024-10-10T23:52:16.1316527-07:00","RecordId":172310,"MachineName":"Win10","EventData":{"RuleName":"-","UtcTime":"2024-10-11 06:52:16.129","ProcessGuid":"{53968da7-cb20-6708-2703-00000000fb00}","ProcessId":"5624","Image":"C:\\Program Files\\Mozilla Firefox\\firefox.exe","FileVersion":"131.0.2","Description":"Firefox","Product":"Firefox","Company":"Mozilla Corporation","OriginalFileName":"firefox.exe","CommandLine":"\"C:\\Program Files\\Mozilla Firefox\\firefox.exe\" -contentproc --channel=4140 -isForBrowser -prefsHandle 4152 -prefMapHandle 4148 -prefsLen 37035 -prefMapSize 263003 -jsInitHandle 1292 -jsInitLen 234840 -parentBuildID 20241008210941 -win32kLockedDown -appDir \"C:\\Program Files\\Mozilla Firefox\\browser\" - {bf4c012a-f81b-4aeb-aa9b-e97f77315350} 6388 \"\\\\.\\pipe\\gecko-crash-server-pipe.6388\" 4 tab","CurrentDirectory":"C:\\Windows\\system32\\","User":"WIN10\\richard","LogonGuid":"{53968da7-b202-6708-c295-020000000000}","LogonId":"0x295c2","TerminalSessionId":"1","IntegrityLevel":"Low","Hashes":"MD5=571814A7939D001662BBA7760BD0B187,SHA256=9725AFC685C8EE135701E140A83B94FE7D958360A1F546215F7EAFDFF5E53A83,IMPHASH=BB4CE52E8306F88C0B1DA570553704E4","ParentProcessGuid":"{53968da7-cb1f-6708-2303-00000000fb00}","ParentProcessId":"6388","ParentImage":"C:\\Program Files\\Mozilla Firefox\\firefox.exe","ParentCommandLine":"\"C:\\Program Files\\Mozilla Firefox\\firefox.exe\" https://www.reddit.com","ParentUser":"WIN10\\richard"}}
{"LogSource":"Microsoft-Windows-Sysmon/Operational","EventId":1,"TimeCreated":"2024-10-10T23:52:16.6293714-07:00","RecordId":172311,"MachineName":"Win10","EventData":{"RuleName":"-","UtcTime":"2024-10-11 06:52:16.625","ProcessGuid":"{53968da7-cb20-6708-2803-00000000fb00}","ProcessId":"8536","Image":"C:\\Program Files\\Mozilla Firefox\\firefox.exe","FileVersion":"131.0.2","Description":"Firefox","Product":"Firefox","Company":"Mozilla Corporation","OriginalFileName":"firefox.exe","CommandLine":"\"C:\\Program Files\\Mozilla Firefox\\firefox.exe\" -contentproc --channel=5308 -parentBuildID 20241008210941 -sandboxingKind 0 -prefsHandle 5264 -prefMapHandle 5260 -prefsLen 37084 -prefMapSize 263003 -win32kLockedDown -appDir \"C:\\Program Files\\Mozilla Firefox\\browser\" - {13bb1ab4-ef39-4fed-b62c-0c0c693698c3} 6388 \"\\\\.\\pipe\\gecko-crash-server-pipe.6388\" 5 utility","CurrentDirectory":"C:\\Windows\\system32\\","User":"WIN10\\richard","LogonGuid":"{53968da7-b202-6708-c295-020000000000}","LogonId":"0x295c2","TerminalSessionId":"1","IntegrityLevel":"Low","Hashes":"MD5=571814A7939D001662BBA7760BD0B187,SHA256=9725AFC685C8EE135701E140A83B94FE7D958360A1F546215F7EAFDFF5E53A83,IMPHASH=BB4CE52E8306F88C0B1DA570553704E4","ParentProcessGuid":"{53968da7-cb1f-6708-2303-00000000fb00}","ParentProcessId":"6388","ParentImage":"C:\\Program Files\\Mozilla Firefox\\firefox.exe","ParentCommandLine":"\"C:\\Program Files\\Mozilla Firefox\\firefox.exe\" https://www.reddit.com","ParentUser":"WIN10\\richard"}}
{"LogSource":"Microsoft-Windows-Sysmon/Operational","EventId":1,"TimeCreated":"2024-10-10T23:52:16.8530167-07:00","RecordId":172313,"MachineName":"Win10","EventData":{"RuleName":"-","UtcTime":"2024-10-11 06:52:16.845","ProcessGuid":"{53968da7-cb20-6708-2a03-00000000fb00}","ProcessId":"860","Image":"C:\\Program Files\\Mozilla Firefox\\firefox.exe","FileVersion":"131.0.2","Description":"Firefox","Product":"Firefox","Company":"Mozilla Corporation","OriginalFileName":"firefox.exe","CommandLine":"\"C:\\Program Files\\Mozilla Firefox\\firefox.exe\" -contentproc --channel=5980 -isForBrowser -prefsHandle 5972 -prefMapHandle 5960 -prefsLen 33637 -prefMapSize 263003 -jsInitHandle 1292 -jsInitLen 234840 -parentBuildID 20241008210941 -win32kLockedDown -appDir \"C:\\Program Files\\Mozilla Firefox\\browser\" - {cc69a838-647f-4214-854f-8ebfd98285e4} 6388 \"\\\\.\\pipe\\gecko-crash-server-pipe.6388\" 7 tab","CurrentDirectory":"C:\\Windows\\system32\\","User":"WIN10\\richard","LogonGuid":"{53968da7-b202-6708-c295-020000000000}","LogonId":"0x295c2","TerminalSessionId":"1","IntegrityLevel":"Low","Hashes":"MD5=571814A7939D001662BBA7760BD0B187,SHA256=9725AFC685C8EE135701E140A83B94FE7D958360A1F546215F7EAFDFF5E53A83,IMPHASH=BB4CE52E8306F88C0B1DA570553704E4","ParentProcessGuid":"{53968da7-cb1f-6708-2303-00000000fb00}","ParentProcessId":"6388","ParentImage":"C:\\Program Files\\Mozilla Firefox\\firefox.exe","ParentCommandLine":"\"C:\\Program Files\\Mozilla Firefox\\firefox.exe\" https://www.reddit.com","ParentUser":"WIN10\\richard"}}
