{"LogSource":"Microsoft-Windows-Sysmon/Operational","EventId":1,"TimeCreated":"2024-10-10T23:24:56.4541934-07:00","RecordId":171828,"MachineName":"Win10","EventData":{"RuleName":"-","UtcTime":"2024-10-11 06:24:56.451","ProcessGuid":"{53968da7-c4b8-6708-9602-00000000fb00}","ProcessId":"4736","Image":"C:\\Program Files\\Mozilla Firefox\\firefox.exe","FileVersion":"131.0.2","Description":"Firefox","Product":"Firefox","Company":"Mozilla Corporation","OriginalFileName":"firefox.exe","CommandLine":"\"C:\\Program Files\\Mozilla Firefox\\firefox.exe\" -contentproc --channel=5772 -isForBrowser -prefsHandle 5828 -prefMapHandle 5820 -prefsLen 33583 -prefMapSize 263003 -jsInitHandle 1376 -jsInitLen 234840 -parentBuildID 20241008210941 -win32kLockedDown -appDir \"C:\\Program Files\\Mozilla Firefox\\browser\" - {5af5f557-90ad-4e45-9578-a019f9e92555} 1940 \"\\\\.\\pipe\\gecko-crash-server-pipe.1940\" 7 tab","CurrentDirectory":"C:\\Windows\\system32\\","User":"WIN10\\richard","LogonGuid":"{53968da7-b202-6708-c295-020000000000}","LogonId":"0x295c2","TerminalSessionId":"1","IntegrityLevel":"Low","Hashes":"MD5=571814A7939D001662BBA7760BD0B187,SHA256=9725AFC685C8EE135701E140A83B94FE7D958360A1F546215F7EAFDFF5E53A83,IMPHASH=BB4CE52E8306F88C0B1DA570553704E4","ParentProcessGuid":"{53968da7-c4b7-6708-8f02-00000000fb00}","ParentProcessId":"1940","ParentImage":"C:\\Program Files\\Mozilla Firefox\\firefox.exe","ParentCommandLine":"\"C:\\Program Files\\Mozilla Firefox\\firefox.exe\" https://www.netflix.com","ParentUser":"WIN10\\richard"}}
{"LogSource":"Microsoft-Windows-Sysmon/Operational","EventId":1,"TimeCreated":"2024-10-10T23:24:56.4642585-07:00","RecordId":171829,"MachineName":"Win10","EventData":{"RuleName":"-","UtcTime":"2024-10-11 06:24:56.461","ProcessGuid":"{53968da7-c4b8-6708-9702-00000000fb00}","ProcessId":"6752","Image":"C:\\Program Files\\Mozilla Firefox\\firefox.exe","FileVersion":"131.0.2","Description":"Firefox","Product":"Firefox","Company":"Mozilla Corporation","OriginalFileName":"firefox.exe","CommandLine":"\"C:\\Program Files\\Mozilla Firefox\\firefox.exe\" -contentproc --channel=5972 -isForBrowser -prefsHandle 5940 -prefMapHandle 5784 -prefsLen 33583 -prefMapSize 263003 -jsInitHandle 1376 -jsInitLen 234840 -parentBuildID 20241008210941 -win32kLockedDown -appDir \"C:\\Program Files\\Mozilla Firefox\\browser\" - {88b1a40b-cfe2-4046-88f8-e330423a1a39} 1940 \"\\\\.\\pipe\\gecko-crash-server-pipe.1940\" 8 tab","CurrentDirectory":"C:\\Windows\\system32\\","User":"WIN10\\richard","LogonGuid":"{53968da7-b202-6708-c295-020000000000}","LogonId":"0x295c2","TerminalSessionId":"1","IntegrityLevel":"Low","Hashes":"MD5=571814A7939D001662BBA7760BD0B187,SHA256=9725AFC685C8EE135701E140A83B94FE7D958360A1F546215F7EAFDFF5E53A83,IMPHASH=BB4CE52E8306F88C0B1DA570553704E4","ParentProcessGuid":"{53968da7-c4b7-6708-8f02-00000000fb00}","ParentProcessId":"1940","ParentImage":"C:\\Program Files\\Mozilla Firefox\\firefox.exe","ParentCommandLine":"\"C:\\Program Files\\Mozilla Firefox\\firefox.exe\" https://www.netflix.com","ParentUser":"WIN10\\richard"}}
{"LogSource":"Microsoft-Windows-Sysmon/Operational","EventId":1,"TimeCreated":"2024-10-10T23:24:56.4761375-07:00","RecordId":171830,"MachineName":"Win10","EventData":{"RuleName":"-","UtcTime":"2024-10-11 06:24:56.470","ProcessGuid":"{53968da7-c4b8-6708-9802-00000000fb00}","ProcessId":"8220","Image":"C:\\Program Files\\Mozilla Firefox\\firefox.exe","FileVersion":"131.0.2","Description":"Firefox","Product":"Firefox","Company":"Mozilla Corporation","OriginalFileName":"firefox.exe","CommandLine":"\"C:\\Program Files\\Mozilla Firefox\\firefox.exe\" -contentproc --channel=6168 -isForBrowser -prefsHandle 6240 -prefMapHandle 6064 -prefsLen 33583 -prefMapSize 263003 -jsInitHandle 1376 -jsInitLen 234840 -parentBuildID 20241008210941 -win32kLockedDown -appDir \"C:\\Program Files\\Mozilla Firefox\\browser\" - {5dd22acc-3def-46c5-ad3f-a16946195382} 1940 \"\\\\.\\pipe\\gecko-crash-server-pipe.1940\" 9 tab","CurrentDirectory":"C:\\Windows\\system32\\","User":"WIN10\\richard","LogonGuid":"{53968da7-b202-6708-c295-020000000000}","LogonId":"0x295c2","TerminalSessionId":"1","IntegrityLevel":"Low","Hashes":"MD5=571814A7939D001662BBA7760BD0B187,SHA256=9725AFC685C8EE135701E140A83B94FE7D958360A1F546215F7EAFDFF5E53A83,IMPHASH=BB4CE52E8306F88C0B1DA570553704E4","ParentProcessGuid":"{53968da7-c4b7-6708-8f02-00000000fb00}","ParentProcessId":"1940","ParentImage":"C:\\Program Files\\Mozilla Firefox\\firefox.exe","ParentCommandLine":"\"C:\\Program Files\\Mozilla Firefox\\firefox.exe\" https://www.netflix.com","ParentUser":"WIN10\\richard"}}
{"LogSource":"Microsoft-Windows-Sysmon/Operational","EventId":22,"TimeCreated":"2024-10-10T23:24:57.0658225-07:00","RecordId":171831,"MachineName":"Win10","EventData":{"RuleName":"-","UtcTime":"2024-10-11 06:24:54.599","ProcessGuid":"{53968da7-c4b7-6708-8f02-00000000fb00}","ProcessId":"1940","QueryName":"mozilla.cloudflare-dns.com","QueryStatus":"0","QueryResults":"2803:f800:53::4;2a06:98c1:52::4;::ffff:172.64.41.4;::ffff:162.159.61.4;","Image":"C:\\Program Files\\Mozilla Firefox\\firefox.exe","User":"WIN10\\richard"}}
{"LogSource":"Microsoft-Windows-Sysmon/Operational","EventId":22,"TimeCreated":"2024-10-10T23:24:57.0683113-07:00","RecordId":171832,"MachineName":"Win10","EventData":{"RuleName":"-","UtcTime":"2024-10-11 06:24:54.599","ProcessGuid":"{53968da7-c4b7-6708-8f02-00000000fb00}","ProcessId":"1940","QueryName":"mozilla.cloudflare-dns.com","QueryStatus":"0","QueryResults":"2803:f800:53::4;2a06:98c1:52::4;::ffff:172.64.41.4;::ffff:162.159.61.4;","Image":"C:\\Program Files\\Mozilla Firefox\\firefox.exe","User":"WIN10\\richard"}}
{"LogSource":"Microsoft-Windows-Sysmon/Operational","EventId":22,"TimeCreated":"2024-10-10T23:24:57.0704152-07:00","RecordId":171833,"MachineName":"Win10","EventData":{"RuleName":"-","UtcTime":"2024-10-11 06:24:54.604","ProcessGuid":"{53968da7-c4b7-6708-8f02-00000000fb00}","ProcessId":"1940","QueryName":"mozilla.cloudflare-dns.com","QueryStatus":"0","QueryResults":"162.159.61.4;172.64.41.4;","Image":"C:\\Program Files\\Mozilla Firefox\\firefox.exe","User":"WIN10\\richard"}}
{"LogSource":"Microsoft-Windows-Sysmon/Operational","EventId":22,"TimeCreated":"2024-10-10T23:24:57.0724480-07:00","RecordId":171834,"MachineName":"Win10","EventData":{"RuleName":"-","UtcTime":"2024-10-11 06:24:54.609","ProcessGuid":"{53968da7-c4b7-6708-8f02-00000000fb00}","ProcessId":"1940","QueryName":"mozilla.cloudflare-dns.com","QueryStatus":"0","QueryResults":"2a06:98c1:52::4;2803:f800:53::4;","Image":"C:\\Program Files\\Mozilla Firefox\\firefox.exe","User":"WIN10\\richard"}}
{"LogSource":"Microsoft-Windows-Sysmon/Operational","EventId":22,"TimeCreated":"2024-10-10T23:24:57.0743189-07:00","RecordId":171835,"MachineName":"Win10","EventData":{"RuleName":"-","UtcTime":"2024-10-11 06:24:54.668","ProcessGuid":"{53968da7-c4b7-6708-8f02-00000000fb00}","ProcessId":"1940","QueryName":"doh.test.","QueryStatus":"9003","QueryResults":"-","Image":"C:\\Program Files\\Mozilla Firefox\\firefox.exe","User":"WIN10\\richard"}}
{"LogSource":"Microsoft-Windows-Sysmon/Operational","EventId":22,"TimeCreated":"2024-10-10T23:24:57.0761075-07:00","RecordId":171836,"MachineName":"Win10","EventData":{"RuleName":"-","UtcTime":"2024-10-11 06:24:54.997","ProcessGuid":"{53968da7-c4b7-6708-8f02-00000000fb00}","ProcessId":"1940","QueryName":"example.org","QueryStatus":"0","QueryResults":"93.184.215.14;","Image":"C:\\Program Files\\Mozilla Firefox\\firefox.exe","User":"WIN10\\richard"}}
{"LogSource":"Microsoft-Windows-Sysmon/Operational","EventId":22,"TimeCreated":"2024-10-10T23:24:57.0778729-07:00","RecordId":171837,"MachineName":"Win10","EventData":{"RuleName":"-","UtcTime":"2024-10-11 06:24:54.997","ProcessGuid":"{53968da7-c4b7-6708-8f02-00000000fb00}","ProcessId":"1940","QueryName":"example.org","QueryStatus":"0","QueryResults":"2606:2800:21f:cb07:6820:80da:af6b:8b2c;::ffff:93.184.215.14;","Image":"C:\\Program Files\\Mozilla Firefox\\firefox.exe","User":"WIN10\\richard"}}
{"LogSource":"Microsoft-Windows-Sysmon/Operational","EventId":22,"TimeCreated":"2024-10-10T23:24:56.1269441-07:00","RecordId":171823,"MachineName":"Win10","EventData":{"RuleName":"-","UtcTime":"2024-10-11 06:24:54.593","ProcessGuid":"{53968da7-c4b7-6708-8f02-00000000fb00}","ProcessId":"1940","QueryName":"use-application-dns.net.","QueryStatus":"0","QueryResults":"35.190.14.201;","Image":"C:\\Program Files\\Mozilla Firefox\\firefox.exe","User":"WIN10\\richard"}}
{"LogSource":"Microsoft-Windows-Sysmon/Operational","EventId":22,"TimeCreated":"2024-10-10T23:24:57.0796483-07:00","RecordId":171838,"MachineName":"Win10","EventData":{"RuleName":"-","UtcTime":"2024-10-11 06:24:54.998","ProcessGuid":"{53968da7-c4b7-6708-8f02-00000000fb00}","ProcessId":"1940","QueryName":"example.org","QueryStatus":"0","QueryResults":"93.184.215.14;","Image":"C:\\Program Files\\Mozilla Firefox\\firefox.exe","User":"WIN10\\richard"}}
{"LogSource":"Microsoft-Windows-Sysmon/Operational","EventId":22,"TimeCreated":"2024-10-10T23:24:57.0814097-07:00","RecordId":171839,"MachineName":"Win10","EventData":{"RuleName":"-","UtcTime":"2024-10-11 06:24:54.998","ProcessGuid":"{53968da7-c4b7-6708-8f02-00000000fb00}","ProcessId":"1940","QueryName":"example.org","QueryStatus":"0","QueryResults":"2606:2800:21f:cb07:6820:80da:af6b:8b2c;::ffff:93.184.215.14;","Image":"C:\\Program Files\\Mozilla Firefox\\firefox.exe","User":"WIN10\\richard"}}
{"LogSource":"Microsoft-Windows-Sysmon/Operational","EventId":22,"TimeCreated":"2024-10-10T23:24:58.0784308-07:00","RecordId":171840,"MachineName":"Win10","EventData":{"RuleName":"-","UtcTime":"2024-10-11 06:24:55.004","ProcessGuid":"{53968da7-c4b7-6708-8f02-00000000fb00}","ProcessId":"1940","QueryName":"example.org","QueryStatus":"0","QueryResults":"93.184.215.14;","Image":"C:\\Program Files\\Mozilla Firefox\\firefox.exe","User":"WIN10\\richard"}}
{"LogSource":"Microsoft-Windows-Sysmon/Operational","EventId":22,"TimeCreated":"2024-10-10T23:24:58.0846580-07:00","RecordId":171841,"MachineName":"Win10","EventData":{"RuleName":"-","UtcTime":"2024-10-11 06:24:55.004","ProcessGuid":"{53968da7-c4b7-6708-8f02-00000000fb00}","ProcessId":"1940","QueryName":"example.org","QueryStatus":"0","QueryResults":"2606:2800:21f:cb07:6820:80da:af6b:8b2c;","Image":"C:\\Program Files\\Mozilla Firefox\\firefox.exe","User":"WIN10\\richard"}}
{"LogSource":"Microsoft-Windows-Sysmon/Operational","EventId":22,"TimeCreated":"2024-10-10T23:24:58.0903403-07:00","RecordId":171842,"MachineName":"Win10","EventData":{"RuleName":"-","UtcTime":"2024-10-11 06:24:55.004","ProcessGuid":"{53968da7-c4b7-6708-8f02-00000000fb00}","ProcessId":"1940","QueryName":"detectportal.firefox.com","QueryStatus":"0","QueryResults":"type:  5 detectportal.prod.mozaws.net;type:  5 prod.detectportal.prod.cloudops.mozgcp.net;2600:1901:0:38d7::;::ffff:34.107.221.82;","Image":"C:\\Program Files\\Mozilla Firefox\\firefox.exe","User":"WIN10\\richard"}}
{"LogSource":"Microsoft-Windows-Sysmon/Operational","EventId":22,"TimeCreated":"2024-10-10T23:24:58.0942537-07:00","RecordId":171843,"MachineName":"Win10","EventData":{"RuleName":"-","UtcTime":"2024-10-11 06:24:55.004","ProcessGuid":"{53968da7-c4b7-6708-8f02-00000000fb00}","ProcessId":"1940","QueryName":"detectportal.firefox.com","QueryStatus":"0","QueryResults":"type:  5 detectportal.prod.mozaws.net;type:  5 prod.detectportal.prod.cloudops.mozgcp.net;2600:1901:0:38d7::;::ffff:34.107.221.82;","Image":"C:\\Program Files\\Mozilla Firefox\\firefox.exe","User":"WIN10\\richard"}}
{"LogSource":"Microsoft-Windows-Sysmon/Operational","EventId":22,"TimeCreated":"2024-10-10T23:24:58.0972961-07:00","RecordId":171844,"MachineName":"Win10","EventData":{"RuleName":"-","UtcTime":"2024-10-11 06:24:55.004","ProcessGuid":"{53968da7-c4b7-6708-8f02-00000000fb00}","ProcessId":"1940","QueryName":"detectportal.firefox.com","QueryStatus":"0","QueryResults":"type:  5 detectportal.prod.mozaws.net;type:  5 prod.detectportal.prod.cloudops.mozgcp.net;2600:1901:0:38d7::;::ffff:34.107.221.82;","Image":"C:\\Program Files\\Mozilla Firefox\\firefox.exe","User":"WIN10\\richard"}}
{"LogSource":"Microsoft-Windows-Sysmon/Operational","EventId":22,"TimeCreated":"2024-10-10T23:24:58.0997870-07:00","RecordId":171845,"MachineName":"Win10","EventData":{"RuleName":"-","UtcTime":"2024-10-11 06:24:55.005","ProcessGuid":"{53968da7-c4b7-6708-8f02-00000000fb00}","ProcessId":"1940","QueryName":"detectportal.firefox.com","QueryStatus":"0","QueryResults":"type:  5 detectportal.prod.mozaws.net;type:  5 prod.detectportal.prod.cloudops.mozgcp.net;2600:1901:0:38d7::;::ffff:34.107.221.82;","Image":"C:\\Program Files\\Mozilla Firefox\\firefox.exe","User":"WIN10\\richard"}}
{"LogSource":"Microsoft-Windows-Sysmon/Operational","EventId":22,"TimeCreated":"2024-10-10T23:24:58.1042866-07:00","RecordId":171847,"MachineName":"Win10","EventData":{"RuleName":"-","UtcTime":"2024-10-11 06:24:55.010","ProcessGuid":"{53968da7-c4b7-6708-8f02-00000000fb00}","ProcessId":"1940","QueryName":"prod.detectportal.prod.cloudops.mozgcp.net","QueryStatus":"0","QueryResults":"2600:1901:0:38d7::;","Image":"C:\\Program Files\\Mozilla Firefox\\firefox.exe","User":"WIN10\\richard"}}
{"LogSource":"Microsoft-Windows-Sysmon/Operational","EventId":22,"TimeCreated":"2024-10-10T23:24:58.1021362-07:00","RecordId":171846,"MachineName":"Win10","EventData":{"RuleName":"-","UtcTime":"2024-10-11 06:24:55.005","ProcessGuid":"{53968da7-c4b7-6708-8f02-00000000fb00}","ProcessId":"1940","QueryName":"prod.detectportal.prod.cloudops.mozgcp.net","QueryStatus":"0","QueryResults":"34.107.221.82;","Image":"C:\\Program Files\\Mozilla Firefox\\firefox.exe","User":"WIN10\\richard"}}
{"LogSource":"Microsoft-Windows-Sysmon/Operational","EventId":22,"TimeCreated":"2024-10-10T23:24:58.1062443-07:00","RecordId":171848,"MachineName":"Win10","EventData":{"RuleName":"-","UtcTime":"2024-10-11 06:24:55.010","ProcessGuid":"{53968da7-c4b7-6708-8f02-00000000fb00}","ProcessId":"1940","QueryName":"prod.detectportal.prod.cloudops.mozgcp.net","QueryStatus":"0","QueryResults":"2600:1901:0:38d7::;","Image":"C:\\Program Files\\Mozilla Firefox\\firefox.exe","User":"WIN10\\richard"}}
{"LogSource":"Microsoft-Windows-Sysmon/Operational","EventId":1,"TimeCreated":"2024-10-10T23:25:01.2083982-07:00","RecordId":171849,"MachineName":"Win10","EventData":{"RuleName":"-","UtcTime":"2024-10-11 06:25:01.200","ProcessGuid":"{53968da7-c4bd-6708-9902-00000000fb00}","ProcessId":"7204","Image":"C:\\Program Files\\Mozilla Firefox\\firefox.exe","FileVersion":"131.0.2","Description":"Firefox","Product":"Firefox","Company":"Mozilla Corporation","OriginalFileName":"firefox.exe","CommandLine":"\"C:\\Program Files\\Mozilla Firefox\\firefox.exe\" -contentproc --channel=2792 -isForBrowser -prefsHandle 4144 -prefMapHandle 4316 -prefsLen 33727 -prefMapSize 263003 -jsInitHandle 1376 -jsInitLen 234840 -parentBuildID 20241008210941 -win32kLockedDown -appDir \"C:\\Program Files\\Mozilla Firefox\\browser\" - {dfdb3b3d-bcc3-4cc7-8719-e1d1e9fb9fab} 1940 \"\\\\.\\pipe\\gecko-crash-server-pipe.1940\" 10 tab","CurrentDirectory":"C:\\Windows\\system32\\","User":"WIN10\\richard","LogonGuid":"{53968da7-b202-6708-c295-020000000000}","LogonId":"0x295c2","TerminalSessionId":"1","IntegrityLevel":"Low","Hashes":"MD5=571814A7939D001662BBA7760BD0B187,SHA256=9725AFC685C8EE135701E140A83B94FE7D958360A1F546215F7EAFDFF5E53A83,IMPHASH=BB4CE52E8306F88C0B1DA570553704E4","ParentProcessGuid":"{53968da7-c4b7-6708-8f02-00000000fb00}","ParentProcessId":"1940","ParentImage":"C:\\Program Files\\Mozilla Firefox\\firefox.exe","ParentCommandLine":"\"C:\\Program Files\\Mozilla Firefox\\firefox.exe\" https://www.netflix.com","ParentUser":"WIN10\\richard"}}
{"LogSource":"Microsoft-Windows-Sysmon/Operational","EventId":1,"TimeCreated":"2024-10-10T23:26:37.1427507-07:00","RecordId":171850,"MachineName":"Win10","EventData":{"RuleName":"-","UtcTime":"2024-10-11 06:26:37.139","ProcessGuid":"{53968da7-c51d-6708-9a02-00000000fb00}","ProcessId":"8748","Image":"C:\\Program Files\\Mozilla Firefox\\firefox.exe","FileVersion":"131.0.2","Description":"Firefox","Product":"Firefox","Company":"Mozilla Corporation","OriginalFileName":"firefox.exe","CommandLine":"\"C:\\Program Files\\Mozilla Firefox\\firefox.exe\" https://www.github.com ","CurrentDirectory":"C:\\Windows\\system32\\","User":"WIN10\\richard","LogonGuid":"{53968da7-b202-6708-7195-020000000000}","LogonId":"0x29571","TerminalSessionId":"1","IntegrityLevel":"High","Hashes":"MD5=571814A7939D001662BBA7760BD0B187,SHA256=9725AFC685C8EE135701E140A83B94FE7D958360A1F546215F7EAFDFF5E53A83,IMPHASH=BB4CE52E8306F88C0B1DA570553704E4","ParentProcessGuid":"{53968da7-be30-6708-5201-00000000fb00}","ParentProcessId":"6876","ParentImage":"C:\\Windows\\System32\\WindowsPowerShell\\v1.0\\powershell_ise.exe","ParentCommandLine":"\"C:\\Windows\\system32\\WindowsPowerShell\\v1.0\\PowerShell_ISE.exe\" ","ParentUser":"WIN10\\richard"}}
{"LogSource":"Microsoft-Windows-Sysmon/Operational","EventId":1,"TimeCreated":"2024-10-10T23:26:37.1829394-07:00","RecordId":171851,"MachineName":"Win10","EventData":{"RuleName":"-","UtcTime":"2024-10-11 06:26:37.172","ProcessGuid":"{53968da7-c51d-6708-9b02-00000000fb00}","ProcessId":"8956","Image":"C:\\Program Files\\Mozilla Firefox\\firefox.exe","FileVersion":"131.0.2","Description":"Firefox","Product":"Firefox","Company":"Mozilla Corporation","OriginalFileName":"firefox.exe","CommandLine":"\"C:\\Program Files\\Mozilla Firefox\\firefox.exe\" https://www.github.com --attempting-deelevation","CurrentDirectory":"C:\\Windows\\system32\\","User":"WIN10\\richard","LogonGuid":"{53968da7-b202-6708-c295-020000000000}","LogonId":"0x295c2","TerminalSessionId":"1","IntegrityLevel":"Medium","Hashes":"MD5=571814A7939D001662BBA7760BD0B187,SHA256=9725AFC685C8EE135701E140A83B94FE7D958360A1F546215F7EAFDFF5E53A83,IMPHASH=BB4CE52E8306F88C0B1DA570553704E4","ParentProcessGuid":"{53968da7-b203-6708-4f00-00000000fb00}","ParentProcessId":"4396","ParentImage":"C:\\Windows\\explorer.exe","ParentCommandLine":"C:\\Windows\\Explorer.EXE","ParentUser":"WIN10\\richard"}}
{"LogSource":"Microsoft-Windows-Sysmon/Operational","EventId":1,"TimeCreated":"2024-10-10T23:26:37.1927877-07:00","RecordId":171852,"MachineName":"Win10","EventData":{"RuleName":"-","UtcTime":"2024-10-11 06:26:37.190","ProcessGuid":"{53968da7-c51d-6708-9c02-00000000fb00}","ProcessId":"2368","Image":"C:\\Program Files\\Mozilla Firefox\\firefox.exe","FileVersion":"131.0.2","Description":"Firefox","Product":"Firefox","Company":"Mozilla Corporation","OriginalFileName":"firefox.exe","CommandLine":"\"C:\\Program Files\\Mozilla Firefox\\firefox.exe\" https://www.github.com","CurrentDirectory":"C:\\Windows\\system32\\","User":"WIN10\\richard","LogonGuid":"{53968da7-b202-6708-c295-020000000000}","LogonId":"0x295c2","TerminalSessionId":"1","IntegrityLevel":"Medium","Hashes":"MD5=571814A7939D001662BBA7760BD0B187,SHA256=9725AFC685C8EE135701E140A83B94FE7D958360A1F546215F7EAFDFF5E53A83,IMPHASH=BB4CE52E8306F88C0B1DA570553704E4","ParentProcessGuid":"{53968da7-c51d-6708-9b02-00000000fb00}","ParentProcessId":"8956","ParentImage":"C:\\Program Files\\Mozilla Firefox\\firefox.exe","ParentCommandLine":"\"C:\\Program Files\\Mozilla Firefox\\firefox.exe\" https://www.github.com --attempting-deelevation","ParentUser":"WIN10\\richard"}}
{"LogSource":"Microsoft-Windows-Sysmon/Operational","EventId":1,"TimeCreated":"2024-10-10T23:26:37.3444856-07:00","RecordId":171853,"MachineName":"Win10","EventData":{"RuleName":"-","UtcTime":"2024-10-11 06:26:37.342","ProcessGuid":"{53968da7-c51d-6708-9d02-00000000fb00}","ProcessId":"9184","Image":"C:\\Program Files\\Mozilla Firefox\\firefox.exe","FileVersion":"131.0.2","Description":"Firefox","Product":"Firefox","Company":"Mozilla Corporation","OriginalFileName":"firefox.exe","CommandLine":"\"C:\\Program Files\\Mozilla Firefox\\firefox.exe\" -contentproc --channel=1940 -parentBuildID 20241008210941 -prefsHandle 1880 -prefMapHandle 1848 -prefsLen 30861 -prefMapSize 263003 -appDir \"C:\\Program Files\\Mozilla Firefox\\browser\" - {8131de99-f50b-4c2e-89d5-cd4b82f377eb} 2368 \"\\\\.\\pipe\\gecko-crash-server-pipe.2368\" 1 gpu","CurrentDirectory":"C:\\Windows\\system32\\","User":"WIN10\\richard","LogonGuid":"{53968da7-b202-6708-c295-020000000000}","LogonId":"0x295c2","TerminalSessionId":"1","IntegrityLevel":"Low","Hashes":"MD5=571814A7939D001662BBA7760BD0B187,SHA256=9725AFC685C8EE135701E140A83B94FE7D958360A1F546215F7EAFDFF5E53A83,IMPHASH=BB4CE52E8306F88C0B1DA570553704E4","ParentProcessGuid":"{53968da7-c51d-6708-9c02-00000000fb00}","ParentProcessId":"2368","ParentImage":"C:\\Program Files\\Mozilla Firefox\\firefox.exe","ParentCommandLine":"\"C:\\Program Files\\Mozilla Firefox\\firefox.exe\" https://www.github.com","ParentUser":"WIN10\\richard"}}
{"LogSource":"Microsoft-Windows-Sysmon/Operational","EventId":1,"TimeCreated":"2024-10-10T23:26:37.3912088-07:00","RecordId":171854,"MachineName":"Win10","EventData":{"RuleName":"-","UtcTime":"2024-10-11 06:26:37.388","ProcessGuid":"{53968da7-c51d-6708-9e02-00000000fb00}","ProcessId":"8616","Image":"C:\\Program Files\\Mozilla Firefox\\firefox.exe","FileVersion":"131.0.2","Description":"Firefox","Product":"Firefox","Company":"Mozilla Corporation","OriginalFileName":"firefox.exe","CommandLine":"\"C:\\Program Files\\Mozilla Firefox\\firefox.exe\" -contentproc --channel=2392 -parentBuildID 20241008210941 -prefsHandle 2384 -prefMapHandle 2380 -prefsLen 30897 -prefMapSize 263003 -win32kLockedDown -appDir \"C:\\Program Files\\Mozilla Firefox\\browser\" - {fbacaa1c-86e4-431f-999b-2becbb552c30} 2368 \"\\\\.\\pipe\\gecko-crash-server-pipe.2368\" 2 socket","CurrentDirectory":"C:\\Windows\\system32\\","User":"WIN10\\richard","LogonGuid":"{53968da7-b202-6708-c295-020000000000}","LogonId":"0x295c2","TerminalSessionId":"1","IntegrityLevel":"Low","Hashes":"MD5=571814A7939D001662BBA7760BD0B187,SHA256=9725AFC685C8EE135701E140A83B94FE7D958360A1F546215F7EAFDFF5E53A83,IMPHASH=BB4CE52E8306F88C0B1DA570553704E4","ParentProcessGuid":"{53968da7-c51d-6708-9c02-00000000fb00}","ParentProcessId":"2368","ParentImage":"C:\\Program Files\\Mozilla Firefox\\firefox.exe","ParentCommandLine":"\"C:\\Program Files\\Mozilla Firefox\\firefox.exe\" https://www.github.com","ParentUser":"WIN10\\richard"}}
{"LogSource":"Microsoft-Windows-Sysmon/Operational","EventId":1,"TimeCreated":"2024-10-10T23:26:37.5704703-07:00","RecordId":171855,"MachineName":"Win10","EventData":{"RuleName":"-","UtcTime":"2024-10-11 06:26:37.568","ProcessGuid":"{53968da7-c51d-6708-9f02-00000000fb00}","ProcessId":"1808","Image":"C:\\Program Files\\Mozilla Firefox\\firefox.exe","FileVersion":"131.0.2","Description":"Firefox","Product":"Firefox","Company":"Mozilla Corporation","OriginalFileName":"firefox.exe","CommandLine":"\"C:\\Program Files\\Mozilla Firefox\\firefox.exe\" -contentproc --channel=3064 -isForBrowser -prefsHandle 3056 -prefMapHandle 3052 -prefsLen 27591 -prefMapSize 263003 -jsInitHandle 1356 -jsInitLen 234840 -parentBuildID 20241008210941 -win32kLockedDown -appDir \"C:\\Program Files\\Mozilla Firefox\\browser\" - {a700ea79-fc11-4d46-a144-e4bb059c82e3} 2368 \"\\\\.\\pipe\\gecko-crash-server-pipe.2368\" 3 tab","CurrentDirectory":"C:\\Windows\\system32\\","User":"WIN10\\richard","LogonGuid":"{53968da7-b202-6708-c295-020000000000}","LogonId":"0x295c2","TerminalSessionId":"1","IntegrityLevel":"Low","Hashes":"MD5=571814A7939D001662BBA7760BD0B187,SHA256=9725AFC685C8EE135701E140A83B94FE7D958360A1F546215F7EAFDFF5E53A83,IMPHASH=BB4CE52E8306F88C0B1DA570553704E4","ParentProcessGuid":"{53968da7-c51d-6708-9c02-00000000fb00}","ParentProcessId":"2368","ParentImage":"C:\\Program Files\\Mozilla Firefox\\firefox.exe","ParentCommandLine":"\"C:\\Program Files\\Mozilla Firefox\\firefox.exe\" https://www.github.com","ParentUser":"WIN10\\richard"}}
{"LogSource":"Microsoft-Windows-Sysmon/Operational","EventId":1,"TimeCreated":"2024-10-10T23:26:37.8998034-07:00","RecordId":171856,"MachineName":"Win10","EventData":{"RuleName":"-","UtcTime":"2024-10-11 06:26:37.897","ProcessGuid":"{53968da7-c51d-6708-a002-00000000fb00}","ProcessId":"1596","Image":"C:\\Program Files\\Mozilla Firefox\\firefox.exe","FileVersion":"131.0.2","Description":"Firefox","Product":"Firefox","Company":"Mozilla Corporation","OriginalFileName":"firefox.exe","CommandLine":"\"C:\\Program Files\\Mozilla Firefox\\firefox.exe\" -contentproc --channel=4236 -isForBrowser -prefsHandle 4260 -prefMapHandle 4256 -prefsLen 37035 -prefMapSize 263003 -jsInitHandle 1356 -jsInitLen 234840 -parentBuildID 20241008210941 -win32kLockedDown -appDir \"C:\\Program Files\\Mozilla Firefox\\browser\" - {901ca41f-3dc7-40d1-947b-f076dcde10ab} 2368 \"\\\\.\\pipe\\gecko-crash-server-pipe.2368\" 4 tab","CurrentDirectory":"C:\\Windows\\system32\\","User":"WIN10\\richard","LogonGuid":"{53968da7-b202-6708-c295-020000000000}","LogonId":"0x295c2","TerminalSessionId":"1","IntegrityLevel":"Low","Hashes":"MD5=571814A7939D001662BBA7760BD0B187,SHA256=9725AFC685C8EE135701E140A83B94FE7D958360A1F546215F7EAFDFF5E53A83,IMPHASH=BB4CE52E8306F88C0B1DA570553704E4","ParentProcessGuid":"{53968da7-c51d-6708-9c02-00000000fb00}","ParentProcessId":"2368","ParentImage":"C:\\Program Files\\Mozilla Firefox\\firefox.exe","ParentCommandLine":"\"C:\\Program Files\\Mozilla Firefox\\firefox.exe\" https://www.github.com","ParentUser":"WIN10\\richard"}}
{"LogSource":"Microsoft-Windows-Sysmon/Operational","EventId":1,"TimeCreated":"2024-10-10T23:26:38.4381205-07:00","RecordId":171858,"MachineName":"Win10","EventData":{"RuleName":"-","UtcTime":"2024-10-11 06:26:38.435","ProcessGuid":"{53968da7-c51e-6708-a202-00000000fb00}","ProcessId":"3556","Image":"C:\\Program Files\\Mozilla Firefox\\firefox.exe","FileVersion":"131.0.2","Description":"Firefox","Product":"Firefox","Company":"Mozilla Corporation","OriginalFileName":"firefox.exe","CommandLine":"\"C:\\Program Files\\Mozilla Firefox\\firefox.exe\" -contentproc --channel=5576 -isForBrowser -prefsHandle 5560 -prefMapHandle 5520 -prefsLen 37084 -prefMapSize 263003 -jsInitHandle 1356 -jsInitLen 234840 -parentBuildID 20241008210941 -win32kLockedDown -appDir \"C:\\Program Files\\Mozilla Firefox\\browser\" - {a38cac31-3416-40c1-9e63-b868834f48c1} 2368 \"\\\\.\\pipe\\gecko-crash-server-pipe.2368\" 6 tab","CurrentDirectory":"C:\\Windows\\system32\\","User":"WIN10\\richard","LogonGuid":"{53968da7-b202-6708-c295-020000000000}","LogonId":"0x295c2","TerminalSessionId":"1","IntegrityLevel":"Low","Hashes":"MD5=571814A7939D001662BBA7760BD0B187,SHA256=9725AFC685C8EE135701E140A83B94FE7D958360A1F546215F7EAFDFF5E53A83,IMPHASH=BB4CE52E8306F88C0B1DA570553704E4","ParentProcessGuid":"{53968da7-c51d-6708-9c02-00000000fb00}","ParentProcessId":"2368","ParentImage":"C:\\Program Files\\Mozilla Firefox\\firefox.exe","ParentCommandLine":"\"C:\\Program Files\\Mozilla Firefox\\firefox.exe\" https://www.github.com","ParentUser":"WIN10\\richard"}}
{"LogSource":"Microsoft-Windows-Sysmon/Operational","EventId":1,"TimeCreated":"2024-10-10T23:26:38.6069273-07:00","RecordId":171859,"MachineName":"Win10","EventData":{"RuleName":"-","UtcTime":"2024-10-11 06:26:38.604","ProcessGuid":"{53968da7-c51e-6708-a302-00000000fb00}","ProcessId":"2884","Image":"C:\\Program Files\\Mozilla Firefox\\firefox.exe","FileVersion":"131.0.2","Description":"Firefox","Product":"Firefox","Company":"Mozilla Corporation","OriginalFileName":"firefox.exe","CommandLine":"\"C:\\Program Files\\Mozilla Firefox\\firefox.exe\" -contentproc --channel=6088 -isForBrowser -prefsHandle 6080 -prefMapHandle 6028 -prefsLen 33637 -prefMapSize 263003 -jsInitHandle 1356 -jsInitLen 234840 -parentBuildID 20241008210941 -win32kLockedDown -appDir \"C:\\Program Files\\Mozilla Firefox\\browser\" - {591de8e8-7200-49a1-8b04-6c3e7011c33f} 2368 \"\\\\.\\pipe\\gecko-crash-server-pipe.2368\" 7 tab","CurrentDirectory":"C:\\Windows\\system32\\","User":"WIN10\\richard","LogonGuid":"{53968da7-b202-6708-c295-020000000000}","LogonId":"0x295c2","TerminalSessionId":"1","IntegrityLevel":"Low","Hashes":"MD5=571814A7939D001662BBA7760BD0B187,SHA256=9725AFC685C8EE135701E140A83B94FE7D958360A1F546215F7EAFDFF5E53A83,IMPHASH=BB4CE52E8306F88C0B1DA570553704E4","ParentProcessGuid":"{53968da7-c51d-6708-9c02-00000000fb00}","ParentProcessId":"2368","ParentImage":"C:\\Program Files\\Mozilla Firefox\\firefox.exe","ParentCommandLine":"\"C:\\Program Files\\Mozilla Firefox\\firefox.exe\" https://www.github.com","ParentUser":"WIN10\\richard"}}
{"LogSource":"Microsoft-Windows-Sysmon/Operational","EventId":1,"TimeCreated":"2024-10-10T23:26:38.6135158-07:00","RecordId":171860,"MachineName":"Win10","EventData":{"RuleName":"-","UtcTime":"2024-10-11 06:26:38.611","ProcessGuid":"{53968da7-c51e-6708-a402-00000000fb00}","ProcessId":"608","Image":"C:\\Program Files\\Mozilla Firefox\\firefox.exe","FileVersion":"131.0.2","Description":"Firefox","Product":"Firefox","Company":"Mozilla Corporation","OriginalFileName":"firefox.exe","CommandLine":"\"C:\\Program Files\\Mozilla Firefox\\firefox.exe\" -contentproc --channel=5712 -isForBrowser -prefsHandle 6172 -prefMapHandle 6168 -prefsLen 33637 -prefMapSize 263003 -jsInitHandle 1356 -jsInitLen 234840 -parentBuildID 20241008210941 -win32kLockedDown -appDir \"C:\\Program Files\\Mozilla Firefox\\browser\" - {78562ddb-fee1-49ae-abaa-77d6710c3444} 2368 \"\\\\.\\pipe\\gecko-crash-server-pipe.2368\" 8 tab","CurrentDirectory":"C:\\Windows\\system32\\","User":"WIN10\\richard","LogonGuid":"{53968da7-b202-6708-c295-020000000000}","LogonId":"0x295c2","TerminalSessionId":"1","IntegrityLevel":"Low","Hashes":"MD5=571814A7939D001662BBA7760BD0B187,SHA256=9725AFC685C8EE135701E140A83B94FE7D958360A1F546215F7EAFDFF5E53A83,IMPHASH=BB4CE52E8306F88C0B1DA570553704E4","ParentProcessGuid":"{53968da7-c51d-6708-9c02-00000000fb00}","ParentProcessId":"2368","ParentImage":"C:\\Program Files\\Mozilla Firefox\\firefox.exe","ParentCommandLine":"\"C:\\Program Files\\Mozilla Firefox\\firefox.exe\" https://www.github.com","ParentUser":"WIN10\\richard"}}
{"LogSource":"Microsoft-Windows-Sysmon/Operational","EventId":1,"TimeCreated":"2024-10-10T23:26:38.3732176-07:00","RecordId":171857,"MachineName":"Win10","EventData":{"RuleName":"-","UtcTime":"2024-10-11 06:26:38.368","ProcessGuid":"{53968da7-c51e-6708-a102-00000000fb00}","ProcessId":"208","Image":"C:\\Program Files\\Mozilla Firefox\\firefox.exe","FileVersion":"131.0.2","Description":"Firefox","Product":"Firefox","Company":"Mozilla Corporation","OriginalFileName":"firefox.exe","CommandLine":"\"C:\\Program Files\\Mozilla Firefox\\firefox.exe\" -contentproc --channel=5268 -parentBuildID 20241008210941 -sandboxingKind 0 -prefsHandle 5288 -prefMapHandle 5152 -prefsLen 37084 -prefMapSize 263003 -win32kLockedDown -appDir \"C:\\Program Files\\Mozilla Firefox\\browser\" - {184c807a-2fac-4556-acf3-f88c7a5ed51d} 2368 \"\\\\.\\pipe\\gecko-crash-server-pipe.2368\" 5 utility","CurrentDirectory":"C:\\Windows\\system32\\","User":"WIN10\\richard","LogonGuid":"{53968da7-b202-6708-c295-020000000000}","LogonId":"0x295c2","TerminalSessionId":"1","IntegrityLevel":"Low","Hashes":"MD5=571814A7939D001662BBA7760BD0B187,SHA256=9725AFC685C8EE135701E140A83B94FE7D958360A1F546215F7EAFDFF5E53A83,IMPHASH=BB4CE52E8306F88C0B1DA570553704E4","ParentProcessGuid":"{53968da7-c51d-6708-9c02-00000000fb00}","ParentProcessId":"2368","ParentImage":"C:\\Program Files\\Mozilla Firefox\\firefox.exe","ParentCommandLine":"\"C:\\Program Files\\Mozilla Firefox\\firefox.exe\" https://www.github.com","ParentUser":"WIN10\\richard"}}
{"LogSource":"Microsoft-Windows-Sysmon/Operational","EventId":1,"TimeCreated":"2024-10-10T23:26:38.6257638-07:00","RecordId":171861,"MachineName":"Win10","EventData":{"RuleName":"-","UtcTime":"2024-10-11 06:26:38.618","ProcessGuid":"{53968da7-c51e-6708-a502-00000000fb00}","ProcessId":"7888","Image":"C:\\Program Files\\Mozilla Firefox\\firefox.exe","FileVersion":"131.0.2","Description":"Firefox","Product":"Firefox","Company":"Mozilla Corporation","OriginalFileName":"firefox.exe","CommandLine":"\"C:\\Program Files\\Mozilla Firefox\\firefox.exe\" -contentproc --channel=6320 -isForBrowser -prefsHandle 6336 -prefMapHandle 6332 -prefsLen 33637 -prefMapSize 263003 -jsInitHandle 1356 -jsInitLen 234840 -parentBuildID 20241008210941 -win32kLockedDown -appDir \"C:\\Program Files\\Mozilla Firefox\\browser\" - {e0db17bf-99c2-466c-ac42-c478aa30b49d} 2368 \"\\\\.\\pipe\\gecko-crash-server-pipe.2368\" 9 tab","CurrentDirectory":"C:\\Windows\\system32\\","User":"WIN10\\richard","LogonGuid":"{53968da7-b202-6708-c295-020000000000}","LogonId":"0x295c2","TerminalSessionId":"1","IntegrityLevel":"Low","Hashes":"MD5=571814A7939D001662BBA7760BD0B187,SHA256=9725AFC685C8EE135701E140A83B94FE7D958360A1F546215F7EAFDFF5E53A83,IMPHASH=BB4CE52E8306F88C0B1DA570553704E4","ParentProcessGuid":"{53968da7-c51d-6708-9c02-00000000fb00}","ParentProcessId":"2368","ParentImage":"C:\\Program Files\\Mozilla Firefox\\firefox.exe","ParentCommandLine":"\"C:\\Program Files\\Mozilla Firefox\\firefox.exe\" https://www.github.com","ParentUser":"WIN10\\richard"}}
{"LogSource":"Microsoft-Windows-Sysmon/Operational","EventId":22,"TimeCreated":"2024-10-10T23:26:38.7537598-07:00","RecordId":171862,"MachineName":"Win10","EventData":{"RuleName":"-","UtcTime":"2024-10-11 06:26:36.503","ProcessGuid":"{53968da7-c51d-6708-9c02-00000000fb00}","ProcessId":"2368","QueryName":"detectportal.firefox.com","QueryStatus":"0","QueryResults":"type:  5 detectportal.prod.mozaws.net;type:  5 prod.detectportal.prod.cloudops.mozgcp.net;2600:1901:0:38d7::;::ffff:34.107.221.82;","Image":"C:\\Program Files\\Mozilla Firefox\\firefox.exe","User":"WIN10\\richard"}}
{"LogSource":"Microsoft-Windows-Sysmon/Operational","EventId":22,"TimeCreated":"2024-10-10T23:26:38.7549127-07:00","RecordId":171863,"MachineName":"Win10","EventData":{"RuleName":"-","UtcTime":"2024-10-11 06:26:36.504","ProcessGuid":"{53968da7-c51d-6708-9c02-00000000fb00}","ProcessId":"2368","QueryName":"detectportal.firefox.com","QueryStatus":"0","QueryResults":"type:  5 detectportal.prod.mozaws.net;type:  5 prod.detectportal.prod.cloudops.mozgcp.net;2600:1901:0:38d7::;::ffff:34.107.221.82;","Image":"C:\\Program Files\\Mozilla Firefox\\firefox.exe","User":"WIN10\\richard"}}
{"LogSource":"Microsoft-Windows-Sysmon/Operational","EventId":22,"TimeCreated":"2024-10-10T23:26:38.7561223-07:00","RecordId":171864,"MachineName":"Win10","EventData":{"RuleName":"-","UtcTime":"2024-10-11 06:26:36.504","ProcessGuid":"{53968da7-c51d-6708-9c02-00000000fb00}","ProcessId":"2368","QueryName":"prod.detectportal.prod.cloudops.mozgcp.net","QueryStatus":"0","QueryResults":"34.107.221.82;","Image":"C:\\Program Files\\Mozilla Firefox\\firefox.exe","User":"WIN10\\richard"}}
{"LogSource":"Microsoft-Windows-Sysmon/Operational","EventId":22,"TimeCreated":"2024-10-10T23:26:38.7574512-07:00","RecordId":171865,"MachineName":"Win10","EventData":{"RuleName":"-","UtcTime":"2024-10-11 06:26:36.504","ProcessGuid":"{53968da7-c51d-6708-9c02-00000000fb00}","ProcessId":"2368","QueryName":"prod.detectportal.prod.cloudops.mozgcp.net","QueryStatus":"0","QueryResults":"2600:1901:0:38d7::;","Image":"C:\\Program Files\\Mozilla Firefox\\firefox.exe","User":"WIN10\\richard"}}
{"LogSource":"Microsoft-Windows-Sysmon/Operational","EventId":22,"TimeCreated":"2024-10-10T23:26:38.7591022-07:00","RecordId":171866,"MachineName":"Win10","EventData":{"RuleName":"-","UtcTime":"2024-10-11 06:26:36.539","ProcessGuid":"{53968da7-c51d-6708-9c02-00000000fb00}","ProcessId":"2368","QueryName":"private.canadianshield.cira.ca","QueryStatus":"0","QueryResults":"2620:10a:80bb::10;2620:10a:80bc::10;::ffff:149.112.122.10;::ffff:149.112.121.10;","Image":"C:\\Program Files\\Mozilla Firefox\\firefox.exe","User":"WIN10\\richard"}}
{"LogSource":"Microsoft-Windows-Sysmon/Operational","EventId":22,"TimeCreated":"2024-10-10T23:26:38.7603320-07:00","RecordId":171867,"MachineName":"Win10","EventData":{"RuleName":"-","UtcTime":"2024-10-11 06:26:36.539","ProcessGuid":"{53968da7-c51d-6708-9c02-00000000fb00}","ProcessId":"2368","QueryName":"private.canadianshield.cira.ca","QueryStatus":"0","QueryResults":"2620:10a:80bb::10;2620:10a:80bc::10;::ffff:149.112.122.10;::ffff:149.112.121.10;","Image":"C:\\Program Files\\Mozilla Firefox\\firefox.exe","User":"WIN10\\richard"}}
{"LogSource":"Microsoft-Windows-Sysmon/Operational","EventId":22,"TimeCreated":"2024-10-10T23:26:38.7614949-07:00","RecordId":171868,"MachineName":"Win10","EventData":{"RuleName":"-","UtcTime":"2024-10-11 06:26:36.539","ProcessGuid":"{53968da7-c51d-6708-9c02-00000000fb00}","ProcessId":"2368","QueryName":"private.canadianshield.cira.ca","QueryStatus":"0","QueryResults":"149.112.121.10;149.112.122.10;","Image":"C:\\Program Files\\Mozilla Firefox\\firefox.exe","User":"WIN10\\richard"}}
{"LogSource":"Microsoft-Windows-Sysmon/Operational","EventId":22,"TimeCreated":"2024-10-10T23:26:38.7626639-07:00","RecordId":171869,"MachineName":"Win10","EventData":{"RuleName":"-","UtcTime":"2024-10-11 06:26:36.539","ProcessGuid":"{53968da7-c51d-6708-9c02-00000000fb00}","ProcessId":"2368","QueryName":"private.canadianshield.cira.ca","QueryStatus":"0","QueryResults":"2620:10a:80bc::10;2620:10a:80bb::10;","Image":"C:\\Program Files\\Mozilla Firefox\\firefox.exe","User":"WIN10\\richard"}}
{"LogSource":"Microsoft-Windows-Sysmon/Operational","EventId":22,"TimeCreated":"2024-10-10T23:26:38.7638541-07:00","RecordId":171870,"MachineName":"Win10","EventData":{"RuleName":"-","UtcTime":"2024-10-11 06:26:36.546","ProcessGuid":"{53968da7-c51d-6708-9c02-00000000fb00}","ProcessId":"2368","QueryName":"example.org","QueryStatus":"0","QueryResults":"93.184.215.14;","Image":"C:\\Program Files\\Mozilla Firefox\\firefox.exe","User":"WIN10\\richard"}}
{"LogSource":"Microsoft-Windows-Sysmon/Operational","EventId":22,"TimeCreated":"2024-10-10T23:26:38.7650593-07:00","RecordId":171871,"MachineName":"Win10","EventData":{"RuleName":"-","UtcTime":"2024-10-11 06:26:36.546","ProcessGuid":"{53968da7-c51d-6708-9c02-00000000fb00}","ProcessId":"2368","QueryName":"example.org","QueryStatus":"0","QueryResults":"2606:2800:21f:cb07:6820:80da:af6b:8b2c;::ffff:93.184.215.14;","Image":"C:\\Program Files\\Mozilla Firefox\\firefox.exe","User":"WIN10\\richard"}}
{"LogSource":"Microsoft-Windows-Sysmon/Operational","EventId":22,"TimeCreated":"2024-10-10T23:26:38.7662614-07:00","RecordId":171872,"MachineName":"Win10","EventData":{"RuleName":"-","UtcTime":"2024-10-11 06:26:36.546","ProcessGuid":"{53968da7-c51d-6708-9c02-00000000fb00}","ProcessId":"2368","QueryName":"example.org","QueryStatus":"0","QueryResults":"2606:2800:21f:cb07:6820:80da:af6b:8b2c;::ffff:93.184.215.14;","Image":"C:\\Program Files\\Mozilla Firefox\\firefox.exe","User":"WIN10\\richard"}}
{"LogSource":"Microsoft-Windows-Sysmon/Operational","EventId":22,"TimeCreated":"2024-10-10T23:26:38.7676878-07:00","RecordId":171873,"MachineName":"Win10","EventData":{"RuleName":"-","UtcTime":"2024-10-11 06:26:36.547","ProcessGuid":"{53968da7-c51d-6708-9c02-00000000fb00}","ProcessId":"2368","QueryName":"example.org","QueryStatus":"0","QueryResults":"2606:2800:21f:cb07:6820:80da:af6b:8b2c;","Image":"C:\\Program Files\\Mozilla Firefox\\firefox.exe","User":"WIN10\\richard"}}
{"LogSource":"Microsoft-Windows-Sysmon/Operational","EventId":22,"TimeCreated":"2024-10-10T23:26:38.7690154-07:00","RecordId":171874,"MachineName":"Win10","EventData":{"RuleName":"-","UtcTime":"2024-10-11 06:26:36.547","ProcessGuid":"{53968da7-c51d-6708-9c02-00000000fb00}","ProcessId":"2368","QueryName":"example.org","QueryStatus":"0","QueryResults":"93.184.215.14;","Image":"C:\\Program Files\\Mozilla Firefox\\firefox.exe","User":"WIN10\\richard"}}
{"LogSource":"Microsoft-Windows-Sysmon/Operational","EventId":22,"TimeCreated":"2024-10-10T23:26:38.7701518-07:00","RecordId":171875,"MachineName":"Win10","EventData":{"RuleName":"-","UtcTime":"2024-10-11 06:26:36.547","ProcessGuid":"{53968da7-c51d-6708-9c02-00000000fb00}","ProcessId":"2368","QueryName":"example.org","QueryStatus":"0","QueryResults":"93.184.215.14;","Image":"C:\\Program Files\\Mozilla Firefox\\firefox.exe","User":"WIN10\\richard"}}
{"LogSource":"Microsoft-Windows-Sysmon/Operational","EventId":22,"TimeCreated":"2024-10-10T23:26:38.7712709-07:00","RecordId":171876,"MachineName":"Win10","EventData":{"RuleName":"-","UtcTime":"2024-10-11 06:26:36.706","ProcessGuid":"{53968da7-c51d-6708-9c02-00000000fb00}","ProcessId":"2368","QueryName":"www.google.com.","QueryStatus":"0","QueryResults":"142.250.69.196;","Image":"C:\\Program Files\\Mozilla Firefox\\firefox.exe","User":"WIN10\\richard"}}
{"LogSource":"Microsoft-Windows-Sysmon/Operational","EventId":22,"TimeCreated":"2024-10-10T23:26:38.7723992-07:00","RecordId":171877,"MachineName":"Win10","EventData":{"RuleName":"-","UtcTime":"2024-10-11 06:26:36.706","ProcessGuid":"{53968da7-c51d-6708-9c02-00000000fb00}","ProcessId":"2368","QueryName":"forcesafesearch.google.com.","QueryStatus":"0","QueryResults":"216.239.38.120;","Image":"C:\\Program Files\\Mozilla Firefox\\firefox.exe","User":"WIN10\\richard"}}
{"LogSource":"Microsoft-Windows-Sysmon/Operational","EventId":22,"TimeCreated":"2024-10-10T23:26:38.7735019-07:00","RecordId":171878,"MachineName":"Win10","EventData":{"RuleName":"-","UtcTime":"2024-10-11 06:26:36.706","ProcessGuid":"{53968da7-c51d-6708-9c02-00000000fb00}","ProcessId":"2368","QueryName":"google.com.","QueryStatus":"0","QueryResults":"142.251.33.110;","Image":"C:\\Program Files\\Mozilla Firefox\\firefox.exe","User":"WIN10\\richard"}}
{"LogSource":"Microsoft-Windows-Sysmon/Operational","EventId":22,"TimeCreated":"2024-10-10T23:26:38.7746786-07:00","RecordId":171879,"MachineName":"Win10","EventData":{"RuleName":"-","UtcTime":"2024-10-11 06:26:36.706","ProcessGuid":"{53968da7-c51d-6708-9c02-00000000fb00}","ProcessId":"2368","QueryName":"www.google.com.","QueryStatus":"0","QueryResults":"142.250.69.196;","Image":"C:\\Program Files\\Mozilla Firefox\\firefox.exe","User":"WIN10\\richard"}}
{"LogSource":"Microsoft-Windows-Sysmon/Operational","EventId":22,"TimeCreated":"2024-10-10T23:26:38.7758729-07:00","RecordId":171880,"MachineName":"Win10","EventData":{"RuleName":"-","UtcTime":"2024-10-11 06:26:36.706","ProcessGuid":"{53968da7-c51d-6708-9c02-00000000fb00}","ProcessId":"2368","QueryName":"google.com.","QueryStatus":"0","QueryResults":"142.251.33.110;","Image":"C:\\Program Files\\Mozilla Firefox\\firefox.exe","User":"WIN10\\richard"}}
{"LogSource":"Microsoft-Windows-Sysmon/Operational","EventId":22,"TimeCreated":"2024-10-10T23:26:38.7770183-07:00","RecordId":171881,"MachineName":"Win10","EventData":{"RuleName":"-","UtcTime":"2024-10-11 06:26:36.706","ProcessGuid":"{53968da7-c51d-6708-9c02-00000000fb00}","ProcessId":"2368","QueryName":"forcesafesearch.google.com.","QueryStatus":"0","QueryResults":"216.239.38.120;","Image":"C:\\Program Files\\Mozilla Firefox\\firefox.exe","User":"WIN10\\richard"}}
{"LogSource":"Microsoft-Windows-Sysmon/Operational","EventId":22,"TimeCreated":"2024-10-10T23:26:38.7782649-07:00","RecordId":171882,"MachineName":"Win10","EventData":{"RuleName":"-","UtcTime":"2024-10-11 06:26:36.706","ProcessGuid":"{53968da7-c51d-6708-9c02-00000000fb00}","ProcessId":"2368","QueryName":"www.google.com","QueryStatus":"0","QueryResults":"142.250.69.196;","Image":"C:\\Program Files\\Mozilla Firefox\\firefox.exe","User":"WIN10\\richard"}}
{"LogSource":"Microsoft-Windows-Sysmon/Operational","EventId":22,"TimeCreated":"2024-10-10T23:26:38.7794268-07:00","RecordId":171883,"MachineName":"Win10","EventData":{"RuleName":"-","UtcTime":"2024-10-11 06:26:36.706","ProcessGuid":"{53968da7-c51d-6708-9c02-00000000fb00}","ProcessId":"2368","QueryName":"google.com","QueryStatus":"0","QueryResults":"142.251.33.110;","Image":"C:\\Program Files\\Mozilla Firefox\\firefox.exe","User":"WIN10\\richard"}}
{"LogSource":"Microsoft-Windows-Sysmon/Operational","EventId":22,"TimeCreated":"2024-10-10T23:26:38.7806531-07:00","RecordId":171884,"MachineName":"Win10","EventData":{"RuleName":"-","UtcTime":"2024-10-11 06:26:36.706","ProcessGuid":"{53968da7-c51d-6708-9c02-00000000fb00}","ProcessId":"2368","QueryName":"forcesafesearch.google.com","QueryStatus":"0","QueryResults":"216.239.38.120;","Image":"C:\\Program Files\\Mozilla Firefox\\firefox.exe","User":"WIN10\\richard"}}
{"LogSource":"Microsoft-Windows-Sysmon/Operational","EventId":22,"TimeCreated":"2024-10-10T23:26:38.7818787-07:00","RecordId":171885,"MachineName":"Win10","EventData":{"RuleName":"-","UtcTime":"2024-10-11 06:26:36.707","ProcessGuid":"{53968da7-c51d-6708-9c02-00000000fb00}","ProcessId":"2368","QueryName":"www.youtube.com.","QueryStatus":"0","QueryResults":"type:  5 youtube-ui.l.google.com;142.251.33.110;142.251.211.238;142.251.33.78;142.250.217.78;142.250.217.110;142.251.215.238;142.250.69.206;","Image":"C:\\Program Files\\Mozilla Firefox\\firefox.exe","User":"WIN10\\richard"}}
{"LogSource":"Microsoft-Windows-Sysmon/Operational","EventId":22,"TimeCreated":"2024-10-10T23:26:38.7843533-07:00","RecordId":171887,"MachineName":"Win10","EventData":{"RuleName":"-","UtcTime":"2024-10-11 06:26:36.707","ProcessGuid":"{53968da7-c51d-6708-9c02-00000000fb00}","ProcessId":"2368","QueryName":"youtube.googleapis.com.","QueryStatus":"0","QueryResults":"142.251.215.234;172.217.14.202;172.217.14.234;142.250.69.202;142.251.33.106;142.251.211.234;142.251.33.74;142.250.217.74;142.250.217.106;","Image":"C:\\Program Files\\Mozilla Firefox\\firefox.exe","User":"WIN10\\richard"}}
{"LogSource":"Microsoft-Windows-Sysmon/Operational","EventId":22,"TimeCreated":"2024-10-10T23:26:38.7831668-07:00","RecordId":171886,"MachineName":"Win10","EventData":{"RuleName":"-","UtcTime":"2024-10-11 06:26:36.707","ProcessGuid":"{53968da7-c51d-6708-9c02-00000000fb00}","ProcessId":"2368","QueryName":"youtubei.googleapis.com.","QueryStatus":"0","QueryResults":"142.250.217.74;142.250.217.106;142.251.215.234;172.217.14.234;142.250.69.202;142.251.33.106;142.251.211.234;142.251.33.74;","Image":"C:\\Program Files\\Mozilla Firefox\\firefox.exe","User":"WIN10\\richard"}}
{"LogSource":"Microsoft-Windows-Sysmon/Operational","EventId":22,"TimeCreated":"2024-10-10T23:26:38.7868839-07:00","RecordId":171889,"MachineName":"Win10","EventData":{"RuleName":"-","UtcTime":"2024-10-11 06:26:36.707","ProcessGuid":"{53968da7-c51d-6708-9c02-00000000fb00}","ProcessId":"2368","QueryName":"www.youtube-nocookie.com.","QueryStatus":"0","QueryResults":"type:  5 youtube-ui.l.google.com;142.250.217.78;142.250.217.110;142.251.215.238;172.217.14.238;142.250.69.206;142.251.33.110;142.251.211.238;142.251.33.78;","Image":"C:\\Program Files\\Mozilla Firefox\\firefox.exe","User":"WIN10\\richard"}}
{"LogSource":"Microsoft-Windows-Sysmon/Operational","EventId":22,"TimeCreated":"2024-10-10T23:26:38.7882469-07:00","RecordId":171890,"MachineName":"Win10","EventData":{"RuleName":"-","UtcTime":"2024-10-11 06:26:36.707","ProcessGuid":"{53968da7-c51d-6708-9c02-00000000fb00}","ProcessId":"2368","QueryName":"restrict.youtube.com.","QueryStatus":"0","QueryResults":"216.239.38.120;","Image":"C:\\Program Files\\Mozilla Firefox\\firefox.exe","User":"WIN10\\richard"}}
{"LogSource":"Microsoft-Windows-Sysmon/Operational","EventId":22,"TimeCreated":"2024-10-10T23:26:38.7895953-07:00","RecordId":171891,"MachineName":"Win10","EventData":{"RuleName":"-","UtcTime":"2024-10-11 06:26:36.707","ProcessGuid":"{53968da7-c51d-6708-9c02-00000000fb00}","ProcessId":"2368","QueryName":"youtube-ui.l.google.com","QueryStatus":"0","QueryResults":"142.250.69.206;142.251.215.238;142.250.217.110;142.250.217.78;142.251.33.78;142.251.211.238;142.251.33.110;","Image":"C:\\Program Files\\Mozilla Firefox\\firefox.exe","User":"WIN10\\richard"}}
{"LogSource":"Microsoft-Windows-Sysmon/Operational","EventId":22,"TimeCreated":"2024-10-10T23:26:38.7908855-07:00","RecordId":171892,"MachineName":"Win10","EventData":{"RuleName":"-","UtcTime":"2024-10-11 06:26:36.707","ProcessGuid":"{53968da7-c51d-6708-9c02-00000000fb00}","ProcessId":"2368","QueryName":"restrictmoderate.youtube.com.","QueryStatus":"0","QueryResults":"216.239.38.119;","Image":"C:\\Program Files\\Mozilla Firefox\\firefox.exe","User":"WIN10\\richard"}}
{"LogSource":"Microsoft-Windows-Sysmon/Operational","EventId":22,"TimeCreated":"2024-10-10T23:26:38.7921044-07:00","RecordId":171893,"MachineName":"Win10","EventData":{"RuleName":"-","UtcTime":"2024-10-11 06:26:36.707","ProcessGuid":"{53968da7-c51d-6708-9c02-00000000fb00}","ProcessId":"2368","QueryName":"sitereview.zscaler.com.","QueryStatus":"0","QueryResults":"104.129.193.93;","Image":"C:\\Program Files\\Mozilla Firefox\\firefox.exe","User":"WIN10\\richard"}}
{"LogSource":"Microsoft-Windows-Sysmon/Operational","EventId":22,"TimeCreated":"2024-10-10T23:26:38.7933251-07:00","RecordId":171894,"MachineName":"Win10","EventData":{"RuleName":"-","UtcTime":"2024-10-11 06:26:36.707","ProcessGuid":"{53968da7-c51d-6708-9c02-00000000fb00}","ProcessId":"2368","QueryName":"youtubei.googleapis.com.","QueryStatus":"0","QueryResults":"142.250.217.74;142.250.217.106;142.251.215.234;172.217.14.234;142.250.69.202;142.251.33.106;142.251.211.234;142.251.33.74;","Image":"C:\\Program Files\\Mozilla Firefox\\firefox.exe","User":"WIN10\\richard"}}
{"LogSource":"Microsoft-Windows-Sysmon/Operational","EventId":22,"TimeCreated":"2024-10-10T23:26:38.7945283-07:00","RecordId":171895,"MachineName":"Win10","EventData":{"RuleName":"-","UtcTime":"2024-10-11 06:26:36.708","ProcessGuid":"{53968da7-c51d-6708-9c02-00000000fb00}","ProcessId":"2368","QueryName":"youtube.googleapis.com.","QueryStatus":"0","QueryResults":"142.251.215.234;172.217.14.202;172.217.14.234;142.250.69.202;142.251.33.106;142.251.211.234;142.251.33.74;142.250.217.74;142.250.217.106;","Image":"C:\\Program Files\\Mozilla Firefox\\firefox.exe","User":"WIN10\\richard"}}
