{"LogSource":"Microsoft-Windows-Sysmon/Operational","EventId":22,"TimeCreated":"2024-10-10T23:26:38.7956984-07:00","RecordId":171896,"MachineName":"Win10","EventData":{"RuleName":"-","UtcTime":"2024-10-11 06:26:36.708","ProcessGuid":"{53968da7-c51d-6708-9c02-00000000fb00}","ProcessId":"2368","QueryName":"youtubei.googleapis.com","QueryStatus":"0","QueryResults":"142.250.217.74;142.250.217.106;142.251.215.234;172.217.14.234;142.250.69.202;142.251.33.106;142.251.211.234;142.251.33.74;","Image":"C:\\Program Files\\Mozilla Firefox\\firefox.exe","User":"WIN10\\richard"}}
{"LogSource":"Microsoft-Windows-Sysmon/Operational","EventId":22,"TimeCreated":"2024-10-10T23:26:38.7855432-07:00","RecordId":171888,"MachineName":"Win10","EventData":{"RuleName":"-","UtcTime":"2024-10-11 06:26:36.707","ProcessGuid":"{53968da7-c51d-6708-9c02-00000000fb00}","ProcessId":"2368","QueryName":"www.youtube.com.","QueryStatus":"0","QueryResults":"type:  5 youtube-ui.l.google.com;142.251.33.110;142.251.211.238;142.251.33.78;142.250.217.78;142.250.217.110;142.251.215.238;142.250.69.206;","Image":"C:\\Program Files\\Mozilla Firefox\\firefox.exe","User":"WIN10\\richard"}}
{"LogSource":"Microsoft-Windows-Sysmon/Operational","EventId":22,"TimeCreated":"2024-10-10T23:26:38.7981975-07:00","RecordId":171898,"MachineName":"Win10","EventData":{"RuleName":"-","UtcTime":"2024-10-11 06:26:36.708","ProcessGuid":"{53968da7-c51d-6708-9c02-00000000fb00}","ProcessId":"2368","QueryName":"restrict.youtube.com.","QueryStatus":"0","QueryResults":"216.239.38.120;","Image":"C:\\Program Files\\Mozilla Firefox\\firefox.exe","User":"WIN10\\richard"}}
{"LogSource":"Microsoft-Windows-Sysmon/Operational","EventId":22,"TimeCreated":"2024-10-10T23:26:38.7993842-07:00","RecordId":171899,"MachineName":"Win10","EventData":{"RuleName":"-","UtcTime":"2024-10-11 06:26:36.708","ProcessGuid":"{53968da7-c51d-6708-9c02-00000000fb00}","ProcessId":"2368","QueryName":"restrictmoderate.youtube.com.","QueryStatus":"0","QueryResults":"216.239.38.119;","Image":"C:\\Program Files\\Mozilla Firefox\\firefox.exe","User":"WIN10\\richard"}}
{"LogSource":"Microsoft-Windows-Sysmon/Operational","EventId":22,"TimeCreated":"2024-10-10T23:26:38.8004846-07:00","RecordId":171900,"MachineName":"Win10","EventData":{"RuleName":"-","UtcTime":"2024-10-11 06:26:36.708","ProcessGuid":"{53968da7-c51d-6708-9c02-00000000fb00}","ProcessId":"2368","QueryName":"sitereview.zscaler.com.","QueryStatus":"0","QueryResults":"104.129.193.93;","Image":"C:\\Program Files\\Mozilla Firefox\\firefox.exe","User":"WIN10\\richard"}}
{"LogSource":"Microsoft-Windows-Sysmon/Operational","EventId":22,"TimeCreated":"2024-10-10T23:26:38.8015835-07:00","RecordId":171901,"MachineName":"Win10","EventData":{"RuleName":"-","UtcTime":"2024-10-11 06:26:36.709","ProcessGuid":"{53968da7-c51d-6708-9c02-00000000fb00}","ProcessId":"2368","QueryName":"youtube.googleapis.com","QueryStatus":"0","QueryResults":"142.251.215.234;172.217.14.202;172.217.14.234;142.250.69.202;142.251.33.106;142.251.211.234;142.251.33.74;142.250.217.74;142.250.217.106;","Image":"C:\\Program Files\\Mozilla Firefox\\firefox.exe","User":"WIN10\\richard"}}
{"LogSource":"Microsoft-Windows-Sysmon/Operational","EventId":22,"TimeCreated":"2024-10-10T23:26:38.8027327-07:00","RecordId":171902,"MachineName":"Win10","EventData":{"RuleName":"-","UtcTime":"2024-10-11 06:26:36.709","ProcessGuid":"{53968da7-c51d-6708-9c02-00000000fb00}","ProcessId":"2368","QueryName":"youtube-ui.l.google.com","QueryStatus":"0","QueryResults":"142.250.69.206;142.251.215.238;142.250.217.110;142.250.217.78;142.251.33.78;142.251.211.238;142.251.33.110;","Image":"C:\\Program Files\\Mozilla Firefox\\firefox.exe","User":"WIN10\\richard"}}
{"LogSource":"Microsoft-Windows-Sysmon/Operational","EventId":22,"TimeCreated":"2024-10-10T23:26:38.8050012-07:00","RecordId":171904,"MachineName":"Win10","EventData":{"RuleName":"-","UtcTime":"2024-10-11 06:26:36.709","ProcessGuid":"{53968da7-c51d-6708-9c02-00000000fb00}","ProcessId":"2368","QueryName":"sitereview.zscaler.com","QueryStatus":"0","QueryResults":"104.129.193.93;","Image":"C:\\Program Files\\Mozilla Firefox\\firefox.exe","User":"WIN10\\richard"}}
{"LogSource":"Microsoft-Windows-Sysmon/Operational","EventId":22,"TimeCreated":"2024-10-10T23:26:38.8061792-07:00","RecordId":171905,"MachineName":"Win10","EventData":{"RuleName":"-","UtcTime":"2024-10-11 06:26:36.709","ProcessGuid":"{53968da7-c51d-6708-9c02-00000000fb00}","ProcessId":"2368","QueryName":"restrictmoderate.youtube.com","QueryStatus":"0","QueryResults":"216.239.38.119;","Image":"C:\\Program Files\\Mozilla Firefox\\firefox.exe","User":"WIN10\\richard"}}
{"LogSource":"Microsoft-Windows-Sysmon/Operational","EventId":22,"TimeCreated":"2024-10-10T23:26:38.8074103-07:00","RecordId":171906,"MachineName":"Win10","EventData":{"RuleName":"-","UtcTime":"2024-10-11 06:26:36.716","ProcessGuid":"{53968da7-c51d-6708-9c02-00000000fb00}","ProcessId":"2368","QueryName":"mozilla.cloudflare-dns.com","QueryStatus":"0","QueryResults":"2803:f800:53::4;2a06:98c1:52::4;::ffff:172.64.41.4;::ffff:162.159.61.4;","Image":"C:\\Program Files\\Mozilla Firefox\\firefox.exe","User":"WIN10\\richard"}}
{"LogSource":"Microsoft-Windows-Sysmon/Operational","EventId":22,"TimeCreated":"2024-10-10T23:26:38.8086037-07:00","RecordId":171907,"MachineName":"Win10","EventData":{"RuleName":"-","UtcTime":"2024-10-11 06:26:36.717","ProcessGuid":"{53968da7-c51d-6708-9c02-00000000fb00}","ProcessId":"2368","QueryName":"mozilla.cloudflare-dns.com","QueryStatus":"0","QueryResults":"2803:f800:53::4;2a06:98c1:52::4;::ffff:172.64.41.4;::ffff:162.159.61.4;","Image":"C:\\Program Files\\Mozilla Firefox\\firefox.exe","User":"WIN10\\richard"}}
{"LogSource":"Microsoft-Windows-Sysmon/Operational","EventId":22,"TimeCreated":"2024-10-10T23:26:38.8098053-07:00","RecordId":171908,"MachineName":"Win10","EventData":{"RuleName":"-","UtcTime":"2024-10-11 06:26:36.717","ProcessGuid":"{53968da7-c51d-6708-9c02-00000000fb00}","ProcessId":"2368","QueryName":"mozilla.cloudflare-dns.com","QueryStatus":"0","QueryResults":"162.159.61.4;172.64.41.4;","Image":"C:\\Program Files\\Mozilla Firefox\\firefox.exe","User":"WIN10\\richard"}}
{"LogSource":"Microsoft-Windows-Sysmon/Operational","EventId":22,"TimeCreated":"2024-10-10T23:26:38.8109600-07:00","RecordId":171909,"MachineName":"Win10","EventData":{"RuleName":"-","UtcTime":"2024-10-11 06:26:36.717","ProcessGuid":"{53968da7-c51d-6708-9c02-00000000fb00}","ProcessId":"2368","QueryName":"private.canadianshield.cira.ca","QueryStatus":"0","QueryResults":"2620:10a:80bb::10;2620:10a:80bc::10;::ffff:149.112.122.10;::ffff:149.112.121.10;","Image":"C:\\Program Files\\Mozilla Firefox\\firefox.exe","User":"WIN10\\richard"}}
{"LogSource":"Microsoft-Windows-Sysmon/Operational","EventId":22,"TimeCreated":"2024-10-10T23:26:38.8122000-07:00","RecordId":171910,"MachineName":"Win10","EventData":{"RuleName":"-","UtcTime":"2024-10-11 06:26:36.717","ProcessGuid":"{53968da7-c51d-6708-9c02-00000000fb00}","ProcessId":"2368","QueryName":"mozilla.cloudflare-dns.com","QueryStatus":"0","QueryResults":"2a06:98c1:52::4;2803:f800:53::4;","Image":"C:\\Program Files\\Mozilla Firefox\\firefox.exe","User":"WIN10\\richard"}}
{"LogSource":"Microsoft-Windows-Sysmon/Operational","EventId":22,"TimeCreated":"2024-10-10T23:26:38.8133408-07:00","RecordId":171911,"MachineName":"Win10","EventData":{"RuleName":"-","UtcTime":"2024-10-11 06:26:36.719","ProcessGuid":"{53968da7-c51d-6708-9c02-00000000fb00}","ProcessId":"2368","QueryName":"use-application-dns.net.","QueryStatus":"0","QueryResults":"35.190.14.201;","Image":"C:\\Program Files\\Mozilla Firefox\\firefox.exe","User":"WIN10\\richard"}}
{"LogSource":"Microsoft-Windows-Sysmon/Operational","EventId":22,"TimeCreated":"2024-10-10T23:26:38.8145063-07:00","RecordId":171912,"MachineName":"Win10","EventData":{"RuleName":"-","UtcTime":"2024-10-11 06:26:36.720","ProcessGuid":"{53968da7-c51d-6708-9c02-00000000fb00}","ProcessId":"2368","QueryName":"m.youtube.com.","QueryStatus":"0","QueryResults":"142.250.217.78;","Image":"C:\\Program Files\\Mozilla Firefox\\firefox.exe","User":"WIN10\\richard"}}
{"LogSource":"Microsoft-Windows-Sysmon/Operational","EventId":22,"TimeCreated":"2024-10-10T23:26:38.8156783-07:00","RecordId":171913,"MachineName":"Win10","EventData":{"RuleName":"-","UtcTime":"2024-10-11 06:26:36.721","ProcessGuid":"{53968da7-c51d-6708-9c02-00000000fb00}","ProcessId":"2368","QueryName":"private.canadianshield.cira.ca","QueryStatus":"0","QueryResults":"2620:10a:80bb::10;2620:10a:80bc::10;::ffff:149.112.122.10;::ffff:149.112.121.10;","Image":"C:\\Program Files\\Mozilla Firefox\\firefox.exe","User":"WIN10\\richard"}}
{"LogSource":"Microsoft-Windows-Sysmon/Operational","EventId":22,"TimeCreated":"2024-10-10T23:26:38.8168415-07:00","RecordId":171914,"MachineName":"Win10","EventData":{"RuleName":"-","UtcTime":"2024-10-11 06:26:36.721","ProcessGuid":"{53968da7-c51d-6708-9c02-00000000fb00}","ProcessId":"2368","QueryName":"use-application-dns.net.","QueryStatus":"0","QueryResults":"35.190.14.201;","Image":"C:\\Program Files\\Mozilla Firefox\\firefox.exe","User":"WIN10\\richard"}}
{"LogSource":"Microsoft-Windows-Sysmon/Operational","EventId":22,"TimeCreated":"2024-10-10T23:26:38.7968753-07:00","RecordId":171897,"MachineName":"Win10","EventData":{"RuleName":"-","UtcTime":"2024-10-11 06:26:36.708","ProcessGuid":"{53968da7-c51d-6708-9c02-00000000fb00}","ProcessId":"2368","QueryName":"www.youtube-nocookie.com.","QueryStatus":"0","QueryResults":"type:  5 youtube-ui.l.google.com;142.250.217.78;142.250.217.110;142.251.215.238;172.217.14.238;142.250.69.206;142.251.33.110;142.251.211.238;142.251.33.78;","Image":"C:\\Program Files\\Mozilla Firefox\\firefox.exe","User":"WIN10\\richard"}}
{"LogSource":"Microsoft-Windows-Sysmon/Operational","EventId":22,"TimeCreated":"2024-10-10T23:26:38.8180058-07:00","RecordId":171915,"MachineName":"Win10","EventData":{"RuleName":"-","UtcTime":"2024-10-11 06:26:36.721","ProcessGuid":"{53968da7-c51d-6708-9c02-00000000fb00}","ProcessId":"2368","QueryName":"m.youtube.com.","QueryStatus":"0","QueryResults":"142.250.217.78;","Image":"C:\\Program Files\\Mozilla Firefox\\firefox.exe","User":"WIN10\\richard"}}
{"LogSource":"Microsoft-Windows-Sysmon/Operational","EventId":22,"TimeCreated":"2024-10-10T23:26:38.8038351-07:00","RecordId":171903,"MachineName":"Win10","EventData":{"RuleName":"-","UtcTime":"2024-10-11 06:26:36.709","ProcessGuid":"{53968da7-c51d-6708-9c02-00000000fb00}","ProcessId":"2368","QueryName":"restrict.youtube.com","QueryStatus":"0","QueryResults":"216.239.38.120;","Image":"C:\\Program Files\\Mozilla Firefox\\firefox.exe","User":"WIN10\\richard"}}
{"LogSource":"Microsoft-Windows-Sysmon/Operational","EventId":22,"TimeCreated":"2024-10-10T23:26:38.8191939-07:00","RecordId":171916,"MachineName":"Win10","EventData":{"RuleName":"-","UtcTime":"2024-10-11 06:26:36.721","ProcessGuid":"{53968da7-c51d-6708-9c02-00000000fb00}","ProcessId":"2368","QueryName":"private.canadianshield.cira.ca","QueryStatus":"0","QueryResults":"149.112.121.10;149.112.122.10;","Image":"C:\\Program Files\\Mozilla Firefox\\firefox.exe","User":"WIN10\\richard"}}
{"LogSource":"Microsoft-Windows-Sysmon/Operational","EventId":22,"TimeCreated":"2024-10-10T23:26:38.8203444-07:00","RecordId":171917,"MachineName":"Win10","EventData":{"RuleName":"-","UtcTime":"2024-10-11 06:26:36.721","ProcessGuid":"{53968da7-c51d-6708-9c02-00000000fb00}","ProcessId":"2368","QueryName":"use-application-dns.net","QueryStatus":"0","QueryResults":"35.190.14.201;","Image":"C:\\Program Files\\Mozilla Firefox\\firefox.exe","User":"WIN10\\richard"}}
{"LogSource":"Microsoft-Windows-Sysmon/Operational","EventId":22,"TimeCreated":"2024-10-10T23:26:38.8214901-07:00","RecordId":171918,"MachineName":"Win10","EventData":{"RuleName":"-","UtcTime":"2024-10-11 06:26:36.722","ProcessGuid":"{53968da7-c51d-6708-9c02-00000000fb00}","ProcessId":"2368","QueryName":"m.youtube.com","QueryStatus":"0","QueryResults":"142.250.217.78;","Image":"C:\\Program Files\\Mozilla Firefox\\firefox.exe","User":"WIN10\\richard"}}
{"LogSource":"Microsoft-Windows-Sysmon/Operational","EventId":22,"TimeCreated":"2024-10-10T23:26:38.8226456-07:00","RecordId":171919,"MachineName":"Win10","EventData":{"RuleName":"-","UtcTime":"2024-10-11 06:26:36.722","ProcessGuid":"{53968da7-c51d-6708-9c02-00000000fb00}","ProcessId":"2368","QueryName":"private.canadianshield.cira.ca","QueryStatus":"0","QueryResults":"2620:10a:80bc::10;2620:10a:80bb::10;","Image":"C:\\Program Files\\Mozilla Firefox\\firefox.exe","User":"WIN10\\richard"}}
{"LogSource":"Microsoft-Windows-Sysmon/Operational","EventId":22,"TimeCreated":"2024-10-10T23:26:38.8237691-07:00","RecordId":171920,"MachineName":"Win10","EventData":{"RuleName":"-","UtcTime":"2024-10-11 06:26:36.792","ProcessGuid":"{53968da7-c51d-6708-9c02-00000000fb00}","ProcessId":"2368","QueryName":"doh.test.","QueryStatus":"9003","QueryResults":"-","Image":"C:\\Program Files\\Mozilla Firefox\\firefox.exe","User":"WIN10\\richard"}}
{"LogSource":"Microsoft-Windows-Sysmon/Operational","EventId":22,"TimeCreated":"2024-10-10T23:26:38.8249281-07:00","RecordId":171921,"MachineName":"Win10","EventData":{"RuleName":"-","UtcTime":"2024-10-11 06:26:37.183","ProcessGuid":"{53968da7-c51d-6708-9c02-00000000fb00}","ProcessId":"2368","QueryName":"example.org","QueryStatus":"0","QueryResults":"93.184.215.14;","Image":"C:\\Program Files\\Mozilla Firefox\\firefox.exe","User":"WIN10\\richard"}}
{"LogSource":"Microsoft-Windows-Sysmon/Operational","EventId":22,"TimeCreated":"2024-10-10T23:26:38.8260818-07:00","RecordId":171922,"MachineName":"Win10","EventData":{"RuleName":"-","UtcTime":"2024-10-11 06:26:37.183","ProcessGuid":"{53968da7-c51d-6708-9c02-00000000fb00}","ProcessId":"2368","QueryName":"example.org","QueryStatus":"0","QueryResults":"2606:2800:21f:cb07:6820:80da:af6b:8b2c;::ffff:93.184.215.14;","Image":"C:\\Program Files\\Mozilla Firefox\\firefox.exe","User":"WIN10\\richard"}}
{"LogSource":"Microsoft-Windows-Sysmon/Operational","EventId":22,"TimeCreated":"2024-10-10T23:26:38.8272042-07:00","RecordId":171923,"MachineName":"Win10","EventData":{"RuleName":"-","UtcTime":"2024-10-11 06:26:37.184","ProcessGuid":"{53968da7-c51d-6708-9c02-00000000fb00}","ProcessId":"2368","QueryName":"example.org","QueryStatus":"0","QueryResults":"93.184.215.14;","Image":"C:\\Program Files\\Mozilla Firefox\\firefox.exe","User":"WIN10\\richard"}}
{"LogSource":"Microsoft-Windows-Sysmon/Operational","EventId":22,"TimeCreated":"2024-10-10T23:26:38.8283530-07:00","RecordId":171924,"MachineName":"Win10","EventData":{"RuleName":"-","UtcTime":"2024-10-11 06:26:37.184","ProcessGuid":"{53968da7-c51d-6708-9c02-00000000fb00}","ProcessId":"2368","QueryName":"example.org","QueryStatus":"0","QueryResults":"2606:2800:21f:cb07:6820:80da:af6b:8b2c;::ffff:93.184.215.14;","Image":"C:\\Program Files\\Mozilla Firefox\\firefox.exe","User":"WIN10\\richard"}}
{"LogSource":"Microsoft-Windows-Sysmon/Operational","EventId":22,"TimeCreated":"2024-10-10T23:26:39.7621017-07:00","RecordId":171925,"MachineName":"Win10","EventData":{"RuleName":"-","UtcTime":"2024-10-11 06:26:37.191","ProcessGuid":"{53968da7-c51d-6708-9c02-00000000fb00}","ProcessId":"2368","QueryName":"example.org","QueryStatus":"0","QueryResults":"93.184.215.14;","Image":"C:\\Program Files\\Mozilla Firefox\\firefox.exe","User":"WIN10\\richard"}}
{"LogSource":"Microsoft-Windows-Sysmon/Operational","EventId":22,"TimeCreated":"2024-10-10T23:26:39.7621417-07:00","RecordId":171926,"MachineName":"Win10","EventData":{"RuleName":"-","UtcTime":"2024-10-11 06:26:37.191","ProcessGuid":"{53968da7-c51d-6708-9c02-00000000fb00}","ProcessId":"2368","QueryName":"example.org","QueryStatus":"0","QueryResults":"2606:2800:21f:cb07:6820:80da:af6b:8b2c;","Image":"C:\\Program Files\\Mozilla Firefox\\firefox.exe","User":"WIN10\\richard"}}
{"LogSource":"Microsoft-Windows-Sysmon/Operational","EventId":22,"TimeCreated":"2024-10-10T23:26:39.7621780-07:00","RecordId":171927,"MachineName":"Win10","EventData":{"RuleName":"-","UtcTime":"2024-10-11 06:26:37.191","ProcessGuid":"{53968da7-c51d-6708-9c02-00000000fb00}","ProcessId":"2368","QueryName":"detectportal.firefox.com","QueryStatus":"0","QueryResults":"type:  5 detectportal.prod.mozaws.net;type:  5 prod.detectportal.prod.cloudops.mozgcp.net;2600:1901:0:38d7::;::ffff:34.107.221.82;","Image":"C:\\Program Files\\Mozilla Firefox\\firefox.exe","User":"WIN10\\richard"}}
{"LogSource":"Microsoft-Windows-Sysmon/Operational","EventId":22,"TimeCreated":"2024-10-10T23:26:39.7622288-07:00","RecordId":171928,"MachineName":"Win10","EventData":{"RuleName":"-","UtcTime":"2024-10-11 06:26:37.191","ProcessGuid":"{53968da7-c51d-6708-9c02-00000000fb00}","ProcessId":"2368","QueryName":"prod.detectportal.prod.cloudops.mozgcp.net","QueryStatus":"0","QueryResults":"34.107.221.82;","Image":"C:\\Program Files\\Mozilla Firefox\\firefox.exe","User":"WIN10\\richard"}}
{"LogSource":"Microsoft-Windows-Sysmon/Operational","EventId":22,"TimeCreated":"2024-10-10T23:26:39.7622655-07:00","RecordId":171929,"MachineName":"Win10","EventData":{"RuleName":"-","UtcTime":"2024-10-11 06:26:37.191","ProcessGuid":"{53968da7-c51d-6708-9c02-00000000fb00}","ProcessId":"2368","QueryName":"prod.detectportal.prod.cloudops.mozgcp.net","QueryStatus":"0","QueryResults":"2600:1901:0:38d7::;","Image":"C:\\Program Files\\Mozilla Firefox\\firefox.exe","User":"WIN10\\richard"}}
{"LogSource":"Microsoft-Windows-Sysmon/Operational","EventId":1,"TimeCreated":"2024-10-10T23:26:40.8274924-07:00","RecordId":171930,"MachineName":"Win10","EventData":{"RuleName":"-","UtcTime":"2024-10-11 06:26:40.824","ProcessGuid":"{53968da7-c520-6708-a602-00000000fb00}","ProcessId":"6588","Image":"C:\\Program Files\\Mozilla Firefox\\firefox.exe","FileVersion":"131.0.2","Description":"Firefox","Product":"Firefox","Company":"Mozilla Corporation","OriginalFileName":"firefox.exe","CommandLine":"\"C:\\Program Files\\Mozilla Firefox\\firefox.exe\" -contentproc --channel=6104 -parentBuildID 20241008210941 -prefsHandle 6088 -prefMapHandle 6676 -prefsLen 37121 -prefMapSize 263003 -appDir \"C:\\Program Files\\Mozilla Firefox\\browser\" - {19520db4-6756-4e12-95e7-29b2fa848606} 2368 \"\\\\.\\pipe\\gecko-crash-server-pipe.2368\" 10 rdd","CurrentDirectory":"C:\\Windows\\system32\\","User":"WIN10\\richard","LogonGuid":"{53968da7-b202-6708-c295-020000000000}","LogonId":"0x295c2","TerminalSessionId":"1","IntegrityLevel":"Low","Hashes":"MD5=571814A7939D001662BBA7760BD0B187,SHA256=9725AFC685C8EE135701E140A83B94FE7D958360A1F546215F7EAFDFF5E53A83,IMPHASH=BB4CE52E8306F88C0B1DA570553704E4","ParentProcessGuid":"{53968da7-c51d-6708-9c02-00000000fb00}","ParentProcessId":"2368","ParentImage":"C:\\Program Files\\Mozilla Firefox\\firefox.exe","ParentCommandLine":"\"C:\\Program Files\\Mozilla Firefox\\firefox.exe\" https://www.github.com","ParentUser":"WIN10\\richard"}}
{"LogSource":"Microsoft-Windows-Sysmon/Operational","EventId":1,"TimeCreated":"2024-10-10T23:26:40.8355482-07:00","RecordId":171931,"MachineName":"Win10","EventData":{"RuleName":"-","UtcTime":"2024-10-11 06:26:40.830","ProcessGuid":"{53968da7-c520-6708-a702-00000000fb00}","ProcessId":"1892","Image":"C:\\Program Files\\Mozilla Firefox\\firefox.exe","FileVersion":"131.0.2","Description":"Firefox","Product":"Firefox","Company":"Mozilla Corporation","OriginalFileName":"firefox.exe","CommandLine":"\"C:\\Program Files\\Mozilla Firefox\\firefox.exe\" -contentproc --channel=6816 -parentBuildID 20241008210941 -sandboxingKind 1 -prefsHandle 5980 -prefMapHandle 6800 -prefsLen 37121 -prefMapSize 263003 -win32kLockedDown -appDir \"C:\\Program Files\\Mozilla Firefox\\browser\" - {817a8bf2-b630-47b9-be05-45de3b71b94a} 2368 \"\\\\.\\pipe\\gecko-crash-server-pipe.2368\" 11 utility","CurrentDirectory":"C:\\Windows\\system32\\","User":"WIN10\\richard","LogonGuid":"{53968da7-b202-6708-c295-020000000000}","LogonId":"0x295c2","TerminalSessionId":"1","IntegrityLevel":"Low","Hashes":"MD5=571814A7939D001662BBA7760BD0B187,SHA256=9725AFC685C8EE135701E140A83B94FE7D958360A1F546215F7EAFDFF5E53A83,IMPHASH=BB4CE52E8306F88C0B1DA570553704E4","ParentProcessGuid":"{53968da7-c51d-6708-9c02-00000000fb00}","ParentProcessId":"2368","ParentImage":"C:\\Program Files\\Mozilla Firefox\\firefox.exe","ParentCommandLine":"\"C:\\Program Files\\Mozilla Firefox\\firefox.exe\" https://www.github.com","ParentUser":"WIN10\\richard"}}
{"LogSource":"Microsoft-Windows-Sysmon/Operational","EventId":1,"TimeCreated":"2024-10-10T23:28:15.2831951-07:00","RecordId":171932,"MachineName":"Win10","EventData":{"RuleName":"-","UtcTime":"2024-10-11 06:28:15.280","ProcessGuid":"{53968da7-c57f-6708-a802-00000000fb00}","ProcessId":"4140","Image":"C:\\Program Files\\Mozilla Firefox\\firefox.exe","FileVersion":"131.0.2","Description":"Firefox","Product":"Firefox","Company":"Mozilla Corporation","OriginalFileName":"firefox.exe","CommandLine":"\"C:\\Program Files\\Mozilla Firefox\\firefox.exe\" https://www.nytimes.com ","CurrentDirectory":"C:\\Windows\\system32\\","User":"WIN10\\richard","LogonGuid":"{53968da7-b202-6708-7195-020000000000}","LogonId":"0x29571","TerminalSessionId":"1","IntegrityLevel":"High","Hashes":"MD5=571814A7939D001662BBA7760BD0B187,SHA256=9725AFC685C8EE135701E140A83B94FE7D958360A1F546215F7EAFDFF5E53A83,IMPHASH=BB4CE52E8306F88C0B1DA570553704E4","ParentProcessGuid":"{53968da7-be30-6708-5201-00000000fb00}","ParentProcessId":"6876","ParentImage":"C:\\Windows\\System32\\WindowsPowerShell\\v1.0\\powershell_ise.exe","ParentCommandLine":"\"C:\\Windows\\system32\\WindowsPowerShell\\v1.0\\PowerShell_ISE.exe\" ","ParentUser":"WIN10\\richard"}}
{"LogSource":"Microsoft-Windows-Sysmon/Operational","EventId":1,"TimeCreated":"2024-10-10T23:28:15.3241047-07:00","RecordId":171934,"MachineName":"Win10","EventData":{"RuleName":"-","UtcTime":"2024-10-11 06:28:15.322","ProcessGuid":"{53968da7-c57f-6708-aa02-00000000fb00}","ProcessId":"4012","Image":"C:\\Program Files\\Mozilla Firefox\\firefox.exe","FileVersion":"131.0.2","Description":"Firefox","Product":"Firefox","Company":"Mozilla Corporation","OriginalFileName":"firefox.exe","CommandLine":"\"C:\\Program Files\\Mozilla Firefox\\firefox.exe\" https://www.nytimes.com","CurrentDirectory":"C:\\Windows\\system32\\","User":"WIN10\\richard","LogonGuid":"{53968da7-b202-6708-c295-020000000000}","LogonId":"0x295c2","TerminalSessionId":"1","IntegrityLevel":"Medium","Hashes":"MD5=571814A7939D001662BBA7760BD0B187,SHA256=9725AFC685C8EE135701E140A83B94FE7D958360A1F546215F7EAFDFF5E53A83,IMPHASH=BB4CE52E8306F88C0B1DA570553704E4","ParentProcessGuid":"{53968da7-c57f-6708-a902-00000000fb00}","ParentProcessId":"6272","ParentImage":"C:\\Program Files\\Mozilla Firefox\\firefox.exe","ParentCommandLine":"\"C:\\Program Files\\Mozilla Firefox\\firefox.exe\" https://www.nytimes.com --attempting-deelevation","ParentUser":"WIN10\\richard"}}
{"LogSource":"Microsoft-Windows-Sysmon/Operational","EventId":1,"TimeCreated":"2024-10-10T23:28:15.3151249-07:00","RecordId":171933,"MachineName":"Win10","EventData":{"RuleName":"-","UtcTime":"2024-10-11 06:28:15.313","ProcessGuid":"{53968da7-c57f-6708-a902-00000000fb00}","ProcessId":"6272","Image":"C:\\Program Files\\Mozilla Firefox\\firefox.exe","FileVersion":"131.0.2","Description":"Firefox","Product":"Firefox","Company":"Mozilla Corporation","OriginalFileName":"firefox.exe","CommandLine":"\"C:\\Program Files\\Mozilla Firefox\\firefox.exe\" https://www.nytimes.com --attempting-deelevation","CurrentDirectory":"C:\\Windows\\system32\\","User":"WIN10\\richard","LogonGuid":"{53968da7-b202-6708-c295-020000000000}","LogonId":"0x295c2","TerminalSessionId":"1","IntegrityLevel":"Medium","Hashes":"MD5=571814A7939D001662BBA7760BD0B187,SHA256=9725AFC685C8EE135701E140A83B94FE7D958360A1F546215F7EAFDFF5E53A83,IMPHASH=BB4CE52E8306F88C0B1DA570553704E4","ParentProcessGuid":"{53968da7-b203-6708-4f00-00000000fb00}","ParentProcessId":"4396","ParentImage":"C:\\Windows\\explorer.exe","ParentCommandLine":"C:\\Windows\\Explorer.EXE","ParentUser":"WIN10\\richard"}}
{"LogSource":"Microsoft-Windows-Sysmon/Operational","EventId":1,"TimeCreated":"2024-10-10T23:28:15.4809286-07:00","RecordId":171935,"MachineName":"Win10","EventData":{"RuleName":"-","UtcTime":"2024-10-11 06:28:15.478","ProcessGuid":"{53968da7-c57f-6708-ab02-00000000fb00}","ProcessId":"1092","Image":"C:\\Program Files\\Mozilla Firefox\\firefox.exe","FileVersion":"131.0.2","Description":"Firefox","Product":"Firefox","Company":"Mozilla Corporation","OriginalFileName":"firefox.exe","CommandLine":"\"C:\\Program Files\\Mozilla Firefox\\firefox.exe\" -contentproc --channel=1936 -parentBuildID 20241008210941 -prefsHandle 1864 -prefMapHandle 1832 -prefsLen 30861 -prefMapSize 263003 -appDir \"C:\\Program Files\\Mozilla Firefox\\browser\" - {bbb57018-4414-4572-bbc4-1a3bb2327e42} 4012 \"\\\\.\\pipe\\gecko-crash-server-pipe.4012\" 1 gpu","CurrentDirectory":"C:\\Windows\\system32\\","User":"WIN10\\richard","LogonGuid":"{53968da7-b202-6708-c295-020000000000}","LogonId":"0x295c2","TerminalSessionId":"1","IntegrityLevel":"Low","Hashes":"MD5=571814A7939D001662BBA7760BD0B187,SHA256=9725AFC685C8EE135701E140A83B94FE7D958360A1F546215F7EAFDFF5E53A83,IMPHASH=BB4CE52E8306F88C0B1DA570553704E4","ParentProcessGuid":"{53968da7-c57f-6708-aa02-00000000fb00}","ParentProcessId":"4012","ParentImage":"C:\\Program Files\\Mozilla Firefox\\firefox.exe","ParentCommandLine":"\"C:\\Program Files\\Mozilla Firefox\\firefox.exe\" https://www.nytimes.com","ParentUser":"WIN10\\richard"}}
{"LogSource":"Microsoft-Windows-Sysmon/Operational","EventId":1,"TimeCreated":"2024-10-10T23:28:15.5272834-07:00","RecordId":171936,"MachineName":"Win10","EventData":{"RuleName":"-","UtcTime":"2024-10-11 06:28:15.525","ProcessGuid":"{53968da7-c57f-6708-ac02-00000000fb00}","ProcessId":"8836","Image":"C:\\Program Files\\Mozilla Firefox\\firefox.exe","FileVersion":"131.0.2","Description":"Firefox","Product":"Firefox","Company":"Mozilla Corporation","OriginalFileName":"firefox.exe","CommandLine":"\"C:\\Program Files\\Mozilla Firefox\\firefox.exe\" -contentproc --channel=2380 -parentBuildID 20241008210941 -prefsHandle 2296 -prefMapHandle 2304 -prefsLen 30897 -prefMapSize 263003 -win32kLockedDown -appDir \"C:\\Program Files\\Mozilla Firefox\\browser\" - {a9c9e12e-6847-4e57-b4dd-9c3daff42a1d} 4012 \"\\\\.\\pipe\\gecko-crash-server-pipe.4012\" 2 socket","CurrentDirectory":"C:\\Windows\\system32\\","User":"WIN10\\richard","LogonGuid":"{53968da7-b202-6708-c295-020000000000}","LogonId":"0x295c2","TerminalSessionId":"1","IntegrityLevel":"Low","Hashes":"MD5=571814A7939D001662BBA7760BD0B187,SHA256=9725AFC685C8EE135701E140A83B94FE7D958360A1F546215F7EAFDFF5E53A83,IMPHASH=BB4CE52E8306F88C0B1DA570553704E4","ParentProcessGuid":"{53968da7-c57f-6708-aa02-00000000fb00}","ParentProcessId":"4012","ParentImage":"C:\\Program Files\\Mozilla Firefox\\firefox.exe","ParentCommandLine":"\"C:\\Program Files\\Mozilla Firefox\\firefox.exe\" https://www.nytimes.com","ParentUser":"WIN10\\richard"}}
{"LogSource":"Microsoft-Windows-Sysmon/Operational","EventId":1,"TimeCreated":"2024-10-10T23:28:15.7064207-07:00","RecordId":171937,"MachineName":"Win10","EventData":{"RuleName":"-","UtcTime":"2024-10-11 06:28:15.704","ProcessGuid":"{53968da7-c57f-6708-ad02-00000000fb00}","ProcessId":"8820","Image":"C:\\Program Files\\Mozilla Firefox\\firefox.exe","FileVersion":"131.0.2","Description":"Firefox","Product":"Firefox","Company":"Mozilla Corporation","OriginalFileName":"firefox.exe","CommandLine":"\"C:\\Program Files\\Mozilla Firefox\\firefox.exe\" -contentproc --channel=3328 -isForBrowser -prefsHandle 3320 -prefMapHandle 3316 -prefsLen 27591 -prefMapSize 263003 -jsInitHandle 1332 -jsInitLen 234840 -parentBuildID 20241008210941 -win32kLockedDown -appDir \"C:\\Program Files\\Mozilla Firefox\\browser\" - {e072d770-5da0-4f8a-acd4-bb5d57b33f17} 4012 \"\\\\.\\pipe\\gecko-crash-server-pipe.4012\" 3 tab","CurrentDirectory":"C:\\Windows\\system32\\","User":"WIN10\\richard","LogonGuid":"{53968da7-b202-6708-c295-020000000000}","LogonId":"0x295c2","TerminalSessionId":"1","IntegrityLevel":"Low","Hashes":"MD5=571814A7939D001662BBA7760BD0B187,SHA256=9725AFC685C8EE135701E140A83B94FE7D958360A1F546215F7EAFDFF5E53A83,IMPHASH=BB4CE52E8306F88C0B1DA570553704E4","ParentProcessGuid":"{53968da7-c57f-6708-aa02-00000000fb00}","ParentProcessId":"4012","ParentImage":"C:\\Program Files\\Mozilla Firefox\\firefox.exe","ParentCommandLine":"\"C:\\Program Files\\Mozilla Firefox\\firefox.exe\" https://www.nytimes.com","ParentUser":"WIN10\\richard"}}
{"LogSource":"Microsoft-Windows-Sysmon/Operational","EventId":1,"TimeCreated":"2024-10-10T23:28:16.0093771-07:00","RecordId":171938,"MachineName":"Win10","EventData":{"RuleName":"-","UtcTime":"2024-10-11 06:28:16.006","ProcessGuid":"{53968da7-c580-6708-ae02-00000000fb00}","ProcessId":"7428","Image":"C:\\Program Files\\Mozilla Firefox\\firefox.exe","FileVersion":"131.0.2","Description":"Firefox","Product":"Firefox","Company":"Mozilla Corporation","OriginalFileName":"firefox.exe","CommandLine":"\"C:\\Program Files\\Mozilla Firefox\\firefox.exe\" -contentproc --channel=4468 -isForBrowser -prefsHandle 2856 -prefMapHandle 4384 -prefsLen 37035 -prefMapSize 263003 -jsInitHandle 1332 -jsInitLen 234840 -parentBuildID 20241008210941 -win32kLockedDown -appDir \"C:\\Program Files\\Mozilla Firefox\\browser\" - {ab86c9ba-3972-40b0-a618-9e25296bf05c} 4012 \"\\\\.\\pipe\\gecko-crash-server-pipe.4012\" 4 tab","CurrentDirectory":"C:\\Windows\\system32\\","User":"WIN10\\richard","LogonGuid":"{53968da7-b202-6708-c295-020000000000}","LogonId":"0x295c2","TerminalSessionId":"1","IntegrityLevel":"Low","Hashes":"MD5=571814A7939D001662BBA7760BD0B187,SHA256=9725AFC685C8EE135701E140A83B94FE7D958360A1F546215F7EAFDFF5E53A83,IMPHASH=BB4CE52E8306F88C0B1DA570553704E4","ParentProcessGuid":"{53968da7-c57f-6708-aa02-00000000fb00}","ParentProcessId":"4012","ParentImage":"C:\\Program Files\\Mozilla Firefox\\firefox.exe","ParentCommandLine":"\"C:\\Program Files\\Mozilla Firefox\\firefox.exe\" https://www.nytimes.com","ParentUser":"WIN10\\richard"}}
{"LogSource":"Microsoft-Windows-Sysmon/Operational","EventId":1,"TimeCreated":"2024-10-10T23:28:16.4949957-07:00","RecordId":171939,"MachineName":"Win10","EventData":{"RuleName":"-","UtcTime":"2024-10-11 06:28:16.490","ProcessGuid":"{53968da7-c580-6708-af02-00000000fb00}","ProcessId":"6296","Image":"C:\\Program Files\\Mozilla Firefox\\firefox.exe","FileVersion":"131.0.2","Description":"Firefox","Product":"Firefox","Company":"Mozilla Corporation","OriginalFileName":"firefox.exe","CommandLine":"\"C:\\Program Files\\Mozilla Firefox\\firefox.exe\" -contentproc --channel=5304 -parentBuildID 20241008210941 -sandboxingKind 0 -prefsHandle 5316 -prefMapHandle 5312 -prefsLen 37084 -prefMapSize 263003 -win32kLockedDown -appDir \"C:\\Program Files\\Mozilla Firefox\\browser\" - {b3800f1a-008d-4fab-8fbb-2f9511ed8dad} 4012 \"\\\\.\\pipe\\gecko-crash-server-pipe.4012\" 5 utility","CurrentDirectory":"C:\\Windows\\system32\\","User":"WIN10\\richard","LogonGuid":"{53968da7-b202-6708-c295-020000000000}","LogonId":"0x295c2","TerminalSessionId":"1","IntegrityLevel":"Low","Hashes":"MD5=571814A7939D001662BBA7760BD0B187,SHA256=9725AFC685C8EE135701E140A83B94FE7D958360A1F546215F7EAFDFF5E53A83,IMPHASH=BB4CE52E8306F88C0B1DA570553704E4","ParentProcessGuid":"{53968da7-c57f-6708-aa02-00000000fb00}","ParentProcessId":"4012","ParentImage":"C:\\Program Files\\Mozilla Firefox\\firefox.exe","ParentCommandLine":"\"C:\\Program Files\\Mozilla Firefox\\firefox.exe\" https://www.nytimes.com","ParentUser":"WIN10\\richard"}}
{"LogSource":"Microsoft-Windows-Sysmon/Operational","EventId":1,"TimeCreated":"2024-10-10T23:28:16.7223908-07:00","RecordId":171941,"MachineName":"Win10","EventData":{"RuleName":"-","UtcTime":"2024-10-11 06:28:16.717","ProcessGuid":"{53968da7-c580-6708-b102-00000000fb00}","ProcessId":"1968","Image":"C:\\Program Files\\Mozilla Firefox\\firefox.exe","FileVersion":"131.0.2","Description":"Firefox","Product":"Firefox","Company":"Mozilla Corporation","OriginalFileName":"firefox.exe","CommandLine":"\"C:\\Program Files\\Mozilla Firefox\\firefox.exe\" -contentproc --channel=5692 -isForBrowser -prefsHandle 5976 -prefMapHandle 5972 -prefsLen 33637 -prefMapSize 263003 -jsInitHandle 1332 -jsInitLen 234840 -parentBuildID 20241008210941 -win32kLockedDown -appDir \"C:\\Program Files\\Mozilla Firefox\\browser\" - {fa24436a-26cc-47cb-af3b-73640ad6a30f} 4012 \"\\\\.\\pipe\\gecko-crash-server-pipe.4012\" 7 tab","CurrentDirectory":"C:\\Windows\\system32\\","User":"WIN10\\richard","LogonGuid":"{53968da7-b202-6708-c295-020000000000}","LogonId":"0x295c2","TerminalSessionId":"1","IntegrityLevel":"Low","Hashes":"MD5=571814A7939D001662BBA7760BD0B187,SHA256=9725AFC685C8EE135701E140A83B94FE7D958360A1F546215F7EAFDFF5E53A83,IMPHASH=BB4CE52E8306F88C0B1DA570553704E4","ParentProcessGuid":"{53968da7-c57f-6708-aa02-00000000fb00}","ParentProcessId":"4012","ParentImage":"C:\\Program Files\\Mozilla Firefox\\firefox.exe","ParentCommandLine":"\"C:\\Program Files\\Mozilla Firefox\\firefox.exe\" https://www.nytimes.com","ParentUser":"WIN10\\richard"}}
{"LogSource":"Microsoft-Windows-Sysmon/Operational","EventId":1,"TimeCreated":"2024-10-10T23:28:16.7316902-07:00","RecordId":171942,"MachineName":"Win10","EventData":{"RuleName":"-","UtcTime":"2024-10-11 06:28:16.725","ProcessGuid":"{53968da7-c580-6708-b202-00000000fb00}","ProcessId":"5464","Image":"C:\\Program Files\\Mozilla Firefox\\firefox.exe","FileVersion":"131.0.2","Description":"Firefox","Product":"Firefox","Company":"Mozilla Corporation","OriginalFileName":"firefox.exe","CommandLine":"\"C:\\Program Files\\Mozilla Firefox\\firefox.exe\" -contentproc --channel=6068 -isForBrowser -prefsHandle 6076 -prefMapHandle 5692 -prefsLen 33637 -prefMapSize 263003 -jsInitHandle 1332 -jsInitLen 234840 -parentBuildID 20241008210941 -win32kLockedDown -appDir \"C:\\Program Files\\Mozilla Firefox\\browser\" - {b6089c9c-b9f1-4a83-a247-b6a7173a3c61} 4012 \"\\\\.\\pipe\\gecko-crash-server-pipe.4012\" 8 tab","CurrentDirectory":"C:\\Windows\\system32\\","User":"WIN10\\richard","LogonGuid":"{53968da7-b202-6708-c295-020000000000}","LogonId":"0x295c2","TerminalSessionId":"1","IntegrityLevel":"Low","Hashes":"MD5=571814A7939D001662BBA7760BD0B187,SHA256=9725AFC685C8EE135701E140A83B94FE7D958360A1F546215F7EAFDFF5E53A83,IMPHASH=BB4CE52E8306F88C0B1DA570553704E4","ParentProcessGuid":"{53968da7-c57f-6708-aa02-00000000fb00}","ParentProcessId":"4012","ParentImage":"C:\\Program Files\\Mozilla Firefox\\firefox.exe","ParentCommandLine":"\"C:\\Program Files\\Mozilla Firefox\\firefox.exe\" https://www.nytimes.com","ParentUser":"WIN10\\richard"}}
{"LogSource":"Microsoft-Windows-Sysmon/Operational","EventId":1,"TimeCreated":"2024-10-10T23:28:16.5540584-07:00","RecordId":171940,"MachineName":"Win10","EventData":{"RuleName":"-","UtcTime":"2024-10-11 06:28:16.551","ProcessGuid":"{53968da7-c580-6708-b002-00000000fb00}","ProcessId":"8428","Image":"C:\\Program Files\\Mozilla Firefox\\firefox.exe","FileVersion":"131.0.2","Description":"Firefox","Product":"Firefox","Company":"Mozilla Corporation","OriginalFileName":"firefox.exe","CommandLine":"\"C:\\Program Files\\Mozilla Firefox\\firefox.exe\" -contentproc --channel=5608 -isForBrowser -prefsHandle 5516 -prefMapHandle 3080 -prefsLen 37084 -prefMapSize 263003 -jsInitHandle 1332 -jsInitLen 234840 -parentBuildID 20241008210941 -win32kLockedDown -appDir \"C:\\Program Files\\Mozilla Firefox\\browser\" - {ae1b4b9a-977a-4f94-949a-8cb0c5283cf5} 4012 \"\\\\.\\pipe\\gecko-crash-server-pipe.4012\" 6 tab","CurrentDirectory":"C:\\Windows\\system32\\","User":"WIN10\\richard","LogonGuid":"{53968da7-b202-6708-c295-020000000000}","LogonId":"0x295c2","TerminalSessionId":"1","IntegrityLevel":"Low","Hashes":"MD5=571814A7939D001662BBA7760BD0B187,SHA256=9725AFC685C8EE135701E140A83B94FE7D958360A1F546215F7EAFDFF5E53A83,IMPHASH=BB4CE52E8306F88C0B1DA570553704E4","ParentProcessGuid":"{53968da7-c57f-6708-aa02-00000000fb00}","ParentProcessId":"4012","ParentImage":"C:\\Program Files\\Mozilla Firefox\\firefox.exe","ParentCommandLine":"\"C:\\Program Files\\Mozilla Firefox\\firefox.exe\" https://www.nytimes.com","ParentUser":"WIN10\\richard"}}
{"LogSource":"Microsoft-Windows-Sysmon/Operational","EventId":1,"TimeCreated":"2024-10-10T23:28:16.7428735-07:00","RecordId":171943,"MachineName":"Win10","EventData":{"RuleName":"-","UtcTime":"2024-10-11 06:28:16.737","ProcessGuid":"{53968da7-c580-6708-b302-00000000fb00}","ProcessId":"3348","Image":"C:\\Program Files\\Mozilla Firefox\\firefox.exe","FileVersion":"131.0.2","Description":"Firefox","Product":"Firefox","Company":"Mozilla Corporation","OriginalFileName":"firefox.exe","CommandLine":"\"C:\\Program Files\\Mozilla Firefox\\firefox.exe\" -contentproc --channel=6084 -isForBrowser -prefsHandle 6152 -prefMapHandle 6308 -prefsLen 33637 -prefMapSize 263003 -jsInitHandle 1332 -jsInitLen 234840 -parentBuildID 20241008210941 -win32kLockedDown -appDir \"C:\\Program Files\\Mozilla Firefox\\browser\" - {6389d2e7-003d-4b87-b854-5910b0d4eb72} 4012 \"\\\\.\\pipe\\gecko-crash-server-pipe.4012\" 9 tab","CurrentDirectory":"C:\\Windows\\system32\\","User":"WIN10\\richard","LogonGuid":"{53968da7-b202-6708-c295-020000000000}","LogonId":"0x295c2","TerminalSessionId":"1","IntegrityLevel":"Low","Hashes":"MD5=571814A7939D001662BBA7760BD0B187,SHA256=9725AFC685C8EE135701E140A83B94FE7D958360A1F546215F7EAFDFF5E53A83,IMPHASH=BB4CE52E8306F88C0B1DA570553704E4","ParentProcessGuid":"{53968da7-c57f-6708-aa02-00000000fb00}","ParentProcessId":"4012","ParentImage":"C:\\Program Files\\Mozilla Firefox\\firefox.exe","ParentCommandLine":"\"C:\\Program Files\\Mozilla Firefox\\firefox.exe\" https://www.nytimes.com","ParentUser":"WIN10\\richard"}}
{"LogSource":"Microsoft-Windows-Sysmon/Operational","EventId":22,"TimeCreated":"2024-10-10T23:28:16.8828941-07:00","RecordId":171944,"MachineName":"Win10","EventData":{"RuleName":"-","UtcTime":"2024-10-11 06:28:14.638","ProcessGuid":"{53968da7-c57f-6708-aa02-00000000fb00}","ProcessId":"4012","QueryName":"detectportal.firefox.com","QueryStatus":"0","QueryResults":"type:  5 detectportal.prod.mozaws.net;type:  5 prod.detectportal.prod.cloudops.mozgcp.net;2600:1901:0:38d7::;::ffff:34.107.221.82;","Image":"C:\\Program Files\\Mozilla Firefox\\firefox.exe","User":"WIN10\\richard"}}
{"LogSource":"Microsoft-Windows-Sysmon/Operational","EventId":22,"TimeCreated":"2024-10-10T23:28:16.8840221-07:00","RecordId":171945,"MachineName":"Win10","EventData":{"RuleName":"-","UtcTime":"2024-10-11 06:28:14.642","ProcessGuid":"{53968da7-c57f-6708-aa02-00000000fb00}","ProcessId":"4012","QueryName":"detectportal.firefox.com","QueryStatus":"0","QueryResults":"type:  5 detectportal.prod.mozaws.net;type:  5 prod.detectportal.prod.cloudops.mozgcp.net;2600:1901:0:38d7::;::ffff:34.107.221.82;","Image":"C:\\Program Files\\Mozilla Firefox\\firefox.exe","User":"WIN10\\richard"}}
{"LogSource":"Microsoft-Windows-Sysmon/Operational","EventId":22,"TimeCreated":"2024-10-10T23:28:16.8851269-07:00","RecordId":171946,"MachineName":"Win10","EventData":{"RuleName":"-","UtcTime":"2024-10-11 06:28:14.647","ProcessGuid":"{53968da7-c57f-6708-aa02-00000000fb00}","ProcessId":"4012","QueryName":"prod.detectportal.prod.cloudops.mozgcp.net","QueryStatus":"0","QueryResults":"34.107.221.82;","Image":"C:\\Program Files\\Mozilla Firefox\\firefox.exe","User":"WIN10\\richard"}}
{"LogSource":"Microsoft-Windows-Sysmon/Operational","EventId":22,"TimeCreated":"2024-10-10T23:28:16.8862262-07:00","RecordId":171947,"MachineName":"Win10","EventData":{"RuleName":"-","UtcTime":"2024-10-11 06:28:14.647","ProcessGuid":"{53968da7-c57f-6708-aa02-00000000fb00}","ProcessId":"4012","QueryName":"prod.detectportal.prod.cloudops.mozgcp.net","QueryStatus":"0","QueryResults":"2600:1901:0:38d7::;","Image":"C:\\Program Files\\Mozilla Firefox\\firefox.exe","User":"WIN10\\richard"}}
{"LogSource":"Microsoft-Windows-Sysmon/Operational","EventId":22,"TimeCreated":"2024-10-10T23:28:16.8873463-07:00","RecordId":171948,"MachineName":"Win10","EventData":{"RuleName":"-","UtcTime":"2024-10-11 06:28:14.667","ProcessGuid":"{53968da7-c57f-6708-aa02-00000000fb00}","ProcessId":"4012","QueryName":"private.canadianshield.cira.ca","QueryStatus":"0","QueryResults":"2620:10a:80bb::10;2620:10a:80bc::10;::ffff:149.112.122.10;::ffff:149.112.121.10;","Image":"C:\\Program Files\\Mozilla Firefox\\firefox.exe","User":"WIN10\\richard"}}
{"LogSource":"Microsoft-Windows-Sysmon/Operational","EventId":22,"TimeCreated":"2024-10-10T23:28:16.8884912-07:00","RecordId":171949,"MachineName":"Win10","EventData":{"RuleName":"-","UtcTime":"2024-10-11 06:28:14.668","ProcessGuid":"{53968da7-c57f-6708-aa02-00000000fb00}","ProcessId":"4012","QueryName":"private.canadianshield.cira.ca","QueryStatus":"0","QueryResults":"2620:10a:80bb::10;2620:10a:80bc::10;::ffff:149.112.122.10;::ffff:149.112.121.10;","Image":"C:\\Program Files\\Mozilla Firefox\\firefox.exe","User":"WIN10\\richard"}}
{"LogSource":"Microsoft-Windows-Sysmon/Operational","EventId":22,"TimeCreated":"2024-10-10T23:28:16.8896562-07:00","RecordId":171950,"MachineName":"Win10","EventData":{"RuleName":"-","UtcTime":"2024-10-11 06:28:14.668","ProcessGuid":"{53968da7-c57f-6708-aa02-00000000fb00}","ProcessId":"4012","QueryName":"private.canadianshield.cira.ca","QueryStatus":"0","QueryResults":"149.112.121.10;149.112.122.10;","Image":"C:\\Program Files\\Mozilla Firefox\\firefox.exe","User":"WIN10\\richard"}}
{"LogSource":"Microsoft-Windows-Sysmon/Operational","EventId":22,"TimeCreated":"2024-10-10T23:28:16.8907983-07:00","RecordId":171951,"MachineName":"Win10","EventData":{"RuleName":"-","UtcTime":"2024-10-11 06:28:14.668","ProcessGuid":"{53968da7-c57f-6708-aa02-00000000fb00}","ProcessId":"4012","QueryName":"private.canadianshield.cira.ca","QueryStatus":"0","QueryResults":"2620:10a:80bc::10;2620:10a:80bb::10;","Image":"C:\\Program Files\\Mozilla Firefox\\firefox.exe","User":"WIN10\\richard"}}
{"LogSource":"Microsoft-Windows-Sysmon/Operational","EventId":22,"TimeCreated":"2024-10-10T23:28:16.8919878-07:00","RecordId":171952,"MachineName":"Win10","EventData":{"RuleName":"-","UtcTime":"2024-10-11 06:28:14.684","ProcessGuid":"{53968da7-c57f-6708-aa02-00000000fb00}","ProcessId":"4012","QueryName":"example.org","QueryStatus":"0","QueryResults":"93.184.215.14;","Image":"C:\\Program Files\\Mozilla Firefox\\firefox.exe","User":"WIN10\\richard"}}
{"LogSource":"Microsoft-Windows-Sysmon/Operational","EventId":22,"TimeCreated":"2024-10-10T23:28:16.8931675-07:00","RecordId":171953,"MachineName":"Win10","EventData":{"RuleName":"-","UtcTime":"2024-10-11 06:28:14.684","ProcessGuid":"{53968da7-c57f-6708-aa02-00000000fb00}","ProcessId":"4012","QueryName":"example.org","QueryStatus":"0","QueryResults":"2606:2800:21f:cb07:6820:80da:af6b:8b2c;::ffff:93.184.215.14;","Image":"C:\\Program Files\\Mozilla Firefox\\firefox.exe","User":"WIN10\\richard"}}
{"LogSource":"Microsoft-Windows-Sysmon/Operational","EventId":22,"TimeCreated":"2024-10-10T23:28:16.8943652-07:00","RecordId":171954,"MachineName":"Win10","EventData":{"RuleName":"-","UtcTime":"2024-10-11 06:28:14.685","ProcessGuid":"{53968da7-c57f-6708-aa02-00000000fb00}","ProcessId":"4012","QueryName":"example.org","QueryStatus":"0","QueryResults":"93.184.215.14;","Image":"C:\\Program Files\\Mozilla Firefox\\firefox.exe","User":"WIN10\\richard"}}
{"LogSource":"Microsoft-Windows-Sysmon/Operational","EventId":22,"TimeCreated":"2024-10-10T23:28:16.8955553-07:00","RecordId":171955,"MachineName":"Win10","EventData":{"RuleName":"-","UtcTime":"2024-10-11 06:28:14.685","ProcessGuid":"{53968da7-c57f-6708-aa02-00000000fb00}","ProcessId":"4012","QueryName":"example.org","QueryStatus":"0","QueryResults":"2606:2800:21f:cb07:6820:80da:af6b:8b2c;::ffff:93.184.215.14;","Image":"C:\\Program Files\\Mozilla Firefox\\firefox.exe","User":"WIN10\\richard"}}
{"LogSource":"Microsoft-Windows-Sysmon/Operational","EventId":22,"TimeCreated":"2024-10-10T23:28:16.8967228-07:00","RecordId":171956,"MachineName":"Win10","EventData":{"RuleName":"-","UtcTime":"2024-10-11 06:28:14.685","ProcessGuid":"{53968da7-c57f-6708-aa02-00000000fb00}","ProcessId":"4012","QueryName":"example.org","QueryStatus":"0","QueryResults":"93.184.215.14;","Image":"C:\\Program Files\\Mozilla Firefox\\firefox.exe","User":"WIN10\\richard"}}
{"LogSource":"Microsoft-Windows-Sysmon/Operational","EventId":22,"TimeCreated":"2024-10-10T23:28:16.8983764-07:00","RecordId":171957,"MachineName":"Win10","EventData":{"RuleName":"-","UtcTime":"2024-10-11 06:28:14.685","ProcessGuid":"{53968da7-c57f-6708-aa02-00000000fb00}","ProcessId":"4012","QueryName":"example.org","QueryStatus":"0","QueryResults":"2606:2800:21f:cb07:6820:80da:af6b:8b2c;","Image":"C:\\Program Files\\Mozilla Firefox\\firefox.exe","User":"WIN10\\richard"}}
{"LogSource":"Microsoft-Windows-Sysmon/Operational","EventId":22,"TimeCreated":"2024-10-10T23:28:16.8996904-07:00","RecordId":171958,"MachineName":"Win10","EventData":{"RuleName":"-","UtcTime":"2024-10-11 06:28:14.805","ProcessGuid":"{53968da7-c57f-6708-aa02-00000000fb00}","ProcessId":"4012","QueryName":"forcesafesearch.google.com.","QueryStatus":"0","QueryResults":"216.239.38.120;","Image":"C:\\Program Files\\Mozilla Firefox\\firefox.exe","User":"WIN10\\richard"}}
{"LogSource":"Microsoft-Windows-Sysmon/Operational","EventId":22,"TimeCreated":"2024-10-10T23:28:16.9008073-07:00","RecordId":171959,"MachineName":"Win10","EventData":{"RuleName":"-","UtcTime":"2024-10-11 06:28:14.805","ProcessGuid":"{53968da7-c57f-6708-aa02-00000000fb00}","ProcessId":"4012","QueryName":"www.google.com.","QueryStatus":"0","QueryResults":"142.250.69.196;","Image":"C:\\Program Files\\Mozilla Firefox\\firefox.exe","User":"WIN10\\richard"}}
{"LogSource":"Microsoft-Windows-Sysmon/Operational","EventId":22,"TimeCreated":"2024-10-10T23:28:16.9019962-07:00","RecordId":171960,"MachineName":"Win10","EventData":{"RuleName":"-","UtcTime":"2024-10-11 06:28:14.805","ProcessGuid":"{53968da7-c57f-6708-aa02-00000000fb00}","ProcessId":"4012","QueryName":"google.com.","QueryStatus":"0","QueryResults":"142.251.33.110;","Image":"C:\\Program Files\\Mozilla Firefox\\firefox.exe","User":"WIN10\\richard"}}
{"LogSource":"Microsoft-Windows-Sysmon/Operational","EventId":22,"TimeCreated":"2024-10-10T23:28:16.9031762-07:00","RecordId":171961,"MachineName":"Win10","EventData":{"RuleName":"-","UtcTime":"2024-10-11 06:28:14.805","ProcessGuid":"{53968da7-c57f-6708-aa02-00000000fb00}","ProcessId":"4012","QueryName":"www.youtube.com.","QueryStatus":"0","QueryResults":"type:  5 youtube-ui.l.google.com;142.251.33.110;142.251.211.238;142.251.33.78;142.250.217.78;142.250.217.110;142.251.215.238;142.250.69.206;","Image":"C:\\Program Files\\Mozilla Firefox\\firefox.exe","User":"WIN10\\richard"}}
{"LogSource":"Microsoft-Windows-Sysmon/Operational","EventId":22,"TimeCreated":"2024-10-10T23:28:16.9044446-07:00","RecordId":171962,"MachineName":"Win10","EventData":{"RuleName":"-","UtcTime":"2024-10-11 06:28:14.806","ProcessGuid":"{53968da7-c57f-6708-aa02-00000000fb00}","ProcessId":"4012","QueryName":"m.youtube.com.","QueryStatus":"0","QueryResults":"142.250.217.78;","Image":"C:\\Program Files\\Mozilla Firefox\\firefox.exe","User":"WIN10\\richard"}}
{"LogSource":"Microsoft-Windows-Sysmon/Operational","EventId":22,"TimeCreated":"2024-10-10T23:28:16.9057070-07:00","RecordId":171963,"MachineName":"Win10","EventData":{"RuleName":"-","UtcTime":"2024-10-11 06:28:14.806","ProcessGuid":"{53968da7-c57f-6708-aa02-00000000fb00}","ProcessId":"4012","QueryName":"youtubei.googleapis.com.","QueryStatus":"0","QueryResults":"142.250.217.74;142.250.217.106;142.251.215.234;172.217.14.234;142.250.69.202;142.251.33.106;142.251.211.234;142.251.33.74;","Image":"C:\\Program Files\\Mozilla Firefox\\firefox.exe","User":"WIN10\\richard"}}
{"LogSource":"Microsoft-Windows-Sysmon/Operational","EventId":22,"TimeCreated":"2024-10-10T23:28:16.9068949-07:00","RecordId":171964,"MachineName":"Win10","EventData":{"RuleName":"-","UtcTime":"2024-10-11 06:28:14.806","ProcessGuid":"{53968da7-c57f-6708-aa02-00000000fb00}","ProcessId":"4012","QueryName":"www.youtube-nocookie.com.","QueryStatus":"0","QueryResults":"type:  5 youtube-ui.l.google.com;142.250.217.78;142.250.217.110;142.251.215.238;172.217.14.238;142.250.69.206;142.251.33.110;142.251.211.238;142.251.33.78;","Image":"C:\\Program Files\\Mozilla Firefox\\firefox.exe","User":"WIN10\\richard"}}
{"LogSource":"Microsoft-Windows-Sysmon/Operational","EventId":22,"TimeCreated":"2024-10-10T23:28:16.9080874-07:00","RecordId":171965,"MachineName":"Win10","EventData":{"RuleName":"-","UtcTime":"2024-10-11 06:28:14.806","ProcessGuid":"{53968da7-c57f-6708-aa02-00000000fb00}","ProcessId":"4012","QueryName":"restrict.youtube.com.","QueryStatus":"0","QueryResults":"216.239.38.120;","Image":"C:\\Program Files\\Mozilla Firefox\\firefox.exe","User":"WIN10\\richard"}}
{"LogSource":"Microsoft-Windows-Sysmon/Operational","EventId":22,"TimeCreated":"2024-10-10T23:28:16.9092732-07:00","RecordId":171966,"MachineName":"Win10","EventData":{"RuleName":"-","UtcTime":"2024-10-11 06:28:14.806","ProcessGuid":"{53968da7-c57f-6708-aa02-00000000fb00}","ProcessId":"4012","QueryName":"restrictmoderate.youtube.com.","QueryStatus":"0","QueryResults":"216.239.38.119;","Image":"C:\\Program Files\\Mozilla Firefox\\firefox.exe","User":"WIN10\\richard"}}
{"LogSource":"Microsoft-Windows-Sysmon/Operational","EventId":22,"TimeCreated":"2024-10-10T23:28:16.9104463-07:00","RecordId":171967,"MachineName":"Win10","EventData":{"RuleName":"-","UtcTime":"2024-10-11 06:28:14.806","ProcessGuid":"{53968da7-c57f-6708-aa02-00000000fb00}","ProcessId":"4012","QueryName":"forcesafesearch.google.com.","QueryStatus":"0","QueryResults":"216.239.38.120;","Image":"C:\\Program Files\\Mozilla Firefox\\firefox.exe","User":"WIN10\\richard"}}
