{"LogSource":"Microsoft-Windows-Windows Defender/Operational","EventId":5007,"TimeCreated":"2024-10-10T22:05:16.7389586-07:00","RecordId":7843,"MachineName":"Win10","EventData":{"Product Name":"Microsoft Defender Antivirus","Product Version":"4.18.24080.9","Old Value":"HKLM\\SOFTWARE\\Microsoft\\Windows Defender\\CoreService\\WdConfigHash = 0x766414F1","New Value":"HKLM\\SOFTWARE\\Microsoft\\Windows Defender\\CoreService\\WdConfigHash = 0x64661B8D"}}
{"LogSource":"Microsoft-Windows-Windows Defender/Operational","EventId":5007,"TimeCreated":"2024-10-10T22:05:16.7394311-07:00","RecordId":7844,"MachineName":"Win10","EventData":{"Product Name":"Microsoft Defender Antivirus","Product Version":"4.18.24080.9","Old Value":"HKLM\\SOFTWARE\\Microsoft\\Windows Defender\\Diagnostics\\InitializingComponentProgress = LoadingEngine","New Value":"HKLM\\SOFTWARE\\Microsoft\\Windows Defender\\Diagnostics\\InitializingComponentProgress = ServiceStartedSuccessfully"}}
{"LogSource":"Microsoft-Windows-Windows Defender/Operational","EventId":1150,"TimeCreated":"2024-10-10T23:05:16.5568563-07:00","RecordId":7845,"MachineName":"Win10","EventData":{"Product Name":"Microsoft Defender Antivirus","Platform version":"4.18.24080.9","Unused":"","Engine version":"1.1.24080.9","Security intelligence version":"1.419.436.0"}}
{"LogSource":"Microsoft-Windows-Windows Defender/Operational","EventId":1151,"TimeCreated":"2024-10-10T23:05:16.5645729-07:00","RecordId":7846,"MachineName":"Win10","EventData":{"Product Name":"Microsoft Defender Antivirus","Platform version":"4.18.24080.9","Unused":"","Engine version":"1.1.24080.9","NRI engine version":"1.1.24080.9","AV security intelligence version":"1.419.436.0","AS security intelligence version":"1.419.436.0","NRI security intelligence version":"1.419.436.0","RTP state":"Enabled","OA state":"Enabled","IOAV state":"Enabled","BM state":"Enabled","Last AV security intelligence age":"0","Last AS security intelligence age":"0","Last quick scan age":"0","Last full scan age":"4294967295","AV security intelligence creation time":"2024-10-10T08:13:05Z","AS security intelligence creation time":"2024-10-10T08:13:06Z","Last quick scan start time":"2024-10-10T20:38:32Z","Last quick scan end time":"2024-10-10T20:41:20Z","Last quick scan source":"2","Last full scan start time":"1601-01-01T00:00:00Z","Last full scan end time":"1601-01-01T00:00:00Z","Last full scan source":"0","Product status":"0x00080000","Latest engine version":"1.1.24080.9","Engine up-to-date":"0","Latest platform version":"4.18.24080.9","Platform up-to-date":"1"}}
{"LogSource":"Microsoft-Windows-Windows Defender/Operational","EventId":5007,"TimeCreated":"2024-10-10T23:14:12.7128962-07:00","RecordId":7847,"MachineName":"Win10","EventData":{"Product Name":"Microsoft Defender Antivirus","Product Version":"4.18.24080.9","Old Value":"HKLM\\SOFTWARE\\Microsoft\\Windows Defender\\ServiceStartStates = 0x1","New Value":"Default\\ServiceStartStates = 0x0"}}
{"LogSource":"Microsoft-Windows-Windows Defender/Operational","EventId":1150,"TimeCreated":"2024-10-11T00:05:16.5587806-07:00","RecordId":7848,"MachineName":"Win10","EventData":{"Product Name":"Microsoft Defender Antivirus","Platform version":"4.18.24080.9","Unused":"","Engine version":"1.1.24080.9","Security intelligence version":"1.419.436.0"}}
{"LogSource":"Microsoft-Windows-Windows Defender/Operational","EventId":1151,"TimeCreated":"2024-10-11T00:05:16.5655686-07:00","RecordId":7849,"MachineName":"Win10","EventData":{"Product Name":"Microsoft Defender Antivirus","Platform version":"4.18.24080.9","Unused":"","Engine version":"1.1.24080.9","NRI engine version":"1.1.24080.9","AV security intelligence version":"1.419.436.0","AS security intelligence version":"1.419.436.0","NRI security intelligence version":"1.419.436.0","RTP state":"Enabled","OA state":"Enabled","IOAV state":"Enabled","BM state":"Enabled","Last AV security intelligence age":"0","Last AS security intelligence age":"0","Last quick scan age":"0","Last full scan age":"4294967295","AV security intelligence creation time":"2024-10-10T08:13:05Z","AS security intelligence creation time":"2024-10-10T08:13:06Z","Last quick scan start time":"2024-10-10T20:38:32Z","Last quick scan end time":"2024-10-10T20:41:20Z","Last quick scan source":"2","Last full scan start time":"1601-01-01T00:00:00Z","Last full scan end time":"1601-01-01T00:00:00Z","Last full scan source":"0","Product status":"0x00080000","Latest engine version":"1.1.24080.9","Engine up-to-date":"0","Latest platform version":"4.18.24080.9","Platform up-to-date":"1"}}
{"LogSource":"Microsoft-Windows-Windows Defender/Operational","EventId":1151,"TimeCreated":"2024-10-11T01:05:16.5815605-07:00","RecordId":7851,"MachineName":"Win10","EventData":{"Product Name":"Microsoft Defender Antivirus","Platform version":"4.18.24080.9","Unused":"","Engine version":"1.1.24080.9","NRI engine version":"1.1.24080.9","AV security intelligence version":"1.419.436.0","AS security intelligence version":"1.419.436.0","NRI security intelligence version":"1.419.436.0","RTP state":"Enabled","OA state":"Enabled","IOAV state":"Enabled","BM state":"Enabled","Last AV security intelligence age":"0","Last AS security intelligence age":"0","Last quick scan age":"0","Last full scan age":"4294967295","AV security intelligence creation time":"2024-10-10T08:13:05Z","AS security intelligence creation time":"2024-10-10T08:13:06Z","Last quick scan start time":"2024-10-10T20:38:32Z","Last quick scan end time":"2024-10-10T20:41:20Z","Last quick scan source":"2","Last full scan start time":"1601-01-01T00:00:00Z","Last full scan end time":"1601-01-01T00:00:00Z","Last full scan source":"0","Product status":"0x00080000","Latest engine version":"1.1.24080.9","Engine up-to-date":"0","Latest platform version":"4.18.24080.9","Platform up-to-date":"1"}}
{"LogSource":"Microsoft-Windows-Windows Defender/Operational","EventId":1150,"TimeCreated":"2024-10-11T01:05:16.5746281-07:00","RecordId":7850,"MachineName":"Win10","EventData":{"Product Name":"Microsoft Defender Antivirus","Platform version":"4.18.24080.9","Unused":"","Engine version":"1.1.24080.9","Security intelligence version":"1.419.436.0"}}
{"LogSource":"Microsoft-Windows-Windows Defender/Operational","EventId":1150,"TimeCreated":"2024-10-11T02:05:16.5630273-07:00","RecordId":7852,"MachineName":"Win10","EventData":{"Product Name":"Microsoft Defender Antivirus","Platform version":"4.18.24080.9","Unused":"","Engine version":"1.1.24080.9","Security intelligence version":"1.419.436.0"}}
{"LogSource":"Microsoft-Windows-Windows Defender/Operational","EventId":1151,"TimeCreated":"2024-10-11T02:05:16.5702246-07:00","RecordId":7853,"MachineName":"Win10","EventData":{"Product Name":"Microsoft Defender Antivirus","Platform version":"4.18.24080.9","Unused":"","Engine version":"1.1.24080.9","NRI engine version":"1.1.24080.9","AV security intelligence version":"1.419.436.0","AS security intelligence version":"1.419.436.0","NRI security intelligence version":"1.419.436.0","RTP state":"Enabled","OA state":"Enabled","IOAV state":"Enabled","BM state":"Enabled","Last AV security intelligence age":"1","Last AS security intelligence age":"1","Last quick scan age":"0","Last full scan age":"4294967295","AV security intelligence creation time":"2024-10-10T08:13:05Z","AS security intelligence creation time":"2024-10-10T08:13:06Z","Last quick scan start time":"2024-10-10T20:38:32Z","Last quick scan end time":"2024-10-10T20:41:20Z","Last quick scan source":"2","Last full scan start time":"1601-01-01T00:00:00Z","Last full scan end time":"1601-01-01T00:00:00Z","Last full scan source":"0","Product status":"0x00080000","Latest engine version":"1.1.24080.9","Engine up-to-date":"0","Latest platform version":"4.18.24080.9","Platform up-to-date":"1"}}
{"LogSource":"Microsoft-Windows-Windows Defender/Operational","EventId":1151,"TimeCreated":"2024-10-11T03:05:16.5722258-07:00","RecordId":7855,"MachineName":"Win10","EventData":{"Product Name":"Microsoft Defender Antivirus","Platform version":"4.18.24080.9","Unused":"","Engine version":"1.1.24080.9","NRI engine version":"1.1.24080.9","AV security intelligence version":"1.419.436.0","AS security intelligence version":"1.419.436.0","NRI security intelligence version":"1.419.436.0","RTP state":"Enabled","OA state":"Enabled","IOAV state":"Enabled","BM state":"Enabled","Last AV security intelligence age":"1","Last AS security intelligence age":"1","Last quick scan age":"0","Last full scan age":"4294967295","AV security intelligence creation time":"2024-10-10T08:13:05Z","AS security intelligence creation time":"2024-10-10T08:13:06Z","Last quick scan start time":"2024-10-10T20:38:32Z","Last quick scan end time":"2024-10-10T20:41:20Z","Last quick scan source":"2","Last full scan start time":"1601-01-01T00:00:00Z","Last full scan end time":"1601-01-01T00:00:00Z","Last full scan source":"0","Product status":"0x00080000","Latest engine version":"1.1.24080.9","Engine up-to-date":"0","Latest platform version":"4.18.24080.9","Platform up-to-date":"1"}}
{"LogSource":"Microsoft-Windows-Windows Defender/Operational","EventId":1150,"TimeCreated":"2024-10-11T03:05:16.5654647-07:00","RecordId":7854,"MachineName":"Win10","EventData":{"Product Name":"Microsoft Defender Antivirus","Platform version":"4.18.24080.9","Unused":"","Engine version":"1.1.24080.9","Security intelligence version":"1.419.436.0"}}
{"LogSource":"Microsoft-Windows-Windows Defender/Operational","EventId":1150,"TimeCreated":"2024-10-11T04:05:16.5674351-07:00","RecordId":7856,"MachineName":"Win10","EventData":{"Product Name":"Microsoft Defender Antivirus","Platform version":"4.18.24080.9","Unused":"","Engine version":"1.1.24080.9","Security intelligence version":"1.419.436.0"}}
{"LogSource":"Microsoft-Windows-Windows Defender/Operational","EventId":1151,"TimeCreated":"2024-10-11T04:05:16.5691301-07:00","RecordId":7857,"MachineName":"Win10","EventData":{"Product Name":"Microsoft Defender Antivirus","Platform version":"4.18.24080.9","Unused":"","Engine version":"1.1.24080.9","NRI engine version":"1.1.24080.9","AV security intelligence version":"1.419.436.0","AS security intelligence version":"1.419.436.0","NRI security intelligence version":"1.419.436.0","RTP state":"Enabled","OA state":"Enabled","IOAV state":"Enabled","BM state":"Enabled","Last AV security intelligence age":"1","Last AS security intelligence age":"1","Last quick scan age":"0","Last full scan age":"4294967295","AV security intelligence creation time":"2024-10-10T08:13:05Z","AS security intelligence creation time":"2024-10-10T08:13:06Z","Last quick scan start time":"2024-10-10T20:38:32Z","Last quick scan end time":"2024-10-10T20:41:20Z","Last quick scan source":"2","Last full scan start time":"1601-01-01T00:00:00Z","Last full scan end time":"1601-01-01T00:00:00Z","Last full scan source":"0","Product status":"0x00080000","Latest engine version":"1.1.24080.9","Engine up-to-date":"0","Latest platform version":"4.18.24080.9","Platform up-to-date":"1"}}
{"LogSource":"Microsoft-Windows-Windows Defender/Operational","EventId":1150,"TimeCreated":"2024-10-11T05:05:16.5604820-07:00","RecordId":7858,"MachineName":"Win10","EventData":{"Product Name":"Microsoft Defender Antivirus","Platform version":"4.18.24080.9","Unused":"","Engine version":"1.1.24080.9","Security intelligence version":"1.419.436.0"}}
{"LogSource":"Microsoft-Windows-Windows Defender/Operational","EventId":1151,"TimeCreated":"2024-10-11T05:05:16.5672644-07:00","RecordId":7859,"MachineName":"Win10","EventData":{"Product Name":"Microsoft Defender Antivirus","Platform version":"4.18.24080.9","Unused":"","Engine version":"1.1.24080.9","NRI engine version":"1.1.24080.9","AV security intelligence version":"1.419.436.0","AS security intelligence version":"1.419.436.0","NRI security intelligence version":"1.419.436.0","RTP state":"Enabled","OA state":"Enabled","IOAV state":"Enabled","BM state":"Enabled","Last AV security intelligence age":"1","Last AS security intelligence age":"1","Last quick scan age":"0","Last full scan age":"4294967295","AV security intelligence creation time":"2024-10-10T08:13:05Z","AS security intelligence creation time":"2024-10-10T08:13:06Z","Last quick scan start time":"2024-10-10T20:38:32Z","Last quick scan end time":"2024-10-10T20:41:20Z","Last quick scan source":"2","Last full scan start time":"1601-01-01T00:00:00Z","Last full scan end time":"1601-01-01T00:00:00Z","Last full scan source":"0","Product status":"0x00080000","Latest engine version":"1.1.24080.9","Engine up-to-date":"0","Latest platform version":"4.18.24080.9","Platform up-to-date":"1"}}
{"LogSource":"Microsoft-Windows-Windows Defender/Operational","EventId":1150,"TimeCreated":"2024-10-11T06:05:16.5628063-07:00","RecordId":7860,"MachineName":"Win10","EventData":{"Product Name":"Microsoft Defender Antivirus","Platform version":"4.18.24080.9","Unused":"","Engine version":"1.1.24080.9","Security intelligence version":"1.419.436.0"}}
{"LogSource":"Microsoft-Windows-Windows Defender/Operational","EventId":1151,"TimeCreated":"2024-10-11T06:05:16.5704503-07:00","RecordId":7861,"MachineName":"Win10","EventData":{"Product Name":"Microsoft Defender Antivirus","Platform version":"4.18.24080.9","Unused":"","Engine version":"1.1.24080.9","NRI engine version":"1.1.24080.9","AV security intelligence version":"1.419.436.0","AS security intelligence version":"1.419.436.0","NRI security intelligence version":"1.419.436.0","RTP state":"Enabled","OA state":"Enabled","IOAV state":"Enabled","BM state":"Enabled","Last AV security intelligence age":"1","Last AS security intelligence age":"1","Last quick scan age":"0","Last full scan age":"4294967295","AV security intelligence creation time":"2024-10-10T08:13:05Z","AS security intelligence creation time":"2024-10-10T08:13:06Z","Last quick scan start time":"2024-10-10T20:38:32Z","Last quick scan end time":"2024-10-10T20:41:20Z","Last quick scan source":"2","Last full scan start time":"1601-01-01T00:00:00Z","Last full scan end time":"1601-01-01T00:00:00Z","Last full scan source":"0","Product status":"0x00080000","Latest engine version":"1.1.24080.9","Engine up-to-date":"0","Latest platform version":"4.18.24080.9","Platform up-to-date":"1"}}
{"LogSource":"Microsoft-Windows-Windows Defender/Operational","EventId":1150,"TimeCreated":"2024-10-11T07:05:16.5604696-07:00","RecordId":7862,"MachineName":"Win10","EventData":{"Product Name":"Microsoft Defender Antivirus","Platform version":"4.18.24080.9","Unused":"","Engine version":"1.1.24080.9","Security intelligence version":"1.419.436.0"}}
{"LogSource":"Microsoft-Windows-Windows Defender/Operational","EventId":1151,"TimeCreated":"2024-10-11T07:05:16.5674405-07:00","RecordId":7863,"MachineName":"Win10","EventData":{"Product Name":"Microsoft Defender Antivirus","Platform version":"4.18.24080.9","Unused":"","Engine version":"1.1.24080.9","NRI engine version":"1.1.24080.9","AV security intelligence version":"1.419.436.0","AS security intelligence version":"1.419.436.0","NRI security intelligence version":"1.419.436.0","RTP state":"Enabled","OA state":"Enabled","IOAV state":"Enabled","BM state":"Enabled","Last AV security intelligence age":"1","Last AS security intelligence age":"1","Last quick scan age":"0","Last full scan age":"4294967295","AV security intelligence creation time":"2024-10-10T08:13:05Z","AS security intelligence creation time":"2024-10-10T08:13:06Z","Last quick scan start time":"2024-10-10T20:38:32Z","Last quick scan end time":"2024-10-10T20:41:20Z","Last quick scan source":"2","Last full scan start time":"1601-01-01T00:00:00Z","Last full scan end time":"1601-01-01T00:00:00Z","Last full scan source":"0","Product status":"0x00080000","Latest engine version":"1.1.24080.9","Engine up-to-date":"0","Latest platform version":"4.18.24080.9","Platform up-to-date":"1"}}
{"LogSource":"Microsoft-Windows-Windows Defender/Operational","EventId":1150,"TimeCreated":"2024-10-11T08:05:16.5615666-07:00","RecordId":7864,"MachineName":"Win10","EventData":{"Product Name":"Microsoft Defender Antivirus","Platform version":"4.18.24080.9","Unused":"","Engine version":"1.1.24080.9","Security intelligence version":"1.419.436.0"}}
{"LogSource":"Microsoft-Windows-Windows Defender/Operational","EventId":1151,"TimeCreated":"2024-10-11T08:05:16.5687470-07:00","RecordId":7865,"MachineName":"Win10","EventData":{"Product Name":"Microsoft Defender Antivirus","Platform version":"4.18.24080.9","Unused":"","Engine version":"1.1.24080.9","NRI engine version":"1.1.24080.9","AV security intelligence version":"1.419.436.0","AS security intelligence version":"1.419.436.0","NRI security intelligence version":"1.419.436.0","RTP state":"Enabled","OA state":"Enabled","IOAV state":"Enabled","BM state":"Enabled","Last AV security intelligence age":"1","Last AS security intelligence age":"1","Last quick scan age":"0","Last full scan age":"4294967295","AV security intelligence creation time":"2024-10-10T08:13:05Z","AS security intelligence creation time":"2024-10-10T08:13:06Z","Last quick scan start time":"2024-10-10T20:38:32Z","Last quick scan end time":"2024-10-10T20:41:20Z","Last quick scan source":"2","Last full scan start time":"1601-01-01T00:00:00Z","Last full scan end time":"1601-01-01T00:00:00Z","Last full scan source":"0","Product status":"0x00080000","Latest engine version":"1.1.24080.9","Engine up-to-date":"0","Latest platform version":"4.18.24080.9","Platform up-to-date":"1"}}
