{"LogSource":"Microsoft-Windows-Sysmon/Operational","EventId":13,"TimeCreated":"2024-10-10T22:05:16.2025654-07:00","RecordId":171172,"MachineName":"Win10","EventData":{"RuleName":"T1031,T1050","EventType":"SetValue","UtcTime":"2024-10-11 05:05:16.189","ProcessGuid":"{53968da7-b1ff-6708-0b00-00000000fb00}","ProcessId":"740","Image":"C:\\Windows\\system32\\services.exe","TargetObject":"HKLM\\System\\CurrentControlSet\\Services\\WdNisDrv\\Start","Details":"DWORD (0x00000003)","User":"NT AUTHORITY\\SYSTEM"}}
{"LogSource":"Microsoft-Windows-Sysmon/Operational","EventId":1,"TimeCreated":"2024-10-10T22:05:16.3582521-07:00","RecordId":171173,"MachineName":"Win10","EventData":{"RuleName":"-","UtcTime":"2024-10-11 05:05:16.314","ProcessGuid":"{53968da7-b20c-6708-7800-00000000fb00}","ProcessId":"2308","Image":"C:\\ProgramData\\Microsoft\\Windows Defender\\Platform\\4.18.24080.9-0\\NisSrv.exe","FileVersion":"4.18.24080.9 (f49fb7de0d838aeebbdbd940314a35a90705840e)","Description":"Microsoft Network Realtime Inspection Service","Product":"Microsoft® Windows® Operating System","Company":"Microsoft Corporation","OriginalFileName":"NisSrv.exe","CommandLine":"\"C:\\ProgramData\\Microsoft\\Windows Defender\\Platform\\4.18.24080.9-0\\NisSrv.exe\"","CurrentDirectory":"C:\\Windows\\system32\\","User":"NT AUTHORITY\\LOCAL SERVICE","LogonGuid":"{53968da7-b200-6708-e503-000000000000}","LogonId":"0x3e5","TerminalSessionId":"0","IntegrityLevel":"System","Hashes":"MD5=95E4974C8E1226746C0A1F99859FCAC5,SHA256=1031A5A61B5A867432EC7E6E3B914B13A189A1013E3005A07F1AB7C7901E13C0,IMPHASH=C90C325028D3A25A56E8DEF97D479FBF","ParentProcessGuid":"{53968da7-b1ff-6708-0b00-00000000fb00}","ParentProcessId":"740","ParentImage":"C:\\Windows\\System32\\services.exe","ParentCommandLine":"C:\\Windows\\system32\\services.exe","ParentUser":"NT AUTHORITY\\SYSTEM"}}
{"LogSource":"Microsoft-Windows-Sysmon/Operational","EventId":1,"TimeCreated":"2024-10-10T22:05:16.4350315-07:00","RecordId":171174,"MachineName":"Win10","EventData":{"RuleName":"-","UtcTime":"2024-10-11 05:05:16.420","ProcessGuid":"{53968da7-b20c-6708-7900-00000000fb00}","ProcessId":"6164","Image":"C:\\Windows\\System32\\taskhostw.exe","FileVersion":"10.0.19041.4474 (WinBuild.160101.0800)","Description":"Host Process for Windows Tasks","Product":"Microsoft® Windows® Operating System","Company":"Microsoft Corporation","OriginalFileName":"taskhostw.exe","CommandLine":"taskhostw.exe SYSTEM","CurrentDirectory":"C:\\Windows\\system32\\","User":"NT AUTHORITY\\SYSTEM","LogonGuid":"{53968da7-b200-6708-e703-000000000000}","LogonId":"0x3e7","TerminalSessionId":"0","IntegrityLevel":"System","Hashes":"MD5=933581DCB7B289D61B63F08544540BA5,SHA256=1C7B7E7026EF8307BF33AFDADF1D49E7C1EE4C829260B4F6988185D22D7BCC3A,IMPHASH=3A0C6863CDE566AF997DB2DEFFF9D924","ParentProcessGuid":"{53968da7-b200-6708-1100-00000000fb00}","ParentProcessId":"492","ParentImage":"C:\\Windows\\System32\\svchost.exe","ParentCommandLine":"C:\\Windows\\system32\\svchost.exe -k netsvcs -p","ParentUser":"NT AUTHORITY\\SYSTEM"}}
{"LogSource":"Microsoft-Windows-Sysmon/Operational","EventId":3,"TimeCreated":"2024-10-10T22:05:17.1771734-07:00","RecordId":171175,"MachineName":"Win10","EventData":{"RuleName":"-","UtcTime":"2024-10-11 05:05:13.930","ProcessGuid":"{53968da7-b201-6708-2200-00000000fb00}","ProcessId":"2076","Image":"C:\\Windows\\System32\\WindowsPowerShell\\v1.0\\powershell.exe","User":"WIN10\\richard","Protocol":"tcp","Initiated":"true","SourceIsIpv6":"false","SourceIp":"192.168.1.120","SourceHostname":"Win10.wan","SourcePort":"49682","SourcePortName":"-","DestinationIsIpv6":"false","DestinationIp":"192.168.1.169","DestinationHostname":"workLaptop.wan","DestinationPort":"7070","DestinationPortName":"-"}}
{"LogSource":"Microsoft-Windows-Sysmon/Operational","EventId":1,"TimeCreated":"2024-10-10T22:05:24.0833138-07:00","RecordId":171176,"MachineName":"Win10","EventData":{"RuleName":"-","UtcTime":"2024-10-11 05:05:24.056","ProcessGuid":"{53968da7-b214-6708-7b00-00000000fb00}","ProcessId":"6348","Image":"C:\\Windows\\System32\\smartscreen.exe","FileVersion":"10.0.19041.5007 (WinBuild.160101.0800)","Description":"Windows Defender SmartScreen","Product":"Microsoft® Windows® Operating System","Company":"Microsoft Corporation","OriginalFileName":"smartscreen.exe","CommandLine":"C:\\Windows\\System32\\smartscreen.exe -Embedding","CurrentDirectory":"C:\\Windows\\system32\\","User":"WIN10\\richard","LogonGuid":"{53968da7-b202-6708-c295-020000000000}","LogonId":"0x295c2","TerminalSessionId":"1","IntegrityLevel":"Medium","Hashes":"MD5=C0F62FB7AD4A9C049D5AC3B737E1252D,SHA256=F4EAFC737F93186D563B198ED737C9C2F17A4B9A58D976D78D1C2E13C1EDA104,IMPHASH=9ECF7E989FB6561A51A731BC7991D274","ParentProcessGuid":"{53968da7-b200-6708-0d00-00000000fb00}","ParentProcessId":"884","ParentImage":"C:\\Windows\\System32\\svchost.exe","ParentCommandLine":"C:\\Windows\\system32\\svchost.exe -k DcomLaunch -p","ParentUser":"NT AUTHORITY\\SYSTEM"}}
{"LogSource":"Microsoft-Windows-Sysmon/Operational","EventId":1,"TimeCreated":"2024-10-10T22:05:24.1696448-07:00","RecordId":171177,"MachineName":"Win10","EventData":{"RuleName":"-","UtcTime":"2024-10-11 05:05:24.164","ProcessGuid":"{53968da7-b214-6708-7c00-00000000fb00}","ProcessId":"6404","Image":"C:\\Windows\\System32\\SecurityHealthSystray.exe","FileVersion":"10.0.19041.4355 (WinBuild.160101.0800)","Description":"Windows Security notification icon","Product":"Microsoft® Windows® Operating System","Company":"Microsoft Corporation","OriginalFileName":"SecurityHealthSystray.exe","CommandLine":"\"C:\\Windows\\System32\\SecurityHealthSystray.exe\" ","CurrentDirectory":"C:\\Windows\\system32\\","User":"WIN10\\richard","LogonGuid":"{53968da7-b202-6708-c295-020000000000}","LogonId":"0x295c2","TerminalSessionId":"1","IntegrityLevel":"Medium","Hashes":"MD5=6AA21DC87BDF6531F77388BFAD5C73BC,SHA256=EAD5BBB7752377BB4D9BF8DCC38A34969E254E5DA87889B8D4B4788E3BE0B0EF,IMPHASH=E6B44B525767F585EB30F35172497CB0","ParentProcessGuid":"{53968da7-b203-6708-4f00-00000000fb00}","ParentProcessId":"4396","ParentImage":"C:\\Windows\\explorer.exe","ParentCommandLine":"C:\\Windows\\Explorer.EXE","ParentUser":"WIN10\\richard"}}
{"LogSource":"Microsoft-Windows-Sysmon/Operational","EventId":1,"TimeCreated":"2024-10-10T22:05:24.2537879-07:00","RecordId":171178,"MachineName":"Win10","EventData":{"RuleName":"-","UtcTime":"2024-10-11 05:05:24.237","ProcessGuid":"{53968da7-b214-6708-7d00-00000000fb00}","ProcessId":"6440","Image":"C:\\Windows\\System32\\SecurityHealthService.exe","FileVersion":"4.18.1907.16384 (WinBuild.160101.0800)","Description":"Windows Security Health Service","Product":"Microsoft® Windows® Operating System","Company":"Microsoft Corporation","OriginalFileName":"SecurityHealthService.exe","CommandLine":"C:\\Windows\\system32\\SecurityHealthService.exe","CurrentDirectory":"C:\\Windows\\system32\\","User":"NT AUTHORITY\\SYSTEM","LogonGuid":"{53968da7-b200-6708-e703-000000000000}","LogonId":"0x3e7","TerminalSessionId":"0","IntegrityLevel":"System","Hashes":"MD5=E672D897F45444B754BBA4BD56286AED,SHA256=B9238370F551997A3054213D945B5AA76605492CF85E90AF37147566B4E700AC,IMPHASH=7DFC7478D6668760D96E18604ED6AB6E","ParentProcessGuid":"{53968da7-b1ff-6708-0b00-00000000fb00}","ParentProcessId":"740","ParentImage":"C:\\Windows\\System32\\services.exe","ParentCommandLine":"C:\\Windows\\system32\\services.exe","ParentUser":"NT AUTHORITY\\SYSTEM"}}
{"LogSource":"Microsoft-Windows-Sysmon/Operational","EventId":1,"TimeCreated":"2024-10-10T22:05:25.2172683-07:00","RecordId":171179,"MachineName":"Win10","EventData":{"RuleName":"-","UtcTime":"2024-10-11 05:05:25.191","ProcessGuid":"{53968da7-b215-6708-7e00-00000000fb00}","ProcessId":"6520","Image":"C:\\Windows\\System32\\VBoxTray.exe","FileVersion":"7.0.6.155176","Description":"VirtualBox Guest Additions Tray Application","Product":"Oracle VM VirtualBox Guest Additions","Company":"Oracle and/or its affiliates","OriginalFileName":"-","CommandLine":"\"C:\\Windows\\System32\\VBoxTray.exe\" ","CurrentDirectory":"C:\\Windows\\system32\\","User":"WIN10\\richard","LogonGuid":"{53968da7-b202-6708-c295-020000000000}","LogonId":"0x295c2","TerminalSessionId":"1","IntegrityLevel":"Medium","Hashes":"MD5=72CFF15668C33F8ED29095770230B0DE,SHA256=1561781134E28FE291D3668231A47969CAF92C1B2CE9599BB4E830338ADFB901,IMPHASH=45CEC31CAFCE2061F4586782350EAB96","ParentProcessGuid":"{53968da7-b203-6708-4f00-00000000fb00}","ParentProcessId":"4396","ParentImage":"C:\\Windows\\explorer.exe","ParentCommandLine":"C:\\Windows\\Explorer.EXE","ParentUser":"WIN10\\richard"}}
{"LogSource":"Microsoft-Windows-Sysmon/Operational","EventId":1,"TimeCreated":"2024-10-10T22:05:25.8702156-07:00","RecordId":171180,"MachineName":"Win10","EventData":{"RuleName":"-","UtcTime":"2024-10-11 05:05:25.820","ProcessGuid":"{53968da7-b215-6708-7f00-00000000fb00}","ProcessId":"6612","Image":"C:\\Program Files\\Opera\\assistant\\browser_assistant.exe","FileVersion":"108.0.5067.20","Description":"Opera Browser Assistant","Product":"Opera Browser Assistant","Company":"Opera Software","OriginalFileName":"-","CommandLine":"\"C:\\Program Files\\Opera\\assistant\\browser_assistant.exe\" ","CurrentDirectory":"C:\\Windows\\system32\\","User":"WIN10\\richard","LogonGuid":"{53968da7-b202-6708-c295-020000000000}","LogonId":"0x295c2","TerminalSessionId":"1","IntegrityLevel":"Medium","Hashes":"MD5=28EAC5396EF92DEEE59367882C080872,SHA256=3A955038377F8645676D5375CFA9E8ED393714B81D20CD188868591CAD5A7DEB,IMPHASH=AD0907993CBC9E705945A9A2480E832D","ParentProcessGuid":"{53968da7-b203-6708-4f00-00000000fb00}","ParentProcessId":"4396","ParentImage":"C:\\Windows\\explorer.exe","ParentCommandLine":"C:\\Windows\\Explorer.EXE","ParentUser":"WIN10\\richard"}}
{"LogSource":"Microsoft-Windows-Sysmon/Operational","EventId":1,"TimeCreated":"2024-10-10T22:05:25.9357191-07:00","RecordId":171181,"MachineName":"Win10","EventData":{"RuleName":"-","UtcTime":"2024-10-11 05:05:25.916","ProcessGuid":"{53968da7-b215-6708-8000-00000000fb00}","ProcessId":"6632","Image":"C:\\Program Files\\Opera\\opera.exe","FileVersion":"113.0.5230.142","Description":"Opera Internet Browser","Product":"Opera Internet Browser","Company":"Opera Software","OriginalFileName":"-","CommandLine":"\"C:\\Program Files\\Opera\\opera.exe\" --stream","CurrentDirectory":"C:\\Windows\\system32\\","User":"WIN10\\richard","LogonGuid":"{53968da7-b202-6708-c295-020000000000}","LogonId":"0x295c2","TerminalSessionId":"1","IntegrityLevel":"Medium","Hashes":"MD5=00886BEAC3A9EF1E6E0A4416B5D36364,SHA256=D821A30BA3F5444832E88FEBC920CFD4409C513920DD0072258E2AFEF426DBBB,IMPHASH=8D46F7C0404DD8927121BE5BD79354F5","ParentProcessGuid":"{53968da7-b215-6708-7f00-00000000fb00}","ParentProcessId":"6612","ParentImage":"C:\\Program Files\\Opera\\assistant\\browser_assistant.exe","ParentCommandLine":"\"C:\\Program Files\\Opera\\assistant\\browser_assistant.exe\" ","ParentUser":"WIN10\\richard"}}
{"LogSource":"Microsoft-Windows-Sysmon/Operational","EventId":1,"TimeCreated":"2024-10-10T22:05:26.2579376-07:00","RecordId":171182,"MachineName":"Win10","EventData":{"RuleName":"-","UtcTime":"2024-10-11 05:05:26.235","ProcessGuid":"{53968da7-b216-6708-8100-00000000fb00}","ProcessId":"6652","Image":"C:\\Program Files\\Opera\\113.0.5230.142\\opera_crashreporter.exe","FileVersion":"113.0.5230.142","Description":"Opera crash-reporter","Product":"Opera crash-reporter","Company":"Opera Software","OriginalFileName":"-","CommandLine":"\"C:\\Program Files\\Opera\\113.0.5230.142\\opera_crashreporter.exe\" --type=crashpad-handler /prefetch:4 --monitor-self-annotation=ptype=crashpad-handler \"--database=C:\\Users\\richard\\AppData\\Roaming\\Opera Software\\Opera Stable\\Crash Reports\" \"--crash-count-file=C:\\Users\\richard\\AppData\\Roaming\\Opera Software\\Opera Stable\\crash_count.txt\" --url=https://crashstats-collector-2.opera.com/ --annotation=channel=Stable --annotation=plat=Win64 --annotation=prod=OperaDesktop --annotation=ver=113.0.5230.142 --initial-client-data=0x2a8,0x2ac,0x2b0,0x2a4,0x2b4,0x7ff8d8805488,0x7ff8d8805498,0x7ff8d88054a8","CurrentDirectory":"C:\\Program Files\\Opera\\113.0.5230.142\\","User":"WIN10\\richard","LogonGuid":"{53968da7-b202-6708-c295-020000000000}","LogonId":"0x295c2","TerminalSessionId":"1","IntegrityLevel":"Medium","Hashes":"MD5=4F9D3932D963B563C4D2D35E475C9C9E,SHA256=37BE71282CF0431667CE558795B5834F674134A00BE65177342D484203060970,IMPHASH=056FB95F36D8F2605C92055450336A88","ParentProcessGuid":"{53968da7-b215-6708-8000-00000000fb00}","ParentProcessId":"6632","ParentImage":"C:\\Program Files\\Opera\\opera.exe","ParentCommandLine":"\"C:\\Program Files\\Opera\\opera.exe\" --stream","ParentUser":"WIN10\\richard"}}
{"LogSource":"Microsoft-Windows-Sysmon/Operational","EventId":1,"TimeCreated":"2024-10-10T22:05:26.3780807-07:00","RecordId":171183,"MachineName":"Win10","EventData":{"RuleName":"-","UtcTime":"2024-10-11 05:05:26.370","ProcessGuid":"{53968da7-b216-6708-8200-00000000fb00}","ProcessId":"6708","Image":"C:\\Program Files\\Opera\\assistant\\browser_assistant.exe","FileVersion":"108.0.5067.20","Description":"Opera Browser Assistant","Product":"Opera Browser Assistant","Company":"Opera Software","OriginalFileName":"-","CommandLine":"\"C:\\Program Files\\Opera\\assistant\\browser_assistant.exe\" --type=crashpad-handler /prefetch:4 --monitor-self-annotation=ptype=crashpad-handler \"--database=C:\\Users\\richard\\AppData\\Roaming\\Opera Software\\Opera Stable\\Crash Reports\" \"--crash-count-file=C:\\Users\\richard\\AppData\\Roaming\\Opera Software\\Opera Stable\\crash_count.txt\" --url=https://crashstats-collector.opera.com/collector/submit --annotation=channel=Stable --annotation=plat=Win32 --annotation=prod=OperaDesktop --annotation=ver=108.0.5067.20 --initial-client-data=0x2ac,0x2b0,0x2b4,0x288,0x2b8,0xbb694c,0xbb6958,0xbb6964","CurrentDirectory":"C:\\Windows\\system32\\","User":"WIN10\\richard","LogonGuid":"{53968da7-b202-6708-c295-020000000000}","LogonId":"0x295c2","TerminalSessionId":"1","IntegrityLevel":"Medium","Hashes":"MD5=28EAC5396EF92DEEE59367882C080872,SHA256=3A955038377F8645676D5375CFA9E8ED393714B81D20CD188868591CAD5A7DEB,IMPHASH=AD0907993CBC9E705945A9A2480E832D","ParentProcessGuid":"{53968da7-b215-6708-7f00-00000000fb00}","ParentProcessId":"6612","ParentImage":"C:\\Program Files\\Opera\\assistant\\browser_assistant.exe","ParentCommandLine":"\"C:\\Program Files\\Opera\\assistant\\browser_assistant.exe\" ","ParentUser":"WIN10\\richard"}}
{"LogSource":"Microsoft-Windows-Sysmon/Operational","EventId":1,"TimeCreated":"2024-10-10T22:05:26.4021264-07:00","RecordId":171184,"MachineName":"Win10","EventData":{"RuleName":"-","UtcTime":"2024-10-11 05:05:26.399","ProcessGuid":"{53968da7-b216-6708-8300-00000000fb00}","ProcessId":"6728","Image":"C:\\Program Files\\Opera\\opera.exe","FileVersion":"113.0.5230.142","Description":"Opera Internet Browser","Product":"Opera Internet Browser","Company":"Opera Software","OriginalFileName":"-","CommandLine":"\"C:\\Program Files\\Opera\\opera.exe\" --stream","CurrentDirectory":"C:\\Windows\\system32\\","User":"WIN10\\richard","LogonGuid":"{53968da7-b202-6708-c295-020000000000}","LogonId":"0x295c2","TerminalSessionId":"1","IntegrityLevel":"Medium","Hashes":"MD5=00886BEAC3A9EF1E6E0A4416B5D36364,SHA256=D821A30BA3F5444832E88FEBC920CFD4409C513920DD0072258E2AFEF426DBBB,IMPHASH=8D46F7C0404DD8927121BE5BD79354F5","ParentProcessGuid":"{53968da7-b216-6708-8200-00000000fb00}","ParentProcessId":"6708","ParentImage":"C:\\Program Files\\Opera\\assistant\\browser_assistant.exe","ParentCommandLine":"\"C:\\Program Files\\Opera\\assistant\\browser_assistant.exe\" --type=crashpad-handler /prefetch:4 --monitor-self-annotation=ptype=crashpad-handler \"--database=C:\\Users\\richard\\AppData\\Roaming\\Opera Software\\Opera Stable\\Crash Reports\" \"--crash-count-file=C:\\Users\\richard\\AppData\\Roaming\\Opera Software\\Opera Stable\\crash_count.txt\" --url=https://crashstats-collector.opera.com/collector/submit --annotation=channel=Stable --annotation=plat=Win32 --annotation=prod=OperaDesktop --annotation=ver=108.0.5067.20 --initial-client-data=0x2ac,0x2b0,0x2b4,0x288,0x2b8,0xbb694c,0xbb6958,0xbb6964","ParentUser":"WIN10\\richard"}}
{"LogSource":"Microsoft-Windows-Sysmon/Operational","EventId":1,"TimeCreated":"2024-10-10T22:05:26.4673315-07:00","RecordId":171185,"MachineName":"Win10","EventData":{"RuleName":"-","UtcTime":"2024-10-11 05:05:26.463","ProcessGuid":"{53968da7-b216-6708-8400-00000000fb00}","ProcessId":"6748","Image":"C:\\Program Files\\Opera\\113.0.5230.142\\opera_crashreporter.exe","FileVersion":"113.0.5230.142","Description":"Opera crash-reporter","Product":"Opera crash-reporter","Company":"Opera Software","OriginalFileName":"-","CommandLine":"\"C:\\Program Files\\Opera\\113.0.5230.142\\opera_crashreporter.exe\" --type=crashpad-handler /prefetch:4 --monitor-self-annotation=ptype=crashpad-handler \"--database=C:\\Users\\richard\\AppData\\Roaming\\Opera Software\\Opera Stable\\Crash Reports\" \"--crash-count-file=C:\\Users\\richard\\AppData\\Roaming\\Opera Software\\Opera Stable\\crash_count.txt\" --url=https://crashstats-collector-2.opera.com/ --annotation=channel=Stable --annotation=plat=Win64 --annotation=prod=OperaDesktop --annotation=ver=113.0.5230.142 --initial-client-data=0x1f8,0x224,0x2c4,0x234,0x2c8,0x7ff8d8805488,0x7ff8d8805498,0x7ff8d88054a8","CurrentDirectory":"C:\\Program Files\\Opera\\113.0.5230.142\\","User":"WIN10\\richard","LogonGuid":"{53968da7-b202-6708-c295-020000000000}","LogonId":"0x295c2","TerminalSessionId":"1","IntegrityLevel":"Medium","Hashes":"MD5=4F9D3932D963B563C4D2D35E475C9C9E,SHA256=37BE71282CF0431667CE558795B5834F674134A00BE65177342D484203060970,IMPHASH=056FB95F36D8F2605C92055450336A88","ParentProcessGuid":"{53968da7-b216-6708-8300-00000000fb00}","ParentProcessId":"6728","ParentImage":"C:\\Program Files\\Opera\\opera.exe","ParentCommandLine":"\"C:\\Program Files\\Opera\\opera.exe\" --stream","ParentUser":"WIN10\\richard"}}
{"LogSource":"Microsoft-Windows-Sysmon/Operational","EventId":1,"TimeCreated":"2024-10-10T22:05:26.5006751-07:00","RecordId":171186,"MachineName":"Win10","EventData":{"RuleName":"-","UtcTime":"2024-10-11 05:05:26.498","ProcessGuid":"{53968da7-b216-6708-8500-00000000fb00}","ProcessId":"6804","Image":"C:\\Program Files\\Opera\\opera.exe","FileVersion":"113.0.5230.142","Description":"Opera Internet Browser","Product":"Opera Internet Browser","Company":"Opera Software","OriginalFileName":"-","CommandLine":"\"C:\\Program Files\\Opera\\opera.exe\" --stream","CurrentDirectory":"C:\\Windows\\system32\\","User":"WIN10\\richard","LogonGuid":"{53968da7-b202-6708-c295-020000000000}","LogonId":"0x295c2","TerminalSessionId":"1","IntegrityLevel":"Medium","Hashes":"MD5=00886BEAC3A9EF1E6E0A4416B5D36364,SHA256=D821A30BA3F5444832E88FEBC920CFD4409C513920DD0072258E2AFEF426DBBB,IMPHASH=8D46F7C0404DD8927121BE5BD79354F5","ParentProcessGuid":"{53968da7-b216-6708-8200-00000000fb00}","ParentProcessId":"6708","ParentImage":"C:\\Program Files\\Opera\\assistant\\browser_assistant.exe","ParentCommandLine":"\"C:\\Program Files\\Opera\\assistant\\browser_assistant.exe\" --type=crashpad-handler /prefetch:4 --monitor-self-annotation=ptype=crashpad-handler \"--database=C:\\Users\\richard\\AppData\\Roaming\\Opera Software\\Opera Stable\\Crash Reports\" \"--crash-count-file=C:\\Users\\richard\\AppData\\Roaming\\Opera Software\\Opera Stable\\crash_count.txt\" --url=https://crashstats-collector.opera.com/collector/submit --annotation=channel=Stable --annotation=plat=Win32 --annotation=prod=OperaDesktop --annotation=ver=108.0.5067.20 --initial-client-data=0x2ac,0x2b0,0x2b4,0x288,0x2b8,0xbb694c,0xbb6958,0xbb6964","ParentUser":"WIN10\\richard"}}
{"LogSource":"Microsoft-Windows-Sysmon/Operational","EventId":1,"TimeCreated":"2024-10-10T22:05:26.5618570-07:00","RecordId":171187,"MachineName":"Win10","EventData":{"RuleName":"-","UtcTime":"2024-10-11 05:05:26.558","ProcessGuid":"{53968da7-b216-6708-8600-00000000fb00}","ProcessId":"6824","Image":"C:\\Program Files\\Opera\\113.0.5230.142\\opera_crashreporter.exe","FileVersion":"113.0.5230.142","Description":"Opera crash-reporter","Product":"Opera crash-reporter","Company":"Opera Software","OriginalFileName":"-","CommandLine":"\"C:\\Program Files\\Opera\\113.0.5230.142\\opera_crashreporter.exe\" --type=crashpad-handler /prefetch:4 --monitor-self-annotation=ptype=crashpad-handler \"--database=C:\\Users\\richard\\AppData\\Roaming\\Opera Software\\Opera Stable\\Crash Reports\" \"--crash-count-file=C:\\Users\\richard\\AppData\\Roaming\\Opera Software\\Opera Stable\\crash_count.txt\" --url=https://crashstats-collector-2.opera.com/ --annotation=channel=Stable --annotation=plat=Win64 --annotation=prod=OperaDesktop --annotation=ver=113.0.5230.142 --initial-client-data=0x270,0x1f8,0x220,0x26c,0x22c,0x7ff8d8805488,0x7ff8d8805498,0x7ff8d88054a8","CurrentDirectory":"C:\\Program Files\\Opera\\113.0.5230.142\\","User":"WIN10\\richard","LogonGuid":"{53968da7-b202-6708-c295-020000000000}","LogonId":"0x295c2","TerminalSessionId":"1","IntegrityLevel":"Medium","Hashes":"MD5=4F9D3932D963B563C4D2D35E475C9C9E,SHA256=37BE71282CF0431667CE558795B5834F674134A00BE65177342D484203060970,IMPHASH=056FB95F36D8F2605C92055450336A88","ParentProcessGuid":"{53968da7-b216-6708-8500-00000000fb00}","ParentProcessId":"6804","ParentImage":"C:\\Program Files\\Opera\\opera.exe","ParentCommandLine":"\"C:\\Program Files\\Opera\\opera.exe\" --stream","ParentUser":"WIN10\\richard"}}
{"LogSource":"Microsoft-Windows-Sysmon/Operational","EventId":1,"TimeCreated":"2024-10-10T22:05:26.5911696-07:00","RecordId":171188,"MachineName":"Win10","EventData":{"RuleName":"-","UtcTime":"2024-10-11 05:05:26.589","ProcessGuid":"{53968da7-b216-6708-8700-00000000fb00}","ProcessId":"6880","Image":"C:\\Program Files\\Opera\\opera.exe","FileVersion":"113.0.5230.142","Description":"Opera Internet Browser","Product":"Opera Internet Browser","Company":"Opera Software","OriginalFileName":"-","CommandLine":"\"C:\\Program Files\\Opera\\opera.exe\" --stream","CurrentDirectory":"C:\\Windows\\system32\\","User":"WIN10\\richard","LogonGuid":"{53968da7-b202-6708-c295-020000000000}","LogonId":"0x295c2","TerminalSessionId":"1","IntegrityLevel":"Medium","Hashes":"MD5=00886BEAC3A9EF1E6E0A4416B5D36364,SHA256=D821A30BA3F5444832E88FEBC920CFD4409C513920DD0072258E2AFEF426DBBB,IMPHASH=8D46F7C0404DD8927121BE5BD79354F5","ParentProcessGuid":"{53968da7-b216-6708-8200-00000000fb00}","ParentProcessId":"6708","ParentImage":"C:\\Program Files\\Opera\\assistant\\browser_assistant.exe","ParentCommandLine":"\"C:\\Program Files\\Opera\\assistant\\browser_assistant.exe\" --type=crashpad-handler /prefetch:4 --monitor-self-annotation=ptype=crashpad-handler \"--database=C:\\Users\\richard\\AppData\\Roaming\\Opera Software\\Opera Stable\\Crash Reports\" \"--crash-count-file=C:\\Users\\richard\\AppData\\Roaming\\Opera Software\\Opera Stable\\crash_count.txt\" --url=https://crashstats-collector.opera.com/collector/submit --annotation=channel=Stable --annotation=plat=Win32 --annotation=prod=OperaDesktop --annotation=ver=108.0.5067.20 --initial-client-data=0x2ac,0x2b0,0x2b4,0x288,0x2b8,0xbb694c,0xbb6958,0xbb6964","ParentUser":"WIN10\\richard"}}
{"LogSource":"Microsoft-Windows-Sysmon/Operational","EventId":1,"TimeCreated":"2024-10-10T22:05:26.6091056-07:00","RecordId":171189,"MachineName":"Win10","EventData":{"RuleName":"-","UtcTime":"2024-10-11 05:05:26.593","ProcessGuid":"{53968da7-b216-6708-8800-00000000fb00}","ProcessId":"6888","Image":"C:\\Program Files\\OpenVPN\\bin\\openvpn-gui.exe","FileVersion":"-","Description":"-","Product":"-","Company":"-","OriginalFileName":"-","CommandLine":"\"C:\\Program Files\\OpenVPN\\bin\\openvpn-gui.exe\" ","CurrentDirectory":"C:\\Windows\\system32\\","User":"WIN10\\richard","LogonGuid":"{53968da7-b202-6708-c295-020000000000}","LogonId":"0x295c2","TerminalSessionId":"1","IntegrityLevel":"Medium","Hashes":"MD5=CFF5C94146FB1A1E982972FDF73D06D2,SHA256=237755CF2C3EE66F8062688671D578DE5E79D8CDEBEA19EB8F99FDBB0A13558A,IMPHASH=C31F25C9AF4CBC689906F77516C2BF97","ParentProcessGuid":"{53968da7-b203-6708-4f00-00000000fb00}","ParentProcessId":"4396","ParentImage":"C:\\Windows\\explorer.exe","ParentCommandLine":"C:\\Windows\\Explorer.EXE","ParentUser":"WIN10\\richard"}}
{"LogSource":"Microsoft-Windows-Sysmon/Operational","EventId":1,"TimeCreated":"2024-10-10T22:05:26.6514478-07:00","RecordId":171190,"MachineName":"Win10","EventData":{"RuleName":"-","UtcTime":"2024-10-11 05:05:26.647","ProcessGuid":"{53968da7-b216-6708-8900-00000000fb00}","ProcessId":"6924","Image":"C:\\Program Files\\Opera\\113.0.5230.142\\opera_crashreporter.exe","FileVersion":"113.0.5230.142","Description":"Opera crash-reporter","Product":"Opera crash-reporter","Company":"Opera Software","OriginalFileName":"-","CommandLine":"\"C:\\Program Files\\Opera\\113.0.5230.142\\opera_crashreporter.exe\" --type=crashpad-handler /prefetch:4 --monitor-self-annotation=ptype=crashpad-handler \"--database=C:\\Users\\richard\\AppData\\Roaming\\Opera Software\\Opera Stable\\Crash Reports\" \"--crash-count-file=C:\\Users\\richard\\AppData\\Roaming\\Opera Software\\Opera Stable\\crash_count.txt\" --url=https://crashstats-collector-2.opera.com/ --annotation=channel=Stable --annotation=plat=Win64 --annotation=prod=OperaDesktop --annotation=ver=113.0.5230.142 --initial-client-data=0xa4,0xa8,0x2d8,0x244,0x2dc,0x7ff8d8805488,0x7ff8d8805498,0x7ff8d88054a8","CurrentDirectory":"C:\\Program Files\\Opera\\113.0.5230.142\\","User":"WIN10\\richard","LogonGuid":"{53968da7-b202-6708-c295-020000000000}","LogonId":"0x295c2","TerminalSessionId":"1","IntegrityLevel":"Medium","Hashes":"MD5=4F9D3932D963B563C4D2D35E475C9C9E,SHA256=37BE71282CF0431667CE558795B5834F674134A00BE65177342D484203060970,IMPHASH=056FB95F36D8F2605C92055450336A88","ParentProcessGuid":"{53968da7-b216-6708-8700-00000000fb00}","ParentProcessId":"6880","ParentImage":"C:\\Program Files\\Opera\\opera.exe","ParentCommandLine":"\"C:\\Program Files\\Opera\\opera.exe\" --stream","ParentUser":"WIN10\\richard"}}
{"LogSource":"Microsoft-Windows-Sysmon/Operational","EventId":1,"TimeCreated":"2024-10-10T22:05:26.6835630-07:00","RecordId":171191,"MachineName":"Win10","EventData":{"RuleName":"-","UtcTime":"2024-10-11 05:05:26.681","ProcessGuid":"{53968da7-b216-6708-8a00-00000000fb00}","ProcessId":"7004","Image":"C:\\Program Files\\Opera\\opera.exe","FileVersion":"113.0.5230.142","Description":"Opera Internet Browser","Product":"Opera Internet Browser","Company":"Opera Software","OriginalFileName":"-","CommandLine":"\"C:\\Program Files\\Opera\\opera.exe\" --stream","CurrentDirectory":"C:\\Windows\\system32\\","User":"WIN10\\richard","LogonGuid":"{53968da7-b202-6708-c295-020000000000}","LogonId":"0x295c2","TerminalSessionId":"1","IntegrityLevel":"Medium","Hashes":"MD5=00886BEAC3A9EF1E6E0A4416B5D36364,SHA256=D821A30BA3F5444832E88FEBC920CFD4409C513920DD0072258E2AFEF426DBBB,IMPHASH=8D46F7C0404DD8927121BE5BD79354F5","ParentProcessGuid":"{53968da7-b215-6708-7f00-00000000fb00}","ParentProcessId":"6612","ParentImage":"C:\\Program Files\\Opera\\assistant\\browser_assistant.exe","ParentCommandLine":"\"C:\\Program Files\\Opera\\assistant\\browser_assistant.exe\" ","ParentUser":"WIN10\\richard"}}
{"LogSource":"Microsoft-Windows-Sysmon/Operational","EventId":1,"TimeCreated":"2024-10-10T22:05:26.7479470-07:00","RecordId":171192,"MachineName":"Win10","EventData":{"RuleName":"-","UtcTime":"2024-10-11 05:05:26.744","ProcessGuid":"{53968da7-b216-6708-8b00-00000000fb00}","ProcessId":"7024","Image":"C:\\Program Files\\Opera\\113.0.5230.142\\opera_crashreporter.exe","FileVersion":"113.0.5230.142","Description":"Opera crash-reporter","Product":"Opera crash-reporter","Company":"Opera Software","OriginalFileName":"-","CommandLine":"\"C:\\Program Files\\Opera\\113.0.5230.142\\opera_crashreporter.exe\" --type=crashpad-handler /prefetch:4 --monitor-self-annotation=ptype=crashpad-handler \"--database=C:\\Users\\richard\\AppData\\Roaming\\Opera Software\\Opera Stable\\Crash Reports\" \"--crash-count-file=C:\\Users\\richard\\AppData\\Roaming\\Opera Software\\Opera Stable\\crash_count.txt\" --url=https://crashstats-collector-2.opera.com/ --annotation=channel=Stable --annotation=plat=Win64 --annotation=prod=OperaDesktop --annotation=ver=113.0.5230.142 --initial-client-data=0x2a4,0x2a8,0x2b8,0x2a0,0x2bc,0x7ff8d8805488,0x7ff8d8805498,0x7ff8d88054a8","CurrentDirectory":"C:\\Program Files\\Opera\\113.0.5230.142\\","User":"WIN10\\richard","LogonGuid":"{53968da7-b202-6708-c295-020000000000}","LogonId":"0x295c2","TerminalSessionId":"1","IntegrityLevel":"Medium","Hashes":"MD5=4F9D3932D963B563C4D2D35E475C9C9E,SHA256=37BE71282CF0431667CE558795B5834F674134A00BE65177342D484203060970,IMPHASH=056FB95F36D8F2605C92055450336A88","ParentProcessGuid":"{53968da7-b216-6708-8a00-00000000fb00}","ParentProcessId":"7004","ParentImage":"C:\\Program Files\\Opera\\opera.exe","ParentCommandLine":"\"C:\\Program Files\\Opera\\opera.exe\" --stream","ParentUser":"WIN10\\richard"}}
{"LogSource":"Microsoft-Windows-Sysmon/Operational","EventId":1,"TimeCreated":"2024-10-10T22:05:26.8324772-07:00","RecordId":171193,"MachineName":"Win10","EventData":{"RuleName":"-","UtcTime":"2024-10-11 05:05:26.819","ProcessGuid":"{53968da7-b216-6708-8c00-00000000fb00}","ProcessId":"7092","Image":"C:\\Program Files\\OpenVPN\\bin\\openvpn.exe","FileVersion":"2.6.2.0","Description":"OpenVPN Daemon","Product":"OpenVPN","Company":"The OpenVPN Project","OriginalFileName":"openvpn.exe","CommandLine":"openvpn --version","CurrentDirectory":"C:\\Program Files\\OpenVPN\\bin\\","User":"WIN10\\richard","LogonGuid":"{53968da7-b202-6708-c295-020000000000}","LogonId":"0x295c2","TerminalSessionId":"1","IntegrityLevel":"Medium","Hashes":"MD5=C3C34B2B0885D6A42EDEFB390BA69438,SHA256=D5C4FF2692DBFA7BEDA3FAE09B6DFEF6B47E179FDD85A1087D719D454C66FB26,IMPHASH=DD710F2C191E0D96706D07A94FE3684E","ParentProcessGuid":"{53968da7-b216-6708-8800-00000000fb00}","ParentProcessId":"6888","ParentImage":"C:\\Program Files\\OpenVPN\\bin\\openvpn-gui.exe","ParentCommandLine":"\"C:\\Program Files\\OpenVPN\\bin\\openvpn-gui.exe\" ","ParentUser":"WIN10\\richard"}}
{"LogSource":"Microsoft-Windows-Sysmon/Operational","EventId":1,"TimeCreated":"2024-10-10T22:05:27.0205482-07:00","RecordId":171194,"MachineName":"Win10","EventData":{"RuleName":"-","UtcTime":"2024-10-11 05:05:27.017","ProcessGuid":"{53968da7-b217-6708-8e00-00000000fb00}","ProcessId":"5292","Image":"C:\\Program Files\\Opera\\opera.exe","FileVersion":"113.0.5230.142","Description":"Opera Internet Browser","Product":"Opera Internet Browser","Company":"Opera Software","OriginalFileName":"-","CommandLine":"\"C:\\Program Files\\Opera\\opera.exe\" ","CurrentDirectory":"C:\\Windows\\system32\\","User":"WIN10\\richard","LogonGuid":"{53968da7-b202-6708-c295-020000000000}","LogonId":"0x295c2","TerminalSessionId":"1","IntegrityLevel":"Medium","Hashes":"MD5=00886BEAC3A9EF1E6E0A4416B5D36364,SHA256=D821A30BA3F5444832E88FEBC920CFD4409C513920DD0072258E2AFEF426DBBB,IMPHASH=8D46F7C0404DD8927121BE5BD79354F5","ParentProcessGuid":"{53968da7-b203-6708-4f00-00000000fb00}","ParentProcessId":"4396","ParentImage":"C:\\Windows\\explorer.exe","ParentCommandLine":"C:\\Windows\\Explorer.EXE","ParentUser":"WIN10\\richard"}}
{"LogSource":"Microsoft-Windows-Sysmon/Operational","EventId":1,"TimeCreated":"2024-10-10T22:05:27.0858515-07:00","RecordId":171195,"MachineName":"Win10","EventData":{"RuleName":"-","UtcTime":"2024-10-11 05:05:27.082","ProcessGuid":"{53968da7-b217-6708-8f00-00000000fb00}","ProcessId":"6212","Image":"C:\\Program Files\\Opera\\113.0.5230.142\\opera_crashreporter.exe","FileVersion":"113.0.5230.142","Description":"Opera crash-reporter","Product":"Opera crash-reporter","Company":"Opera Software","OriginalFileName":"-","CommandLine":"\"C:\\Program Files\\Opera\\113.0.5230.142\\opera_crashreporter.exe\" --type=crashpad-handler /prefetch:4 --monitor-self-annotation=ptype=crashpad-handler \"--database=C:\\Users\\richard\\AppData\\Roaming\\Opera Software\\Opera Stable\\Crash Reports\" \"--crash-count-file=C:\\Users\\richard\\AppData\\Roaming\\Opera Software\\Opera Stable\\crash_count.txt\" --url=https://crashstats-collector-2.opera.com/ --annotation=channel=Stable --annotation=plat=Win64 --annotation=prod=OperaDesktop --annotation=ver=113.0.5230.142 --initial-client-data=0x2b8,0x2bc,0x2c0,0x2b4,0x2c4,0x7ff8d8805488,0x7ff8d8805498,0x7ff8d88054a8","CurrentDirectory":"C:\\Program Files\\Opera\\113.0.5230.142\\","User":"WIN10\\richard","LogonGuid":"{53968da7-b202-6708-c295-020000000000}","LogonId":"0x295c2","TerminalSessionId":"1","IntegrityLevel":"Medium","Hashes":"MD5=4F9D3932D963B563C4D2D35E475C9C9E,SHA256=37BE71282CF0431667CE558795B5834F674134A00BE65177342D484203060970,IMPHASH=056FB95F36D8F2605C92055450336A88","ParentProcessGuid":"{53968da7-b217-6708-8e00-00000000fb00}","ParentProcessId":"5292","ParentImage":"C:\\Program Files\\Opera\\opera.exe","ParentCommandLine":"\"C:\\Program Files\\Opera\\opera.exe\" ","ParentUser":"WIN10\\richard"}}
{"LogSource":"Microsoft-Windows-Sysmon/Operational","EventId":1,"TimeCreated":"2024-10-10T22:05:27.3115976-07:00","RecordId":171196,"MachineName":"Win10","EventData":{"RuleName":"-","UtcTime":"2024-10-11 05:05:27.303","ProcessGuid":"{53968da7-b217-6708-9000-00000000fb00}","ProcessId":"3768","Image":"C:\\Program Files\\Opera\\opera.exe","FileVersion":"113.0.5230.142","Description":"Opera Internet Browser","Product":"Opera Internet Browser","Company":"Opera Software","OriginalFileName":"-","CommandLine":"\"C:\\Program Files\\Opera\\opera.exe\" --type=gpu-process --start-stack-profiler --with-feature:address-bar-dropdown-autocompleted-domains=off --with-feature:address-bar-dropdown-cities=on --with-feature:address-bar-keywords-monetization=on --with-feature:amazon-new-ids=on --with-feature:amp-requests-stats=on --with-feature:aria-command-line-in-extension=on --with-feature:aria-command-line-react=on --with-feature:capital-one-cashback-protection=on --with-feature:cashback-assistant=off --with-feature:continue-on-booking=on --with-feature:continue-on-shopping-via-amp=off --with-feature:continue-shopping=on --with-feature:continue-shopping-2=on --with-feature:continue-shopping-5=on --with-feature:continue-shopping-structured-partners=on --with-feature:feature-remote-disable-updates-testing-flag=off --with-feature:feature-remote-updates-testing-flag=on --with-feature:lucid-mode-hide-text=on --with-feature:native-crypto-wallet=on --with-feature:opera-startpage-special=on --with-feature:password-generator=off --with-feature:sd-suggestions-external=on --with-feature:session-restore-attribution=on --with-feature:sitecheck-age=on --with-feature:specific-keywords=on --with-feature:startpage-content-phase-1=off --with-feature:startpage-opening-animation=off --with-feature:startpage-sync-banner-ref=on --with-feature:installer-experiment-test=off --with-feature:installer-bypass-launcher=on --gpu-preferences=WAAAAAAAAADgAAAMAAAAAAAAAAAAAAAAAABgAAEAAAA4AAAAAAAAAAAAAAAEAAAAAAAAAAAAAAAAAAAAAAAAAAAAAAAAAAAAGAAAAAAAAAAYAAAAAAAAAAgAAAAAAAAACAAAAAAAAAAIAAAAAAAAAA== --field-trial-handle=1868,i,336352263411213086,7753158056796434756,262144 --disable-features=CertificateTransparencyAskBeforeEnabling --variations-seed-version --mojo-platform-channel-handle=1864 /prefetch:2","CurrentDirectory":"C:\\Program Files\\Opera\\113.0.5230.142\\","User":"WIN10\\richard","LogonGuid":"{53968da7-b202-6708-c295-020000000000}","LogonId":"0x295c2","TerminalSessionId":"1","IntegrityLevel":"Low","Hashes":"MD5=00886BEAC3A9EF1E6E0A4416B5D36364,SHA256=D821A30BA3F5444832E88FEBC920CFD4409C513920DD0072258E2AFEF426DBBB,IMPHASH=8D46F7C0404DD8927121BE5BD79354F5","ParentProcessGuid":"{53968da7-b217-6708-8e00-00000000fb00}","ParentProcessId":"5292","ParentImage":"C:\\Program Files\\Opera\\opera.exe","ParentCommandLine":"\"C:\\Program Files\\Opera\\opera.exe\" ","ParentUser":"WIN10\\richard"}}
{"LogSource":"Microsoft-Windows-Sysmon/Operational","EventId":1,"TimeCreated":"2024-10-10T22:05:27.3149245-07:00","RecordId":171197,"MachineName":"Win10","EventData":{"RuleName":"-","UtcTime":"2024-10-11 05:05:27.311","ProcessGuid":"{53968da7-b217-6708-9100-00000000fb00}","ProcessId":"3764","Image":"C:\\Program Files\\Opera\\opera.exe","FileVersion":"113.0.5230.142","Description":"Opera Internet Browser","Product":"Opera Internet Browser","Company":"Opera Software","OriginalFileName":"-","CommandLine":"\"C:\\Program Files\\Opera\\opera.exe\" --type=utility --utility-sub-type=network.mojom.NetworkService --lang=en-US --service-sandbox-type=none --enable-quic --start-stack-profiler --with-feature:address-bar-dropdown-autocompleted-domains=off --with-feature:address-bar-dropdown-cities=on --with-feature:address-bar-keywords-monetization=on --with-feature:amazon-new-ids=on --with-feature:amp-requests-stats=on --with-feature:aria-command-line-in-extension=on --with-feature:aria-command-line-react=on --with-feature:capital-one-cashback-protection=on --with-feature:cashback-assistant=off --with-feature:continue-on-booking=on --with-feature:continue-on-shopping-via-amp=off --with-feature:continue-shopping=on --with-feature:continue-shopping-2=on --with-feature:continue-shopping-5=on --with-feature:continue-shopping-structured-partners=on --with-feature:feature-remote-disable-updates-testing-flag=off --with-feature:feature-remote-updates-testing-flag=on --with-feature:lucid-mode-hide-text=on --with-feature:native-crypto-wallet=on --with-feature:opera-startpage-special=on --with-feature:password-generator=off --with-feature:sd-suggestions-external=on --with-feature:session-restore-attribution=on --with-feature:sitecheck-age=on --with-feature:specific-keywords=on --with-feature:startpage-content-phase-1=off --with-feature:startpage-opening-animation=off --with-feature:startpage-sync-banner-ref=on --with-feature:installer-experiment-test=off --with-feature:installer-bypass-launcher=on --field-trial-handle=1960,i,336352263411213086,7753158056796434756,262144 --disable-features=CertificateTransparencyAskBeforeEnabling --variations-seed-version --mojo-platform-channel-handle=2216 /prefetch:3","CurrentDirectory":"C:\\Program Files\\Opera\\113.0.5230.142\\","User":"WIN10\\richard","LogonGuid":"{53968da7-b202-6708-c295-020000000000}","LogonId":"0x295c2","TerminalSessionId":"1","IntegrityLevel":"Medium","Hashes":"MD5=00886BEAC3A9EF1E6E0A4416B5D36364,SHA256=D821A30BA3F5444832E88FEBC920CFD4409C513920DD0072258E2AFEF426DBBB,IMPHASH=8D46F7C0404DD8927121BE5BD79354F5","ParentProcessGuid":"{53968da7-b217-6708-8e00-00000000fb00}","ParentProcessId":"5292","ParentImage":"C:\\Program Files\\Opera\\opera.exe","ParentCommandLine":"\"C:\\Program Files\\Opera\\opera.exe\" ","ParentUser":"WIN10\\richard"}}
{"LogSource":"Microsoft-Windows-Sysmon/Operational","EventId":1,"TimeCreated":"2024-10-10T22:05:27.6697263-07:00","RecordId":171198,"MachineName":"Win10","EventData":{"RuleName":"-","UtcTime":"2024-10-11 05:05:27.641","ProcessGuid":"{53968da7-b217-6708-9200-00000000fb00}","ProcessId":"6776","Image":"C:\\Program Files\\Opera\\opera.exe","FileVersion":"113.0.5230.142","Description":"Opera Internet Browser","Product":"Opera Internet Browser","Company":"Opera Software","OriginalFileName":"-","CommandLine":"\"C:\\Program Files\\Opera\\opera.exe\" --type=utility --utility-sub-type=storage.mojom.StorageService --lang=en-US --service-sandbox-type=service --enable-quic --with-feature:address-bar-dropdown-autocompleted-domains=off --with-feature:address-bar-dropdown-cities=on --with-feature:address-bar-keywords-monetization=on --with-feature:amazon-new-ids=on --with-feature:amp-requests-stats=on --with-feature:aria-command-line-in-extension=on --with-feature:aria-command-line-react=on --with-feature:capital-one-cashback-protection=on --with-feature:cashback-assistant=off --with-feature:continue-on-booking=on --with-feature:continue-on-shopping-via-amp=off --with-feature:continue-shopping=on --with-feature:continue-shopping-2=on --with-feature:continue-shopping-5=on --with-feature:continue-shopping-structured-partners=on --with-feature:feature-remote-disable-updates-testing-flag=off --with-feature:feature-remote-updates-testing-flag=on --with-feature:lucid-mode-hide-text=on --with-feature:native-crypto-wallet=on --with-feature:opera-startpage-special=on --with-feature:password-generator=off --with-feature:sd-suggestions-external=on --with-feature:session-restore-attribution=on --with-feature:sitecheck-age=on --with-feature:specific-keywords=on --with-feature:startpage-content-phase-1=off --with-feature:startpage-opening-animation=off --with-feature:startpage-sync-banner-ref=on --with-feature:installer-experiment-test=off --with-feature:installer-bypass-launcher=on --field-trial-handle=2380,i,336352263411213086,7753158056796434756,262144 --disable-features=CertificateTransparencyAskBeforeEnabling --variations-seed-version --mojo-platform-channel-handle=2404 /prefetch:8","CurrentDirectory":"C:\\Program Files\\Opera\\113.0.5230.142\\","User":"WIN10\\richard","LogonGuid":"{53968da7-b202-6708-c295-020000000000}","LogonId":"0x295c2","TerminalSessionId":"1","IntegrityLevel":"Low","Hashes":"MD5=00886BEAC3A9EF1E6E0A4416B5D36364,SHA256=D821A30BA3F5444832E88FEBC920CFD4409C513920DD0072258E2AFEF426DBBB,IMPHASH=8D46F7C0404DD8927121BE5BD79354F5","ParentProcessGuid":"{53968da7-b217-6708-8e00-00000000fb00}","ParentProcessId":"5292","ParentImage":"C:\\Program Files\\Opera\\opera.exe","ParentCommandLine":"\"C:\\Program Files\\Opera\\opera.exe\" ","ParentUser":"WIN10\\richard"}}
{"LogSource":"Microsoft-Windows-Sysmon/Operational","EventId":13,"TimeCreated":"2024-10-10T22:05:28.3899953-07:00","RecordId":171199,"MachineName":"Win10","EventData":{"RuleName":"T1060,RunKey","EventType":"SetValue","UtcTime":"2024-10-11 05:05:28.379","ProcessGuid":"{53968da7-b217-6708-8e00-00000000fb00}","ProcessId":"5292","Image":"C:\\Program Files\\Opera\\opera.exe","TargetObject":"HKU\\S-1-5-21-1640021752-2483449048-379504065-1000\\SOFTWARE\\Microsoft\\Windows\\CurrentVersion\\Run\\Opera Stable","Details":"C:\\Program Files\\Opera\\opera.exe","User":"WIN10\\richard"}}
{"LogSource":"Microsoft-Windows-Sysmon/Operational","EventId":1,"TimeCreated":"2024-10-10T22:05:28.6115443-07:00","RecordId":171200,"MachineName":"Win10","EventData":{"RuleName":"-","UtcTime":"2024-10-11 05:05:28.587","ProcessGuid":"{53968da7-b218-6708-9300-00000000fb00}","ProcessId":"6916","Image":"C:\\Program Files\\Opera\\opera.exe","FileVersion":"113.0.5230.142","Description":"Opera Internet Browser","Product":"Opera Internet Browser","Company":"Opera Software","OriginalFileName":"-","CommandLine":"\"C:\\Program Files\\Opera\\opera.exe\" --type=renderer --extension-process --with-feature:address-bar-dropdown-autocompleted-domains=off --with-feature:address-bar-dropdown-cities=on --with-feature:address-bar-keywords-monetization=on --with-feature:amazon-new-ids=on --with-feature:amp-requests-stats=on --with-feature:aria-command-line-in-extension=on --with-feature:aria-command-line-react=on --with-feature:capital-one-cashback-protection=on --with-feature:cashback-assistant=off --with-feature:continue-on-booking=on --with-feature:continue-on-shopping-via-amp=off --with-feature:continue-shopping=on --with-feature:continue-shopping-2=on --with-feature:continue-shopping-5=on --with-feature:continue-shopping-structured-partners=on --with-feature:feature-remote-disable-updates-testing-flag=off --with-feature:feature-remote-updates-testing-flag=on --with-feature:lucid-mode-hide-text=on --with-feature:native-crypto-wallet=on --with-feature:opera-startpage-special=on --with-feature:password-generator=off --with-feature:sd-suggestions-external=on --with-feature:session-restore-attribution=on --with-feature:sitecheck-age=on --with-feature:specific-keywords=on --with-feature:startpage-content-phase-1=off --with-feature:startpage-opening-animation=off --with-feature:startpage-sync-banner-ref=on --with-feature:installer-experiment-test=off --with-feature:installer-bypass-launcher=on --video-capture-use-gpu-memory-buffer --lang=en-US --device-scale-factor=1 --num-raster-threads=2 --enable-main-frame-before-activation --renderer-client-id=5 --time-ticks-at-unix-epoch=-1728623104277356 --launch-time-ticks=24089688 --field-trial-handle=3620,i,336352263411213086,7753158056796434756,262144 --disable-features=CertificateTransparencyAskBeforeEnabling --variations-seed-version --mojo-platform-channel-handle=3644 /prefetch:2","CurrentDirectory":"C:\\Program Files\\Opera\\113.0.5230.142\\","User":"WIN10\\richard","LogonGuid":"{53968da7-b202-6708-c295-020000000000}","LogonId":"0x295c2","TerminalSessionId":"1","IntegrityLevel":"Low","Hashes":"MD5=00886BEAC3A9EF1E6E0A4416B5D36364,SHA256=D821A30BA3F5444832E88FEBC920CFD4409C513920DD0072258E2AFEF426DBBB,IMPHASH=8D46F7C0404DD8927121BE5BD79354F5","ParentProcessGuid":"{53968da7-b217-6708-8e00-00000000fb00}","ParentProcessId":"5292","ParentImage":"C:\\Program Files\\Opera\\opera.exe","ParentCommandLine":"\"C:\\Program Files\\Opera\\opera.exe\" ","ParentUser":"WIN10\\richard"}}
{"LogSource":"Microsoft-Windows-Sysmon/Operational","EventId":1,"TimeCreated":"2024-10-10T22:05:28.7036317-07:00","RecordId":171201,"MachineName":"Win10","EventData":{"RuleName":"-","UtcTime":"2024-10-11 05:05:28.698","ProcessGuid":"{53968da7-b218-6708-9400-00000000fb00}","ProcessId":"6952","Image":"C:\\Program Files\\Opera\\opera.exe","FileVersion":"113.0.5230.142","Description":"Opera Internet Browser","Product":"Opera Internet Browser","Company":"Opera Software","OriginalFileName":"-","CommandLine":"\"C:\\Program Files\\Opera\\opera.exe\" --type=renderer --extension-process --with-feature:address-bar-dropdown-autocompleted-domains=off --with-feature:address-bar-dropdown-cities=on --with-feature:address-bar-keywords-monetization=on --with-feature:amazon-new-ids=on --with-feature:amp-requests-stats=on --with-feature:aria-command-line-in-extension=on --with-feature:aria-command-line-react=on --with-feature:capital-one-cashback-protection=on --with-feature:cashback-assistant=off --with-feature:continue-on-booking=on --with-feature:continue-on-shopping-via-amp=off --with-feature:continue-shopping=on --with-feature:continue-shopping-2=on --with-feature:continue-shopping-5=on --with-feature:continue-shopping-structured-partners=on --with-feature:feature-remote-disable-updates-testing-flag=off --with-feature:feature-remote-updates-testing-flag=on --with-feature:lucid-mode-hide-text=on --with-feature:native-crypto-wallet=on --with-feature:opera-startpage-special=on --with-feature:password-generator=off --with-feature:sd-suggestions-external=on --with-feature:session-restore-attribution=on --with-feature:sitecheck-age=on --with-feature:specific-keywords=on --with-feature:startpage-content-phase-1=off --with-feature:startpage-opening-animation=off --with-feature:startpage-sync-banner-ref=on --with-feature:installer-experiment-test=off --with-feature:installer-bypass-launcher=on --video-capture-use-gpu-memory-buffer --lang=en-US --device-scale-factor=1 --num-raster-threads=2 --enable-main-frame-before-activation --renderer-client-id=6 --time-ticks-at-unix-epoch=-1728623104277356 --launch-time-ticks=24191579 --field-trial-handle=3880,i,336352263411213086,7753158056796434756,262144 --disable-features=CertificateTransparencyAskBeforeEnabling --variations-seed-version --mojo-platform-channel-handle=3892 /prefetch:2","CurrentDirectory":"C:\\Program Files\\Opera\\113.0.5230.142\\","User":"WIN10\\richard","LogonGuid":"{53968da7-b202-6708-c295-020000000000}","LogonId":"0x295c2","TerminalSessionId":"1","IntegrityLevel":"Low","Hashes":"MD5=00886BEAC3A9EF1E6E0A4416B5D36364,SHA256=D821A30BA3F5444832E88FEBC920CFD4409C513920DD0072258E2AFEF426DBBB,IMPHASH=8D46F7C0404DD8927121BE5BD79354F5","ParentProcessGuid":"{53968da7-b217-6708-8e00-00000000fb00}","ParentProcessId":"5292","ParentImage":"C:\\Program Files\\Opera\\opera.exe","ParentCommandLine":"\"C:\\Program Files\\Opera\\opera.exe\" ","ParentUser":"WIN10\\richard"}}
